Loading data from /mnt/storage/scratch/ee20947/MagnaTagATune/annotations/train.pkl...
Loading data from /mnt/storage/scratch/ee20947/MagnaTagATune/annotations/train.pkl...
Loading data from /mnt/storage/scratch/ee20947/MagnaTagATune/annotations/val.pkl...
Loading data from /mnt/storage/scratch/ee20947/MagnaTagATune/annotations/test.pkl...
Writing logs to logs/CNN_sgd_momentum=0.91_learning_rate=0.21_conv_length=256_conv_stride=256_batch_size=10_epochs=30_weight_decay=1e-05_run_0
epoch: [0], step: [99/1543], batch loss: 0.22797, batch accuracy: 66.00, data load time: 0.16666, step time: 0.03879
epoch: [0], step: [199/1543], batch loss: 0.19385, batch accuracy: 51.49, data load time: 0.22573, step time: 0.03066
epoch: [0], step: [299/1543], batch loss: 0.21979, batch accuracy: 69.93, data load time: 0.12592, step time: 0.03659
epoch: [0], step: [399/1543], batch loss: 0.18158, batch accuracy: 60.75, data load time: 0.17386, step time: 0.03391
epoch: [0], step: [499/1543], batch loss: 0.23926, batch accuracy: 73.67, data load time: 0.21544, step time: 0.03741
epoch: [0], step: [599/1543], batch loss: 0.16374, batch accuracy: 69.06, data load time: 0.17284, step time: 0.03023
epoch: [0], step: [699/1543], batch loss: 0.16952, batch accuracy: 71.95, data load time: 0.12115, step time: 0.03160
epoch: [0], step: [799/1543], batch loss: 0.21933, batch accuracy: 70.71, data load time: 0.16578, step time: 0.03544
epoch: [0], step: [899/1543], batch loss: 0.18864, batch accuracy: 75.22, data load time: 0.10844, step time: 0.03428
epoch: [0], step: [999/1543], batch loss: 0.14425, batch accuracy: 70.55, data load time: 0.17653, step time: 0.03090
epoch: [0], step: [1099/1543], batch loss: 0.22720, batch accuracy: 80.25, data load time: 0.11620, step time: 0.03446
epoch: [0], step: [1199/1543], batch loss: 0.23697, batch accuracy: 64.28, data load time: 0.14670, step time: 0.03893
epoch: [0], step: [1299/1543], batch loss: 0.26226, batch accuracy: 78.45, data load time: 0.08052, step time: 0.03971
epoch: [0], step: [1399/1543], batch loss: 0.22067, batch accuracy: 62.88, data load time: 0.17137, step time: 0.03311
epoch: [0], step: [1499/1543], batch loss: 0.16820, batch accuracy: 71.57, data load time: 0.14970, step time: 0.03162
epoch: [1], step: [56/1543], batch loss: 0.19752, batch accuracy: 67.71, data load time: 0.14744, step time: 0.03245
epoch: [1], step: [156/1543], batch loss: 0.17928, batch accuracy: 84.00, data load time: 0.10176, step time: 0.03619
epoch: [1], step: [256/1543], batch loss: 0.20005, batch accuracy: 76.49, data load time: 0.09593, step time: 0.03767
epoch: [1], step: [356/1543], batch loss: 0.17571, batch accuracy: 75.09, data load time: 0.10922, step time: 0.03479
epoch: [1], step: [456/1543], batch loss: 0.21728, batch accuracy: 72.61, data load time: 0.11097, step time: 0.04020
epoch: [1], step: [556/1543], batch loss: 0.17108, batch accuracy: 78.45, data load time: 0.15052, step time: 0.03618
epoch: [1], step: [656/1543], batch loss: 0.18003, batch accuracy: 70.41, data load time: 0.10392, step time: 0.03167
epoch: [1], step: [756/1543], batch loss: 0.15284, batch accuracy: 83.44, data load time: 0.20568, step time: 0.03468
epoch: [1], step: [856/1543], batch loss: 0.18020, batch accuracy: 84.11, data load time: 0.13647, step time: 0.03472
epoch: [1], step: [956/1543], batch loss: 0.17966, batch accuracy: 69.08, data load time: 0.16885, step time: 0.03170
epoch: [1], step: [1056/1543], batch loss: 0.21113, batch accuracy: 76.08, data load time: 0.19011, step time: 0.03901
epoch: [1], step: [1156/1543], batch loss: 0.23756, batch accuracy: 57.60, data load time: 0.15797, step time: 0.03747
epoch: [1], step: [1256/1543], batch loss: 0.21617, batch accuracy: 75.16, data load time: 0.16888, step time: 0.03460
epoch: [1], step: [1356/1543], batch loss: 0.17565, batch accuracy: 80.70, data load time: 0.11512, step time: 0.03243
epoch: [1], step: [1456/1543], batch loss: 0.20880, batch accuracy: 74.35, data load time: 0.13125, step time: 0.04027
epoch: [2], step: [13/1543], batch loss: 0.21775, batch accuracy: 70.07, data load time: 0.11764, step time: 0.03571
epoch: [2], step: [113/1543], batch loss: 0.17102, batch accuracy: 73.97, data load time: 0.13024, step time: 0.03241
epoch: [2], step: [213/1543], batch loss: 0.15136, batch accuracy: 81.60, data load time: 0.15882, step time: 0.03317
epoch: [2], step: [313/1543], batch loss: 0.16378, batch accuracy: 79.31, data load time: 0.18967, step time: 0.02816
epoch: [2], step: [413/1543], batch loss: 0.15550, batch accuracy: 77.53, data load time: 0.11601, step time: 0.03232
epoch: [2], step: [513/1543], batch loss: 0.15914, batch accuracy: 78.58, data load time: 0.17320, step time: 0.03015
epoch: [2], step: [613/1543], batch loss: 0.17609, batch accuracy: 83.23, data load time: 0.20416, step time: 0.03538
epoch: [2], step: [713/1543], batch loss: 0.21338, batch accuracy: 86.19, data load time: 0.14981, step time: 0.03982
epoch: [2], step: [813/1543], batch loss: 0.21725, batch accuracy: 73.76, data load time: 0.16464, step time: 0.03540
epoch: [2], step: [913/1543], batch loss: 0.19289, batch accuracy: 72.91, data load time: 0.20048, step time: 0.03236
epoch: [2], step: [1013/1543], batch loss: 0.13115, batch accuracy: 85.28, data load time: 0.16771, step time: 0.02808
epoch: [2], step: [1113/1543], batch loss: 0.17632, batch accuracy: 83.20, data load time: 0.14471, step time: 0.03576
epoch: [2], step: [1213/1543], batch loss: 0.16726, batch accuracy: 81.15, data load time: 0.13819, step time: 0.03617
epoch: [2], step: [1313/1543], batch loss: 0.26493, batch accuracy: 73.34, data load time: 0.18433, step time: 0.03890
epoch: [2], step: [1413/1543], batch loss: 0.21185, batch accuracy: 60.16, data load time: 0.10050, step time: 0.03099
epoch: [2], step: [1513/1543], batch loss: 0.16931, batch accuracy: 78.32, data load time: 0.21789, step time: 0.03383
epoch: [3], step: [70/1543], batch loss: 0.22513, batch accuracy: 80.93, data load time: 0.20228, step time: 0.04251
epoch: [3], step: [170/1543], batch loss: 0.14131, batch accuracy: 89.94, data load time: 0.07017, step time: 0.03316
epoch: [3], step: [270/1543], batch loss: 0.18904, batch accuracy: 74.06, data load time: 0.13385, step time: 0.03286
epoch: [3], step: [370/1543], batch loss: 0.22494, batch accuracy: 66.84, data load time: 0.15797, step time: 0.03595
epoch: [3], step: [470/1543], batch loss: 0.17474, batch accuracy: 78.81, data load time: 0.09062, step time: 0.03428
epoch: [3], step: [570/1543], batch loss: 0.17583, batch accuracy: 79.45, data load time: 0.07356, step time: 0.03460
epoch: [3], step: [670/1543], batch loss: 0.19649, batch accuracy: 77.74, data load time: 0.13193, step time: 0.03241
epoch: [3], step: [770/1543], batch loss: 0.13097, batch accuracy: 88.97, data load time: 0.14021, step time: 0.03181
epoch: [3], step: [870/1543], batch loss: 0.18946, batch accuracy: 74.78, data load time: 0.18108, step time: 0.03006
epoch: [3], step: [970/1543], batch loss: 0.17491, batch accuracy: 87.23, data load time: 0.13144, step time: 0.03470
epoch: [3], step: [1070/1543], batch loss: 0.19279, batch accuracy: 85.97, data load time: 0.19010, step time: 0.03727
epoch: [3], step: [1170/1543], batch loss: 0.16854, batch accuracy: 79.97, data load time: 0.12202, step time: 0.03535
epoch: [3], step: [1270/1543], batch loss: 0.16256, batch accuracy: 84.89, data load time: 0.15076, step time: 0.03248
epoch: [3], step: [1370/1543], batch loss: 0.16921, batch accuracy: 88.89, data load time: 0.17399, step time: 0.04194
epoch: [3], step: [1470/1543], batch loss: 0.17112, batch accuracy: 78.42, data load time: 0.08575, step time: 0.03016
epoch: [4], step: [27/1543], batch loss: 0.18146, batch accuracy: 66.00, data load time: 0.12374, step time: 0.03216
epoch: [4], step: [127/1543], batch loss: 0.14645, batch accuracy: 88.33, data load time: 0.15084, step time: 0.03395
epoch: [4], step: [227/1543], batch loss: 0.17889, batch accuracy: 89.81, data load time: 0.08926, step time: 0.03688
epoch: [4], step: [327/1543], batch loss: 0.15328, batch accuracy: 85.87, data load time: 0.13565, step time: 0.03329
epoch: [4], step: [427/1543], batch loss: 0.14029, batch accuracy: 89.34, data load time: 0.18403, step time: 0.03105
epoch: [4], step: [527/1543], batch loss: 0.15850, batch accuracy: 80.40, data load time: 0.13799, step time: 0.03391
epoch: [4], step: [627/1543], batch loss: 0.19332, batch accuracy: 81.48, data load time: 0.11172, step time: 0.03469
epoch: [4], step: [727/1543], batch loss: 0.14800, batch accuracy: 77.20, data load time: 0.16211, step time: 0.03194
epoch: [4], step: [827/1543], batch loss: 0.16106, batch accuracy: 85.33, data load time: 0.13342, step time: 0.03623
epoch: [4], step: [927/1543], batch loss: 0.18329, batch accuracy: 82.64, data load time: 0.14948, step time: 0.03585
epoch: [4], step: [1027/1543], batch loss: 0.20244, batch accuracy: 82.00, data load time: 0.11410, step time: 0.04396
epoch: [4], step: [1127/1543], batch loss: 0.27825, batch accuracy: 78.51, data load time: 0.17727, step time: 0.04389
epoch: [4], step: [1227/1543], batch loss: 0.16631, batch accuracy: 82.16, data load time: 0.18677, step time: 0.03299
epoch: [4], step: [1327/1543], batch loss: 0.14717, batch accuracy: 76.18, data load time: 0.15815, step time: 0.03121
epoch: [4], step: [1427/1543], batch loss: 0.20112, batch accuracy: 83.59, data load time: 0.12678, step time: 0.03687
epoch: [4], step: [1527/1543], batch loss: 0.15763, batch accuracy: 82.68, data load time: 0.18498, step time: 0.03549
EVALUATION METRICS:
-------------------------------------------------------------

Validation: AUC Score: 0.8076

-------------------------------------------------------------
validation loss: 0.17860, accuracy: 80.76
epoch: [5], step: [84/1543], batch loss: 0.13417, batch accuracy: 83.98, data load time: 0.10619, step time: 0.03022
epoch: [5], step: [184/1543], batch loss: 0.17596, batch accuracy: 85.27, data load time: 0.10210, step time: 0.03244
epoch: [5], step: [284/1543], batch loss: 0.18090, batch accuracy: 89.64, data load time: 0.12868, step time: 0.03685
epoch: [5], step: [384/1543], batch loss: 0.16478, batch accuracy: 81.58, data load time: 0.19738, step time: 0.03396
epoch: [5], step: [484/1543], batch loss: 0.21553, batch accuracy: 82.42, data load time: 0.14917, step time: 0.03518
epoch: [5], step: [584/1543], batch loss: 0.22072, batch accuracy: 75.28, data load time: 0.22179, step time: 0.03638
epoch: [5], step: [684/1543], batch loss: 0.13901, batch accuracy: 85.38, data load time: 0.08157, step time: 0.02949
epoch: [5], step: [784/1543], batch loss: 0.20469, batch accuracy: 80.68, data load time: 0.14640, step time: 0.03817
epoch: [5], step: [884/1543], batch loss: 0.17155, batch accuracy: 74.56, data load time: 0.08928, step time: 0.03241
epoch: [5], step: [984/1543], batch loss: 0.14398, batch accuracy: 87.01, data load time: 0.07863, step time: 0.03320
epoch: [5], step: [1084/1543], batch loss: 0.14819, batch accuracy: 77.37, data load time: 0.12775, step time: 0.03113
epoch: [5], step: [1184/1543], batch loss: 0.12716, batch accuracy: 92.31, data load time: 0.13314, step time: 0.03464
epoch: [5], step: [1284/1543], batch loss: 0.21299, batch accuracy: 78.13, data load time: 0.18198, step time: 0.03470
epoch: [5], step: [1384/1543], batch loss: 0.13133, batch accuracy: 89.54, data load time: 0.09794, step time: 0.03019
epoch: [5], step: [1484/1543], batch loss: 0.16636, batch accuracy: 84.29, data load time: 0.12025, step time: 0.04414
epoch: [6], step: [41/1543], batch loss: 0.18700, batch accuracy: 75.65, data load time: 0.10397, step time: 0.03528
epoch: [6], step: [141/1543], batch loss: 0.17789, batch accuracy: 85.98, data load time: 0.08699, step time: 0.03913
epoch: [6], step: [241/1543], batch loss: 0.16186, batch accuracy: 85.80, data load time: 0.07349, step time: 0.03243
epoch: [6], step: [341/1543], batch loss: 0.18424, batch accuracy: 77.23, data load time: 0.13007, step time: 0.03073
epoch: [6], step: [441/1543], batch loss: 0.21514, batch accuracy: 77.27, data load time: 0.15451, step time: 0.03821
epoch: [6], step: [541/1543], batch loss: 0.17864, batch accuracy: 84.10, data load time: 0.13076, step time: 0.03470
epoch: [6], step: [641/1543], batch loss: 0.12943, batch accuracy: 92.13, data load time: 0.07278, step time: 0.03249
epoch: [6], step: [741/1543], batch loss: 0.17908, batch accuracy: 83.90, data load time: 0.14388, step time: 0.03230
epoch: [6], step: [841/1543], batch loss: 0.13493, batch accuracy: 87.82, data load time: 0.10038, step time: 0.03108
epoch: [6], step: [941/1543], batch loss: 0.19395, batch accuracy: 82.91, data load time: 0.12329, step time: 0.03737
epoch: [6], step: [1041/1543], batch loss: 0.19952, batch accuracy: 74.82, data load time: 0.10795, step time: 0.03384
epoch: [6], step: [1141/1543], batch loss: 0.12667, batch accuracy: 84.41, data load time: 0.13253, step time: 0.03455
epoch: [6], step: [1241/1543], batch loss: 0.17785, batch accuracy: 87.16, data load time: 0.09642, step time: 0.03998
epoch: [6], step: [1341/1543], batch loss: 0.14358, batch accuracy: 79.20, data load time: 0.09438, step time: 0.03320
epoch: [6], step: [1441/1543], batch loss: 0.14007, batch accuracy: 89.44, data load time: 0.07831, step time: 0.03324
epoch: [6], step: [1541/1543], batch loss: 0.23176, batch accuracy: 71.23, data load time: 0.14367, step time: 0.03911
epoch: [7], step: [98/1543], batch loss: 0.20952, batch accuracy: 82.37, data load time: 0.17738, step time: 0.03879
epoch: [7], step: [198/1543], batch loss: 0.15639, batch accuracy: 89.43, data load time: 0.15187, step time: 0.03729
epoch: [7], step: [298/1543], batch loss: 0.13133, batch accuracy: 86.86, data load time: 0.15837, step time: 0.03246
epoch: [7], step: [398/1543], batch loss: 0.14774, batch accuracy: 89.60, data load time: 0.10527, step time: 0.03103
epoch: [7], step: [498/1543], batch loss: 0.18737, batch accuracy: 86.11, data load time: 0.17229, step time: 0.03300
epoch: [7], step: [598/1543], batch loss: 0.17115, batch accuracy: 86.20, data load time: 0.09188, step time: 0.03926
epoch: [7], step: [698/1543], batch loss: 0.20365, batch accuracy: 74.84, data load time: 0.18719, step time: 0.03452
epoch: [7], step: [798/1543], batch loss: 0.17612, batch accuracy: 87.33, data load time: 0.10367, step time: 0.03540
epoch: [7], step: [898/1543], batch loss: 0.16574, batch accuracy: 78.34, data load time: 0.06562, step time: 0.03326
epoch: [7], step: [998/1543], batch loss: 0.17858, batch accuracy: 82.76, data load time: 0.12246, step time: 0.03538
epoch: [7], step: [1098/1543], batch loss: 0.16965, batch accuracy: 92.27, data load time: 0.14153, step time: 0.03678
epoch: [7], step: [1198/1543], batch loss: 0.20994, batch accuracy: 73.47, data load time: 0.10916, step time: 0.03975
epoch: [7], step: [1298/1543], batch loss: 0.20129, batch accuracy: 70.53, data load time: 0.08327, step time: 0.03307
epoch: [7], step: [1398/1543], batch loss: 0.16100, batch accuracy: 85.12, data load time: 0.15824, step time: 0.03515
epoch: [7], step: [1498/1543], batch loss: 0.13832, batch accuracy: 89.96, data load time: 0.12915, step time: 0.03399
epoch: [8], step: [55/1543], batch loss: 0.15970, batch accuracy: 86.95, data load time: 0.06626, step time: 0.03842
epoch: [8], step: [155/1543], batch loss: 0.16730, batch accuracy: 87.09, data load time: 0.13109, step time: 0.03616
epoch: [8], step: [255/1543], batch loss: 0.14389, batch accuracy: 84.09, data load time: 0.08107, step time: 0.03489
epoch: [8], step: [355/1543], batch loss: 0.12743, batch accuracy: 93.98, data load time: 0.13102, step time: 0.03114
epoch: [8], step: [455/1543], batch loss: 0.17271, batch accuracy: 88.52, data load time: 0.27213, step time: 0.03712
epoch: [8], step: [555/1543], batch loss: 0.15333, batch accuracy: 79.60, data load time: 0.07890, step time: 0.03316
epoch: [8], step: [655/1543], batch loss: 0.16530, batch accuracy: 82.68, data load time: 0.10587, step time: 0.03154
epoch: [8], step: [755/1543], batch loss: 0.23344, batch accuracy: 74.31, data load time: 0.16622, step time: 0.03604
epoch: [8], step: [855/1543], batch loss: 0.13458, batch accuracy: 90.26, data load time: 0.07150, step time: 0.03258
epoch: [8], step: [955/1543], batch loss: 0.17411, batch accuracy: 85.47, data load time: 0.09632, step time: 0.03600
epoch: [8], step: [1055/1543], batch loss: 0.17718, batch accuracy: 79.34, data load time: 0.13572, step time: 0.03247
epoch: [8], step: [1155/1543], batch loss: 0.15769, batch accuracy: 82.61, data load time: 0.12943, step time: 0.03316
epoch: [8], step: [1255/1543], batch loss: 0.18932, batch accuracy: 84.79, data load time: 0.11117, step time: 0.03753
epoch: [8], step: [1355/1543], batch loss: 0.22056, batch accuracy: 81.02, data load time: 0.12773, step time: 0.03876
epoch: [8], step: [1455/1543], batch loss: 0.20306, batch accuracy: 77.88, data load time: 0.09936, step time: 0.03768
Epoch 00009: reducing learning rate of group 0 to 1.0500e-02.
epoch: [9], step: [12/1543], batch loss: 0.18261, batch accuracy: 79.98, data load time: 0.09295, step time: 0.04120
epoch: [9], step: [112/1543], batch loss: 0.13709, batch accuracy: 81.07, data load time: 0.07378, step time: 0.04044
epoch: [9], step: [212/1543], batch loss: 0.20771, batch accuracy: 84.47, data load time: 0.10061, step time: 0.04173
epoch: [9], step: [312/1543], batch loss: 0.13239, batch accuracy: 89.62, data load time: 0.12257, step time: 0.03255
epoch: [9], step: [412/1543], batch loss: 0.16039, batch accuracy: 84.90, data load time: 0.10289, step time: 0.03317
epoch: [9], step: [512/1543], batch loss: 0.15563, batch accuracy: 85.01, data load time: 0.06418, step time: 0.03858
epoch: [9], step: [612/1543], batch loss: 0.14406, batch accuracy: 89.17, data load time: 0.10531, step time: 0.03404
epoch: [9], step: [712/1543], batch loss: 0.17952, batch accuracy: 84.90, data load time: 0.10465, step time: 0.04013
epoch: [9], step: [812/1543], batch loss: 0.15752, batch accuracy: 80.50, data load time: 0.13440, step time: 0.03169
epoch: [9], step: [912/1543], batch loss: 0.22579, batch accuracy: 85.78, data load time: 0.14751, step time: 0.03816
epoch: [9], step: [1012/1543], batch loss: 0.17658, batch accuracy: 88.61, data load time: 0.08326, step time: 0.03769
epoch: [9], step: [1112/1543], batch loss: 0.16975, batch accuracy: 74.12, data load time: 0.09362, step time: 0.03179
epoch: [9], step: [1212/1543], batch loss: 0.16009, batch accuracy: 82.94, data load time: 0.15213, step time: 0.03800
epoch: [9], step: [1312/1543], batch loss: 0.17075, batch accuracy: 89.28, data load time: 0.12144, step time: 0.03830
epoch: [9], step: [1412/1543], batch loss: 0.18715, batch accuracy: 88.29, data load time: 0.17567, step time: 0.03674
epoch: [9], step: [1512/1543], batch loss: 0.14007, batch accuracy: 91.77, data load time: 0.24999, step time: 0.03330
EVALUATION METRICS:
-------------------------------------------------------------

Validation: AUC Score: 0.8421

-------------------------------------------------------------
validation loss: 0.15834, accuracy: 84.21
epoch: [10], step: [69/1543], batch loss: 0.17213, batch accuracy: 89.40, data load time: 0.09230, step time: 0.03675
epoch: [10], step: [169/1543], batch loss: 0.22092, batch accuracy: 79.42, data load time: 0.14810, step time: 0.04556
epoch: [10], step: [269/1543], batch loss: 0.15878, batch accuracy: 90.45, data load time: 0.15056, step time: 0.03610
epoch: [10], step: [369/1543], batch loss: 0.14321, batch accuracy: 90.77, data load time: 0.12707, step time: 0.03131
epoch: [10], step: [469/1543], batch loss: 0.14741, batch accuracy: 82.64, data load time: 0.10963, step time: 0.03830
epoch: [10], step: [569/1543], batch loss: 0.17332, batch accuracy: 83.24, data load time: 0.07683, step time: 0.03610
epoch: [10], step: [669/1543], batch loss: 0.16050, batch accuracy: 84.35, data load time: 0.07633, step time: 0.03500
epoch: [10], step: [769/1543], batch loss: 0.20462, batch accuracy: 83.09, data load time: 0.09271, step time: 0.04049
epoch: [10], step: [869/1543], batch loss: 0.17541, batch accuracy: 90.64, data load time: 0.13388, step time: 0.03618
epoch: [10], step: [969/1543], batch loss: 0.10769, batch accuracy: 96.96, data load time: 0.09825, step time: 0.03364
epoch: [10], step: [1069/1543], batch loss: 0.19521, batch accuracy: 82.07, data load time: 0.19805, step time: 0.03610
epoch: [10], step: [1169/1543], batch loss: 0.13598, batch accuracy: 86.22, data load time: 0.16682, step time: 0.03240
epoch: [10], step: [1269/1543], batch loss: 0.14950, batch accuracy: 86.77, data load time: 0.10866, step time: 0.03397
epoch: [10], step: [1369/1543], batch loss: 0.16861, batch accuracy: 88.48, data load time: 0.16231, step time: 0.03817
epoch: [10], step: [1469/1543], batch loss: 0.14344, batch accuracy: 88.51, data load time: 0.10778, step time: 0.03390
epoch: [11], step: [26/1543], batch loss: 0.12418, batch accuracy: 95.83, data load time: 0.03028, step time: 0.03091
epoch: [11], step: [126/1543], batch loss: 0.11916, batch accuracy: 87.13, data load time: 0.06337, step time: 0.03296
epoch: [11], step: [226/1543], batch loss: 0.13839, batch accuracy: 85.71, data load time: 0.14252, step time: 0.03614
epoch: [11], step: [326/1543], batch loss: 0.16393, batch accuracy: 93.22, data load time: 0.16821, step time: 0.03584
epoch: [11], step: [426/1543], batch loss: 0.19104, batch accuracy: 87.59, data load time: 0.08382, step time: 0.03612
epoch: [11], step: [526/1543], batch loss: 0.16108, batch accuracy: 83.19, data load time: 0.14132, step time: 0.03264
epoch: [11], step: [626/1543], batch loss: 0.20530, batch accuracy: 87.12, data load time: 0.12724, step time: 0.03699
epoch: [11], step: [726/1543], batch loss: 0.16525, batch accuracy: 80.85, data load time: 0.13540, step time: 0.03176
epoch: [11], step: [826/1543], batch loss: 0.15571, batch accuracy: 73.57, data load time: 0.11081, step time: 0.03200
epoch: [11], step: [926/1543], batch loss: 0.17254, batch accuracy: 84.79, data load time: 0.09705, step time: 0.03259
epoch: [11], step: [1026/1543], batch loss: 0.16739, batch accuracy: 80.84, data load time: 0.17988, step time: 0.03546
epoch: [11], step: [1126/1543], batch loss: 0.15271, batch accuracy: 83.85, data load time: 0.17358, step time: 0.03193
epoch: [11], step: [1226/1543], batch loss: 0.17984, batch accuracy: 81.76, data load time: 0.14122, step time: 0.03962
epoch: [11], step: [1326/1543], batch loss: 0.12246, batch accuracy: 94.11, data load time: 0.16332, step time: 0.03024
epoch: [11], step: [1426/1543], batch loss: 0.15074, batch accuracy: 88.33, data load time: 0.10561, step time: 0.03253
epoch: [11], step: [1526/1543], batch loss: 0.16201, batch accuracy: 89.06, data load time: 0.07909, step time: 0.03611
epoch: [12], step: [83/1543], batch loss: 0.12625, batch accuracy: 92.44, data load time: 0.06374, step time: 0.03556
epoch: [12], step: [183/1543], batch loss: 0.15778, batch accuracy: 91.62, data load time: 0.13175, step time: 0.04024
epoch: [12], step: [283/1543], batch loss: 0.12734, batch accuracy: 82.20, data load time: 0.08823, step time: 0.03263
epoch: [12], step: [383/1543], batch loss: 0.16133, batch accuracy: 84.40, data load time: 0.03681, step time: 0.03248
epoch: [12], step: [483/1543], batch loss: 0.11361, batch accuracy: 88.52, data load time: 0.07654, step time: 0.03079
epoch: [12], step: [583/1543], batch loss: 0.17651, batch accuracy: 80.84, data load time: 0.12543, step time: 0.03819
epoch: [12], step: [683/1543], batch loss: 0.16870, batch accuracy: 93.27, data load time: 0.04888, step time: 0.03761
epoch: [12], step: [783/1543], batch loss: 0.13975, batch accuracy: 81.15, data load time: 0.07890, step time: 0.03423
epoch: [12], step: [883/1543], batch loss: 0.16637, batch accuracy: 82.42, data load time: 0.16947, step time: 0.03599
epoch: [12], step: [983/1543], batch loss: 0.15741, batch accuracy: 80.85, data load time: 0.08330, step time: 0.03233
epoch: [12], step: [1083/1543], batch loss: 0.16632, batch accuracy: 84.06, data load time: 0.14542, step time: 0.03384
epoch: [12], step: [1183/1543], batch loss: 0.12501, batch accuracy: 94.26, data load time: 0.10490, step time: 0.03700
epoch: [12], step: [1283/1543], batch loss: 0.11610, batch accuracy: 95.05, data load time: 0.06532, step time: 0.03112
epoch: [12], step: [1383/1543], batch loss: 0.19649, batch accuracy: 90.09, data load time: 0.12092, step time: 0.03835
epoch: [12], step: [1483/1543], batch loss: 0.14683, batch accuracy: 90.88, data load time: 0.10171, step time: 0.03716
epoch: [13], step: [40/1543], batch loss: 0.18339, batch accuracy: 87.11, data load time: 0.08582, step time: 0.03718
epoch: [13], step: [140/1543], batch loss: 0.17339, batch accuracy: 90.37, data load time: 0.06464, step time: 0.03819
epoch: [13], step: [240/1543], batch loss: 0.14683, batch accuracy: 86.87, data load time: 0.04888, step time: 0.03606
epoch: [13], step: [340/1543], batch loss: 0.14474, batch accuracy: 87.10, data load time: 0.07631, step time: 0.03474
epoch: [13], step: [440/1543], batch loss: 0.16985, batch accuracy: 88.48, data load time: 0.04673, step time: 0.03468
epoch: [13], step: [540/1543], batch loss: 0.18510, batch accuracy: 87.09, data load time: 0.10756, step time: 0.03426
epoch: [13], step: [640/1543], batch loss: 0.18528, batch accuracy: 83.11, data load time: 0.09689, step time: 0.03896
epoch: [13], step: [740/1543], batch loss: 0.21015, batch accuracy: 67.50, data load time: 0.09782, step time: 0.03601
epoch: [13], step: [840/1543], batch loss: 0.17408, batch accuracy: 86.06, data load time: 0.08308, step time: 0.03556
epoch: [13], step: [940/1543], batch loss: 0.16071, batch accuracy: 89.21, data load time: 0.13494, step time: 0.03315
epoch: [13], step: [1040/1543], batch loss: 0.13427, batch accuracy: 86.37, data load time: 0.07377, step time: 0.03556
epoch: [13], step: [1140/1543], batch loss: 0.18058, batch accuracy: 88.02, data load time: 0.13180, step time: 0.03458
epoch: [13], step: [1240/1543], batch loss: 0.16369, batch accuracy: 80.85, data load time: 0.12419, step time: 0.03921
epoch: [13], step: [1340/1543], batch loss: 0.13580, batch accuracy: 89.59, data load time: 0.10058, step time: 0.03177
epoch: [13], step: [1440/1543], batch loss: 0.19831, batch accuracy: 77.37, data load time: 0.12194, step time: 0.03701
epoch: [13], step: [1540/1543], batch loss: 0.11588, batch accuracy: 90.95, data load time: 0.08261, step time: 0.03631
epoch: [14], step: [97/1543], batch loss: 0.16425, batch accuracy: 87.36, data load time: 0.05308, step time: 0.03460
epoch: [14], step: [197/1543], batch loss: 0.17171, batch accuracy: 84.56, data load time: 0.04066, step time: 0.03462
epoch: [14], step: [297/1543], batch loss: 0.14230, batch accuracy: 90.84, data load time: 0.03105, step time: 0.03684
epoch: [14], step: [397/1543], batch loss: 0.19691, batch accuracy: 87.92, data load time: 0.09363, step time: 0.03601
epoch: [14], step: [497/1543], batch loss: 0.18079, batch accuracy: 80.68, data load time: 0.11551, step time: 0.03697
epoch: [14], step: [597/1543], batch loss: 0.15322, batch accuracy: 80.91, data load time: 0.10906, step time: 0.03173
epoch: [14], step: [697/1543], batch loss: 0.14607, batch accuracy: 87.90, data load time: 0.07155, step time: 0.03336
epoch: [14], step: [797/1543], batch loss: 0.12778, batch accuracy: 81.41, data load time: 0.06336, step time: 0.03457
epoch: [14], step: [897/1543], batch loss: 0.19913, batch accuracy: 80.20, data load time: 0.07971, step time: 0.03753
epoch: [14], step: [997/1543], batch loss: 0.15161, batch accuracy: 88.36, data load time: 0.15617, step time: 0.03129
epoch: [14], step: [1097/1543], batch loss: 0.12881, batch accuracy: 89.56, data load time: 0.08179, step time: 0.03048
epoch: [14], step: [1197/1543], batch loss: 0.15385, batch accuracy: 87.61, data load time: 0.10928, step time: 0.03444
epoch: [14], step: [1297/1543], batch loss: 0.15740, batch accuracy: 81.93, data load time: 0.11310, step time: 0.03518
epoch: [14], step: [1397/1543], batch loss: 0.16079, batch accuracy: 84.96, data load time: 0.08860, step time: 0.03799
epoch: [14], step: [1497/1543], batch loss: 0.18330, batch accuracy: 88.33, data load time: 0.09794, step time: 0.04095
Epoch 00015: reducing learning rate of group 0 to 5.2500e-04.
EVALUATION METRICS:
-------------------------------------------------------------

Validation: AUC Score: 0.8457

-------------------------------------------------------------
validation loss: 0.15733, accuracy: 84.57
epoch: [15], step: [54/1543], batch loss: 0.13970, batch accuracy: 89.53, data load time: 0.10657, step time: 0.03153
epoch: [15], step: [154/1543], batch loss: 0.12832, batch accuracy: 96.72, data load time: 0.14878, step time: 0.03637
epoch: [15], step: [254/1543], batch loss: 0.20274, batch accuracy: 84.71, data load time: 0.12531, step time: 0.03990
epoch: [15], step: [354/1543], batch loss: 0.20548, batch accuracy: 83.60, data load time: 0.13029, step time: 0.03426
epoch: [15], step: [454/1543], batch loss: 0.15564, batch accuracy: 84.50, data load time: 0.14943, step time: 0.03369
epoch: [15], step: [554/1543], batch loss: 0.21867, batch accuracy: 85.47, data load time: 0.09806, step time: 0.04207
epoch: [15], step: [654/1543], batch loss: 0.15062, batch accuracy: 87.74, data load time: 0.09541, step time: 0.03757
epoch: [15], step: [754/1543], batch loss: 0.19847, batch accuracy: 79.17, data load time: 0.04278, step time: 0.03659
epoch: [15], step: [854/1543], batch loss: 0.16746, batch accuracy: 84.30, data load time: 0.17397, step time: 0.03591
epoch: [15], step: [954/1543], batch loss: 0.13403, batch accuracy: 82.16, data load time: 0.14632, step time: 0.02805
epoch: [15], step: [1054/1543], batch loss: 0.23036, batch accuracy: 84.30, data load time: 0.14127, step time: 0.04567
epoch: [15], step: [1154/1543], batch loss: 0.16891, batch accuracy: 82.46, data load time: 0.13177, step time: 0.03390
epoch: [15], step: [1254/1543], batch loss: 0.12949, batch accuracy: 92.13, data load time: 0.18219, step time: 0.02950
epoch: [15], step: [1354/1543], batch loss: 0.13288, batch accuracy: 91.95, data load time: 0.11471, step time: 0.03368
epoch: [15], step: [1454/1543], batch loss: 0.15543, batch accuracy: 92.46, data load time: 0.16763, step time: 0.03364
epoch: [16], step: [11/1543], batch loss: 0.11224, batch accuracy: 93.82, data load time: 0.10629, step time: 0.03463
epoch: [16], step: [111/1543], batch loss: 0.20852, batch accuracy: 80.40, data load time: 0.09881, step time: 0.03498
epoch: [16], step: [211/1543], batch loss: 0.18443, batch accuracy: 87.17, data load time: 0.10297, step time: 0.03831
epoch: [16], step: [311/1543], batch loss: 0.16841, batch accuracy: 87.77, data load time: 0.08431, step time: 0.03945
epoch: [16], step: [411/1543], batch loss: 0.16255, batch accuracy: 87.31, data load time: 0.10472, step time: 0.03323
epoch: [16], step: [511/1543], batch loss: 0.20687, batch accuracy: 86.41, data load time: 0.12313, step time: 0.03916
epoch: [16], step: [611/1543], batch loss: 0.17833, batch accuracy: 88.18, data load time: 0.12285, step time: 0.22606
epoch: [16], step: [711/1543], batch loss: 0.16972, batch accuracy: 88.47, data load time: 0.08217, step time: 0.03516
epoch: [16], step: [811/1543], batch loss: 0.13789, batch accuracy: 88.83, data load time: 0.06570, step time: 0.03664
epoch: [16], step: [911/1543], batch loss: 0.13754, batch accuracy: 92.60, data load time: 0.09195, step time: 0.04008
epoch: [16], step: [1011/1543], batch loss: 0.14884, batch accuracy: 80.12, data load time: 0.19872, step time: 0.03445
epoch: [16], step: [1111/1543], batch loss: 0.13814, batch accuracy: 87.70, data load time: 0.08086, step time: 0.03603
epoch: [16], step: [1211/1543], batch loss: 0.14321, batch accuracy: 84.33, data load time: 0.08117, step time: 0.03022
epoch: [16], step: [1311/1543], batch loss: 0.14380, batch accuracy: 84.13, data load time: 0.13942, step time: 0.03311
epoch: [16], step: [1411/1543], batch loss: 0.15085, batch accuracy: 85.95, data load time: 0.09019, step time: 0.03529
epoch: [16], step: [1511/1543], batch loss: 0.12585, batch accuracy: 88.22, data load time: 0.11191, step time: 0.03482
epoch: [17], step: [68/1543], batch loss: 0.14659, batch accuracy: 87.13, data load time: 0.08454, step time: 0.03100
epoch: [17], step: [168/1543], batch loss: 0.14884, batch accuracy: 90.51, data load time: 0.04061, step time: 0.04543
epoch: [17], step: [268/1543], batch loss: 0.14631, batch accuracy: 92.33, data load time: 0.13510, step time: 0.03701
epoch: [17], step: [368/1543], batch loss: 0.18752, batch accuracy: 86.03, data load time: 0.12851, step time: 0.03990
epoch: [17], step: [468/1543], batch loss: 0.19982, batch accuracy: 78.57, data load time: 0.11252, step time: 0.03812
epoch: [17], step: [568/1543], batch loss: 0.19624, batch accuracy: 90.23, data load time: 0.06819, step time: 0.03970
epoch: [17], step: [668/1543], batch loss: 0.18273, batch accuracy: 84.41, data load time: 0.08321, step time: 0.03392
epoch: [17], step: [768/1543], batch loss: 0.14625, batch accuracy: 84.27, data load time: 0.09570, step time: 0.03390
epoch: [17], step: [868/1543], batch loss: 0.18347, batch accuracy: 86.36, data load time: 0.07769, step time: 0.03674
epoch: [17], step: [968/1543], batch loss: 0.17529, batch accuracy: 83.33, data load time: 0.12854, step time: 0.03701
epoch: [17], step: [1068/1543], batch loss: 0.16478, batch accuracy: 89.03, data load time: 0.12613, step time: 0.03903
epoch: [17], step: [1168/1543], batch loss: 0.13068, batch accuracy: 88.67, data load time: 0.07316, step time: 0.03169
epoch: [17], step: [1268/1543], batch loss: 0.19891, batch accuracy: 85.25, data load time: 0.09929, step time: 0.03698
epoch: [17], step: [1368/1543], batch loss: 0.15904, batch accuracy: 94.23, data load time: 0.14112, step time: 0.03785
epoch: [17], step: [1468/1543], batch loss: 0.15112, batch accuracy: 86.88, data load time: 0.07964, step time: 0.03180
epoch: [18], step: [25/1543], batch loss: 0.17875, batch accuracy: 81.81, data load time: 0.00139, step time: 0.04457
epoch: [18], step: [125/1543], batch loss: 0.19031, batch accuracy: 91.19, data load time: 0.12222, step time: 0.04300
epoch: [18], step: [225/1543], batch loss: 0.14105, batch accuracy: 89.62, data load time: 0.10944, step time: 0.03535
epoch: [18], step: [325/1543], batch loss: 0.19494, batch accuracy: 83.55, data load time: 0.16913, step time: 0.04304
epoch: [18], step: [425/1543], batch loss: 0.16951, batch accuracy: 89.25, data load time: 0.10103, step time: 0.03576
epoch: [18], step: [525/1543], batch loss: 0.15286, batch accuracy: 87.02, data load time: 0.09260, step time: 0.03717
epoch: [18], step: [625/1543], batch loss: 0.15620, batch accuracy: 86.44, data load time: 0.16450, step time: 0.03552
epoch: [18], step: [725/1543], batch loss: 0.15061, batch accuracy: 86.47, data load time: 0.17170, step time: 0.03549
epoch: [18], step: [825/1543], batch loss: 0.14325, batch accuracy: 89.73, data load time: 0.11674, step time: 0.03811
epoch: [18], step: [925/1543], batch loss: 0.18163, batch accuracy: 82.77, data load time: 0.06899, step time: 0.03690
epoch: [18], step: [1025/1543], batch loss: 0.17796, batch accuracy: 89.52, data load time: 0.13016, step time: 0.03699
epoch: [18], step: [1125/1543], batch loss: 0.14966, batch accuracy: 85.33, data load time: 0.17892, step time: 0.03638
epoch: [18], step: [1225/1543], batch loss: 0.16809, batch accuracy: 84.03, data load time: 0.09337, step time: 0.03756
epoch: [18], step: [1325/1543], batch loss: 0.17383, batch accuracy: 90.31, data load time: 0.11804, step time: 0.03624
epoch: [18], step: [1425/1543], batch loss: 0.11411, batch accuracy: 88.54, data load time: 0.16582, step time: 0.03236
epoch: [18], step: [1525/1543], batch loss: 0.17421, batch accuracy: 86.95, data load time: 0.19850, step time: 0.03617
epoch: [19], step: [82/1543], batch loss: 0.19740, batch accuracy: 91.41, data load time: 0.08143, step time: 0.03894
epoch: [19], step: [182/1543], batch loss: 0.17221, batch accuracy: 87.56, data load time: 0.05553, step time: 0.03689
epoch: [19], step: [282/1543], batch loss: 0.12195, batch accuracy: 92.90, data load time: 0.11472, step time: 0.03897
epoch: [19], step: [382/1543], batch loss: 0.15783, batch accuracy: 75.38, data load time: 0.11649, step time: 0.03576
epoch: [19], step: [482/1543], batch loss: 0.17357, batch accuracy: 74.16, data load time: 0.07900, step time: 0.03321
epoch: [19], step: [582/1543], batch loss: 0.19107, batch accuracy: 87.43, data load time: 0.09107, step time: 0.03797
epoch: [19], step: [682/1543], batch loss: 0.18805, batch accuracy: 77.85, data load time: 0.18664, step time: 0.03746
epoch: [19], step: [782/1543], batch loss: 0.22678, batch accuracy: 91.23, data load time: 0.08626, step time: 0.03907
epoch: [19], step: [882/1543], batch loss: 0.15688, batch accuracy: 88.07, data load time: 0.11167, step time: 0.04048
epoch: [19], step: [982/1543], batch loss: 0.11777, batch accuracy: 91.64, data load time: 0.10504, step time: 0.03457
epoch: [19], step: [1082/1543], batch loss: 0.16917, batch accuracy: 84.10, data load time: 0.10164, step time: 0.03568
epoch: [19], step: [1182/1543], batch loss: 0.13032, batch accuracy: 82.15, data load time: 0.12136, step time: 0.03095
epoch: [19], step: [1282/1543], batch loss: 0.14101, batch accuracy: 91.26, data load time: 0.06569, step time: 0.03244
epoch: [19], step: [1382/1543], batch loss: 0.14768, batch accuracy: 81.01, data load time: 0.06165, step time: 0.03315
epoch: [19], step: [1482/1543], batch loss: 0.13416, batch accuracy: 87.11, data load time: 0.13713, step time: 0.03327
EVALUATION METRICS:
-------------------------------------------------------------

Validation: AUC Score: 0.8462

-------------------------------------------------------------
validation loss: 0.15668, accuracy: 84.62
epoch: [20], step: [39/1543], batch loss: 0.16628, batch accuracy: 90.45, data load time: 0.04633, step time: 0.03618
epoch: [20], step: [139/1543], batch loss: 0.21049, batch accuracy: 77.64, data load time: 0.09023, step time: 0.04667
epoch: [20], step: [239/1543], batch loss: 0.17894, batch accuracy: 81.11, data load time: 0.08671, step time: 0.03801
epoch: [20], step: [339/1543], batch loss: 0.15787, batch accuracy: 85.90, data load time: 0.09859, step time: 0.03524
epoch: [20], step: [439/1543], batch loss: 0.17889, batch accuracy: 85.78, data load time: 0.06844, step time: 0.03389
epoch: [20], step: [539/1543], batch loss: 0.17680, batch accuracy: 87.94, data load time: 0.04512, step time: 0.03237
epoch: [20], step: [639/1543], batch loss: 0.15339, batch accuracy: 82.10, data load time: 0.12673, step time: 0.02801
epoch: [20], step: [739/1543], batch loss: 0.14764, batch accuracy: 84.01, data load time: 0.08259, step time: 0.03791
epoch: [20], step: [839/1543], batch loss: 0.17355, batch accuracy: 86.41, data load time: 0.08230, step time: 0.03255
epoch: [20], step: [939/1543], batch loss: 0.16046, batch accuracy: 89.39, data load time: 0.10642, step time: 0.03528
epoch: [20], step: [1039/1543], batch loss: 0.14001, batch accuracy: 88.11, data load time: 0.07997, step time: 0.03639
epoch: [20], step: [1139/1543], batch loss: 0.15617, batch accuracy: 89.81, data load time: 0.09654, step time: 0.03325
epoch: [20], step: [1239/1543], batch loss: 0.20392, batch accuracy: 84.96, data load time: 0.10126, step time: 0.03754
epoch: [20], step: [1339/1543], batch loss: 0.15391, batch accuracy: 88.63, data load time: 0.11333, step time: 0.03584
epoch: [20], step: [1439/1543], batch loss: 0.17877, batch accuracy: 87.87, data load time: 0.08127, step time: 0.04126
epoch: [20], step: [1539/1543], batch loss: 0.12821, batch accuracy: 82.82, data load time: 0.08872, step time: 0.02887
epoch: [21], step: [96/1543], batch loss: 0.18225, batch accuracy: 88.42, data load time: 0.07810, step time: 0.03593
epoch: [21], step: [196/1543], batch loss: 0.14336, batch accuracy: 87.22, data load time: 0.07027, step time: 0.03180
epoch: [21], step: [296/1543], batch loss: 0.15039, batch accuracy: 89.72, data load time: 0.15343, step time: 0.03664
epoch: [21], step: [396/1543], batch loss: 0.16206, batch accuracy: 81.65, data load time: 0.10046, step time: 0.03303
epoch: [21], step: [496/1543], batch loss: 0.18072, batch accuracy: 88.73, data load time: 0.14515, step time: 0.03382
epoch: [21], step: [596/1543], batch loss: 0.13113, batch accuracy: 84.84, data load time: 0.14997, step time: 0.03284
epoch: [21], step: [696/1543], batch loss: 0.15934, batch accuracy: 86.32, data load time: 0.13169, step time: 0.03449
epoch: [21], step: [796/1543], batch loss: 0.18016, batch accuracy: 80.05, data load time: 0.11298, step time: 0.03360
epoch: [21], step: [896/1543], batch loss: 0.12032, batch accuracy: 91.52, data load time: 0.10030, step time: 0.03128
epoch: [21], step: [996/1543], batch loss: 0.13592, batch accuracy: 96.47, data load time: 0.09211, step time: 0.03610
epoch: [21], step: [1096/1543], batch loss: 0.16987, batch accuracy: 88.52, data load time: 0.08800, step time: 0.03459
epoch: [21], step: [1196/1543], batch loss: 0.14083, batch accuracy: 93.89, data load time: 0.09507, step time: 0.03460
epoch: [21], step: [1296/1543], batch loss: 0.17945, batch accuracy: 90.06, data load time: 0.10674, step time: 0.04173
epoch: [21], step: [1396/1543], batch loss: 0.14990, batch accuracy: 78.18, data load time: 0.13971, step time: 0.03796
epoch: [21], step: [1496/1543], batch loss: 0.14541, batch accuracy: 88.96, data load time: 0.13061, step time: 0.03316
epoch: [22], step: [53/1543], batch loss: 0.15613, batch accuracy: 91.09, data load time: 0.12662, step time: 0.04141
epoch: [22], step: [153/1543], batch loss: 0.20550, batch accuracy: 77.21, data load time: 0.12587, step time: 0.04099
epoch: [22], step: [253/1543], batch loss: 0.17275, batch accuracy: 90.31, data load time: 0.08110, step time: 0.03510
epoch: [22], step: [353/1543], batch loss: 0.14617, batch accuracy: 87.94, data load time: 0.08441, step time: 0.03472
epoch: [22], step: [453/1543], batch loss: 0.14835, batch accuracy: 92.90, data load time: 0.07231, step time: 0.03249
epoch: [22], step: [553/1543], batch loss: 0.22872, batch accuracy: 86.62, data load time: 0.08534, step time: 0.04417
epoch: [22], step: [653/1543], batch loss: 0.15775, batch accuracy: 85.43, data load time: 0.11398, step time: 0.03606
epoch: [22], step: [753/1543], batch loss: 0.16369, batch accuracy: 84.14, data load time: 0.14552, step time: 0.03452
epoch: [22], step: [853/1543], batch loss: 0.17183, batch accuracy: 88.18, data load time: 0.07528, step time: 0.03774
epoch: [22], step: [953/1543], batch loss: 0.15018, batch accuracy: 83.86, data load time: 0.17553, step time: 0.03261
epoch: [22], step: [1053/1543], batch loss: 0.15780, batch accuracy: 89.28, data load time: 0.18141, step time: 0.03437
epoch: [22], step: [1153/1543], batch loss: 0.16798, batch accuracy: 87.70, data load time: 0.04913, step time: 0.03608
epoch: [22], step: [1253/1543], batch loss: 0.15733, batch accuracy: 92.69, data load time: 0.09558, step time: 0.03455
epoch: [22], step: [1353/1543], batch loss: 0.15663, batch accuracy: 90.38, data load time: 0.09578, step time: 0.03395
epoch: [22], step: [1453/1543], batch loss: 0.20038, batch accuracy: 75.26, data load time: 0.08881, step time: 0.03463
Epoch 00023: reducing learning rate of group 0 to 2.6250e-05.
epoch: [23], step: [10/1543], batch loss: 0.14289, batch accuracy: 92.73, data load time: 0.12217, step time: 0.04053
epoch: [23], step: [110/1543], batch loss: 0.16668, batch accuracy: 87.43, data load time: 0.11224, step time: 0.03452
epoch: [23], step: [210/1543], batch loss: 0.13397, batch accuracy: 92.64, data load time: 0.10074, step time: 0.03733
epoch: [23], step: [310/1543], batch loss: 0.17856, batch accuracy: 86.26, data load time: 0.12147, step time: 0.03843
epoch: [23], step: [410/1543], batch loss: 0.18483, batch accuracy: 85.96, data load time: 0.09889, step time: 0.03780
epoch: [23], step: [510/1543], batch loss: 0.15911, batch accuracy: 84.56, data load time: 0.12666, step time: 0.03817
epoch: [23], step: [610/1543], batch loss: 0.12365, batch accuracy: 94.30, data load time: 0.11426, step time: 0.03388
epoch: [23], step: [710/1543], batch loss: 0.18952, batch accuracy: 77.12, data load time: 0.12478, step time: 0.03327
epoch: [23], step: [810/1543], batch loss: 0.14738, batch accuracy: 81.57, data load time: 0.10628, step time: 0.03327
epoch: [23], step: [910/1543], batch loss: 0.20159, batch accuracy: 78.90, data load time: 0.14665, step time: 0.03733
epoch: [23], step: [1010/1543], batch loss: 0.20271, batch accuracy: 88.71, data load time: 0.06387, step time: 0.04116
epoch: [23], step: [1110/1543], batch loss: 0.18241, batch accuracy: 89.27, data load time: 0.14737, step time: 0.04024
epoch: [23], step: [1210/1543], batch loss: 0.12635, batch accuracy: 92.06, data load time: 0.18742, step time: 0.03588
epoch: [23], step: [1310/1543], batch loss: 0.17560, batch accuracy: 86.12, data load time: 0.11447, step time: 0.03921
epoch: [23], step: [1410/1543], batch loss: 0.16593, batch accuracy: 89.71, data load time: 0.10902, step time: 0.04221
epoch: [23], step: [1510/1543], batch loss: 0.14365, batch accuracy: 81.94, data load time: 0.09593, step time: 0.03678
epoch: [24], step: [67/1543], batch loss: 0.16167, batch accuracy: 95.40, data load time: 0.04865, step time: 0.03611
epoch: [24], step: [167/1543], batch loss: 0.18858, batch accuracy: 88.74, data load time: 0.04463, step time: 0.03815
epoch: [24], step: [267/1543], batch loss: 0.15200, batch accuracy: 82.77, data load time: 0.15832, step time: 0.03109
epoch: [24], step: [367/1543], batch loss: 0.17500, batch accuracy: 84.89, data load time: 0.07977, step time: 0.03320
epoch: [24], step: [467/1543], batch loss: 0.16146, batch accuracy: 92.06, data load time: 0.11139, step time: 0.03409
epoch: [24], step: [567/1543], batch loss: 0.10991, batch accuracy: 91.62, data load time: 0.12308, step time: 0.03209
epoch: [24], step: [667/1543], batch loss: 0.20503, batch accuracy: 87.60, data load time: 0.11666, step time: 0.03899
epoch: [24], step: [767/1543], batch loss: 0.18239, batch accuracy: 83.05, data load time: 0.08560, step time: 0.03443
epoch: [24], step: [867/1543], batch loss: 0.16372, batch accuracy: 78.29, data load time: 0.22715, step time: 0.03245
epoch: [24], step: [967/1543], batch loss: 0.14396, batch accuracy: 81.89, data load time: 0.13811, step time: 0.03553
epoch: [24], step: [1067/1543], batch loss: 0.12751, batch accuracy: 93.22, data load time: 0.16537, step time: 0.03082
epoch: [24], step: [1167/1543], batch loss: 0.19341, batch accuracy: 78.71, data load time: 0.12574, step time: 0.03452
epoch: [24], step: [1267/1543], batch loss: 0.13134, batch accuracy: 91.29, data load time: 0.07273, step time: 0.03271
epoch: [24], step: [1367/1543], batch loss: 0.16663, batch accuracy: 86.47, data load time: 0.06435, step time: 0.03453
epoch: [24], step: [1467/1543], batch loss: 0.18405, batch accuracy: 88.53, data load time: 0.09074, step time: 0.03383
EVALUATION METRICS:
-------------------------------------------------------------

Validation: AUC Score: 0.8461

-------------------------------------------------------------
validation loss: 0.15680, accuracy: 84.61
epoch: [25], step: [24/1543], batch loss: 0.17504, batch accuracy: 87.32, data load time: 0.11718, step time: 0.03359
epoch: [25], step: [124/1543], batch loss: 0.14154, batch accuracy: 82.23, data load time: 0.11508, step time: 0.03093
epoch: [25], step: [224/1543], batch loss: 0.21673, batch accuracy: 80.89, data load time: 0.15098, step time: 0.04186
epoch: [25], step: [324/1543], batch loss: 0.20775, batch accuracy: 84.61, data load time: 0.12265, step time: 0.03682
epoch: [25], step: [424/1543], batch loss: 0.15960, batch accuracy: 85.92, data load time: 0.12758, step time: 0.03366
epoch: [25], step: [524/1543], batch loss: 0.11636, batch accuracy: 95.83, data load time: 0.15250, step time: 0.03164
epoch: [25], step: [624/1543], batch loss: 0.17181, batch accuracy: 84.04, data load time: 0.11619, step time: 0.03669
epoch: [25], step: [724/1543], batch loss: 0.15826, batch accuracy: 86.81, data load time: 0.09440, step time: 0.03743
epoch: [25], step: [824/1543], batch loss: 0.13460, batch accuracy: 89.38, data load time: 0.11530, step time: 0.03111
epoch: [25], step: [924/1543], batch loss: 0.15005, batch accuracy: 80.56, data load time: 0.09162, step time: 0.03522
epoch: [25], step: [1024/1543], batch loss: 0.19973, batch accuracy: 84.50, data load time: 0.08387, step time: 0.03882
epoch: [25], step: [1124/1543], batch loss: 0.16104, batch accuracy: 87.18, data load time: 0.06277, step time: 0.03544
epoch: [25], step: [1224/1543], batch loss: 0.13428, batch accuracy: 87.86, data load time: 0.14680, step time: 0.03564
epoch: [25], step: [1324/1543], batch loss: 0.15770, batch accuracy: 85.70, data load time: 0.07832, step time: 0.03528
epoch: [25], step: [1424/1543], batch loss: 0.14327, batch accuracy: 90.42, data load time: 0.10456, step time: 0.03457
epoch: [25], step: [1524/1543], batch loss: 0.16381, batch accuracy: 87.19, data load time: 0.14722, step time: 0.03327
epoch: [26], step: [81/1543], batch loss: 0.17478, batch accuracy: 79.28, data load time: 0.08926, step time: 0.03255
epoch: [26], step: [181/1543], batch loss: 0.15587, batch accuracy: 90.02, data load time: 0.08259, step time: 0.03476
epoch: [26], step: [281/1543], batch loss: 0.12469, batch accuracy: 87.88, data load time: 0.08488, step time: 0.02977
epoch: [26], step: [381/1543], batch loss: 0.17437, batch accuracy: 76.22, data load time: 0.05952, step time: 0.03181
epoch: [26], step: [481/1543], batch loss: 0.19981, batch accuracy: 85.15, data load time: 0.09483, step time: 0.03784
epoch: [26], step: [581/1543], batch loss: 0.16194, batch accuracy: 82.05, data load time: 0.07641, step time: 0.03316
epoch: [26], step: [681/1543], batch loss: 0.11580, batch accuracy: 92.53, data load time: 0.06352, step time: 0.03518
epoch: [26], step: [781/1543], batch loss: 0.14731, batch accuracy: 85.22, data load time: 0.08154, step time: 0.03181
epoch: [26], step: [881/1543], batch loss: 0.13180, batch accuracy: 85.54, data load time: 0.11642, step time: 0.02974
epoch: [26], step: [981/1543], batch loss: 0.16950, batch accuracy: 81.03, data load time: 0.06067, step time: 0.03855
epoch: [26], step: [1081/1543], batch loss: 0.15985, batch accuracy: 81.95, data load time: 0.07824, step time: 0.03796
epoch: [26], step: [1181/1543], batch loss: 0.14942, batch accuracy: 92.37, data load time: 0.13259, step time: 0.03696
epoch: [26], step: [1281/1543], batch loss: 0.15278, batch accuracy: 88.47, data load time: 0.11006, step time: 0.03477
epoch: [26], step: [1381/1543], batch loss: 0.16095, batch accuracy: 86.57, data load time: 0.16210, step time: 0.03398
epoch: [26], step: [1481/1543], batch loss: 0.17248, batch accuracy: 85.36, data load time: 0.10734, step time: 0.03955
epoch: [27], step: [38/1543], batch loss: 0.18879, batch accuracy: 90.90, data load time: 0.07857, step time: 0.03393
epoch: [27], step: [138/1543], batch loss: 0.17632, batch accuracy: 84.86, data load time: 0.10469, step time: 0.03738
epoch: [27], step: [238/1543], batch loss: 0.11468, batch accuracy: 97.15, data load time: 0.09108, step time: 0.03313
epoch: [27], step: [338/1543], batch loss: 0.15025, batch accuracy: 84.72, data load time: 0.08856, step time: 0.03517
epoch: [27], step: [438/1543], batch loss: 0.11901, batch accuracy: 91.28, data load time: 0.09208, step time: 0.03025
epoch: [27], step: [538/1543], batch loss: 0.14915, batch accuracy: 89.78, data load time: 0.07181, step time: 0.03239
epoch: [27], step: [638/1543], batch loss: 0.19107, batch accuracy: 88.45, data load time: 0.13748, step time: 0.04044
epoch: [27], step: [738/1543], batch loss: 0.15774, batch accuracy: 88.76, data load time: 0.10165, step time: 0.03998
epoch: [27], step: [838/1543], batch loss: 0.13625, batch accuracy: 94.67, data load time: 0.17847, step time: 0.03473
epoch: [27], step: [938/1543], batch loss: 0.13424, batch accuracy: 85.92, data load time: 0.07891, step time: 0.03366
epoch: [27], step: [1038/1543], batch loss: 0.19964, batch accuracy: 88.73, data load time: 0.06388, step time: 0.03759
epoch: [27], step: [1138/1543], batch loss: 0.13867, batch accuracy: 90.85, data load time: 0.13573, step time: 0.03823
epoch: [27], step: [1238/1543], batch loss: 0.16280, batch accuracy: 76.64, data load time: 0.08023, step time: 0.03324
epoch: [27], step: [1338/1543], batch loss: 0.19259, batch accuracy: 88.57, data load time: 0.15060, step time: 0.03982
epoch: [27], step: [1438/1543], batch loss: 0.14490, batch accuracy: 84.56, data load time: 0.12279, step time: 0.03654
epoch: [27], step: [1538/1543], batch loss: 0.18649, batch accuracy: 88.04, data load time: 0.08961, step time: 0.03454
epoch: [28], step: [95/1543], batch loss: 0.18135, batch accuracy: 87.32, data load time: 0.15270, step time: 0.03436
epoch: [28], step: [195/1543], batch loss: 0.18026, batch accuracy: 80.21, data load time: 0.12758, step time: 0.03470
epoch: [28], step: [295/1543], batch loss: 0.14248, batch accuracy: 78.47, data load time: 0.10050, step time: 0.02816
epoch: [28], step: [395/1543], batch loss: 0.17448, batch accuracy: 87.91, data load time: 0.07658, step time: 0.03558
epoch: [28], step: [495/1543], batch loss: 0.14927, batch accuracy: 90.76, data load time: 0.13583, step time: 0.03245
epoch: [28], step: [595/1543], batch loss: 0.14144, batch accuracy: 89.86, data load time: 0.11331, step time: 0.03751
epoch: [28], step: [695/1543], batch loss: 0.17279, batch accuracy: 80.80, data load time: 0.14563, step time: 0.02980
epoch: [28], step: [795/1543], batch loss: 0.18663, batch accuracy: 74.96, data load time: 0.10102, step time: 0.03318
epoch: [28], step: [895/1543], batch loss: 0.20413, batch accuracy: 83.02, data load time: 0.11763, step time: 0.03554
epoch: [28], step: [995/1543], batch loss: 0.18931, batch accuracy: 88.77, data load time: 0.11328, step time: 0.03680
epoch: [28], step: [1095/1543], batch loss: 0.16002, batch accuracy: 77.39, data load time: 0.11485, step time: 0.03181
epoch: [28], step: [1195/1543], batch loss: 0.12277, batch accuracy: 80.05, data load time: 0.09874, step time: 0.02884
epoch: [28], step: [1295/1543], batch loss: 0.14359, batch accuracy: 88.69, data load time: 0.08613, step time: 0.03299
epoch: [28], step: [1395/1543], batch loss: 0.16509, batch accuracy: 81.27, data load time: 0.12666, step time: 0.03408
epoch: [28], step: [1495/1543], batch loss: 0.13036, batch accuracy: 87.36, data load time: 0.12065, step time: 0.03313
Epoch 00029: reducing learning rate of group 0 to 1.3125e-06.
epoch: [29], step: [52/1543], batch loss: 0.18391, batch accuracy: 85.64, data load time: 0.04386, step time: 0.03775
epoch: [29], step: [152/1543], batch loss: 0.19537, batch accuracy: 85.70, data load time: 0.08262, step time: 0.03616
epoch: [29], step: [252/1543], batch loss: 0.15080, batch accuracy: 86.84, data load time: 0.04275, step time: 0.03619
epoch: [29], step: [352/1543], batch loss: 0.18370, batch accuracy: 80.30, data load time: 0.05084, step time: 0.03877
epoch: [29], step: [452/1543], batch loss: 0.12607, batch accuracy: 77.47, data load time: 0.15153, step time: 0.03215
epoch: [29], step: [552/1543], batch loss: 0.16503, batch accuracy: 80.03, data load time: 0.12228, step time: 0.03480
epoch: [29], step: [652/1543], batch loss: 0.23385, batch accuracy: 84.97, data load time: 0.11592, step time: 0.03914
epoch: [29], step: [752/1543], batch loss: 0.19174, batch accuracy: 84.87, data load time: 0.08708, step time: 0.03610
epoch: [29], step: [852/1543], batch loss: 0.18084, batch accuracy: 87.36, data load time: 0.08923, step time: 0.04418
epoch: [29], step: [952/1543], batch loss: 0.18429, batch accuracy: 80.75, data load time: 0.06650, step time: 0.03315
epoch: [29], step: [1052/1543], batch loss: 0.18422, batch accuracy: 82.68, data load time: 0.13166, step time: 0.03870
epoch: [29], step: [1152/1543], batch loss: 0.14421, batch accuracy: 90.34, data load time: 0.10262, step time: 0.04263
epoch: [29], step: [1252/1543], batch loss: 0.14132, batch accuracy: 91.31, data load time: 0.08196, step time: 0.03523
epoch: [29], step: [1352/1543], batch loss: 0.17181, batch accuracy: 84.20, data load time: 0.11392, step time: 0.03747
epoch: [29], step: [1452/1543], batch loss: 0.18345, batch accuracy: 86.84, data load time: 0.13416, step time: 0.03816
EVALUATION METRICS:
-------------------------------------------------------------

Validation: AUC Score: 0.8447

-------------------------------------------------------------
validation loss: 0.15715, accuracy: 84.47
EVALUATION METRICS:
-------------------------------------------------------------

Test: AUC Score: 0.8406

-------------------------------------------------------------
validation loss: 0.47038, accuracy: 84.06
