Loading data from train_dataset
Loading data from val_dataset
Loading data from test_dataset
Writing logs to logs/CNN_sgd_momentum=0.95_learning_rate=0.05_conv_length=256_conv_stride=256_batch_size=10_epochs=20_weight_decay=1e-05_model=BaseCNNNonInitialised_run_2
epoch: [0], step: [99/1543], batch loss: 0.27760, batch accuracy: 68.81, data load time: 0.29355, step time: 0.04118
epoch: [0], step: [199/1543], batch loss: 0.28941, batch accuracy: 66.76, data load time: 0.32541, step time: 0.04037
epoch: [0], step: [299/1543], batch loss: 0.21412, batch accuracy: 70.55, data load time: 0.35201, step time: 0.03354
epoch: [0], step: [399/1543], batch loss: 0.21128, batch accuracy: 66.65, data load time: 0.33863, step time: 0.03858
epoch: [0], step: [499/1543], batch loss: 0.20273, batch accuracy: 74.40, data load time: 0.27920, step time: 0.03568
epoch: [0], step: [599/1543], batch loss: 0.18723, batch accuracy: 72.68, data load time: 0.24325, step time: 0.03630
epoch: [0], step: [699/1543], batch loss: 0.21106, batch accuracy: 61.19, data load time: 0.85113, step time: 0.03710
epoch: [0], step: [799/1543], batch loss: 0.20382, batch accuracy: 74.12, data load time: 0.23843, step time: 0.03713
epoch: [0], step: [899/1543], batch loss: 0.21197, batch accuracy: 77.89, data load time: 0.34035, step time: 0.03842
epoch: [0], step: [999/1543], batch loss: 0.27305, batch accuracy: 71.14, data load time: 0.25781, step time: 0.04218
epoch: [0], step: [1099/1543], batch loss: 0.23180, batch accuracy: 56.18, data load time: 0.23600, step time: 0.03909
epoch: [0], step: [1199/1543], batch loss: 0.21928, batch accuracy: 67.40, data load time: 0.24529, step time: 0.03676
epoch: [0], step: [1299/1543], batch loss: 0.15257, batch accuracy: 75.46, data load time: 0.24695, step time: 0.03251
epoch: [0], step: [1399/1543], batch loss: 0.16128, batch accuracy: 81.06, data load time: 0.28875, step time: 0.03245
epoch: [0], step: [1499/1543], batch loss: 0.23798, batch accuracy: 75.47, data load time: 0.22027, step time: 0.04051
EVALUATION METRICS:
-------------------------------------------------------------

Validation AUC Score: 0.7469

-------------------------------------------------------------
validation loss: 0.19379, accuracy: 74.69
epoch: [1], step: [56/1543], batch loss: 0.17785, batch accuracy: 70.29, data load time: 0.27585, step time: 0.03351
epoch: [1], step: [156/1543], batch loss: 0.25611, batch accuracy: 63.78, data load time: 0.24707, step time: 0.03980
epoch: [1], step: [256/1543], batch loss: 0.18355, batch accuracy: 80.53, data load time: 0.34569, step time: 0.03631
epoch: [1], step: [356/1543], batch loss: 0.19187, batch accuracy: 75.06, data load time: 0.31518, step time: 0.03841
epoch: [1], step: [456/1543], batch loss: 0.18754, batch accuracy: 82.06, data load time: 0.25192, step time: 0.04246
epoch: [1], step: [556/1543], batch loss: 0.21094, batch accuracy: 82.58, data load time: 0.28676, step time: 0.03680
epoch: [1], step: [656/1543], batch loss: 0.13929, batch accuracy: 77.14, data load time: 0.36434, step time: 0.03266
epoch: [1], step: [756/1543], batch loss: 0.20718, batch accuracy: 78.92, data load time: 0.31035, step time: 0.04124
epoch: [1], step: [856/1543], batch loss: 0.17753, batch accuracy: 76.31, data load time: 0.30747, step time: 0.03709
epoch: [1], step: [956/1543], batch loss: 0.18393, batch accuracy: 73.63, data load time: 0.28849, step time: 0.03789
epoch: [1], step: [1056/1543], batch loss: 0.16689, batch accuracy: 85.97, data load time: 0.42517, step time: 0.03716
epoch: [1], step: [1156/1543], batch loss: 0.20607, batch accuracy: 76.82, data load time: 0.25119, step time: 0.03844
epoch: [1], step: [1256/1543], batch loss: 0.14958, batch accuracy: 79.46, data load time: 0.25321, step time: 0.03551
epoch: [1], step: [1356/1543], batch loss: 0.22077, batch accuracy: 84.31, data load time: 0.31485, step time: 0.04112
epoch: [1], step: [1456/1543], batch loss: 0.18949, batch accuracy: 75.34, data load time: 0.24912, step time: 0.03673
EVALUATION METRICS:
-------------------------------------------------------------

Validation AUC Score: 0.7776

-------------------------------------------------------------
validation loss: 0.18956, accuracy: 77.76
epoch: [2], step: [13/1543], batch loss: 0.18355, batch accuracy: 82.42, data load time: 0.22357, step time: 0.03652
epoch: [2], step: [113/1543], batch loss: 0.13876, batch accuracy: 75.89, data load time: 0.28821, step time: 0.03193
epoch: [2], step: [213/1543], batch loss: 0.22601, batch accuracy: 61.25, data load time: 0.26014, step time: 0.03634
epoch: [2], step: [313/1543], batch loss: 0.21031, batch accuracy: 82.71, data load time: 0.32267, step time: 0.04203
epoch: [2], step: [413/1543], batch loss: 0.14371, batch accuracy: 72.40, data load time: 0.33200, step time: 0.03483
epoch: [2], step: [513/1543], batch loss: 0.17643, batch accuracy: 78.65, data load time: 0.34546, step time: 0.03908
epoch: [2], step: [613/1543], batch loss: 0.16916, batch accuracy: 76.43, data load time: 0.25453, step time: 0.03555
epoch: [2], step: [713/1543], batch loss: 0.19146, batch accuracy: 81.05, data load time: 0.29508, step time: 0.03628
epoch: [2], step: [813/1543], batch loss: 0.25037, batch accuracy: 72.07, data load time: 0.27163, step time: 0.04065
epoch: [2], step: [913/1543], batch loss: 0.17726, batch accuracy: 87.58, data load time: 0.32570, step time: 0.04120
epoch: [2], step: [1013/1543], batch loss: 0.20436, batch accuracy: 73.48, data load time: 0.30945, step time: 0.03833
epoch: [2], step: [1113/1543], batch loss: 0.23552, batch accuracy: 74.17, data load time: 0.30609, step time: 0.03910
epoch: [2], step: [1213/1543], batch loss: 0.17360, batch accuracy: 80.96, data load time: 0.26187, step time: 0.03708
epoch: [2], step: [1313/1543], batch loss: 0.14624, batch accuracy: 78.19, data load time: 0.26458, step time: 0.03179
epoch: [2], step: [1413/1543], batch loss: 0.19346, batch accuracy: 81.06, data load time: 0.34379, step time: 0.03915
epoch: [2], step: [1513/1543], batch loss: 0.14416, batch accuracy: 81.53, data load time: 0.29475, step time: 0.03286
EVALUATION METRICS:
-------------------------------------------------------------

Validation AUC Score: 0.7819

-------------------------------------------------------------
validation loss: 0.18242, accuracy: 78.19
epoch: [3], step: [70/1543], batch loss: 0.17078, batch accuracy: 81.44, data load time: 0.30986, step time: 0.03532
epoch: [3], step: [170/1543], batch loss: 0.17469, batch accuracy: 85.55, data load time: 0.28104, step time: 0.03990
epoch: [3], step: [270/1543], batch loss: 0.17079, batch accuracy: 82.71, data load time: 0.36572, step time: 0.03566
epoch: [3], step: [370/1543], batch loss: 0.14266, batch accuracy: 83.53, data load time: 0.23206, step time: 0.03465
epoch: [3], step: [470/1543], batch loss: 0.20348, batch accuracy: 72.75, data load time: 0.27327, step time: 0.03762
epoch: [3], step: [570/1543], batch loss: 0.23686, batch accuracy: 63.74, data load time: 0.29346, step time: 0.03769
epoch: [3], step: [670/1543], batch loss: 0.21122, batch accuracy: 68.33, data load time: 0.30038, step time: 0.03908
epoch: [3], step: [770/1543], batch loss: 0.18714, batch accuracy: 75.74, data load time: 0.27005, step time: 0.03988
epoch: [3], step: [870/1543], batch loss: 0.13908, batch accuracy: 87.69, data load time: 0.29035, step time: 0.03504
epoch: [3], step: [970/1543], batch loss: 0.17197, batch accuracy: 77.69, data load time: 0.37212, step time: 0.03558
epoch: [3], step: [1070/1543], batch loss: 0.15842, batch accuracy: 83.38, data load time: 0.32861, step time: 0.03617
epoch: [3], step: [1170/1543], batch loss: 0.18345, batch accuracy: 79.81, data load time: 0.29915, step time: 0.04021
epoch: [3], step: [1270/1543], batch loss: 0.23299, batch accuracy: 78.80, data load time: 0.28093, step time: 0.04298
epoch: [3], step: [1370/1543], batch loss: 0.17517, batch accuracy: 83.65, data load time: 0.32366, step time: 0.03918
epoch: [3], step: [1470/1543], batch loss: 0.16337, batch accuracy: 75.66, data load time: 0.32945, step time: 0.03762
EVALUATION METRICS:
-------------------------------------------------------------

Validation AUC Score: 0.8046

-------------------------------------------------------------
validation loss: 0.17602, accuracy: 80.46
epoch: [4], step: [27/1543], batch loss: 0.21487, batch accuracy: 82.41, data load time: 0.25683, step time: 0.04120
epoch: [4], step: [127/1543], batch loss: 0.21803, batch accuracy: 70.44, data load time: 0.36717, step time: 0.03984
epoch: [4], step: [227/1543], batch loss: 0.14151, batch accuracy: 93.52, data load time: 0.32798, step time: 0.03492
epoch: [4], step: [327/1543], batch loss: 0.21450, batch accuracy: 85.31, data load time: 0.25859, step time: 0.03992
epoch: [4], step: [427/1543], batch loss: 0.19586, batch accuracy: 76.26, data load time: 0.34451, step time: 0.03847
epoch: [4], step: [527/1543], batch loss: 0.16797, batch accuracy: 80.68, data load time: 0.27138, step time: 0.03729
epoch: [4], step: [627/1543], batch loss: 0.21181, batch accuracy: 70.98, data load time: 0.26604, step time: 0.03573
epoch: [4], step: [727/1543], batch loss: 0.17095, batch accuracy: 78.25, data load time: 0.26841, step time: 0.03630
epoch: [4], step: [827/1543], batch loss: 0.18265, batch accuracy: 86.16, data load time: 0.26529, step time: 0.03779
epoch: [4], step: [927/1543], batch loss: 0.17034, batch accuracy: 78.86, data load time: 0.29585, step time: 0.03384
epoch: [4], step: [1027/1543], batch loss: 0.17658, batch accuracy: 89.08, data load time: 0.25405, step time: 0.04208
epoch: [4], step: [1127/1543], batch loss: 0.16295, batch accuracy: 87.54, data load time: 0.29549, step time: 0.03581
epoch: [4], step: [1227/1543], batch loss: 0.17197, batch accuracy: 85.55, data load time: 0.44306, step time: 0.03856
epoch: [4], step: [1327/1543], batch loss: 0.14254, batch accuracy: 83.54, data load time: 0.26306, step time: 0.03638
epoch: [4], step: [1427/1543], batch loss: 0.13731, batch accuracy: 82.13, data load time: 0.26214, step time: 0.03419
epoch: [4], step: [1527/1543], batch loss: 0.16126, batch accuracy: 82.64, data load time: 0.24005, step time: 0.03499
EVALUATION METRICS:
-------------------------------------------------------------

Validation AUC Score: 0.8093

-------------------------------------------------------------
validation loss: 0.17205, accuracy: 80.93
epoch: [5], step: [84/1543], batch loss: 0.17281, batch accuracy: 86.46, data load time: 0.32495, step time: 0.03952
epoch: [5], step: [184/1543], batch loss: 0.17431, batch accuracy: 88.92, data load time: 0.27059, step time: 0.04149
epoch: [5], step: [284/1543], batch loss: 0.20651, batch accuracy: 80.56, data load time: 0.29885, step time: 0.04057
epoch: [5], step: [384/1543], batch loss: 0.19203, batch accuracy: 80.97, data load time: 0.27806, step time: 0.04071
epoch: [5], step: [484/1543], batch loss: 0.17300, batch accuracy: 74.09, data load time: 0.22088, step time: 0.03574
epoch: [5], step: [584/1543], batch loss: 0.13644, batch accuracy: 87.35, data load time: 0.26088, step time: 0.03500
epoch: [5], step: [684/1543], batch loss: 0.15521, batch accuracy: 90.14, data load time: 0.25145, step time: 0.03580
epoch: [5], step: [784/1543], batch loss: 0.21472, batch accuracy: 79.85, data load time: 0.28268, step time: 0.03805
epoch: [5], step: [884/1543], batch loss: 0.15304, batch accuracy: 85.91, data load time: 0.22122, step time: 0.03625
epoch: [5], step: [984/1543], batch loss: 0.13938, batch accuracy: 86.11, data load time: 0.19513, step time: 0.03638
epoch: [5], step: [1084/1543], batch loss: 0.19385, batch accuracy: 88.84, data load time: 0.30357, step time: 0.04134
epoch: [5], step: [1184/1543], batch loss: 0.22434, batch accuracy: 86.47, data load time: 0.33810, step time: 0.04147
epoch: [5], step: [1284/1543], batch loss: 0.20665, batch accuracy: 78.80, data load time: 0.25466, step time: 0.03576
epoch: [5], step: [1384/1543], batch loss: 0.15694, batch accuracy: 86.91, data load time: 0.35592, step time: 0.03414
epoch: [5], step: [1484/1543], batch loss: 0.20374, batch accuracy: 72.31, data load time: 0.23968, step time: 0.03628
EVALUATION METRICS:
-------------------------------------------------------------

Validation AUC Score: 0.8137

-------------------------------------------------------------
validation loss: 0.16958, accuracy: 81.37
epoch: [6], step: [41/1543], batch loss: 0.14622, batch accuracy: 88.67, data load time: 0.28818, step time: 0.03799
epoch: [6], step: [141/1543], batch loss: 0.15605, batch accuracy: 79.09, data load time: 0.24960, step time: 0.03367
epoch: [6], step: [241/1543], batch loss: 0.16525, batch accuracy: 82.62, data load time: 0.43223, step time: 0.03746
epoch: [6], step: [341/1543], batch loss: 0.30138, batch accuracy: 67.43, data load time: 0.30121, step time: 0.04074
epoch: [6], step: [441/1543], batch loss: 0.18620, batch accuracy: 77.84, data load time: 0.27886, step time: 0.03351
epoch: [6], step: [541/1543], batch loss: 0.22673, batch accuracy: 76.07, data load time: 0.21888, step time: 0.03830
epoch: [6], step: [641/1543], batch loss: 0.19561, batch accuracy: 77.59, data load time: 0.25937, step time: 0.03668
epoch: [6], step: [741/1543], batch loss: 0.21140, batch accuracy: 81.26, data load time: 0.27208, step time: 0.04153
epoch: [6], step: [841/1543], batch loss: 0.13690, batch accuracy: 81.17, data load time: 0.24406, step time: 0.03502
epoch: [6], step: [941/1543], batch loss: 0.17996, batch accuracy: 82.32, data load time: 0.25954, step time: 0.04075
epoch: [6], step: [1041/1543], batch loss: 0.21802, batch accuracy: 79.24, data load time: 0.33918, step time: 0.04350
epoch: [6], step: [1141/1543], batch loss: 0.13778, batch accuracy: 77.78, data load time: 0.31659, step time: 0.03438
epoch: [6], step: [1241/1543], batch loss: 0.15254, batch accuracy: 87.97, data load time: 0.24049, step time: 0.03929
epoch: [6], step: [1341/1543], batch loss: 0.17528, batch accuracy: 70.51, data load time: 0.29521, step time: 0.03566
epoch: [6], step: [1441/1543], batch loss: 0.19145, batch accuracy: 84.67, data load time: 0.23354, step time: 0.03704
epoch: [6], step: [1541/1543], batch loss: 0.17973, batch accuracy: 76.97, data load time: 0.28911, step time: 0.03740
EVALUATION METRICS:
-------------------------------------------------------------

Validation AUC Score: 0.8160

-------------------------------------------------------------
validation loss: 0.17053, accuracy: 81.60
epoch: [7], step: [98/1543], batch loss: 0.17954, batch accuracy: 86.96, data load time: 0.29582, step time: 0.03793
epoch: [7], step: [198/1543], batch loss: 0.22359, batch accuracy: 73.45, data load time: 0.35773, step time: 0.03919
epoch: [7], step: [298/1543], batch loss: 0.17091, batch accuracy: 88.16, data load time: 0.29471, step time: 0.03642
epoch: [7], step: [398/1543], batch loss: 0.24896, batch accuracy: 85.63, data load time: 0.38163, step time: 0.03842
epoch: [7], step: [498/1543], batch loss: 0.18468, batch accuracy: 74.63, data load time: 0.31544, step time: 0.03344
epoch: [7], step: [598/1543], batch loss: 0.15608, batch accuracy: 86.79, data load time: 0.24530, step time: 0.03480
epoch: [7], step: [698/1543], batch loss: 0.18521, batch accuracy: 73.13, data load time: 0.26785, step time: 0.03562
epoch: [7], step: [798/1543], batch loss: 0.18800, batch accuracy: 82.56, data load time: 0.28041, step time: 0.04004
epoch: [7], step: [898/1543], batch loss: 0.15676, batch accuracy: 89.02, data load time: 0.26467, step time: 0.03557
epoch: [7], step: [998/1543], batch loss: 0.20698, batch accuracy: 82.98, data load time: 0.35348, step time: 0.04069
epoch: [7], step: [1098/1543], batch loss: 0.15723, batch accuracy: 85.36, data load time: 0.24370, step time: 0.03577
epoch: [7], step: [1198/1543], batch loss: 0.14794, batch accuracy: 83.91, data load time: 0.28686, step time: 0.03418
epoch: [7], step: [1298/1543], batch loss: 0.13372, batch accuracy: 89.03, data load time: 0.29154, step time: 0.03461
epoch: [7], step: [1398/1543], batch loss: 0.13357, batch accuracy: 90.16, data load time: 0.25692, step time: 0.03770
epoch: [7], step: [1498/1543], batch loss: 0.14666, batch accuracy: 78.77, data load time: 0.31165, step time: 0.03248
EVALUATION METRICS:
-------------------------------------------------------------

Validation AUC Score: 0.8219

-------------------------------------------------------------
validation loss: 0.16438, accuracy: 82.19
epoch: [8], step: [55/1543], batch loss: 0.17972, batch accuracy: 80.92, data load time: 0.29661, step time: 0.03723
epoch: [8], step: [155/1543], batch loss: 0.19523, batch accuracy: 85.23, data load time: 0.26647, step time: 0.03992
epoch: [8], step: [255/1543], batch loss: 0.14382, batch accuracy: 81.00, data load time: 0.34134, step time: 0.03493
epoch: [8], step: [355/1543], batch loss: 0.16670, batch accuracy: 84.52, data load time: 0.21932, step time: 0.03930
epoch: [8], step: [455/1543], batch loss: 0.15884, batch accuracy: 84.63, data load time: 0.32543, step time: 0.03800
epoch: [8], step: [555/1543], batch loss: 0.21953, batch accuracy: 80.16, data load time: 0.28211, step time: 0.03804
epoch: [8], step: [655/1543], batch loss: 0.17907, batch accuracy: 82.93, data load time: 0.25514, step time: 0.03720
epoch: [8], step: [755/1543], batch loss: 0.11965, batch accuracy: 91.67, data load time: 0.27838, step time: 0.03260
epoch: [8], step: [855/1543], batch loss: 0.14424, batch accuracy: 89.68, data load time: 0.28278, step time: 0.03771
epoch: [8], step: [955/1543], batch loss: 0.20517, batch accuracy: 79.44, data load time: 0.37366, step time: 0.03865
epoch: [8], step: [1055/1543], batch loss: 0.17608, batch accuracy: 83.13, data load time: 0.30681, step time: 0.03999
epoch: [8], step: [1155/1543], batch loss: 0.15030, batch accuracy: 85.49, data load time: 0.30699, step time: 0.03865
epoch: [8], step: [1255/1543], batch loss: 0.24559, batch accuracy: 81.31, data load time: 0.23753, step time: 0.04215
epoch: [8], step: [1355/1543], batch loss: 0.14487, batch accuracy: 85.73, data load time: 0.24902, step time: 0.03763
epoch: [8], step: [1455/1543], batch loss: 0.15260, batch accuracy: 82.20, data load time: 0.20230, step time: 0.03565
EVALUATION METRICS:
-------------------------------------------------------------

Validation AUC Score: 0.8259

-------------------------------------------------------------
validation loss: 0.17060, accuracy: 82.59
epoch: [9], step: [12/1543], batch loss: 0.21532, batch accuracy: 69.00, data load time: 0.29696, step time: 0.04106
epoch: [9], step: [112/1543], batch loss: 0.16650, batch accuracy: 83.33, data load time: 0.33337, step time: 0.03854
epoch: [9], step: [212/1543], batch loss: 0.16980, batch accuracy: 86.79, data load time: 0.28037, step time: 0.03957
epoch: [9], step: [312/1543], batch loss: 0.17627, batch accuracy: 85.56, data load time: 0.31956, step time: 0.03936
epoch: [9], step: [412/1543], batch loss: 0.15594, batch accuracy: 90.86, data load time: 0.28728, step time: 0.04004
epoch: [9], step: [512/1543], batch loss: 0.18603, batch accuracy: 81.75, data load time: 0.26984, step time: 0.03814
epoch: [9], step: [612/1543], batch loss: 0.16139, batch accuracy: 85.54, data load time: 0.24171, step time: 0.03735
epoch: [9], step: [712/1543], batch loss: 0.15633, batch accuracy: 91.54, data load time: 0.29748, step time: 0.03559
epoch: [9], step: [812/1543], batch loss: 0.24330, batch accuracy: 77.72, data load time: 0.27462, step time: 0.04229
epoch: [9], step: [912/1543], batch loss: 0.13263, batch accuracy: 91.64, data load time: 0.30764, step time: 0.03246
epoch: [9], step: [1012/1543], batch loss: 0.17080, batch accuracy: 84.30, data load time: 0.26069, step time: 0.03588
epoch: [9], step: [1112/1543], batch loss: 0.19003, batch accuracy: 83.99, data load time: 0.25387, step time: 0.03948
epoch: [9], step: [1212/1543], batch loss: 0.15311, batch accuracy: 86.97, data load time: 0.25622, step time: 0.04098
epoch: [9], step: [1312/1543], batch loss: 0.18905, batch accuracy: 79.53, data load time: 0.28530, step time: 0.03886
epoch: [9], step: [1412/1543], batch loss: 0.19951, batch accuracy: 83.82, data load time: 0.30152, step time: 0.03362
epoch: [9], step: [1512/1543], batch loss: 0.17702, batch accuracy: 88.86, data load time: 0.34721, step time: 0.03950
EVALUATION METRICS:
-------------------------------------------------------------

Validation AUC Score: 0.8278

-------------------------------------------------------------
validation loss: 0.16380, accuracy: 82.78
epoch: [10], step: [69/1543], batch loss: 0.16619, batch accuracy: 94.44, data load time: 0.23791, step time: 0.03913
epoch: [10], step: [169/1543], batch loss: 0.16981, batch accuracy: 87.68, data load time: 0.29135, step time: 0.03762
epoch: [10], step: [269/1543], batch loss: 0.16985, batch accuracy: 90.31, data load time: 0.24908, step time: 0.04186
epoch: [10], step: [369/1543], batch loss: 0.16760, batch accuracy: 85.54, data load time: 0.28285, step time: 0.03931
epoch: [10], step: [469/1543], batch loss: 0.13547, batch accuracy: 91.05, data load time: 0.26702, step time: 0.03640
epoch: [10], step: [569/1543], batch loss: 0.19259, batch accuracy: 76.67, data load time: 0.23725, step time: 0.03700
epoch: [10], step: [669/1543], batch loss: 0.17266, batch accuracy: 84.03, data load time: 0.35887, step time: 0.03705
epoch: [10], step: [769/1543], batch loss: 0.13973, batch accuracy: 92.02, data load time: 0.20077, step time: 0.03606
epoch: [10], step: [869/1543], batch loss: 0.16855, batch accuracy: 92.93, data load time: 0.23603, step time: 0.04238
epoch: [10], step: [969/1543], batch loss: 0.14782, batch accuracy: 83.80, data load time: 0.16980, step time: 0.03408
epoch: [10], step: [1069/1543], batch loss: 0.17892, batch accuracy: 79.05, data load time: 0.22800, step time: 0.03843
epoch: [10], step: [1169/1543], batch loss: 0.14584, batch accuracy: 86.72, data load time: 0.21578, step time: 0.03474
epoch: [10], step: [1269/1543], batch loss: 0.14203, batch accuracy: 89.56, data load time: 0.25875, step time: 0.03693
epoch: [10], step: [1369/1543], batch loss: 0.17211, batch accuracy: 84.11, data load time: 0.27320, step time: 0.03694
epoch: [10], step: [1469/1543], batch loss: 0.27510, batch accuracy: 77.39, data load time: 0.32319, step time: 0.04415
EVALUATION METRICS:
-------------------------------------------------------------

Validation AUC Score: 0.8242

-------------------------------------------------------------
validation loss: 0.16502, accuracy: 82.42
epoch: [11], step: [26/1543], batch loss: 0.12801, batch accuracy: 82.46, data load time: 0.29436, step time: 0.03432
epoch: [11], step: [126/1543], batch loss: 0.18815, batch accuracy: 85.09, data load time: 0.24426, step time: 0.03785
epoch: [11], step: [226/1543], batch loss: 0.13976, batch accuracy: 78.18, data load time: 0.19237, step time: 0.03577
epoch: [11], step: [326/1543], batch loss: 0.17749, batch accuracy: 81.91, data load time: 0.18786, step time: 0.03717
epoch: [11], step: [426/1543], batch loss: 0.12514, batch accuracy: 88.61, data load time: 0.20924, step time: 0.03336
epoch: [11], step: [526/1543], batch loss: 0.16983, batch accuracy: 92.69, data load time: 0.23838, step time: 0.03851
epoch: [11], step: [626/1543], batch loss: 0.18116, batch accuracy: 87.11, data load time: 0.27206, step time: 0.04353
epoch: [11], step: [726/1543], batch loss: 0.16456, batch accuracy: 78.19, data load time: 0.24740, step time: 0.03492
epoch: [11], step: [826/1543], batch loss: 0.17991, batch accuracy: 88.47, data load time: 0.18775, step time: 0.04336
epoch: [11], step: [926/1543], batch loss: 0.16299, batch accuracy: 88.90, data load time: 0.26520, step time: 0.03698
epoch: [11], step: [1026/1543], batch loss: 0.19241, batch accuracy: 82.98, data load time: 0.18183, step time: 0.03877
epoch: [11], step: [1126/1543], batch loss: 0.14913, batch accuracy: 89.38, data load time: 0.25811, step time: 0.03850
epoch: [11], step: [1226/1543], batch loss: 0.15775, batch accuracy: 87.88, data load time: 0.30297, step time: 0.03790
epoch: [11], step: [1326/1543], batch loss: 0.17425, batch accuracy: 85.34, data load time: 0.30708, step time: 0.04143
epoch: [11], step: [1426/1543], batch loss: 0.18485, batch accuracy: 85.84, data load time: 0.23600, step time: 0.04006
epoch: [11], step: [1526/1543], batch loss: 0.16125, batch accuracy: 93.94, data load time: 0.18978, step time: 0.04226
Epoch 00012: reducing learning rate of group 0 to 2.5000e-03.
EVALUATION METRICS:
-------------------------------------------------------------

Validation AUC Score: 0.8197

-------------------------------------------------------------
validation loss: 0.16383, accuracy: 81.97
epoch: [12], step: [83/1543], batch loss: 0.12809, batch accuracy: 90.61, data load time: 0.31122, step time: 0.03503
epoch: [12], step: [183/1543], batch loss: 0.14906, batch accuracy: 90.86, data load time: 0.27287, step time: 0.03624
epoch: [12], step: [283/1543], batch loss: 0.14219, batch accuracy: 87.01, data load time: 0.17969, step time: 0.03647
epoch: [12], step: [383/1543], batch loss: 0.14869, batch accuracy: 84.24, data load time: 0.31909, step time: 0.03418
epoch: [12], step: [483/1543], batch loss: 0.21501, batch accuracy: 82.46, data load time: 0.29729, step time: 0.04061
epoch: [12], step: [583/1543], batch loss: 0.16036, batch accuracy: 81.10, data load time: 0.25562, step time: 0.03685
epoch: [12], step: [683/1543], batch loss: 0.15887, batch accuracy: 89.66, data load time: 0.28998, step time: 0.03698
epoch: [12], step: [783/1543], batch loss: 0.13221, batch accuracy: 94.30, data load time: 0.21381, step time: 0.03482
epoch: [12], step: [883/1543], batch loss: 0.17468, batch accuracy: 77.33, data load time: 0.22515, step time: 0.03870
epoch: [12], step: [983/1543], batch loss: 0.16208, batch accuracy: 80.59, data load time: 0.20968, step time: 0.03828
epoch: [12], step: [1083/1543], batch loss: 0.13682, batch accuracy: 88.03, data load time: 0.28442, step time: 0.03637
epoch: [12], step: [1183/1543], batch loss: 0.15252, batch accuracy: 93.51, data load time: 0.24147, step time: 0.04043
epoch: [12], step: [1283/1543], batch loss: 0.15873, batch accuracy: 90.34, data load time: 0.21770, step time: 0.03848
epoch: [12], step: [1383/1543], batch loss: 0.13191, batch accuracy: 87.78, data load time: 0.30670, step time: 0.03478
epoch: [12], step: [1483/1543], batch loss: 0.14832, batch accuracy: 85.83, data load time: 0.28420, step time: 0.03852
EVALUATION METRICS:
-------------------------------------------------------------

Validation AUC Score: 0.8298

-------------------------------------------------------------
validation loss: 0.15941, accuracy: 82.98
epoch: [13], step: [40/1543], batch loss: 0.16442, batch accuracy: 93.44, data load time: 0.23231, step time: 0.04342
epoch: [13], step: [140/1543], batch loss: 0.19734, batch accuracy: 86.52, data load time: 0.30115, step time: 0.04069
epoch: [13], step: [240/1543], batch loss: 0.19398, batch accuracy: 88.26, data load time: 0.33631, step time: 0.04066
epoch: [13], step: [340/1543], batch loss: 0.11262, batch accuracy: 91.15, data load time: 0.20335, step time: 0.03557
epoch: [13], step: [440/1543], batch loss: 0.20088, batch accuracy: 82.61, data load time: 0.27081, step time: 0.03847
epoch: [13], step: [540/1543], batch loss: 0.19322, batch accuracy: 85.59, data load time: 0.19961, step time: 0.03871
epoch: [13], step: [640/1543], batch loss: 0.17957, batch accuracy: 81.96, data load time: 0.27950, step time: 0.03935
epoch: [13], step: [740/1543], batch loss: 0.13338, batch accuracy: 91.78, data load time: 0.25805, step time: 0.03630
epoch: [13], step: [840/1543], batch loss: 0.19745, batch accuracy: 84.98, data load time: 0.23364, step time: 0.04316
epoch: [13], step: [940/1543], batch loss: 0.15708, batch accuracy: 85.16, data load time: 0.24142, step time: 0.03553
epoch: [13], step: [1040/1543], batch loss: 0.15589, batch accuracy: 89.81, data load time: 0.28756, step time: 0.03997
epoch: [13], step: [1140/1543], batch loss: 0.17009, batch accuracy: 82.93, data load time: 0.31678, step time: 0.03565
epoch: [13], step: [1240/1543], batch loss: 0.18518, batch accuracy: 79.03, data load time: 0.25987, step time: 0.04088
epoch: [13], step: [1340/1543], batch loss: 0.14279, batch accuracy: 88.18, data load time: 0.24438, step time: 0.03561
epoch: [13], step: [1440/1543], batch loss: 0.17683, batch accuracy: 84.53, data load time: 0.27630, step time: 0.04128
epoch: [13], step: [1540/1543], batch loss: 0.13693, batch accuracy: 88.80, data load time: 0.20882, step time: 0.03634
EVALUATION METRICS:
-------------------------------------------------------------

Validation AUC Score: 0.8317

-------------------------------------------------------------
validation loss: 0.15875, accuracy: 83.17
epoch: [14], step: [97/1543], batch loss: 0.15547, batch accuracy: 87.65, data load time: 0.23584, step time: 0.04003
epoch: [14], step: [197/1543], batch loss: 0.15707, batch accuracy: 83.61, data load time: 0.23996, step time: 0.03722
epoch: [14], step: [297/1543], batch loss: 0.10743, batch accuracy: 93.92, data load time: 0.32623, step time: 0.03131
epoch: [14], step: [397/1543], batch loss: 0.17107, batch accuracy: 88.31, data load time: 0.26383, step time: 0.03909
epoch: [14], step: [497/1543], batch loss: 0.12272, batch accuracy: 95.25, data load time: 0.22937, step time: 0.03540
epoch: [14], step: [597/1543], batch loss: 0.21213, batch accuracy: 74.60, data load time: 0.16724, step time: 0.03994
epoch: [14], step: [697/1543], batch loss: 0.12941, batch accuracy: 80.96, data load time: 0.24963, step time: 0.03571
epoch: [14], step: [797/1543], batch loss: 0.13581, batch accuracy: 88.38, data load time: 0.26269, step time: 0.03845
epoch: [14], step: [897/1543], batch loss: 0.15430, batch accuracy: 80.83, data load time: 0.14840, step time: 0.03555
epoch: [14], step: [997/1543], batch loss: 0.15759, batch accuracy: 87.79, data load time: 0.27938, step time: 0.04092
epoch: [14], step: [1097/1543], batch loss: 0.17691, batch accuracy: 86.22, data load time: 0.16951, step time: 0.03543
epoch: [14], step: [1197/1543], batch loss: 0.15241, batch accuracy: 85.43, data load time: 0.24107, step time: 0.03903
epoch: [14], step: [1297/1543], batch loss: 0.18194, batch accuracy: 72.99, data load time: 0.20569, step time: 0.03703
epoch: [14], step: [1397/1543], batch loss: 0.13025, batch accuracy: 90.54, data load time: 0.29107, step time: 0.03421
epoch: [14], step: [1497/1543], batch loss: 0.16451, batch accuracy: 84.89, data load time: 0.26804, step time: 0.03615
EVALUATION METRICS:
-------------------------------------------------------------

Validation AUC Score: 0.8333

-------------------------------------------------------------
validation loss: 0.15821, accuracy: 83.33
epoch: [15], step: [54/1543], batch loss: 0.18181, batch accuracy: 87.96, data load time: 0.25127, step time: 0.04196
epoch: [15], step: [154/1543], batch loss: 0.17524, batch accuracy: 81.38, data load time: 0.26096, step time: 0.04150
epoch: [15], step: [254/1543], batch loss: 0.19546, batch accuracy: 89.51, data load time: 0.20618, step time: 0.03916
epoch: [15], step: [354/1543], batch loss: 0.14246, batch accuracy: 81.21, data load time: 0.25815, step time: 0.03424
epoch: [15], step: [454/1543], batch loss: 0.16733, batch accuracy: 81.89, data load time: 0.26172, step time: 0.04001
epoch: [15], step: [554/1543], batch loss: 0.15888, batch accuracy: 86.87, data load time: 0.25233, step time: 0.03614
epoch: [15], step: [654/1543], batch loss: 0.12860, batch accuracy: 80.51, data load time: 0.26066, step time: 0.03345
epoch: [15], step: [754/1543], batch loss: 0.15445, batch accuracy: 85.97, data load time: 0.27941, step time: 0.03401
epoch: [15], step: [854/1543], batch loss: 0.14513, batch accuracy: 89.10, data load time: 0.24326, step time: 0.03760
epoch: [15], step: [954/1543], batch loss: 0.13491, batch accuracy: 90.90, data load time: 0.24262, step time: 0.03567
epoch: [15], step: [1054/1543], batch loss: 0.17752, batch accuracy: 87.51, data load time: 0.24948, step time: 0.03848
epoch: [15], step: [1154/1543], batch loss: 0.14369, batch accuracy: 89.48, data load time: 0.23886, step time: 0.03423
epoch: [15], step: [1254/1543], batch loss: 0.19772, batch accuracy: 81.94, data load time: 0.22429, step time: 0.03928
epoch: [15], step: [1354/1543], batch loss: 0.15414, batch accuracy: 91.47, data load time: 0.19603, step time: 0.04223
epoch: [15], step: [1454/1543], batch loss: 0.17808, batch accuracy: 82.15, data load time: 0.18955, step time: 0.03698
EVALUATION METRICS:
-------------------------------------------------------------

Validation AUC Score: 0.8304

-------------------------------------------------------------
validation loss: 0.15931, accuracy: 83.04
epoch: [16], step: [11/1543], batch loss: 0.14002, batch accuracy: 84.07, data load time: 0.22482, step time: 0.03751
epoch: [16], step: [111/1543], batch loss: 0.14214, batch accuracy: 93.43, data load time: 0.31301, step time: 0.03846
epoch: [16], step: [211/1543], batch loss: 0.15973, batch accuracy: 82.18, data load time: 0.23925, step time: 0.03917
epoch: [16], step: [311/1543], batch loss: 0.13738, batch accuracy: 92.91, data load time: 0.30138, step time: 0.03912
epoch: [16], step: [411/1543], batch loss: 0.17804, batch accuracy: 89.80, data load time: 0.29147, step time: 0.04120
epoch: [16], step: [511/1543], batch loss: 0.12708, batch accuracy: 85.76, data load time: 0.27242, step time: 0.03551
epoch: [16], step: [611/1543], batch loss: 0.14435, batch accuracy: 82.23, data load time: 0.22944, step time: 0.03408
epoch: [16], step: [711/1543], batch loss: 0.12747, batch accuracy: 88.27, data load time: 0.39305, step time: 0.03549
epoch: [16], step: [811/1543], batch loss: 0.19713, batch accuracy: 79.68, data load time: 0.16404, step time: 0.03815
epoch: [16], step: [911/1543], batch loss: 0.17248, batch accuracy: 90.27, data load time: 0.25755, step time: 0.03987
epoch: [16], step: [1011/1543], batch loss: 0.17113, batch accuracy: 84.23, data load time: 0.25874, step time: 0.03760
epoch: [16], step: [1111/1543], batch loss: 0.15269, batch accuracy: 84.06, data load time: 0.26463, step time: 0.03598
epoch: [16], step: [1211/1543], batch loss: 0.16367, batch accuracy: 78.68, data load time: 0.20550, step time: 0.03792
epoch: [16], step: [1311/1543], batch loss: 0.17396, batch accuracy: 69.61, data load time: 0.30986, step time: 0.03403
epoch: [16], step: [1411/1543], batch loss: 0.12200, batch accuracy: 88.90, data load time: 0.26564, step time: 0.03351
epoch: [16], step: [1511/1543], batch loss: 0.15563, batch accuracy: 86.14, data load time: 0.26143, step time: 0.03610
EVALUATION METRICS:
-------------------------------------------------------------

Validation AUC Score: 0.8336

-------------------------------------------------------------
validation loss: 0.15783, accuracy: 83.36
epoch: [17], step: [68/1543], batch loss: 0.16588, batch accuracy: 87.42, data load time: 0.29012, step time: 0.03787
epoch: [17], step: [168/1543], batch loss: 0.21701, batch accuracy: 85.05, data load time: 0.22138, step time: 0.03932
epoch: [17], step: [268/1543], batch loss: 0.14896, batch accuracy: 88.16, data load time: 0.22425, step time: 0.03778
epoch: [17], step: [368/1543], batch loss: 0.13206, batch accuracy: 87.70, data load time: 0.23203, step time: 0.03474
epoch: [17], step: [468/1543], batch loss: 0.16144, batch accuracy: 85.47, data load time: 0.28536, step time: 0.03687
epoch: [17], step: [568/1543], batch loss: 0.12678, batch accuracy: 89.89, data load time: 0.26296, step time: 0.03460
epoch: [17], step: [668/1543], batch loss: 0.14995, batch accuracy: 82.53, data load time: 0.27660, step time: 0.03472
epoch: [17], step: [768/1543], batch loss: 0.14656, batch accuracy: 87.34, data load time: 0.20773, step time: 0.03562
epoch: [17], step: [868/1543], batch loss: 0.16624, batch accuracy: 87.13, data load time: 0.23069, step time: 0.03788
epoch: [17], step: [968/1543], batch loss: 0.17780, batch accuracy: 81.19, data load time: 0.23197, step time: 0.03827
epoch: [17], step: [1068/1543], batch loss: 0.15438, batch accuracy: 86.99, data load time: 0.31931, step time: 0.03833
epoch: [17], step: [1168/1543], batch loss: 0.21086, batch accuracy: 77.71, data load time: 0.24322, step time: 0.03337
epoch: [17], step: [1268/1543], batch loss: 0.18647, batch accuracy: 79.08, data load time: 0.22766, step time: 0.03709
epoch: [17], step: [1368/1543], batch loss: 0.14786, batch accuracy: 88.94, data load time: 0.39736, step time: 0.03839
epoch: [17], step: [1468/1543], batch loss: 0.16843, batch accuracy: 88.32, data load time: 0.24641, step time: 0.03772
Epoch 00018: reducing learning rate of group 0 to 1.2500e-04.
EVALUATION METRICS:
-------------------------------------------------------------

Validation AUC Score: 0.8328

-------------------------------------------------------------
validation loss: 0.15858, accuracy: 83.28
epoch: [18], step: [25/1543], batch loss: 0.16070, batch accuracy: 87.18, data load time: 0.25816, step time: 0.03755
epoch: [18], step: [125/1543], batch loss: 0.12272, batch accuracy: 88.46, data load time: 0.22642, step time: 0.03502
epoch: [18], step: [225/1543], batch loss: 0.16328, batch accuracy: 88.42, data load time: 0.24669, step time: 0.03913
epoch: [18], step: [325/1543], batch loss: 0.14592, batch accuracy: 95.25, data load time: 0.28923, step time: 0.03900
epoch: [18], step: [425/1543], batch loss: 0.13486, batch accuracy: 83.52, data load time: 0.25277, step time: 0.03537
epoch: [18], step: [525/1543], batch loss: 0.16342, batch accuracy: 84.10, data load time: 0.31563, step time: 0.03603
epoch: [18], step: [625/1543], batch loss: 0.14438, batch accuracy: 90.40, data load time: 0.22960, step time: 0.03896
epoch: [18], step: [725/1543], batch loss: 0.17180, batch accuracy: 85.57, data load time: 0.24412, step time: 0.03962
epoch: [18], step: [825/1543], batch loss: 0.24068, batch accuracy: 83.54, data load time: 0.21894, step time: 0.04184
epoch: [18], step: [925/1543], batch loss: 0.17567, batch accuracy: 88.80, data load time: 0.20482, step time: 0.03966
epoch: [18], step: [1025/1543], batch loss: 0.13930, batch accuracy: 89.62, data load time: 0.24514, step time: 0.03696
epoch: [18], step: [1125/1543], batch loss: 0.14282, batch accuracy: 91.77, data load time: 0.26551, step time: 0.03604
epoch: [18], step: [1225/1543], batch loss: 0.10939, batch accuracy: 92.57, data load time: 0.30989, step time: 0.03314
epoch: [18], step: [1325/1543], batch loss: 0.15362, batch accuracy: 88.23, data load time: 0.22524, step time: 0.03550
epoch: [18], step: [1425/1543], batch loss: 0.16953, batch accuracy: 88.19, data load time: 0.25107, step time: 0.03748
epoch: [18], step: [1525/1543], batch loss: 0.16253, batch accuracy: 81.49, data load time: 0.26594, step time: 0.03401
EVALUATION METRICS:
-------------------------------------------------------------

Validation AUC Score: 0.8316

-------------------------------------------------------------
validation loss: 0.15865, accuracy: 83.16
epoch: [19], step: [82/1543], batch loss: 0.15984, batch accuracy: 90.13, data load time: 0.42074, step time: 0.04046
epoch: [19], step: [182/1543], batch loss: 0.14209, batch accuracy: 91.16, data load time: 0.27264, step time: 0.03911
epoch: [19], step: [282/1543], batch loss: 0.18840, batch accuracy: 87.66, data load time: 0.19081, step time: 0.03843
epoch: [19], step: [382/1543], batch loss: 0.13268, batch accuracy: 81.77, data load time: 0.23994, step time: 0.03418
epoch: [19], step: [482/1543], batch loss: 0.15681, batch accuracy: 84.31, data load time: 0.28053, step time: 0.03963
epoch: [19], step: [582/1543], batch loss: 0.21211, batch accuracy: 74.97, data load time: 0.25338, step time: 0.03742
epoch: [19], step: [682/1543], batch loss: 0.17598, batch accuracy: 84.44, data load time: 0.27149, step time: 0.03995
epoch: [19], step: [782/1543], batch loss: 0.16520, batch accuracy: 89.35, data load time: 0.21848, step time: 0.03821
epoch: [19], step: [882/1543], batch loss: 0.18100, batch accuracy: 93.50, data load time: 0.25287, step time: 0.04115
epoch: [19], step: [982/1543], batch loss: 0.17059, batch accuracy: 88.25, data load time: 0.27668, step time: 0.03666
epoch: [19], step: [1082/1543], batch loss: 0.16261, batch accuracy: 85.05, data load time: 0.28477, step time: 0.03843
epoch: [19], step: [1182/1543], batch loss: 0.20185, batch accuracy: 87.09, data load time: 0.24139, step time: 0.03884
epoch: [19], step: [1282/1543], batch loss: 0.16619, batch accuracy: 88.53, data load time: 0.29147, step time: 0.03608
epoch: [19], step: [1382/1543], batch loss: 0.13944, batch accuracy: 85.75, data load time: 0.31940, step time: 0.03702
epoch: [19], step: [1482/1543], batch loss: 0.14074, batch accuracy: 87.24, data load time: 0.19007, step time: 0.03697
EVALUATION METRICS:
-------------------------------------------------------------

Validation AUC Score: 0.8321

-------------------------------------------------------------
validation loss: 0.15894, accuracy: 83.21
EVALUATION METRICS:
-------------------------------------------------------------

Test AUC Score: 0.8408, Class Labels: ambient: 0.8668, baroque: 0.9320, bass: 0.7935, beat: 0.9208, cello: 0.8642, chant: 0.9005, choir: 0.9501, classical: 0.8688, country: 0.8704, dance: 0.9469, drum: 0.8584, eastern: 0.7526, electro: 0.8130, fast: 0.8239, female: 0.8002, flute: 0.8864, folk: 0.8529, foreign: 0.8030, guitar: 0.8052, hard: 0.9662, harp: 0.8575, harpsichord: 0.9396, heavy: 0.9815, india: 0.7628, jazz: 0.8840, loud: 0.9051, male: 0.8095, modern: 0.7869, new age: 0.8062, no beat: 0.6558, no piano: 0.6057, no singer: 0.6175, opera: 0.9318, orchestra: 0.8739, piano: 0.8963, pop: 0.8738, quiet: 0.8946, rock: 0.9756, singer: 0.7818, sitar: 0.7795, slow: 0.7903, soft: 0.8153, solo: 0.8431, strange: 0.7103, string: 0.7957, synth: 0.7559, techno: 0.9322, trance: 0.8963, violin: 0.8236, vocal: 0.7803

-------------------------------------------------------------
validation loss: 0.46899, accuracy: 84.08
