Loading data from /mnt/storage/scratch/ee20947/MagnaTagATune/annotations/train.pkl...
Loading data from /mnt/storage/scratch/ee20947/MagnaTagATune/annotations/train.pkl...
Loading data from /mnt/storage/scratch/ee20947/MagnaTagATune/annotations/val.pkl...
Loading data from /mnt/storage/scratch/ee20947/MagnaTagATune/annotations/test.pkl...
Writing logs to logs/CNN_sgd_momentum=0.89_learning_rate=0.19_conv_length=256_conv_stride=256_batch_size=10_epochs=30_weight_decay=1e-05_run_0
epoch: [0], step: [99/1543], batch loss: 0.18606, batch accuracy: 66.24, data load time: 0.16047, step time: 0.03002
epoch: [0], step: [199/1543], batch loss: 0.19871, batch accuracy: 63.35, data load time: 0.17588, step time: 0.03274
epoch: [0], step: [299/1543], batch loss: 0.22424, batch accuracy: 63.44, data load time: 0.17983, step time: 0.03153
epoch: [0], step: [399/1543], batch loss: 0.20173, batch accuracy: 71.72, data load time: 0.23416, step time: 0.03216
epoch: [0], step: [499/1543], batch loss: 0.22461, batch accuracy: 69.29, data load time: 0.14795, step time: 0.03293
epoch: [0], step: [599/1543], batch loss: 0.25617, batch accuracy: 64.76, data load time: 0.19020, step time: 0.03494
epoch: [0], step: [699/1543], batch loss: 0.18577, batch accuracy: 74.70, data load time: 0.06232, step time: 0.03353
epoch: [0], step: [799/1543], batch loss: 0.20056, batch accuracy: 73.45, data load time: 0.07294, step time: 0.03345
epoch: [0], step: [899/1543], batch loss: 0.20015, batch accuracy: 76.16, data load time: 0.16068, step time: 0.03336
epoch: [0], step: [999/1543], batch loss: 0.18432, batch accuracy: 79.17, data load time: 0.11621, step time: 0.03203
epoch: [0], step: [1099/1543], batch loss: 0.20148, batch accuracy: 57.79, data load time: 0.23538, step time: 0.02987
epoch: [0], step: [1199/1543], batch loss: 0.16482, batch accuracy: 87.54, data load time: 0.23296, step time: 0.03292
epoch: [0], step: [1299/1543], batch loss: 0.18998, batch accuracy: 78.12, data load time: 0.12513, step time: 0.03007
epoch: [0], step: [1399/1543], batch loss: 0.20767, batch accuracy: 79.85, data load time: 0.12639, step time: 0.03514
epoch: [0], step: [1499/1543], batch loss: 0.20242, batch accuracy: 84.33, data load time: 0.15364, step time: 0.03724
epoch: [1], step: [56/1543], batch loss: 0.23095, batch accuracy: 82.90, data load time: 0.12994, step time: 0.03653
epoch: [1], step: [156/1543], batch loss: 0.13994, batch accuracy: 80.55, data load time: 0.09076, step time: 0.02844
epoch: [1], step: [256/1543], batch loss: 0.19653, batch accuracy: 81.29, data load time: 0.15198, step time: 0.03633
epoch: [1], step: [356/1543], batch loss: 0.18163, batch accuracy: 83.57, data load time: 0.18003, step time: 0.03360
epoch: [1], step: [456/1543], batch loss: 0.17890, batch accuracy: 72.27, data load time: 0.17557, step time: 0.03087
epoch: [1], step: [556/1543], batch loss: 0.14283, batch accuracy: 77.56, data load time: 0.19676, step time: 0.02647
epoch: [1], step: [656/1543], batch loss: 0.17511, batch accuracy: 80.58, data load time: 0.13975, step time: 0.03349
epoch: [1], step: [756/1543], batch loss: 0.20585, batch accuracy: 87.57, data load time: 0.15631, step time: 0.03551
epoch: [1], step: [856/1543], batch loss: 0.26020, batch accuracy: 78.65, data load time: 0.05325, step time: 0.03758
epoch: [1], step: [956/1543], batch loss: 0.21398, batch accuracy: 81.45, data load time: 0.14675, step time: 0.03489
epoch: [1], step: [1056/1543], batch loss: 0.19282, batch accuracy: 76.82, data load time: 0.23320, step time: 0.03354
epoch: [1], step: [1156/1543], batch loss: 0.22529, batch accuracy: 64.31, data load time: 0.17183, step time: 0.03685
epoch: [1], step: [1256/1543], batch loss: 0.20857, batch accuracy: 79.70, data load time: 0.11571, step time: 0.03547
epoch: [1], step: [1356/1543], batch loss: 0.18947, batch accuracy: 77.72, data load time: 0.20018, step time: 0.03020
epoch: [1], step: [1456/1543], batch loss: 0.14106, batch accuracy: 79.07, data load time: 0.13931, step time: 0.02799
epoch: [2], step: [13/1543], batch loss: 0.15246, batch accuracy: 86.14, data load time: 0.05104, step time: 0.03071
epoch: [2], step: [113/1543], batch loss: 0.21785, batch accuracy: 81.61, data load time: 0.11906, step time: 0.03772
epoch: [2], step: [213/1543], batch loss: 0.19412, batch accuracy: 75.88, data load time: 0.10905, step time: 0.03331
epoch: [2], step: [313/1543], batch loss: 0.20766, batch accuracy: 78.07, data load time: 0.09723, step time: 0.03488
epoch: [2], step: [413/1543], batch loss: 0.17152, batch accuracy: 69.18, data load time: 0.18981, step time: 0.02873
epoch: [2], step: [513/1543], batch loss: 0.22666, batch accuracy: 74.60, data load time: 0.09962, step time: 0.03876
epoch: [2], step: [613/1543], batch loss: 0.20257, batch accuracy: 84.81, data load time: 0.11427, step time: 0.03142
epoch: [2], step: [713/1543], batch loss: 0.15551, batch accuracy: 82.55, data load time: 0.13385, step time: 0.02815
epoch: [2], step: [813/1543], batch loss: 0.18778, batch accuracy: 92.11, data load time: 0.18041, step time: 0.03224
epoch: [2], step: [913/1543], batch loss: 0.21033, batch accuracy: 80.38, data load time: 0.13060, step time: 0.03563
epoch: [2], step: [1013/1543], batch loss: 0.25948, batch accuracy: 74.79, data load time: 0.07521, step time: 0.03799
epoch: [2], step: [1113/1543], batch loss: 0.21031, batch accuracy: 77.11, data load time: 0.23464, step time: 0.03490
epoch: [2], step: [1213/1543], batch loss: 0.16545, batch accuracy: 71.85, data load time: 0.15282, step time: 0.03884
epoch: [2], step: [1313/1543], batch loss: 0.18072, batch accuracy: 81.65, data load time: 0.06493, step time: 0.03264
epoch: [2], step: [1413/1543], batch loss: 0.18818, batch accuracy: 76.67, data load time: 0.12977, step time: 0.03172
epoch: [2], step: [1513/1543], batch loss: 0.14641, batch accuracy: 80.97, data load time: 0.22699, step time: 0.03083
epoch: [3], step: [70/1543], batch loss: 0.19176, batch accuracy: 80.84, data load time: 0.12121, step time: 0.03229
epoch: [3], step: [170/1543], batch loss: 0.23098, batch accuracy: 79.58, data load time: 0.13786, step time: 0.03482
epoch: [3], step: [270/1543], batch loss: 0.15066, batch accuracy: 81.20, data load time: 0.08768, step time: 0.03100
epoch: [3], step: [370/1543], batch loss: 0.18809, batch accuracy: 73.96, data load time: 0.10184, step time: 0.03393
epoch: [3], step: [470/1543], batch loss: 0.24792, batch accuracy: 77.04, data load time: 0.14589, step time: 0.03701
epoch: [3], step: [570/1543], batch loss: 0.19020, batch accuracy: 77.94, data load time: 0.12493, step time: 0.03218
epoch: [3], step: [670/1543], batch loss: 0.18651, batch accuracy: 76.31, data load time: 0.12953, step time: 0.03501
epoch: [3], step: [770/1543], batch loss: 0.23177, batch accuracy: 77.44, data load time: 0.10616, step time: 0.04014
epoch: [3], step: [870/1543], batch loss: 0.15252, batch accuracy: 85.98, data load time: 0.15488, step time: 0.03085
epoch: [3], step: [970/1543], batch loss: 0.16943, batch accuracy: 82.58, data load time: 0.17600, step time: 0.03100
epoch: [3], step: [1070/1543], batch loss: 0.17084, batch accuracy: 73.99, data load time: 0.30295, step time: 0.03286
epoch: [3], step: [1170/1543], batch loss: 0.14832, batch accuracy: 74.48, data load time: 0.17844, step time: 0.02888
epoch: [3], step: [1270/1543], batch loss: 0.16526, batch accuracy: 86.82, data load time: 0.20522, step time: 0.03452
epoch: [3], step: [1370/1543], batch loss: 0.22779, batch accuracy: 67.41, data load time: 0.15825, step time: 0.03375
epoch: [3], step: [1470/1543], batch loss: 0.17655, batch accuracy: 77.21, data load time: 0.12024, step time: 0.03076
epoch: [4], step: [27/1543], batch loss: 0.26593, batch accuracy: 66.57, data load time: 0.09945, step time: 0.04326
epoch: [4], step: [127/1543], batch loss: 0.17309, batch accuracy: 77.81, data load time: 0.09017, step time: 0.03375
epoch: [4], step: [227/1543], batch loss: 0.24155, batch accuracy: 74.68, data load time: 0.16397, step time: 0.03643
epoch: [4], step: [327/1543], batch loss: 0.20950, batch accuracy: 65.97, data load time: 0.20244, step time: 0.03170
epoch: [4], step: [427/1543], batch loss: 0.17491, batch accuracy: 86.81, data load time: 0.14263, step time: 0.03160
epoch: [4], step: [527/1543], batch loss: 0.15915, batch accuracy: 82.94, data load time: 0.18446, step time: 0.03232
epoch: [4], step: [627/1543], batch loss: 0.19647, batch accuracy: 78.55, data load time: 0.16177, step time: 0.03313
epoch: [4], step: [727/1543], batch loss: 0.19380, batch accuracy: 84.42, data load time: 0.15252, step time: 0.03519
epoch: [4], step: [827/1543], batch loss: 0.14992, batch accuracy: 74.23, data load time: 0.11839, step time: 0.03116
epoch: [4], step: [927/1543], batch loss: 0.16765, batch accuracy: 80.43, data load time: 0.24873, step time: 0.03305
epoch: [4], step: [1027/1543], batch loss: 0.16005, batch accuracy: 85.50, data load time: 0.15685, step time: 0.03182
epoch: [4], step: [1127/1543], batch loss: 0.18786, batch accuracy: 80.56, data load time: 0.08334, step time: 0.03075
epoch: [4], step: [1227/1543], batch loss: 0.13854, batch accuracy: 86.25, data load time: 0.10122, step time: 0.03372
epoch: [4], step: [1327/1543], batch loss: 0.14728, batch accuracy: 84.65, data load time: 0.20192, step time: 0.03087
epoch: [4], step: [1427/1543], batch loss: 0.20090, batch accuracy: 85.72, data load time: 0.16206, step time: 0.03298
epoch: [4], step: [1527/1543], batch loss: 0.15998, batch accuracy: 84.66, data load time: 0.12502, step time: 0.03090
EVALUATION METRICS:
-------------------------------------------------------------

Validation: AUC Score: 0.8038

-------------------------------------------------------------
validation loss: 0.17626, accuracy: 80.38
epoch: [5], step: [84/1543], batch loss: 0.20871, batch accuracy: 74.36, data load time: 0.16471, step time: 0.03426
epoch: [5], step: [184/1543], batch loss: 0.15366, batch accuracy: 85.87, data load time: 0.16557, step time: 0.03154
epoch: [5], step: [284/1543], batch loss: 0.14361, batch accuracy: 86.38, data load time: 0.08257, step time: 0.03731
epoch: [5], step: [384/1543], batch loss: 0.20136, batch accuracy: 79.79, data load time: 0.10581, step time: 0.03611
epoch: [5], step: [484/1543], batch loss: 0.16005, batch accuracy: 85.77, data load time: 0.10685, step time: 0.03462
epoch: [5], step: [584/1543], batch loss: 0.16903, batch accuracy: 83.14, data load time: 0.16653, step time: 0.03488
epoch: [5], step: [684/1543], batch loss: 0.16812, batch accuracy: 87.98, data load time: 0.09317, step time: 0.03590
epoch: [5], step: [784/1543], batch loss: 0.15605, batch accuracy: 89.64, data load time: 0.11581, step time: 0.03134
epoch: [5], step: [884/1543], batch loss: 0.18557, batch accuracy: 77.30, data load time: 0.14028, step time: 0.03161
epoch: [5], step: [984/1543], batch loss: 0.17691, batch accuracy: 90.24, data load time: 0.16601, step time: 0.03447
epoch: [5], step: [1084/1543], batch loss: 0.14921, batch accuracy: 91.01, data load time: 0.16993, step time: 0.02957
epoch: [5], step: [1184/1543], batch loss: 0.16736, batch accuracy: 87.09, data load time: 0.18690, step time: 0.03300
epoch: [5], step: [1284/1543], batch loss: 0.14930, batch accuracy: 87.87, data load time: 0.20058, step time: 0.03188
epoch: [5], step: [1384/1543], batch loss: 0.18723, batch accuracy: 84.41, data load time: 0.12233, step time: 0.03480
epoch: [5], step: [1484/1543], batch loss: 0.15297, batch accuracy: 85.76, data load time: 0.11818, step time: 0.03438
epoch: [6], step: [41/1543], batch loss: 0.21115, batch accuracy: 80.47, data load time: 0.13314, step time: 0.03555
epoch: [6], step: [141/1543], batch loss: 0.17147, batch accuracy: 76.77, data load time: 0.11637, step time: 0.03257
epoch: [6], step: [241/1543], batch loss: 0.21423, batch accuracy: 78.75, data load time: 0.06026, step time: 0.03910
epoch: [6], step: [341/1543], batch loss: 0.17513, batch accuracy: 83.52, data load time: 0.08695, step time: 0.03326
epoch: [6], step: [441/1543], batch loss: 0.20892, batch accuracy: 67.58, data load time: 0.17228, step time: 0.03093
epoch: [6], step: [541/1543], batch loss: 0.14966, batch accuracy: 82.14, data load time: 0.10983, step time: 0.03158
epoch: [6], step: [641/1543], batch loss: 0.18424, batch accuracy: 83.04, data load time: 0.11437, step time: 0.03299
epoch: [6], step: [741/1543], batch loss: 0.15732, batch accuracy: 80.67, data load time: 0.08693, step time: 0.03559
epoch: [6], step: [841/1543], batch loss: 0.14126, batch accuracy: 86.38, data load time: 0.09772, step time: 0.02881
epoch: [6], step: [941/1543], batch loss: 0.12380, batch accuracy: 88.93, data load time: 0.18271, step time: 0.03099
epoch: [6], step: [1041/1543], batch loss: 0.13369, batch accuracy: 87.30, data load time: 0.15029, step time: 0.02946
epoch: [6], step: [1141/1543], batch loss: 0.15371, batch accuracy: 84.89, data load time: 0.18978, step time: 0.03044
epoch: [6], step: [1241/1543], batch loss: 0.18228, batch accuracy: 74.48, data load time: 0.16685, step time: 0.03023
epoch: [6], step: [1341/1543], batch loss: 0.18050, batch accuracy: 84.09, data load time: 0.18332, step time: 0.03218
epoch: [6], step: [1441/1543], batch loss: 0.15643, batch accuracy: 88.10, data load time: 0.16671, step time: 0.03164
epoch: [6], step: [1541/1543], batch loss: 0.14947, batch accuracy: 85.01, data load time: 0.06878, step time: 0.03157
epoch: [7], step: [98/1543], batch loss: 0.17827, batch accuracy: 74.96, data load time: 0.15144, step time: 0.02951
epoch: [7], step: [198/1543], batch loss: 0.15739, batch accuracy: 83.18, data load time: 0.14575, step time: 0.03162
epoch: [7], step: [298/1543], batch loss: 0.14319, batch accuracy: 90.69, data load time: 0.10256, step time: 0.03563
epoch: [7], step: [398/1543], batch loss: 0.19595, batch accuracy: 82.02, data load time: 0.16028, step time: 0.03451
epoch: [7], step: [498/1543], batch loss: 0.11585, batch accuracy: 93.62, data load time: 0.17040, step time: 0.03106
epoch: [7], step: [598/1543], batch loss: 0.19314, batch accuracy: 68.36, data load time: 0.18649, step time: 0.03356
epoch: [7], step: [698/1543], batch loss: 0.14684, batch accuracy: 89.15, data load time: 0.16608, step time: 0.03513
epoch: [7], step: [798/1543], batch loss: 0.16929, batch accuracy: 91.18, data load time: 0.08446, step time: 0.03494
epoch: [7], step: [898/1543], batch loss: 0.17035, batch accuracy: 82.35, data load time: 0.16777, step time: 0.02898
epoch: [7], step: [998/1543], batch loss: 0.14911, batch accuracy: 79.35, data load time: 0.12854, step time: 0.03087
epoch: [7], step: [1098/1543], batch loss: 0.17836, batch accuracy: 79.45, data load time: 0.16927, step time: 0.03161
epoch: [7], step: [1198/1543], batch loss: 0.20627, batch accuracy: 76.53, data load time: 0.07553, step time: 0.03534
epoch: [7], step: [1298/1543], batch loss: 0.16546, batch accuracy: 79.86, data load time: 0.13599, step time: 0.03257
epoch: [7], step: [1398/1543], batch loss: 0.11256, batch accuracy: 92.44, data load time: 0.09614, step time: 0.03151
epoch: [7], step: [1498/1543], batch loss: 0.14169, batch accuracy: 83.39, data load time: 0.16735, step time: 0.03234
epoch: [8], step: [55/1543], batch loss: 0.21261, batch accuracy: 79.46, data load time: 0.02473, step time: 0.03911
epoch: [8], step: [155/1543], batch loss: 0.16607, batch accuracy: 77.08, data load time: 0.16141, step time: 0.03307
epoch: [8], step: [255/1543], batch loss: 0.15807, batch accuracy: 87.65, data load time: 0.10597, step time: 0.03657
epoch: [8], step: [355/1543], batch loss: 0.19676, batch accuracy: 84.75, data load time: 0.10324, step time: 0.03920
epoch: [8], step: [455/1543], batch loss: 0.18371, batch accuracy: 81.86, data load time: 0.10827, step time: 0.03962
epoch: [8], step: [555/1543], batch loss: 0.18857, batch accuracy: 79.64, data load time: 0.12575, step time: 0.03380
epoch: [8], step: [655/1543], batch loss: 0.21061, batch accuracy: 79.25, data load time: 0.10933, step time: 0.03312
epoch: [8], step: [755/1543], batch loss: 0.15602, batch accuracy: 83.61, data load time: 0.05580, step time: 0.02805
epoch: [8], step: [855/1543], batch loss: 0.17692, batch accuracy: 69.18, data load time: 0.14261, step time: 0.03147
epoch: [8], step: [955/1543], batch loss: 0.17222, batch accuracy: 85.17, data load time: 0.13787, step time: 0.03319
epoch: [8], step: [1055/1543], batch loss: 0.19680, batch accuracy: 82.11, data load time: 0.12736, step time: 0.03364
epoch: [8], step: [1155/1543], batch loss: 0.19871, batch accuracy: 75.27, data load time: 0.07704, step time: 0.03092
epoch: [8], step: [1255/1543], batch loss: 0.16068, batch accuracy: 81.48, data load time: 0.13458, step time: 0.03219
epoch: [8], step: [1355/1543], batch loss: 0.14308, batch accuracy: 77.20, data load time: 0.15154, step time: 0.05822
epoch: [8], step: [1455/1543], batch loss: 0.19932, batch accuracy: 90.61, data load time: 0.13808, step time: 0.03575
epoch: [9], step: [12/1543], batch loss: 0.14960, batch accuracy: 86.52, data load time: 0.07042, step time: 0.03033
epoch: [9], step: [112/1543], batch loss: 0.13510, batch accuracy: 89.99, data load time: 0.05110, step time: 0.02902
epoch: [9], step: [212/1543], batch loss: 0.18939, batch accuracy: 88.72, data load time: 0.08658, step time: 0.03759
epoch: [9], step: [312/1543], batch loss: 0.15156, batch accuracy: 86.84, data load time: 0.12017, step time: 0.03522
epoch: [9], step: [412/1543], batch loss: 0.15490, batch accuracy: 82.37, data load time: 0.15308, step time: 0.03371
epoch: [9], step: [512/1543], batch loss: 0.12754, batch accuracy: 84.53, data load time: 0.11295, step time: 0.03224
epoch: [9], step: [612/1543], batch loss: 0.15639, batch accuracy: 94.32, data load time: 0.14092, step time: 0.03667
epoch: [9], step: [712/1543], batch loss: 0.11584, batch accuracy: 85.91, data load time: 0.10464, step time: 0.02751
epoch: [9], step: [812/1543], batch loss: 0.14881, batch accuracy: 87.04, data load time: 0.17223, step time: 0.03097
epoch: [9], step: [912/1543], batch loss: 0.15051, batch accuracy: 85.76, data load time: 0.08877, step time: 0.03970
epoch: [9], step: [1012/1543], batch loss: 0.16698, batch accuracy: 83.75, data load time: 0.09139, step time: 0.03687
epoch: [9], step: [1112/1543], batch loss: 0.12600, batch accuracy: 89.89, data load time: 0.08498, step time: 0.03309
epoch: [9], step: [1212/1543], batch loss: 0.13690, batch accuracy: 86.82, data load time: 0.09311, step time: 0.03161
epoch: [9], step: [1312/1543], batch loss: 0.18700, batch accuracy: 76.14, data load time: 0.10009, step time: 0.03356
epoch: [9], step: [1412/1543], batch loss: 0.21899, batch accuracy: 75.68, data load time: 0.08317, step time: 0.03429
epoch: [9], step: [1512/1543], batch loss: 0.18486, batch accuracy: 84.99, data load time: 0.14714, step time: 0.03363
EVALUATION METRICS:
-------------------------------------------------------------

Validation: AUC Score: 0.8328

-------------------------------------------------------------
validation loss: 0.16351, accuracy: 83.28
epoch: [10], step: [69/1543], batch loss: 0.17490, batch accuracy: 85.47, data load time: 0.17013, step time: 0.03294
epoch: [10], step: [169/1543], batch loss: 0.18680, batch accuracy: 83.81, data load time: 0.11271, step time: 0.03509
epoch: [10], step: [269/1543], batch loss: 0.18144, batch accuracy: 77.52, data load time: 0.07425, step time: 0.03151
epoch: [10], step: [369/1543], batch loss: 0.15421, batch accuracy: 90.14, data load time: 0.11186, step time: 0.03163
epoch: [10], step: [469/1543], batch loss: 0.17553, batch accuracy: 82.72, data load time: 0.14347, step time: 0.03601
epoch: [10], step: [569/1543], batch loss: 0.15694, batch accuracy: 84.15, data load time: 0.13710, step time: 0.03524
epoch: [10], step: [669/1543], batch loss: 0.20194, batch accuracy: 83.77, data load time: 0.15743, step time: 0.03878
epoch: [10], step: [769/1543], batch loss: 0.13622, batch accuracy: 78.47, data load time: 0.18279, step time: 0.03173
epoch: [10], step: [869/1543], batch loss: 0.20404, batch accuracy: 78.38, data load time: 0.14452, step time: 0.03617
epoch: [10], step: [969/1543], batch loss: 0.16772, batch accuracy: 84.56, data load time: 0.17021, step time: 0.03427
epoch: [10], step: [1069/1543], batch loss: 0.11650, batch accuracy: 91.35, data load time: 0.11129, step time: 0.03144
epoch: [10], step: [1169/1543], batch loss: 0.17025, batch accuracy: 86.32, data load time: 0.12409, step time: 0.03424
epoch: [10], step: [1269/1543], batch loss: 0.15316, batch accuracy: 84.31, data load time: 0.12866, step time: 0.03224
epoch: [10], step: [1369/1543], batch loss: 0.20545, batch accuracy: 83.49, data load time: 0.12645, step time: 0.03698
epoch: [10], step: [1469/1543], batch loss: 0.16318, batch accuracy: 84.42, data load time: 0.12738, step time: 0.02941
Epoch 00011: reducing learning rate of group 0 to 9.5000e-03.
epoch: [11], step: [26/1543], batch loss: 0.17075, batch accuracy: 84.83, data load time: 0.10733, step time: 0.04320
epoch: [11], step: [126/1543], batch loss: 0.19754, batch accuracy: 79.40, data load time: 0.02881, step time: 0.03761
epoch: [11], step: [226/1543], batch loss: 0.20182, batch accuracy: 86.03, data load time: 0.06514, step time: 0.03515
epoch: [11], step: [326/1543], batch loss: 0.15351, batch accuracy: 82.70, data load time: 0.12976, step time: 0.03153
epoch: [11], step: [426/1543], batch loss: 0.17444, batch accuracy: 81.15, data load time: 0.11321, step time: 0.03495
epoch: [11], step: [526/1543], batch loss: 0.14636, batch accuracy: 86.49, data load time: 0.10812, step time: 0.03148
epoch: [11], step: [626/1543], batch loss: 0.13005, batch accuracy: 93.15, data load time: 0.13455, step time: 0.02803
epoch: [11], step: [726/1543], batch loss: 0.15205, batch accuracy: 86.16, data load time: 0.14145, step time: 0.02677
epoch: [11], step: [826/1543], batch loss: 0.18464, batch accuracy: 77.34, data load time: 0.05774, step time: 0.03203
epoch: [11], step: [926/1543], batch loss: 0.17362, batch accuracy: 88.48, data load time: 0.20808, step time: 0.03320
epoch: [11], step: [1026/1543], batch loss: 0.15979, batch accuracy: 82.88, data load time: 0.10046, step time: 0.03432
epoch: [11], step: [1126/1543], batch loss: 0.19943, batch accuracy: 75.64, data load time: 0.18134, step time: 0.02740
epoch: [11], step: [1226/1543], batch loss: 0.14721, batch accuracy: 87.78, data load time: 0.12345, step time: 0.02987
epoch: [11], step: [1326/1543], batch loss: 0.14698, batch accuracy: 82.13, data load time: 0.07864, step time: 0.03078
epoch: [11], step: [1426/1543], batch loss: 0.16106, batch accuracy: 83.36, data load time: 0.10830, step time: 0.03300
epoch: [11], step: [1526/1543], batch loss: 0.13188, batch accuracy: 89.26, data load time: 0.15183, step time: 0.02797
epoch: [12], step: [83/1543], batch loss: 0.15922, batch accuracy: 84.18, data load time: 0.12929, step time: 0.02944
epoch: [12], step: [183/1543], batch loss: 0.16738, batch accuracy: 81.40, data load time: 0.07998, step time: 0.03240
epoch: [12], step: [283/1543], batch loss: 0.17033, batch accuracy: 87.93, data load time: 0.11703, step time: 0.04089
epoch: [12], step: [383/1543], batch loss: 0.16390, batch accuracy: 88.58, data load time: 0.09841, step time: 0.03301
epoch: [12], step: [483/1543], batch loss: 0.14974, batch accuracy: 88.90, data load time: 0.06993, step time: 0.03224
epoch: [12], step: [583/1543], batch loss: 0.18601, batch accuracy: 87.21, data load time: 0.08391, step time: 0.03950
epoch: [12], step: [683/1543], batch loss: 0.20812, batch accuracy: 82.49, data load time: 0.09283, step time: 0.03633
epoch: [12], step: [783/1543], batch loss: 0.13488, batch accuracy: 88.66, data load time: 0.11878, step time: 0.03237
epoch: [12], step: [883/1543], batch loss: 0.14871, batch accuracy: 89.28, data load time: 0.11311, step time: 0.03367
epoch: [12], step: [983/1543], batch loss: 0.16473, batch accuracy: 86.07, data load time: 0.16198, step time: 0.03816
epoch: [12], step: [1083/1543], batch loss: 0.17901, batch accuracy: 88.77, data load time: 0.11024, step time: 0.03146
epoch: [12], step: [1183/1543], batch loss: 0.16016, batch accuracy: 81.61, data load time: 0.09350, step time: 0.03246
epoch: [12], step: [1283/1543], batch loss: 0.15304, batch accuracy: 81.18, data load time: 0.10729, step time: 0.03084
epoch: [12], step: [1383/1543], batch loss: 0.13217, batch accuracy: 89.59, data load time: 0.11775, step time: 0.03452
epoch: [12], step: [1483/1543], batch loss: 0.16068, batch accuracy: 79.13, data load time: 0.11139, step time: 0.03418
epoch: [13], step: [40/1543], batch loss: 0.19977, batch accuracy: 89.36, data load time: 0.04290, step time: 0.04042
epoch: [13], step: [140/1543], batch loss: 0.14159, batch accuracy: 83.79, data load time: 0.08586, step time: 0.03415
epoch: [13], step: [240/1543], batch loss: 0.13505, batch accuracy: 88.96, data load time: 0.04656, step time: 0.03451
epoch: [13], step: [340/1543], batch loss: 0.12788, batch accuracy: 83.88, data load time: 0.05572, step time: 0.03808
epoch: [13], step: [440/1543], batch loss: 0.17007, batch accuracy: 86.12, data load time: 0.10398, step time: 0.03662
epoch: [13], step: [540/1543], batch loss: 0.21476, batch accuracy: 84.87, data load time: 0.06768, step time: 0.03790
epoch: [13], step: [640/1543], batch loss: 0.14656, batch accuracy: 90.56, data load time: 0.11803, step time: 0.03298
epoch: [13], step: [740/1543], batch loss: 0.12635, batch accuracy: 84.50, data load time: 0.09063, step time: 0.03102
epoch: [13], step: [840/1543], batch loss: 0.15082, batch accuracy: 83.70, data load time: 0.06758, step time: 0.03375
epoch: [13], step: [940/1543], batch loss: 0.16085, batch accuracy: 79.89, data load time: 0.14421, step time: 0.03025
epoch: [13], step: [1040/1543], batch loss: 0.18651, batch accuracy: 82.95, data load time: 0.10291, step time: 0.03576
epoch: [13], step: [1140/1543], batch loss: 0.16792, batch accuracy: 86.24, data load time: 0.08571, step time: 0.03724
epoch: [13], step: [1240/1543], batch loss: 0.15449, batch accuracy: 83.63, data load time: 0.08508, step time: 0.03243
epoch: [13], step: [1340/1543], batch loss: 0.18783, batch accuracy: 82.35, data load time: 0.09139, step time: 0.03525
epoch: [13], step: [1440/1543], batch loss: 0.20864, batch accuracy: 84.38, data load time: 0.17155, step time: 0.03583
epoch: [13], step: [1540/1543], batch loss: 0.16825, batch accuracy: 77.78, data load time: 0.13962, step time: 0.03409
epoch: [14], step: [97/1543], batch loss: 0.16223, batch accuracy: 85.01, data load time: 0.07955, step time: 0.03429
epoch: [14], step: [197/1543], batch loss: 0.14706, batch accuracy: 84.56, data load time: 0.04380, step time: 0.03253
epoch: [14], step: [297/1543], batch loss: 0.16915, batch accuracy: 83.60, data load time: 0.06451, step time: 0.03035
epoch: [14], step: [397/1543], batch loss: 0.18099, batch accuracy: 92.18, data load time: 0.07755, step time: 0.03844
epoch: [14], step: [497/1543], batch loss: 0.14602, batch accuracy: 94.47, data load time: 0.09886, step time: 0.03352
epoch: [14], step: [597/1543], batch loss: 0.24172, batch accuracy: 74.57, data load time: 0.06611, step time: 0.03715
epoch: [14], step: [697/1543], batch loss: 0.14216, batch accuracy: 82.75, data load time: 0.14406, step time: 0.03244
epoch: [14], step: [797/1543], batch loss: 0.17372, batch accuracy: 89.24, data load time: 0.08182, step time: 0.03445
epoch: [14], step: [897/1543], batch loss: 0.16835, batch accuracy: 89.86, data load time: 0.10337, step time: 0.03819
epoch: [14], step: [997/1543], batch loss: 0.14459, batch accuracy: 87.56, data load time: 0.06904, step time: 0.03424
epoch: [14], step: [1097/1543], batch loss: 0.13925, batch accuracy: 79.37, data load time: 0.10981, step time: 0.02942
epoch: [14], step: [1197/1543], batch loss: 0.18203, batch accuracy: 84.56, data load time: 0.10796, step time: 0.03015
epoch: [14], step: [1297/1543], batch loss: 0.18089, batch accuracy: 85.13, data load time: 0.11100, step time: 0.03801
epoch: [14], step: [1397/1543], batch loss: 0.17389, batch accuracy: 85.24, data load time: 0.07120, step time: 0.03416
epoch: [14], step: [1497/1543], batch loss: 0.14250, batch accuracy: 89.64, data load time: 0.10972, step time: 0.03411
EVALUATION METRICS:
-------------------------------------------------------------

Validation: AUC Score: 0.8405

-------------------------------------------------------------
validation loss: 0.15760, accuracy: 84.05
epoch: [15], step: [54/1543], batch loss: 0.13542, batch accuracy: 90.29, data load time: 0.05976, step time: 0.03306
epoch: [15], step: [154/1543], batch loss: 0.23923, batch accuracy: 79.38, data load time: 0.07949, step time: 0.03684
epoch: [15], step: [254/1543], batch loss: 0.16582, batch accuracy: 90.93, data load time: 0.14228, step time: 0.04008
epoch: [15], step: [354/1543], batch loss: 0.14187, batch accuracy: 91.41, data load time: 0.09974, step time: 0.03089
epoch: [15], step: [454/1543], batch loss: 0.14047, batch accuracy: 86.71, data load time: 0.11220, step time: 0.03012
epoch: [15], step: [554/1543], batch loss: 0.14218, batch accuracy: 90.34, data load time: 0.06994, step time: 0.03420
epoch: [15], step: [654/1543], batch loss: 0.17800, batch accuracy: 89.71, data load time: 0.13305, step time: 0.04195
epoch: [15], step: [754/1543], batch loss: 0.14967, batch accuracy: 86.96, data load time: 0.11605, step time: 0.03478
epoch: [15], step: [854/1543], batch loss: 0.16043, batch accuracy: 87.34, data load time: 0.16884, step time: 0.03562
epoch: [15], step: [954/1543], batch loss: 0.16671, batch accuracy: 77.27, data load time: 0.17268, step time: 0.03487
epoch: [15], step: [1054/1543], batch loss: 0.15801, batch accuracy: 94.96, data load time: 0.05746, step time: 0.03884
epoch: [15], step: [1154/1543], batch loss: 0.13628, batch accuracy: 89.34, data load time: 0.07186, step time: 0.03126
epoch: [15], step: [1254/1543], batch loss: 0.18819, batch accuracy: 78.85, data load time: 0.12984, step time: 0.03272
epoch: [15], step: [1354/1543], batch loss: 0.14017, batch accuracy: 92.16, data load time: 0.11291, step time: 0.03224
epoch: [15], step: [1454/1543], batch loss: 0.13622, batch accuracy: 89.36, data load time: 0.13287, step time: 0.03538
epoch: [16], step: [11/1543], batch loss: 0.14660, batch accuracy: 86.24, data load time: 0.06015, step time: 0.03045
epoch: [16], step: [111/1543], batch loss: 0.18235, batch accuracy: 87.87, data load time: 0.06665, step time: 0.03745
epoch: [16], step: [211/1543], batch loss: 0.18988, batch accuracy: 85.53, data load time: 0.08578, step time: 0.03589
epoch: [16], step: [311/1543], batch loss: 0.18560, batch accuracy: 88.50, data load time: 0.10354, step time: 0.03681
epoch: [16], step: [411/1543], batch loss: 0.17800, batch accuracy: 83.25, data load time: 0.09669, step time: 0.03307
epoch: [16], step: [511/1543], batch loss: 0.14660, batch accuracy: 92.56, data load time: 0.07154, step time: 0.03234
epoch: [16], step: [611/1543], batch loss: 0.20290, batch accuracy: 71.26, data load time: 0.11498, step time: 0.22852
epoch: [16], step: [711/1543], batch loss: 0.13964, batch accuracy: 91.74, data load time: 0.11146, step time: 0.03053
epoch: [16], step: [811/1543], batch loss: 0.14650, batch accuracy: 83.46, data load time: 0.06477, step time: 0.03494
epoch: [16], step: [911/1543], batch loss: 0.16460, batch accuracy: 85.73, data load time: 0.09671, step time: 0.03667
epoch: [16], step: [1011/1543], batch loss: 0.16625, batch accuracy: 83.21, data load time: 0.08456, step time: 0.03369
epoch: [16], step: [1111/1543], batch loss: 0.19375, batch accuracy: 84.10, data load time: 0.08417, step time: 0.03509
epoch: [16], step: [1211/1543], batch loss: 0.12350, batch accuracy: 85.50, data load time: 0.21845, step time: 0.02874
epoch: [16], step: [1311/1543], batch loss: 0.14685, batch accuracy: 81.85, data load time: 0.07432, step time: 0.03026
epoch: [16], step: [1411/1543], batch loss: 0.24427, batch accuracy: 86.58, data load time: 0.10382, step time: 0.03906
epoch: [16], step: [1511/1543], batch loss: 0.15783, batch accuracy: 89.35, data load time: 0.05201, step time: 0.03852
epoch: [17], step: [68/1543], batch loss: 0.14081, batch accuracy: 87.02, data load time: 0.04222, step time: 0.03172
epoch: [17], step: [168/1543], batch loss: 0.14128, batch accuracy: 84.81, data load time: 0.14630, step time: 0.02973
epoch: [17], step: [268/1543], batch loss: 0.10451, batch accuracy: 97.22, data load time: 0.18540, step time: 0.02951
epoch: [17], step: [368/1543], batch loss: 0.12624, batch accuracy: 83.91, data load time: 0.16740, step time: 0.03312
epoch: [17], step: [468/1543], batch loss: 0.12985, batch accuracy: 90.52, data load time: 0.08708, step time: 0.03919
epoch: [17], step: [568/1543], batch loss: 0.18418, batch accuracy: 84.49, data load time: 0.12700, step time: 0.03277
epoch: [17], step: [668/1543], batch loss: 0.12493, batch accuracy: 88.70, data load time: 0.12465, step time: 0.03034
epoch: [17], step: [768/1543], batch loss: 0.16484, batch accuracy: 84.14, data load time: 0.10123, step time: 0.03526
epoch: [17], step: [868/1543], batch loss: 0.16100, batch accuracy: 85.92, data load time: 0.05907, step time: 0.03441
epoch: [17], step: [968/1543], batch loss: 0.19227, batch accuracy: 82.90, data load time: 0.10856, step time: 0.03680
epoch: [17], step: [1068/1543], batch loss: 0.13104, batch accuracy: 84.68, data load time: 0.08309, step time: 0.03637
epoch: [17], step: [1168/1543], batch loss: 0.11284, batch accuracy: 93.09, data load time: 0.10370, step time: 0.03430
epoch: [17], step: [1268/1543], batch loss: 0.19248, batch accuracy: 79.79, data load time: 0.08831, step time: 0.03956
epoch: [17], step: [1368/1543], batch loss: 0.16907, batch accuracy: 78.45, data load time: 0.09247, step time: 0.03154
epoch: [17], step: [1468/1543], batch loss: 0.16938, batch accuracy: 84.52, data load time: 0.17679, step time: 0.02819
epoch: [18], step: [25/1543], batch loss: 0.13524, batch accuracy: 94.95, data load time: 0.06908, step time: 0.03172
epoch: [18], step: [125/1543], batch loss: 0.14919, batch accuracy: 87.44, data load time: 0.09588, step time: 0.03239
epoch: [18], step: [225/1543], batch loss: 0.19453, batch accuracy: 87.76, data load time: 0.15474, step time: 0.03786
epoch: [18], step: [325/1543], batch loss: 0.16747, batch accuracy: 72.51, data load time: 0.07965, step time: 0.03372
epoch: [18], step: [425/1543], batch loss: 0.15234, batch accuracy: 92.91, data load time: 0.10845, step time: 0.03696
epoch: [18], step: [525/1543], batch loss: 0.15248, batch accuracy: 84.67, data load time: 0.15192, step time: 0.03439
epoch: [18], step: [625/1543], batch loss: 0.13615, batch accuracy: 88.01, data load time: 0.10372, step time: 0.03320
epoch: [18], step: [725/1543], batch loss: 0.17526, batch accuracy: 91.29, data load time: 0.06948, step time: 0.03753
epoch: [18], step: [825/1543], batch loss: 0.15229, batch accuracy: 92.16, data load time: 0.08884, step time: 0.03776
epoch: [18], step: [925/1543], batch loss: 0.15676, batch accuracy: 91.36, data load time: 0.11837, step time: 0.03372
epoch: [18], step: [1025/1543], batch loss: 0.11464, batch accuracy: 85.58, data load time: 0.11138, step time: 0.03205
epoch: [18], step: [1125/1543], batch loss: 0.17413, batch accuracy: 78.75, data load time: 0.09427, step time: 0.03300
epoch: [18], step: [1225/1543], batch loss: 0.15041, batch accuracy: 89.58, data load time: 0.11058, step time: 0.03610
epoch: [18], step: [1325/1543], batch loss: 0.16351, batch accuracy: 74.71, data load time: 0.13516, step time: 0.03242
epoch: [18], step: [1425/1543], batch loss: 0.16289, batch accuracy: 91.00, data load time: 0.11781, step time: 0.03990
epoch: [18], step: [1525/1543], batch loss: 0.19729, batch accuracy: 75.93, data load time: 0.07103, step time: 0.03607
Epoch 00019: reducing learning rate of group 0 to 4.7500e-04.
epoch: [19], step: [82/1543], batch loss: 0.14187, batch accuracy: 82.07, data load time: 0.08876, step time: 0.03106
epoch: [19], step: [182/1543], batch loss: 0.18801, batch accuracy: 81.36, data load time: 0.09708, step time: 0.06115
epoch: [19], step: [282/1543], batch loss: 0.15971, batch accuracy: 88.83, data load time: 0.07802, step time: 0.03433
epoch: [19], step: [382/1543], batch loss: 0.14761, batch accuracy: 85.92, data load time: 0.09474, step time: 0.03082
epoch: [19], step: [482/1543], batch loss: 0.12155, batch accuracy: 93.06, data load time: 0.12777, step time: 0.03380
epoch: [19], step: [582/1543], batch loss: 0.15139, batch accuracy: 92.08, data load time: 0.10093, step time: 0.03698
epoch: [19], step: [682/1543], batch loss: 0.15278, batch accuracy: 89.27, data load time: 0.08794, step time: 0.03563
epoch: [19], step: [782/1543], batch loss: 0.18747, batch accuracy: 85.65, data load time: 0.07191, step time: 0.03515
epoch: [19], step: [882/1543], batch loss: 0.19811, batch accuracy: 89.86, data load time: 0.16322, step time: 0.03303
epoch: [19], step: [982/1543], batch loss: 0.17182, batch accuracy: 80.48, data load time: 0.13142, step time: 0.03299
epoch: [19], step: [1082/1543], batch loss: 0.12990, batch accuracy: 92.30, data load time: 0.08908, step time: 0.03382
epoch: [19], step: [1182/1543], batch loss: 0.18745, batch accuracy: 89.40, data load time: 0.17558, step time: 0.04027
epoch: [19], step: [1282/1543], batch loss: 0.16501, batch accuracy: 87.70, data load time: 0.11111, step time: 0.02956
epoch: [19], step: [1382/1543], batch loss: 0.16493, batch accuracy: 90.51, data load time: 0.13799, step time: 0.04354
epoch: [19], step: [1482/1543], batch loss: 0.12631, batch accuracy: 88.32, data load time: 0.09379, step time: 0.03113
EVALUATION METRICS:
-------------------------------------------------------------

Validation: AUC Score: 0.8408

-------------------------------------------------------------
validation loss: 0.15739, accuracy: 84.08
epoch: [20], step: [39/1543], batch loss: 0.17302, batch accuracy: 87.25, data load time: 0.06431, step time: 0.03160
epoch: [20], step: [139/1543], batch loss: 0.13532, batch accuracy: 93.27, data load time: 0.09579, step time: 0.03364
epoch: [20], step: [239/1543], batch loss: 0.14619, batch accuracy: 87.94, data load time: 0.07300, step time: 0.03541
epoch: [20], step: [339/1543], batch loss: 0.16383, batch accuracy: 82.99, data load time: 0.07119, step time: 0.03307
epoch: [20], step: [439/1543], batch loss: 0.14684, batch accuracy: 86.66, data load time: 0.05899, step time: 0.03779
epoch: [20], step: [539/1543], batch loss: 0.13920, batch accuracy: 86.94, data load time: 0.04473, step time: 0.03396
epoch: [20], step: [639/1543], batch loss: 0.14236, batch accuracy: 87.94, data load time: 0.08244, step time: 0.03245
epoch: [20], step: [739/1543], batch loss: 0.15314, batch accuracy: 90.65, data load time: 0.11704, step time: 0.03442
epoch: [20], step: [839/1543], batch loss: 0.12366, batch accuracy: 86.05, data load time: 0.09456, step time: 0.02874
epoch: [20], step: [939/1543], batch loss: 0.14783, batch accuracy: 82.87, data load time: 0.11445, step time: 0.03001
epoch: [20], step: [1039/1543], batch loss: 0.16138, batch accuracy: 86.86, data load time: 0.05468, step time: 0.03080
epoch: [20], step: [1139/1543], batch loss: 0.17613, batch accuracy: 86.18, data load time: 0.10357, step time: 0.03409
epoch: [20], step: [1239/1543], batch loss: 0.15505, batch accuracy: 86.86, data load time: 0.10975, step time: 0.02939
epoch: [20], step: [1339/1543], batch loss: 0.16086, batch accuracy: 89.86, data load time: 0.09037, step time: 0.03074
epoch: [20], step: [1439/1543], batch loss: 0.14039, batch accuracy: 91.25, data load time: 0.10123, step time: 0.03283
epoch: [20], step: [1539/1543], batch loss: 0.13414, batch accuracy: 88.24, data load time: 0.06890, step time: 0.03340
epoch: [21], step: [96/1543], batch loss: 0.09973, batch accuracy: 95.83, data load time: 0.08640, step time: 0.03137
epoch: [21], step: [196/1543], batch loss: 0.16959, batch accuracy: 84.82, data load time: 0.10484, step time: 0.03314
epoch: [21], step: [296/1543], batch loss: 0.18195, batch accuracy: 68.24, data load time: 0.05643, step time: 0.03249
epoch: [21], step: [396/1543], batch loss: 0.15079, batch accuracy: 89.69, data load time: 0.21375, step time: 0.03595
epoch: [21], step: [496/1543], batch loss: 0.16714, batch accuracy: 93.67, data load time: 0.16675, step time: 0.03636
epoch: [21], step: [596/1543], batch loss: 0.21015, batch accuracy: 91.06, data load time: 0.09810, step time: 0.03582
epoch: [21], step: [696/1543], batch loss: 0.17669, batch accuracy: 88.87, data load time: 0.17011, step time: 0.03753
epoch: [21], step: [796/1543], batch loss: 0.18646, batch accuracy: 83.43, data load time: 0.13526, step time: 0.03357
epoch: [21], step: [896/1543], batch loss: 0.17654, batch accuracy: 85.68, data load time: 0.08561, step time: 0.03081
epoch: [21], step: [996/1543], batch loss: 0.21574, batch accuracy: 74.25, data load time: 0.13072, step time: 0.03165
epoch: [21], step: [1096/1543], batch loss: 0.16163, batch accuracy: 89.28, data load time: 0.09311, step time: 0.03544
epoch: [21], step: [1196/1543], batch loss: 0.14660, batch accuracy: 85.74, data load time: 0.14203, step time: 0.02955
epoch: [21], step: [1296/1543], batch loss: 0.17829, batch accuracy: 86.57, data load time: 0.10713, step time: 0.03523
epoch: [21], step: [1396/1543], batch loss: 0.15372, batch accuracy: 86.27, data load time: 0.13238, step time: 0.03253
epoch: [21], step: [1496/1543], batch loss: 0.14652, batch accuracy: 84.07, data load time: 0.18474, step time: 0.03087
epoch: [22], step: [53/1543], batch loss: 0.15101, batch accuracy: 92.55, data load time: 0.10556, step time: 0.03234
epoch: [22], step: [153/1543], batch loss: 0.11129, batch accuracy: 92.90, data load time: 0.09657, step time: 0.03592
epoch: [22], step: [253/1543], batch loss: 0.14987, batch accuracy: 90.87, data load time: 0.11378, step time: 0.03568
epoch: [22], step: [353/1543], batch loss: 0.14386, batch accuracy: 85.05, data load time: 0.13517, step time: 0.03100
epoch: [22], step: [453/1543], batch loss: 0.19056, batch accuracy: 81.19, data load time: 0.11903, step time: 0.03157
epoch: [22], step: [553/1543], batch loss: 0.13266, batch accuracy: 91.81, data load time: 0.05840, step time: 0.03298
epoch: [22], step: [653/1543], batch loss: 0.14344, batch accuracy: 85.13, data load time: 0.11507, step time: 0.03353
epoch: [22], step: [753/1543], batch loss: 0.17503, batch accuracy: 86.45, data load time: 0.13127, step time: 0.03860
epoch: [22], step: [853/1543], batch loss: 0.18613, batch accuracy: 79.36, data load time: 0.14136, step time: 0.03310
epoch: [22], step: [953/1543], batch loss: 0.14501, batch accuracy: 91.51, data load time: 0.12559, step time: 0.03303
epoch: [22], step: [1053/1543], batch loss: 0.12132, batch accuracy: 88.77, data load time: 0.15120, step time: 0.03799
epoch: [22], step: [1153/1543], batch loss: 0.16630, batch accuracy: 81.81, data load time: 0.12160, step time: 0.03634
epoch: [22], step: [1253/1543], batch loss: 0.17149, batch accuracy: 84.46, data load time: 0.15340, step time: 0.03556
epoch: [22], step: [1353/1543], batch loss: 0.23657, batch accuracy: 74.71, data load time: 0.12434, step time: 0.03637
epoch: [22], step: [1453/1543], batch loss: 0.14167, batch accuracy: 90.03, data load time: 0.09020, step time: 0.03232
epoch: [23], step: [10/1543], batch loss: 0.16971, batch accuracy: 85.24, data load time: 0.06610, step time: 0.03710
epoch: [23], step: [110/1543], batch loss: 0.15413, batch accuracy: 89.54, data load time: 0.11634, step time: 0.03485
epoch: [23], step: [210/1543], batch loss: 0.20845, batch accuracy: 79.79, data load time: 0.10272, step time: 0.03520
epoch: [23], step: [310/1543], batch loss: 0.20238, batch accuracy: 77.95, data load time: 0.12929, step time: 0.03661
epoch: [23], step: [410/1543], batch loss: 0.15715, batch accuracy: 90.20, data load time: 0.09170, step time: 0.03659
epoch: [23], step: [510/1543], batch loss: 0.18900, batch accuracy: 85.08, data load time: 0.10774, step time: 0.03363
epoch: [23], step: [610/1543], batch loss: 0.14042, batch accuracy: 86.02, data load time: 0.15948, step time: 0.03102
epoch: [23], step: [710/1543], batch loss: 0.16816, batch accuracy: 88.12, data load time: 0.12563, step time: 0.03907
epoch: [23], step: [810/1543], batch loss: 0.17708, batch accuracy: 85.52, data load time: 0.14773, step time: 0.03367
epoch: [23], step: [910/1543], batch loss: 0.15494, batch accuracy: 88.72, data load time: 0.06062, step time: 0.03471
epoch: [23], step: [1010/1543], batch loss: 0.15798, batch accuracy: 89.70, data load time: 0.10340, step time: 0.03439
epoch: [23], step: [1110/1543], batch loss: 0.14192, batch accuracy: 91.26, data load time: 0.16414, step time: 0.02941
epoch: [23], step: [1210/1543], batch loss: 0.17675, batch accuracy: 87.63, data load time: 0.07272, step time: 0.03632
epoch: [23], step: [1310/1543], batch loss: 0.17835, batch accuracy: 84.80, data load time: 0.11279, step time: 0.03562
epoch: [23], step: [1410/1543], batch loss: 0.19028, batch accuracy: 87.03, data load time: 0.05328, step time: 0.04068
epoch: [23], step: [1510/1543], batch loss: 0.19009, batch accuracy: 81.40, data load time: 0.12030, step time: 0.03174
epoch: [24], step: [67/1543], batch loss: 0.20478, batch accuracy: 84.66, data load time: 0.08033, step time: 0.03550
epoch: [24], step: [167/1543], batch loss: 0.18328, batch accuracy: 85.18, data load time: 0.14505, step time: 0.06111
epoch: [24], step: [267/1543], batch loss: 0.14751, batch accuracy: 83.93, data load time: 0.08834, step time: 0.03181
epoch: [24], step: [367/1543], batch loss: 0.15929, batch accuracy: 85.41, data load time: 0.09896, step time: 0.03071
epoch: [24], step: [467/1543], batch loss: 0.14778, batch accuracy: 84.72, data load time: 0.16814, step time: 0.03337
epoch: [24], step: [567/1543], batch loss: 0.18620, batch accuracy: 87.94, data load time: 0.08219, step time: 0.03637
epoch: [24], step: [667/1543], batch loss: 0.14457, batch accuracy: 87.66, data load time: 0.04270, step time: 0.03375
epoch: [24], step: [767/1543], batch loss: 0.13893, batch accuracy: 91.78, data load time: 0.10891, step time: 0.03291
epoch: [24], step: [867/1543], batch loss: 0.13300, batch accuracy: 90.95, data load time: 0.13138, step time: 0.03081
epoch: [24], step: [967/1543], batch loss: 0.17559, batch accuracy: 85.03, data load time: 0.11824, step time: 0.03391
epoch: [24], step: [1067/1543], batch loss: 0.15812, batch accuracy: 87.65, data load time: 0.08089, step time: 0.03377
epoch: [24], step: [1167/1543], batch loss: 0.14142, batch accuracy: 90.54, data load time: 0.14675, step time: 0.03355
epoch: [24], step: [1267/1543], batch loss: 0.14905, batch accuracy: 90.59, data load time: 0.10857, step time: 0.03291
epoch: [24], step: [1367/1543], batch loss: 0.15530, batch accuracy: 86.26, data load time: 0.14640, step time: 0.03526
epoch: [24], step: [1467/1543], batch loss: 0.13825, batch accuracy: 91.78, data load time: 0.21121, step time: 0.03077
EVALUATION METRICS:
-------------------------------------------------------------

Validation: AUC Score: 0.8417

-------------------------------------------------------------
validation loss: 0.15723, accuracy: 84.17
epoch: [25], step: [24/1543], batch loss: 0.19953, batch accuracy: 85.68, data load time: 0.15643, step time: 0.03449
epoch: [25], step: [124/1543], batch loss: 0.14989, batch accuracy: 88.38, data load time: 0.11722, step time: 0.03599
epoch: [25], step: [224/1543], batch loss: 0.16097, batch accuracy: 85.28, data load time: 0.11562, step time: 0.03508
epoch: [25], step: [324/1543], batch loss: 0.20614, batch accuracy: 78.17, data load time: 0.09155, step time: 0.03531
epoch: [25], step: [424/1543], batch loss: 0.19865, batch accuracy: 87.59, data load time: 0.12627, step time: 0.03458
epoch: [25], step: [524/1543], batch loss: 0.14109, batch accuracy: 92.30, data load time: 0.10106, step time: 0.03576
epoch: [25], step: [624/1543], batch loss: 0.16320, batch accuracy: 88.79, data load time: 0.13758, step time: 0.03582
epoch: [25], step: [724/1543], batch loss: 0.24716, batch accuracy: 78.59, data load time: 0.11507, step time: 0.03701
epoch: [25], step: [824/1543], batch loss: 0.15967, batch accuracy: 80.04, data load time: 0.08106, step time: 0.03092
epoch: [25], step: [924/1543], batch loss: 0.16295, batch accuracy: 86.49, data load time: 0.08824, step time: 0.03440
epoch: [25], step: [1024/1543], batch loss: 0.16765, batch accuracy: 80.46, data load time: 0.10400, step time: 0.03286
epoch: [25], step: [1124/1543], batch loss: 0.17537, batch accuracy: 86.57, data load time: 0.10628, step time: 0.03689
epoch: [25], step: [1224/1543], batch loss: 0.16777, batch accuracy: 85.35, data load time: 0.17775, step time: 0.03300
epoch: [25], step: [1324/1543], batch loss: 0.16882, batch accuracy: 88.34, data load time: 0.10295, step time: 0.03156
epoch: [25], step: [1424/1543], batch loss: 0.12342, batch accuracy: 82.36, data load time: 0.09457, step time: 0.03140
epoch: [25], step: [1524/1543], batch loss: 0.11599, batch accuracy: 92.11, data load time: 0.15087, step time: 0.02762
epoch: [26], step: [81/1543], batch loss: 0.13659, batch accuracy: 90.97, data load time: 0.07891, step time: 0.03228
epoch: [26], step: [181/1543], batch loss: 0.18708, batch accuracy: 78.86, data load time: 0.06932, step time: 0.03457
epoch: [26], step: [281/1543], batch loss: 0.16184, batch accuracy: 82.68, data load time: 0.04401, step time: 0.03129
epoch: [26], step: [381/1543], batch loss: 0.18017, batch accuracy: 87.06, data load time: 0.12631, step time: 0.04656
epoch: [26], step: [481/1543], batch loss: 0.18582, batch accuracy: 82.49, data load time: 0.12680, step time: 0.03544
epoch: [26], step: [581/1543], batch loss: 0.22118, batch accuracy: 80.06, data load time: 0.11056, step time: 0.03572
epoch: [26], step: [681/1543], batch loss: 0.18048, batch accuracy: 86.88, data load time: 0.07291, step time: 0.03515
epoch: [26], step: [781/1543], batch loss: 0.13804, batch accuracy: 93.94, data load time: 0.13075, step time: 0.03590
epoch: [26], step: [881/1543], batch loss: 0.15259, batch accuracy: 86.98, data load time: 0.12436, step time: 0.03369
epoch: [26], step: [981/1543], batch loss: 0.15275, batch accuracy: 91.03, data load time: 0.08322, step time: 0.03492
epoch: [26], step: [1081/1543], batch loss: 0.14396, batch accuracy: 84.74, data load time: 0.07667, step time: 0.03376
epoch: [26], step: [1181/1543], batch loss: 0.18295, batch accuracy: 88.98, data load time: 0.17804, step time: 0.03427
epoch: [26], step: [1281/1543], batch loss: 0.20893, batch accuracy: 77.61, data load time: 0.13200, step time: 0.03512
epoch: [26], step: [1381/1543], batch loss: 0.11705, batch accuracy: 94.23, data load time: 0.09022, step time: 0.03295
epoch: [26], step: [1481/1543], batch loss: 0.15543, batch accuracy: 85.97, data load time: 0.13737, step time: 0.03150
epoch: [27], step: [38/1543], batch loss: 0.15912, batch accuracy: 78.29, data load time: 0.08462, step time: 0.03245
epoch: [27], step: [138/1543], batch loss: 0.17748, batch accuracy: 90.22, data load time: 0.06434, step time: 0.03780
epoch: [27], step: [238/1543], batch loss: 0.16782, batch accuracy: 75.63, data load time: 0.10431, step time: 0.03011
epoch: [27], step: [338/1543], batch loss: 0.15092, batch accuracy: 85.53, data load time: 0.16263, step time: 0.03218
epoch: [27], step: [438/1543], batch loss: 0.14452, batch accuracy: 89.95, data load time: 0.10517, step time: 0.03234
epoch: [27], step: [538/1543], batch loss: 0.13449, batch accuracy: 92.49, data load time: 0.09121, step time: 0.03303
epoch: [27], step: [638/1543], batch loss: 0.18731, batch accuracy: 82.98, data load time: 0.06202, step time: 0.03653
epoch: [27], step: [738/1543], batch loss: 0.15971, batch accuracy: 87.85, data load time: 0.20175, step time: 0.03142
epoch: [27], step: [838/1543], batch loss: 0.15161, batch accuracy: 87.88, data load time: 0.13766, step time: 0.03168
epoch: [27], step: [938/1543], batch loss: 0.18101, batch accuracy: 80.94, data load time: 0.08056, step time: 0.03640
epoch: [27], step: [1038/1543], batch loss: 0.18562, batch accuracy: 83.99, data load time: 0.09838, step time: 0.03161
epoch: [27], step: [1138/1543], batch loss: 0.12674, batch accuracy: 96.52, data load time: 0.07942, step time: 0.03453
epoch: [27], step: [1238/1543], batch loss: 0.17768, batch accuracy: 89.31, data load time: 0.07350, step time: 0.03451
epoch: [27], step: [1338/1543], batch loss: 0.15098, batch accuracy: 87.54, data load time: 0.11474, step time: 0.03883
epoch: [27], step: [1438/1543], batch loss: 0.13171, batch accuracy: 90.31, data load time: 0.06654, step time: 0.03168
epoch: [27], step: [1538/1543], batch loss: 0.17870, batch accuracy: 81.35, data load time: 0.15293, step time: 0.03494
epoch: [28], step: [95/1543], batch loss: 0.11585, batch accuracy: 92.40, data load time: 0.08776, step time: 0.03297
epoch: [28], step: [195/1543], batch loss: 0.19728, batch accuracy: 88.58, data load time: 0.07769, step time: 0.03289
epoch: [28], step: [295/1543], batch loss: 0.18513, batch accuracy: 91.06, data load time: 0.03716, step time: 0.03426
epoch: [28], step: [395/1543], batch loss: 0.15839, batch accuracy: 84.18, data load time: 0.08771, step time: 0.03573
epoch: [28], step: [495/1543], batch loss: 0.19158, batch accuracy: 85.71, data load time: 0.11963, step time: 0.03160
epoch: [28], step: [595/1543], batch loss: 0.11616, batch accuracy: 95.08, data load time: 0.06132, step time: 0.03489
epoch: [28], step: [695/1543], batch loss: 0.15765, batch accuracy: 80.19, data load time: 0.15056, step time: 0.03545
epoch: [28], step: [795/1543], batch loss: 0.15821, batch accuracy: 82.77, data load time: 0.09661, step time: 0.03466
epoch: [28], step: [895/1543], batch loss: 0.14761, batch accuracy: 93.62, data load time: 0.05689, step time: 0.03506
epoch: [28], step: [995/1543], batch loss: 0.19513, batch accuracy: 82.16, data load time: 0.06032, step time: 0.03656
epoch: [28], step: [1095/1543], batch loss: 0.16259, batch accuracy: 85.64, data load time: 0.10140, step time: 0.03491
epoch: [28], step: [1195/1543], batch loss: 0.14402, batch accuracy: 89.03, data load time: 0.12222, step time: 0.03571
epoch: [28], step: [1295/1543], batch loss: 0.20536, batch accuracy: 84.85, data load time: 0.15698, step time: 0.03651
epoch: [28], step: [1395/1543], batch loss: 0.12747, batch accuracy: 87.25, data load time: 0.12135, step time: 0.03074
epoch: [28], step: [1495/1543], batch loss: 0.13791, batch accuracy: 85.27, data load time: 0.10360, step time: 0.03032
epoch: [29], step: [52/1543], batch loss: 0.15034, batch accuracy: 90.05, data load time: 0.04383, step time: 0.03037
epoch: [29], step: [152/1543], batch loss: 0.15831, batch accuracy: 88.52, data load time: 0.05905, step time: 0.03318
epoch: [29], step: [252/1543], batch loss: 0.16212, batch accuracy: 85.08, data load time: 0.06941, step time: 0.03584
epoch: [29], step: [352/1543], batch loss: 0.18431, batch accuracy: 86.54, data load time: 0.04230, step time: 0.03355
epoch: [29], step: [452/1543], batch loss: 0.17249, batch accuracy: 89.36, data load time: 0.11235, step time: 0.03322
epoch: [29], step: [552/1543], batch loss: 0.23760, batch accuracy: 81.02, data load time: 0.09197, step time: 0.03879
epoch: [29], step: [652/1543], batch loss: 0.14178, batch accuracy: 86.80, data load time: 0.08516, step time: 0.03486
epoch: [29], step: [752/1543], batch loss: 0.17970, batch accuracy: 81.93, data load time: 0.18280, step time: 0.03409
epoch: [29], step: [852/1543], batch loss: 0.14469, batch accuracy: 91.87, data load time: 0.07787, step time: 0.03444
epoch: [29], step: [952/1543], batch loss: 0.17262, batch accuracy: 81.42, data load time: 0.07101, step time: 0.02874
epoch: [29], step: [1052/1543], batch loss: 0.16054, batch accuracy: 85.54, data load time: 0.05097, step time: 0.03684
epoch: [29], step: [1152/1543], batch loss: 0.18749, batch accuracy: 85.91, data load time: 0.08551, step time: 0.03868
epoch: [29], step: [1252/1543], batch loss: 0.17471, batch accuracy: 87.13, data load time: 0.14697, step time: 0.03371
epoch: [29], step: [1352/1543], batch loss: 0.22088, batch accuracy: 80.92, data load time: 0.08090, step time: 0.03893
epoch: [29], step: [1452/1543], batch loss: 0.11578, batch accuracy: 90.14, data load time: 0.04650, step time: 0.03091
EVALUATION METRICS:
-------------------------------------------------------------

Validation: AUC Score: 0.8403

-------------------------------------------------------------
validation loss: 0.15689, accuracy: 84.03
EVALUATION METRICS:
-------------------------------------------------------------

Test: AUC Score: 0.8410

-------------------------------------------------------------
validation loss: 0.46971, accuracy: 84.10
