Loading data from /mnt/storage/scratch/ee20947/MagnaTagATune/annotations/train.pkl...
Loading data from /mnt/storage/scratch/ee20947/MagnaTagATune/annotations/train.pkl...
Loading data from /mnt/storage/scratch/ee20947/MagnaTagATune/annotations/val.pkl...
Loading data from /mnt/storage/scratch/ee20947/MagnaTagATune/annotations/test.pkl...
Writing logs to logs/CNN_sgd_momentum=0.92_learning_rate=0.19_conv_length=256_conv_stride=256_batch_size=10_epochs=30_weight_decay=0.01_extension=Resnet_run_0
epoch: [0], step: [99/1543], batch loss: 0.28217, batch accuracy: 58.92, data load time: 0.18254, step time: 0.03699
epoch: [0], step: [199/1543], batch loss: 0.23024, batch accuracy: 51.20, data load time: 0.13763, step time: 0.03203
epoch: [0], step: [299/1543], batch loss: 0.29151, batch accuracy: 50.45, data load time: 0.10099, step time: 0.03837
epoch: [0], step: [399/1543], batch loss: 0.22820, batch accuracy: 60.82, data load time: 0.13953, step time: 0.03442
epoch: [0], step: [499/1543], batch loss: 0.25539, batch accuracy: 52.29, data load time: 0.17238, step time: 0.03584
epoch: [0], step: [599/1543], batch loss: 0.25363, batch accuracy: 54.05, data load time: 0.15910, step time: 0.03722
epoch: [0], step: [699/1543], batch loss: 0.25848, batch accuracy: 50.78, data load time: 0.16343, step time: 0.03596
epoch: [0], step: [799/1543], batch loss: 0.23208, batch accuracy: 53.30, data load time: 0.21555, step time: 0.03429
epoch: [0], step: [899/1543], batch loss: 0.28647, batch accuracy: 49.97, data load time: 0.11631, step time: 0.04055
epoch: [0], step: [999/1543], batch loss: 0.23872, batch accuracy: 47.45, data load time: 0.17667, step time: 0.03519
epoch: [0], step: [1099/1543], batch loss: 0.27610, batch accuracy: 54.80, data load time: 0.12153, step time: 0.03497
epoch: [0], step: [1199/1543], batch loss: 0.23389, batch accuracy: 52.62, data load time: 0.18057, step time: 0.03556
epoch: [0], step: [1299/1543], batch loss: 0.29596, batch accuracy: 55.02, data load time: 0.10150, step time: 0.03758
epoch: [0], step: [1399/1543], batch loss: 0.25152, batch accuracy: 46.86, data load time: 0.16128, step time: 0.03471
epoch: [0], step: [1499/1543], batch loss: 0.22160, batch accuracy: 46.04, data load time: 0.08996, step time: 0.03334
epoch: [1], step: [56/1543], batch loss: 0.28425, batch accuracy: 53.56, data load time: 0.08091, step time: 0.03795
epoch: [1], step: [156/1543], batch loss: 0.28554, batch accuracy: 46.52, data load time: 0.03085, step time: 0.03707
epoch: [1], step: [256/1543], batch loss: 0.21808, batch accuracy: 52.23, data load time: 0.15451, step time: 0.03153
epoch: [1], step: [356/1543], batch loss: 0.32040, batch accuracy: 54.14, data load time: 0.07852, step time: 0.04068
epoch: [1], step: [456/1543], batch loss: 0.26561, batch accuracy: 53.40, data load time: 0.15904, step time: 0.03914
epoch: [1], step: [556/1543], batch loss: 0.26979, batch accuracy: 45.19, data load time: 0.06387, step time: 0.03651
epoch: [1], step: [656/1543], batch loss: 0.23551, batch accuracy: 59.57, data load time: 0.11474, step time: 0.03160
epoch: [1], step: [756/1543], batch loss: 0.24841, batch accuracy: 48.63, data load time: 0.16663, step time: 0.03295
epoch: [1], step: [856/1543], batch loss: 0.26287, batch accuracy: 54.59, data load time: 0.17334, step time: 0.03649
epoch: [1], step: [956/1543], batch loss: 0.25755, batch accuracy: 38.21, data load time: 0.12023, step time: 0.03464
epoch: [1], step: [1056/1543], batch loss: 0.25047, batch accuracy: 55.29, data load time: 0.14534, step time: 0.03513
epoch: [1], step: [1156/1543], batch loss: 0.21933, batch accuracy: 52.08, data load time: 0.17456, step time: 0.03225
epoch: [1], step: [1256/1543], batch loss: 0.31438, batch accuracy: 58.14, data load time: 0.10809, step time: 0.03917
epoch: [1], step: [1356/1543], batch loss: 0.25261, batch accuracy: 43.24, data load time: 0.15848, step time: 0.03708
epoch: [1], step: [1456/1543], batch loss: 0.26609, batch accuracy: 45.16, data load time: 0.13384, step time: 0.04038
epoch: [2], step: [13/1543], batch loss: 0.24637, batch accuracy: 44.84, data load time: 0.15355, step time: 0.03380
epoch: [2], step: [113/1543], batch loss: 0.21304, batch accuracy: 56.83, data load time: 0.12721, step time: 0.03206
epoch: [2], step: [213/1543], batch loss: 0.29278, batch accuracy: 49.72, data load time: 0.13674, step time: 0.04010
epoch: [2], step: [313/1543], batch loss: 0.26061, batch accuracy: 42.28, data load time: 0.13350, step time: 0.03378
epoch: [2], step: [413/1543], batch loss: 0.25076, batch accuracy: 51.12, data load time: 0.11420, step time: 0.03518
epoch: [2], step: [513/1543], batch loss: 0.23329, batch accuracy: 47.74, data load time: 0.09955, step time: 0.03379
epoch: [2], step: [613/1543], batch loss: 0.25901, batch accuracy: 49.64, data load time: 0.15197, step time: 0.03747
epoch: [2], step: [713/1543], batch loss: 0.27034, batch accuracy: 51.88, data load time: 0.08388, step time: 0.03730
epoch: [2], step: [813/1543], batch loss: 0.27014, batch accuracy: 53.84, data load time: 0.12453, step time: 0.03731
epoch: [2], step: [913/1543], batch loss: 0.25851, batch accuracy: 51.88, data load time: 0.07230, step time: 0.03731
epoch: [2], step: [1013/1543], batch loss: 0.27685, batch accuracy: 41.15, data load time: 0.17049, step time: 0.03922
epoch: [2], step: [1113/1543], batch loss: 0.24614, batch accuracy: 65.21, data load time: 0.26113, step time: 0.03503
epoch: [2], step: [1213/1543], batch loss: 0.24763, batch accuracy: 47.39, data load time: 0.26788, step time: 0.03304
epoch: [2], step: [1313/1543], batch loss: 0.22929, batch accuracy: 57.90, data load time: 0.23342, step time: 0.03370
epoch: [2], step: [1413/1543], batch loss: 0.24297, batch accuracy: 53.16, data load time: 0.22730, step time: 0.03430
epoch: [2], step: [1513/1543], batch loss: 0.25596, batch accuracy: 53.53, data load time: 0.19546, step time: 0.03685
epoch: [3], step: [70/1543], batch loss: 0.25070, batch accuracy: 52.24, data load time: 0.17903, step time: 0.03585
epoch: [3], step: [170/1543], batch loss: 0.29625, batch accuracy: 52.62, data load time: 0.14129, step time: 0.03793
epoch: [3], step: [270/1543], batch loss: 0.23774, batch accuracy: 42.17, data load time: 0.16160, step time: 0.03234
epoch: [3], step: [370/1543], batch loss: 0.26498, batch accuracy: 49.57, data load time: 0.12661, step time: 0.03720
epoch: [3], step: [470/1543], batch loss: 0.25306, batch accuracy: 58.00, data load time: 0.20932, step time: 0.03616
epoch: [3], step: [570/1543], batch loss: 0.26566, batch accuracy: 53.86, data load time: 0.30848, step time: 0.03788
epoch: [3], step: [670/1543], batch loss: 0.28420, batch accuracy: 42.59, data load time: 0.26427, step time: 0.03787
epoch: [3], step: [770/1543], batch loss: 0.21901, batch accuracy: 48.15, data load time: 0.21188, step time: 0.03016
epoch: [3], step: [870/1543], batch loss: 0.26893, batch accuracy: 56.34, data load time: 0.15574, step time: 0.03589
epoch: [3], step: [970/1543], batch loss: 0.23301, batch accuracy: 35.04, data load time: 0.21160, step time: 0.03444
epoch: [3], step: [1070/1543], batch loss: 0.26406, batch accuracy: 52.51, data load time: 0.23395, step time: 0.03801
epoch: [3], step: [1170/1543], batch loss: 0.24215, batch accuracy: 48.12, data load time: 0.18646, step time: 0.03164
epoch: [3], step: [1270/1543], batch loss: 0.25332, batch accuracy: 59.17, data load time: 0.23324, step time: 0.03659
epoch: [3], step: [1370/1543], batch loss: 0.22532, batch accuracy: 54.90, data load time: 0.18182, step time: 0.03403
epoch: [3], step: [1470/1543], batch loss: 0.23383, batch accuracy: 36.50, data load time: 0.19475, step time: 0.03522
epoch: [4], step: [27/1543], batch loss: 0.24899, batch accuracy: 51.10, data load time: 0.13114, step time: 0.03593
epoch: [4], step: [127/1543], batch loss: 0.27504, batch accuracy: 54.75, data load time: 0.13289, step time: 0.03728
epoch: [4], step: [227/1543], batch loss: 0.23181, batch accuracy: 60.94, data load time: 0.12301, step time: 0.03223
epoch: [4], step: [327/1543], batch loss: 0.25816, batch accuracy: 45.21, data load time: 0.14395, step time: 0.03300
epoch: [4], step: [427/1543], batch loss: 0.23416, batch accuracy: 53.02, data load time: 0.06649, step time: 0.03389
epoch: [4], step: [527/1543], batch loss: 0.24660, batch accuracy: 49.24, data load time: 0.12106, step time: 0.03586
epoch: [4], step: [627/1543], batch loss: 0.24984, batch accuracy: 51.52, data load time: 0.23741, step time: 0.03515
epoch: [4], step: [727/1543], batch loss: 0.30075, batch accuracy: 41.44, data load time: 0.14158, step time: 0.03894
epoch: [4], step: [827/1543], batch loss: 0.25094, batch accuracy: 50.23, data load time: 0.19557, step time: 0.03865
epoch: [4], step: [927/1543], batch loss: 0.24765, batch accuracy: 48.65, data load time: 0.13571, step time: 0.03682
epoch: [4], step: [1027/1543], batch loss: 0.27288, batch accuracy: 54.74, data load time: 0.13589, step time: 0.03867
epoch: [4], step: [1127/1543], batch loss: 0.25181, batch accuracy: 46.78, data load time: 0.15364, step time: 0.03439
epoch: [4], step: [1227/1543], batch loss: 0.26627, batch accuracy: 63.22, data load time: 0.16128, step time: 0.03572
epoch: [4], step: [1327/1543], batch loss: 0.27214, batch accuracy: 37.53, data load time: 0.19160, step time: 0.03732
epoch: [4], step: [1427/1543], batch loss: 0.30270, batch accuracy: 59.36, data load time: 0.13203, step time: 0.04159
epoch: [4], step: [1527/1543], batch loss: 0.26369, batch accuracy: 47.23, data load time: 0.14706, step time: 0.03445
EVALUATION METRICS:
-------------------------------------------------------------

Validation: AUC Score: 0.5000

-------------------------------------------------------------
validation loss: 0.25236, accuracy: 50.00
epoch: [5], step: [84/1543], batch loss: 0.27368, batch accuracy: 31.47, data load time: 0.05405, step time: 0.03722
epoch: [5], step: [184/1543], batch loss: 0.24714, batch accuracy: 40.99, data load time: 0.11099, step time: 0.03647
epoch: [5], step: [284/1543], batch loss: 0.26566, batch accuracy: 49.86, data load time: 0.13965, step time: 0.03644
epoch: [5], step: [384/1543], batch loss: 0.23593, batch accuracy: 59.54, data load time: 0.13209, step time: 0.03220
epoch: [5], step: [484/1543], batch loss: 0.22261, batch accuracy: 39.59, data load time: 0.13512, step time: 0.03217
epoch: [5], step: [584/1543], batch loss: 0.28173, batch accuracy: 44.71, data load time: 0.14469, step time: 0.03776
epoch: [5], step: [684/1543], batch loss: 0.25779, batch accuracy: 40.92, data load time: 0.17834, step time: 0.03804
epoch: [5], step: [784/1543], batch loss: 0.24137, batch accuracy: 53.69, data load time: 0.09668, step time: 0.03571
epoch: [5], step: [884/1543], batch loss: 0.22764, batch accuracy: 56.36, data load time: 0.14493, step time: 0.03153
epoch: [5], step: [984/1543], batch loss: 0.29934, batch accuracy: 41.76, data load time: 0.20404, step time: 0.04313
epoch: [5], step: [1084/1543], batch loss: 0.27689, batch accuracy: 51.61, data load time: 0.12311, step time: 0.03787
epoch: [5], step: [1184/1543], batch loss: 0.23348, batch accuracy: 52.40, data load time: 0.21345, step time: 0.03440
epoch: [5], step: [1284/1543], batch loss: 0.29195, batch accuracy: 51.58, data load time: 0.22326, step time: 0.03775
epoch: [5], step: [1384/1543], batch loss: 0.27956, batch accuracy: 37.80, data load time: 0.08666, step time: 0.03501
epoch: [5], step: [1484/1543], batch loss: 0.26666, batch accuracy: 50.39, data load time: 0.17201, step time: 0.03992
epoch: [6], step: [41/1543], batch loss: 0.24965, batch accuracy: 39.68, data load time: 0.13725, step time: 0.03430
epoch: [6], step: [141/1543], batch loss: 0.27446, batch accuracy: 47.81, data load time: 0.11220, step time: 0.04154
epoch: [6], step: [241/1543], batch loss: 0.28001, batch accuracy: 44.35, data load time: 0.13317, step time: 0.03567
epoch: [6], step: [341/1543], batch loss: 0.22588, batch accuracy: 49.87, data load time: 0.08687, step time: 0.03452
epoch: [6], step: [441/1543], batch loss: 0.27715, batch accuracy: 50.87, data load time: 0.08586, step time: 0.03859
epoch: [6], step: [541/1543], batch loss: 0.22351, batch accuracy: 56.62, data load time: 0.15223, step time: 0.03236
epoch: [6], step: [641/1543], batch loss: 0.25383, batch accuracy: 55.15, data load time: 0.16622, step time: 0.03579
epoch: [6], step: [741/1543], batch loss: 0.24275, batch accuracy: 57.12, data load time: 0.10544, step time: 0.03732
epoch: [6], step: [841/1543], batch loss: 0.27077, batch accuracy: 46.27, data load time: 0.13966, step time: 0.03869
epoch: [6], step: [941/1543], batch loss: 0.25254, batch accuracy: 42.10, data load time: 0.06661, step time: 0.03741
epoch: [6], step: [1041/1543], batch loss: 0.26096, batch accuracy: 48.44, data load time: 0.16145, step time: 0.03935
epoch: [6], step: [1141/1543], batch loss: 0.25703, batch accuracy: 33.13, data load time: 0.23368, step time: 0.03647
epoch: [6], step: [1241/1543], batch loss: 0.24067, batch accuracy: 48.80, data load time: 0.17577, step time: 0.03465
epoch: [6], step: [1341/1543], batch loss: 0.24152, batch accuracy: 53.85, data load time: 0.11184, step time: 0.03808
epoch: [6], step: [1441/1543], batch loss: 0.21447, batch accuracy: 56.30, data load time: 0.14485, step time: 0.03095
epoch: [6], step: [1541/1543], batch loss: 0.27288, batch accuracy: 45.65, data load time: 0.13178, step time: 0.03947
epoch: [7], step: [98/1543], batch loss: 0.25032, batch accuracy: 59.34, data load time: 0.14568, step time: 0.03981
epoch: [7], step: [198/1543], batch loss: 0.27886, batch accuracy: 54.27, data load time: 0.10422, step time: 0.03664
epoch: [7], step: [298/1543], batch loss: 0.23914, batch accuracy: 43.78, data load time: 0.11203, step time: 0.04109
epoch: [7], step: [398/1543], batch loss: 0.28572, batch accuracy: 39.51, data load time: 0.13513, step time: 0.04632
epoch: [7], step: [498/1543], batch loss: 0.22469, batch accuracy: 44.53, data load time: 0.13682, step time: 0.03303
epoch: [7], step: [598/1543], batch loss: 0.26366, batch accuracy: 58.42, data load time: 0.13668, step time: 0.04012
epoch: [7], step: [698/1543], batch loss: 0.24573, batch accuracy: 55.68, data load time: 0.11271, step time: 0.03370
epoch: [7], step: [798/1543], batch loss: 0.28090, batch accuracy: 38.67, data load time: 0.13113, step time: 0.04089
epoch: [7], step: [898/1543], batch loss: 0.26644, batch accuracy: 39.17, data load time: 0.13892, step time: 0.03729
epoch: [7], step: [998/1543], batch loss: 0.24944, batch accuracy: 54.21, data load time: 0.14603, step time: 0.03721
epoch: [7], step: [1098/1543], batch loss: 0.26048, batch accuracy: 47.95, data load time: 0.14948, step time: 0.03736
epoch: [7], step: [1198/1543], batch loss: 0.24451, batch accuracy: 49.74, data load time: 0.15243, step time: 0.03506
epoch: [7], step: [1298/1543], batch loss: 0.23461, batch accuracy: 49.73, data load time: 0.16036, step time: 0.03296
epoch: [7], step: [1398/1543], batch loss: 0.22589, batch accuracy: 54.94, data load time: 0.13683, step time: 0.03440
epoch: [7], step: [1498/1543], batch loss: 0.25739, batch accuracy: 37.29, data load time: 0.14364, step time: 0.03581
epoch: [8], step: [55/1543], batch loss: 0.27857, batch accuracy: 51.03, data load time: 0.12352, step time: 0.04091
epoch: [8], step: [155/1543], batch loss: 0.23813, batch accuracy: 47.23, data load time: 0.04785, step time: 0.03307
epoch: [8], step: [255/1543], batch loss: 0.24565, batch accuracy: 50.02, data load time: 0.07185, step time: 0.03725
epoch: [8], step: [355/1543], batch loss: 0.23464, batch accuracy: 58.39, data load time: 0.11266, step time: 0.03375
epoch: [8], step: [455/1543], batch loss: 0.26097, batch accuracy: 41.28, data load time: 0.09142, step time: 0.03657
epoch: [8], step: [555/1543], batch loss: 0.25605, batch accuracy: 56.59, data load time: 0.12961, step time: 0.03715
epoch: [8], step: [655/1543], batch loss: 0.22970, batch accuracy: 60.03, data load time: 0.09966, step time: 0.03329
epoch: [8], step: [755/1543], batch loss: 0.22870, batch accuracy: 56.21, data load time: 0.11936, step time: 0.03430
epoch: [8], step: [855/1543], batch loss: 0.29820, batch accuracy: 39.79, data load time: 0.15546, step time: 0.03792
epoch: [8], step: [955/1543], batch loss: 0.22690, batch accuracy: 55.78, data load time: 0.17068, step time: 0.03226
epoch: [8], step: [1055/1543], batch loss: 0.27479, batch accuracy: 48.58, data load time: 0.11853, step time: 0.03570
epoch: [8], step: [1155/1543], batch loss: 0.30299, batch accuracy: 54.49, data load time: 0.14061, step time: 0.04499
epoch: [8], step: [1255/1543], batch loss: 0.25571, batch accuracy: 44.19, data load time: 0.15422, step time: 0.03720
epoch: [8], step: [1355/1543], batch loss: 0.30069, batch accuracy: 38.45, data load time: 0.19496, step time: 0.04002
epoch: [8], step: [1455/1543], batch loss: 0.27535, batch accuracy: 53.71, data load time: 0.25102, step time: 0.03290
epoch: [9], step: [12/1543], batch loss: 0.23455, batch accuracy: 39.84, data load time: 0.08818, step time: 0.03737
epoch: [9], step: [112/1543], batch loss: 0.24337, batch accuracy: 43.30, data load time: 0.11468, step time: 0.03448
epoch: [9], step: [212/1543], batch loss: 0.26568, batch accuracy: 56.75, data load time: 0.09678, step time: 0.03658
epoch: [9], step: [312/1543], batch loss: 0.26411, batch accuracy: 56.35, data load time: 0.09843, step time: 0.03787
epoch: [9], step: [412/1543], batch loss: 0.28798, batch accuracy: 52.46, data load time: 0.08962, step time: 0.03657
epoch: [9], step: [512/1543], batch loss: 0.24194, batch accuracy: 57.47, data load time: 0.10090, step time: 0.03303
epoch: [9], step: [612/1543], batch loss: 0.28480, batch accuracy: 57.88, data load time: 0.09629, step time: 0.03655
epoch: [9], step: [712/1543], batch loss: 0.30702, batch accuracy: 63.03, data load time: 0.15344, step time: 0.04370
epoch: [9], step: [812/1543], batch loss: 0.30923, batch accuracy: 56.56, data load time: 0.08398, step time: 0.04062
epoch: [9], step: [912/1543], batch loss: 0.22741, batch accuracy: 54.86, data load time: 0.11326, step time: 0.03590
epoch: [9], step: [1012/1543], batch loss: 0.25057, batch accuracy: 46.89, data load time: 0.19135, step time: 0.03657
epoch: [9], step: [1112/1543], batch loss: 0.27473, batch accuracy: 43.54, data load time: 0.08277, step time: 0.04004
epoch: [9], step: [1212/1543], batch loss: 0.23445, batch accuracy: 44.26, data load time: 0.13308, step time: 0.03876
epoch: [9], step: [1312/1543], batch loss: 0.26144, batch accuracy: 49.15, data load time: 0.17013, step time: 0.03583
epoch: [9], step: [1412/1543], batch loss: 0.26792, batch accuracy: 54.16, data load time: 0.22953, step time: 0.04221
epoch: [9], step: [1512/1543], batch loss: 0.22172, batch accuracy: 45.40, data load time: 0.14126, step time: 0.03071
EVALUATION METRICS:
-------------------------------------------------------------

Validation: AUC Score: 0.5000

-------------------------------------------------------------
validation loss: 0.25312, accuracy: 50.00
epoch: [10], step: [69/1543], batch loss: 0.27682, batch accuracy: 55.34, data load time: 0.14938, step time: 0.03696
epoch: [10], step: [169/1543], batch loss: 0.24788, batch accuracy: 58.86, data load time: 0.11981, step time: 0.03501
epoch: [10], step: [269/1543], batch loss: 0.27387, batch accuracy: 53.32, data load time: 0.11193, step time: 0.03616
epoch: [10], step: [369/1543], batch loss: 0.30611, batch accuracy: 51.42, data load time: 0.12810, step time: 0.04129
epoch: [10], step: [469/1543], batch loss: 0.22595, batch accuracy: 45.95, data load time: 0.10939, step time: 0.03194
epoch: [10], step: [569/1543], batch loss: 0.27297, batch accuracy: 50.13, data load time: 0.06859, step time: 0.03779
epoch: [10], step: [669/1543], batch loss: 0.25409, batch accuracy: 55.65, data load time: 0.15247, step time: 0.03708
epoch: [10], step: [769/1543], batch loss: 0.21296, batch accuracy: 43.73, data load time: 0.13991, step time: 0.03430
epoch: [10], step: [869/1543], batch loss: 0.23720, batch accuracy: 59.77, data load time: 0.07290, step time: 0.03350
epoch: [10], step: [969/1543], batch loss: 0.22045, batch accuracy: 48.10, data load time: 0.10910, step time: 0.03134
epoch: [10], step: [1069/1543], batch loss: 0.26726, batch accuracy: 51.86, data load time: 0.14154, step time: 0.03714
epoch: [10], step: [1169/1543], batch loss: 0.19639, batch accuracy: 45.93, data load time: 0.18081, step time: 0.02990
epoch: [10], step: [1269/1543], batch loss: 0.27345, batch accuracy: 36.98, data load time: 0.11167, step time: 0.03977
epoch: [10], step: [1369/1543], batch loss: 0.21031, batch accuracy: 55.05, data load time: 0.10438, step time: 0.02921
epoch: [10], step: [1469/1543], batch loss: 0.29300, batch accuracy: 59.95, data load time: 0.11768, step time: 0.04046
Epoch 00011: reducing learning rate of group 0 to 9.5000e-03.
epoch: [11], step: [26/1543], batch loss: 0.25662, batch accuracy: 54.15, data load time: 0.03686, step time: 0.04374
epoch: [11], step: [126/1543], batch loss: 0.24393, batch accuracy: 54.23, data load time: 0.08384, step time: 0.03847
epoch: [11], step: [226/1543], batch loss: 0.22468, batch accuracy: 53.06, data load time: 0.07038, step time: 0.03237
epoch: [11], step: [326/1543], batch loss: 0.23497, batch accuracy: 58.53, data load time: 0.09338, step time: 0.03586
epoch: [11], step: [426/1543], batch loss: 0.25950, batch accuracy: 59.04, data load time: 0.08097, step time: 0.03653
epoch: [11], step: [526/1543], batch loss: 0.27670, batch accuracy: 58.92, data load time: 0.10637, step time: 0.04004
epoch: [11], step: [626/1543], batch loss: 0.23307, batch accuracy: 62.93, data load time: 0.13776, step time: 0.03304
epoch: [11], step: [726/1543], batch loss: 0.24514, batch accuracy: 52.23, data load time: 0.15212, step time: 0.03374
epoch: [11], step: [826/1543], batch loss: 0.22857, batch accuracy: 54.30, data load time: 0.10630, step time: 0.03340
epoch: [11], step: [926/1543], batch loss: 0.23831, batch accuracy: 59.98, data load time: 0.13016, step time: 0.03153
epoch: [11], step: [1026/1543], batch loss: 0.23449, batch accuracy: 45.94, data load time: 0.12885, step time: 0.03422
epoch: [11], step: [1126/1543], batch loss: 0.24255, batch accuracy: 44.87, data load time: 0.10921, step time: 0.03367
epoch: [11], step: [1226/1543], batch loss: 0.25158, batch accuracy: 44.36, data load time: 0.12982, step time: 0.03474
epoch: [11], step: [1326/1543], batch loss: 0.21726, batch accuracy: 41.87, data load time: 0.08253, step time: 0.03026
epoch: [11], step: [1426/1543], batch loss: 0.26747, batch accuracy: 57.67, data load time: 0.13243, step time: 0.03867
epoch: [11], step: [1526/1543], batch loss: 0.22220, batch accuracy: 53.39, data load time: 0.10885, step time: 0.03439
epoch: [12], step: [83/1543], batch loss: 0.24817, batch accuracy: 44.89, data load time: 0.08501, step time: 0.04101
epoch: [12], step: [183/1543], batch loss: 0.23920, batch accuracy: 41.48, data load time: 0.10129, step time: 0.03760
epoch: [12], step: [283/1543], batch loss: 0.29916, batch accuracy: 49.55, data load time: 0.09659, step time: 0.04209
epoch: [12], step: [383/1543], batch loss: 0.26983, batch accuracy: 53.37, data load time: 0.06450, step time: 0.03923
epoch: [12], step: [483/1543], batch loss: 0.25757, batch accuracy: 63.51, data load time: 0.10627, step time: 0.04179
epoch: [12], step: [583/1543], batch loss: 0.24598, batch accuracy: 60.55, data load time: 0.09403, step time: 0.03489
epoch: [12], step: [683/1543], batch loss: 0.23202, batch accuracy: 68.09, data load time: 0.10631, step time: 0.03622
epoch: [12], step: [783/1543], batch loss: 0.24024, batch accuracy: 49.62, data load time: 0.09081, step time: 0.03790
epoch: [12], step: [883/1543], batch loss: 0.28448, batch accuracy: 41.97, data load time: 0.09410, step time: 0.04149
epoch: [12], step: [983/1543], batch loss: 0.24911, batch accuracy: 50.25, data load time: 0.13411, step time: 0.03796
epoch: [12], step: [1083/1543], batch loss: 0.24359, batch accuracy: 33.65, data load time: 0.06874, step time: 0.03501
epoch: [12], step: [1183/1543], batch loss: 0.25321, batch accuracy: 51.49, data load time: 0.10977, step time: 0.03455
epoch: [12], step: [1283/1543], batch loss: 0.30357, batch accuracy: 45.08, data load time: 0.16690, step time: 0.04417
epoch: [12], step: [1383/1543], batch loss: 0.25210, batch accuracy: 52.61, data load time: 0.12094, step time: 0.03655
epoch: [12], step: [1483/1543], batch loss: 0.26115, batch accuracy: 47.16, data load time: 0.15035, step time: 0.03966
epoch: [13], step: [40/1543], batch loss: 0.28395, batch accuracy: 50.97, data load time: 0.04006, step time: 0.03711
epoch: [13], step: [140/1543], batch loss: 0.22403, batch accuracy: 50.88, data load time: 0.10130, step time: 0.03370
epoch: [13], step: [240/1543], batch loss: 0.26408, batch accuracy: 72.86, data load time: 0.08615, step time: 0.03864
epoch: [13], step: [340/1543], batch loss: 0.27330, batch accuracy: 38.81, data load time: 0.11148, step time: 0.04010
epoch: [13], step: [440/1543], batch loss: 0.25653, batch accuracy: 41.42, data load time: 0.07852, step time: 0.03734
epoch: [13], step: [540/1543], batch loss: 0.25149, batch accuracy: 45.32, data load time: 0.08745, step time: 0.03359
epoch: [13], step: [640/1543], batch loss: 0.24160, batch accuracy: 56.09, data load time: 0.04706, step time: 0.03214
epoch: [13], step: [740/1543], batch loss: 0.21592, batch accuracy: 51.37, data load time: 0.11217, step time: 0.03106
epoch: [13], step: [840/1543], batch loss: 0.23901, batch accuracy: 50.64, data load time: 0.08265, step time: 0.03296
epoch: [13], step: [940/1543], batch loss: 0.22176, batch accuracy: 52.85, data load time: 0.11638, step time: 0.03283
epoch: [13], step: [1040/1543], batch loss: 0.25279, batch accuracy: 51.22, data load time: 0.12888, step time: 0.03573
epoch: [13], step: [1140/1543], batch loss: 0.22180, batch accuracy: 47.25, data load time: 0.07492, step time: 0.03498
epoch: [13], step: [1240/1543], batch loss: 0.23792, batch accuracy: 44.05, data load time: 0.13768, step time: 0.03493
epoch: [13], step: [1340/1543], batch loss: 0.25445, batch accuracy: 50.43, data load time: 0.16898, step time: 0.03501
epoch: [13], step: [1440/1543], batch loss: 0.24001, batch accuracy: 62.03, data load time: 0.13725, step time: 0.03782
epoch: [13], step: [1540/1543], batch loss: 0.26284, batch accuracy: 49.83, data load time: 0.10816, step time: 0.03416
epoch: [14], step: [97/1543], batch loss: 0.26279, batch accuracy: 41.37, data load time: 0.09617, step time: 0.03643
epoch: [14], step: [197/1543], batch loss: 0.26462, batch accuracy: 49.89, data load time: 0.17270, step time: 0.03941
epoch: [14], step: [297/1543], batch loss: 0.26663, batch accuracy: 54.12, data load time: 0.12857, step time: 0.03863
epoch: [14], step: [397/1543], batch loss: 0.25892, batch accuracy: 43.72, data load time: 0.14230, step time: 0.03992
epoch: [14], step: [497/1543], batch loss: 0.23842, batch accuracy: 46.58, data load time: 0.06885, step time: 0.03364
epoch: [14], step: [597/1543], batch loss: 0.26523, batch accuracy: 50.36, data load time: 0.10376, step time: 0.03588
epoch: [14], step: [697/1543], batch loss: 0.23064, batch accuracy: 59.76, data load time: 0.05618, step time: 0.03434
epoch: [14], step: [797/1543], batch loss: 0.25048, batch accuracy: 48.66, data load time: 0.04686, step time: 0.03727
epoch: [14], step: [897/1543], batch loss: 0.23032, batch accuracy: 59.97, data load time: 0.05081, step time: 0.03439
epoch: [14], step: [997/1543], batch loss: 0.28583, batch accuracy: 48.88, data load time: 0.09033, step time: 0.03640
epoch: [14], step: [1097/1543], batch loss: 0.24234, batch accuracy: 53.32, data load time: 0.07138, step time: 0.03628
epoch: [14], step: [1197/1543], batch loss: 0.27061, batch accuracy: 57.47, data load time: 0.07721, step time: 0.03939
epoch: [14], step: [1297/1543], batch loss: 0.27179, batch accuracy: 30.39, data load time: 0.11807, step time: 0.03432
epoch: [14], step: [1397/1543], batch loss: 0.23092, batch accuracy: 50.90, data load time: 0.09661, step time: 0.03632
epoch: [14], step: [1497/1543], batch loss: 0.25117, batch accuracy: 48.74, data load time: 0.16755, step time: 0.03646
EVALUATION METRICS:
-------------------------------------------------------------

Validation: AUC Score: 0.5000

-------------------------------------------------------------
validation loss: 0.25361, accuracy: 50.00
epoch: [15], step: [54/1543], batch loss: 0.21962, batch accuracy: 45.05, data load time: 0.09054, step time: 0.03530
epoch: [15], step: [154/1543], batch loss: 0.26307, batch accuracy: 45.73, data load time: 0.06885, step time: 0.03812
epoch: [15], step: [254/1543], batch loss: 0.24603, batch accuracy: 49.84, data load time: 0.08664, step time: 0.03511
epoch: [15], step: [354/1543], batch loss: 0.24532, batch accuracy: 43.85, data load time: 0.11913, step time: 0.03608
epoch: [15], step: [454/1543], batch loss: 0.29917, batch accuracy: 54.66, data load time: 0.10126, step time: 0.04076
epoch: [15], step: [554/1543], batch loss: 0.28114, batch accuracy: 57.18, data load time: 0.03569, step time: 0.03623
epoch: [15], step: [654/1543], batch loss: 0.28469, batch accuracy: 55.42, data load time: 0.09461, step time: 0.04282
epoch: [15], step: [754/1543], batch loss: 0.24537, batch accuracy: 64.91, data load time: 0.07960, step time: 0.03720
epoch: [15], step: [854/1543], batch loss: 0.26566, batch accuracy: 57.02, data load time: 0.12478, step time: 0.03923
epoch: [15], step: [954/1543], batch loss: 0.25260, batch accuracy: 46.10, data load time: 0.14746, step time: 0.03831
epoch: [15], step: [1054/1543], batch loss: 0.31050, batch accuracy: 49.12, data load time: 0.11041, step time: 0.04356
epoch: [15], step: [1154/1543], batch loss: 0.24446, batch accuracy: 65.05, data load time: 0.15794, step time: 0.03591
epoch: [15], step: [1254/1543], batch loss: 0.24375, batch accuracy: 43.82, data load time: 0.14073, step time: 0.03605
epoch: [15], step: [1354/1543], batch loss: 0.27585, batch accuracy: 58.08, data load time: 0.14404, step time: 0.04144
epoch: [15], step: [1454/1543], batch loss: 0.25910, batch accuracy: 52.66, data load time: 0.10395, step time: 0.03511
epoch: [16], step: [11/1543], batch loss: 0.27349, batch accuracy: 42.17, data load time: 0.06279, step time: 0.04368
epoch: [16], step: [111/1543], batch loss: 0.25077, batch accuracy: 40.48, data load time: 0.06101, step time: 0.03769
epoch: [16], step: [211/1543], batch loss: 0.28435, batch accuracy: 62.77, data load time: 0.05725, step time: 0.04023
epoch: [16], step: [311/1543], batch loss: 0.21161, batch accuracy: 57.13, data load time: 0.11852, step time: 0.03078
epoch: [16], step: [411/1543], batch loss: 0.28155, batch accuracy: 55.01, data load time: 0.06758, step time: 0.04366
epoch: [16], step: [511/1543], batch loss: 0.22661, batch accuracy: 55.92, data load time: 0.11756, step time: 0.03314
epoch: [16], step: [611/1543], batch loss: 0.25735, batch accuracy: 53.70, data load time: 0.10015, step time: 0.03676
epoch: [16], step: [711/1543], batch loss: 0.27059, batch accuracy: 54.57, data load time: 0.11854, step time: 0.03718
epoch: [16], step: [811/1543], batch loss: 0.22200, batch accuracy: 60.42, data load time: 0.06661, step time: 0.03442
epoch: [16], step: [911/1543], batch loss: 0.24540, batch accuracy: 48.45, data load time: 0.15769, step time: 0.03445
epoch: [16], step: [1011/1543], batch loss: 0.28332, batch accuracy: 50.45, data load time: 0.12528, step time: 0.03655
epoch: [16], step: [1111/1543], batch loss: 0.26817, batch accuracy: 36.16, data load time: 0.14699, step time: 0.03716
epoch: [16], step: [1211/1543], batch loss: 0.26424, batch accuracy: 38.98, data load time: 0.16442, step time: 0.03735
epoch: [16], step: [1311/1543], batch loss: 0.29538, batch accuracy: 52.06, data load time: 0.09593, step time: 0.04203
epoch: [16], step: [1411/1543], batch loss: 0.26300, batch accuracy: 47.48, data load time: 0.18994, step time: 0.04223
epoch: [16], step: [1511/1543], batch loss: 0.25830, batch accuracy: 52.28, data load time: 0.09299, step time: 0.03734
Epoch 00017: reducing learning rate of group 0 to 4.7500e-04.
epoch: [17], step: [68/1543], batch loss: 0.26165, batch accuracy: 47.12, data load time: 0.11076, step time: 0.03815
epoch: [17], step: [168/1543], batch loss: 0.26203, batch accuracy: 39.60, data load time: 0.06514, step time: 0.03654
epoch: [17], step: [268/1543], batch loss: 0.20195, batch accuracy: 32.40, data load time: 0.05305, step time: 0.02802
epoch: [17], step: [368/1543], batch loss: 0.25098, batch accuracy: 54.81, data load time: 0.06693, step time: 0.03664
epoch: [17], step: [468/1543], batch loss: 0.27026, batch accuracy: 60.00, data load time: 0.06496, step time: 0.03807
epoch: [17], step: [568/1543], batch loss: 0.26610, batch accuracy: 37.47, data load time: 0.12167, step time: 0.03977
epoch: [17], step: [668/1543], batch loss: 0.25629, batch accuracy: 51.08, data load time: 0.14412, step time: 0.03879
epoch: [17], step: [768/1543], batch loss: 0.25246, batch accuracy: 52.37, data load time: 0.10010, step time: 0.03600
epoch: [17], step: [868/1543], batch loss: 0.29797, batch accuracy: 50.28, data load time: 0.10639, step time: 0.04505
epoch: [17], step: [968/1543], batch loss: 0.24532, batch accuracy: 55.86, data load time: 0.18693, step time: 0.03443
epoch: [17], step: [1068/1543], batch loss: 0.24884, batch accuracy: 43.27, data load time: 0.16827, step time: 0.03775
epoch: [17], step: [1168/1543], batch loss: 0.23557, batch accuracy: 50.56, data load time: 0.19851, step time: 0.03734
epoch: [17], step: [1268/1543], batch loss: 0.23578, batch accuracy: 57.76, data load time: 0.13247, step time: 0.03590
epoch: [17], step: [1368/1543], batch loss: 0.22840, batch accuracy: 44.81, data load time: 0.14837, step time: 0.03363
epoch: [17], step: [1468/1543], batch loss: 0.23584, batch accuracy: 56.12, data load time: 0.13305, step time: 0.03719
epoch: [18], step: [25/1543], batch loss: 0.26910, batch accuracy: 44.42, data load time: 0.07791, step time: 0.04867
epoch: [18], step: [125/1543], batch loss: 0.25735, batch accuracy: 46.24, data load time: 0.09695, step time: 0.04004
epoch: [18], step: [225/1543], batch loss: 0.31617, batch accuracy: 55.70, data load time: 0.04408, step time: 0.04211
epoch: [18], step: [325/1543], batch loss: 0.24257, batch accuracy: 60.61, data load time: 0.11214, step time: 0.03590
epoch: [18], step: [425/1543], batch loss: 0.22479, batch accuracy: 62.84, data load time: 0.09020, step time: 0.03233
epoch: [18], step: [525/1543], batch loss: 0.27842, batch accuracy: 51.38, data load time: 0.06634, step time: 0.03884
epoch: [18], step: [625/1543], batch loss: 0.24980, batch accuracy: 54.87, data load time: 0.19828, step time: 0.03502
epoch: [18], step: [725/1543], batch loss: 0.25223, batch accuracy: 53.97, data load time: 0.18065, step time: 0.03360
epoch: [18], step: [825/1543], batch loss: 0.22196, batch accuracy: 50.99, data load time: 0.09603, step time: 0.03151
epoch: [18], step: [925/1543], batch loss: 0.26867, batch accuracy: 49.84, data load time: 0.06604, step time: 0.03653
epoch: [18], step: [1025/1543], batch loss: 0.27648, batch accuracy: 40.06, data load time: 0.05215, step time: 0.03790
epoch: [18], step: [1125/1543], batch loss: 0.26691, batch accuracy: 51.33, data load time: 0.12345, step time: 0.03930
epoch: [18], step: [1225/1543], batch loss: 0.22459, batch accuracy: 46.78, data load time: 0.15949, step time: 0.03519
epoch: [18], step: [1325/1543], batch loss: 0.23495, batch accuracy: 50.48, data load time: 0.13573, step time: 0.03596
epoch: [18], step: [1425/1543], batch loss: 0.27180, batch accuracy: 51.34, data load time: 0.14527, step time: 0.03937
epoch: [18], step: [1525/1543], batch loss: 0.22655, batch accuracy: 56.85, data load time: 0.13151, step time: 0.03303
epoch: [19], step: [82/1543], batch loss: 0.25978, batch accuracy: 56.65, data load time: 0.05627, step time: 0.04188
epoch: [19], step: [182/1543], batch loss: 0.26570, batch accuracy: 50.00, data load time: 0.16882, step time: 0.03804
epoch: [19], step: [282/1543], batch loss: 0.23187, batch accuracy: 49.90, data load time: 0.09161, step time: 0.03775
epoch: [19], step: [382/1543], batch loss: 0.23920, batch accuracy: 42.66, data load time: 0.07831, step time: 0.03540
epoch: [19], step: [482/1543], batch loss: 0.21982, batch accuracy: 52.64, data load time: 0.09805, step time: 0.03019
epoch: [19], step: [582/1543], batch loss: 0.25063, batch accuracy: 54.67, data load time: 0.12946, step time: 0.03973
epoch: [19], step: [682/1543], batch loss: 0.21768, batch accuracy: 53.59, data load time: 0.13130, step time: 0.03326
epoch: [19], step: [782/1543], batch loss: 0.24129, batch accuracy: 58.44, data load time: 0.12260, step time: 0.03677
epoch: [19], step: [882/1543], batch loss: 0.28126, batch accuracy: 53.41, data load time: 0.13595, step time: 0.03859
epoch: [19], step: [982/1543], batch loss: 0.28636, batch accuracy: 43.50, data load time: 0.15728, step time: 0.03750
epoch: [19], step: [1082/1543], batch loss: 0.26159, batch accuracy: 34.78, data load time: 0.10712, step time: 0.03311
epoch: [19], step: [1182/1543], batch loss: 0.23997, batch accuracy: 47.09, data load time: 0.13448, step time: 0.03593
epoch: [19], step: [1282/1543], batch loss: 0.27707, batch accuracy: 51.77, data load time: 0.26399, step time: 0.03598
epoch: [19], step: [1382/1543], batch loss: 0.27746, batch accuracy: 47.25, data load time: 0.12415, step time: 0.04028
epoch: [19], step: [1482/1543], batch loss: 0.23245, batch accuracy: 52.00, data load time: 0.22494, step time: 0.03158
EVALUATION METRICS:
-------------------------------------------------------------

Validation: AUC Score: 0.5000

-------------------------------------------------------------
validation loss: 0.25355, accuracy: 50.00
epoch: [20], step: [39/1543], batch loss: 0.21820, batch accuracy: 56.13, data load time: 0.11974, step time: 0.03179
epoch: [20], step: [139/1543], batch loss: 0.23641, batch accuracy: 53.92, data load time: 0.09455, step time: 0.03445
epoch: [20], step: [239/1543], batch loss: 0.25587, batch accuracy: 59.61, data load time: 0.11747, step time: 0.03683
epoch: [20], step: [339/1543], batch loss: 0.24523, batch accuracy: 34.10, data load time: 0.10835, step time: 0.03659
epoch: [20], step: [439/1543], batch loss: 0.23021, batch accuracy: 42.40, data load time: 0.08495, step time: 0.03800
epoch: [20], step: [539/1543], batch loss: 0.24801, batch accuracy: 53.78, data load time: 0.16947, step time: 0.03700
epoch: [20], step: [639/1543], batch loss: 0.27311, batch accuracy: 59.61, data load time: 0.10821, step time: 0.04148
epoch: [20], step: [739/1543], batch loss: 0.22882, batch accuracy: 61.66, data load time: 0.08785, step time: 0.03509
epoch: [20], step: [839/1543], batch loss: 0.23687, batch accuracy: 56.06, data load time: 0.11909, step time: 0.03665
epoch: [20], step: [939/1543], batch loss: 0.23509, batch accuracy: 57.46, data load time: 0.08111, step time: 0.03526
epoch: [20], step: [1039/1543], batch loss: 0.29591, batch accuracy: 57.28, data load time: 0.18373, step time: 0.04227
epoch: [20], step: [1139/1543], batch loss: 0.25172, batch accuracy: 51.09, data load time: 0.11502, step time: 0.03666
epoch: [20], step: [1239/1543], batch loss: 0.24269, batch accuracy: 56.63, data load time: 0.16705, step time: 0.03516
epoch: [20], step: [1339/1543], batch loss: 0.25346, batch accuracy: 39.12, data load time: 0.14239, step time: 0.03579
epoch: [20], step: [1439/1543], batch loss: 0.26251, batch accuracy: 56.27, data load time: 0.16213, step time: 0.03859
epoch: [20], step: [1539/1543], batch loss: 0.25496, batch accuracy: 43.18, data load time: 0.10574, step time: 0.03872
epoch: [21], step: [96/1543], batch loss: 0.23416, batch accuracy: 46.50, data load time: 0.04472, step time: 0.03440
epoch: [21], step: [196/1543], batch loss: 0.24569, batch accuracy: 38.99, data load time: 0.10146, step time: 0.03507
epoch: [21], step: [296/1543], batch loss: 0.22684, batch accuracy: 54.99, data load time: 0.07967, step time: 0.03453
epoch: [21], step: [396/1543], batch loss: 0.26435, batch accuracy: 44.96, data load time: 0.09369, step time: 0.03776
epoch: [21], step: [496/1543], batch loss: 0.25207, batch accuracy: 43.54, data load time: 0.09467, step time: 0.03564
epoch: [21], step: [596/1543], batch loss: 0.26444, batch accuracy: 45.03, data load time: 0.08852, step time: 0.03495
epoch: [21], step: [696/1543], batch loss: 0.25753, batch accuracy: 60.16, data load time: 0.11562, step time: 0.03735
epoch: [21], step: [796/1543], batch loss: 0.21750, batch accuracy: 44.52, data load time: 0.15394, step time: 0.03486
epoch: [21], step: [896/1543], batch loss: 0.27284, batch accuracy: 46.95, data load time: 0.10102, step time: 0.03722
epoch: [21], step: [996/1543], batch loss: 0.24278, batch accuracy: 43.13, data load time: 0.07586, step time: 0.03356
epoch: [21], step: [1096/1543], batch loss: 0.29138, batch accuracy: 35.64, data load time: 0.13271, step time: 0.04065
epoch: [21], step: [1196/1543], batch loss: 0.24936, batch accuracy: 60.24, data load time: 0.12174, step time: 0.03447
epoch: [21], step: [1296/1543], batch loss: 0.23285, batch accuracy: 51.27, data load time: 0.11017, step time: 0.03294
epoch: [21], step: [1396/1543], batch loss: 0.23758, batch accuracy: 54.50, data load time: 0.08315, step time: 0.03509
epoch: [21], step: [1496/1543], batch loss: 0.24194, batch accuracy: 51.80, data load time: 0.17950, step time: 0.03292
epoch: [22], step: [53/1543], batch loss: 0.21837, batch accuracy: 49.04, data load time: 0.12776, step time: 0.02885
epoch: [22], step: [153/1543], batch loss: 0.27221, batch accuracy: 44.37, data load time: 0.07195, step time: 0.04025
epoch: [22], step: [253/1543], batch loss: 0.24039, batch accuracy: 52.78, data load time: 0.05059, step time: 0.03621
epoch: [22], step: [353/1543], batch loss: 0.23794, batch accuracy: 49.98, data load time: 0.13702, step time: 0.03316
epoch: [22], step: [453/1543], batch loss: 0.23619, batch accuracy: 54.06, data load time: 0.05657, step time: 0.03562
epoch: [22], step: [553/1543], batch loss: 0.25053, batch accuracy: 42.70, data load time: 0.12799, step time: 0.03587
epoch: [22], step: [653/1543], batch loss: 0.22810, batch accuracy: 46.27, data load time: 0.12247, step time: 0.03246
epoch: [22], step: [753/1543], batch loss: 0.26960, batch accuracy: 49.68, data load time: 0.09825, step time: 0.03786
epoch: [22], step: [853/1543], batch loss: 0.24188, batch accuracy: 43.35, data load time: 0.08910, step time: 0.03674
epoch: [22], step: [953/1543], batch loss: 0.25339, batch accuracy: 64.95, data load time: 0.13222, step time: 0.03886
epoch: [22], step: [1053/1543], batch loss: 0.24935, batch accuracy: 46.48, data load time: 0.17820, step time: 0.03315
epoch: [22], step: [1153/1543], batch loss: 0.23202, batch accuracy: 57.11, data load time: 0.12578, step time: 0.03091
epoch: [22], step: [1253/1543], batch loss: 0.23608, batch accuracy: 44.69, data load time: 0.13732, step time: 0.03453
epoch: [22], step: [1353/1543], batch loss: 0.32314, batch accuracy: 47.52, data load time: 0.10488, step time: 0.04432
epoch: [22], step: [1453/1543], batch loss: 0.23544, batch accuracy: 64.29, data load time: 0.16514, step time: 0.03596
epoch: [23], step: [10/1543], batch loss: 0.26765, batch accuracy: 66.26, data load time: 0.04106, step time: 0.04244
epoch: [23], step: [110/1543], batch loss: 0.27453, batch accuracy: 59.52, data load time: 0.04766, step time: 0.04078
epoch: [23], step: [210/1543], batch loss: 0.25450, batch accuracy: 49.13, data load time: 0.06654, step time: 0.03942
epoch: [23], step: [310/1543], batch loss: 0.27072, batch accuracy: 49.12, data load time: 0.12146, step time: 0.03644
epoch: [23], step: [410/1543], batch loss: 0.26432, batch accuracy: 47.27, data load time: 0.06879, step time: 0.03691
epoch: [23], step: [510/1543], batch loss: 0.24683, batch accuracy: 60.62, data load time: 0.14398, step time: 0.04480
epoch: [23], step: [610/1543], batch loss: 0.23223, batch accuracy: 44.18, data load time: 0.14701, step time: 0.03364
epoch: [23], step: [710/1543], batch loss: 0.22526, batch accuracy: 39.49, data load time: 0.06231, step time: 0.03236
epoch: [23], step: [810/1543], batch loss: 0.21661, batch accuracy: 53.55, data load time: 0.11149, step time: 0.03088
epoch: [23], step: [910/1543], batch loss: 0.28881, batch accuracy: 55.56, data load time: 0.15450, step time: 0.04208
epoch: [23], step: [1010/1543], batch loss: 0.25568, batch accuracy: 43.71, data load time: 0.10394, step time: 0.03790
epoch: [23], step: [1110/1543], batch loss: 0.24698, batch accuracy: 46.56, data load time: 0.18489, step time: 0.03665
epoch: [23], step: [1210/1543], batch loss: 0.24703, batch accuracy: 45.72, data load time: 0.13628, step time: 0.03440
epoch: [23], step: [1310/1543], batch loss: 0.29967, batch accuracy: 33.05, data load time: 0.18158, step time: 0.04319
epoch: [23], step: [1410/1543], batch loss: 0.24757, batch accuracy: 57.76, data load time: 0.13301, step time: 0.03643
epoch: [23], step: [1510/1543], batch loss: 0.26465, batch accuracy: 53.72, data load time: 0.11590, step time: 0.04143
epoch: [24], step: [67/1543], batch loss: 0.24181, batch accuracy: 48.18, data load time: 0.05623, step time: 0.03742
epoch: [24], step: [167/1543], batch loss: 0.25977, batch accuracy: 47.10, data load time: 0.03644, step time: 0.03507
epoch: [24], step: [267/1543], batch loss: 0.23981, batch accuracy: 49.31, data load time: 0.08039, step time: 0.03520
epoch: [24], step: [367/1543], batch loss: 0.27770, batch accuracy: 54.97, data load time: 0.12334, step time: 0.04466
epoch: [24], step: [467/1543], batch loss: 0.27352, batch accuracy: 55.59, data load time: 0.07611, step time: 0.03595
epoch: [24], step: [567/1543], batch loss: 0.24899, batch accuracy: 49.42, data load time: 0.06996, step time: 0.03886
epoch: [24], step: [667/1543], batch loss: 0.28774, batch accuracy: 46.35, data load time: 0.12549, step time: 0.04014
epoch: [24], step: [767/1543], batch loss: 0.23612, batch accuracy: 43.09, data load time: 0.10442, step time: 0.03456
epoch: [24], step: [867/1543], batch loss: 0.24170, batch accuracy: 55.49, data load time: 0.22406, step time: 0.03676
epoch: [24], step: [967/1543], batch loss: 0.24600, batch accuracy: 50.06, data load time: 0.09034, step time: 0.03367
epoch: [24], step: [1067/1543], batch loss: 0.22320, batch accuracy: 42.76, data load time: 0.13577, step time: 0.03177
epoch: [24], step: [1167/1543], batch loss: 0.27282, batch accuracy: 50.15, data load time: 0.12529, step time: 0.03810
epoch: [24], step: [1267/1543], batch loss: 0.22381, batch accuracy: 47.84, data load time: 0.09038, step time: 0.03498
epoch: [24], step: [1367/1543], batch loss: 0.23963, batch accuracy: 58.02, data load time: 0.05457, step time: 0.03113
epoch: [24], step: [1467/1543], batch loss: 0.26461, batch accuracy: 49.65, data load time: 0.11413, step time: 0.03815
EVALUATION METRICS:
-------------------------------------------------------------

Validation: AUC Score: 0.5000

-------------------------------------------------------------
validation loss: 0.25355, accuracy: 50.00
epoch: [25], step: [24/1543], batch loss: 0.26007, batch accuracy: 59.58, data load time: 0.09134, step time: 0.03946
epoch: [25], step: [124/1543], batch loss: 0.26792, batch accuracy: 70.54, data load time: 0.11605, step time: 0.03688
epoch: [25], step: [224/1543], batch loss: 0.28535, batch accuracy: 52.81, data load time: 0.08603, step time: 0.04490
epoch: [25], step: [324/1543], batch loss: 0.23059, batch accuracy: 56.09, data load time: 0.09776, step time: 0.03308
epoch: [25], step: [424/1543], batch loss: 0.24418, batch accuracy: 52.67, data load time: 0.15178, step time: 0.03864
epoch: [25], step: [524/1543], batch loss: 0.28234, batch accuracy: 53.10, data load time: 0.06605, step time: 0.03657
epoch: [25], step: [624/1543], batch loss: 0.26416, batch accuracy: 46.25, data load time: 0.07626, step time: 0.03859
epoch: [25], step: [724/1543], batch loss: 0.23336, batch accuracy: 48.17, data load time: 0.09434, step time: 0.03221
epoch: [25], step: [824/1543], batch loss: 0.28725, batch accuracy: 45.46, data load time: 0.12662, step time: 0.03754
epoch: [25], step: [924/1543], batch loss: 0.25849, batch accuracy: 54.32, data load time: 0.14273, step time: 0.04090
epoch: [25], step: [1024/1543], batch loss: 0.21711, batch accuracy: 56.03, data load time: 0.09472, step time: 0.03589
epoch: [25], step: [1124/1543], batch loss: 0.23299, batch accuracy: 44.41, data load time: 0.12789, step time: 0.03309
epoch: [25], step: [1224/1543], batch loss: 0.23580, batch accuracy: 66.92, data load time: 0.10958, step time: 0.03935
epoch: [25], step: [1324/1543], batch loss: 0.26482, batch accuracy: 59.23, data load time: 0.07017, step time: 0.03733
epoch: [25], step: [1424/1543], batch loss: 0.24784, batch accuracy: 47.41, data load time: 0.14366, step time: 0.03307
epoch: [25], step: [1524/1543], batch loss: 0.23881, batch accuracy: 62.78, data load time: 0.12843, step time: 0.03580
epoch: [26], step: [81/1543], batch loss: 0.24694, batch accuracy: 47.43, data load time: 0.08260, step time: 0.03534
epoch: [26], step: [181/1543], batch loss: 0.25542, batch accuracy: 52.99, data load time: 0.05299, step time: 0.04022
epoch: [26], step: [281/1543], batch loss: 0.20037, batch accuracy: 52.43, data load time: 0.04592, step time: 0.02878
epoch: [26], step: [381/1543], batch loss: 0.26281, batch accuracy: 45.15, data load time: 0.07269, step time: 0.04015
epoch: [26], step: [481/1543], batch loss: 0.27070, batch accuracy: 52.93, data load time: 0.09054, step time: 0.03899
epoch: [26], step: [581/1543], batch loss: 0.29832, batch accuracy: 49.12, data load time: 0.00142, step time: 0.03746
epoch: [26], step: [681/1543], batch loss: 0.24375, batch accuracy: 52.81, data load time: 0.07797, step time: 0.03607
epoch: [26], step: [781/1543], batch loss: 0.24160, batch accuracy: 59.09, data load time: 0.08214, step time: 0.03583
epoch: [26], step: [881/1543], batch loss: 0.23908, batch accuracy: 50.48, data load time: 0.09164, step time: 0.03855
epoch: [26], step: [981/1543], batch loss: 0.26252, batch accuracy: 47.87, data load time: 0.09617, step time: 0.03588
epoch: [26], step: [1081/1543], batch loss: 0.21601, batch accuracy: 45.29, data load time: 0.12184, step time: 0.03384
epoch: [26], step: [1181/1543], batch loss: 0.24825, batch accuracy: 35.49, data load time: 0.09238, step time: 0.03786
epoch: [26], step: [1281/1543], batch loss: 0.23119, batch accuracy: 41.73, data load time: 0.10013, step time: 0.03384
epoch: [26], step: [1381/1543], batch loss: 0.23163, batch accuracy: 49.19, data load time: 0.18122, step time: 0.03376
epoch: [26], step: [1481/1543], batch loss: 0.23011, batch accuracy: 52.01, data load time: 0.10820, step time: 0.03650
epoch: [27], step: [38/1543], batch loss: 0.28583, batch accuracy: 52.70, data load time: 0.10629, step time: 0.03946
epoch: [27], step: [138/1543], batch loss: 0.23325, batch accuracy: 46.46, data load time: 0.13143, step time: 0.03319
epoch: [27], step: [238/1543], batch loss: 0.27263, batch accuracy: 43.60, data load time: 0.09816, step time: 0.03896
epoch: [27], step: [338/1543], batch loss: 0.23774, batch accuracy: 46.83, data load time: 0.10046, step time: 0.03510
epoch: [27], step: [438/1543], batch loss: 0.27207, batch accuracy: 45.52, data load time: 0.11749, step time: 0.04080
epoch: [27], step: [538/1543], batch loss: 0.24864, batch accuracy: 57.04, data load time: 0.17352, step time: 0.03515
epoch: [27], step: [638/1543], batch loss: 0.26161, batch accuracy: 51.91, data load time: 0.15436, step time: 0.03607
epoch: [27], step: [738/1543], batch loss: 0.24216, batch accuracy: 48.68, data load time: 0.17995, step time: 0.03315
epoch: [27], step: [838/1543], batch loss: 0.25661, batch accuracy: 56.24, data load time: 0.15847, step time: 0.03656
epoch: [27], step: [938/1543], batch loss: 0.24508, batch accuracy: 51.01, data load time: 0.15106, step time: 0.03812
epoch: [27], step: [1038/1543], batch loss: 0.30069, batch accuracy: 49.19, data load time: 0.16933, step time: 0.03794
epoch: [27], step: [1138/1543], batch loss: 0.23753, batch accuracy: 63.23, data load time: 0.15379, step time: 0.03852
epoch: [27], step: [1238/1543], batch loss: 0.23587, batch accuracy: 52.86, data load time: 0.15732, step time: 0.03543
epoch: [27], step: [1338/1543], batch loss: 0.23888, batch accuracy: 51.90, data load time: 0.13947, step time: 0.03300
epoch: [27], step: [1438/1543], batch loss: 0.25392, batch accuracy: 46.89, data load time: 0.23936, step time: 0.03576
epoch: [27], step: [1538/1543], batch loss: 0.27619, batch accuracy: 46.57, data load time: 0.17354, step time: 0.03933
epoch: [28], step: [95/1543], batch loss: 0.24675, batch accuracy: 51.05, data load time: 0.09309, step time: 0.04044
epoch: [28], step: [195/1543], batch loss: 0.28972, batch accuracy: 50.41, data load time: 0.09712, step time: 0.04009
epoch: [28], step: [295/1543], batch loss: 0.25626, batch accuracy: 34.89, data load time: 0.07603, step time: 0.03918
epoch: [28], step: [395/1543], batch loss: 0.22438, batch accuracy: 52.48, data load time: 0.09356, step time: 0.03527
epoch: [28], step: [495/1543], batch loss: 0.22183, batch accuracy: 49.26, data load time: 0.12207, step time: 0.03231
epoch: [28], step: [595/1543], batch loss: 0.25395, batch accuracy: 57.77, data load time: 0.13162, step time: 0.03678
epoch: [28], step: [695/1543], batch loss: 0.24734, batch accuracy: 48.20, data load time: 0.13841, step time: 0.03631
epoch: [28], step: [795/1543], batch loss: 0.25700, batch accuracy: 41.08, data load time: 0.09623, step time: 0.03584
epoch: [28], step: [895/1543], batch loss: 0.24525, batch accuracy: 51.30, data load time: 0.14966, step time: 0.03736
epoch: [28], step: [995/1543], batch loss: 0.25050, batch accuracy: 57.93, data load time: 0.09909, step time: 0.03728
epoch: [28], step: [1095/1543], batch loss: 0.25940, batch accuracy: 58.39, data load time: 0.19520, step time: 0.04008
epoch: [28], step: [1195/1543], batch loss: 0.28323, batch accuracy: 58.38, data load time: 0.16548, step time: 0.03994
epoch: [28], step: [1295/1543], batch loss: 0.22541, batch accuracy: 50.87, data load time: 0.10234, step time: 0.03522
epoch: [28], step: [1395/1543], batch loss: 0.27343, batch accuracy: 40.55, data load time: 0.08605, step time: 0.03886
epoch: [28], step: [1495/1543], batch loss: 0.23238, batch accuracy: 49.78, data load time: 0.16528, step time: 0.03384
epoch: [29], step: [52/1543], batch loss: 0.28771, batch accuracy: 54.63, data load time: 0.06385, step time: 0.04170
epoch: [29], step: [152/1543], batch loss: 0.25888, batch accuracy: 48.16, data load time: 0.08588, step time: 0.04014
epoch: [29], step: [252/1543], batch loss: 0.25495, batch accuracy: 41.17, data load time: 0.13624, step time: 0.03760
epoch: [29], step: [352/1543], batch loss: 0.29562, batch accuracy: 31.97, data load time: 0.10467, step time: 0.04186
epoch: [29], step: [452/1543], batch loss: 0.26639, batch accuracy: 37.19, data load time: 0.10133, step time: 0.03653
epoch: [29], step: [552/1543], batch loss: 0.22914, batch accuracy: 53.05, data load time: 0.12956, step time: 0.03083
epoch: [29], step: [652/1543], batch loss: 0.26358, batch accuracy: 46.44, data load time: 0.08088, step time: 0.03709
epoch: [29], step: [752/1543], batch loss: 0.22307, batch accuracy: 59.52, data load time: 0.18191, step time: 0.03301
epoch: [29], step: [852/1543], batch loss: 0.25020, batch accuracy: 67.93, data load time: 0.11221, step time: 0.03872
epoch: [29], step: [952/1543], batch loss: 0.25165, batch accuracy: 55.00, data load time: 0.16352, step time: 0.03587
epoch: [29], step: [1052/1543], batch loss: 0.22673, batch accuracy: 52.74, data load time: 0.15407, step time: 0.03219
epoch: [29], step: [1152/1543], batch loss: 0.24700, batch accuracy: 49.78, data load time: 0.17323, step time: 0.03653
epoch: [29], step: [1252/1543], batch loss: 0.21610, batch accuracy: 38.14, data load time: 0.16387, step time: 0.03024
epoch: [29], step: [1352/1543], batch loss: 0.25482, batch accuracy: 56.32, data load time: 0.21420, step time: 0.03436
epoch: [29], step: [1452/1543], batch loss: 0.22740, batch accuracy: 58.37, data load time: 0.13161, step time: 0.03436
EVALUATION METRICS:
-------------------------------------------------------------

Validation: AUC Score: 0.5000

-------------------------------------------------------------
validation loss: 0.25355, accuracy: 50.00
EVALUATION METRICS:
-------------------------------------------------------------

Test: AUC Score: 0.5000

-------------------------------------------------------------
validation loss: 0.71888, accuracy: 50.00
