Loading data from trainSpec_dataset
Loading data from valSpec_dataset
Loading data from testSpec_dataset
Writing logs to logs/CNN_sgd_momentum=0.4_learning_rate=0.2_conv_length=256_conv_stride=256_batch_size=10_epochs=20_weight_decay=1e-05_model=ChunkResCNN1_op=sgd_dropout=0.1_run_0
epoch: [0], step: [99/1543], batch loss: 0.47080, batch accuracy: 51.12, data load time: 0.12957, step time: 0.10370
epoch: [0], step: [199/1543], batch loss: 0.25072, batch accuracy: 63.80, data load time: 0.09409, step time: 0.09957
epoch: [0], step: [299/1543], batch loss: 0.20631, batch accuracy: 55.80, data load time: 0.05815, step time: 0.09852
epoch: [0], step: [399/1543], batch loss: 0.17731, batch accuracy: 49.53, data load time: 0.08837, step time: 0.09427
epoch: [0], step: [499/1543], batch loss: 0.24721, batch accuracy: 72.51, data load time: 0.07128, step time: 0.10337
epoch: [0], step: [599/1543], batch loss: 0.24926, batch accuracy: 66.26, data load time: 0.07639, step time: 0.10407
epoch: [0], step: [699/1543], batch loss: 0.19054, batch accuracy: 68.30, data load time: 0.12714, step time: 0.09837
epoch: [0], step: [799/1543], batch loss: 0.19621, batch accuracy: 74.29, data load time: 0.03255, step time: 0.10118
epoch: [0], step: [899/1543], batch loss: 0.22241, batch accuracy: 65.79, data load time: 0.08722, step time: 0.10126
epoch: [0], step: [999/1543], batch loss: 0.16596, batch accuracy: 76.05, data load time: 0.03189, step time: 0.09779
epoch: [0], step: [1099/1543], batch loss: 0.16934, batch accuracy: 77.85, data load time: 0.05851, step time: 0.09765
epoch: [0], step: [1199/1543], batch loss: 0.27849, batch accuracy: 66.17, data load time: 0.02341, step time: 0.10255
epoch: [0], step: [1299/1543], batch loss: 0.19550, batch accuracy: 77.96, data load time: 0.10035, step time: 0.10097
epoch: [0], step: [1399/1543], batch loss: 0.16055, batch accuracy: 84.35, data load time: 0.08812, step time: 0.10116
epoch: [0], step: [1499/1543], batch loss: 0.18633, batch accuracy: 79.63, data load time: 0.07390, step time: 0.09973
EVALUATION METRICS:
-------------------------------------------------------------

Validation AUC Score: 0.7640

-------------------------------------------------------------
validation loss: 0.22425, accuracy: 76.40
epoch: [1], step: [56/1543], batch loss: 0.18144, batch accuracy: 75.32, data load time: 0.03802, step time: 0.09817
epoch: [1], step: [156/1543], batch loss: 0.24080, batch accuracy: 62.33, data load time: 0.02826, step time: 0.09977
epoch: [1], step: [256/1543], batch loss: 0.16309, batch accuracy: 82.95, data load time: 0.03156, step time: 0.09757
epoch: [1], step: [356/1543], batch loss: 0.20052, batch accuracy: 83.28, data load time: 0.02157, step time: 0.10142
epoch: [1], step: [456/1543], batch loss: 0.19907, batch accuracy: 79.17, data load time: 0.05061, step time: 0.10177
epoch: [1], step: [556/1543], batch loss: 0.23859, batch accuracy: 72.00, data load time: 0.05107, step time: 0.10141
epoch: [1], step: [656/1543], batch loss: 0.17353, batch accuracy: 81.40, data load time: 0.03700, step time: 0.09792
epoch: [1], step: [756/1543], batch loss: 0.21636, batch accuracy: 78.23, data load time: 0.01763, step time: 0.10196
epoch: [1], step: [856/1543], batch loss: 0.13287, batch accuracy: 88.24, data load time: 0.02170, step time: 0.09479
epoch: [1], step: [956/1543], batch loss: 0.17746, batch accuracy: 80.53, data load time: 0.05396, step time: 0.10210
epoch: [1], step: [1056/1543], batch loss: 0.16927, batch accuracy: 82.24, data load time: 0.02059, step time: 0.10059
epoch: [1], step: [1156/1543], batch loss: 0.13693, batch accuracy: 87.91, data load time: 0.02024, step time: 0.10276
epoch: [1], step: [1256/1543], batch loss: 0.17128, batch accuracy: 89.46, data load time: 0.02110, step time: 0.10265
epoch: [1], step: [1356/1543], batch loss: 0.21024, batch accuracy: 77.41, data load time: 0.02165, step time: 0.10424
epoch: [1], step: [1456/1543], batch loss: 0.18279, batch accuracy: 76.04, data load time: 0.01728, step time: 0.09908
EVALUATION METRICS:
-------------------------------------------------------------

Validation AUC Score: 0.7795

-------------------------------------------------------------
validation loss: 0.19580, accuracy: 77.95
epoch: [2], step: [13/1543], batch loss: 0.16168, batch accuracy: 80.74, data load time: 0.01832, step time: 0.09739
epoch: [2], step: [113/1543], batch loss: 0.18777, batch accuracy: 75.19, data load time: 0.01695, step time: 0.09838
epoch: [2], step: [213/1543], batch loss: 0.14670, batch accuracy: 80.02, data load time: 0.01773, step time: 0.09667
epoch: [2], step: [313/1543], batch loss: 0.18927, batch accuracy: 85.01, data load time: 0.01761, step time: 0.09910
epoch: [2], step: [413/1543], batch loss: 0.14787, batch accuracy: 90.88, data load time: 0.02097, step time: 0.09608
epoch: [2], step: [513/1543], batch loss: 0.14396, batch accuracy: 75.43, data load time: 0.01916, step time: 0.09514
epoch: [2], step: [613/1543], batch loss: 0.16241, batch accuracy: 88.34, data load time: 0.02109, step time: 0.10175
epoch: [2], step: [713/1543], batch loss: 0.18498, batch accuracy: 83.06, data load time: 0.02172, step time: 0.10038
epoch: [2], step: [813/1543], batch loss: 0.14832, batch accuracy: 84.03, data load time: 0.01881, step time: 0.09811
epoch: [2], step: [913/1543], batch loss: 0.16220, batch accuracy: 86.26, data load time: 0.01842, step time: 0.10104
epoch: [2], step: [1013/1543], batch loss: 0.18451, batch accuracy: 77.14, data load time: 0.01844, step time: 0.09874
epoch: [2], step: [1113/1543], batch loss: 0.19724, batch accuracy: 77.47, data load time: 0.01823, step time: 0.09966
epoch: [2], step: [1213/1543], batch loss: 0.13875, batch accuracy: 87.36, data load time: 0.02202, step time: 0.09745
epoch: [2], step: [1313/1543], batch loss: 0.13005, batch accuracy: 87.07, data load time: 0.01996, step time: 0.09757
epoch: [2], step: [1413/1543], batch loss: 0.14859, batch accuracy: 82.24, data load time: 0.02069, step time: 0.09538
epoch: [2], step: [1513/1543], batch loss: 0.14507, batch accuracy: 87.49, data load time: 0.02140, step time: 0.10025
EVALUATION METRICS:
-------------------------------------------------------------

Validation AUC Score: 0.8269

-------------------------------------------------------------
validation loss: 0.16868, accuracy: 82.69
epoch: [3], step: [70/1543], batch loss: 0.13606, batch accuracy: 88.95, data load time: 0.02658, step time: 0.10194
epoch: [3], step: [170/1543], batch loss: 0.15346, batch accuracy: 90.07, data load time: 0.00363, step time: 0.10271
epoch: [3], step: [270/1543], batch loss: 0.22936, batch accuracy: 76.04, data load time: 0.15715, step time: 0.10189
epoch: [3], step: [370/1543], batch loss: 0.15846, batch accuracy: 85.49, data load time: 0.00851, step time: 0.09894
epoch: [3], step: [470/1543], batch loss: 0.16912, batch accuracy: 84.61, data load time: 0.07883, step time: 0.10281
epoch: [3], step: [570/1543], batch loss: 0.14622, batch accuracy: 85.24, data load time: 0.10204, step time: 0.09983
epoch: [3], step: [670/1543], batch loss: 0.17071, batch accuracy: 86.83, data load time: 0.09204, step time: 0.09972
epoch: [3], step: [770/1543], batch loss: 0.16074, batch accuracy: 90.65, data load time: 0.05434, step time: 0.10111
epoch: [3], step: [870/1543], batch loss: 0.15635, batch accuracy: 84.37, data load time: 0.04450, step time: 0.09844
epoch: [3], step: [970/1543], batch loss: 0.15435, batch accuracy: 85.23, data load time: 0.26285, step time: 0.09910
epoch: [3], step: [1070/1543], batch loss: 0.18131, batch accuracy: 86.52, data load time: 0.10330, step time: 0.10105
epoch: [3], step: [1170/1543], batch loss: 0.16199, batch accuracy: 91.50, data load time: 0.07010, step time: 0.10058
epoch: [3], step: [1270/1543], batch loss: 0.16644, batch accuracy: 73.69, data load time: 0.03460, step time: 0.09691
epoch: [3], step: [1370/1543], batch loss: 0.15247, batch accuracy: 89.54, data load time: 0.02065, step time: 0.10210
epoch: [3], step: [1470/1543], batch loss: 0.18825, batch accuracy: 93.61, data load time: 0.09784, step time: 0.10417
EVALUATION METRICS:
-------------------------------------------------------------

Validation AUC Score: 0.8653

-------------------------------------------------------------
validation loss: 0.15466, accuracy: 86.53
epoch: [4], step: [27/1543], batch loss: 0.12445, batch accuracy: 89.61, data load time: 0.07320, step time: 0.09839
epoch: [4], step: [127/1543], batch loss: 0.16908, batch accuracy: 92.18, data load time: 0.02130, step time: 0.10401
epoch: [4], step: [227/1543], batch loss: 0.14652, batch accuracy: 86.39, data load time: 0.08517, step time: 0.09842
epoch: [4], step: [327/1543], batch loss: 0.16170, batch accuracy: 88.87, data load time: 0.08640, step time: 0.10163
epoch: [4], step: [427/1543], batch loss: 0.16790, batch accuracy: 86.37, data load time: 0.05088, step time: 0.10087
epoch: [4], step: [527/1543], batch loss: 0.15976, batch accuracy: 90.26, data load time: 0.07178, step time: 0.09842
epoch: [4], step: [627/1543], batch loss: 0.13513, batch accuracy: 93.12, data load time: 0.04354, step time: 0.09984
epoch: [4], step: [727/1543], batch loss: 0.15758, batch accuracy: 90.43, data load time: 0.06276, step time: 0.10200
epoch: [4], step: [827/1543], batch loss: 0.19098, batch accuracy: 87.05, data load time: 0.05687, step time: 0.10265
epoch: [4], step: [927/1543], batch loss: 0.16789, batch accuracy: 84.10, data load time: 0.01844, step time: 0.09943
epoch: [4], step: [1027/1543], batch loss: 0.15028, batch accuracy: 92.58, data load time: 0.07538, step time: 0.10119
epoch: [4], step: [1127/1543], batch loss: 0.14925, batch accuracy: 92.54, data load time: 0.03279, step time: 0.10119
epoch: [4], step: [1227/1543], batch loss: 0.15390, batch accuracy: 85.13, data load time: 0.03846, step time: 0.09994
epoch: [4], step: [1327/1543], batch loss: 0.16178, batch accuracy: 94.19, data load time: 0.03417, step time: 0.10132
epoch: [4], step: [1427/1543], batch loss: 0.14904, batch accuracy: 89.10, data load time: 0.02615, step time: 0.09613
epoch: [4], step: [1527/1543], batch loss: 0.19402, batch accuracy: 84.83, data load time: 0.01840, step time: 0.10276
EVALUATION METRICS:
-------------------------------------------------------------

Validation AUC Score: 0.8716

-------------------------------------------------------------
validation loss: 0.14609, accuracy: 87.16
epoch: [5], step: [84/1543], batch loss: 0.16747, batch accuracy: 90.70, data load time: 0.04146, step time: 0.10213
epoch: [5], step: [184/1543], batch loss: 0.14858, batch accuracy: 90.06, data load time: 0.01513, step time: 0.10405
epoch: [5], step: [284/1543], batch loss: 0.11803, batch accuracy: 91.23, data load time: 0.02589, step time: 0.09901
epoch: [5], step: [384/1543], batch loss: 0.15652, batch accuracy: 90.11, data load time: 0.02321, step time: 0.10148
epoch: [5], step: [484/1543], batch loss: 0.15009, batch accuracy: 90.28, data load time: 0.01552, step time: 0.09734
epoch: [5], step: [584/1543], batch loss: 0.19225, batch accuracy: 85.49, data load time: 0.01708, step time: 0.10036
epoch: [5], step: [684/1543], batch loss: 0.14885, batch accuracy: 83.65, data load time: 0.01661, step time: 0.09609
epoch: [5], step: [784/1543], batch loss: 0.20418, batch accuracy: 84.54, data load time: 0.02203, step time: 0.10205
epoch: [5], step: [884/1543], batch loss: 0.17030, batch accuracy: 85.34, data load time: 0.01983, step time: 0.10266
epoch: [5], step: [984/1543], batch loss: 0.12950, batch accuracy: 92.91, data load time: 0.03001, step time: 0.09619
epoch: [5], step: [1084/1543], batch loss: 0.15935, batch accuracy: 90.71, data load time: 0.02204, step time: 0.10134
epoch: [5], step: [1184/1543], batch loss: 0.14380, batch accuracy: 93.25, data load time: 0.01995, step time: 0.10401
epoch: [5], step: [1284/1543], batch loss: 0.16892, batch accuracy: 83.56, data load time: 0.02062, step time: 0.09982
epoch: [5], step: [1384/1543], batch loss: 0.15062, batch accuracy: 91.19, data load time: 0.02149, step time: 0.10060
epoch: [5], step: [1484/1543], batch loss: 0.15041, batch accuracy: 87.08, data load time: 0.02096, step time: 0.09685
Epoch 00006: reducing learning rate of group 0 to 1.0000e-02.
EVALUATION METRICS:
-------------------------------------------------------------

Validation AUC Score: 0.8782

-------------------------------------------------------------
validation loss: 0.13975, accuracy: 87.82
epoch: [6], step: [41/1543], batch loss: 0.17598, batch accuracy: 85.95, data load time: 0.01359, step time: 0.10474
epoch: [6], step: [141/1543], batch loss: 0.13348, batch accuracy: 95.89, data load time: 0.01506, step time: 0.10040
epoch: [6], step: [241/1543], batch loss: 0.13725, batch accuracy: 89.17, data load time: 0.01810, step time: 0.09830
epoch: [6], step: [341/1543], batch loss: 0.10857, batch accuracy: 96.99, data load time: 0.01410, step time: 0.09904
epoch: [6], step: [441/1543], batch loss: 0.14134, batch accuracy: 96.89, data load time: 0.01588, step time: 0.10264
epoch: [6], step: [541/1543], batch loss: 0.13981, batch accuracy: 88.86, data load time: 0.01918, step time: 0.10087
epoch: [6], step: [641/1543], batch loss: 0.11109, batch accuracy: 93.32, data load time: 0.03435, step time: 0.09336
epoch: [6], step: [741/1543], batch loss: 0.16729, batch accuracy: 91.61, data load time: 0.01848, step time: 0.10524
epoch: [6], step: [841/1543], batch loss: 0.17030, batch accuracy: 89.64, data load time: 0.05403, step time: 0.10053
epoch: [6], step: [941/1543], batch loss: 0.11960, batch accuracy: 95.43, data load time: 0.04873, step time: 0.09787
epoch: [6], step: [1041/1543], batch loss: 0.11173, batch accuracy: 88.93, data load time: 0.02776, step time: 0.09640
epoch: [6], step: [1141/1543], batch loss: 0.14122, batch accuracy: 96.86, data load time: 0.04862, step time: 0.10142
epoch: [6], step: [1241/1543], batch loss: 0.16218, batch accuracy: 90.42, data load time: 0.04686, step time: 0.10402
epoch: [6], step: [1341/1543], batch loss: 0.12995, batch accuracy: 90.87, data load time: 0.02106, step time: 0.09895
epoch: [6], step: [1441/1543], batch loss: 0.11602, batch accuracy: 94.28, data load time: 0.02022, step time: 0.09881
epoch: [6], step: [1541/1543], batch loss: 0.10799, batch accuracy: 94.31, data load time: 0.01997, step time: 0.09984
EVALUATION METRICS:
-------------------------------------------------------------

Validation AUC Score: 0.8847

-------------------------------------------------------------
validation loss: 0.13679, accuracy: 88.47
epoch: [7], step: [98/1543], batch loss: 0.12701, batch accuracy: 92.39, data load time: 0.02966, step time: 0.10136
epoch: [7], step: [198/1543], batch loss: 0.15351, batch accuracy: 93.67, data load time: 0.04451, step time: 0.10686
epoch: [7], step: [298/1543], batch loss: 0.11216, batch accuracy: 97.00, data load time: 0.06117, step time: 0.09979
epoch: [7], step: [398/1543], batch loss: 0.14496, batch accuracy: 90.50, data load time: 0.05701, step time: 0.09905
epoch: [7], step: [498/1543], batch loss: 0.10655, batch accuracy: 95.28, data load time: 0.05364, step time: 0.09949
epoch: [7], step: [598/1543], batch loss: 0.10493, batch accuracy: 90.69, data load time: 0.06333, step time: 0.09471
epoch: [7], step: [698/1543], batch loss: 0.18157, batch accuracy: 86.48, data load time: 0.06480, step time: 0.10257
epoch: [7], step: [798/1543], batch loss: 0.13742, batch accuracy: 88.52, data load time: 0.07309, step time: 0.10283
epoch: [7], step: [898/1543], batch loss: 0.11215, batch accuracy: 93.45, data load time: 0.05102, step time: 0.09970
epoch: [7], step: [998/1543], batch loss: 0.11741, batch accuracy: 95.47, data load time: 0.03023, step time: 0.10115
epoch: [7], step: [1098/1543], batch loss: 0.12210, batch accuracy: 90.65, data load time: 0.05695, step time: 0.10000
epoch: [7], step: [1198/1543], batch loss: 0.12744, batch accuracy: 91.49, data load time: 0.01919, step time: 0.10249
epoch: [7], step: [1298/1543], batch loss: 0.12983, batch accuracy: 89.30, data load time: 0.06246, step time: 0.09635
epoch: [7], step: [1398/1543], batch loss: 0.21481, batch accuracy: 84.96, data load time: 0.04299, step time: 0.10396
epoch: [7], step: [1498/1543], batch loss: 0.11237, batch accuracy: 95.74, data load time: 0.05782, step time: 0.09903
EVALUATION METRICS:
-------------------------------------------------------------

Validation AUC Score: 0.8860

-------------------------------------------------------------
validation loss: 0.13593, accuracy: 88.60
epoch: [8], step: [55/1543], batch loss: 0.12941, batch accuracy: 92.23, data load time: 0.02712, step time: 0.10002
epoch: [8], step: [155/1543], batch loss: 0.12681, batch accuracy: 89.51, data load time: 0.03059, step time: 0.09684
epoch: [8], step: [255/1543], batch loss: 0.12316, batch accuracy: 89.31, data load time: 0.01518, step time: 0.10052
epoch: [8], step: [355/1543], batch loss: 0.14164, batch accuracy: 91.77, data load time: 0.07148, step time: 0.10128
epoch: [8], step: [455/1543], batch loss: 0.11840, batch accuracy: 91.78, data load time: 0.02065, step time: 0.09977
epoch: [8], step: [555/1543], batch loss: 0.12082, batch accuracy: 92.12, data load time: 0.05444, step time: 0.09973
epoch: [8], step: [655/1543], batch loss: 0.12590, batch accuracy: 94.38, data load time: 0.02049, step time: 0.09986
epoch: [8], step: [755/1543], batch loss: 0.15582, batch accuracy: 94.15, data load time: 0.01896, step time: 0.10189
epoch: [8], step: [855/1543], batch loss: 0.10043, batch accuracy: 94.82, data load time: 0.03551, step time: 0.09624
epoch: [8], step: [955/1543], batch loss: 0.13896, batch accuracy: 91.19, data load time: 0.02115, step time: 0.10147
epoch: [8], step: [1055/1543], batch loss: 0.11336, batch accuracy: 95.31, data load time: 0.01887, step time: 0.09704
epoch: [8], step: [1155/1543], batch loss: 0.14558, batch accuracy: 79.77, data load time: 0.01850, step time: 0.09837
epoch: [8], step: [1255/1543], batch loss: 0.14845, batch accuracy: 92.44, data load time: 0.03741, step time: 0.09915
epoch: [8], step: [1355/1543], batch loss: 0.14080, batch accuracy: 96.84, data load time: 0.01877, step time: 0.10260
epoch: [8], step: [1455/1543], batch loss: 0.14103, batch accuracy: 91.15, data load time: 0.03660, step time: 0.10120
EVALUATION METRICS:
-------------------------------------------------------------

Validation AUC Score: 0.8868

-------------------------------------------------------------
validation loss: 0.13442, accuracy: 88.68
epoch: [9], step: [12/1543], batch loss: 0.16249, batch accuracy: 84.99, data load time: 0.01329, step time: 0.09762
epoch: [9], step: [112/1543], batch loss: 0.18184, batch accuracy: 86.57, data load time: 0.01751, step time: 0.10325
epoch: [9], step: [212/1543], batch loss: 0.08989, batch accuracy: 95.56, data load time: 0.02265, step time: 0.10190
epoch: [9], step: [312/1543], batch loss: 0.12184, batch accuracy: 92.99, data load time: 0.01577, step time: 0.09897
epoch: [9], step: [412/1543], batch loss: 0.11753, batch accuracy: 93.41, data load time: 0.02010, step time: 0.09913
epoch: [9], step: [512/1543], batch loss: 0.14016, batch accuracy: 95.96, data load time: 0.01902, step time: 0.10321
epoch: [9], step: [612/1543], batch loss: 0.17931, batch accuracy: 84.46, data load time: 0.02831, step time: 0.10675
epoch: [9], step: [712/1543], batch loss: 0.13193, batch accuracy: 96.79, data load time: 0.02077, step time: 0.10181
epoch: [9], step: [812/1543], batch loss: 0.15260, batch accuracy: 91.47, data load time: 0.01811, step time: 0.10556
epoch: [9], step: [912/1543], batch loss: 0.11317, batch accuracy: 93.50, data load time: 0.01938, step time: 0.09809
epoch: [9], step: [1012/1543], batch loss: 0.08067, batch accuracy: 98.83, data load time: 0.02068, step time: 0.09750
epoch: [9], step: [1112/1543], batch loss: 0.13275, batch accuracy: 92.78, data load time: 0.03505, step time: 0.09964
epoch: [9], step: [1212/1543], batch loss: 0.12971, batch accuracy: 90.00, data load time: 0.01916, step time: 0.10055
epoch: [9], step: [1312/1543], batch loss: 0.19745, batch accuracy: 85.38, data load time: 0.03238, step time: 0.09895
epoch: [9], step: [1412/1543], batch loss: 0.12842, batch accuracy: 93.69, data load time: 0.02056, step time: 0.10692
epoch: [9], step: [1512/1543], batch loss: 0.21765, batch accuracy: 87.81, data load time: 0.04445, step time: 0.10328
Epoch 00010: reducing learning rate of group 0 to 5.0000e-04.
EVALUATION METRICS:
-------------------------------------------------------------

Validation AUC Score: 0.8870

-------------------------------------------------------------
validation loss: 0.13513, accuracy: 88.70
epoch: [10], step: [69/1543], batch loss: 0.13950, batch accuracy: 91.25, data load time: 0.04199, step time: 0.10039
epoch: [10], step: [169/1543], batch loss: 0.10480, batch accuracy: 96.45, data load time: 0.07858, step time: 0.09684
epoch: [10], step: [269/1543], batch loss: 0.14742, batch accuracy: 94.68, data load time: 0.08259, step time: 0.10103
epoch: [10], step: [369/1543], batch loss: 0.16143, batch accuracy: 84.49, data load time: 0.04785, step time: 0.09832
epoch: [10], step: [469/1543], batch loss: 0.14566, batch accuracy: 97.22, data load time: 0.04990, step time: 0.10257
epoch: [10], step: [569/1543], batch loss: 0.12813, batch accuracy: 90.28, data load time: 0.05542, step time: 0.09825
epoch: [10], step: [669/1543], batch loss: 0.14540, batch accuracy: 82.55, data load time: 0.03664, step time: 0.09978
epoch: [10], step: [769/1543], batch loss: 0.16105, batch accuracy: 87.00, data load time: 0.05137, step time: 0.10051
epoch: [10], step: [869/1543], batch loss: 0.12187, batch accuracy: 89.35, data load time: 0.02970, step time: 0.10035
epoch: [10], step: [969/1543], batch loss: 0.13125, batch accuracy: 93.69, data load time: 0.04366, step time: 0.10095
epoch: [10], step: [1069/1543], batch loss: 0.11945, batch accuracy: 90.62, data load time: 0.06779, step time: 0.10042
epoch: [10], step: [1169/1543], batch loss: 0.13045, batch accuracy: 93.72, data load time: 0.03322, step time: 0.10042
epoch: [10], step: [1269/1543], batch loss: 0.11731, batch accuracy: 92.64, data load time: 0.07964, step time: 0.09664
epoch: [10], step: [1369/1543], batch loss: 0.10820, batch accuracy: 88.99, data load time: 0.06518, step time: 0.09909
epoch: [10], step: [1469/1543], batch loss: 0.13835, batch accuracy: 91.05, data load time: 0.03112, step time: 0.09965
EVALUATION METRICS:
-------------------------------------------------------------

Validation AUC Score: 0.8866

-------------------------------------------------------------
validation loss: 0.13520, accuracy: 88.66
epoch: [11], step: [26/1543], batch loss: 0.11660, batch accuracy: 89.09, data load time: 0.02700, step time: 0.09830
epoch: [11], step: [126/1543], batch loss: 0.19792, batch accuracy: 78.72, data load time: 0.03874, step time: 0.10031
epoch: [11], step: [226/1543], batch loss: 0.10689, batch accuracy: 95.41, data load time: 0.11747, step time: 0.10068
epoch: [11], step: [326/1543], batch loss: 0.10633, batch accuracy: 97.34, data load time: 0.06076, step time: 0.09994
epoch: [11], step: [426/1543], batch loss: 0.11382, batch accuracy: 91.28, data load time: 0.02698, step time: 0.09762
epoch: [11], step: [526/1543], batch loss: 0.12857, batch accuracy: 91.99, data load time: 0.03113, step time: 0.09806
epoch: [11], step: [626/1543], batch loss: 0.16021, batch accuracy: 83.38, data load time: 0.05773, step time: 0.09751
epoch: [11], step: [726/1543], batch loss: 0.11069, batch accuracy: 95.84, data load time: 0.05938, step time: 0.09911
epoch: [11], step: [826/1543], batch loss: 0.14079, batch accuracy: 92.77, data load time: 0.05853, step time: 0.10100
epoch: [11], step: [926/1543], batch loss: 0.17388, batch accuracy: 85.48, data load time: 0.03109, step time: 0.10244
epoch: [11], step: [1026/1543], batch loss: 0.17456, batch accuracy: 92.93, data load time: 0.05438, step time: 0.10515
epoch: [11], step: [1126/1543], batch loss: 0.11748, batch accuracy: 88.56, data load time: 0.07047, step time: 0.09745
epoch: [11], step: [1226/1543], batch loss: 0.12168, batch accuracy: 96.64, data load time: 0.02020, step time: 0.10034
epoch: [11], step: [1326/1543], batch loss: 0.11490, batch accuracy: 90.72, data load time: 0.03256, step time: 0.09930
epoch: [11], step: [1426/1543], batch loss: 0.15721, batch accuracy: 88.29, data load time: 0.03757, step time: 0.10528
epoch: [11], step: [1526/1543], batch loss: 0.14331, batch accuracy: 90.25, data load time: 0.03929, step time: 0.10159
EVALUATION METRICS:
-------------------------------------------------------------

Validation AUC Score: 0.8875

-------------------------------------------------------------
validation loss: 0.13442, accuracy: 88.75
epoch: [12], step: [83/1543], batch loss: 0.12814, batch accuracy: 90.03, data load time: 0.03168, step time: 0.09394
epoch: [12], step: [183/1543], batch loss: 0.16720, batch accuracy: 87.53, data load time: 0.01501, step time: 0.09904
epoch: [12], step: [283/1543], batch loss: 0.13220, batch accuracy: 92.48, data load time: 0.01459, step time: 0.10359
epoch: [12], step: [383/1543], batch loss: 0.16201, batch accuracy: 92.42, data load time: 0.01368, step time: 0.10255
epoch: [12], step: [483/1543], batch loss: 0.11853, batch accuracy: 95.47, data load time: 0.03874, step time: 0.09898
epoch: [12], step: [583/1543], batch loss: 0.15646, batch accuracy: 95.19, data load time: 0.01807, step time: 0.10474
epoch: [12], step: [683/1543], batch loss: 0.15163, batch accuracy: 95.37, data load time: 0.01873, step time: 0.10316
epoch: [12], step: [783/1543], batch loss: 0.16671, batch accuracy: 91.16, data load time: 0.01718, step time: 0.09596
epoch: [12], step: [883/1543], batch loss: 0.14263, batch accuracy: 92.55, data load time: 0.02011, step time: 0.09741
epoch: [12], step: [983/1543], batch loss: 0.10783, batch accuracy: 94.16, data load time: 0.02015, step time: 0.09602
epoch: [12], step: [1083/1543], batch loss: 0.12435, batch accuracy: 95.82, data load time: 0.02027, step time: 0.09960
epoch: [12], step: [1183/1543], batch loss: 0.13154, batch accuracy: 92.19, data load time: 0.01984, step time: 0.10171
epoch: [12], step: [1283/1543], batch loss: 0.10531, batch accuracy: 94.44, data load time: 0.01857, step time: 0.09678
epoch: [12], step: [1383/1543], batch loss: 0.13136, batch accuracy: 93.38, data load time: 0.03397, step time: 0.10047
epoch: [12], step: [1483/1543], batch loss: 0.14181, batch accuracy: 84.12, data load time: 0.02024, step time: 0.09521
Epoch 00013: reducing learning rate of group 0 to 2.5000e-05.
EVALUATION METRICS:
-------------------------------------------------------------

Validation AUC Score: 0.8876

-------------------------------------------------------------
validation loss: 0.13529, accuracy: 88.76
epoch: [13], step: [40/1543], batch loss: 0.15001, batch accuracy: 91.14, data load time: 0.01621, step time: 0.10285
epoch: [13], step: [140/1543], batch loss: 0.14238, batch accuracy: 96.07, data load time: 0.01709, step time: 0.10026
epoch: [13], step: [240/1543], batch loss: 0.13240, batch accuracy: 86.96, data load time: 0.01557, step time: 0.10263
epoch: [13], step: [340/1543], batch loss: 0.11592, batch accuracy: 88.19, data load time: 0.01736, step time: 0.09894
epoch: [13], step: [440/1543], batch loss: 0.15788, batch accuracy: 91.26, data load time: 0.01583, step time: 0.10326
epoch: [13], step: [540/1543], batch loss: 0.12405, batch accuracy: 95.47, data load time: 0.01848, step time: 0.10546
epoch: [13], step: [640/1543], batch loss: 0.13324, batch accuracy: 91.44, data load time: 0.01635, step time: 0.09930
epoch: [13], step: [740/1543], batch loss: 0.14709, batch accuracy: 92.81, data load time: 0.06047, step time: 0.09903
epoch: [13], step: [840/1543], batch loss: 0.12266, batch accuracy: 93.20, data load time: 0.01908, step time: 0.09735
epoch: [13], step: [940/1543], batch loss: 0.11395, batch accuracy: 91.62, data load time: 0.07498, step time: 0.09675
epoch: [13], step: [1040/1543], batch loss: 0.12245, batch accuracy: 93.38, data load time: 0.09657, step time: 0.09608
epoch: [13], step: [1140/1543], batch loss: 0.10414, batch accuracy: 91.98, data load time: 0.05664, step time: 0.09755
epoch: [13], step: [1240/1543], batch loss: 0.15496, batch accuracy: 87.91, data load time: 0.01886, step time: 0.09826
epoch: [13], step: [1340/1543], batch loss: 0.13686, batch accuracy: 94.03, data load time: 0.03234, step time: 0.09756
epoch: [13], step: [1440/1543], batch loss: 0.12194, batch accuracy: 90.37, data load time: 0.07176, step time: 0.10036
epoch: [13], step: [1540/1543], batch loss: 0.16294, batch accuracy: 93.32, data load time: 0.08007, step time: 0.10122
EVALUATION METRICS:
-------------------------------------------------------------

Validation AUC Score: 0.8882

-------------------------------------------------------------
validation loss: 0.13386, accuracy: 88.82
epoch: [14], step: [97/1543], batch loss: 0.12781, batch accuracy: 93.06, data load time: 0.03645, step time: 0.10037
epoch: [14], step: [197/1543], batch loss: 0.12111, batch accuracy: 92.09, data load time: 0.05256, step time: 0.09670
epoch: [14], step: [297/1543], batch loss: 0.19834, batch accuracy: 85.39, data load time: 0.09735, step time: 0.10133
epoch: [14], step: [397/1543], batch loss: 0.14208, batch accuracy: 88.79, data load time: 0.10156, step time: 0.10327
epoch: [14], step: [497/1543], batch loss: 0.12246, batch accuracy: 89.84, data load time: 0.10373, step time: 0.09749
epoch: [14], step: [597/1543], batch loss: 0.14089, batch accuracy: 93.78, data load time: 0.09500, step time: 0.10437
epoch: [14], step: [697/1543], batch loss: 0.10889, batch accuracy: 97.80, data load time: 0.06649, step time: 0.10044
epoch: [14], step: [797/1543], batch loss: 0.12438, batch accuracy: 93.03, data load time: 0.01847, step time: 0.09742
epoch: [14], step: [897/1543], batch loss: 0.14425, batch accuracy: 84.03, data load time: 0.05405, step time: 0.09613
epoch: [14], step: [997/1543], batch loss: 0.11471, batch accuracy: 90.38, data load time: 0.15290, step time: 0.09538
epoch: [14], step: [1097/1543], batch loss: 0.14248, batch accuracy: 92.74, data load time: 0.06449, step time: 0.09955
epoch: [14], step: [1197/1543], batch loss: 0.11109, batch accuracy: 93.98, data load time: 0.03345, step time: 0.09747
epoch: [14], step: [1297/1543], batch loss: 0.17622, batch accuracy: 88.01, data load time: 0.07107, step time: 0.10407
epoch: [14], step: [1397/1543], batch loss: 0.14307, batch accuracy: 89.73, data load time: 0.03585, step time: 0.09868
epoch: [14], step: [1497/1543], batch loss: 0.16075, batch accuracy: 87.19, data load time: 0.05394, step time: 0.10021
EVALUATION METRICS:
-------------------------------------------------------------

Validation AUC Score: 0.8880

-------------------------------------------------------------
validation loss: 0.13509, accuracy: 88.80
epoch: [15], step: [54/1543], batch loss: 0.18678, batch accuracy: 89.11, data load time: 0.01428, step time: 0.10245
epoch: [15], step: [154/1543], batch loss: 0.13131, batch accuracy: 91.78, data load time: 0.01228, step time: 0.10092
epoch: [15], step: [254/1543], batch loss: 0.13632, batch accuracy: 93.40, data load time: 0.01748, step time: 0.09671
epoch: [15], step: [354/1543], batch loss: 0.15456, batch accuracy: 89.21, data load time: 0.01725, step time: 0.09749
epoch: [15], step: [454/1543], batch loss: 0.11882, batch accuracy: 92.47, data load time: 0.03308, step time: 0.09885
epoch: [15], step: [554/1543], batch loss: 0.12931, batch accuracy: 89.48, data load time: 0.01743, step time: 0.10119
epoch: [15], step: [654/1543], batch loss: 0.10774, batch accuracy: 94.53, data load time: 0.01790, step time: 0.09912
epoch: [15], step: [754/1543], batch loss: 0.12287, batch accuracy: 94.06, data load time: 0.03893, step time: 0.09949
epoch: [15], step: [854/1543], batch loss: 0.15348, batch accuracy: 92.05, data load time: 0.02126, step time: 0.09800
epoch: [15], step: [954/1543], batch loss: 0.12208, batch accuracy: 90.93, data load time: 0.01889, step time: 0.09484
epoch: [15], step: [1054/1543], batch loss: 0.16110, batch accuracy: 87.85, data load time: 0.01928, step time: 0.10463
epoch: [15], step: [1154/1543], batch loss: 0.10914, batch accuracy: 89.47, data load time: 0.01910, step time: 0.09518
epoch: [15], step: [1254/1543], batch loss: 0.17419, batch accuracy: 88.73, data load time: 0.01904, step time: 0.10098
epoch: [15], step: [1354/1543], batch loss: 0.11934, batch accuracy: 90.21, data load time: 0.02255, step time: 0.09830
epoch: [15], step: [1454/1543], batch loss: 0.14674, batch accuracy: 88.70, data load time: 0.02182, step time: 0.10462
Epoch 00016: reducing learning rate of group 0 to 1.2500e-06.
EVALUATION METRICS:
-------------------------------------------------------------

Validation AUC Score: 0.8867

-------------------------------------------------------------
validation loss: 0.13534, accuracy: 88.67
epoch: [16], step: [11/1543], batch loss: 0.16769, batch accuracy: 90.78, data load time: 0.04244, step time: 0.10109
epoch: [16], step: [111/1543], batch loss: 0.12053, batch accuracy: 94.71, data load time: 0.02359, step time: 0.10312
epoch: [16], step: [211/1543], batch loss: 0.09319, batch accuracy: 95.45, data load time: 0.03604, step time: 0.09819
epoch: [16], step: [311/1543], batch loss: 0.13849, batch accuracy: 92.23, data load time: 0.02948, step time: 0.10043
epoch: [16], step: [411/1543], batch loss: 0.12393, batch accuracy: 89.21, data load time: 0.06380, step time: 0.09894
epoch: [16], step: [511/1543], batch loss: 0.15829, batch accuracy: 90.11, data load time: 0.16684, step time: 0.09889
epoch: [16], step: [611/1543], batch loss: 0.14508, batch accuracy: 93.42, data load time: 0.11125, step time: 0.09996
epoch: [16], step: [711/1543], batch loss: 0.11727, batch accuracy: 95.89, data load time: 0.09360, step time: 0.09884
epoch: [16], step: [811/1543], batch loss: 0.14611, batch accuracy: 90.62, data load time: 0.08112, step time: 0.09788
epoch: [16], step: [911/1543], batch loss: 0.16947, batch accuracy: 94.71, data load time: 0.06237, step time: 0.10018
epoch: [16], step: [1011/1543], batch loss: 0.14417, batch accuracy: 92.34, data load time: 0.04822, step time: 0.10242
epoch: [16], step: [1111/1543], batch loss: 0.10560, batch accuracy: 96.13, data load time: 0.05115, step time: 0.09737
epoch: [16], step: [1211/1543], batch loss: 0.12425, batch accuracy: 94.35, data load time: 0.04565, step time: 0.09876
epoch: [16], step: [1311/1543], batch loss: 0.13019, batch accuracy: 92.69, data load time: 0.08529, step time: 0.10242
epoch: [16], step: [1411/1543], batch loss: 0.10405, batch accuracy: 91.53, data load time: 0.05836, step time: 0.09876
epoch: [16], step: [1511/1543], batch loss: 0.08025, batch accuracy: 96.05, data load time: 0.04995, step time: 0.09699
EVALUATION METRICS:
-------------------------------------------------------------

Validation AUC Score: 0.8863

-------------------------------------------------------------
validation loss: 0.13710, accuracy: 88.63
epoch: [17], step: [68/1543], batch loss: 0.13163, batch accuracy: 90.34, data load time: 0.07845, step time: 0.10253
epoch: [17], step: [168/1543], batch loss: 0.13701, batch accuracy: 94.18, data load time: 0.03850, step time: 0.10395
epoch: [17], step: [268/1543], batch loss: 0.09859, batch accuracy: 99.40, data load time: 0.08175, step time: 0.09596
epoch: [17], step: [368/1543], batch loss: 0.12696, batch accuracy: 96.56, data load time: 0.05039, step time: 0.10231
epoch: [17], step: [468/1543], batch loss: 0.13455, batch accuracy: 89.99, data load time: 0.03469, step time: 0.10028
epoch: [17], step: [568/1543], batch loss: 0.11418, batch accuracy: 92.99, data load time: 0.04875, step time: 0.10293
epoch: [17], step: [668/1543], batch loss: 0.09978, batch accuracy: 94.75, data load time: 0.01891, step time: 0.10113
epoch: [17], step: [768/1543], batch loss: 0.13922, batch accuracy: 94.16, data load time: 0.03288, step time: 0.10128
epoch: [17], step: [868/1543], batch loss: 0.11165, batch accuracy: 95.94, data load time: 0.01958, step time: 0.09876
epoch: [17], step: [968/1543], batch loss: 0.12881, batch accuracy: 92.73, data load time: 0.02090, step time: 0.10104
epoch: [17], step: [1068/1543], batch loss: 0.15060, batch accuracy: 87.89, data load time: 0.03994, step time: 0.09965
epoch: [17], step: [1168/1543], batch loss: 0.15344, batch accuracy: 85.31, data load time: 0.02241, step time: 0.09926
epoch: [17], step: [1268/1543], batch loss: 0.15171, batch accuracy: 81.34, data load time: 0.03591, step time: 0.09754
epoch: [17], step: [1368/1543], batch loss: 0.12201, batch accuracy: 93.19, data load time: 0.03820, step time: 0.09832
epoch: [17], step: [1468/1543], batch loss: 0.11379, batch accuracy: 93.83, data load time: 0.03374, step time: 0.09671
EVALUATION METRICS:
-------------------------------------------------------------

Validation AUC Score: 0.8868

-------------------------------------------------------------
validation loss: 0.13513, accuracy: 88.68
epoch: [18], step: [25/1543], batch loss: 0.15710, batch accuracy: 92.49, data load time: 0.01959, step time: 0.10060
epoch: [18], step: [125/1543], batch loss: 0.14824, batch accuracy: 89.22, data load time: 0.01471, step time: 0.10125
epoch: [18], step: [225/1543], batch loss: 0.11965, batch accuracy: 88.74, data load time: 0.01302, step time: 0.09820
epoch: [18], step: [325/1543], batch loss: 0.14910, batch accuracy: 92.59, data load time: 0.03154, step time: 0.10233
epoch: [18], step: [425/1543], batch loss: 0.11499, batch accuracy: 95.33, data load time: 0.01788, step time: 0.09958
epoch: [18], step: [525/1543], batch loss: 0.14813, batch accuracy: 83.40, data load time: 0.03577, step time: 0.09545
epoch: [18], step: [625/1543], batch loss: 0.15134, batch accuracy: 94.24, data load time: 0.04521, step time: 0.09992
epoch: [18], step: [725/1543], batch loss: 0.12443, batch accuracy: 90.06, data load time: 0.11738, step time: 0.09597
epoch: [18], step: [825/1543], batch loss: 0.13991, batch accuracy: 87.02, data load time: 0.05766, step time: 0.09811
epoch: [18], step: [925/1543], batch loss: 0.14051, batch accuracy: 88.19, data load time: 0.01924, step time: 0.09803
epoch: [18], step: [1025/1543], batch loss: 0.16429, batch accuracy: 88.44, data load time: 0.07662, step time: 0.10319
epoch: [18], step: [1125/1543], batch loss: 0.12895, batch accuracy: 93.50, data load time: 0.05307, step time: 0.10167
epoch: [18], step: [1225/1543], batch loss: 0.11217, batch accuracy: 90.35, data load time: 0.03498, step time: 0.09744
epoch: [18], step: [1325/1543], batch loss: 0.13095, batch accuracy: 88.21, data load time: 0.01932, step time: 0.09680
epoch: [18], step: [1425/1543], batch loss: 0.15504, batch accuracy: 87.60, data load time: 0.03990, step time: 0.09965
epoch: [18], step: [1525/1543], batch loss: 0.11294, batch accuracy: 95.75, data load time: 0.02168, step time: 0.09798
Epoch 00019: reducing learning rate of group 0 to 6.2500e-08.
EVALUATION METRICS:
-------------------------------------------------------------

Validation AUC Score: 0.8865

-------------------------------------------------------------
validation loss: 0.13524, accuracy: 88.65
epoch: [19], step: [82/1543], batch loss: 0.12558, batch accuracy: 93.58, data load time: 0.01334, step time: 0.09736
epoch: [19], step: [182/1543], batch loss: 0.16104, batch accuracy: 90.23, data load time: 0.01722, step time: 0.10167
epoch: [19], step: [282/1543], batch loss: 0.12823, batch accuracy: 90.87, data load time: 0.01808, step time: 0.10291
epoch: [19], step: [382/1543], batch loss: 0.14732, batch accuracy: 87.76, data load time: 0.01231, step time: 0.10005
epoch: [19], step: [482/1543], batch loss: 0.11139, batch accuracy: 91.50, data load time: 0.02197, step time: 0.10546
epoch: [19], step: [582/1543], batch loss: 0.15572, batch accuracy: 84.82, data load time: 0.01865, step time: 0.09940
epoch: [19], step: [682/1543], batch loss: 0.12825, batch accuracy: 92.20, data load time: 0.01842, step time: 0.10097
epoch: [19], step: [782/1543], batch loss: 0.13765, batch accuracy: 93.39, data load time: 0.01744, step time: 0.10369
epoch: [19], step: [882/1543], batch loss: 0.16172, batch accuracy: 85.80, data load time: 0.01989, step time: 0.10096
epoch: [19], step: [982/1543], batch loss: 0.12321, batch accuracy: 94.08, data load time: 0.01776, step time: 0.10179
epoch: [19], step: [1082/1543], batch loss: 0.18710, batch accuracy: 91.53, data load time: 0.03796, step time: 0.10950
epoch: [19], step: [1182/1543], batch loss: 0.10952, batch accuracy: 91.63, data load time: 0.03081, step time: 0.09582
epoch: [19], step: [1282/1543], batch loss: 0.14286, batch accuracy: 93.67, data load time: 0.01866, step time: 0.10306
epoch: [19], step: [1382/1543], batch loss: 0.12497, batch accuracy: 93.64, data load time: 0.01816, step time: 0.09913
epoch: [19], step: [1482/1543], batch loss: 0.14004, batch accuracy: 86.79, data load time: 0.05095, step time: 0.09726
EVALUATION METRICS:
-------------------------------------------------------------

Validation AUC Score: 0.8867

-------------------------------------------------------------
validation loss: 0.13582, accuracy: 88.67
EVALUATION METRICS:
-------------------------------------------------------------

Test AUC Score: 0.8950, Class Labels: ambient: 0.9384, baroque: 0.9535, bass: 0.8157, beat: 0.9274, cello: 0.9327, chant: 0.9440, choir: 0.9854, classical: 0.8979, country: 0.9226, dance: 0.9530, drum: 0.8644, eastern: 0.8730, electro: 0.8694, fast: 0.8742, female: 0.9318, flute: 0.9510, folk: 0.8910, foreign: 0.8951, guitar: 0.8925, hard: 0.9744, harp: 0.9331, harpsichord: 0.9758, heavy: 0.9845, india: 0.8585, jazz: 0.9196, loud: 0.9136, male: 0.9215, modern: 0.7935, new age: 0.8658, no beat: 0.7590, no piano: 0.6736, no singer: 0.6907, opera: 0.9734, orchestra: 0.9192, piano: 0.9487, pop: 0.9341, quiet: 0.9162, rock: 0.9838, singer: 0.8830, sitar: 0.9087, slow: 0.8351, soft: 0.8370, solo: 0.8719, strange: 0.7846, string: 0.8814, synth: 0.8356, techno: 0.9552, trance: 0.9106, violin: 0.9226, vocal: 0.8709

-------------------------------------------------------------
validation loss: 0.39071, accuracy: 89.50
