Loading data from /mnt/storage/scratch/ee20947/MagnaTagATune/annotations/train.pkl...
Loading data from /mnt/storage/scratch/ee20947/MagnaTagATune/annotations/train.pkl...
Loading data from /mnt/storage/scratch/ee20947/MagnaTagATune/annotations/val.pkl...
Loading data from /mnt/storage/scratch/ee20947/MagnaTagATune/annotations/test.pkl...
Writing logs to logs/CNN_sgd_momentum=0.93_learning_rate=2.7185882345293066e-07_conv_length=256_conv_stride=256_batch_size=10_epochs=30_weight_decay=1e-05_extension=ExtraCNN_run_0
Best learning rate saved to best_lr.json: 0.3944205939769745
epoch: [0], step: [99/1543], batch loss: 0.22695, batch accuracy: 66.33, data load time: 0.17931, step time: 0.03471
epoch: [0], step: [199/1543], batch loss: 0.20876, batch accuracy: 74.02, data load time: 0.16352, step time: 0.03803
epoch: [0], step: [299/1543], batch loss: 0.19760, batch accuracy: 74.05, data load time: 0.18934, step time: 0.03605
epoch: [0], step: [399/1543], batch loss: 0.19086, batch accuracy: 61.33, data load time: 0.20446, step time: 0.03259
epoch: [0], step: [499/1543], batch loss: 0.21603, batch accuracy: 73.34, data load time: 0.22855, step time: 0.03678
epoch: [0], step: [599/1543], batch loss: 0.20966, batch accuracy: 74.19, data load time: 0.22574, step time: 0.03551
epoch: [0], step: [699/1543], batch loss: 0.21805, batch accuracy: 77.32, data load time: 0.23303, step time: 0.03889
epoch: [0], step: [799/1543], batch loss: 0.18848, batch accuracy: 75.74, data load time: 0.25954, step time: 0.03543
epoch: [0], step: [899/1543], batch loss: 0.16257, batch accuracy: 76.55, data load time: 0.22355, step time: 0.03257
epoch: [0], step: [999/1543], batch loss: 0.20122, batch accuracy: 80.48, data load time: 0.09290, step time: 0.03663
epoch: [0], step: [1099/1543], batch loss: 0.28367, batch accuracy: 72.22, data load time: 0.22007, step time: 0.03892
epoch: [0], step: [1199/1543], batch loss: 0.15986, batch accuracy: 66.66, data load time: 0.13983, step time: 0.03326
epoch: [0], step: [1299/1543], batch loss: 0.17243, batch accuracy: 79.18, data load time: 0.16672, step time: 0.03545
epoch: [0], step: [1399/1543], batch loss: 0.24892, batch accuracy: 66.56, data load time: 0.16933, step time: 0.03871
epoch: [0], step: [1499/1543], batch loss: 0.20365, batch accuracy: 65.99, data load time: 0.11658, step time: 0.03540
EVALUATION METRICS:
-------------------------------------------------------------

Validation: AUC Score: 0.5000

-------------------------------------------------------------
validation loss: 8.15039, accuracy: 50.00
epoch: [1], step: [56/1543], batch loss: 0.24310, batch accuracy: 74.73, data load time: 0.14075, step time: 0.03892
epoch: [1], step: [156/1543], batch loss: 0.17650, batch accuracy: 74.21, data load time: 0.23093, step time: 0.03538
epoch: [1], step: [256/1543], batch loss: 0.19143, batch accuracy: 78.93, data load time: 0.16300, step time: 0.03672
epoch: [1], step: [356/1543], batch loss: 0.16352, batch accuracy: 78.70, data load time: 0.18194, step time: 0.03444
epoch: [1], step: [456/1543], batch loss: 0.20628, batch accuracy: 71.44, data load time: 0.25611, step time: 0.03186
epoch: [1], step: [556/1543], batch loss: 0.20697, batch accuracy: 70.55, data load time: 0.13366, step time: 0.03612
epoch: [1], step: [656/1543], batch loss: 0.16689, batch accuracy: 71.92, data load time: 0.24494, step time: 0.03558
epoch: [1], step: [756/1543], batch loss: 0.15885, batch accuracy: 86.09, data load time: 0.33733, step time: 0.03256
epoch: [1], step: [856/1543], batch loss: 0.21520, batch accuracy: 71.31, data load time: 0.20216, step time: 0.03545
epoch: [1], step: [956/1543], batch loss: 0.21103, batch accuracy: 76.59, data load time: 0.11321, step time: 0.03932
epoch: [1], step: [1056/1543], batch loss: 0.20564, batch accuracy: 63.40, data load time: 0.17103, step time: 0.03414
epoch: [1], step: [1156/1543], batch loss: 0.26094, batch accuracy: 63.77, data load time: 0.22532, step time: 0.03958
epoch: [1], step: [1256/1543], batch loss: 0.24537, batch accuracy: 74.07, data load time: 0.18726, step time: 0.03482
epoch: [1], step: [1356/1543], batch loss: 0.17455, batch accuracy: 81.22, data load time: 0.16704, step time: 0.03401
epoch: [1], step: [1456/1543], batch loss: 0.24027, batch accuracy: 77.74, data load time: 0.16297, step time: 0.03739
EVALUATION METRICS:
-------------------------------------------------------------

Validation: AUC Score: 0.5027

-------------------------------------------------------------
validation loss: 8.44647, accuracy: 50.27
epoch: [2], step: [13/1543], batch loss: 0.19726, batch accuracy: 86.31, data load time: 0.10794, step time: 0.03753
epoch: [2], step: [113/1543], batch loss: 0.19652, batch accuracy: 72.35, data load time: 0.12284, step time: 0.03638
epoch: [2], step: [213/1543], batch loss: 0.24457, batch accuracy: 80.74, data load time: 0.14048, step time: 0.03909
epoch: [2], step: [313/1543], batch loss: 0.17526, batch accuracy: 90.97, data load time: 0.10926, step time: 0.03949
epoch: [2], step: [413/1543], batch loss: 0.20153, batch accuracy: 81.26, data load time: 0.21130, step time: 0.03765
epoch: [2], step: [513/1543], batch loss: 0.19645, batch accuracy: 67.71, data load time: 0.21809, step time: 0.03688
epoch: [2], step: [613/1543], batch loss: 0.19941, batch accuracy: 80.93, data load time: 0.12749, step time: 0.03690
epoch: [2], step: [713/1543], batch loss: 0.17961, batch accuracy: 79.50, data load time: 0.16941, step time: 0.03547
epoch: [2], step: [813/1543], batch loss: 0.16795, batch accuracy: 90.89, data load time: 0.18556, step time: 0.03712
epoch: [2], step: [913/1543], batch loss: 0.25657, batch accuracy: 69.22, data load time: 0.10956, step time: 0.04060
epoch: [2], step: [1013/1543], batch loss: 0.17718, batch accuracy: 69.90, data load time: 0.22417, step time: 0.03339
epoch: [2], step: [1113/1543], batch loss: 0.17263, batch accuracy: 83.28, data load time: 0.23282, step time: 0.03923
epoch: [2], step: [1213/1543], batch loss: 0.15805, batch accuracy: 79.63, data load time: 0.21711, step time: 0.03530
epoch: [2], step: [1313/1543], batch loss: 0.15740, batch accuracy: 79.85, data load time: 0.13856, step time: 0.03337
epoch: [2], step: [1413/1543], batch loss: 0.12943, batch accuracy: 84.61, data load time: 0.27713, step time: 0.03145
epoch: [2], step: [1513/1543], batch loss: 0.26905, batch accuracy: 75.89, data load time: 0.26442, step time: 0.03958
EVALUATION METRICS:
-------------------------------------------------------------

Validation: AUC Score: 0.5003

-------------------------------------------------------------
validation loss: 31.45152, accuracy: 50.03
epoch: [3], step: [70/1543], batch loss: 0.17105, batch accuracy: 86.39, data load time: 0.05029, step time: 0.03615
epoch: [3], step: [170/1543], batch loss: 0.23221, batch accuracy: 77.91, data load time: 0.18406, step time: 0.03935
epoch: [3], step: [270/1543], batch loss: 0.18614, batch accuracy: 81.91, data load time: 0.20384, step time: 0.03704
epoch: [3], step: [370/1543], batch loss: 0.16146, batch accuracy: 84.79, data load time: 0.18681, step time: 0.03181
epoch: [3], step: [470/1543], batch loss: 0.19782, batch accuracy: 69.65, data load time: 0.15080, step time: 0.03339
epoch: [3], step: [570/1543], batch loss: 0.15023, batch accuracy: 80.20, data load time: 0.15448, step time: 0.03391
epoch: [3], step: [670/1543], batch loss: 0.22470, batch accuracy: 66.28, data load time: 0.11751, step time: 0.03667
epoch: [3], step: [770/1543], batch loss: 0.15239, batch accuracy: 87.61, data load time: 0.20554, step time: 0.03413
epoch: [3], step: [870/1543], batch loss: 0.15067, batch accuracy: 83.44, data load time: 0.26500, step time: 0.03629
epoch: [3], step: [970/1543], batch loss: 0.19194, batch accuracy: 81.79, data load time: 0.18759, step time: 0.04269
epoch: [3], step: [1070/1543], batch loss: 0.17808, batch accuracy: 86.08, data load time: 0.15714, step time: 0.03408
epoch: [3], step: [1170/1543], batch loss: 0.18553, batch accuracy: 77.89, data load time: 0.14749, step time: 0.03848
epoch: [3], step: [1270/1543], batch loss: 0.16823, batch accuracy: 69.68, data load time: 0.17514, step time: 0.03307
epoch: [3], step: [1370/1543], batch loss: 0.16359, batch accuracy: 66.38, data load time: 0.13552, step time: 0.03055
epoch: [3], step: [1470/1543], batch loss: 0.18251, batch accuracy: 81.76, data load time: 0.12116, step time: 0.03533
EVALUATION METRICS:
-------------------------------------------------------------

Validation: AUC Score: 0.7885

-------------------------------------------------------------
validation loss: 0.20168, accuracy: 78.85
epoch: [4], step: [27/1543], batch loss: 0.16880, batch accuracy: 85.93, data load time: 0.19073, step time: 0.03069
epoch: [4], step: [127/1543], batch loss: 0.17198, batch accuracy: 79.16, data load time: 0.20768, step time: 0.03409
epoch: [4], step: [227/1543], batch loss: 0.16836, batch accuracy: 82.08, data load time: 0.10310, step time: 0.03506
epoch: [4], step: [327/1543], batch loss: 0.13689, batch accuracy: 84.50, data load time: 0.14447, step time: 0.03434
epoch: [4], step: [427/1543], batch loss: 0.23412, batch accuracy: 85.25, data load time: 0.13641, step time: 0.03988
epoch: [4], step: [527/1543], batch loss: 0.17424, batch accuracy: 84.22, data load time: 0.11773, step time: 0.03788
epoch: [4], step: [627/1543], batch loss: 0.16609, batch accuracy: 87.82, data load time: 0.16650, step time: 0.03714
epoch: [4], step: [727/1543], batch loss: 0.24170, batch accuracy: 67.56, data load time: 0.16704, step time: 0.03686
epoch: [4], step: [827/1543], batch loss: 0.15328, batch accuracy: 86.88, data load time: 0.12748, step time: 0.03548
epoch: [4], step: [927/1543], batch loss: 0.17564, batch accuracy: 83.28, data load time: 0.16195, step time: 0.03527
epoch: [4], step: [1027/1543], batch loss: 0.17323, batch accuracy: 89.96, data load time: 0.13992, step time: 0.03703
epoch: [4], step: [1127/1543], batch loss: 0.17669, batch accuracy: 80.04, data load time: 0.15266, step time: 0.03621
epoch: [4], step: [1227/1543], batch loss: 0.14398, batch accuracy: 91.11, data load time: 0.18137, step time: 0.03493
epoch: [4], step: [1327/1543], batch loss: 0.21926, batch accuracy: 80.99, data load time: 0.18702, step time: 0.03907
epoch: [4], step: [1427/1543], batch loss: 0.21889, batch accuracy: 76.85, data load time: 0.15444, step time: 0.03559
epoch: [4], step: [1527/1543], batch loss: 0.18268, batch accuracy: 83.44, data load time: 0.13279, step time: 0.03765
EVALUATION METRICS:
-------------------------------------------------------------

Validation: AUC Score: 0.8037

-------------------------------------------------------------
validation loss: 0.17847, accuracy: 80.37
epoch: [5], step: [84/1543], batch loss: 0.18793, batch accuracy: 75.47, data load time: 0.15153, step time: 0.03397
epoch: [5], step: [184/1543], batch loss: 0.15251, batch accuracy: 85.11, data load time: 0.14837, step time: 0.03436
epoch: [5], step: [284/1543], batch loss: 0.18205, batch accuracy: 82.29, data load time: 0.31679, step time: 0.04041
epoch: [5], step: [384/1543], batch loss: 0.20515, batch accuracy: 74.76, data load time: 0.09845, step time: 0.03856
epoch: [5], step: [484/1543], batch loss: 0.18946, batch accuracy: 88.54, data load time: 0.14333, step time: 0.03837
epoch: [5], step: [584/1543], batch loss: 0.15218, batch accuracy: 76.55, data load time: 0.23868, step time: 0.03255
epoch: [5], step: [684/1543], batch loss: 0.16230, batch accuracy: 90.54, data load time: 0.15138, step time: 0.03452
epoch: [5], step: [784/1543], batch loss: 0.25544, batch accuracy: 73.45, data load time: 0.21406, step time: 0.04448
epoch: [5], step: [884/1543], batch loss: 0.15080, batch accuracy: 87.25, data load time: 0.14701, step time: 0.03494
epoch: [5], step: [984/1543], batch loss: 0.17737, batch accuracy: 74.17, data load time: 0.23446, step time: 0.03353
epoch: [5], step: [1084/1543], batch loss: 0.17275, batch accuracy: 70.37, data load time: 0.21320, step time: 0.03262
epoch: [5], step: [1184/1543], batch loss: 0.18054, batch accuracy: 89.48, data load time: 0.14937, step time: 0.04071
epoch: [5], step: [1284/1543], batch loss: 0.16209, batch accuracy: 83.75, data load time: 0.09058, step time: 0.04053
epoch: [5], step: [1384/1543], batch loss: 0.18161, batch accuracy: 72.97, data load time: 0.11664, step time: 0.03403
epoch: [5], step: [1484/1543], batch loss: 0.22840, batch accuracy: 76.38, data load time: 0.16274, step time: 0.03949
EVALUATION METRICS:
-------------------------------------------------------------

Validation: AUC Score: 0.7849

-------------------------------------------------------------
validation loss: 0.19286, accuracy: 78.49
epoch: [6], step: [41/1543], batch loss: 0.23655, batch accuracy: 78.36, data load time: 0.15195, step time: 0.04040
epoch: [6], step: [141/1543], batch loss: 0.16635, batch accuracy: 81.42, data load time: 0.13147, step time: 0.03557
epoch: [6], step: [241/1543], batch loss: 0.18706, batch accuracy: 81.48, data load time: 0.19079, step time: 0.03579
epoch: [6], step: [341/1543], batch loss: 0.17332, batch accuracy: 84.91, data load time: 0.09650, step time: 0.03405
epoch: [6], step: [441/1543], batch loss: 0.16120, batch accuracy: 82.95, data load time: 0.20871, step time: 0.03718
epoch: [6], step: [541/1543], batch loss: 0.19198, batch accuracy: 67.91, data load time: 0.14883, step time: 0.03263
epoch: [6], step: [641/1543], batch loss: 0.24634, batch accuracy: 75.00, data load time: 0.24097, step time: 0.03846
epoch: [6], step: [741/1543], batch loss: 0.19778, batch accuracy: 78.51, data load time: 0.24117, step time: 0.03426
epoch: [6], step: [841/1543], batch loss: 0.21598, batch accuracy: 84.84, data load time: 0.16706, step time: 0.03772
epoch: [6], step: [941/1543], batch loss: 0.18391, batch accuracy: 86.78, data load time: 0.13377, step time: 0.03767
epoch: [6], step: [1041/1543], batch loss: 0.21945, batch accuracy: 70.98, data load time: 0.16138, step time: 0.03618
epoch: [6], step: [1141/1543], batch loss: 0.16327, batch accuracy: 83.13, data load time: 0.19111, step time: 0.03698
epoch: [6], step: [1241/1543], batch loss: 0.17781, batch accuracy: 80.93, data load time: 0.19849, step time: 0.03629
epoch: [6], step: [1341/1543], batch loss: 0.24869, batch accuracy: 81.35, data load time: 0.16432, step time: 0.03963
epoch: [6], step: [1441/1543], batch loss: 0.14067, batch accuracy: 92.56, data load time: 0.15412, step time: 0.03551
epoch: [6], step: [1541/1543], batch loss: 0.19696, batch accuracy: 83.51, data load time: 0.15251, step time: 0.04145
EVALUATION METRICS:
-------------------------------------------------------------

Validation: AUC Score: 0.8074

-------------------------------------------------------------
validation loss: 0.18134, accuracy: 80.74
epoch: [7], step: [98/1543], batch loss: 0.17579, batch accuracy: 85.38, data load time: 0.21969, step time: 0.04000
epoch: [7], step: [198/1543], batch loss: 0.12492, batch accuracy: 90.67, data load time: 0.17074, step time: 0.03280
epoch: [7], step: [298/1543], batch loss: 0.16320, batch accuracy: 89.30, data load time: 0.18968, step time: 0.04208
epoch: [7], step: [398/1543], batch loss: 0.19454, batch accuracy: 81.31, data load time: 0.12534, step time: 0.03479
epoch: [7], step: [498/1543], batch loss: 0.14692, batch accuracy: 90.07, data load time: 0.17815, step time: 0.03542
epoch: [7], step: [598/1543], batch loss: 0.18297, batch accuracy: 82.34, data load time: 0.15890, step time: 0.03698
epoch: [7], step: [698/1543], batch loss: 0.19147, batch accuracy: 81.58, data load time: 0.12994, step time: 0.03667
epoch: [7], step: [798/1543], batch loss: 0.13891, batch accuracy: 90.56, data load time: 0.13423, step time: 0.03410
epoch: [7], step: [898/1543], batch loss: 0.19630, batch accuracy: 86.32, data load time: 0.13907, step time: 0.03409
epoch: [7], step: [998/1543], batch loss: 0.15844, batch accuracy: 82.18, data load time: 0.16100, step time: 0.03564
epoch: [7], step: [1098/1543], batch loss: 0.22096, batch accuracy: 81.11, data load time: 0.18883, step time: 0.04041
epoch: [7], step: [1198/1543], batch loss: 0.18839, batch accuracy: 75.39, data load time: 0.13923, step time: 0.03398
epoch: [7], step: [1298/1543], batch loss: 0.20363, batch accuracy: 82.73, data load time: 0.14825, step time: 0.04352
epoch: [7], step: [1398/1543], batch loss: 0.20139, batch accuracy: 80.48, data load time: 0.10599, step time: 0.03480
epoch: [7], step: [1498/1543], batch loss: 0.20055, batch accuracy: 90.76, data load time: 0.17138, step time: 0.04249
EVALUATION METRICS:
-------------------------------------------------------------

Validation: AUC Score: 0.8124

-------------------------------------------------------------
validation loss: 0.17240, accuracy: 81.24
epoch: [8], step: [55/1543], batch loss: 0.17720, batch accuracy: 79.26, data load time: 0.07026, step time: 0.03680
epoch: [8], step: [155/1543], batch loss: 0.22559, batch accuracy: 75.48, data load time: 0.08463, step time: 0.03689
epoch: [8], step: [255/1543], batch loss: 0.14738, batch accuracy: 90.80, data load time: 0.18162, step time: 0.03629
epoch: [8], step: [355/1543], batch loss: 0.18691, batch accuracy: 79.66, data load time: 0.14816, step time: 0.03614
epoch: [8], step: [455/1543], batch loss: 0.17299, batch accuracy: 87.15, data load time: 0.10037, step time: 0.03771
epoch: [8], step: [555/1543], batch loss: 0.26921, batch accuracy: 78.78, data load time: 0.09677, step time: 0.03768
epoch: [8], step: [655/1543], batch loss: 0.14825, batch accuracy: 87.43, data load time: 0.17935, step time: 0.04406
epoch: [8], step: [755/1543], batch loss: 0.19673, batch accuracy: 85.11, data load time: 0.13315, step time: 0.03708
epoch: [8], step: [855/1543], batch loss: 0.12985, batch accuracy: 86.89, data load time: 0.19962, step time: 0.03334
epoch: [8], step: [955/1543], batch loss: 0.20579, batch accuracy: 76.06, data load time: 0.09320, step time: 0.03476
epoch: [8], step: [1055/1543], batch loss: 0.16094, batch accuracy: 75.41, data load time: 0.26133, step time: 0.03551
epoch: [8], step: [1155/1543], batch loss: 0.16397, batch accuracy: 82.77, data load time: 0.10903, step time: 0.03721
epoch: [8], step: [1255/1543], batch loss: 0.21500, batch accuracy: 85.18, data load time: 0.18044, step time: 0.03911
epoch: [8], step: [1355/1543], batch loss: 0.19067, batch accuracy: 74.74, data load time: 0.20546, step time: 0.03485
epoch: [8], step: [1455/1543], batch loss: 0.13187, batch accuracy: 87.03, data load time: 0.25335, step time: 0.03562
EVALUATION METRICS:
-------------------------------------------------------------

Validation: AUC Score: 0.8195

-------------------------------------------------------------
validation loss: 0.18500, accuracy: 81.95
epoch: [9], step: [12/1543], batch loss: 0.14853, batch accuracy: 89.98, data load time: 0.10580, step time: 0.03839
epoch: [9], step: [112/1543], batch loss: 0.20331, batch accuracy: 76.53, data load time: 0.09121, step time: 0.03763
epoch: [9], step: [212/1543], batch loss: 0.11761, batch accuracy: 89.10, data load time: 0.12367, step time: 0.03497
epoch: [9], step: [312/1543], batch loss: 0.15778, batch accuracy: 86.72, data load time: 0.21777, step time: 0.03289
epoch: [9], step: [412/1543], batch loss: 0.18228, batch accuracy: 83.57, data load time: 0.17315, step time: 0.03646
epoch: [9], step: [512/1543], batch loss: 0.20298, batch accuracy: 84.19, data load time: 0.15700, step time: 0.04420
epoch: [9], step: [612/1543], batch loss: 0.16931, batch accuracy: 81.71, data load time: 0.21075, step time: 0.03564
epoch: [9], step: [712/1543], batch loss: 0.16242, batch accuracy: 89.64, data load time: 0.14423, step time: 0.03995
epoch: [9], step: [812/1543], batch loss: 0.24950, batch accuracy: 71.47, data load time: 0.18064, step time: 0.03541
epoch: [9], step: [912/1543], batch loss: 0.19507, batch accuracy: 80.65, data load time: 0.11147, step time: 0.03699
epoch: [9], step: [1012/1543], batch loss: 0.17335, batch accuracy: 80.93, data load time: 0.13835, step time: 0.03619
epoch: [9], step: [1112/1543], batch loss: 0.12154, batch accuracy: 90.73, data load time: 0.18727, step time: 0.03287
epoch: [9], step: [1212/1543], batch loss: 0.20666, batch accuracy: 86.48, data load time: 0.23212, step time: 0.03846
epoch: [9], step: [1312/1543], batch loss: 0.18795, batch accuracy: 87.56, data load time: 0.16428, step time: 0.03913
epoch: [9], step: [1412/1543], batch loss: 0.18930, batch accuracy: 82.48, data load time: 0.08071, step time: 0.03628
epoch: [9], step: [1512/1543], batch loss: 0.15013, batch accuracy: 81.33, data load time: 0.12813, step time: 0.03347
EVALUATION METRICS:
-------------------------------------------------------------

Validation: AUC Score: 0.5000

-------------------------------------------------------------
validation loss: 11.72702, accuracy: 50.00
epoch: [10], step: [69/1543], batch loss: 0.22577, batch accuracy: 80.69, data load time: 0.14818, step time: 0.03905
epoch: [10], step: [169/1543], batch loss: 0.14057, batch accuracy: 83.50, data load time: 0.14854, step time: 0.03075
epoch: [10], step: [269/1543], batch loss: 0.14216, batch accuracy: 88.81, data load time: 0.17229, step time: 0.03735
epoch: [10], step: [369/1543], batch loss: 0.16225, batch accuracy: 74.13, data load time: 0.23957, step time: 0.03358
epoch: [10], step: [469/1543], batch loss: 0.16252, batch accuracy: 85.33, data load time: 0.18281, step time: 0.03409
epoch: [10], step: [569/1543], batch loss: 0.17274, batch accuracy: 85.06, data load time: 0.09368, step time: 0.03643
epoch: [10], step: [669/1543], batch loss: 0.21285, batch accuracy: 83.36, data load time: 0.16609, step time: 0.04145
epoch: [10], step: [769/1543], batch loss: 0.15331, batch accuracy: 88.46, data load time: 0.12996, step time: 0.03414
epoch: [10], step: [869/1543], batch loss: 0.20900, batch accuracy: 87.11, data load time: 0.14694, step time: 0.03989
epoch: [10], step: [969/1543], batch loss: 0.18364, batch accuracy: 83.40, data load time: 0.21159, step time: 0.03428
epoch: [10], step: [1069/1543], batch loss: 0.14292, batch accuracy: 90.79, data load time: 0.17175, step time: 0.03558
epoch: [10], step: [1169/1543], batch loss: 0.16475, batch accuracy: 88.01, data load time: 0.18002, step time: 0.03701
epoch: [10], step: [1269/1543], batch loss: 0.15477, batch accuracy: 83.61, data load time: 0.19335, step time: 0.03476
epoch: [10], step: [1369/1543], batch loss: 0.17140, batch accuracy: 89.52, data load time: 0.16848, step time: 0.03837
epoch: [10], step: [1469/1543], batch loss: 0.16060, batch accuracy: 85.46, data load time: 0.18219, step time: 0.03493
EVALUATION METRICS:
-------------------------------------------------------------

Validation: AUC Score: 0.8013

-------------------------------------------------------------
validation loss: 0.19194, accuracy: 80.13
epoch: [11], step: [26/1543], batch loss: 0.12694, batch accuracy: 88.85, data load time: 0.17442, step time: 0.03351
epoch: [11], step: [126/1543], batch loss: 0.16871, batch accuracy: 94.24, data load time: 0.16973, step time: 0.03695
epoch: [11], step: [226/1543], batch loss: 0.16391, batch accuracy: 85.41, data load time: 0.23971, step time: 0.03995
epoch: [11], step: [326/1543], batch loss: 0.17926, batch accuracy: 81.29, data load time: 0.11767, step time: 0.03626
epoch: [11], step: [426/1543], batch loss: 0.19949, batch accuracy: 87.10, data load time: 0.15224, step time: 0.03826
epoch: [11], step: [526/1543], batch loss: 0.17756, batch accuracy: 76.53, data load time: 0.11315, step time: 0.03504
epoch: [11], step: [626/1543], batch loss: 0.19917, batch accuracy: 76.30, data load time: 0.13828, step time: 0.03667
epoch: [11], step: [726/1543], batch loss: 0.15666, batch accuracy: 86.95, data load time: 0.20289, step time: 0.03224
epoch: [11], step: [826/1543], batch loss: 0.17242, batch accuracy: 85.15, data load time: 0.18095, step time: 0.03820
epoch: [11], step: [926/1543], batch loss: 0.20450, batch accuracy: 86.04, data load time: 0.17204, step time: 0.03752
epoch: [11], step: [1026/1543], batch loss: 0.13738, batch accuracy: 86.73, data load time: 0.12458, step time: 0.03061
epoch: [11], step: [1126/1543], batch loss: 0.19016, batch accuracy: 83.87, data load time: 0.19959, step time: 0.04102
epoch: [11], step: [1226/1543], batch loss: 0.18959, batch accuracy: 85.77, data load time: 0.06102, step time: 0.03700
epoch: [11], step: [1326/1543], batch loss: 0.16079, batch accuracy: 88.34, data load time: 0.14906, step time: 0.03556
epoch: [11], step: [1426/1543], batch loss: 0.18662, batch accuracy: 81.99, data load time: 0.16139, step time: 0.03834
epoch: [11], step: [1526/1543], batch loss: 0.22689, batch accuracy: 85.33, data load time: 0.10126, step time: 0.03910
EVALUATION METRICS:
-------------------------------------------------------------

Validation: AUC Score: 0.8202

-------------------------------------------------------------
validation loss: 0.17627, accuracy: 82.02
epoch: [12], step: [83/1543], batch loss: 0.18775, batch accuracy: 83.40, data load time: 0.19579, step time: 0.03629
epoch: [12], step: [183/1543], batch loss: 0.17889, batch accuracy: 84.58, data load time: 0.21910, step time: 0.03638
epoch: [12], step: [283/1543], batch loss: 0.21546, batch accuracy: 83.14, data load time: 0.11544, step time: 0.04488
epoch: [12], step: [383/1543], batch loss: 0.14146, batch accuracy: 76.39, data load time: 0.12392, step time: 0.03137
epoch: [12], step: [483/1543], batch loss: 0.15064, batch accuracy: 85.19, data load time: 0.19264, step time: 0.03499
epoch: [12], step: [583/1543], batch loss: 0.26040, batch accuracy: 73.80, data load time: 0.13273, step time: 0.04089
epoch: [12], step: [683/1543], batch loss: 0.15907, batch accuracy: 91.21, data load time: 0.11520, step time: 0.03987
epoch: [12], step: [783/1543], batch loss: 0.17705, batch accuracy: 83.55, data load time: 0.19301, step time: 0.03479
epoch: [12], step: [883/1543], batch loss: 0.16267, batch accuracy: 89.85, data load time: 0.11232, step time: 0.04113
epoch: [12], step: [983/1543], batch loss: 0.14127, batch accuracy: 86.01, data load time: 0.10506, step time: 0.03715
epoch: [12], step: [1083/1543], batch loss: 0.14192, batch accuracy: 83.33, data load time: 0.13464, step time: 0.03408
epoch: [12], step: [1183/1543], batch loss: 0.17193, batch accuracy: 90.96, data load time: 0.15505, step time: 0.03757
epoch: [12], step: [1283/1543], batch loss: 0.13267, batch accuracy: 86.38, data load time: 0.11104, step time: 0.03556
epoch: [12], step: [1383/1543], batch loss: 0.14293, batch accuracy: 86.94, data load time: 0.13330, step time: 0.03234
epoch: [12], step: [1483/1543], batch loss: 0.14263, batch accuracy: 91.54, data load time: 0.10743, step time: 0.03630
EVALUATION METRICS:
-------------------------------------------------------------

Validation: AUC Score: 0.8055

-------------------------------------------------------------
validation loss: 0.18791, accuracy: 80.55
epoch: [13], step: [40/1543], batch loss: 0.16041, batch accuracy: 88.92, data load time: 0.10298, step time: 0.03651
epoch: [13], step: [140/1543], batch loss: 0.15332, batch accuracy: 83.72, data load time: 0.08224, step time: 0.04041
epoch: [13], step: [240/1543], batch loss: 0.18271, batch accuracy: 85.42, data load time: 0.16992, step time: 0.03560
epoch: [13], step: [340/1543], batch loss: 0.13767, batch accuracy: 86.28, data load time: 0.20086, step time: 0.03153
epoch: [13], step: [440/1543], batch loss: 0.16441, batch accuracy: 82.99, data load time: 0.27210, step time: 0.03623
epoch: [13], step: [540/1543], batch loss: 0.17109, batch accuracy: 77.77, data load time: 0.16322, step time: 0.03427
epoch: [13], step: [640/1543], batch loss: 0.12261, batch accuracy: 89.67, data load time: 0.08625, step time: 0.03279
epoch: [13], step: [740/1543], batch loss: 0.18473, batch accuracy: 81.42, data load time: 0.14385, step time: 0.03782
epoch: [13], step: [840/1543], batch loss: 0.22994, batch accuracy: 76.04, data load time: 0.14905, step time: 0.03977
epoch: [13], step: [940/1543], batch loss: 0.19872, batch accuracy: 83.49, data load time: 0.22789, step time: 0.03928
epoch: [13], step: [1040/1543], batch loss: 0.13950, batch accuracy: 89.90, data load time: 0.13472, step time: 0.03416
epoch: [13], step: [1140/1543], batch loss: 0.15631, batch accuracy: 84.65, data load time: 0.15488, step time: 0.03732
epoch: [13], step: [1240/1543], batch loss: 0.21127, batch accuracy: 75.60, data load time: 0.12828, step time: 0.03495
epoch: [13], step: [1340/1543], batch loss: 0.19911, batch accuracy: 77.89, data load time: 0.15830, step time: 0.03821
epoch: [13], step: [1440/1543], batch loss: 0.16184, batch accuracy: 85.07, data load time: 0.26959, step time: 0.03728
epoch: [13], step: [1540/1543], batch loss: 0.23407, batch accuracy: 81.99, data load time: 0.09705, step time: 0.03675
EVALUATION METRICS:
-------------------------------------------------------------

Validation: AUC Score: 0.8071

-------------------------------------------------------------
validation loss: 0.18040, accuracy: 80.71
epoch: [14], step: [97/1543], batch loss: 0.14807, batch accuracy: 79.24, data load time: 0.12310, step time: 0.03346
epoch: [14], step: [197/1543], batch loss: 0.19833, batch accuracy: 88.39, data load time: 0.17212, step time: 0.04534
epoch: [14], step: [297/1543], batch loss: 0.14162, batch accuracy: 86.86, data load time: 0.15191, step time: 0.03906
epoch: [14], step: [397/1543], batch loss: 0.17778, batch accuracy: 80.02, data load time: 0.10243, step time: 0.03797
epoch: [14], step: [497/1543], batch loss: 0.18734, batch accuracy: 91.80, data load time: 0.25507, step time: 0.03700
epoch: [14], step: [597/1543], batch loss: 0.13429, batch accuracy: 74.98, data load time: 0.14355, step time: 0.02918
epoch: [14], step: [697/1543], batch loss: 0.19249, batch accuracy: 80.07, data load time: 0.06635, step time: 0.03493
epoch: [14], step: [797/1543], batch loss: 0.16239, batch accuracy: 87.86, data load time: 0.25829, step time: 0.03506
epoch: [14], step: [897/1543], batch loss: 0.17357, batch accuracy: 88.26, data load time: 0.11979, step time: 0.03851
epoch: [14], step: [997/1543], batch loss: 0.17965, batch accuracy: 79.73, data load time: 0.14713, step time: 0.03521
epoch: [14], step: [1097/1543], batch loss: 0.18380, batch accuracy: 86.57, data load time: 0.11865, step time: 0.03910
epoch: [14], step: [1197/1543], batch loss: 0.17782, batch accuracy: 89.95, data load time: 0.09393, step time: 0.03993
epoch: [14], step: [1297/1543], batch loss: 0.18840, batch accuracy: 83.96, data load time: 0.11069, step time: 0.03631
epoch: [14], step: [1397/1543], batch loss: 0.17205, batch accuracy: 84.81, data load time: 0.10427, step time: 0.03726
epoch: [14], step: [1497/1543], batch loss: 0.13722, batch accuracy: 85.01, data load time: 0.18773, step time: 0.02985
EVALUATION METRICS:
-------------------------------------------------------------

Validation: AUC Score: 0.8105

-------------------------------------------------------------
validation loss: 0.19328, accuracy: 81.05
epoch: [15], step: [54/1543], batch loss: 0.12916, batch accuracy: 89.80, data load time: 0.08481, step time: 0.03330
epoch: [15], step: [154/1543], batch loss: 0.16824, batch accuracy: 83.21, data load time: 0.11667, step time: 0.03498
epoch: [15], step: [254/1543], batch loss: 0.15671, batch accuracy: 89.13, data load time: 0.17474, step time: 0.04194
epoch: [15], step: [354/1543], batch loss: 0.16951, batch accuracy: 78.24, data load time: 0.18510, step time: 0.03704
epoch: [15], step: [454/1543], batch loss: 0.18491, batch accuracy: 84.07, data load time: 0.14361, step time: 0.03468
epoch: [15], step: [554/1543], batch loss: 0.20467, batch accuracy: 83.78, data load time: 0.20054, step time: 0.03963
epoch: [15], step: [654/1543], batch loss: 0.22725, batch accuracy: 81.09, data load time: 0.18514, step time: 0.04100
epoch: [15], step: [754/1543], batch loss: 0.19985, batch accuracy: 76.42, data load time: 0.10699, step time: 0.03906
epoch: [15], step: [854/1543], batch loss: 0.20013, batch accuracy: 64.41, data load time: 0.21412, step time: 0.03340
epoch: [15], step: [954/1543], batch loss: 0.18812, batch accuracy: 81.20, data load time: 0.10577, step time: 0.03337
epoch: [15], step: [1054/1543], batch loss: 0.15549, batch accuracy: 72.48, data load time: 0.16620, step time: 0.03070
epoch: [15], step: [1154/1543], batch loss: 0.19446, batch accuracy: 78.21, data load time: 0.06929, step time: 0.03694
epoch: [15], step: [1254/1543], batch loss: 0.23399, batch accuracy: 72.21, data load time: 0.12256, step time: 0.04019
epoch: [15], step: [1354/1543], batch loss: 0.19461, batch accuracy: 74.37, data load time: 0.13438, step time: 0.03338
epoch: [15], step: [1454/1543], batch loss: 0.20285, batch accuracy: 76.06, data load time: 0.11972, step time: 0.05131
EVALUATION METRICS:
-------------------------------------------------------------

Validation: AUC Score: 0.5000

-------------------------------------------------------------
validation loss: 15.24263, accuracy: 50.00
epoch: [16], step: [11/1543], batch loss: 0.22130, batch accuracy: 78.26, data load time: 0.16104, step time: 0.03923
epoch: [16], step: [111/1543], batch loss: 0.16937, batch accuracy: 74.43, data load time: 0.22284, step time: 0.03433
epoch: [16], step: [211/1543], batch loss: 0.20471, batch accuracy: 80.18, data load time: 0.15788, step time: 0.03976
epoch: [16], step: [311/1543], batch loss: 0.17422, batch accuracy: 76.03, data load time: 0.12508, step time: 0.04026
epoch: [16], step: [411/1543], batch loss: 0.13797, batch accuracy: 78.60, data load time: 0.14488, step time: 0.03208
epoch: [16], step: [511/1543], batch loss: 0.20211, batch accuracy: 84.29, data load time: 0.23412, step time: 0.03739
epoch: [16], step: [611/1543], batch loss: 0.20396, batch accuracy: 77.93, data load time: 0.11948, step time: 0.03712
epoch: [16], step: [711/1543], batch loss: 0.25642, batch accuracy: 65.82, data load time: 0.21183, step time: 0.03837
epoch: [16], step: [811/1543], batch loss: 0.22666, batch accuracy: 72.25, data load time: 0.14839, step time: 0.04023
epoch: [16], step: [911/1543], batch loss: 0.17668, batch accuracy: 80.86, data load time: 0.10837, step time: 0.03205
epoch: [16], step: [1011/1543], batch loss: 0.18630, batch accuracy: 73.26, data load time: 0.13882, step time: 0.03625
epoch: [16], step: [1111/1543], batch loss: 0.16797, batch accuracy: 76.04, data load time: 0.17383, step time: 0.03510
epoch: [16], step: [1211/1543], batch loss: 0.23068, batch accuracy: 71.62, data load time: 0.21510, step time: 0.03843
epoch: [16], step: [1311/1543], batch loss: 0.22162, batch accuracy: 72.97, data load time: 0.17520, step time: 0.03982
epoch: [16], step: [1411/1543], batch loss: 0.18914, batch accuracy: 84.53, data load time: 0.23699, step time: 0.03466
epoch: [16], step: [1511/1543], batch loss: 0.18983, batch accuracy: 82.77, data load time: 0.27463, step time: 0.03916
EVALUATION METRICS:
-------------------------------------------------------------

Validation: AUC Score: 0.5000

-------------------------------------------------------------
validation loss: 19.09776, accuracy: 50.00
epoch: [17], step: [68/1543], batch loss: 0.19774, batch accuracy: 73.00, data load time: 0.11153, step time: 0.03923
epoch: [17], step: [168/1543], batch loss: 0.18770, batch accuracy: 80.45, data load time: 0.24515, step time: 0.03839
epoch: [17], step: [268/1543], batch loss: 0.15670, batch accuracy: 74.50, data load time: 0.11133, step time: 0.03288
epoch: [17], step: [368/1543], batch loss: 0.20488, batch accuracy: 68.56, data load time: 0.14527, step time: 0.03643
epoch: [17], step: [468/1543], batch loss: 0.13943, batch accuracy: 90.51, data load time: 0.22468, step time: 0.03267
epoch: [17], step: [568/1543], batch loss: 0.22208, batch accuracy: 69.56, data load time: 0.15831, step time: 0.03778
epoch: [17], step: [668/1543], batch loss: 0.23911, batch accuracy: 85.31, data load time: 0.22814, step time: 0.04143
epoch: [17], step: [768/1543], batch loss: 0.18332, batch accuracy: 81.40, data load time: 0.13112, step time: 0.03629
epoch: [17], step: [868/1543], batch loss: 0.20037, batch accuracy: 85.38, data load time: 0.27053, step time: 0.03828
epoch: [17], step: [968/1543], batch loss: 0.22320, batch accuracy: 72.99, data load time: 0.08884, step time: 0.04138
epoch: [17], step: [1068/1543], batch loss: 0.14322, batch accuracy: 82.31, data load time: 0.20624, step time: 0.03126
epoch: [17], step: [1168/1543], batch loss: 0.23527, batch accuracy: 72.56, data load time: 0.19274, step time: 0.03711
epoch: [17], step: [1268/1543], batch loss: 0.16221, batch accuracy: 78.50, data load time: 0.25348, step time: 0.03214
epoch: [17], step: [1368/1543], batch loss: 0.14472, batch accuracy: 85.89, data load time: 0.09702, step time: 0.03140
epoch: [17], step: [1468/1543], batch loss: 0.21279, batch accuracy: 69.01, data load time: 0.19259, step time: 0.04102
EVALUATION METRICS:
-------------------------------------------------------------

Validation: AUC Score: 0.5000

-------------------------------------------------------------
validation loss: 9.82565, accuracy: 50.00
epoch: [18], step: [25/1543], batch loss: 0.26331, batch accuracy: 68.48, data load time: 0.10038, step time: 0.03855
epoch: [18], step: [125/1543], batch loss: 0.17939, batch accuracy: 80.97, data load time: 0.14281, step time: 0.03566
epoch: [18], step: [225/1543], batch loss: 0.16878, batch accuracy: 79.28, data load time: 0.25744, step time: 0.04160
epoch: [18], step: [325/1543], batch loss: 0.17821, batch accuracy: 81.10, data load time: 0.15560, step time: 0.03352
epoch: [18], step: [425/1543], batch loss: 0.12921, batch accuracy: 91.17, data load time: 0.11949, step time: 0.03304
epoch: [18], step: [525/1543], batch loss: 0.23319, batch accuracy: 74.18, data load time: 0.19833, step time: 0.03557
epoch: [18], step: [625/1543], batch loss: 0.17018, batch accuracy: 81.57, data load time: 0.17746, step time: 0.03652
epoch: [18], step: [725/1543], batch loss: 0.18115, batch accuracy: 76.83, data load time: 0.15407, step time: 0.04201
epoch: [18], step: [825/1543], batch loss: 0.18356, batch accuracy: 79.72, data load time: 0.05428, step time: 0.03927
epoch: [18], step: [925/1543], batch loss: 0.17975, batch accuracy: 75.79, data load time: 0.21291, step time: 0.03555
epoch: [18], step: [1025/1543], batch loss: 0.23085, batch accuracy: 75.37, data load time: 0.13759, step time: 0.03808
epoch: [18], step: [1125/1543], batch loss: 0.21615, batch accuracy: 78.16, data load time: 0.21849, step time: 0.03916
epoch: [18], step: [1225/1543], batch loss: 0.17773, batch accuracy: 74.79, data load time: 0.18005, step time: 0.03565
epoch: [18], step: [1325/1543], batch loss: 0.20241, batch accuracy: 76.41, data load time: 0.18560, step time: 0.03635
epoch: [18], step: [1425/1543], batch loss: 0.19858, batch accuracy: 83.58, data load time: 0.11258, step time: 0.03259
epoch: [18], step: [1525/1543], batch loss: 0.18372, batch accuracy: 87.94, data load time: 0.17795, step time: 0.03704
EVALUATION METRICS:
-------------------------------------------------------------

Validation: AUC Score: 0.5000

-------------------------------------------------------------
validation loss: 6.63864, accuracy: 50.00
epoch: [19], step: [82/1543], batch loss: 0.17117, batch accuracy: 83.00, data load time: 0.09302, step time: 0.03641
epoch: [19], step: [182/1543], batch loss: 0.13142, batch accuracy: 82.16, data load time: 0.22021, step time: 0.03268
epoch: [19], step: [282/1543], batch loss: 0.18213, batch accuracy: 91.38, data load time: 0.20564, step time: 0.03971
epoch: [19], step: [382/1543], batch loss: 0.19646, batch accuracy: 83.67, data load time: 0.11275, step time: 0.03765
epoch: [19], step: [482/1543], batch loss: 0.17495, batch accuracy: 67.52, data load time: 0.22559, step time: 0.03333
epoch: [19], step: [582/1543], batch loss: 0.21006, batch accuracy: 82.41, data load time: 0.17793, step time: 0.03757
epoch: [19], step: [682/1543], batch loss: 0.15901, batch accuracy: 89.59, data load time: 0.19056, step time: 0.03488
epoch: [19], step: [782/1543], batch loss: 0.26106, batch accuracy: 74.33, data load time: 0.16128, step time: 0.04590
epoch: [19], step: [882/1543], batch loss: 0.16729, batch accuracy: 81.03, data load time: 0.19036, step time: 0.03398
epoch: [19], step: [982/1543], batch loss: 0.14095, batch accuracy: 87.59, data load time: 0.12021, step time: 0.03705
epoch: [19], step: [1082/1543], batch loss: 0.17424, batch accuracy: 87.19, data load time: 0.16056, step time: 0.03812
epoch: [19], step: [1182/1543], batch loss: 0.23133, batch accuracy: 72.05, data load time: 0.16053, step time: 0.03767
epoch: [19], step: [1282/1543], batch loss: 0.18096, batch accuracy: 87.51, data load time: 0.16111, step time: 0.03887
epoch: [19], step: [1382/1543], batch loss: 0.16150, batch accuracy: 76.25, data load time: 0.10433, step time: 0.03772
epoch: [19], step: [1482/1543], batch loss: 0.14141, batch accuracy: 76.11, data load time: 0.15466, step time: 0.02919
EVALUATION METRICS:
-------------------------------------------------------------

Validation: AUC Score: 0.5000

-------------------------------------------------------------
validation loss: 8.23542, accuracy: 50.00
epoch: [20], step: [39/1543], batch loss: 0.17515, batch accuracy: 82.02, data load time: 0.06747, step time: 0.03431
epoch: [20], step: [139/1543], batch loss: 0.13420, batch accuracy: 92.96, data load time: 0.16560, step time: 0.03470
epoch: [20], step: [239/1543], batch loss: 0.19637, batch accuracy: 75.85, data load time: 0.11580, step time: 0.03700
epoch: [20], step: [339/1543], batch loss: 0.17963, batch accuracy: 79.70, data load time: 0.17814, step time: 0.03716
epoch: [20], step: [439/1543], batch loss: 0.16554, batch accuracy: 78.92, data load time: 0.06089, step time: 0.03421
epoch: [20], step: [539/1543], batch loss: 0.17914, batch accuracy: 76.67, data load time: 0.10490, step time: 0.03560
epoch: [20], step: [639/1543], batch loss: 0.15555, batch accuracy: 85.73, data load time: 0.17319, step time: 0.03771
epoch: [20], step: [739/1543], batch loss: 0.17492, batch accuracy: 86.26, data load time: 0.13332, step time: 0.04068
epoch: [20], step: [839/1543], batch loss: 0.18973, batch accuracy: 63.52, data load time: 0.12874, step time: 0.03407
epoch: [20], step: [939/1543], batch loss: 0.25812, batch accuracy: 74.70, data load time: 0.17735, step time: 0.03986
epoch: [20], step: [1039/1543], batch loss: 0.23411, batch accuracy: 58.17, data load time: 0.13925, step time: 0.03634
epoch: [20], step: [1139/1543], batch loss: 0.28498, batch accuracy: 70.01, data load time: 0.21719, step time: 0.03699
epoch: [20], step: [1239/1543], batch loss: 0.15097, batch accuracy: 80.45, data load time: 0.26066, step time: 0.03299
epoch: [20], step: [1339/1543], batch loss: 0.19598, batch accuracy: 69.67, data load time: 0.07391, step time: 0.03406
epoch: [20], step: [1439/1543], batch loss: 0.18030, batch accuracy: 66.35, data load time: 0.26931, step time: 0.03283
epoch: [20], step: [1539/1543], batch loss: 0.16255, batch accuracy: 82.14, data load time: 0.10307, step time: 0.03545
EVALUATION METRICS:
-------------------------------------------------------------

Validation: AUC Score: 0.5000

-------------------------------------------------------------
validation loss: 8.23669, accuracy: 50.00
epoch: [21], step: [96/1543], batch loss: 0.22264, batch accuracy: 77.85, data load time: 0.20800, step time: 0.03902
epoch: [21], step: [196/1543], batch loss: 0.22449, batch accuracy: 81.11, data load time: 0.12323, step time: 0.03969
epoch: [21], step: [296/1543], batch loss: 0.17183, batch accuracy: 80.44, data load time: 0.07939, step time: 0.03443
epoch: [21], step: [396/1543], batch loss: 0.25871, batch accuracy: 79.69, data load time: 0.33825, step time: 0.03717
epoch: [21], step: [496/1543], batch loss: 0.20266, batch accuracy: 77.34, data load time: 0.22687, step time: 0.03838
epoch: [21], step: [596/1543], batch loss: 0.16782, batch accuracy: 81.12, data load time: 0.13083, step time: 0.03887
epoch: [21], step: [696/1543], batch loss: 0.15770, batch accuracy: 82.98, data load time: 0.19926, step time: 0.03423
epoch: [21], step: [796/1543], batch loss: 0.20139, batch accuracy: 75.58, data load time: 0.16187, step time: 0.03561
epoch: [21], step: [896/1543], batch loss: 0.15459, batch accuracy: 80.09, data load time: 0.19190, step time: 0.03359
epoch: [21], step: [996/1543], batch loss: 0.15274, batch accuracy: 74.51, data load time: 0.11419, step time: 0.03258
epoch: [21], step: [1096/1543], batch loss: 0.19180, batch accuracy: 82.99, data load time: 0.24635, step time: 0.03482
epoch: [21], step: [1196/1543], batch loss: 0.18355, batch accuracy: 76.59, data load time: 0.14242, step time: 0.03415
epoch: [21], step: [1296/1543], batch loss: 0.17272, batch accuracy: 81.18, data load time: 0.23952, step time: 0.03501
epoch: [21], step: [1396/1543], batch loss: 0.15355, batch accuracy: 87.45, data load time: 0.20321, step time: 0.03242
epoch: [21], step: [1496/1543], batch loss: 0.25786, batch accuracy: 75.74, data load time: 0.08382, step time: 0.03784
Epoch 00022: reducing learning rate of group 0 to 5.0000e-02.
EVALUATION METRICS:
-------------------------------------------------------------

Validation: AUC Score: 0.4993

-------------------------------------------------------------
validation loss: 10.05417, accuracy: 49.93
epoch: [22], step: [53/1543], batch loss: 0.17882, batch accuracy: 83.89, data load time: 0.17338, step time: 0.03566
epoch: [22], step: [153/1543], batch loss: 0.22442, batch accuracy: 66.23, data load time: 0.13969, step time: 0.03609
epoch: [22], step: [253/1543], batch loss: 0.16498, batch accuracy: 89.01, data load time: 0.16615, step time: 0.03565
epoch: [22], step: [353/1543], batch loss: 0.15455, batch accuracy: 88.56, data load time: 0.25922, step time: 0.03429
epoch: [22], step: [453/1543], batch loss: 0.18241, batch accuracy: 83.02, data load time: 0.13802, step time: 0.03697
epoch: [22], step: [553/1543], batch loss: 0.20015, batch accuracy: 84.65, data load time: 0.19361, step time: 0.03836
epoch: [22], step: [653/1543], batch loss: 0.18413, batch accuracy: 80.98, data load time: 0.37569, step time: 0.03549
epoch: [22], step: [753/1543], batch loss: 0.13571, batch accuracy: 86.16, data load time: 0.22686, step time: 0.03136
epoch: [22], step: [853/1543], batch loss: 0.13450, batch accuracy: 85.44, data load time: 0.25663, step time: 0.03592
epoch: [22], step: [953/1543], batch loss: 0.16181, batch accuracy: 81.35, data load time: 0.13513, step time: 0.03415
epoch: [22], step: [1053/1543], batch loss: 0.21676, batch accuracy: 81.05, data load time: 0.21620, step time: 0.03782
epoch: [22], step: [1153/1543], batch loss: 0.22268, batch accuracy: 74.33, data load time: 0.13955, step time: 0.03911
epoch: [22], step: [1253/1543], batch loss: 0.17277, batch accuracy: 84.61, data load time: 0.14039, step time: 0.03841
epoch: [22], step: [1353/1543], batch loss: 0.13626, batch accuracy: 85.23, data load time: 0.13750, step time: 0.03351
epoch: [22], step: [1453/1543], batch loss: 0.20001, batch accuracy: 75.41, data load time: 0.17850, step time: 0.03501
EVALUATION METRICS:
-------------------------------------------------------------

Validation: AUC Score: 0.5000

-------------------------------------------------------------
validation loss: 8.47760, accuracy: 50.00
epoch: [23], step: [10/1543], batch loss: 0.16602, batch accuracy: 84.54, data load time: 0.23626, step time: 0.03896
epoch: [23], step: [110/1543], batch loss: 0.12748, batch accuracy: 86.63, data load time: 0.14024, step time: 0.03357
epoch: [23], step: [210/1543], batch loss: 0.13539, batch accuracy: 82.52, data load time: 0.17132, step time: 0.03422
epoch: [23], step: [310/1543], batch loss: 0.16318, batch accuracy: 75.14, data load time: 0.30924, step time: 0.03895
epoch: [23], step: [410/1543], batch loss: 0.20205, batch accuracy: 79.60, data load time: 0.21980, step time: 0.04162
epoch: [23], step: [510/1543], batch loss: 0.20950, batch accuracy: 73.10, data load time: 0.18321, step time: 0.03604
epoch: [23], step: [610/1543], batch loss: 0.21634, batch accuracy: 80.66, data load time: 0.14714, step time: 0.03834
epoch: [23], step: [710/1543], batch loss: 0.18669, batch accuracy: 82.48, data load time: 0.19214, step time: 0.03639
epoch: [23], step: [810/1543], batch loss: 0.21751, batch accuracy: 84.23, data load time: 0.25064, step time: 0.03848
epoch: [23], step: [910/1543], batch loss: 0.18926, batch accuracy: 82.65, data load time: 0.12671, step time: 0.03618
epoch: [23], step: [1010/1543], batch loss: 0.14942, batch accuracy: 90.54, data load time: 0.11317, step time: 0.03562
epoch: [23], step: [1110/1543], batch loss: 0.18950, batch accuracy: 87.73, data load time: 0.22136, step time: 0.04187
epoch: [23], step: [1210/1543], batch loss: 0.16485, batch accuracy: 75.73, data load time: 0.22320, step time: 0.03483
epoch: [23], step: [1310/1543], batch loss: 0.18340, batch accuracy: 84.04, data load time: 0.17616, step time: 0.03994
epoch: [23], step: [1410/1543], batch loss: 0.12509, batch accuracy: 79.75, data load time: 0.12901, step time: 0.03132
epoch: [23], step: [1510/1543], batch loss: 0.14018, batch accuracy: 91.64, data load time: 0.22952, step time: 0.03996
EVALUATION METRICS:
-------------------------------------------------------------

Validation: AUC Score: 0.4999

-------------------------------------------------------------
validation loss: 8.46880, accuracy: 49.99
epoch: [24], step: [67/1543], batch loss: 0.14882, batch accuracy: 80.05, data load time: 0.15562, step time: 0.03607
epoch: [24], step: [167/1543], batch loss: 0.16682, batch accuracy: 79.69, data load time: 0.09616, step time: 0.03307
epoch: [24], step: [267/1543], batch loss: 0.15052, batch accuracy: 84.66, data load time: 0.12584, step time: 0.03566
epoch: [24], step: [367/1543], batch loss: 0.16436, batch accuracy: 88.06, data load time: 0.22517, step time: 0.03978
epoch: [24], step: [467/1543], batch loss: 0.17181, batch accuracy: 82.87, data load time: 0.10827, step time: 0.03630
epoch: [24], step: [567/1543], batch loss: 0.22454, batch accuracy: 80.89, data load time: 0.19960, step time: 0.03832
epoch: [24], step: [667/1543], batch loss: 0.21988, batch accuracy: 68.54, data load time: 0.21847, step time: 0.03775
epoch: [24], step: [767/1543], batch loss: 0.18839, batch accuracy: 78.09, data load time: 0.10127, step time: 0.03493
epoch: [24], step: [867/1543], batch loss: 0.21711, batch accuracy: 75.03, data load time: 0.20381, step time: 0.03828
epoch: [24], step: [967/1543], batch loss: 0.17148, batch accuracy: 79.55, data load time: 0.20067, step time: 0.03622
epoch: [24], step: [1067/1543], batch loss: 0.16721, batch accuracy: 83.86, data load time: 0.19272, step time: 0.03617
epoch: [24], step: [1167/1543], batch loss: 0.16161, batch accuracy: 92.14, data load time: 0.19266, step time: 0.03672
epoch: [24], step: [1267/1543], batch loss: 0.13769, batch accuracy: 87.03, data load time: 0.26636, step time: 0.03414
epoch: [24], step: [1367/1543], batch loss: 0.15653, batch accuracy: 86.46, data load time: 0.15145, step time: 0.03411
epoch: [24], step: [1467/1543], batch loss: 0.20552, batch accuracy: 86.51, data load time: 0.14382, step time: 0.03773
EVALUATION METRICS:
-------------------------------------------------------------

Validation: AUC Score: 0.5000

-------------------------------------------------------------
validation loss: 8.47760, accuracy: 50.00
epoch: [25], step: [24/1543], batch loss: 0.15229, batch accuracy: 84.56, data load time: 0.11856, step time: 0.03471
epoch: [25], step: [124/1543], batch loss: 0.16671, batch accuracy: 91.15, data load time: 0.14635, step time: 0.03985
epoch: [25], step: [224/1543], batch loss: 0.19976, batch accuracy: 81.83, data load time: 0.22118, step time: 0.03991
epoch: [25], step: [324/1543], batch loss: 0.19316, batch accuracy: 83.31, data load time: 0.18082, step time: 0.03630
epoch: [25], step: [424/1543], batch loss: 0.16108, batch accuracy: 88.27, data load time: 0.10413, step time: 0.03612
epoch: [25], step: [524/1543], batch loss: 0.20463, batch accuracy: 85.73, data load time: 0.12245, step time: 0.04598
epoch: [25], step: [624/1543], batch loss: 0.16665, batch accuracy: 81.34, data load time: 0.18055, step time: 0.03418
epoch: [25], step: [724/1543], batch loss: 0.16469, batch accuracy: 79.51, data load time: 0.15445, step time: 0.03447
epoch: [25], step: [824/1543], batch loss: 0.18303, batch accuracy: 74.98, data load time: 0.17566, step time: 0.03566
epoch: [25], step: [924/1543], batch loss: 0.16983, batch accuracy: 83.85, data load time: 0.22902, step time: 0.03763
epoch: [25], step: [1024/1543], batch loss: 0.21480, batch accuracy: 80.76, data load time: 0.26004, step time: 0.03765
epoch: [25], step: [1124/1543], batch loss: 0.14626, batch accuracy: 90.41, data load time: 0.13402, step time: 0.03484
epoch: [25], step: [1224/1543], batch loss: 0.14435, batch accuracy: 89.25, data load time: 0.20811, step time: 0.03955
epoch: [25], step: [1324/1543], batch loss: 0.18449, batch accuracy: 76.46, data load time: 0.11723, step time: 0.03466
epoch: [25], step: [1424/1543], batch loss: 0.17856, batch accuracy: 79.14, data load time: 0.17937, step time: 0.03766
epoch: [25], step: [1524/1543], batch loss: 0.20146, batch accuracy: 81.64, data load time: 0.30075, step time: 0.03757
EVALUATION METRICS:
-------------------------------------------------------------

Validation: AUC Score: 0.5000

-------------------------------------------------------------
validation loss: 8.47507, accuracy: 50.00
epoch: [26], step: [81/1543], batch loss: 0.19452, batch accuracy: 92.15, data load time: 0.14885, step time: 0.04038
epoch: [26], step: [181/1543], batch loss: 0.15115, batch accuracy: 91.72, data load time: 0.18665, step time: 0.03640
epoch: [26], step: [281/1543], batch loss: 0.21654, batch accuracy: 83.29, data load time: 0.12666, step time: 0.04176
epoch: [26], step: [381/1543], batch loss: 0.14329, batch accuracy: 95.27, data load time: 0.23013, step time: 0.03616
epoch: [26], step: [481/1543], batch loss: 0.14474, batch accuracy: 81.42, data load time: 0.19574, step time: 0.03471
epoch: [26], step: [581/1543], batch loss: 0.17187, batch accuracy: 72.66, data load time: 0.24039, step time: 0.03485
epoch: [26], step: [681/1543], batch loss: 0.18658, batch accuracy: 87.03, data load time: 0.16372, step time: 0.03812
epoch: [26], step: [781/1543], batch loss: 0.16907, batch accuracy: 79.35, data load time: 0.22277, step time: 0.03412
epoch: [26], step: [881/1543], batch loss: 0.20568, batch accuracy: 81.54, data load time: 0.19676, step time: 0.03956
epoch: [26], step: [981/1543], batch loss: 0.20377, batch accuracy: 78.69, data load time: 0.16697, step time: 0.04125
epoch: [26], step: [1081/1543], batch loss: 0.17202, batch accuracy: 86.05, data load time: 0.25523, step time: 0.03979
epoch: [26], step: [1181/1543], batch loss: 0.14934, batch accuracy: 84.07, data load time: 0.21334, step time: 0.03338
epoch: [26], step: [1281/1543], batch loss: 0.16672, batch accuracy: 84.64, data load time: 0.18741, step time: 0.03471
epoch: [26], step: [1381/1543], batch loss: 0.17236, batch accuracy: 80.41, data load time: 0.28971, step time: 0.03763
epoch: [26], step: [1481/1543], batch loss: 0.17144, batch accuracy: 81.29, data load time: 0.22390, step time: 0.03692
EVALUATION METRICS:
-------------------------------------------------------------

Validation: AUC Score: 0.5000

-------------------------------------------------------------
validation loss: 8.47259, accuracy: 50.00
epoch: [27], step: [38/1543], batch loss: 0.15625, batch accuracy: 93.25, data load time: 0.13308, step time: 0.03552
epoch: [27], step: [138/1543], batch loss: 0.16022, batch accuracy: 72.40, data load time: 0.17349, step time: 0.03270
epoch: [27], step: [238/1543], batch loss: 0.16913, batch accuracy: 82.53, data load time: 0.16467, step time: 0.03565
epoch: [27], step: [338/1543], batch loss: 0.21637, batch accuracy: 81.39, data load time: 0.21610, step time: 0.03760
epoch: [27], step: [438/1543], batch loss: 0.13997, batch accuracy: 80.06, data load time: 0.10676, step time: 0.03261
epoch: [27], step: [538/1543], batch loss: 0.17616, batch accuracy: 78.08, data load time: 0.14991, step time: 0.03679
epoch: [27], step: [638/1543], batch loss: 0.13578, batch accuracy: 84.23, data load time: 0.22739, step time: 0.03041
epoch: [27], step: [738/1543], batch loss: 0.19422, batch accuracy: 76.61, data load time: 0.25080, step time: 0.03756
epoch: [27], step: [838/1543], batch loss: 0.15341, batch accuracy: 77.47, data load time: 0.16184, step time: 0.03254
epoch: [27], step: [938/1543], batch loss: 0.13699, batch accuracy: 92.90, data load time: 0.22268, step time: 0.03252
epoch: [27], step: [1038/1543], batch loss: 0.16559, batch accuracy: 85.78, data load time: 0.19507, step time: 0.03407
epoch: [27], step: [1138/1543], batch loss: 0.15884, batch accuracy: 92.17, data load time: 0.25233, step time: 0.03845
epoch: [27], step: [1238/1543], batch loss: 0.21544, batch accuracy: 84.30, data load time: 0.21199, step time: 0.03693
epoch: [27], step: [1338/1543], batch loss: 0.17207, batch accuracy: 88.48, data load time: 0.25223, step time: 0.03759
epoch: [27], step: [1438/1543], batch loss: 0.16236, batch accuracy: 88.41, data load time: 0.23753, step time: 0.03482
epoch: [27], step: [1538/1543], batch loss: 0.15549, batch accuracy: 78.63, data load time: 0.23945, step time: 0.03208
Epoch 00028: reducing learning rate of group 0 to 2.5000e-03.
EVALUATION METRICS:
-------------------------------------------------------------

Validation: AUC Score: 0.5000

-------------------------------------------------------------
validation loss: 8.47760, accuracy: 50.00
epoch: [28], step: [95/1543], batch loss: 0.17350, batch accuracy: 76.76, data load time: 0.11420, step time: 0.03556
epoch: [28], step: [195/1543], batch loss: 0.12740, batch accuracy: 85.29, data load time: 0.18854, step time: 0.03663
epoch: [28], step: [295/1543], batch loss: 0.18750, batch accuracy: 83.89, data load time: 0.09243, step time: 0.03754
epoch: [28], step: [395/1543], batch loss: 0.16311, batch accuracy: 83.39, data load time: 0.20663, step time: 0.03843
epoch: [28], step: [495/1543], batch loss: 0.19679, batch accuracy: 82.98, data load time: 0.14700, step time: 0.03690
epoch: [28], step: [595/1543], batch loss: 0.19057, batch accuracy: 84.14, data load time: 0.19176, step time: 0.03751
epoch: [28], step: [695/1543], batch loss: 0.20299, batch accuracy: 80.53, data load time: 0.19717, step time: 0.03866
epoch: [28], step: [795/1543], batch loss: 0.17815, batch accuracy: 81.79, data load time: 0.23160, step time: 0.03969
epoch: [28], step: [895/1543], batch loss: 0.16484, batch accuracy: 89.22, data load time: 0.23443, step time: 0.03912
epoch: [28], step: [995/1543], batch loss: 0.13071, batch accuracy: 83.85, data load time: 0.23425, step time: 0.03187
epoch: [28], step: [1095/1543], batch loss: 0.17256, batch accuracy: 85.56, data load time: 0.19337, step time: 0.03202
epoch: [28], step: [1195/1543], batch loss: 0.16053, batch accuracy: 81.79, data load time: 0.21051, step time: 0.03621
epoch: [28], step: [1295/1543], batch loss: 0.18074, batch accuracy: 79.64, data load time: 0.24391, step time: 0.03412
epoch: [28], step: [1395/1543], batch loss: 0.18922, batch accuracy: 81.80, data load time: 0.20813, step time: 0.03629
epoch: [28], step: [1495/1543], batch loss: 0.15344, batch accuracy: 88.02, data load time: 0.23943, step time: 0.03482
EVALUATION METRICS:
-------------------------------------------------------------

Validation: AUC Score: 0.5000

-------------------------------------------------------------
validation loss: 8.47760, accuracy: 50.00
epoch: [29], step: [52/1543], batch loss: 0.18608, batch accuracy: 77.82, data load time: 0.13699, step time: 0.03775
epoch: [29], step: [152/1543], batch loss: 0.20381, batch accuracy: 82.90, data load time: 0.17063, step time: 0.03833
epoch: [29], step: [252/1543], batch loss: 0.17535, batch accuracy: 88.45, data load time: 0.19633, step time: 0.03736
epoch: [29], step: [352/1543], batch loss: 0.24043, batch accuracy: 80.75, data load time: 0.16381, step time: 0.03890
epoch: [29], step: [452/1543], batch loss: 0.20693, batch accuracy: 77.18, data load time: 0.17243, step time: 0.03912
epoch: [29], step: [552/1543], batch loss: 0.14835, batch accuracy: 86.09, data load time: 0.14631, step time: 0.03403
epoch: [29], step: [652/1543], batch loss: 0.15374, batch accuracy: 83.44, data load time: 0.22633, step time: 0.03488
epoch: [29], step: [752/1543], batch loss: 0.17922, batch accuracy: 85.32, data load time: 0.21491, step time: 0.04123
epoch: [29], step: [852/1543], batch loss: 0.12793, batch accuracy: 89.48, data load time: 0.21280, step time: 0.03337
epoch: [29], step: [952/1543], batch loss: 0.16449, batch accuracy: 83.58, data load time: 0.20448, step time: 0.03526
epoch: [29], step: [1052/1543], batch loss: 0.16296, batch accuracy: 72.93, data load time: 0.20525, step time: 0.03274
epoch: [29], step: [1152/1543], batch loss: 0.21717, batch accuracy: 78.54, data load time: 0.19542, step time: 0.03701
epoch: [29], step: [1252/1543], batch loss: 0.18423, batch accuracy: 82.78, data load time: 0.23134, step time: 0.03816
epoch: [29], step: [1352/1543], batch loss: 0.21962, batch accuracy: 81.00, data load time: 0.24403, step time: 0.04056
epoch: [29], step: [1452/1543], batch loss: 0.16843, batch accuracy: 77.86, data load time: 0.21910, step time: 0.03218
EVALUATION METRICS:
-------------------------------------------------------------

Validation: AUC Score: 0.5000

-------------------------------------------------------------
validation loss: 8.47760, accuracy: 50.00
