Loading data from /mnt/storage/scratch/ee20947/MagnaTagATune/annotations/train.pkl...
Loading data from /mnt/storage/scratch/ee20947/MagnaTagATune/annotations/train.pkl...
Loading data from /mnt/storage/scratch/ee20947/MagnaTagATune/annotations/val.pkl...
Loading data from /mnt/storage/scratch/ee20947/MagnaTagATune/annotations/test.pkl...
Writing logs to logs/CNN_sgd_momentum=0.88_learning_rate=0.18_conv_length=256_conv_stride=256_weight_decay=1e-05_run_1
epoch: [0], step: [99/1543], batch loss: 0.26020, batch accuracy: 63.05, data load time: 0.32145, step time: 0.03738
epoch: [0], step: [199/1543], batch loss: 0.18698, batch accuracy: 66.67, data load time: 0.34940, step time: 0.03160
epoch: [0], step: [299/1543], batch loss: 0.20306, batch accuracy: 71.98, data load time: 0.36460, step time: 0.03441
epoch: [0], step: [399/1543], batch loss: 0.20387, batch accuracy: 70.83, data load time: 0.36096, step time: 0.03335
epoch: [0], step: [499/1543], batch loss: 0.20621, batch accuracy: 68.87, data load time: 0.39406, step time: 0.03432
epoch: [0], step: [599/1543], batch loss: 0.25495, batch accuracy: 57.35, data load time: 0.34831, step time: 0.03376
epoch: [0], step: [699/1543], batch loss: 0.20823, batch accuracy: 67.18, data load time: 0.26819, step time: 0.03704
epoch: [0], step: [799/1543], batch loss: 0.24768, batch accuracy: 65.76, data load time: 0.24810, step time: 0.03655
epoch: [0], step: [899/1543], batch loss: 0.21554, batch accuracy: 77.11, data load time: 0.24216, step time: 0.03379
epoch: [0], step: [999/1543], batch loss: 0.16777, batch accuracy: 64.56, data load time: 0.23780, step time: 0.02935
epoch: [0], step: [1099/1543], batch loss: 0.18272, batch accuracy: 87.86, data load time: 0.20700, step time: 0.03581
epoch: [0], step: [1199/1543], batch loss: 0.13293, batch accuracy: 83.44, data load time: 0.22514, step time: 0.02735
epoch: [0], step: [1299/1543], batch loss: 0.19623, batch accuracy: 62.19, data load time: 0.21567, step time: 0.03166
epoch: [0], step: [1399/1543], batch loss: 0.21124, batch accuracy: 67.28, data load time: 0.23308, step time: 0.03681
epoch: [0], step: [1499/1543], batch loss: 0.23389, batch accuracy: 70.04, data load time: 0.28722, step time: 0.03509
epoch: [1], step: [56/1543], batch loss: 0.19030, batch accuracy: 79.82, data load time: 0.35667, step time: 0.03279
epoch: [1], step: [156/1543], batch loss: 0.17096, batch accuracy: 82.71, data load time: 0.24130, step time: 0.03240
epoch: [1], step: [256/1543], batch loss: 0.17001, batch accuracy: 81.59, data load time: 0.19087, step time: 0.03165
epoch: [1], step: [356/1543], batch loss: 0.23959, batch accuracy: 75.97, data load time: 0.18252, step time: 0.03883
epoch: [1], step: [456/1543], batch loss: 0.16589, batch accuracy: 90.06, data load time: 0.23113, step time: 0.03395
epoch: [1], step: [556/1543], batch loss: 0.25069, batch accuracy: 74.99, data load time: 0.29250, step time: 0.03509
epoch: [1], step: [656/1543], batch loss: 0.14803, batch accuracy: 84.70, data load time: 0.22777, step time: 0.02903
epoch: [1], step: [756/1543], batch loss: 0.19360, batch accuracy: 79.99, data load time: 0.29527, step time: 0.03380
epoch: [1], step: [856/1543], batch loss: 0.18041, batch accuracy: 89.91, data load time: 0.29165, step time: 0.03533
epoch: [1], step: [956/1543], batch loss: 0.20238, batch accuracy: 84.29, data load time: 0.22294, step time: 0.03562
epoch: [1], step: [1056/1543], batch loss: 0.15335, batch accuracy: 80.45, data load time: 0.26977, step time: 0.03179
epoch: [1], step: [1156/1543], batch loss: 0.17924, batch accuracy: 75.92, data load time: 0.29285, step time: 0.03049
epoch: [1], step: [1256/1543], batch loss: 0.20756, batch accuracy: 82.24, data load time: 0.21131, step time: 0.03383
epoch: [1], step: [1356/1543], batch loss: 0.16582, batch accuracy: 65.38, data load time: 0.23228, step time: 0.02832
epoch: [1], step: [1456/1543], batch loss: 0.14327, batch accuracy: 87.47, data load time: 0.26141, step time: 0.03290
epoch: [2], step: [13/1543], batch loss: 0.19164, batch accuracy: 82.03, data load time: 0.27212, step time: 0.03588
epoch: [2], step: [113/1543], batch loss: 0.19528, batch accuracy: 78.12, data load time: 0.24841, step time: 0.03111
epoch: [2], step: [213/1543], batch loss: 0.18514, batch accuracy: 75.60, data load time: 0.26804, step time: 0.03389
epoch: [2], step: [313/1543], batch loss: 0.13324, batch accuracy: 82.79, data load time: 0.40119, step time: 0.02970
epoch: [2], step: [413/1543], batch loss: 0.16203, batch accuracy: 88.04, data load time: 0.20530, step time: 0.03099
epoch: [2], step: [513/1543], batch loss: 0.18961, batch accuracy: 78.06, data load time: 0.25723, step time: 0.03261
epoch: [2], step: [613/1543], batch loss: 0.15850, batch accuracy: 85.42, data load time: 0.22279, step time: 0.03235
epoch: [2], step: [713/1543], batch loss: 0.19052, batch accuracy: 84.74, data load time: 0.28412, step time: 0.03765
epoch: [2], step: [813/1543], batch loss: 0.16850, batch accuracy: 84.26, data load time: 0.38794, step time: 0.03109
epoch: [2], step: [913/1543], batch loss: 0.14054, batch accuracy: 83.69, data load time: 0.44676, step time: 0.03103
epoch: [2], step: [1013/1543], batch loss: 0.20030, batch accuracy: 73.06, data load time: 0.38623, step time: 0.03527
epoch: [2], step: [1113/1543], batch loss: 0.20295, batch accuracy: 78.99, data load time: 0.35055, step time: 0.03045
epoch: [2], step: [1213/1543], batch loss: 0.20491, batch accuracy: 80.25, data load time: 0.23400, step time: 0.03422
epoch: [2], step: [1313/1543], batch loss: 0.17804, batch accuracy: 81.95, data load time: 0.20791, step time: 0.03470
epoch: [2], step: [1413/1543], batch loss: 0.14021, batch accuracy: 92.62, data load time: 0.19065, step time: 0.03189
epoch: [2], step: [1513/1543], batch loss: 0.20488, batch accuracy: 83.25, data load time: 0.30176, step time: 0.03396
epoch: [3], step: [70/1543], batch loss: 0.19533, batch accuracy: 85.23, data load time: 0.23345, step time: 0.03702
epoch: [3], step: [170/1543], batch loss: 0.16656, batch accuracy: 82.70, data load time: 0.19194, step time: 0.03525
epoch: [3], step: [270/1543], batch loss: 0.16857, batch accuracy: 77.85, data load time: 0.30045, step time: 0.03178
epoch: [3], step: [370/1543], batch loss: 0.17136, batch accuracy: 88.86, data load time: 0.24628, step time: 0.03375
epoch: [3], step: [470/1543], batch loss: 0.13550, batch accuracy: 93.06, data load time: 0.21812, step time: 0.03334
epoch: [3], step: [570/1543], batch loss: 0.16351, batch accuracy: 89.05, data load time: 0.29945, step time: 0.03203
epoch: [3], step: [670/1543], batch loss: 0.21878, batch accuracy: 76.52, data load time: 0.26401, step time: 0.03253
epoch: [3], step: [770/1543], batch loss: 0.17167, batch accuracy: 71.02, data load time: 0.37850, step time: 0.02888
epoch: [3], step: [870/1543], batch loss: 0.21507, batch accuracy: 86.13, data load time: 0.31590, step time: 0.03537
epoch: [3], step: [970/1543], batch loss: 0.20949, batch accuracy: 76.37, data load time: 0.21367, step time: 0.03446
epoch: [3], step: [1070/1543], batch loss: 0.17749, batch accuracy: 82.77, data load time: 0.24954, step time: 0.03165
epoch: [3], step: [1170/1543], batch loss: 0.15443, batch accuracy: 89.68, data load time: 0.35785, step time: 0.03380
epoch: [3], step: [1270/1543], batch loss: 0.18356, batch accuracy: 82.76, data load time: 0.25013, step time: 0.03595
epoch: [3], step: [1370/1543], batch loss: 0.13041, batch accuracy: 84.88, data load time: 0.20568, step time: 0.02692
epoch: [3], step: [1470/1543], batch loss: 0.15910, batch accuracy: 78.54, data load time: 0.22903, step time: 0.03398
epoch: [4], step: [27/1543], batch loss: 0.16781, batch accuracy: 86.37, data load time: 0.29977, step time: 0.03453
epoch: [4], step: [127/1543], batch loss: 0.18692, batch accuracy: 82.14, data load time: 0.26464, step time: 0.03242
epoch: [4], step: [227/1543], batch loss: 0.15527, batch accuracy: 87.23, data load time: 0.23948, step time: 0.03250
epoch: [4], step: [327/1543], batch loss: 0.19372, batch accuracy: 81.08, data load time: 0.27600, step time: 0.03511
epoch: [4], step: [427/1543], batch loss: 0.15180, batch accuracy: 78.14, data load time: 0.31945, step time: 0.03450
epoch: [4], step: [527/1543], batch loss: 0.17140, batch accuracy: 82.75, data load time: 0.24755, step time: 0.03031
epoch: [4], step: [627/1543], batch loss: 0.18126, batch accuracy: 87.06, data load time: 0.32319, step time: 0.03461
epoch: [4], step: [727/1543], batch loss: 0.17710, batch accuracy: 81.60, data load time: 0.26871, step time: 0.03415
epoch: [4], step: [827/1543], batch loss: 0.16387, batch accuracy: 74.65, data load time: 0.30027, step time: 0.03327
epoch: [4], step: [927/1543], batch loss: 0.15003, batch accuracy: 77.58, data load time: 0.31044, step time: 0.03003
epoch: [4], step: [1027/1543], batch loss: 0.23003, batch accuracy: 76.62, data load time: 0.36832, step time: 0.03801
epoch: [4], step: [1127/1543], batch loss: 0.14911, batch accuracy: 84.06, data load time: 0.28089, step time: 0.03428
epoch: [4], step: [1227/1543], batch loss: 0.19360, batch accuracy: 81.50, data load time: 0.25205, step time: 0.03433
epoch: [4], step: [1327/1543], batch loss: 0.18135, batch accuracy: 86.74, data load time: 0.33144, step time: 0.03505
epoch: [4], step: [1427/1543], batch loss: 0.16426, batch accuracy: 86.83, data load time: 0.21847, step time: 0.03319
epoch: [4], step: [1527/1543], batch loss: 0.20316, batch accuracy: 75.31, data load time: 0.28901, step time: 0.03160
EVALUATION METRICS:
-------------------------------------------------------------

Validation: AUC Score: 0.8152

-------------------------------------------------------------
validation loss: 0.17076, accuracy: 81.52
epoch: [5], step: [84/1543], batch loss: 0.19275, batch accuracy: 81.72, data load time: 0.19421, step time: 0.03532
epoch: [5], step: [184/1543], batch loss: 0.18984, batch accuracy: 80.88, data load time: 0.25753, step time: 0.03466
epoch: [5], step: [284/1543], batch loss: 0.14263, batch accuracy: 80.15, data load time: 0.27378, step time: 0.03039
epoch: [5], step: [384/1543], batch loss: 0.20257, batch accuracy: 80.65, data load time: 0.25696, step time: 0.03446
epoch: [5], step: [484/1543], batch loss: 0.21949, batch accuracy: 81.94, data load time: 0.32176, step time: 0.03688
epoch: [5], step: [584/1543], batch loss: 0.13738, batch accuracy: 86.72, data load time: 0.19272, step time: 0.03096
epoch: [5], step: [684/1543], batch loss: 0.17177, batch accuracy: 84.97, data load time: 0.25540, step time: 0.03312
epoch: [5], step: [784/1543], batch loss: 0.17804, batch accuracy: 87.20, data load time: 0.33638, step time: 0.03450
epoch: [5], step: [884/1543], batch loss: 0.15624, batch accuracy: 79.56, data load time: 0.30010, step time: 0.03385
epoch: [5], step: [984/1543], batch loss: 0.13919, batch accuracy: 86.67, data load time: 0.25036, step time: 0.03347
epoch: [5], step: [1084/1543], batch loss: 0.15995, batch accuracy: 82.89, data load time: 0.19687, step time: 0.03389
epoch: [5], step: [1184/1543], batch loss: 0.17792, batch accuracy: 84.18, data load time: 0.16769, step time: 0.03394
epoch: [5], step: [1284/1543], batch loss: 0.12562, batch accuracy: 92.10, data load time: 0.21158, step time: 0.02957
epoch: [5], step: [1384/1543], batch loss: 0.14978, batch accuracy: 89.22, data load time: 0.22832, step time: 0.03160
epoch: [5], step: [1484/1543], batch loss: 0.15565, batch accuracy: 79.83, data load time: 0.25987, step time: 0.03366
epoch: [6], step: [41/1543], batch loss: 0.15310, batch accuracy: 83.94, data load time: 0.05830, step time: 0.03297
epoch: [6], step: [141/1543], batch loss: 0.16352, batch accuracy: 86.66, data load time: 0.12847, step time: 0.03657
epoch: [6], step: [241/1543], batch loss: 0.14474, batch accuracy: 87.79, data load time: 0.08197, step time: 0.03013
epoch: [6], step: [341/1543], batch loss: 0.17806, batch accuracy: 84.78, data load time: 0.12954, step time: 0.03241
epoch: [6], step: [441/1543], batch loss: 0.20897, batch accuracy: 85.15, data load time: 0.25116, step time: 0.03806
epoch: [6], step: [541/1543], batch loss: 0.17380, batch accuracy: 89.74, data load time: 0.34610, step time: 0.03693
epoch: [6], step: [641/1543], batch loss: 0.14219, batch accuracy: 76.06, data load time: 0.21908, step time: 0.02784
epoch: [6], step: [741/1543], batch loss: 0.15044, batch accuracy: 87.62, data load time: 0.30591, step time: 0.03306
epoch: [6], step: [841/1543], batch loss: 0.17477, batch accuracy: 79.26, data load time: 0.16434, step time: 0.03243
epoch: [6], step: [941/1543], batch loss: 0.15590, batch accuracy: 82.47, data load time: 0.26470, step time: 0.03241
epoch: [6], step: [1041/1543], batch loss: 0.14194, batch accuracy: 87.02, data load time: 0.29283, step time: 0.03390
epoch: [6], step: [1141/1543], batch loss: 0.16518, batch accuracy: 90.13, data load time: 0.28152, step time: 0.03307
epoch: [6], step: [1241/1543], batch loss: 0.18713, batch accuracy: 84.19, data load time: 0.21722, step time: 0.03317
epoch: [6], step: [1341/1543], batch loss: 0.17388, batch accuracy: 82.63, data load time: 0.16988, step time: 0.03397
epoch: [6], step: [1441/1543], batch loss: 0.18756, batch accuracy: 81.66, data load time: 0.29722, step time: 0.03177
epoch: [6], step: [1541/1543], batch loss: 0.18794, batch accuracy: 81.22, data load time: 0.26180, step time: 0.03379
epoch: [7], step: [98/1543], batch loss: 0.13304, batch accuracy: 90.87, data load time: 0.28872, step time: 0.03290
epoch: [7], step: [198/1543], batch loss: 0.15803, batch accuracy: 82.71, data load time: 0.07564, step time: 0.03319
epoch: [7], step: [298/1543], batch loss: 0.13737, batch accuracy: 95.19, data load time: 0.21408, step time: 0.03588
epoch: [7], step: [398/1543], batch loss: 0.17827, batch accuracy: 83.59, data load time: 0.13793, step time: 0.03512
epoch: [7], step: [498/1543], batch loss: 0.18994, batch accuracy: 81.06, data load time: 0.15084, step time: 0.03595
epoch: [7], step: [598/1543], batch loss: 0.25286, batch accuracy: 82.01, data load time: 0.15335, step time: 0.03724
epoch: [7], step: [698/1543], batch loss: 0.18209, batch accuracy: 75.50, data load time: 0.22191, step time: 0.03234
epoch: [7], step: [798/1543], batch loss: 0.18782, batch accuracy: 90.49, data load time: 0.17041, step time: 0.03655
epoch: [7], step: [898/1543], batch loss: 0.14457, batch accuracy: 82.97, data load time: 0.21288, step time: 0.03298
epoch: [7], step: [998/1543], batch loss: 0.18811, batch accuracy: 86.55, data load time: 0.18795, step time: 0.03579
epoch: [7], step: [1098/1543], batch loss: 0.13100, batch accuracy: 80.90, data load time: 0.25060, step time: 0.03089
epoch: [7], step: [1198/1543], batch loss: 0.19716, batch accuracy: 80.72, data load time: 0.16765, step time: 0.03533
epoch: [7], step: [1298/1543], batch loss: 0.17799, batch accuracy: 82.13, data load time: 0.21415, step time: 0.03446
epoch: [7], step: [1398/1543], batch loss: 0.15045, batch accuracy: 89.84, data load time: 0.18671, step time: 0.03214
epoch: [7], step: [1498/1543], batch loss: 0.14881, batch accuracy: 83.63, data load time: 0.24945, step time: 0.03168
epoch: [8], step: [55/1543], batch loss: 0.17812, batch accuracy: 83.15, data load time: 0.11957, step time: 0.03185
epoch: [8], step: [155/1543], batch loss: 0.23195, batch accuracy: 75.44, data load time: 0.24294, step time: 0.03682
epoch: [8], step: [255/1543], batch loss: 0.19622, batch accuracy: 82.32, data load time: 0.16817, step time: 0.03316
epoch: [8], step: [355/1543], batch loss: 0.18554, batch accuracy: 89.25, data load time: 0.13555, step time: 0.03740
epoch: [8], step: [455/1543], batch loss: 0.19202, batch accuracy: 89.79, data load time: 0.13613, step time: 0.03749
epoch: [8], step: [555/1543], batch loss: 0.16502, batch accuracy: 89.50, data load time: 0.15391, step time: 0.03590
epoch: [8], step: [655/1543], batch loss: 0.13605, batch accuracy: 81.48, data load time: 0.15325, step time: 0.03326
epoch: [8], step: [755/1543], batch loss: 0.17089, batch accuracy: 84.45, data load time: 0.22477, step time: 0.03573
epoch: [8], step: [855/1543], batch loss: 0.17387, batch accuracy: 79.81, data load time: 0.23114, step time: 0.03309
epoch: [8], step: [955/1543], batch loss: 0.15073, batch accuracy: 87.71, data load time: 0.24423, step time: 0.03226
epoch: [8], step: [1055/1543], batch loss: 0.18442, batch accuracy: 81.57, data load time: 0.16453, step time: 0.03475
epoch: [8], step: [1155/1543], batch loss: 0.18087, batch accuracy: 91.04, data load time: 0.20453, step time: 0.03729
epoch: [8], step: [1255/1543], batch loss: 0.15302, batch accuracy: 93.75, data load time: 0.28874, step time: 0.03307
epoch: [8], step: [1355/1543], batch loss: 0.18224, batch accuracy: 81.91, data load time: 0.25351, step time: 0.03505
epoch: [8], step: [1455/1543], batch loss: 0.16946, batch accuracy: 85.70, data load time: 0.20190, step time: 0.03161
epoch: [9], step: [12/1543], batch loss: 0.16641, batch accuracy: 82.00, data load time: 0.09498, step time: 0.03289
epoch: [9], step: [112/1543], batch loss: 0.15472, batch accuracy: 81.49, data load time: 0.08343, step time: 0.03261
epoch: [9], step: [212/1543], batch loss: 0.14552, batch accuracy: 91.85, data load time: 0.11577, step time: 0.03306
epoch: [9], step: [312/1543], batch loss: 0.17453, batch accuracy: 84.92, data load time: 0.15685, step time: 0.03476
epoch: [9], step: [412/1543], batch loss: 0.16253, batch accuracy: 77.74, data load time: 0.16279, step time: 0.03102
epoch: [9], step: [512/1543], batch loss: 0.19610, batch accuracy: 87.09, data load time: 0.28400, step time: 0.03608
epoch: [9], step: [612/1543], batch loss: 0.14935, batch accuracy: 82.35, data load time: 0.14882, step time: 0.02953
epoch: [9], step: [712/1543], batch loss: 0.17489, batch accuracy: 82.35, data load time: 0.18686, step time: 0.03928
epoch: [9], step: [812/1543], batch loss: 0.13343, batch accuracy: 90.42, data load time: 0.21556, step time: 0.02948
epoch: [9], step: [912/1543], batch loss: 0.19534, batch accuracy: 81.54, data load time: 0.13614, step time: 0.03515
epoch: [9], step: [1012/1543], batch loss: 0.15784, batch accuracy: 77.56, data load time: 0.22500, step time: 0.03100
epoch: [9], step: [1112/1543], batch loss: 0.16434, batch accuracy: 82.58, data load time: 0.21153, step time: 0.03460
epoch: [9], step: [1212/1543], batch loss: 0.17690, batch accuracy: 82.81, data load time: 0.26859, step time: 0.03230
epoch: [9], step: [1312/1543], batch loss: 0.15085, batch accuracy: 89.61, data load time: 0.23817, step time: 0.03444
epoch: [9], step: [1412/1543], batch loss: 0.14425, batch accuracy: 89.21, data load time: 0.18248, step time: 0.03162
epoch: [9], step: [1512/1543], batch loss: 0.18536, batch accuracy: 86.53, data load time: 0.26565, step time: 0.03450
EVALUATION METRICS:
-------------------------------------------------------------

Validation: AUC Score: 0.8268

-------------------------------------------------------------
validation loss: 0.16687, accuracy: 82.68
epoch: [10], step: [69/1543], batch loss: 0.14493, batch accuracy: 92.34, data load time: 0.03938, step time: 0.03238
epoch: [10], step: [169/1543], batch loss: 0.19516, batch accuracy: 70.96, data load time: 0.15697, step time: 0.03094
epoch: [10], step: [269/1543], batch loss: 0.17094, batch accuracy: 83.94, data load time: 0.11714, step time: 0.03454
epoch: [10], step: [369/1543], batch loss: 0.17553, batch accuracy: 79.86, data load time: 0.17440, step time: 0.03169
epoch: [10], step: [469/1543], batch loss: 0.13245, batch accuracy: 87.67, data load time: 0.18344, step time: 0.03088
epoch: [10], step: [569/1543], batch loss: 0.21530, batch accuracy: 77.54, data load time: 0.26410, step time: 0.03373
epoch: [10], step: [669/1543], batch loss: 0.12556, batch accuracy: 91.19, data load time: 0.19662, step time: 0.03187
epoch: [10], step: [769/1543], batch loss: 0.12687, batch accuracy: 80.53, data load time: 0.24555, step time: 0.03026
epoch: [10], step: [869/1543], batch loss: 0.16076, batch accuracy: 87.64, data load time: 0.21245, step time: 0.03729
epoch: [10], step: [969/1543], batch loss: 0.15390, batch accuracy: 87.59, data load time: 0.22666, step time: 0.03596
epoch: [10], step: [1069/1543], batch loss: 0.21541, batch accuracy: 70.44, data load time: 0.27512, step time: 0.03458
epoch: [10], step: [1169/1543], batch loss: 0.13039, batch accuracy: 89.88, data load time: 0.32631, step time: 0.03180
epoch: [10], step: [1269/1543], batch loss: 0.18708, batch accuracy: 74.38, data load time: 0.20521, step time: 0.03246
epoch: [10], step: [1369/1543], batch loss: 0.21105, batch accuracy: 75.66, data load time: 0.24502, step time: 0.03429
epoch: [10], step: [1469/1543], batch loss: 0.20720, batch accuracy: 77.94, data load time: 0.20189, step time: 0.03501
epoch: [11], step: [26/1543], batch loss: 0.13421, batch accuracy: 84.36, data load time: 0.12192, step time: 0.03174
epoch: [11], step: [126/1543], batch loss: 0.13415, batch accuracy: 92.67, data load time: 0.18181, step time: 0.03441
epoch: [11], step: [226/1543], batch loss: 0.16017, batch accuracy: 86.76, data load time: 0.20170, step time: 0.03298
epoch: [11], step: [326/1543], batch loss: 0.19190, batch accuracy: 86.77, data load time: 0.12743, step time: 0.03791
epoch: [11], step: [426/1543], batch loss: 0.15265, batch accuracy: 87.83, data load time: 0.19032, step time: 0.03156
epoch: [11], step: [526/1543], batch loss: 0.13198, batch accuracy: 81.37, data load time: 0.17044, step time: 0.03007
epoch: [11], step: [626/1543], batch loss: 0.16781, batch accuracy: 78.61, data load time: 0.20859, step time: 0.03328
epoch: [11], step: [726/1543], batch loss: 0.22565, batch accuracy: 81.75, data load time: 0.20424, step time: 0.03314
epoch: [11], step: [826/1543], batch loss: 0.14234, batch accuracy: 85.38, data load time: 0.24881, step time: 0.03160
epoch: [11], step: [926/1543], batch loss: 0.19143, batch accuracy: 78.83, data load time: 0.22100, step time: 0.03577
epoch: [11], step: [1026/1543], batch loss: 0.17701, batch accuracy: 75.78, data load time: 0.30854, step time: 0.03394
epoch: [11], step: [1126/1543], batch loss: 0.12209, batch accuracy: 89.78, data load time: 0.28730, step time: 0.03095
epoch: [11], step: [1226/1543], batch loss: 0.16338, batch accuracy: 89.42, data load time: 0.23498, step time: 0.03813
epoch: [11], step: [1326/1543], batch loss: 0.13521, batch accuracy: 90.84, data load time: 0.26059, step time: 0.03013
epoch: [11], step: [1426/1543], batch loss: 0.17723, batch accuracy: 85.18, data load time: 0.22621, step time: 0.03597
epoch: [11], step: [1526/1543], batch loss: 0.21065, batch accuracy: 85.79, data load time: 0.22544, step time: 0.03655
epoch: [12], step: [83/1543], batch loss: 0.19832, batch accuracy: 82.00, data load time: 0.14972, step time: 0.03618
epoch: [12], step: [183/1543], batch loss: 0.15670, batch accuracy: 79.65, data load time: 0.10443, step time: 0.03102
epoch: [12], step: [283/1543], batch loss: 0.17460, batch accuracy: 88.88, data load time: 0.17348, step time: 0.03445
epoch: [12], step: [383/1543], batch loss: 0.16892, batch accuracy: 87.86, data load time: 0.10587, step time: 0.03233
epoch: [12], step: [483/1543], batch loss: 0.17122, batch accuracy: 90.04, data load time: 0.16235, step time: 0.03371
epoch: [12], step: [583/1543], batch loss: 0.13805, batch accuracy: 91.29, data load time: 0.20981, step time: 0.03265
epoch: [12], step: [683/1543], batch loss: 0.15989, batch accuracy: 83.31, data load time: 0.24027, step time: 0.03157
epoch: [12], step: [783/1543], batch loss: 0.14150, batch accuracy: 92.96, data load time: 0.30545, step time: 0.03256
epoch: [12], step: [883/1543], batch loss: 0.12853, batch accuracy: 88.23, data load time: 0.16131, step time: 0.03258
epoch: [12], step: [983/1543], batch loss: 0.12244, batch accuracy: 89.27, data load time: 0.16626, step time: 0.03386
epoch: [12], step: [1083/1543], batch loss: 0.19064, batch accuracy: 90.18, data load time: 0.16833, step time: 0.03643
epoch: [12], step: [1183/1543], batch loss: 0.12490, batch accuracy: 92.87, data load time: 0.27401, step time: 0.03166
epoch: [12], step: [1283/1543], batch loss: 0.20311, batch accuracy: 80.63, data load time: 0.27472, step time: 0.03537
epoch: [12], step: [1383/1543], batch loss: 0.18695, batch accuracy: 86.63, data load time: 0.24722, step time: 0.03308
epoch: [12], step: [1483/1543], batch loss: 0.12599, batch accuracy: 91.09, data load time: 0.33608, step time: 0.03205
epoch: [13], step: [40/1543], batch loss: 0.17961, batch accuracy: 85.65, data load time: 0.20616, step time: 0.03516
epoch: [13], step: [140/1543], batch loss: 0.16744, batch accuracy: 80.53, data load time: 0.14078, step time: 0.03149
epoch: [13], step: [240/1543], batch loss: 0.16986, batch accuracy: 85.20, data load time: 0.19457, step time: 0.03017
epoch: [13], step: [340/1543], batch loss: 0.13899, batch accuracy: 96.84, data load time: 0.02947, step time: 0.03727
epoch: [13], step: [440/1543], batch loss: 0.21676, batch accuracy: 85.63, data load time: 0.15308, step time: 0.03659
epoch: [13], step: [540/1543], batch loss: 0.15010, batch accuracy: 88.17, data load time: 0.20001, step time: 0.03515
epoch: [13], step: [640/1543], batch loss: 0.15242, batch accuracy: 85.79, data load time: 0.18038, step time: 0.03697
epoch: [13], step: [740/1543], batch loss: 0.13108, batch accuracy: 74.03, data load time: 0.23083, step time: 0.02665
epoch: [13], step: [840/1543], batch loss: 0.17730, batch accuracy: 87.97, data load time: 0.21268, step time: 0.03741
epoch: [13], step: [940/1543], batch loss: 0.20886, batch accuracy: 81.11, data load time: 0.23684, step time: 0.03383
epoch: [13], step: [1040/1543], batch loss: 0.15488, batch accuracy: 85.91, data load time: 0.31746, step time: 0.03519
epoch: [13], step: [1140/1543], batch loss: 0.14040, batch accuracy: 85.76, data load time: 0.24301, step time: 0.03081
epoch: [13], step: [1240/1543], batch loss: 0.16713, batch accuracy: 87.68, data load time: 0.28558, step time: 0.03367
epoch: [13], step: [1340/1543], batch loss: 0.15742, batch accuracy: 89.03, data load time: 0.25327, step time: 0.03225
epoch: [13], step: [1440/1543], batch loss: 0.17659, batch accuracy: 83.91, data load time: 0.22032, step time: 0.03499
epoch: [13], step: [1540/1543], batch loss: 0.19119, batch accuracy: 79.13, data load time: 0.22425, step time: 0.03634
epoch: [14], step: [97/1543], batch loss: 0.13226, batch accuracy: 83.96, data load time: 0.14550, step time: 0.03094
epoch: [14], step: [197/1543], batch loss: 0.13773, batch accuracy: 86.99, data load time: 0.10946, step time: 0.03128
epoch: [14], step: [297/1543], batch loss: 0.15028, batch accuracy: 90.17, data load time: 0.21930, step time: 0.03448
epoch: [14], step: [397/1543], batch loss: 0.13757, batch accuracy: 89.23, data load time: 0.12274, step time: 0.03262
epoch: [14], step: [497/1543], batch loss: 0.16360, batch accuracy: 85.33, data load time: 0.17537, step time: 0.03294
epoch: [14], step: [597/1543], batch loss: 0.17157, batch accuracy: 87.33, data load time: 0.21936, step time: 0.03376
epoch: [14], step: [697/1543], batch loss: 0.11858, batch accuracy: 94.37, data load time: 0.22854, step time: 0.03127
epoch: [14], step: [797/1543], batch loss: 0.18168, batch accuracy: 71.94, data load time: 0.26350, step time: 0.03396
epoch: [14], step: [897/1543], batch loss: 0.22158, batch accuracy: 84.61, data load time: 0.26285, step time: 0.04033
epoch: [14], step: [997/1543], batch loss: 0.15182, batch accuracy: 87.56, data load time: 0.25114, step time: 0.03376
epoch: [14], step: [1097/1543], batch loss: 0.18981, batch accuracy: 92.65, data load time: 0.24423, step time: 0.03665
epoch: [14], step: [1197/1543], batch loss: 0.15327, batch accuracy: 84.95, data load time: 0.18602, step time: 0.03166
epoch: [14], step: [1297/1543], batch loss: 0.15004, batch accuracy: 91.91, data load time: 0.21260, step time: 0.03014
epoch: [14], step: [1397/1543], batch loss: 0.14696, batch accuracy: 92.79, data load time: 0.20021, step time: 0.03297
epoch: [14], step: [1497/1543], batch loss: 0.15628, batch accuracy: 84.58, data load time: 0.33678, step time: 0.03261
EVALUATION METRICS:
-------------------------------------------------------------

Validation: AUC Score: 0.8390

-------------------------------------------------------------
validation loss: 0.15796, accuracy: 83.90
epoch: [15], step: [54/1543], batch loss: 0.16042, batch accuracy: 83.96, data load time: 0.21216, step time: 0.03315
epoch: [15], step: [154/1543], batch loss: 0.17301, batch accuracy: 83.08, data load time: 0.24336, step time: 0.03248
epoch: [15], step: [254/1543], batch loss: 0.15408, batch accuracy: 94.07, data load time: 0.14924, step time: 0.03467
epoch: [15], step: [354/1543], batch loss: 0.16428, batch accuracy: 86.60, data load time: 0.22573, step time: 0.03296
epoch: [15], step: [454/1543], batch loss: 0.19409, batch accuracy: 80.54, data load time: 0.21830, step time: 0.03181
epoch: [15], step: [554/1543], batch loss: 0.15424, batch accuracy: 88.59, data load time: 0.16582, step time: 0.03544
epoch: [15], step: [654/1543], batch loss: 0.14479, batch accuracy: 91.33, data load time: 0.23362, step time: 0.03730
epoch: [15], step: [754/1543], batch loss: 0.16060, batch accuracy: 78.00, data load time: 0.25558, step time: 0.03279
epoch: [15], step: [854/1543], batch loss: 0.20664, batch accuracy: 74.39, data load time: 0.25966, step time: 0.03593
epoch: [15], step: [954/1543], batch loss: 0.13650, batch accuracy: 92.38, data load time: 0.31064, step time: 0.03675
epoch: [15], step: [1054/1543], batch loss: 0.12339, batch accuracy: 90.02, data load time: 0.31595, step time: 0.02964
epoch: [15], step: [1154/1543], batch loss: 0.16293, batch accuracy: 85.55, data load time: 0.27340, step time: 0.03326
epoch: [15], step: [1254/1543], batch loss: 0.12673, batch accuracy: 91.81, data load time: 0.31668, step time: 0.03253
epoch: [15], step: [1354/1543], batch loss: 0.13497, batch accuracy: 88.26, data load time: 0.26449, step time: 0.03500
epoch: [15], step: [1454/1543], batch loss: 0.20119, batch accuracy: 76.23, data load time: 0.25323, step time: 0.03373
epoch: [16], step: [11/1543], batch loss: 0.16295, batch accuracy: 84.65, data load time: 0.01022, step time: 0.03587
epoch: [16], step: [111/1543], batch loss: 0.22098, batch accuracy: 81.96, data load time: 0.11432, step time: 0.03454
epoch: [16], step: [211/1543], batch loss: 0.14862, batch accuracy: 81.44, data load time: 0.10794, step time: 0.03023
epoch: [16], step: [311/1543], batch loss: 0.20618, batch accuracy: 85.48, data load time: 0.10081, step time: 0.03723
epoch: [16], step: [411/1543], batch loss: 0.15026, batch accuracy: 86.19, data load time: 0.17703, step time: 0.03261
epoch: [16], step: [511/1543], batch loss: 0.20363, batch accuracy: 74.29, data load time: 0.14612, step time: 0.03474
epoch: [16], step: [611/1543], batch loss: 0.13230, batch accuracy: 88.30, data load time: 0.22244, step time: 0.22238
epoch: [16], step: [711/1543], batch loss: 0.17469, batch accuracy: 86.34, data load time: 0.20542, step time: 0.03872
epoch: [16], step: [811/1543], batch loss: 0.13585, batch accuracy: 93.15, data load time: 0.25152, step time: 0.02954
epoch: [16], step: [911/1543], batch loss: 0.13917, batch accuracy: 89.68, data load time: 0.21770, step time: 0.03296
epoch: [16], step: [1011/1543], batch loss: 0.14674, batch accuracy: 89.37, data load time: 0.24646, step time: 0.03164
epoch: [16], step: [1111/1543], batch loss: 0.13523, batch accuracy: 90.90, data load time: 0.25338, step time: 0.03172
epoch: [16], step: [1211/1543], batch loss: 0.17223, batch accuracy: 92.34, data load time: 0.27204, step time: 0.03597
epoch: [16], step: [1311/1543], batch loss: 0.14531, batch accuracy: 87.31, data load time: 0.27040, step time: 0.03587
epoch: [16], step: [1411/1543], batch loss: 0.16103, batch accuracy: 72.55, data load time: 0.30024, step time: 0.03160
epoch: [16], step: [1511/1543], batch loss: 0.16476, batch accuracy: 81.71, data load time: 0.24520, step time: 0.03303
epoch: [17], step: [68/1543], batch loss: 0.14193, batch accuracy: 83.92, data load time: 0.14743, step time: 0.03231
epoch: [17], step: [168/1543], batch loss: 0.17703, batch accuracy: 84.83, data load time: 0.08156, step time: 0.03776
epoch: [17], step: [268/1543], batch loss: 0.11873, batch accuracy: 91.98, data load time: 0.21569, step time: 0.03182
epoch: [17], step: [368/1543], batch loss: 0.13744, batch accuracy: 88.68, data load time: 0.12811, step time: 0.03228
epoch: [17], step: [468/1543], batch loss: 0.14983, batch accuracy: 79.91, data load time: 0.12173, step time: 0.03019
epoch: [17], step: [568/1543], batch loss: 0.16094, batch accuracy: 83.11, data load time: 0.19501, step time: 0.03158
epoch: [17], step: [668/1543], batch loss: 0.14393, batch accuracy: 82.40, data load time: 0.18398, step time: 0.03025
epoch: [17], step: [768/1543], batch loss: 0.17346, batch accuracy: 88.27, data load time: 0.17160, step time: 0.03670
epoch: [17], step: [868/1543], batch loss: 0.19020, batch accuracy: 67.62, data load time: 0.23662, step time: 0.03240
epoch: [17], step: [968/1543], batch loss: 0.20609, batch accuracy: 82.25, data load time: 0.27913, step time: 0.03665
epoch: [17], step: [1068/1543], batch loss: 0.17789, batch accuracy: 80.91, data load time: 0.20909, step time: 0.03460
epoch: [17], step: [1168/1543], batch loss: 0.13201, batch accuracy: 82.55, data load time: 0.28100, step time: 0.02887
epoch: [17], step: [1268/1543], batch loss: 0.16883, batch accuracy: 85.98, data load time: 0.25911, step time: 0.03307
epoch: [17], step: [1368/1543], batch loss: 0.17516, batch accuracy: 86.26, data load time: 0.26143, step time: 0.03651
epoch: [17], step: [1468/1543], batch loss: 0.15843, batch accuracy: 81.12, data load time: 0.18465, step time: 0.03013
epoch: [18], step: [25/1543], batch loss: 0.18552, batch accuracy: 84.04, data load time: 0.13797, step time: 0.03707
epoch: [18], step: [125/1543], batch loss: 0.13613, batch accuracy: 82.90, data load time: 0.04072, step time: 0.03422
epoch: [18], step: [225/1543], batch loss: 0.14511, batch accuracy: 95.62, data load time: 0.23174, step time: 0.03662
epoch: [18], step: [325/1543], batch loss: 0.20532, batch accuracy: 91.26, data load time: 0.24749, step time: 0.03975
epoch: [18], step: [425/1543], batch loss: 0.12157, batch accuracy: 94.25, data load time: 0.30396, step time: 0.02937
epoch: [18], step: [525/1543], batch loss: 0.19310, batch accuracy: 84.11, data load time: 0.06385, step time: 0.03107
epoch: [18], step: [625/1543], batch loss: 0.13874, batch accuracy: 85.34, data load time: 0.15604, step time: 0.02982
epoch: [18], step: [725/1543], batch loss: 0.16172, batch accuracy: 77.49, data load time: 0.21028, step time: 0.03397
epoch: [18], step: [825/1543], batch loss: 0.14781, batch accuracy: 90.53, data load time: 0.17680, step time: 0.03363
epoch: [18], step: [925/1543], batch loss: 0.17966, batch accuracy: 84.27, data load time: 0.24738, step time: 0.03649
epoch: [18], step: [1025/1543], batch loss: 0.13819, batch accuracy: 91.56, data load time: 0.11367, step time: 0.03460
epoch: [18], step: [1125/1543], batch loss: 0.16272, batch accuracy: 92.17, data load time: 0.20883, step time: 0.03445
epoch: [18], step: [1225/1543], batch loss: 0.13820, batch accuracy: 85.79, data load time: 0.19510, step time: 0.03166
epoch: [18], step: [1325/1543], batch loss: 0.21843, batch accuracy: 82.66, data load time: 0.18394, step time: 0.03659
epoch: [18], step: [1425/1543], batch loss: 0.16123, batch accuracy: 86.03, data load time: 0.20194, step time: 0.03398
epoch: [18], step: [1525/1543], batch loss: 0.16740, batch accuracy: 90.80, data load time: 0.17532, step time: 0.03638
epoch: [19], step: [82/1543], batch loss: 0.24311, batch accuracy: 84.36, data load time: 0.16573, step time: 0.04037
epoch: [19], step: [182/1543], batch loss: 0.19214, batch accuracy: 89.59, data load time: 0.17718, step time: 0.03663
epoch: [19], step: [282/1543], batch loss: 0.15700, batch accuracy: 92.62, data load time: 0.13721, step time: 0.03538
epoch: [19], step: [382/1543], batch loss: 0.16965, batch accuracy: 86.96, data load time: 0.15995, step time: 0.03381
epoch: [19], step: [482/1543], batch loss: 0.17778, batch accuracy: 91.35, data load time: 0.19994, step time: 0.03609
epoch: [19], step: [582/1543], batch loss: 0.14164, batch accuracy: 84.02, data load time: 0.13758, step time: 0.02945
epoch: [19], step: [682/1543], batch loss: 0.11938, batch accuracy: 94.54, data load time: 0.18952, step time: 0.03673
epoch: [19], step: [782/1543], batch loss: 0.14230, batch accuracy: 91.73, data load time: 0.16696, step time: 0.03391
epoch: [19], step: [882/1543], batch loss: 0.15795, batch accuracy: 88.87, data load time: 0.27362, step time: 0.03318
epoch: [19], step: [982/1543], batch loss: 0.19648, batch accuracy: 67.17, data load time: 0.23378, step time: 0.03119
epoch: [19], step: [1082/1543], batch loss: 0.17684, batch accuracy: 84.50, data load time: 0.12265, step time: 0.03374
epoch: [19], step: [1182/1543], batch loss: 0.22160, batch accuracy: 84.11, data load time: 0.09008, step time: 0.03530
epoch: [19], step: [1282/1543], batch loss: 0.14688, batch accuracy: 94.84, data load time: 0.11661, step time: 0.03458
epoch: [19], step: [1382/1543], batch loss: 0.14910, batch accuracy: 90.64, data load time: 0.22632, step time: 0.03322
epoch: [19], step: [1482/1543], batch loss: 0.16498, batch accuracy: 82.04, data load time: 0.24108, step time: 0.03842
EVALUATION METRICS:
-------------------------------------------------------------

Validation: AUC Score: 0.8433

-------------------------------------------------------------
validation loss: 0.15870, accuracy: 84.33
epoch: [20], step: [39/1543], batch loss: 0.15092, batch accuracy: 82.96, data load time: 0.10677, step time: 0.03158
epoch: [20], step: [139/1543], batch loss: 0.26306, batch accuracy: 78.91, data load time: 0.16982, step time: 0.03805
epoch: [20], step: [239/1543], batch loss: 0.17433, batch accuracy: 92.04, data load time: 0.19357, step time: 0.03391
epoch: [20], step: [339/1543], batch loss: 0.11213, batch accuracy: 92.92, data load time: 0.17131, step time: 0.03355
epoch: [20], step: [439/1543], batch loss: 0.17022, batch accuracy: 85.08, data load time: 0.21907, step time: 0.03533
epoch: [20], step: [539/1543], batch loss: 0.11986, batch accuracy: 89.95, data load time: 0.16557, step time: 0.03028
epoch: [20], step: [639/1543], batch loss: 0.17635, batch accuracy: 92.69, data load time: 0.28662, step time: 0.03673
epoch: [20], step: [739/1543], batch loss: 0.12007, batch accuracy: 83.23, data load time: 0.16062, step time: 0.02813
epoch: [20], step: [839/1543], batch loss: 0.19160, batch accuracy: 85.10, data load time: 0.19958, step time: 0.04004
epoch: [20], step: [939/1543], batch loss: 0.16552, batch accuracy: 84.98, data load time: 0.14197, step time: 0.03030
epoch: [20], step: [1039/1543], batch loss: 0.19619, batch accuracy: 76.91, data load time: 0.18620, step time: 0.03532
epoch: [20], step: [1139/1543], batch loss: 0.14018, batch accuracy: 85.99, data load time: 0.11800, step time: 0.02958
epoch: [20], step: [1239/1543], batch loss: 0.18283, batch accuracy: 85.33, data load time: 0.22542, step time: 0.03397
epoch: [20], step: [1339/1543], batch loss: 0.16728, batch accuracy: 84.59, data load time: 0.17333, step time: 0.03148
epoch: [20], step: [1439/1543], batch loss: 0.16568, batch accuracy: 85.17, data load time: 0.16895, step time: 0.03494
epoch: [20], step: [1539/1543], batch loss: 0.15353, batch accuracy: 87.85, data load time: 0.16747, step time: 0.03289
epoch: [21], step: [96/1543], batch loss: 0.13942, batch accuracy: 85.27, data load time: 0.14178, step time: 0.03315
epoch: [21], step: [196/1543], batch loss: 0.17011, batch accuracy: 88.35, data load time: 0.12725, step time: 0.03679
epoch: [21], step: [296/1543], batch loss: 0.13266, batch accuracy: 91.35, data load time: 0.14621, step time: 0.03239
epoch: [21], step: [396/1543], batch loss: 0.11907, batch accuracy: 87.98, data load time: 0.21689, step time: 0.03156
epoch: [21], step: [496/1543], batch loss: 0.14204, batch accuracy: 85.71, data load time: 0.17382, step time: 0.03156
epoch: [21], step: [596/1543], batch loss: 0.14248, batch accuracy: 86.19, data load time: 0.10348, step time: 0.03391
epoch: [21], step: [696/1543], batch loss: 0.17766, batch accuracy: 86.71, data load time: 0.12948, step time: 0.03649
epoch: [21], step: [796/1543], batch loss: 0.24327, batch accuracy: 81.72, data load time: 0.17057, step time: 0.03949
epoch: [21], step: [896/1543], batch loss: 0.15761, batch accuracy: 92.82, data load time: 0.12701, step time: 0.03585
epoch: [21], step: [996/1543], batch loss: 0.17219, batch accuracy: 88.65, data load time: 0.07868, step time: 0.03585
epoch: [21], step: [1096/1543], batch loss: 0.19764, batch accuracy: 87.18, data load time: 0.17098, step time: 0.03498
epoch: [21], step: [1196/1543], batch loss: 0.21376, batch accuracy: 85.63, data load time: 0.18757, step time: 0.03860
epoch: [21], step: [1296/1543], batch loss: 0.13170, batch accuracy: 92.86, data load time: 0.16459, step time: 0.03100
epoch: [21], step: [1396/1543], batch loss: 0.12841, batch accuracy: 91.10, data load time: 0.17473, step time: 0.03310
epoch: [21], step: [1496/1543], batch loss: 0.17456, batch accuracy: 82.82, data load time: 0.18317, step time: 0.03723
epoch: [22], step: [53/1543], batch loss: 0.13627, batch accuracy: 81.64, data load time: 0.14696, step time: 0.02945
epoch: [22], step: [153/1543], batch loss: 0.16751, batch accuracy: 84.57, data load time: 0.17344, step time: 0.03240
epoch: [22], step: [253/1543], batch loss: 0.13309, batch accuracy: 92.55, data load time: 0.10842, step time: 0.03515
epoch: [22], step: [353/1543], batch loss: 0.17860, batch accuracy: 84.48, data load time: 0.10509, step time: 0.04138
epoch: [22], step: [453/1543], batch loss: 0.13541, batch accuracy: 89.81, data load time: 0.12123, step time: 0.03362
epoch: [22], step: [553/1543], batch loss: 0.18424, batch accuracy: 77.25, data load time: 0.18061, step time: 0.03366
epoch: [22], step: [653/1543], batch loss: 0.15537, batch accuracy: 75.45, data load time: 0.09975, step time: 0.02932
epoch: [22], step: [753/1543], batch loss: 0.15863, batch accuracy: 86.72, data load time: 0.19042, step time: 0.03570
epoch: [22], step: [853/1543], batch loss: 0.11252, batch accuracy: 97.29, data load time: 0.21697, step time: 0.03161
epoch: [22], step: [953/1543], batch loss: 0.11737, batch accuracy: 91.94, data load time: 0.23567, step time: 0.03015
epoch: [22], step: [1053/1543], batch loss: 0.16868, batch accuracy: 85.51, data load time: 0.11697, step time: 0.03598
epoch: [22], step: [1153/1543], batch loss: 0.14322, batch accuracy: 85.71, data load time: 0.18531, step time: 0.03009
epoch: [22], step: [1253/1543], batch loss: 0.14924, batch accuracy: 86.43, data load time: 0.20259, step time: 0.03386
epoch: [22], step: [1353/1543], batch loss: 0.17094, batch accuracy: 87.57, data load time: 0.20632, step time: 0.03365
epoch: [22], step: [1453/1543], batch loss: 0.11842, batch accuracy: 84.19, data load time: 0.32062, step time: 0.02888
epoch: [23], step: [10/1543], batch loss: 0.17913, batch accuracy: 84.69, data load time: 0.06749, step time: 0.03244
epoch: [23], step: [110/1543], batch loss: 0.15903, batch accuracy: 86.87, data load time: 0.13969, step time: 0.03141
epoch: [23], step: [210/1543], batch loss: 0.13241, batch accuracy: 93.19, data load time: 0.13972, step time: 0.03329
epoch: [23], step: [310/1543], batch loss: 0.17741, batch accuracy: 90.14, data load time: 0.06820, step time: 0.03503
epoch: [23], step: [410/1543], batch loss: 0.15351, batch accuracy: 83.05, data load time: 0.19731, step time: 0.03301
epoch: [23], step: [510/1543], batch loss: 0.16018, batch accuracy: 89.44, data load time: 0.07741, step time: 0.03241
epoch: [23], step: [610/1543], batch loss: 0.13351, batch accuracy: 83.12, data load time: 0.22840, step time: 0.02868
epoch: [23], step: [710/1543], batch loss: 0.16238, batch accuracy: 84.76, data load time: 0.25995, step time: 0.03366
epoch: [23], step: [810/1543], batch loss: 0.11844, batch accuracy: 95.57, data load time: 0.22998, step time: 0.02932
epoch: [23], step: [910/1543], batch loss: 0.15285, batch accuracy: 82.37, data load time: 0.12282, step time: 0.03606
epoch: [23], step: [1010/1543], batch loss: 0.21210, batch accuracy: 79.86, data load time: 0.22199, step time: 0.03615
epoch: [23], step: [1110/1543], batch loss: 0.13726, batch accuracy: 89.29, data load time: 0.17007, step time: 0.03150
epoch: [23], step: [1210/1543], batch loss: 0.12564, batch accuracy: 89.15, data load time: 0.13890, step time: 0.03293
epoch: [23], step: [1310/1543], batch loss: 0.12438, batch accuracy: 90.30, data load time: 0.22902, step time: 0.02813
epoch: [23], step: [1410/1543], batch loss: 0.12204, batch accuracy: 92.16, data load time: 0.14600, step time: 0.03173
epoch: [23], step: [1510/1543], batch loss: 0.10706, batch accuracy: 96.45, data load time: 0.20961, step time: 0.03016
epoch: [24], step: [67/1543], batch loss: 0.13305, batch accuracy: 79.98, data load time: 0.12110, step time: 0.03496
epoch: [24], step: [167/1543], batch loss: 0.19414, batch accuracy: 89.38, data load time: 0.16182, step time: 0.03646
epoch: [24], step: [267/1543], batch loss: 0.14445, batch accuracy: 84.07, data load time: 0.21226, step time: 0.03102
epoch: [24], step: [367/1543], batch loss: 0.14445, batch accuracy: 83.75, data load time: 0.18874, step time: 0.03244
epoch: [24], step: [467/1543], batch loss: 0.15914, batch accuracy: 90.69, data load time: 0.23539, step time: 0.03729
epoch: [24], step: [567/1543], batch loss: 0.12711, batch accuracy: 88.18, data load time: 0.07541, step time: 0.03154
epoch: [24], step: [667/1543], batch loss: 0.21131, batch accuracy: 74.62, data load time: 0.21903, step time: 0.03857
epoch: [24], step: [767/1543], batch loss: 0.13311, batch accuracy: 90.31, data load time: 0.22875, step time: 0.03427
epoch: [24], step: [867/1543], batch loss: 0.16576, batch accuracy: 83.69, data load time: 0.11150, step time: 0.03694
epoch: [24], step: [967/1543], batch loss: 0.17053, batch accuracy: 86.60, data load time: 0.34542, step time: 0.03494
epoch: [24], step: [1067/1543], batch loss: 0.12684, batch accuracy: 94.41, data load time: 0.08782, step time: 0.03324
epoch: [24], step: [1167/1543], batch loss: 0.12903, batch accuracy: 90.02, data load time: 0.12939, step time: 0.03164
epoch: [24], step: [1267/1543], batch loss: 0.15548, batch accuracy: 90.07, data load time: 0.24355, step time: 0.03075
epoch: [24], step: [1367/1543], batch loss: 0.21157, batch accuracy: 71.63, data load time: 0.15430, step time: 0.03249
epoch: [24], step: [1467/1543], batch loss: 0.18078, batch accuracy: 84.17, data load time: 0.17335, step time: 0.03440
EVALUATION METRICS:
-------------------------------------------------------------

Validation: AUC Score: 0.8434

-------------------------------------------------------------
validation loss: 0.15882, accuracy: 84.34
epoch: [25], step: [24/1543], batch loss: 0.21415, batch accuracy: 88.36, data load time: 0.21599, step time: 0.04128
epoch: [25], step: [124/1543], batch loss: 0.18325, batch accuracy: 81.59, data load time: 0.15974, step time: 0.03328
epoch: [25], step: [224/1543], batch loss: 0.14128, batch accuracy: 90.09, data load time: 0.12828, step time: 0.03385
epoch: [25], step: [324/1543], batch loss: 0.15220, batch accuracy: 88.83, data load time: 0.11523, step time: 0.03913
epoch: [25], step: [424/1543], batch loss: 0.18111, batch accuracy: 89.89, data load time: 0.13892, step time: 0.03381
epoch: [25], step: [524/1543], batch loss: 0.13831, batch accuracy: 79.74, data load time: 0.16793, step time: 0.02913
epoch: [25], step: [624/1543], batch loss: 0.18400, batch accuracy: 84.94, data load time: 0.19751, step time: 0.03683
epoch: [25], step: [724/1543], batch loss: 0.14823, batch accuracy: 86.95, data load time: 0.14905, step time: 0.03256
epoch: [25], step: [824/1543], batch loss: 0.14793, batch accuracy: 93.42, data load time: 0.16891, step time: 0.03642
epoch: [25], step: [924/1543], batch loss: 0.18772, batch accuracy: 80.23, data load time: 0.21997, step time: 0.03391
epoch: [25], step: [1024/1543], batch loss: 0.12025, batch accuracy: 88.41, data load time: 0.13842, step time: 0.03312
epoch: [25], step: [1124/1543], batch loss: 0.14872, batch accuracy: 88.29, data load time: 0.20988, step time: 0.03472
epoch: [25], step: [1224/1543], batch loss: 0.14234, batch accuracy: 75.83, data load time: 0.23234, step time: 0.02900
epoch: [25], step: [1324/1543], batch loss: 0.12157, batch accuracy: 94.76, data load time: 0.15550, step time: 0.03252
epoch: [25], step: [1424/1543], batch loss: 0.16785, batch accuracy: 85.20, data load time: 0.18771, step time: 0.03375
epoch: [25], step: [1524/1543], batch loss: 0.17621, batch accuracy: 87.37, data load time: 0.23034, step time: 0.03763
epoch: [26], step: [81/1543], batch loss: 0.15574, batch accuracy: 83.58, data load time: 0.03649, step time: 0.03186
epoch: [26], step: [181/1543], batch loss: 0.13955, batch accuracy: 88.64, data load time: 0.20505, step time: 0.03241
epoch: [26], step: [281/1543], batch loss: 0.12571, batch accuracy: 85.85, data load time: 0.09581, step time: 0.02978
epoch: [26], step: [381/1543], batch loss: 0.14351, batch accuracy: 82.40, data load time: 0.16429, step time: 0.03025
epoch: [26], step: [481/1543], batch loss: 0.12742, batch accuracy: 90.39, data load time: 0.18403, step time: 0.03100
epoch: [26], step: [581/1543], batch loss: 0.15580, batch accuracy: 88.92, data load time: 0.24610, step time: 0.03367
epoch: [26], step: [681/1543], batch loss: 0.15744, batch accuracy: 87.67, data load time: 0.16889, step time: 0.03478
epoch: [26], step: [781/1543], batch loss: 0.10300, batch accuracy: 93.95, data load time: 0.11267, step time: 0.03015
epoch: [26], step: [881/1543], batch loss: 0.12967, batch accuracy: 95.87, data load time: 0.15056, step time: 0.03869
epoch: [26], step: [981/1543], batch loss: 0.13080, batch accuracy: 83.42, data load time: 0.23853, step time: 0.03013
epoch: [26], step: [1081/1543], batch loss: 0.18532, batch accuracy: 84.10, data load time: 0.18092, step time: 0.03220
epoch: [26], step: [1181/1543], batch loss: 0.19048, batch accuracy: 85.01, data load time: 0.12514, step time: 0.03582
epoch: [26], step: [1281/1543], batch loss: 0.17322, batch accuracy: 83.46, data load time: 0.19815, step time: 0.03515
epoch: [26], step: [1381/1543], batch loss: 0.12892, batch accuracy: 91.68, data load time: 0.18967, step time: 0.03004
epoch: [26], step: [1481/1543], batch loss: 0.17742, batch accuracy: 85.41, data load time: 0.09441, step time: 0.03597
epoch: [27], step: [38/1543], batch loss: 0.17605, batch accuracy: 88.39, data load time: 0.21751, step time: 0.03582
epoch: [27], step: [138/1543], batch loss: 0.18909, batch accuracy: 82.40, data load time: 0.11367, step time: 0.03493
epoch: [27], step: [238/1543], batch loss: 0.15815, batch accuracy: 86.02, data load time: 0.11321, step time: 0.03101
epoch: [27], step: [338/1543], batch loss: 0.21703, batch accuracy: 85.56, data load time: 0.18554, step time: 0.04581
epoch: [27], step: [438/1543], batch loss: 0.22853, batch accuracy: 86.82, data load time: 0.15999, step time: 0.04030
epoch: [27], step: [538/1543], batch loss: 0.14292, batch accuracy: 79.51, data load time: 0.24206, step time: 0.03018
epoch: [27], step: [638/1543], batch loss: 0.16646, batch accuracy: 82.35, data load time: 0.10818, step time: 0.03147
epoch: [27], step: [738/1543], batch loss: 0.17952, batch accuracy: 84.83, data load time: 0.18783, step time: 0.03243
epoch: [27], step: [838/1543], batch loss: 0.14107, batch accuracy: 95.79, data load time: 0.19425, step time: 0.03373
epoch: [27], step: [938/1543], batch loss: 0.16940, batch accuracy: 86.38, data load time: 0.18889, step time: 0.03296
epoch: [27], step: [1038/1543], batch loss: 0.16158, batch accuracy: 89.81, data load time: 0.10399, step time: 0.03579
epoch: [27], step: [1138/1543], batch loss: 0.16588, batch accuracy: 93.35, data load time: 0.15606, step time: 0.03726
epoch: [27], step: [1238/1543], batch loss: 0.17076, batch accuracy: 82.43, data load time: 0.27958, step time: 0.03342
epoch: [27], step: [1338/1543], batch loss: 0.17336, batch accuracy: 83.88, data load time: 0.26330, step time: 0.03161
epoch: [27], step: [1438/1543], batch loss: 0.14778, batch accuracy: 84.12, data load time: 0.12869, step time: 0.03183
epoch: [27], step: [1538/1543], batch loss: 0.17247, batch accuracy: 84.31, data load time: 0.15526, step time: 0.03154
