Loading data from /mnt/storage/scratch/ee20947/MagnaTagATune/annotations/train.pkl...
Loading data from /mnt/storage/scratch/ee20947/MagnaTagATune/annotations/train.pkl...
Loading data from /mnt/storage/scratch/ee20947/MagnaTagATune/annotations/val.pkl...
Loading data from /mnt/storage/scratch/ee20947/MagnaTagATune/annotations/test.pkl...
Writing logs to logs/CNN_sgd_momentum=0.93_learning_rate=0.18_conv_length=256_conv_stride=256_weight_decay=1e-05_run_0
epoch: [0], step: [99/772], batch loss: 0.22126, batch accuracy: 63.74, data load time: 0.63144, step time: 0.09159
epoch: [0], step: [199/772], batch loss: 0.18542, batch accuracy: 74.00, data load time: 0.55653, step time: 0.08452
epoch: [0], step: [299/772], batch loss: 0.22113, batch accuracy: 67.56, data load time: 0.61047, step time: 0.09173
epoch: [0], step: [399/772], batch loss: 0.16384, batch accuracy: 78.09, data load time: 0.50592, step time: 0.08393
epoch: [0], step: [499/772], batch loss: 0.22483, batch accuracy: 71.26, data load time: 0.59046, step time: 0.10329
epoch: [0], step: [599/772], batch loss: 0.20876, batch accuracy: 69.36, data load time: 0.52831, step time: 0.09656
epoch: [0], step: [699/772], batch loss: 0.17423, batch accuracy: 76.27, data load time: 0.53012, step time: 0.09039
epoch: [1], step: [27/772], batch loss: 0.19104, batch accuracy: 69.82, data load time: 0.42706, step time: 0.09532
epoch: [1], step: [127/772], batch loss: 0.17810, batch accuracy: 67.40, data load time: 0.39153, step time: 0.08807
epoch: [1], step: [227/772], batch loss: 0.18415, batch accuracy: 69.61, data load time: 0.47836, step time: 0.09017
epoch: [1], step: [327/772], batch loss: 0.18053, batch accuracy: 74.98, data load time: 0.36077, step time: 0.09037
epoch: [1], step: [427/772], batch loss: 0.20243, batch accuracy: 77.00, data load time: 0.57797, step time: 0.09910
epoch: [1], step: [527/772], batch loss: 0.16612, batch accuracy: 84.27, data load time: 0.54808, step time: 0.09069
epoch: [1], step: [627/772], batch loss: 0.24210, batch accuracy: 70.84, data load time: 0.40528, step time: 0.10204
epoch: [1], step: [727/772], batch loss: 0.17059, batch accuracy: 73.33, data load time: 0.45652, step time: 0.08300
epoch: [2], step: [55/772], batch loss: 0.18196, batch accuracy: 69.19, data load time: 0.44626, step time: 0.08585
epoch: [2], step: [155/772], batch loss: 0.16132, batch accuracy: 80.03, data load time: 0.52789, step time: 0.08544
epoch: [2], step: [255/772], batch loss: 0.19377, batch accuracy: 86.75, data load time: 0.47814, step time: 0.09703
epoch: [2], step: [355/772], batch loss: 0.19763, batch accuracy: 75.16, data load time: 0.51641, step time: 0.09242
epoch: [2], step: [455/772], batch loss: 0.19597, batch accuracy: 75.30, data load time: 0.49016, step time: 0.09839
epoch: [2], step: [555/772], batch loss: 0.18890, batch accuracy: 79.31, data load time: 0.53542, step time: 0.09733
epoch: [2], step: [655/772], batch loss: 0.21100, batch accuracy: 82.78, data load time: 0.62297, step time: 0.10057
epoch: [2], step: [755/772], batch loss: 0.19088, batch accuracy: 76.86, data load time: 0.61570, step time: 0.09777
epoch: [3], step: [83/772], batch loss: 0.21335, batch accuracy: 74.73, data load time: 0.35393, step time: 0.10312
epoch: [3], step: [183/772], batch loss: 0.20372, batch accuracy: 77.86, data load time: 0.58023, step time: 0.09395
epoch: [3], step: [283/772], batch loss: 0.19044, batch accuracy: 81.21, data load time: 0.53880, step time: 0.09218
epoch: [3], step: [383/772], batch loss: 0.16576, batch accuracy: 84.34, data load time: 0.51337, step time: 0.08034
epoch: [3], step: [483/772], batch loss: 0.17395, batch accuracy: 79.33, data load time: 0.50667, step time: 0.09262
epoch: [3], step: [583/772], batch loss: 0.15511, batch accuracy: 83.36, data load time: 0.68639, step time: 0.09393
epoch: [3], step: [683/772], batch loss: 0.15348, batch accuracy: 79.19, data load time: 0.59972, step time: 0.08781
epoch: [4], step: [11/772], batch loss: 0.15497, batch accuracy: 86.51, data load time: 0.36277, step time: 0.08944
epoch: [4], step: [111/772], batch loss: 0.19790, batch accuracy: 78.61, data load time: 0.36666, step time: 0.09734
epoch: [4], step: [211/772], batch loss: 0.16737, batch accuracy: 81.94, data load time: 0.37395, step time: 0.08715
epoch: [4], step: [311/772], batch loss: 0.17008, batch accuracy: 82.02, data load time: 0.34512, step time: 0.09285
epoch: [4], step: [411/772], batch loss: 0.18240, batch accuracy: 82.56, data load time: 0.49610, step time: 0.10068
epoch: [4], step: [511/772], batch loss: 0.18795, batch accuracy: 81.38, data load time: 0.44383, step time: 0.10039
epoch: [4], step: [611/772], batch loss: 0.15105, batch accuracy: 86.55, data load time: 0.50317, step time: 0.09029
epoch: [4], step: [711/772], batch loss: 0.17201, batch accuracy: 80.31, data load time: 0.56334, step time: 0.09069
EVALUATION METRICS:
-------------------------------------------------------------

Validation: AUC Score: 0.8074

-------------------------------------------------------------
validation loss: 0.17303, accuracy: 80.74
epoch: [5], step: [39/772], batch loss: 0.18652, batch accuracy: 76.10, data load time: 0.44671, step time: 0.09975
epoch: [5], step: [139/772], batch loss: 0.17500, batch accuracy: 84.06, data load time: 0.50764, step time: 0.09861
epoch: [5], step: [239/772], batch loss: 0.18216, batch accuracy: 85.15, data load time: 0.50046, step time: 0.09204
epoch: [5], step: [339/772], batch loss: 0.20632, batch accuracy: 78.24, data load time: 0.60283, step time: 0.09711
epoch: [5], step: [439/772], batch loss: 0.16488, batch accuracy: 75.47, data load time: 0.45360, step time: 0.08526
epoch: [5], step: [539/772], batch loss: 0.15949, batch accuracy: 82.03, data load time: 0.47628, step time: 0.08841
epoch: [5], step: [639/772], batch loss: 0.15500, batch accuracy: 85.44, data load time: 0.60314, step time: 0.09225
epoch: [5], step: [739/772], batch loss: 0.14479, batch accuracy: 88.56, data load time: 0.50058, step time: 0.09364
epoch: [6], step: [67/772], batch loss: 0.17924, batch accuracy: 79.33, data load time: 0.35345, step time: 0.09725
epoch: [6], step: [167/772], batch loss: 0.14431, batch accuracy: 83.68, data load time: 0.38042, step time: 0.08236
epoch: [6], step: [267/772], batch loss: 0.17006, batch accuracy: 85.48, data load time: 0.40875, step time: 0.09844
epoch: [6], step: [367/772], batch loss: 0.17183, batch accuracy: 81.52, data load time: 0.43102, step time: 0.08877
epoch: [6], step: [467/772], batch loss: 0.15927, batch accuracy: 78.96, data load time: 0.56373, step time: 0.09050
epoch: [6], step: [567/772], batch loss: 0.17439, batch accuracy: 87.22, data load time: 0.50757, step time: 0.09945
epoch: [6], step: [667/772], batch loss: 0.14567, batch accuracy: 83.99, data load time: 0.59066, step time: 0.07533
epoch: [6], step: [767/772], batch loss: 0.22132, batch accuracy: 78.79, data load time: 0.58851, step time: 0.09032
epoch: [7], step: [95/772], batch loss: 0.14806, batch accuracy: 79.42, data load time: 0.41219, step time: 0.08367
epoch: [7], step: [195/772], batch loss: 0.18317, batch accuracy: 81.31, data load time: 0.45233, step time: 0.09710
epoch: [7], step: [295/772], batch loss: 0.13906, batch accuracy: 84.57, data load time: 0.42968, step time: 0.08167
epoch: [7], step: [395/772], batch loss: 0.13219, batch accuracy: 80.86, data load time: 0.56507, step time: 0.07686
epoch: [7], step: [495/772], batch loss: 0.14887, batch accuracy: 84.20, data load time: 0.45922, step time: 0.08029
epoch: [7], step: [595/772], batch loss: 0.16934, batch accuracy: 84.08, data load time: 0.56237, step time: 0.08609
epoch: [7], step: [695/772], batch loss: 0.17337, batch accuracy: 80.48, data load time: 0.56832, step time: 0.09209
epoch: [8], step: [23/772], batch loss: 0.16934, batch accuracy: 81.82, data load time: 0.24155, step time: 0.09064
epoch: [8], step: [123/772], batch loss: 0.16533, batch accuracy: 86.25, data load time: 0.44928, step time: 0.09737
epoch: [8], step: [223/772], batch loss: 0.18433, batch accuracy: 83.11, data load time: 0.45115, step time: 0.08709
epoch: [8], step: [323/772], batch loss: 0.14589, batch accuracy: 85.12, data load time: 0.50410, step time: 0.09399
epoch: [8], step: [423/772], batch loss: 0.17799, batch accuracy: 86.26, data load time: 0.54780, step time: 0.09873
epoch: [8], step: [523/772], batch loss: 0.18908, batch accuracy: 89.35, data load time: 0.50700, step time: 0.10430
epoch: [8], step: [623/772], batch loss: 0.16233, batch accuracy: 83.62, data load time: 0.54817, step time: 0.09212
epoch: [8], step: [723/772], batch loss: 0.17191, batch accuracy: 87.91, data load time: 0.64913, step time: 0.09847
epoch: [9], step: [51/772], batch loss: 0.15238, batch accuracy: 79.71, data load time: 0.43934, step time: 0.08723
epoch: [9], step: [151/772], batch loss: 0.16652, batch accuracy: 83.06, data load time: 0.48316, step time: 0.08740
epoch: [9], step: [251/772], batch loss: 0.15559, batch accuracy: 87.28, data load time: 0.59643, step time: 0.09258
epoch: [9], step: [351/772], batch loss: 0.16828, batch accuracy: 79.60, data load time: 0.50942, step time: 0.09224
epoch: [9], step: [451/772], batch loss: 0.18885, batch accuracy: 87.83, data load time: 0.49396, step time: 0.10397
epoch: [9], step: [551/772], batch loss: 0.12455, batch accuracy: 91.21, data load time: 0.56809, step time: 0.08069
epoch: [9], step: [651/772], batch loss: 0.18624, batch accuracy: 78.63, data load time: 0.53287, step time: 0.09209
epoch: [9], step: [751/772], batch loss: 0.17386, batch accuracy: 88.22, data load time: 0.53205, step time: 0.10082
EVALUATION METRICS:
-------------------------------------------------------------

Validation: AUC Score: 0.8178

-------------------------------------------------------------
validation loss: 0.16801, accuracy: 81.78
epoch: [10], step: [79/772], batch loss: 0.18155, batch accuracy: 81.24, data load time: 0.33791, step time: 0.09496
epoch: [10], step: [179/772], batch loss: 0.18485, batch accuracy: 86.28, data load time: 0.44882, step time: 0.09872
epoch: [10], step: [279/772], batch loss: 0.17450, batch accuracy: 87.10, data load time: 0.60600, step time: 0.09740
epoch: [10], step: [379/772], batch loss: 0.15994, batch accuracy: 82.38, data load time: 0.56490, step time: 0.09236
epoch: [10], step: [479/772], batch loss: 0.19256, batch accuracy: 78.83, data load time: 0.54400, step time: 0.09545
epoch: [10], step: [579/772], batch loss: 0.14466, batch accuracy: 89.89, data load time: 0.57556, step time: 0.09071
epoch: [10], step: [679/772], batch loss: 0.17767, batch accuracy: 79.80, data load time: 0.55111, step time: 0.09557
epoch: [11], step: [7/772], batch loss: 0.16468, batch accuracy: 83.06, data load time: 0.37694, step time: 0.09642
epoch: [11], step: [107/772], batch loss: 0.15193, batch accuracy: 87.94, data load time: 0.33377, step time: 0.09914
epoch: [11], step: [207/772], batch loss: 0.16554, batch accuracy: 85.23, data load time: 0.35099, step time: 0.09255
epoch: [11], step: [307/772], batch loss: 0.18708, batch accuracy: 77.59, data load time: 0.36348, step time: 0.09073
epoch: [11], step: [407/772], batch loss: 0.18763, batch accuracy: 83.98, data load time: 0.47163, step time: 0.09730
epoch: [11], step: [507/772], batch loss: 0.14959, batch accuracy: 82.89, data load time: 0.61807, step time: 0.09526
epoch: [11], step: [607/772], batch loss: 0.16775, batch accuracy: 86.29, data load time: 0.59268, step time: 0.09052
epoch: [11], step: [707/772], batch loss: 0.20764, batch accuracy: 75.60, data load time: 0.56610, step time: 0.09031
epoch: [12], step: [35/772], batch loss: 0.15289, batch accuracy: 83.61, data load time: 0.33756, step time: 0.08871
epoch: [12], step: [135/772], batch loss: 0.18987, batch accuracy: 85.42, data load time: 0.29213, step time: 0.09733
epoch: [12], step: [235/772], batch loss: 0.17709, batch accuracy: 80.69, data load time: 0.31441, step time: 0.09227
epoch: [12], step: [335/772], batch loss: 0.18068, batch accuracy: 83.21, data load time: 0.47013, step time: 0.09692
epoch: [12], step: [435/772], batch loss: 0.13454, batch accuracy: 91.39, data load time: 0.44658, step time: 0.08180
epoch: [12], step: [535/772], batch loss: 0.15993, batch accuracy: 84.77, data load time: 0.56514, step time: 0.09693
epoch: [12], step: [635/772], batch loss: 0.13838, batch accuracy: 81.82, data load time: 0.47143, step time: 0.09077
epoch: [12], step: [735/772], batch loss: 0.19255, batch accuracy: 85.53, data load time: 0.59775, step time: 0.09026
epoch: [13], step: [63/772], batch loss: 0.16303, batch accuracy: 78.77, data load time: 0.39414, step time: 0.09394
epoch: [13], step: [163/772], batch loss: 0.17431, batch accuracy: 89.43, data load time: 0.38713, step time: 0.10726
epoch: [13], step: [263/772], batch loss: 0.16826, batch accuracy: 81.17, data load time: 0.47340, step time: 0.09550
epoch: [13], step: [363/772], batch loss: 0.17278, batch accuracy: 86.77, data load time: 0.46628, step time: 0.09912
epoch: [13], step: [463/772], batch loss: 0.17637, batch accuracy: 81.02, data load time: 0.45129, step time: 0.09203
epoch: [13], step: [563/772], batch loss: 0.18199, batch accuracy: 79.74, data load time: 0.49814, step time: 0.09330
epoch: [13], step: [663/772], batch loss: 0.17069, batch accuracy: 83.09, data load time: 0.48229, step time: 0.09047
epoch: [13], step: [763/772], batch loss: 0.18497, batch accuracy: 79.61, data load time: 0.52096, step time: 0.10153
epoch: [14], step: [91/772], batch loss: 0.17207, batch accuracy: 81.64, data load time: 0.30448, step time: 0.09892
epoch: [14], step: [191/772], batch loss: 0.13099, batch accuracy: 91.38, data load time: 0.39676, step time: 0.09062
epoch: [14], step: [291/772], batch loss: 0.18699, batch accuracy: 86.37, data load time: 0.44362, step time: 0.10084
epoch: [14], step: [391/772], batch loss: 0.18112, batch accuracy: 69.74, data load time: 0.41482, step time: 0.08881
epoch: [14], step: [491/772], batch loss: 0.15213, batch accuracy: 81.49, data load time: 0.58179, step time: 0.08854
epoch: [14], step: [591/772], batch loss: 0.20348, batch accuracy: 82.75, data load time: 0.54737, step time: 0.09895
epoch: [14], step: [691/772], batch loss: 0.17087, batch accuracy: 83.14, data load time: 0.62018, step time: 0.08701
EVALUATION METRICS:
-------------------------------------------------------------

Validation: AUC Score: 0.8233

-------------------------------------------------------------
validation loss: 0.16438, accuracy: 82.33
epoch: [15], step: [19/772], batch loss: 0.18960, batch accuracy: 85.84, data load time: 0.56491, step time: 0.09920
epoch: [15], step: [119/772], batch loss: 0.14233, batch accuracy: 85.10, data load time: 0.40794, step time: 0.08217
epoch: [15], step: [219/772], batch loss: 0.15048, batch accuracy: 90.11, data load time: 0.45934, step time: 0.09122
epoch: [15], step: [319/772], batch loss: 0.19917, batch accuracy: 84.68, data load time: 0.47500, step time: 0.10250
epoch: [15], step: [419/772], batch loss: 0.16806, batch accuracy: 86.11, data load time: 0.47763, step time: 0.09226
epoch: [15], step: [519/772], batch loss: 0.15523, batch accuracy: 83.49, data load time: 0.49644, step time: 0.08714
epoch: [15], step: [619/772], batch loss: 0.17463, batch accuracy: 83.16, data load time: 0.56549, step time: 0.09214
epoch: [15], step: [719/772], batch loss: 0.16016, batch accuracy: 88.42, data load time: 0.48493, step time: 0.10072
epoch: [16], step: [47/772], batch loss: 0.16307, batch accuracy: 85.48, data load time: 0.32104, step time: 0.09598
epoch: [16], step: [147/772], batch loss: 0.15606, batch accuracy: 88.36, data load time: 0.32843, step time: 0.09608
epoch: [16], step: [247/772], batch loss: 0.18236, batch accuracy: 80.71, data load time: 0.36678, step time: 0.09795
epoch: [16], step: [347/772], batch loss: 0.17901, batch accuracy: 79.46, data load time: 0.38088, step time: 0.09342
epoch: [16], step: [447/772], batch loss: 0.16935, batch accuracy: 85.85, data load time: 0.36668, step time: 0.09700
epoch: [16], step: [547/772], batch loss: 0.14739, batch accuracy: 87.98, data load time: 0.45734, step time: 0.08890
epoch: [16], step: [647/772], batch loss: 0.15862, batch accuracy: 79.80, data load time: 0.49210, step time: 0.08150
epoch: [16], step: [747/772], batch loss: 0.17342, batch accuracy: 85.66, data load time: 0.46157, step time: 0.09538
epoch: [17], step: [75/772], batch loss: 0.17303, batch accuracy: 90.65, data load time: 0.31235, step time: 0.09663
epoch: [17], step: [175/772], batch loss: 0.15872, batch accuracy: 87.19, data load time: 0.40804, step time: 0.09321
epoch: [17], step: [275/772], batch loss: 0.22413, batch accuracy: 78.63, data load time: 0.48944, step time: 0.10068
epoch: [17], step: [375/772], batch loss: 0.18746, batch accuracy: 83.33, data load time: 0.46983, step time: 0.09685
epoch: [17], step: [475/772], batch loss: 0.15987, batch accuracy: 87.33, data load time: 0.55585, step time: 0.09177
epoch: [17], step: [575/772], batch loss: 0.16493, batch accuracy: 89.94, data load time: 0.53747, step time: 0.09732
epoch: [17], step: [675/772], batch loss: 0.18069, batch accuracy: 83.54, data load time: 0.63260, step time: 0.10005
epoch: [18], step: [3/772], batch loss: 0.19892, batch accuracy: 83.28, data load time: 0.36228, step time: 0.10397
epoch: [18], step: [103/772], batch loss: 0.17696, batch accuracy: 79.06, data load time: 0.38496, step time: 0.09464
epoch: [18], step: [203/772], batch loss: 0.17661, batch accuracy: 83.91, data load time: 0.49287, step time: 0.09787
epoch: [18], step: [303/772], batch loss: 0.15756, batch accuracy: 85.44, data load time: 0.42673, step time: 0.08565
epoch: [18], step: [403/772], batch loss: 0.16375, batch accuracy: 85.00, data load time: 0.47380, step time: 0.09224
epoch: [18], step: [503/772], batch loss: 0.17057, batch accuracy: 87.50, data load time: 0.53053, step time: 0.09437
epoch: [18], step: [603/772], batch loss: 0.17107, batch accuracy: 83.21, data load time: 0.53781, step time: 0.09428
epoch: [18], step: [703/772], batch loss: 0.18213, batch accuracy: 84.79, data load time: 0.63465, step time: 0.09907
epoch: [19], step: [31/772], batch loss: 0.17442, batch accuracy: 85.90, data load time: 0.37145, step time: 0.09811
epoch: [19], step: [131/772], batch loss: 0.15386, batch accuracy: 85.44, data load time: 0.44966, step time: 0.10399
epoch: [19], step: [231/772], batch loss: 0.16749, batch accuracy: 85.76, data load time: 0.31529, step time: 0.09198
epoch: [19], step: [331/772], batch loss: 0.17872, batch accuracy: 83.48, data load time: 0.37766, step time: 0.09211
epoch: [19], step: [431/772], batch loss: 0.18963, batch accuracy: 81.34, data load time: 0.47249, step time: 0.09753
epoch: [19], step: [531/772], batch loss: 0.13585, batch accuracy: 92.29, data load time: 0.46992, step time: 0.09104
epoch: [19], step: [631/772], batch loss: 0.14964, batch accuracy: 88.44, data load time: 0.56896, step time: 0.08715
epoch: [19], step: [731/772], batch loss: 0.16010, batch accuracy: 85.34, data load time: 0.58569, step time: 0.09727
EVALUATION METRICS:
-------------------------------------------------------------

Validation: AUC Score: 0.8209

-------------------------------------------------------------
validation loss: 0.16453, accuracy: 82.09
epoch: [20], step: [59/772], batch loss: 0.18728, batch accuracy: 83.57, data load time: 0.39000, step time: 0.09437
epoch: [20], step: [159/772], batch loss: 0.17462, batch accuracy: 83.37, data load time: 0.52131, step time: 0.09257
epoch: [20], step: [259/772], batch loss: 0.16336, batch accuracy: 84.40, data load time: 0.46342, step time: 0.09455
epoch: [20], step: [359/772], batch loss: 0.16467, batch accuracy: 85.13, data load time: 0.46391, step time: 0.09288
epoch: [20], step: [459/772], batch loss: 0.13044, batch accuracy: 89.25, data load time: 0.44718, step time: 0.08533
epoch: [20], step: [559/772], batch loss: 0.19531, batch accuracy: 82.38, data load time: 0.56137, step time: 0.10804
epoch: [20], step: [659/772], batch loss: 0.18449, batch accuracy: 78.59, data load time: 0.56136, step time: 0.09077
epoch: [20], step: [759/772], batch loss: 0.14328, batch accuracy: 85.59, data load time: 0.57745, step time: 0.08348
epoch: [21], step: [87/772], batch loss: 0.13779, batch accuracy: 86.55, data load time: 0.37852, step time: 0.08742
epoch: [21], step: [187/772], batch loss: 0.16232, batch accuracy: 88.51, data load time: 0.31268, step time: 0.10199
epoch: [21], step: [287/772], batch loss: 0.15622, batch accuracy: 81.47, data load time: 0.53565, step time: 0.08885
epoch: [21], step: [387/772], batch loss: 0.17625, batch accuracy: 78.25, data load time: 0.44987, step time: 0.09521
epoch: [21], step: [487/772], batch loss: 0.17350, batch accuracy: 81.55, data load time: 0.54555, step time: 0.09588
epoch: [21], step: [587/772], batch loss: 0.16286, batch accuracy: 87.48, data load time: 0.58021, step time: 0.08712
epoch: [21], step: [687/772], batch loss: 0.17218, batch accuracy: 81.17, data load time: 0.52380, step time: 0.09035
epoch: [22], step: [15/772], batch loss: 0.16672, batch accuracy: 86.56, data load time: 0.46845, step time: 0.09546
epoch: [22], step: [115/772], batch loss: 0.13319, batch accuracy: 89.84, data load time: 0.32114, step time: 0.08907
epoch: [22], step: [215/772], batch loss: 0.16307, batch accuracy: 91.14, data load time: 0.42698, step time: 0.10248
epoch: [22], step: [315/772], batch loss: 0.17431, batch accuracy: 83.18, data load time: 0.37148, step time: 0.09477
epoch: [22], step: [415/772], batch loss: 0.18848, batch accuracy: 80.68, data load time: 0.50753, step time: 0.08043
epoch: [22], step: [515/772], batch loss: 0.18011, batch accuracy: 83.04, data load time: 0.52235, step time: 0.08529
epoch: [22], step: [615/772], batch loss: 0.14910, batch accuracy: 82.78, data load time: 0.42554, step time: 0.08738
epoch: [22], step: [715/772], batch loss: 0.18182, batch accuracy: 82.38, data load time: 0.42553, step time: 0.09227
epoch: [23], step: [43/772], batch loss: 0.13341, batch accuracy: 89.61, data load time: 0.26438, step time: 0.08290
epoch: [23], step: [143/772], batch loss: 0.18350, batch accuracy: 83.56, data load time: 0.29555, step time: 0.09589
epoch: [23], step: [243/772], batch loss: 0.15982, batch accuracy: 85.34, data load time: 0.32631, step time: 0.10076
epoch: [23], step: [343/772], batch loss: 0.18483, batch accuracy: 82.88, data load time: 0.42501, step time: 0.09395
epoch: [23], step: [443/772], batch loss: 0.19675, batch accuracy: 80.48, data load time: 0.37307, step time: 0.10259
epoch: [23], step: [543/772], batch loss: 0.12526, batch accuracy: 90.38, data load time: 0.36454, step time: 0.08048
epoch: [23], step: [643/772], batch loss: 0.15292, batch accuracy: 85.69, data load time: 0.37799, step time: 0.10159
epoch: [23], step: [743/772], batch loss: 0.15024, batch accuracy: 88.54, data load time: 0.39326, step time: 0.09453
epoch: [24], step: [71/772], batch loss: 0.15175, batch accuracy: 92.85, data load time: 0.26570, step time: 0.09422
epoch: [24], step: [171/772], batch loss: 0.20879, batch accuracy: 76.50, data load time: 0.35686, step time: 0.10497
epoch: [24], step: [271/772], batch loss: 0.14697, batch accuracy: 81.46, data load time: 0.38913, step time: 0.08443
epoch: [24], step: [371/772], batch loss: 0.16138, batch accuracy: 82.91, data load time: 0.38309, step time: 0.08348
epoch: [24], step: [471/772], batch loss: 0.17670, batch accuracy: 84.88, data load time: 0.34612, step time: 0.09911
epoch: [24], step: [571/772], batch loss: 0.15884, batch accuracy: 78.64, data load time: 0.34754, step time: 0.08387
epoch: [24], step: [671/772], batch loss: 0.15090, batch accuracy: 87.02, data load time: 0.46772, step time: 0.09578
epoch: [24], step: [771/772], batch loss: 0.15409, batch accuracy: 77.08, data load time: 0.10902, step time: 0.05403
EVALUATION METRICS:
-------------------------------------------------------------

Validation: AUC Score: 0.8221

-------------------------------------------------------------
validation loss: 0.16545, accuracy: 82.21
EVALUATION METRICS:
-------------------------------------------------------------

Test: AUC Score: 0.8230

-------------------------------------------------------------
validation loss: 0.48800, accuracy: 82.30
