Loading data from train_dataset
Loading data from val_dataset
Loading data from test_dataset
Writing logs to logs/CNN_sgd_momentum=0.95_learning_rate=0.05_conv_length=256_conv_stride=256_batch_size=10_epochs=20_weight_decay=0.0_model=BaseCNN_op=sgd_run_0
epoch: [0], step: [99/1543], batch loss: 0.25539, batch accuracy: 54.69, data load time: 0.29356, step time: 0.03445
epoch: [0], step: [199/1543], batch loss: 0.20798, batch accuracy: 60.89, data load time: 0.25631, step time: 0.03464
epoch: [0], step: [299/1543], batch loss: 0.19756, batch accuracy: 74.64, data load time: 0.26090, step time: 0.03402
epoch: [0], step: [399/1543], batch loss: 0.17946, batch accuracy: 63.64, data load time: 0.24364, step time: 0.03272
epoch: [0], step: [499/1543], batch loss: 0.20561, batch accuracy: 69.91, data load time: 0.26460, step time: 0.03459
epoch: [0], step: [599/1543], batch loss: 0.17171, batch accuracy: 67.03, data load time: 0.37443, step time: 0.02980
epoch: [0], step: [699/1543], batch loss: 0.25722, batch accuracy: 62.41, data load time: 0.30875, step time: 0.03261
epoch: [0], step: [799/1543], batch loss: 0.20997, batch accuracy: 75.47, data load time: 0.26010, step time: 0.03761
epoch: [0], step: [899/1543], batch loss: 0.22053, batch accuracy: 73.74, data load time: 0.25338, step time: 0.03678
epoch: [0], step: [999/1543], batch loss: 0.19851, batch accuracy: 67.70, data load time: 0.35999, step time: 0.03193
epoch: [0], step: [1099/1543], batch loss: 0.20220, batch accuracy: 82.38, data load time: 0.24594, step time: 0.03615
epoch: [0], step: [1199/1543], batch loss: 0.17726, batch accuracy: 66.74, data load time: 0.29306, step time: 0.03178
epoch: [0], step: [1299/1543], batch loss: 0.19244, batch accuracy: 73.95, data load time: 0.33611, step time: 0.03199
epoch: [0], step: [1399/1543], batch loss: 0.19194, batch accuracy: 77.84, data load time: 0.34710, step time: 0.03241
epoch: [0], step: [1499/1543], batch loss: 0.17136, batch accuracy: 68.79, data load time: 0.27337, step time: 0.03051
EVALUATION METRICS:
-------------------------------------------------------------

Validation AUC Score: 0.7453

-------------------------------------------------------------
validation loss: 0.19515, accuracy: 74.53
epoch: [1], step: [56/1543], batch loss: 0.18501, batch accuracy: 72.50, data load time: 0.15531, step time: 0.03344
epoch: [1], step: [156/1543], batch loss: 0.20062, batch accuracy: 73.95, data load time: 0.13938, step time: 0.03594
epoch: [1], step: [256/1543], batch loss: 0.18465, batch accuracy: 64.32, data load time: 0.13826, step time: 0.02985
epoch: [1], step: [356/1543], batch loss: 0.20361, batch accuracy: 79.63, data load time: 0.24333, step time: 0.03498
epoch: [1], step: [456/1543], batch loss: 0.19877, batch accuracy: 79.61, data load time: 0.18569, step time: 0.03316
epoch: [1], step: [556/1543], batch loss: 0.17639, batch accuracy: 71.05, data load time: 0.13185, step time: 0.02837
epoch: [1], step: [656/1543], batch loss: 0.20198, batch accuracy: 71.25, data load time: 0.18632, step time: 0.03254
epoch: [1], step: [756/1543], batch loss: 0.19336, batch accuracy: 84.01, data load time: 0.20121, step time: 0.03484
epoch: [1], step: [856/1543], batch loss: 0.15482, batch accuracy: 91.24, data load time: 0.25951, step time: 0.03463
epoch: [1], step: [956/1543], batch loss: 0.28625, batch accuracy: 74.17, data load time: 0.23343, step time: 0.03659
epoch: [1], step: [1056/1543], batch loss: 0.17228, batch accuracy: 81.93, data load time: 0.23165, step time: 0.03110
epoch: [1], step: [1156/1543], batch loss: 0.26058, batch accuracy: 53.90, data load time: 0.38679, step time: 0.03394
epoch: [1], step: [1256/1543], batch loss: 0.27260, batch accuracy: 66.18, data load time: 0.32658, step time: 0.03677
epoch: [1], step: [1356/1543], batch loss: 0.16361, batch accuracy: 86.79, data load time: 0.27681, step time: 0.03265
epoch: [1], step: [1456/1543], batch loss: 0.17856, batch accuracy: 74.00, data load time: 0.25902, step time: 0.03240
EVALUATION METRICS:
-------------------------------------------------------------

Validation AUC Score: 0.7608

-------------------------------------------------------------
validation loss: 0.19181, accuracy: 76.08
epoch: [2], step: [13/1543], batch loss: 0.18837, batch accuracy: 85.67, data load time: 0.14387, step time: 0.03449
epoch: [2], step: [113/1543], batch loss: 0.22326, batch accuracy: 80.83, data load time: 0.16812, step time: 0.03744
epoch: [2], step: [213/1543], batch loss: 0.22542, batch accuracy: 74.03, data load time: 0.20087, step time: 0.03456
epoch: [2], step: [313/1543], batch loss: 0.28733, batch accuracy: 64.76, data load time: 0.19593, step time: 0.03738
epoch: [2], step: [413/1543], batch loss: 0.21302, batch accuracy: 70.50, data load time: 0.20349, step time: 0.03393
epoch: [2], step: [513/1543], batch loss: 0.18792, batch accuracy: 81.23, data load time: 0.22685, step time: 0.03516
epoch: [2], step: [613/1543], batch loss: 0.16919, batch accuracy: 78.51, data load time: 0.25940, step time: 0.03320
epoch: [2], step: [713/1543], batch loss: 0.14262, batch accuracy: 78.81, data load time: 0.19131, step time: 0.03026
epoch: [2], step: [813/1543], batch loss: 0.19201, batch accuracy: 82.54, data load time: 0.33259, step time: 0.03393
epoch: [2], step: [913/1543], batch loss: 0.22463, batch accuracy: 77.02, data load time: 0.29588, step time: 0.03659
epoch: [2], step: [1013/1543], batch loss: 0.15767, batch accuracy: 77.70, data load time: 0.23870, step time: 0.03173
epoch: [2], step: [1113/1543], batch loss: 0.20197, batch accuracy: 71.27, data load time: 0.25359, step time: 0.03530
epoch: [2], step: [1213/1543], batch loss: 0.17038, batch accuracy: 75.08, data load time: 0.26768, step time: 0.03171
epoch: [2], step: [1313/1543], batch loss: 0.17360, batch accuracy: 81.82, data load time: 0.61671, step time: 0.03594
epoch: [2], step: [1413/1543], batch loss: 0.21752, batch accuracy: 77.39, data load time: 0.36424, step time: 0.03526
epoch: [2], step: [1513/1543], batch loss: 0.22232, batch accuracy: 72.63, data load time: 0.28245, step time: 0.03456
EVALUATION METRICS:
-------------------------------------------------------------

Validation AUC Score: 0.7756

-------------------------------------------------------------
validation loss: 0.18422, accuracy: 77.56
epoch: [3], step: [70/1543], batch loss: 0.13714, batch accuracy: 81.56, data load time: 0.17974, step time: 0.03123
epoch: [3], step: [170/1543], batch loss: 0.18656, batch accuracy: 79.35, data load time: 0.24209, step time: 0.03256
epoch: [3], step: [270/1543], batch loss: 0.26068, batch accuracy: 76.10, data load time: 0.38351, step time: 0.03965
epoch: [3], step: [370/1543], batch loss: 0.17369, batch accuracy: 76.20, data load time: 0.26044, step time: 0.03463
epoch: [3], step: [470/1543], batch loss: 0.15227, batch accuracy: 84.95, data load time: 0.27256, step time: 0.02905
epoch: [3], step: [570/1543], batch loss: 0.21589, batch accuracy: 78.05, data load time: 0.26698, step time: 0.03539
epoch: [3], step: [670/1543], batch loss: 0.18603, batch accuracy: 80.33, data load time: 0.24932, step time: 0.03675
epoch: [3], step: [770/1543], batch loss: 0.21055, batch accuracy: 69.98, data load time: 0.26353, step time: 0.03329
epoch: [3], step: [870/1543], batch loss: 0.16949, batch accuracy: 81.24, data load time: 0.21574, step time: 0.03419
epoch: [3], step: [970/1543], batch loss: 0.27580, batch accuracy: 72.67, data load time: 0.26614, step time: 0.04005
epoch: [3], step: [1070/1543], batch loss: 0.19684, batch accuracy: 75.53, data load time: 0.24084, step time: 0.03466
epoch: [3], step: [1170/1543], batch loss: 0.12658, batch accuracy: 81.42, data load time: 0.27390, step time: 0.02688
epoch: [3], step: [1270/1543], batch loss: 0.19112, batch accuracy: 83.92, data load time: 0.25433, step time: 0.03584
epoch: [3], step: [1370/1543], batch loss: 0.21865, batch accuracy: 55.29, data load time: 0.28554, step time: 0.03124
epoch: [3], step: [1470/1543], batch loss: 0.18265, batch accuracy: 84.77, data load time: 0.32992, step time: 0.03453
EVALUATION METRICS:
-------------------------------------------------------------

Validation AUC Score: 0.7779

-------------------------------------------------------------
validation loss: 0.18133, accuracy: 77.79
epoch: [4], step: [27/1543], batch loss: 0.19665, batch accuracy: 77.81, data load time: 0.20666, step time: 0.03548
epoch: [4], step: [127/1543], batch loss: 0.21197, batch accuracy: 87.16, data load time: 0.17019, step time: 0.04026
epoch: [4], step: [227/1543], batch loss: 0.20051, batch accuracy: 79.43, data load time: 0.16489, step time: 0.03485
epoch: [4], step: [327/1543], batch loss: 0.22230, batch accuracy: 77.34, data load time: 0.22158, step time: 0.03406
epoch: [4], step: [427/1543], batch loss: 0.19264, batch accuracy: 88.72, data load time: 0.20188, step time: 0.03681
epoch: [4], step: [527/1543], batch loss: 0.22859, batch accuracy: 73.74, data load time: 0.28317, step time: 0.03527
epoch: [4], step: [627/1543], batch loss: 0.17716, batch accuracy: 68.04, data load time: 0.20782, step time: 0.03118
epoch: [4], step: [727/1543], batch loss: 0.21734, batch accuracy: 84.05, data load time: 0.24445, step time: 0.03672
epoch: [4], step: [827/1543], batch loss: 0.17808, batch accuracy: 81.44, data load time: 0.21151, step time: 0.03399
epoch: [4], step: [927/1543], batch loss: 0.15518, batch accuracy: 81.34, data load time: 0.28884, step time: 0.02984
epoch: [4], step: [1027/1543], batch loss: 0.22826, batch accuracy: 70.07, data load time: 0.29922, step time: 0.03328
epoch: [4], step: [1127/1543], batch loss: 0.20161, batch accuracy: 75.44, data load time: 0.34026, step time: 0.03616
epoch: [4], step: [1227/1543], batch loss: 0.16571, batch accuracy: 81.19, data load time: 0.45893, step time: 0.03138
epoch: [4], step: [1327/1543], batch loss: 0.17797, batch accuracy: 73.94, data load time: 0.24576, step time: 0.03190
epoch: [4], step: [1427/1543], batch loss: 0.15458, batch accuracy: 72.20, data load time: 0.33847, step time: 0.03071
epoch: [4], step: [1527/1543], batch loss: 0.16969, batch accuracy: 80.64, data load time: 0.36459, step time: 0.03043
EVALUATION METRICS:
-------------------------------------------------------------

Validation AUC Score: 0.7850

-------------------------------------------------------------
validation loss: 0.18105, accuracy: 78.50
epoch: [5], step: [84/1543], batch loss: 0.16312, batch accuracy: 82.61, data load time: 0.23899, step time: 0.03483
epoch: [5], step: [184/1543], batch loss: 0.18962, batch accuracy: 62.09, data load time: 0.20856, step time: 0.03145
epoch: [5], step: [284/1543], batch loss: 0.21495, batch accuracy: 75.34, data load time: 0.21288, step time: 0.03551
epoch: [5], step: [384/1543], batch loss: 0.15446, batch accuracy: 80.77, data load time: 0.15691, step time: 0.03341
epoch: [5], step: [484/1543], batch loss: 0.15536, batch accuracy: 84.84, data load time: 0.23624, step time: 0.03123
epoch: [5], step: [584/1543], batch loss: 0.21309, batch accuracy: 81.78, data load time: 0.22693, step time: 0.03478
epoch: [5], step: [684/1543], batch loss: 0.23030, batch accuracy: 82.40, data load time: 0.25744, step time: 0.03681
epoch: [5], step: [784/1543], batch loss: 0.16899, batch accuracy: 77.86, data load time: 0.39752, step time: 0.03068
epoch: [5], step: [884/1543], batch loss: 0.16581, batch accuracy: 88.46, data load time: 0.32562, step time: 0.03399
epoch: [5], step: [984/1543], batch loss: 0.21548, batch accuracy: 79.10, data load time: 0.28835, step time: 0.03778
epoch: [5], step: [1084/1543], batch loss: 0.18397, batch accuracy: 80.83, data load time: 0.22676, step time: 0.03118
epoch: [5], step: [1184/1543], batch loss: 0.19116, batch accuracy: 81.52, data load time: 0.32842, step time: 0.03681
epoch: [5], step: [1284/1543], batch loss: 0.14371, batch accuracy: 80.79, data load time: 0.29125, step time: 0.02983
epoch: [5], step: [1384/1543], batch loss: 0.18038, batch accuracy: 84.35, data load time: 0.31604, step time: 0.03472
epoch: [5], step: [1484/1543], batch loss: 0.19067, batch accuracy: 85.17, data load time: 0.30815, step time: 0.03397
EVALUATION METRICS:
-------------------------------------------------------------

Validation AUC Score: 0.7956

-------------------------------------------------------------
validation loss: 0.17717, accuracy: 79.56
epoch: [6], step: [41/1543], batch loss: 0.14586, batch accuracy: 91.87, data load time: 0.13739, step time: 0.03476
epoch: [6], step: [141/1543], batch loss: 0.17066, batch accuracy: 84.10, data load time: 0.20458, step time: 0.03419
epoch: [6], step: [241/1543], batch loss: 0.20533, batch accuracy: 79.00, data load time: 0.28525, step time: 0.03475
epoch: [6], step: [341/1543], batch loss: 0.16567, batch accuracy: 82.29, data load time: 0.17752, step time: 0.03257
epoch: [6], step: [441/1543], batch loss: 0.18954, batch accuracy: 83.49, data load time: 0.20010, step time: 0.03333
epoch: [6], step: [541/1543], batch loss: 0.17487, batch accuracy: 67.21, data load time: 0.30125, step time: 0.02981
epoch: [6], step: [641/1543], batch loss: 0.24655, batch accuracy: 68.42, data load time: 0.29446, step time: 0.03617
epoch: [6], step: [741/1543], batch loss: 0.12968, batch accuracy: 82.37, data load time: 0.25822, step time: 0.02916
epoch: [6], step: [841/1543], batch loss: 0.19236, batch accuracy: 90.11, data load time: 0.16106, step time: 0.03461
epoch: [6], step: [941/1543], batch loss: 0.17619, batch accuracy: 86.81, data load time: 0.32850, step time: 0.03405
epoch: [6], step: [1041/1543], batch loss: 0.16515, batch accuracy: 78.97, data load time: 0.35923, step time: 0.03332
epoch: [6], step: [1141/1543], batch loss: 0.21378, batch accuracy: 64.84, data load time: 0.28243, step time: 0.03123
epoch: [6], step: [1241/1543], batch loss: 0.19396, batch accuracy: 73.83, data load time: 0.29930, step time: 0.03128
epoch: [6], step: [1341/1543], batch loss: 0.17869, batch accuracy: 72.93, data load time: 0.34116, step time: 0.03658
epoch: [6], step: [1441/1543], batch loss: 0.19233, batch accuracy: 77.60, data load time: 0.35567, step time: 0.03401
epoch: [6], step: [1541/1543], batch loss: 0.14764, batch accuracy: 71.53, data load time: 0.25990, step time: 0.02840
EVALUATION METRICS:
-------------------------------------------------------------

Validation AUC Score: 0.7959

-------------------------------------------------------------
validation loss: 0.17782, accuracy: 79.59
epoch: [7], step: [98/1543], batch loss: 0.18911, batch accuracy: 79.06, data load time: 0.26109, step time: 0.03533
epoch: [7], step: [198/1543], batch loss: 0.17196, batch accuracy: 85.58, data load time: 0.31248, step time: 0.03480
epoch: [7], step: [298/1543], batch loss: 0.18070, batch accuracy: 76.02, data load time: 0.24321, step time: 0.03038
epoch: [7], step: [398/1543], batch loss: 0.22725, batch accuracy: 79.76, data load time: 0.18861, step time: 0.03858
epoch: [7], step: [498/1543], batch loss: 0.15347, batch accuracy: 78.20, data load time: 0.29150, step time: 0.03118
epoch: [7], step: [598/1543], batch loss: 0.14749, batch accuracy: 87.47, data load time: 0.31127, step time: 0.03390
epoch: [7], step: [698/1543], batch loss: 0.17666, batch accuracy: 87.59, data load time: 0.31166, step time: 0.03537
epoch: [7], step: [798/1543], batch loss: 0.16556, batch accuracy: 80.17, data load time: 0.28348, step time: 0.03118
epoch: [7], step: [898/1543], batch loss: 0.18291, batch accuracy: 77.51, data load time: 0.32750, step time: 0.03459
epoch: [7], step: [998/1543], batch loss: 0.16881, batch accuracy: 90.99, data load time: 0.20670, step time: 0.03253
epoch: [7], step: [1098/1543], batch loss: 0.14058, batch accuracy: 86.62, data load time: 0.30015, step time: 0.03177
epoch: [7], step: [1198/1543], batch loss: 0.17192, batch accuracy: 72.46, data load time: 0.33569, step time: 0.03044
epoch: [7], step: [1298/1543], batch loss: 0.16825, batch accuracy: 87.68, data load time: 0.26348, step time: 0.03397
epoch: [7], step: [1398/1543], batch loss: 0.22443, batch accuracy: 77.05, data load time: 0.34159, step time: 0.03250
epoch: [7], step: [1498/1543], batch loss: 0.14498, batch accuracy: 83.91, data load time: 0.33285, step time: 0.03038
Epoch 00008: reducing learning rate of group 0 to 2.5000e-03.
EVALUATION METRICS:
-------------------------------------------------------------

Validation AUC Score: 0.7948

-------------------------------------------------------------
validation loss: 0.17510, accuracy: 79.48
epoch: [8], step: [55/1543], batch loss: 0.17618, batch accuracy: 79.60, data load time: 0.21951, step time: 0.03549
epoch: [8], step: [155/1543], batch loss: 0.15106, batch accuracy: 86.88, data load time: 0.13785, step time: 0.03395
epoch: [8], step: [255/1543], batch loss: 0.15338, batch accuracy: 82.58, data load time: 0.20094, step time: 0.03104
epoch: [8], step: [355/1543], batch loss: 0.18771, batch accuracy: 83.99, data load time: 0.41879, step time: 0.03615
epoch: [8], step: [455/1543], batch loss: 0.19406, batch accuracy: 76.74, data load time: 0.25343, step time: 0.03325
epoch: [8], step: [555/1543], batch loss: 0.19440, batch accuracy: 80.71, data load time: 0.24460, step time: 0.03454
epoch: [8], step: [655/1543], batch loss: 0.22344, batch accuracy: 77.63, data load time: 0.30146, step time: 0.03669
epoch: [8], step: [755/1543], batch loss: 0.14474, batch accuracy: 92.44, data load time: 0.30382, step time: 0.03053
epoch: [8], step: [855/1543], batch loss: 0.16354, batch accuracy: 83.44, data load time: 0.32603, step time: 0.03248
epoch: [8], step: [955/1543], batch loss: 0.17421, batch accuracy: 85.07, data load time: 0.29367, step time: 0.03392
epoch: [8], step: [1055/1543], batch loss: 0.19588, batch accuracy: 81.83, data load time: 0.24122, step time: 0.03679
epoch: [8], step: [1155/1543], batch loss: 0.16388, batch accuracy: 81.15, data load time: 0.31412, step time: 0.03176
epoch: [8], step: [1255/1543], batch loss: 0.21321, batch accuracy: 79.74, data load time: 0.32378, step time: 0.03527
epoch: [8], step: [1355/1543], batch loss: 0.15488, batch accuracy: 80.88, data load time: 0.29797, step time: 0.03181
epoch: [8], step: [1455/1543], batch loss: 0.18120, batch accuracy: 83.61, data load time: 0.27986, step time: 0.03460
EVALUATION METRICS:
-------------------------------------------------------------

Validation AUC Score: 0.8043

-------------------------------------------------------------
validation loss: 0.17189, accuracy: 80.43
epoch: [9], step: [12/1543], batch loss: 0.19125, batch accuracy: 88.37, data load time: 0.33317, step time: 0.03869
epoch: [9], step: [112/1543], batch loss: 0.15500, batch accuracy: 83.61, data load time: 0.17502, step time: 0.03058
epoch: [9], step: [212/1543], batch loss: 0.16939, batch accuracy: 84.13, data load time: 0.20521, step time: 0.03331
epoch: [9], step: [312/1543], batch loss: 0.15809, batch accuracy: 83.33, data load time: 0.18677, step time: 0.03337
epoch: [9], step: [412/1543], batch loss: 0.13246, batch accuracy: 89.91, data load time: 0.19534, step time: 0.03184
epoch: [9], step: [512/1543], batch loss: 0.14038, batch accuracy: 88.02, data load time: 0.24179, step time: 0.03261
epoch: [9], step: [612/1543], batch loss: 0.15105, batch accuracy: 76.17, data load time: 0.22353, step time: 0.03176
epoch: [9], step: [712/1543], batch loss: 0.20312, batch accuracy: 83.90, data load time: 0.22751, step time: 0.03527
epoch: [9], step: [812/1543], batch loss: 0.17001, batch accuracy: 73.93, data load time: 0.22144, step time: 0.03191
epoch: [9], step: [912/1543], batch loss: 0.24197, batch accuracy: 79.33, data load time: 0.24208, step time: 0.03660
epoch: [9], step: [1012/1543], batch loss: 0.21337, batch accuracy: 79.30, data load time: 0.22380, step time: 0.03609
epoch: [9], step: [1112/1543], batch loss: 0.17121, batch accuracy: 82.29, data load time: 0.32653, step time: 0.03460
epoch: [9], step: [1212/1543], batch loss: 0.19938, batch accuracy: 77.71, data load time: 0.27054, step time: 0.03547
epoch: [9], step: [1312/1543], batch loss: 0.22922, batch accuracy: 82.85, data load time: 0.29223, step time: 0.03835
epoch: [9], step: [1412/1543], batch loss: 0.13465, batch accuracy: 87.00, data load time: 0.26689, step time: 0.03185
epoch: [9], step: [1512/1543], batch loss: 0.17018, batch accuracy: 77.86, data load time: 0.37110, step time: 0.02765
EVALUATION METRICS:
-------------------------------------------------------------

Validation AUC Score: 0.8058

-------------------------------------------------------------
validation loss: 0.17084, accuracy: 80.58
epoch: [10], step: [69/1543], batch loss: 0.13452, batch accuracy: 87.77, data load time: 0.12323, step time: 0.03072
epoch: [10], step: [169/1543], batch loss: 0.12152, batch accuracy: 91.15, data load time: 0.17322, step time: 0.03198
epoch: [10], step: [269/1543], batch loss: 0.19329, batch accuracy: 87.06, data load time: 0.15033, step time: 0.03766
epoch: [10], step: [369/1543], batch loss: 0.18606, batch accuracy: 92.23, data load time: 0.22929, step time: 0.03832
epoch: [10], step: [469/1543], batch loss: 0.13459, batch accuracy: 89.98, data load time: 0.18234, step time: 0.03326
epoch: [10], step: [569/1543], batch loss: 0.16897, batch accuracy: 69.67, data load time: 0.27371, step time: 0.02993
epoch: [10], step: [669/1543], batch loss: 0.22877, batch accuracy: 73.12, data load time: 0.24325, step time: 0.03406
epoch: [10], step: [769/1543], batch loss: 0.19494, batch accuracy: 81.83, data load time: 0.24681, step time: 0.03118
epoch: [10], step: [869/1543], batch loss: 0.15847, batch accuracy: 79.15, data load time: 0.26658, step time: 0.03188
epoch: [10], step: [969/1543], batch loss: 0.16708, batch accuracy: 88.60, data load time: 0.25030, step time: 0.03388
epoch: [10], step: [1069/1543], batch loss: 0.15807, batch accuracy: 89.71, data load time: 0.29520, step time: 0.03541
epoch: [10], step: [1169/1543], batch loss: 0.18624, batch accuracy: 82.50, data load time: 0.34531, step time: 0.03056
epoch: [10], step: [1269/1543], batch loss: 0.14813, batch accuracy: 78.87, data load time: 0.34070, step time: 0.03041
epoch: [10], step: [1369/1543], batch loss: 0.16343, batch accuracy: 88.31, data load time: 0.33221, step time: 0.03543
epoch: [10], step: [1469/1543], batch loss: 0.20622, batch accuracy: 86.20, data load time: 0.31414, step time: 0.03545
Epoch 00011: reducing learning rate of group 0 to 1.2500e-04.
EVALUATION METRICS:
-------------------------------------------------------------

Validation AUC Score: 0.8050

-------------------------------------------------------------
validation loss: 0.17134, accuracy: 80.50
epoch: [11], step: [26/1543], batch loss: 0.18077, batch accuracy: 82.49, data load time: 0.12170, step time: 0.03190
epoch: [11], step: [126/1543], batch loss: 0.18783, batch accuracy: 80.95, data load time: 0.20746, step time: 0.03400
epoch: [11], step: [226/1543], batch loss: 0.18178, batch accuracy: 88.12, data load time: 0.24901, step time: 0.03741
epoch: [11], step: [326/1543], batch loss: 0.20956, batch accuracy: 82.28, data load time: 0.15958, step time: 0.03473
epoch: [11], step: [426/1543], batch loss: 0.12466, batch accuracy: 88.92, data load time: 0.30715, step time: 0.02896
epoch: [11], step: [526/1543], batch loss: 0.14771, batch accuracy: 88.00, data load time: 0.33445, step time: 0.03178
epoch: [11], step: [626/1543], batch loss: 0.16717, batch accuracy: 87.14, data load time: 0.24111, step time: 0.03473
epoch: [11], step: [726/1543], batch loss: 0.19186, batch accuracy: 86.24, data load time: 0.33785, step time: 0.03528
epoch: [11], step: [826/1543], batch loss: 0.14958, batch accuracy: 82.42, data load time: 0.30685, step time: 0.03176
epoch: [11], step: [926/1543], batch loss: 0.14365, batch accuracy: 85.46, data load time: 0.32790, step time: 0.03032
epoch: [11], step: [1026/1543], batch loss: 0.21716, batch accuracy: 75.07, data load time: 0.26194, step time: 0.03668
epoch: [11], step: [1126/1543], batch loss: 0.23907, batch accuracy: 83.78, data load time: 0.23761, step time: 0.03869
epoch: [11], step: [1226/1543], batch loss: 0.18596, batch accuracy: 77.45, data load time: 0.29630, step time: 0.03397
epoch: [11], step: [1326/1543], batch loss: 0.17565, batch accuracy: 72.99, data load time: 0.44610, step time: 0.03034
epoch: [11], step: [1426/1543], batch loss: 0.16951, batch accuracy: 73.45, data load time: 0.32470, step time: 0.03246
epoch: [11], step: [1526/1543], batch loss: 0.20747, batch accuracy: 72.33, data load time: 0.34656, step time: 0.03458
EVALUATION METRICS:
-------------------------------------------------------------

Validation AUC Score: 0.8064

-------------------------------------------------------------
validation loss: 0.16986, accuracy: 80.64
epoch: [12], step: [83/1543], batch loss: 0.20978, batch accuracy: 83.69, data load time: 0.13061, step time: 0.03852
epoch: [12], step: [183/1543], batch loss: 0.18359, batch accuracy: 72.98, data load time: 0.24087, step time: 0.03363
epoch: [12], step: [283/1543], batch loss: 0.16814, batch accuracy: 79.61, data load time: 0.16517, step time: 0.03487
epoch: [12], step: [383/1543], batch loss: 0.19800, batch accuracy: 84.44, data load time: 0.13729, step time: 0.03341
epoch: [12], step: [483/1543], batch loss: 0.16202, batch accuracy: 83.30, data load time: 0.26137, step time: 0.03203
epoch: [12], step: [583/1543], batch loss: 0.23330, batch accuracy: 79.41, data load time: 0.23229, step time: 0.03820
epoch: [12], step: [683/1543], batch loss: 0.18840, batch accuracy: 86.08, data load time: 0.42616, step time: 0.03604
epoch: [12], step: [783/1543], batch loss: 0.13799, batch accuracy: 87.62, data load time: 0.24544, step time: 0.03043
epoch: [12], step: [883/1543], batch loss: 0.20628, batch accuracy: 85.95, data load time: 0.29760, step time: 0.03634
epoch: [12], step: [983/1543], batch loss: 0.21946, batch accuracy: 76.24, data load time: 0.41135, step time: 0.03421
epoch: [12], step: [1083/1543], batch loss: 0.15935, batch accuracy: 87.10, data load time: 0.21389, step time: 0.03193
epoch: [12], step: [1183/1543], batch loss: 0.18108, batch accuracy: 71.90, data load time: 0.33130, step time: 0.03059
epoch: [12], step: [1283/1543], batch loss: 0.14185, batch accuracy: 90.83, data load time: 0.32539, step time: 0.03268
epoch: [12], step: [1383/1543], batch loss: 0.19137, batch accuracy: 76.18, data load time: 0.33329, step time: 0.03060
epoch: [12], step: [1483/1543], batch loss: 0.17267, batch accuracy: 89.24, data load time: 0.32835, step time: 0.03404
EVALUATION METRICS:
-------------------------------------------------------------

Validation AUC Score: 0.8050

-------------------------------------------------------------
validation loss: 0.17099, accuracy: 80.50
epoch: [13], step: [40/1543], batch loss: 0.20834, batch accuracy: 77.40, data load time: 0.09908, step time: 0.03606
epoch: [13], step: [140/1543], batch loss: 0.20130, batch accuracy: 84.44, data load time: 0.25721, step time: 0.03829
epoch: [13], step: [240/1543], batch loss: 0.19544, batch accuracy: 82.65, data load time: 0.07371, step time: 0.03821
epoch: [13], step: [340/1543], batch loss: 0.15476, batch accuracy: 80.53, data load time: 0.20310, step time: 0.03274
epoch: [13], step: [440/1543], batch loss: 0.17034, batch accuracy: 84.15, data load time: 0.19966, step time: 0.03261
epoch: [13], step: [540/1543], batch loss: 0.14193, batch accuracy: 80.32, data load time: 0.28399, step time: 0.02985
epoch: [13], step: [640/1543], batch loss: 0.17024, batch accuracy: 82.65, data load time: 0.26987, step time: 0.03524
epoch: [13], step: [740/1543], batch loss: 0.18356, batch accuracy: 83.95, data load time: 0.26648, step time: 0.03394
epoch: [13], step: [840/1543], batch loss: 0.19412, batch accuracy: 78.70, data load time: 0.21323, step time: 0.03470
epoch: [13], step: [940/1543], batch loss: 0.18916, batch accuracy: 73.26, data load time: 0.25018, step time: 0.03323
epoch: [13], step: [1040/1543], batch loss: 0.12811, batch accuracy: 89.58, data load time: 0.26192, step time: 0.03332
epoch: [13], step: [1140/1543], batch loss: 0.16989, batch accuracy: 78.15, data load time: 0.25097, step time: 0.03118
epoch: [13], step: [1240/1543], batch loss: 0.16903, batch accuracy: 87.21, data load time: 0.21603, step time: 0.03337
epoch: [13], step: [1340/1543], batch loss: 0.18869, batch accuracy: 82.00, data load time: 0.35015, step time: 0.03622
epoch: [13], step: [1440/1543], batch loss: 0.20247, batch accuracy: 78.65, data load time: 0.32900, step time: 0.03400
epoch: [13], step: [1540/1543], batch loss: 0.19952, batch accuracy: 88.20, data load time: 0.24710, step time: 0.03831
EVALUATION METRICS:
-------------------------------------------------------------

Validation AUC Score: 0.8059

-------------------------------------------------------------
validation loss: 0.17126, accuracy: 80.59
epoch: [14], step: [97/1543], batch loss: 0.14456, batch accuracy: 88.67, data load time: 0.18589, step time: 0.02979
epoch: [14], step: [197/1543], batch loss: 0.15600, batch accuracy: 89.28, data load time: 0.16505, step time: 0.03380
epoch: [14], step: [297/1543], batch loss: 0.18990, batch accuracy: 77.31, data load time: 0.19907, step time: 0.03389
epoch: [14], step: [397/1543], batch loss: 0.19766, batch accuracy: 83.31, data load time: 0.20254, step time: 0.03830
epoch: [14], step: [497/1543], batch loss: 0.21484, batch accuracy: 73.62, data load time: 0.20176, step time: 0.03389
epoch: [14], step: [597/1543], batch loss: 0.15656, batch accuracy: 84.52, data load time: 0.18126, step time: 0.03446
epoch: [14], step: [697/1543], batch loss: 0.18020, batch accuracy: 71.68, data load time: 0.22031, step time: 0.03311
epoch: [14], step: [797/1543], batch loss: 0.17387, batch accuracy: 86.29, data load time: 0.33464, step time: 0.03321
epoch: [14], step: [897/1543], batch loss: 0.17541, batch accuracy: 87.25, data load time: 0.17502, step time: 0.03333
epoch: [14], step: [997/1543], batch loss: 0.16782, batch accuracy: 84.17, data load time: 0.27441, step time: 0.03120
epoch: [14], step: [1097/1543], batch loss: 0.18551, batch accuracy: 80.31, data load time: 0.30485, step time: 0.03588
epoch: [14], step: [1197/1543], batch loss: 0.15309, batch accuracy: 85.74, data load time: 0.26895, step time: 0.03329
epoch: [14], step: [1297/1543], batch loss: 0.18139, batch accuracy: 83.96, data load time: 0.36866, step time: 0.03382
epoch: [14], step: [1397/1543], batch loss: 0.22107, batch accuracy: 80.54, data load time: 0.26762, step time: 0.03592
epoch: [14], step: [1497/1543], batch loss: 0.14472, batch accuracy: 88.80, data load time: 0.24744, step time: 0.03170
EVALUATION METRICS:
-------------------------------------------------------------

Validation AUC Score: 0.8076

-------------------------------------------------------------
validation loss: 0.16903, accuracy: 80.76
epoch: [15], step: [54/1543], batch loss: 0.17859, batch accuracy: 80.15, data load time: 0.19703, step time: 0.03390
epoch: [15], step: [154/1543], batch loss: 0.13614, batch accuracy: 79.73, data load time: 0.10686, step time: 0.02983
epoch: [15], step: [254/1543], batch loss: 0.18443, batch accuracy: 75.18, data load time: 0.21334, step time: 0.03476
epoch: [15], step: [354/1543], batch loss: 0.15974, batch accuracy: 87.81, data load time: 0.24557, step time: 0.03259
epoch: [15], step: [454/1543], batch loss: 0.16966, batch accuracy: 91.58, data load time: 0.22211, step time: 0.03521
epoch: [15], step: [554/1543], batch loss: 0.17154, batch accuracy: 85.64, data load time: 0.25352, step time: 0.03515
epoch: [15], step: [654/1543], batch loss: 0.14938, batch accuracy: 87.92, data load time: 0.22994, step time: 0.03316
epoch: [15], step: [754/1543], batch loss: 0.13580, batch accuracy: 85.37, data load time: 0.28253, step time: 0.03036
epoch: [15], step: [854/1543], batch loss: 0.16431, batch accuracy: 82.33, data load time: 0.21825, step time: 0.03529
epoch: [15], step: [954/1543], batch loss: 0.21691, batch accuracy: 89.06, data load time: 0.30648, step time: 0.03803
epoch: [15], step: [1054/1543], batch loss: 0.16729, batch accuracy: 90.14, data load time: 0.32971, step time: 0.03663
epoch: [15], step: [1154/1543], batch loss: 0.14094, batch accuracy: 86.81, data load time: 0.26035, step time: 0.03316
epoch: [15], step: [1254/1543], batch loss: 0.13320, batch accuracy: 76.66, data load time: 0.56680, step time: 0.02840
epoch: [15], step: [1354/1543], batch loss: 0.18439, batch accuracy: 86.55, data load time: 0.28947, step time: 0.03170
epoch: [15], step: [1454/1543], batch loss: 0.14660, batch accuracy: 86.78, data load time: 0.30502, step time: 0.03122
EVALUATION METRICS:
-------------------------------------------------------------

Validation AUC Score: 0.8050

-------------------------------------------------------------
validation loss: 0.17212, accuracy: 80.50
epoch: [16], step: [11/1543], batch loss: 0.16424, batch accuracy: 84.17, data load time: 0.14316, step time: 0.03271
epoch: [16], step: [111/1543], batch loss: 0.16140, batch accuracy: 75.42, data load time: 0.12225, step time: 0.03328
epoch: [16], step: [211/1543], batch loss: 0.17130, batch accuracy: 86.15, data load time: 0.22053, step time: 0.03189
epoch: [16], step: [311/1543], batch loss: 0.21697, batch accuracy: 78.76, data load time: 0.21440, step time: 0.03382
epoch: [16], step: [411/1543], batch loss: 0.19538, batch accuracy: 83.22, data load time: 0.30423, step time: 0.03522
epoch: [16], step: [511/1543], batch loss: 0.19907, batch accuracy: 73.44, data load time: 0.20802, step time: 0.03397
epoch: [16], step: [611/1543], batch loss: 0.13578, batch accuracy: 90.10, data load time: 0.21388, step time: 0.03177
epoch: [16], step: [711/1543], batch loss: 0.20794, batch accuracy: 78.65, data load time: 0.28497, step time: 0.03102
epoch: [16], step: [811/1543], batch loss: 0.19924, batch accuracy: 85.37, data load time: 0.10846, step time: 0.03730
epoch: [16], step: [911/1543], batch loss: 0.19473, batch accuracy: 90.29, data load time: 0.31495, step time: 0.03872
epoch: [16], step: [1011/1543], batch loss: 0.16935, batch accuracy: 82.67, data load time: 0.26451, step time: 0.03588
epoch: [16], step: [1111/1543], batch loss: 0.18210, batch accuracy: 81.21, data load time: 0.35641, step time: 0.03586
epoch: [16], step: [1211/1543], batch loss: 0.24223, batch accuracy: 81.61, data load time: 0.21622, step time: 0.03896
epoch: [16], step: [1311/1543], batch loss: 0.17330, batch accuracy: 78.34, data load time: 0.28481, step time: 0.03442
epoch: [16], step: [1411/1543], batch loss: 0.21138, batch accuracy: 78.04, data load time: 0.32088, step time: 0.03588
epoch: [16], step: [1511/1543], batch loss: 0.18617, batch accuracy: 88.08, data load time: 0.31547, step time: 0.03397
EVALUATION METRICS:
-------------------------------------------------------------

Validation AUC Score: 0.8071

-------------------------------------------------------------
validation loss: 0.17024, accuracy: 80.71
epoch: [17], step: [68/1543], batch loss: 0.16769, batch accuracy: 87.27, data load time: 0.30825, step time: 0.03398
epoch: [17], step: [168/1543], batch loss: 0.17267, batch accuracy: 80.87, data load time: 0.13068, step time: 0.03413
epoch: [17], step: [268/1543], batch loss: 0.17177, batch accuracy: 83.40, data load time: 0.14942, step time: 0.03548
epoch: [17], step: [368/1543], batch loss: 0.18297, batch accuracy: 78.63, data load time: 0.16686, step time: 0.03549
epoch: [17], step: [468/1543], batch loss: 0.20226, batch accuracy: 73.52, data load time: 0.23048, step time: 0.03400
epoch: [17], step: [568/1543], batch loss: 0.17400, batch accuracy: 80.89, data load time: 0.18457, step time: 0.03464
epoch: [17], step: [668/1543], batch loss: 0.23110, batch accuracy: 69.86, data load time: 0.23594, step time: 0.03395
epoch: [17], step: [768/1543], batch loss: 0.17273, batch accuracy: 86.15, data load time: 0.25231, step time: 0.03247
epoch: [17], step: [868/1543], batch loss: 0.17306, batch accuracy: 78.11, data load time: 0.32109, step time: 0.03254
epoch: [17], step: [968/1543], batch loss: 0.18913, batch accuracy: 75.60, data load time: 0.25622, step time: 0.03321
epoch: [17], step: [1068/1543], batch loss: 0.15500, batch accuracy: 87.87, data load time: 0.28493, step time: 0.03249
epoch: [17], step: [1168/1543], batch loss: 0.13861, batch accuracy: 81.49, data load time: 0.32184, step time: 0.02752
epoch: [17], step: [1268/1543], batch loss: 0.17145, batch accuracy: 77.52, data load time: 0.25130, step time: 0.03034
epoch: [17], step: [1368/1543], batch loss: 0.15602, batch accuracy: 84.12, data load time: 0.31394, step time: 0.03390
epoch: [17], step: [1468/1543], batch loss: 0.22654, batch accuracy: 90.50, data load time: 0.26435, step time: 0.04085
Epoch 00018: reducing learning rate of group 0 to 6.2500e-06.
EVALUATION METRICS:
-------------------------------------------------------------

Validation AUC Score: 0.8060

-------------------------------------------------------------
validation loss: 0.17094, accuracy: 80.60
epoch: [18], step: [25/1543], batch loss: 0.15918, batch accuracy: 83.89, data load time: 0.18027, step time: 0.03193
epoch: [18], step: [125/1543], batch loss: 0.14085, batch accuracy: 80.21, data load time: 0.18960, step time: 0.02924
epoch: [18], step: [225/1543], batch loss: 0.17256, batch accuracy: 88.36, data load time: 0.17012, step time: 0.03321
epoch: [18], step: [325/1543], batch loss: 0.12368, batch accuracy: 78.69, data load time: 0.22538, step time: 0.02983
epoch: [18], step: [425/1543], batch loss: 0.16626, batch accuracy: 73.56, data load time: 0.20324, step time: 0.03250
epoch: [18], step: [525/1543], batch loss: 0.18312, batch accuracy: 78.73, data load time: 0.20700, step time: 0.03462
epoch: [18], step: [625/1543], batch loss: 0.23597, batch accuracy: 81.60, data load time: 0.18950, step time: 0.03098
epoch: [18], step: [725/1543], batch loss: 0.12997, batch accuracy: 81.93, data load time: 0.24298, step time: 0.02987
epoch: [18], step: [825/1543], batch loss: 0.14861, batch accuracy: 92.18, data load time: 0.24432, step time: 0.03454
epoch: [18], step: [925/1543], batch loss: 0.16515, batch accuracy: 89.04, data load time: 0.27326, step time: 0.03452
epoch: [18], step: [1025/1543], batch loss: 0.15043, batch accuracy: 83.72, data load time: 0.23666, step time: 0.02989
epoch: [18], step: [1125/1543], batch loss: 0.12829, batch accuracy: 87.86, data load time: 0.25637, step time: 0.02911
epoch: [18], step: [1225/1543], batch loss: 0.23709, batch accuracy: 76.64, data load time: 0.20517, step time: 0.03893
epoch: [18], step: [1325/1543], batch loss: 0.19094, batch accuracy: 79.92, data load time: 0.35839, step time: 0.03390
epoch: [18], step: [1425/1543], batch loss: 0.17556, batch accuracy: 83.28, data load time: 0.36137, step time: 0.03517
epoch: [18], step: [1525/1543], batch loss: 0.17836, batch accuracy: 80.38, data load time: 0.33812, step time: 0.03455
EVALUATION METRICS:
-------------------------------------------------------------

Validation AUC Score: 0.8047

-------------------------------------------------------------
validation loss: 0.17205, accuracy: 80.47
epoch: [19], step: [82/1543], batch loss: 0.17286, batch accuracy: 88.96, data load time: 0.08326, step time: 0.03620
epoch: [19], step: [182/1543], batch loss: 0.21401, batch accuracy: 77.01, data load time: 0.13854, step time: 0.03422
epoch: [19], step: [282/1543], batch loss: 0.19591, batch accuracy: 81.55, data load time: 0.09177, step time: 0.03499
epoch: [19], step: [382/1543], batch loss: 0.18559, batch accuracy: 89.84, data load time: 0.17220, step time: 0.03681
epoch: [19], step: [482/1543], batch loss: 0.20956, batch accuracy: 83.77, data load time: 0.24981, step time: 0.03606
epoch: [19], step: [582/1543], batch loss: 0.16161, batch accuracy: 85.99, data load time: 0.16902, step time: 0.03217
epoch: [19], step: [682/1543], batch loss: 0.18399, batch accuracy: 90.17, data load time: 0.22644, step time: 0.03747
epoch: [19], step: [782/1543], batch loss: 0.15721, batch accuracy: 87.43, data load time: 0.18244, step time: 0.03538
epoch: [19], step: [882/1543], batch loss: 0.22862, batch accuracy: 76.15, data load time: 0.21055, step time: 0.03192
epoch: [19], step: [982/1543], batch loss: 0.19111, batch accuracy: 82.19, data load time: 0.19154, step time: 0.03889
epoch: [19], step: [1082/1543], batch loss: 0.16600, batch accuracy: 81.34, data load time: 0.22331, step time: 0.03205
epoch: [19], step: [1182/1543], batch loss: 0.15975, batch accuracy: 87.16, data load time: 0.22900, step time: 0.03473
epoch: [19], step: [1282/1543], batch loss: 0.19385, batch accuracy: 77.28, data load time: 0.24044, step time: 0.03144
epoch: [19], step: [1382/1543], batch loss: 0.21979, batch accuracy: 70.97, data load time: 0.31129, step time: 0.03461
epoch: [19], step: [1482/1543], batch loss: 0.18008, batch accuracy: 84.53, data load time: 0.34456, step time: 0.03611
EVALUATION METRICS:
-------------------------------------------------------------

Validation AUC Score: 0.8059

-------------------------------------------------------------
validation loss: 0.17052, accuracy: 80.59
EVALUATION METRICS:
-------------------------------------------------------------

Test AUC Score: 0.8077, Class Labels: ambient: 0.8122, baroque: 0.9104, bass: 0.7787, beat: 0.9089, cello: 0.8125, chant: 0.8614, choir: 0.9481, classical: 0.8698, country: 0.8205, dance: 0.9265, drum: 0.8426, eastern: 0.7154, electro: 0.7852, fast: 0.7878, female: 0.7350, flute: 0.8373, folk: 0.7639, foreign: 0.7547, guitar: 0.7796, hard: 0.9551, harp: 0.8657, harpsichord: 0.9213, heavy: 0.9670, india: 0.7279, jazz: 0.8484, loud: 0.9059, male: 0.7578, modern: 0.7710, new age: 0.7870, no beat: 0.6149, no piano: 0.5957, no singer: 0.6004, opera: 0.9146, orchestra: 0.8577, piano: 0.8316, pop: 0.8558, quiet: 0.8691, rock: 0.9629, singer: 0.7066, sitar: 0.6755, slow: 0.7496, soft: 0.7721, solo: 0.8074, strange: 0.6818, string: 0.7687, synth: 0.7208, techno: 0.9048, trance: 0.8572, violin: 0.7649, vocal: 0.7130

-------------------------------------------------------------
validation loss: 0.50021, accuracy: 80.77
