Loading data from /mnt/storage/scratch/ee20947/MagnaTagATune/annotations/train.pkl...
Loading data from /mnt/storage/scratch/ee20947/MagnaTagATune/annotations/train.pkl...
Loading data from /mnt/storage/scratch/ee20947/MagnaTagATune/annotations/val.pkl...
Loading data from /mnt/storage/scratch/ee20947/MagnaTagATune/annotations/test.pkl...
Writing logs to logs/CNN_sgd_momentum=0.93_learning_rate=0.2_conv_length=256_conv_stride=256_batch_size=10_epochs=30_weight_decay=1e-05_extension=ExtraCNN_run_16
epoch: [0], step: [99/1543], batch loss: 0.22041, batch accuracy: 73.54, data load time: 0.28569, step time: 0.03734
epoch: [0], step: [199/1543], batch loss: 0.19674, batch accuracy: 75.61, data load time: 0.29032, step time: 0.03320
epoch: [0], step: [299/1543], batch loss: 0.22650, batch accuracy: 73.49, data load time: 0.27830, step time: 0.03513
epoch: [0], step: [399/1543], batch loss: 0.17652, batch accuracy: 70.35, data load time: 0.26148, step time: 0.03179
epoch: [0], step: [499/1543], batch loss: 0.18187, batch accuracy: 74.06, data load time: 0.29713, step time: 0.03033
epoch: [0], step: [599/1543], batch loss: 0.17857, batch accuracy: 70.30, data load time: 0.26903, step time: 0.03326
epoch: [0], step: [699/1543], batch loss: 0.20298, batch accuracy: 69.94, data load time: 0.22072, step time: 0.03323
epoch: [0], step: [799/1543], batch loss: 0.20876, batch accuracy: 75.89, data load time: 0.26768, step time: 0.03583
epoch: [0], step: [899/1543], batch loss: 0.15219, batch accuracy: 76.22, data load time: 0.25645, step time: 0.03029
epoch: [0], step: [999/1543], batch loss: 0.18634, batch accuracy: 71.66, data load time: 0.29251, step time: 0.03537
epoch: [0], step: [1099/1543], batch loss: 0.24926, batch accuracy: 71.38, data load time: 0.24822, step time: 0.03543
epoch: [0], step: [1199/1543], batch loss: 0.23346, batch accuracy: 74.39, data load time: 0.28392, step time: 0.03721
epoch: [0], step: [1299/1543], batch loss: 0.24464, batch accuracy: 66.59, data load time: 0.32335, step time: 0.03659
epoch: [0], step: [1399/1543], batch loss: 0.14046, batch accuracy: 88.55, data load time: 0.24763, step time: 0.03169
epoch: [0], step: [1499/1543], batch loss: 0.19688, batch accuracy: 75.01, data load time: 0.22828, step time: 0.03441
epoch: [1], step: [56/1543], batch loss: 0.15382, batch accuracy: 69.80, data load time: 0.16828, step time: 0.03170
epoch: [1], step: [156/1543], batch loss: 0.20077, batch accuracy: 79.29, data load time: 0.19093, step time: 0.03451
epoch: [1], step: [256/1543], batch loss: 0.20488, batch accuracy: 71.54, data load time: 0.27693, step time: 0.03367
epoch: [1], step: [356/1543], batch loss: 0.18916, batch accuracy: 76.41, data load time: 0.29229, step time: 0.03382
epoch: [1], step: [456/1543], batch loss: 0.21752, batch accuracy: 73.04, data load time: 0.42257, step time: 0.03450
epoch: [1], step: [556/1543], batch loss: 0.18700, batch accuracy: 78.21, data load time: 0.27995, step time: 0.03534
epoch: [1], step: [656/1543], batch loss: 0.15423, batch accuracy: 92.88, data load time: 0.30069, step time: 0.03246
epoch: [1], step: [756/1543], batch loss: 0.22204, batch accuracy: 77.18, data load time: 0.35346, step time: 0.03599
epoch: [1], step: [856/1543], batch loss: 0.21671, batch accuracy: 79.36, data load time: 0.28262, step time: 0.03674
epoch: [1], step: [956/1543], batch loss: 0.17886, batch accuracy: 81.19, data load time: 0.27587, step time: 0.03303
epoch: [1], step: [1056/1543], batch loss: 0.21007, batch accuracy: 77.56, data load time: 0.27487, step time: 0.03601
epoch: [1], step: [1156/1543], batch loss: 0.22664, batch accuracy: 73.81, data load time: 0.30872, step time: 0.03667
epoch: [1], step: [1256/1543], batch loss: 0.19979, batch accuracy: 74.82, data load time: 0.27868, step time: 0.03593
epoch: [1], step: [1356/1543], batch loss: 0.20330, batch accuracy: 70.14, data load time: 0.31658, step time: 0.03297
epoch: [1], step: [1456/1543], batch loss: 0.25228, batch accuracy: 61.94, data load time: 0.27891, step time: 0.03756
epoch: [2], step: [13/1543], batch loss: 0.18660, batch accuracy: 73.05, data load time: 0.22915, step time: 0.03434
epoch: [2], step: [113/1543], batch loss: 0.27282, batch accuracy: 70.96, data load time: 0.22239, step time: 0.03745
epoch: [2], step: [213/1543], batch loss: 0.16198, batch accuracy: 76.11, data load time: 0.24705, step time: 0.03120
epoch: [2], step: [313/1543], batch loss: 0.16987, batch accuracy: 83.24, data load time: 0.26759, step time: 0.03468
epoch: [2], step: [413/1543], batch loss: 0.17267, batch accuracy: 81.37, data load time: 0.29872, step time: 0.03606
epoch: [2], step: [513/1543], batch loss: 0.14825, batch accuracy: 76.70, data load time: 0.20983, step time: 0.03203
epoch: [2], step: [613/1543], batch loss: 0.18062, batch accuracy: 80.81, data load time: 0.21823, step time: 0.03191
epoch: [2], step: [713/1543], batch loss: 0.18597, batch accuracy: 72.19, data load time: 0.22736, step time: 0.03256
epoch: [2], step: [813/1543], batch loss: 0.20313, batch accuracy: 64.65, data load time: 0.30378, step time: 0.03278
epoch: [2], step: [913/1543], batch loss: 0.17831, batch accuracy: 76.56, data load time: 0.29538, step time: 0.03495
epoch: [2], step: [1013/1543], batch loss: 0.18879, batch accuracy: 70.67, data load time: 0.26732, step time: 0.03543
epoch: [2], step: [1113/1543], batch loss: 0.23339, batch accuracy: 55.94, data load time: 0.32271, step time: 0.03478
epoch: [2], step: [1213/1543], batch loss: 0.29380, batch accuracy: 76.61, data load time: 0.28687, step time: 0.03897
epoch: [2], step: [1313/1543], batch loss: 0.24734, batch accuracy: 70.60, data load time: 0.29302, step time: 0.04103
epoch: [2], step: [1413/1543], batch loss: 0.17925, batch accuracy: 73.48, data load time: 0.29723, step time: 0.03391
epoch: [2], step: [1513/1543], batch loss: 0.20837, batch accuracy: 68.80, data load time: 0.27706, step time: 0.03541
epoch: [3], step: [70/1543], batch loss: 0.18753, batch accuracy: 84.77, data load time: 0.25208, step time: 0.03530
epoch: [3], step: [170/1543], batch loss: 0.17536, batch accuracy: 81.63, data load time: 0.30664, step time: 0.03511
epoch: [3], step: [270/1543], batch loss: 0.19089, batch accuracy: 54.42, data load time: 0.31684, step time: 0.03038
epoch: [3], step: [370/1543], batch loss: 0.16855, batch accuracy: 74.62, data load time: 0.24758, step time: 0.03312
epoch: [3], step: [470/1543], batch loss: 0.24710, batch accuracy: 65.14, data load time: 0.26663, step time: 0.03733
epoch: [3], step: [570/1543], batch loss: 0.21912, batch accuracy: 78.33, data load time: 0.26175, step time: 0.03541
epoch: [3], step: [670/1543], batch loss: 0.22138, batch accuracy: 77.18, data load time: 0.23344, step time: 0.03670
epoch: [3], step: [770/1543], batch loss: 0.17809, batch accuracy: 78.83, data load time: 0.29928, step time: 0.03601
epoch: [3], step: [870/1543], batch loss: 0.21124, batch accuracy: 66.03, data load time: 0.26385, step time: 0.03392
epoch: [3], step: [970/1543], batch loss: 0.21314, batch accuracy: 76.42, data load time: 0.29743, step time: 0.03684
epoch: [3], step: [1070/1543], batch loss: 0.18580, batch accuracy: 84.65, data load time: 0.26171, step time: 0.03525
epoch: [3], step: [1170/1543], batch loss: 0.29627, batch accuracy: 70.41, data load time: 0.29198, step time: 0.04148
epoch: [3], step: [1270/1543], batch loss: 0.22821, batch accuracy: 71.62, data load time: 0.23278, step time: 0.03936
epoch: [3], step: [1370/1543], batch loss: 0.23873, batch accuracy: 67.53, data load time: 0.32546, step time: 0.03653
epoch: [3], step: [1470/1543], batch loss: 0.23129, batch accuracy: 61.20, data load time: 0.30641, step time: 0.03321
epoch: [4], step: [27/1543], batch loss: 0.31158, batch accuracy: 59.61, data load time: 0.27386, step time: 0.04086
epoch: [4], step: [127/1543], batch loss: 0.18280, batch accuracy: 66.39, data load time: 0.21465, step time: 0.03260
epoch: [4], step: [227/1543], batch loss: 0.18137, batch accuracy: 75.12, data load time: 0.26315, step time: 0.03192
epoch: [4], step: [327/1543], batch loss: 0.16688, batch accuracy: 71.88, data load time: 0.26484, step time: 0.03338
epoch: [4], step: [427/1543], batch loss: 0.22365, batch accuracy: 76.54, data load time: 0.29567, step time: 0.03588
epoch: [4], step: [527/1543], batch loss: 0.16503, batch accuracy: 78.45, data load time: 0.24362, step time: 0.03133
epoch: [4], step: [627/1543], batch loss: 0.18828, batch accuracy: 64.42, data load time: 0.30876, step time: 0.03169
epoch: [4], step: [727/1543], batch loss: 0.22274, batch accuracy: 77.48, data load time: 0.30443, step time: 0.04047
epoch: [4], step: [827/1543], batch loss: 0.16861, batch accuracy: 81.39, data load time: 0.31796, step time: 0.03345
epoch: [4], step: [927/1543], batch loss: 0.24690, batch accuracy: 82.67, data load time: 0.24272, step time: 0.03901
epoch: [4], step: [1027/1543], batch loss: 0.19484, batch accuracy: 74.79, data load time: 0.28280, step time: 0.03335
epoch: [4], step: [1127/1543], batch loss: 0.18171, batch accuracy: 76.96, data load time: 0.27033, step time: 0.03739
epoch: [4], step: [1227/1543], batch loss: 0.20940, batch accuracy: 79.27, data load time: 0.28984, step time: 0.03834
epoch: [4], step: [1327/1543], batch loss: 0.16584, batch accuracy: 80.36, data load time: 0.26591, step time: 0.03404
epoch: [4], step: [1427/1543], batch loss: 0.16793, batch accuracy: 76.28, data load time: 0.25436, step time: 0.03498
epoch: [4], step: [1527/1543], batch loss: 0.18682, batch accuracy: 65.45, data load time: 0.31282, step time: 0.03186
EVALUATION METRICS:
-------------------------------------------------------------

Validation: AUC Score: 0.5000

-------------------------------------------------------------
validation loss: 6.63864, accuracy: 50.00
epoch: [5], step: [84/1543], batch loss: 0.24309, batch accuracy: 71.58, data load time: 0.29056, step time: 0.03616
epoch: [5], step: [184/1543], batch loss: 0.20157, batch accuracy: 86.85, data load time: 0.26936, step time: 0.03773
epoch: [5], step: [284/1543], batch loss: 0.32156, batch accuracy: 74.32, data load time: 0.32664, step time: 0.03895
epoch: [5], step: [384/1543], batch loss: 0.22485, batch accuracy: 71.83, data load time: 0.26444, step time: 0.03771
epoch: [5], step: [484/1543], batch loss: 0.17613, batch accuracy: 70.34, data load time: 0.27739, step time: 0.03129
epoch: [5], step: [584/1543], batch loss: 0.19168, batch accuracy: 71.37, data load time: 0.27461, step time: 0.03470
epoch: [5], step: [684/1543], batch loss: 0.13121, batch accuracy: 89.53, data load time: 0.29794, step time: 0.03071
epoch: [5], step: [784/1543], batch loss: 0.19768, batch accuracy: 76.16, data load time: 0.31493, step time: 0.03477
epoch: [5], step: [884/1543], batch loss: 0.13990, batch accuracy: 79.68, data load time: 0.29358, step time: 0.03518
epoch: [5], step: [984/1543], batch loss: 0.18117, batch accuracy: 76.34, data load time: 0.31605, step time: 0.03136
epoch: [5], step: [1084/1543], batch loss: 0.19440, batch accuracy: 77.33, data load time: 0.22579, step time: 0.03656
epoch: [5], step: [1184/1543], batch loss: 0.17676, batch accuracy: 79.48, data load time: 0.18787, step time: 0.03475
epoch: [5], step: [1284/1543], batch loss: 0.22132, batch accuracy: 76.23, data load time: 0.26844, step time: 0.03686
epoch: [5], step: [1384/1543], batch loss: 0.16692, batch accuracy: 78.97, data load time: 0.30415, step time: 0.03416
epoch: [5], step: [1484/1543], batch loss: 0.18579, batch accuracy: 76.13, data load time: 0.31462, step time: 0.03552
epoch: [6], step: [41/1543], batch loss: 0.17164, batch accuracy: 76.22, data load time: 0.28990, step time: 0.03071
epoch: [6], step: [141/1543], batch loss: 0.17962, batch accuracy: 76.95, data load time: 0.31288, step time: 0.03755
epoch: [6], step: [241/1543], batch loss: 0.17552, batch accuracy: 80.85, data load time: 0.27762, step time: 0.03403
epoch: [6], step: [341/1543], batch loss: 0.19061, batch accuracy: 71.69, data load time: 0.31433, step time: 0.03186
epoch: [6], step: [441/1543], batch loss: 0.21432, batch accuracy: 68.42, data load time: 0.27078, step time: 0.03260
epoch: [6], step: [541/1543], batch loss: 0.20635, batch accuracy: 75.99, data load time: 0.37009, step time: 0.03600
epoch: [6], step: [641/1543], batch loss: 0.20019, batch accuracy: 78.70, data load time: 0.36174, step time: 0.03246
epoch: [6], step: [741/1543], batch loss: 0.20417, batch accuracy: 73.21, data load time: 0.35701, step time: 0.03268
epoch: [6], step: [841/1543], batch loss: 0.17151, batch accuracy: 79.20, data load time: 0.37394, step time: 0.03335
epoch: [6], step: [941/1543], batch loss: 0.21393, batch accuracy: 74.46, data load time: 0.39514, step time: 0.03667
epoch: [6], step: [1041/1543], batch loss: 0.21004, batch accuracy: 76.55, data load time: 0.31156, step time: 0.03274
epoch: [6], step: [1141/1543], batch loss: 0.17633, batch accuracy: 74.40, data load time: 0.26077, step time: 0.03524
epoch: [6], step: [1241/1543], batch loss: 0.18437, batch accuracy: 69.17, data load time: 0.41286, step time: 0.03111
epoch: [6], step: [1341/1543], batch loss: 0.13167, batch accuracy: 78.89, data load time: 0.27044, step time: 0.03035
epoch: [6], step: [1441/1543], batch loss: 0.17305, batch accuracy: 82.05, data load time: 0.28249, step time: 0.03399
epoch: [6], step: [1541/1543], batch loss: 0.18670, batch accuracy: 80.29, data load time: 0.24562, step time: 0.03456
epoch: [7], step: [98/1543], batch loss: 0.22521, batch accuracy: 76.32, data load time: 0.34888, step time: 0.03550
epoch: [7], step: [198/1543], batch loss: 0.17265, batch accuracy: 80.38, data load time: 0.31039, step time: 0.03439
epoch: [7], step: [298/1543], batch loss: 0.19027, batch accuracy: 79.43, data load time: 0.28787, step time: 0.03605
epoch: [7], step: [398/1543], batch loss: 0.15216, batch accuracy: 78.91, data load time: 0.32591, step time: 0.02983
epoch: [7], step: [498/1543], batch loss: 0.20897, batch accuracy: 66.15, data load time: 0.23189, step time: 0.04133
epoch: [7], step: [598/1543], batch loss: 0.20491, batch accuracy: 76.71, data load time: 0.27018, step time: 0.03436
epoch: [7], step: [698/1543], batch loss: 0.15611, batch accuracy: 78.03, data load time: 0.30499, step time: 0.03278
epoch: [7], step: [798/1543], batch loss: 0.21054, batch accuracy: 82.36, data load time: 0.33298, step time: 0.03770
epoch: [7], step: [898/1543], batch loss: 0.22017, batch accuracy: 72.48, data load time: 0.34422, step time: 0.03551
epoch: [7], step: [998/1543], batch loss: 0.25404, batch accuracy: 85.42, data load time: 0.37517, step time: 0.04282
epoch: [7], step: [1098/1543], batch loss: 0.13982, batch accuracy: 82.57, data load time: 0.26477, step time: 0.03360
epoch: [7], step: [1198/1543], batch loss: 0.18171, batch accuracy: 71.92, data load time: 0.28256, step time: 0.03410
epoch: [7], step: [1298/1543], batch loss: 0.19024, batch accuracy: 80.08, data load time: 0.29954, step time: 0.03548
epoch: [7], step: [1398/1543], batch loss: 0.20034, batch accuracy: 73.71, data load time: 0.31128, step time: 0.03762
epoch: [7], step: [1498/1543], batch loss: 0.16624, batch accuracy: 77.98, data load time: 0.28445, step time: 0.03132
epoch: [8], step: [55/1543], batch loss: 0.16734, batch accuracy: 81.73, data load time: 0.18410, step time: 0.03419
epoch: [8], step: [155/1543], batch loss: 0.15024, batch accuracy: 77.57, data load time: 0.25231, step time: 0.03145
epoch: [8], step: [255/1543], batch loss: 0.20250, batch accuracy: 64.38, data load time: 0.23483, step time: 0.03354
epoch: [8], step: [355/1543], batch loss: 0.15088, batch accuracy: 79.32, data load time: 0.30605, step time: 0.03123
epoch: [8], step: [455/1543], batch loss: 0.17978, batch accuracy: 77.95, data load time: 0.45884, step time: 0.03477
epoch: [8], step: [555/1543], batch loss: 0.18254, batch accuracy: 82.22, data load time: 0.29196, step time: 0.03478
epoch: [8], step: [655/1543], batch loss: 0.18631, batch accuracy: 75.07, data load time: 0.27219, step time: 0.03559
epoch: [8], step: [755/1543], batch loss: 0.19386, batch accuracy: 79.47, data load time: 0.32253, step time: 0.02959
epoch: [8], step: [855/1543], batch loss: 0.21239, batch accuracy: 78.47, data load time: 0.28007, step time: 0.03488
epoch: [8], step: [955/1543], batch loss: 0.18721, batch accuracy: 65.16, data load time: 0.31412, step time: 0.03422
epoch: [8], step: [1055/1543], batch loss: 0.14922, batch accuracy: 87.33, data load time: 0.23826, step time: 0.03339
epoch: [8], step: [1155/1543], batch loss: 0.14435, batch accuracy: 83.40, data load time: 0.23831, step time: 0.03046
epoch: [8], step: [1255/1543], batch loss: 0.16621, batch accuracy: 85.13, data load time: 0.31067, step time: 0.03405
epoch: [8], step: [1355/1543], batch loss: 0.18837, batch accuracy: 81.34, data load time: 0.22861, step time: 0.03544
epoch: [8], step: [1455/1543], batch loss: 0.21102, batch accuracy: 82.59, data load time: 0.34074, step time: 0.03890
epoch: [9], step: [12/1543], batch loss: 0.18151, batch accuracy: 84.27, data load time: 0.27062, step time: 0.03938
epoch: [9], step: [112/1543], batch loss: 0.17604, batch accuracy: 76.83, data load time: 0.27148, step time: 0.03286
epoch: [9], step: [212/1543], batch loss: 0.19035, batch accuracy: 79.55, data load time: 0.28288, step time: 0.03276
epoch: [9], step: [312/1543], batch loss: 0.22537, batch accuracy: 82.46, data load time: 0.24120, step time: 0.03988
epoch: [9], step: [412/1543], batch loss: 0.21443, batch accuracy: 68.63, data load time: 0.30185, step time: 0.03763
epoch: [9], step: [512/1543], batch loss: 0.13838, batch accuracy: 82.67, data load time: 0.25565, step time: 0.03269
epoch: [9], step: [612/1543], batch loss: 0.22144, batch accuracy: 78.16, data load time: 0.31134, step time: 0.04000
epoch: [9], step: [712/1543], batch loss: 0.15611, batch accuracy: 75.79, data load time: 0.28798, step time: 0.03140
epoch: [9], step: [812/1543], batch loss: 0.21871, batch accuracy: 76.62, data load time: 0.30820, step time: 0.03671
epoch: [9], step: [912/1543], batch loss: 0.24582, batch accuracy: 77.57, data load time: 0.24607, step time: 0.03756
epoch: [9], step: [1012/1543], batch loss: 0.15650, batch accuracy: 86.74, data load time: 0.21387, step time: 0.02992
epoch: [9], step: [1112/1543], batch loss: 0.15949, batch accuracy: 84.18, data load time: 0.23376, step time: 0.03192
epoch: [9], step: [1212/1543], batch loss: 0.17496, batch accuracy: 81.65, data load time: 0.27997, step time: 0.03186
epoch: [9], step: [1312/1543], batch loss: 0.22783, batch accuracy: 71.47, data load time: 0.29354, step time: 0.03680
epoch: [9], step: [1412/1543], batch loss: 0.15872, batch accuracy: 86.90, data load time: 0.30310, step time: 0.03126
epoch: [9], step: [1512/1543], batch loss: 0.14188, batch accuracy: 81.90, data load time: 0.32185, step time: 0.02960
EVALUATION METRICS:
-------------------------------------------------------------

Validation: AUC Score: 0.5000

-------------------------------------------------------------
validation loss: 15.68096, accuracy: 50.00
epoch: [10], step: [69/1543], batch loss: 0.23495, batch accuracy: 64.99, data load time: 0.31302, step time: 0.03414
epoch: [10], step: [169/1543], batch loss: 0.22046, batch accuracy: 75.46, data load time: 0.34983, step time: 0.03779
epoch: [10], step: [269/1543], batch loss: 0.19113, batch accuracy: 74.58, data load time: 0.29671, step time: 0.03350
epoch: [10], step: [369/1543], batch loss: 0.15280, batch accuracy: 76.48, data load time: 0.34328, step time: 0.03059
epoch: [10], step: [469/1543], batch loss: 0.17747, batch accuracy: 73.58, data load time: 0.29694, step time: 0.03480
epoch: [10], step: [569/1543], batch loss: 0.15618, batch accuracy: 84.41, data load time: 0.36713, step time: 0.03320
epoch: [10], step: [669/1543], batch loss: 0.20262, batch accuracy: 77.72, data load time: 0.36289, step time: 0.03478
epoch: [10], step: [769/1543], batch loss: 0.18079, batch accuracy: 64.40, data load time: 0.33988, step time: 0.03263
epoch: [10], step: [869/1543], batch loss: 0.14415, batch accuracy: 87.21, data load time: 0.22399, step time: 0.03533
epoch: [10], step: [969/1543], batch loss: 0.14119, batch accuracy: 82.89, data load time: 0.31385, step time: 0.03254
epoch: [10], step: [1069/1543], batch loss: 0.23580, batch accuracy: 79.50, data load time: 0.33880, step time: 0.03826
epoch: [10], step: [1169/1543], batch loss: 0.16778, batch accuracy: 64.34, data load time: 0.28742, step time: 0.03202
epoch: [10], step: [1269/1543], batch loss: 0.18975, batch accuracy: 73.73, data load time: 0.26474, step time: 0.03395
epoch: [10], step: [1369/1543], batch loss: 0.23195, batch accuracy: 86.92, data load time: 0.23753, step time: 0.03906
epoch: [10], step: [1469/1543], batch loss: 0.17877, batch accuracy: 83.47, data load time: 0.33912, step time: 0.03410
epoch: [11], step: [26/1543], batch loss: 0.19291, batch accuracy: 82.08, data load time: 0.20378, step time: 0.03560
epoch: [11], step: [126/1543], batch loss: 0.28373, batch accuracy: 74.08, data load time: 0.25680, step time: 0.04116
epoch: [11], step: [226/1543], batch loss: 0.19097, batch accuracy: 81.30, data load time: 0.27774, step time: 0.03694
epoch: [11], step: [326/1543], batch loss: 0.20227, batch accuracy: 81.69, data load time: 0.41300, step time: 0.03599
epoch: [11], step: [426/1543], batch loss: 0.17873, batch accuracy: 81.41, data load time: 0.28358, step time: 0.03489
epoch: [11], step: [526/1543], batch loss: 0.21406, batch accuracy: 71.17, data load time: 0.32420, step time: 0.03697
epoch: [11], step: [626/1543], batch loss: 0.17711, batch accuracy: 84.26, data load time: 0.29837, step time: 0.03481
epoch: [11], step: [726/1543], batch loss: 0.20644, batch accuracy: 86.83, data load time: 0.35545, step time: 0.03816
epoch: [11], step: [826/1543], batch loss: 0.19930, batch accuracy: 77.67, data load time: 0.23242, step time: 0.03184
epoch: [11], step: [926/1543], batch loss: 0.21743, batch accuracy: 66.36, data load time: 0.25823, step time: 0.03446
epoch: [11], step: [1026/1543], batch loss: 0.18023, batch accuracy: 86.03, data load time: 0.30307, step time: 0.03480
epoch: [11], step: [1126/1543], batch loss: 0.23082, batch accuracy: 76.54, data load time: 0.27450, step time: 0.03713
epoch: [11], step: [1226/1543], batch loss: 0.15689, batch accuracy: 88.46, data load time: 0.30380, step time: 0.03256
epoch: [11], step: [1326/1543], batch loss: 0.20130, batch accuracy: 79.36, data load time: 0.38605, step time: 0.03763
epoch: [11], step: [1426/1543], batch loss: 0.20281, batch accuracy: 83.66, data load time: 0.30895, step time: 0.03602
epoch: [11], step: [1526/1543], batch loss: 0.23312, batch accuracy: 73.90, data load time: 0.32208, step time: 0.03945
epoch: [12], step: [83/1543], batch loss: 0.17658, batch accuracy: 85.11, data load time: 0.26206, step time: 0.03423
epoch: [12], step: [183/1543], batch loss: 0.14055, batch accuracy: 76.44, data load time: 0.29083, step time: 0.02987
epoch: [12], step: [283/1543], batch loss: 0.16552, batch accuracy: 88.64, data load time: 0.33865, step time: 0.03137
epoch: [12], step: [383/1543], batch loss: 0.14541, batch accuracy: 88.47, data load time: 0.34401, step time: 0.02976
epoch: [12], step: [483/1543], batch loss: 0.20597, batch accuracy: 81.47, data load time: 0.23999, step time: 0.03331
epoch: [12], step: [583/1543], batch loss: 0.17616, batch accuracy: 81.56, data load time: 0.25819, step time: 0.03407
epoch: [12], step: [683/1543], batch loss: 0.16514, batch accuracy: 79.43, data load time: 0.34345, step time: 0.03327
epoch: [12], step: [783/1543], batch loss: 0.20302, batch accuracy: 68.26, data load time: 0.26971, step time: 0.03427
epoch: [12], step: [883/1543], batch loss: 0.19448, batch accuracy: 73.80, data load time: 0.38717, step time: 0.03257
epoch: [12], step: [983/1543], batch loss: 0.19051, batch accuracy: 80.46, data load time: 0.30691, step time: 0.03347
epoch: [12], step: [1083/1543], batch loss: 0.15830, batch accuracy: 67.50, data load time: 0.31415, step time: 0.02906
epoch: [12], step: [1183/1543], batch loss: 0.22148, batch accuracy: 69.62, data load time: 0.29702, step time: 0.03770
epoch: [12], step: [1283/1543], batch loss: 0.15283, batch accuracy: 83.85, data load time: 0.39992, step time: 0.03280
epoch: [12], step: [1383/1543], batch loss: 0.16646, batch accuracy: 84.89, data load time: 0.31376, step time: 0.03410
epoch: [12], step: [1483/1543], batch loss: 0.13192, batch accuracy: 84.68, data load time: 0.26520, step time: 0.03069
epoch: [13], step: [40/1543], batch loss: 0.14086, batch accuracy: 89.62, data load time: 0.20773, step time: 0.03367
epoch: [13], step: [140/1543], batch loss: 0.15676, batch accuracy: 87.36, data load time: 0.40358, step time: 0.03440
epoch: [13], step: [240/1543], batch loss: 0.18854, batch accuracy: 77.61, data load time: 0.28806, step time: 0.03693
epoch: [13], step: [340/1543], batch loss: 0.21163, batch accuracy: 74.73, data load time: 0.33053, step time: 0.03554
epoch: [13], step: [440/1543], batch loss: 0.19069, batch accuracy: 85.24, data load time: 0.26334, step time: 0.03776
epoch: [13], step: [540/1543], batch loss: 0.14834, batch accuracy: 91.86, data load time: 0.24470, step time: 0.03497
epoch: [13], step: [640/1543], batch loss: 0.17935, batch accuracy: 90.26, data load time: 0.35378, step time: 0.03632
epoch: [13], step: [740/1543], batch loss: 0.22700, batch accuracy: 82.42, data load time: 0.25891, step time: 0.03655
epoch: [13], step: [840/1543], batch loss: 0.15635, batch accuracy: 76.19, data load time: 0.29907, step time: 0.03207
epoch: [13], step: [940/1543], batch loss: 0.14837, batch accuracy: 87.89, data load time: 0.31829, step time: 0.03223
epoch: [13], step: [1040/1543], batch loss: 0.17835, batch accuracy: 82.73, data load time: 0.31674, step time: 0.03349
epoch: [13], step: [1140/1543], batch loss: 0.13405, batch accuracy: 82.87, data load time: 0.26960, step time: 0.02988
epoch: [13], step: [1240/1543], batch loss: 0.16665, batch accuracy: 88.47, data load time: 0.33341, step time: 0.03680
epoch: [13], step: [1340/1543], batch loss: 0.18351, batch accuracy: 82.95, data load time: 0.21491, step time: 0.03323
epoch: [13], step: [1440/1543], batch loss: 0.15328, batch accuracy: 81.31, data load time: 0.25925, step time: 0.03201
epoch: [13], step: [1540/1543], batch loss: 0.14764, batch accuracy: 78.59, data load time: 0.31597, step time: 0.03129
epoch: [14], step: [97/1543], batch loss: 0.15241, batch accuracy: 90.83, data load time: 0.17240, step time: 0.03409
epoch: [14], step: [197/1543], batch loss: 0.19294, batch accuracy: 85.98, data load time: 0.28896, step time: 0.03288
epoch: [14], step: [297/1543], batch loss: 0.20944, batch accuracy: 81.04, data load time: 0.31547, step time: 0.03124
epoch: [14], step: [397/1543], batch loss: 0.15510, batch accuracy: 92.72, data load time: 0.32245, step time: 0.03626
epoch: [14], step: [497/1543], batch loss: 0.16019, batch accuracy: 91.95, data load time: 0.42631, step time: 0.03471
epoch: [14], step: [597/1543], batch loss: 0.17955, batch accuracy: 82.29, data load time: 0.31207, step time: 0.03346
epoch: [14], step: [697/1543], batch loss: 0.14172, batch accuracy: 85.12, data load time: 0.27798, step time: 0.03210
epoch: [14], step: [797/1543], batch loss: 0.14166, batch accuracy: 90.03, data load time: 0.30652, step time: 0.03483
epoch: [14], step: [897/1543], batch loss: 0.27183, batch accuracy: 77.87, data load time: 0.26474, step time: 0.04180
epoch: [14], step: [997/1543], batch loss: 0.12082, batch accuracy: 89.12, data load time: 0.30321, step time: 0.03148
epoch: [14], step: [1097/1543], batch loss: 0.15143, batch accuracy: 89.91, data load time: 0.30766, step time: 0.03329
epoch: [14], step: [1197/1543], batch loss: 0.18101, batch accuracy: 77.23, data load time: 0.32977, step time: 0.03246
epoch: [14], step: [1297/1543], batch loss: 0.22228, batch accuracy: 86.34, data load time: 0.30705, step time: 0.03670
epoch: [14], step: [1397/1543], batch loss: 0.19545, batch accuracy: 84.89, data load time: 0.33954, step time: 0.03608
epoch: [14], step: [1497/1543], batch loss: 0.16911, batch accuracy: 87.47, data load time: 0.23819, step time: 0.03625
EVALUATION METRICS:
-------------------------------------------------------------

Validation: AUC Score: 0.5000

-------------------------------------------------------------
validation loss: 17.17825, accuracy: 50.00
epoch: [15], step: [54/1543], batch loss: 0.17676, batch accuracy: 81.16, data load time: 0.28777, step time: 0.03714
epoch: [15], step: [154/1543], batch loss: 0.18516, batch accuracy: 75.19, data load time: 0.26225, step time: 0.03562
epoch: [15], step: [254/1543], batch loss: 0.15869, batch accuracy: 91.22, data load time: 0.28895, step time: 0.03719
epoch: [15], step: [354/1543], batch loss: 0.15350, batch accuracy: 89.28, data load time: 0.34811, step time: 0.03544
epoch: [15], step: [454/1543], batch loss: 0.19330, batch accuracy: 80.17, data load time: 0.26271, step time: 0.03616
epoch: [15], step: [554/1543], batch loss: 0.14916, batch accuracy: 87.35, data load time: 0.24816, step time: 0.03143
epoch: [15], step: [654/1543], batch loss: 0.13522, batch accuracy: 92.29, data load time: 0.33737, step time: 0.03347
epoch: [15], step: [754/1543], batch loss: 0.20719, batch accuracy: 88.49, data load time: 0.21644, step time: 0.03751
epoch: [15], step: [854/1543], batch loss: 0.12816, batch accuracy: 90.60, data load time: 0.21367, step time: 0.03029
epoch: [15], step: [954/1543], batch loss: 0.16591, batch accuracy: 88.35, data load time: 0.25167, step time: 0.03551
epoch: [15], step: [1054/1543], batch loss: 0.16040, batch accuracy: 71.88, data load time: 0.32918, step time: 0.03352
epoch: [15], step: [1154/1543], batch loss: 0.23017, batch accuracy: 80.45, data load time: 0.32193, step time: 0.03811
epoch: [15], step: [1254/1543], batch loss: 0.21507, batch accuracy: 85.70, data load time: 0.31518, step time: 0.03963
epoch: [15], step: [1354/1543], batch loss: 0.27674, batch accuracy: 75.04, data load time: 0.38364, step time: 0.03950
epoch: [15], step: [1454/1543], batch loss: 0.14825, batch accuracy: 83.26, data load time: 0.27535, step time: 0.03154
epoch: [16], step: [11/1543], batch loss: 0.17278, batch accuracy: 84.81, data load time: 0.30356, step time: 0.03749
epoch: [16], step: [111/1543], batch loss: 0.15070, batch accuracy: 79.53, data load time: 0.34542, step time: 0.03134
epoch: [16], step: [211/1543], batch loss: 0.26536, batch accuracy: 77.93, data load time: 0.37404, step time: 0.03963
epoch: [16], step: [311/1543], batch loss: 0.17171, batch accuracy: 83.95, data load time: 0.34875, step time: 0.03184
epoch: [16], step: [411/1543], batch loss: 0.16315, batch accuracy: 92.42, data load time: 0.28306, step time: 0.03488
epoch: [16], step: [511/1543], batch loss: 0.14270, batch accuracy: 85.83, data load time: 0.40255, step time: 0.03282
epoch: [16], step: [611/1543], batch loss: 0.18739, batch accuracy: 73.85, data load time: 0.35766, step time: 0.03349
epoch: [16], step: [711/1543], batch loss: 0.15997, batch accuracy: 89.99, data load time: 0.31868, step time: 0.03610
epoch: [16], step: [811/1543], batch loss: 0.14974, batch accuracy: 86.70, data load time: 0.28515, step time: 0.03399
epoch: [16], step: [911/1543], batch loss: 0.16751, batch accuracy: 82.18, data load time: 0.19077, step time: 0.03348
epoch: [16], step: [1011/1543], batch loss: 0.21328, batch accuracy: 85.14, data load time: 0.23358, step time: 0.03552
epoch: [16], step: [1111/1543], batch loss: 0.20262, batch accuracy: 67.70, data load time: 0.36303, step time: 0.03403
epoch: [16], step: [1211/1543], batch loss: 0.18557, batch accuracy: 84.94, data load time: 0.28366, step time: 0.03613
epoch: [16], step: [1311/1543], batch loss: 0.15351, batch accuracy: 83.73, data load time: 0.35048, step time: 0.03536
epoch: [16], step: [1411/1543], batch loss: 0.16428, batch accuracy: 88.73, data load time: 0.36710, step time: 0.03460
epoch: [16], step: [1511/1543], batch loss: 0.20066, batch accuracy: 63.42, data load time: 0.37162, step time: 0.03426
epoch: [17], step: [68/1543], batch loss: 0.19215, batch accuracy: 82.55, data load time: 0.26619, step time: 0.03369
epoch: [17], step: [168/1543], batch loss: 0.15907, batch accuracy: 81.87, data load time: 0.33275, step time: 0.03271
epoch: [17], step: [268/1543], batch loss: 0.16860, batch accuracy: 83.99, data load time: 0.34535, step time: 0.03423
epoch: [17], step: [368/1543], batch loss: 0.17018, batch accuracy: 80.70, data load time: 0.25903, step time: 0.03499
epoch: [17], step: [468/1543], batch loss: 0.12689, batch accuracy: 90.45, data load time: 0.28585, step time: 0.03192
epoch: [17], step: [568/1543], batch loss: 0.11589, batch accuracy: 87.36, data load time: 0.25985, step time: 0.02873
epoch: [17], step: [668/1543], batch loss: 0.14695, batch accuracy: 85.34, data load time: 0.28445, step time: 0.03347
epoch: [17], step: [768/1543], batch loss: 0.15753, batch accuracy: 80.48, data load time: 0.29026, step time: 0.03206
epoch: [17], step: [868/1543], batch loss: 0.10907, batch accuracy: 85.97, data load time: 0.36630, step time: 0.02995
epoch: [17], step: [968/1543], batch loss: 0.13626, batch accuracy: 91.79, data load time: 0.33275, step time: 0.03484
epoch: [17], step: [1068/1543], batch loss: 0.10240, batch accuracy: 87.87, data load time: 0.35598, step time: 0.02867
epoch: [17], step: [1168/1543], batch loss: 0.20479, batch accuracy: 84.51, data load time: 0.27790, step time: 0.03910
epoch: [17], step: [1268/1543], batch loss: 0.22029, batch accuracy: 80.42, data load time: 0.32333, step time: 0.03605
epoch: [17], step: [1368/1543], batch loss: 0.14842, batch accuracy: 90.80, data load time: 0.29682, step time: 0.03621
epoch: [17], step: [1468/1543], batch loss: 0.20802, batch accuracy: 75.86, data load time: 0.26242, step time: 0.03630
epoch: [18], step: [25/1543], batch loss: 0.17586, batch accuracy: 75.78, data load time: 0.25796, step time: 0.03370
epoch: [18], step: [125/1543], batch loss: 0.17255, batch accuracy: 92.33, data load time: 0.31302, step time: 0.03905
epoch: [18], step: [225/1543], batch loss: 0.16709, batch accuracy: 85.88, data load time: 0.29657, step time: 0.03646
epoch: [18], step: [325/1543], batch loss: 0.19942, batch accuracy: 84.60, data load time: 0.29338, step time: 0.03841
epoch: [18], step: [425/1543], batch loss: 0.19898, batch accuracy: 74.16, data load time: 0.28346, step time: 0.03607
epoch: [18], step: [525/1543], batch loss: 0.13296, batch accuracy: 89.16, data load time: 0.33999, step time: 0.03206
epoch: [18], step: [625/1543], batch loss: 0.21491, batch accuracy: 82.97, data load time: 0.25165, step time: 0.03630
epoch: [18], step: [725/1543], batch loss: 0.12404, batch accuracy: 90.75, data load time: 0.32380, step time: 0.03014
epoch: [18], step: [825/1543], batch loss: 0.15944, batch accuracy: 88.35, data load time: 0.38242, step time: 0.03492
epoch: [18], step: [925/1543], batch loss: 0.13301, batch accuracy: 95.31, data load time: 0.29801, step time: 0.03619
epoch: [18], step: [1025/1543], batch loss: 0.18301, batch accuracy: 87.06, data load time: 0.23010, step time: 0.03704
epoch: [18], step: [1125/1543], batch loss: 0.18354, batch accuracy: 77.39, data load time: 0.33962, step time: 0.03278
epoch: [18], step: [1225/1543], batch loss: 0.19156, batch accuracy: 85.56, data load time: 0.33758, step time: 0.03776
epoch: [18], step: [1325/1543], batch loss: 0.11875, batch accuracy: 88.62, data load time: 0.31009, step time: 0.02841
epoch: [18], step: [1425/1543], batch loss: 0.22386, batch accuracy: 82.90, data load time: 0.31511, step time: 0.03765
epoch: [18], step: [1525/1543], batch loss: 0.17939, batch accuracy: 88.82, data load time: 0.27318, step time: 0.03886
epoch: [19], step: [82/1543], batch loss: 0.15266, batch accuracy: 86.38, data load time: 0.25447, step time: 0.03304
epoch: [19], step: [182/1543], batch loss: 0.17406, batch accuracy: 89.97, data load time: 0.30420, step time: 0.03502
epoch: [19], step: [282/1543], batch loss: 0.14618, batch accuracy: 91.02, data load time: 0.21225, step time: 0.03579
epoch: [19], step: [382/1543], batch loss: 0.21495, batch accuracy: 58.55, data load time: 0.32569, step time: 0.03138
epoch: [19], step: [482/1543], batch loss: 0.15424, batch accuracy: 86.01, data load time: 0.37147, step time: 0.03004
epoch: [19], step: [582/1543], batch loss: 0.15068, batch accuracy: 84.97, data load time: 0.25293, step time: 0.03487
epoch: [19], step: [682/1543], batch loss: 0.21142, batch accuracy: 77.84, data load time: 0.27741, step time: 0.03361
epoch: [19], step: [782/1543], batch loss: 0.14335, batch accuracy: 75.38, data load time: 0.23719, step time: 0.03086
epoch: [19], step: [882/1543], batch loss: 0.19368, batch accuracy: 79.00, data load time: 0.40631, step time: 0.03361
epoch: [19], step: [982/1543], batch loss: 0.16623, batch accuracy: 91.60, data load time: 0.30509, step time: 0.03702
epoch: [19], step: [1082/1543], batch loss: 0.15213, batch accuracy: 91.08, data load time: 0.25568, step time: 0.03351
epoch: [19], step: [1182/1543], batch loss: 0.19470, batch accuracy: 81.55, data load time: 0.28724, step time: 0.03485
epoch: [19], step: [1282/1543], batch loss: 0.18295, batch accuracy: 68.48, data load time: 0.32053, step time: 0.03104
epoch: [19], step: [1382/1543], batch loss: 0.13177, batch accuracy: 88.93, data load time: 0.26762, step time: 0.02980
epoch: [19], step: [1482/1543], batch loss: 0.16374, batch accuracy: 80.92, data load time: 0.30268, step time: 0.03356
EVALUATION METRICS:
-------------------------------------------------------------

Validation: AUC Score: 0.5000

-------------------------------------------------------------
validation loss: 8.51916, accuracy: 50.00
