Loading data from /mnt/storage/scratch/ee20947/MagnaTagATune/annotations/train.pkl...
Loading data from /mnt/storage/scratch/ee20947/MagnaTagATune/annotations/train.pkl...
Loading data from /mnt/storage/scratch/ee20947/MagnaTagATune/annotations/val.pkl...
Loading data from /mnt/storage/scratch/ee20947/MagnaTagATune/annotations/test.pkl...
Writing logs to logs/CNN_sgd_momentum=0.93_learning_rate=0.2_conv_length=256_conv_stride=256_batch_size=10_epochs=25_weight_decay=1e-05_run_0
epoch: [0], step: [99/1543], batch loss: 0.28593, batch accuracy: 59.09, data load time: 0.09173, step time: 0.03865
epoch: [0], step: [199/1543], batch loss: 0.21934, batch accuracy: 66.87, data load time: 0.18027, step time: 0.03381
epoch: [0], step: [299/1543], batch loss: 0.16115, batch accuracy: 66.15, data load time: 0.19462, step time: 0.03006
epoch: [0], step: [399/1543], batch loss: 0.20908, batch accuracy: 66.67, data load time: 0.16772, step time: 0.03757
epoch: [0], step: [499/1543], batch loss: 0.19280, batch accuracy: 73.46, data load time: 0.16876, step time: 0.03496
epoch: [0], step: [599/1543], batch loss: 0.22219, batch accuracy: 76.91, data load time: 0.23000, step time: 0.03677
epoch: [0], step: [699/1543], batch loss: 0.17672, batch accuracy: 76.09, data load time: 0.11770, step time: 0.03526
epoch: [0], step: [799/1543], batch loss: 0.17397, batch accuracy: 73.51, data load time: 0.15950, step time: 0.03047
epoch: [0], step: [899/1543], batch loss: 0.15875, batch accuracy: 82.55, data load time: 0.14916, step time: 0.03181
epoch: [0], step: [999/1543], batch loss: 0.18005, batch accuracy: 82.07, data load time: 0.14866, step time: 0.03321
epoch: [0], step: [1099/1543], batch loss: 0.15234, batch accuracy: 82.13, data load time: 0.11049, step time: 0.03252
epoch: [0], step: [1199/1543], batch loss: 0.19688, batch accuracy: 74.27, data load time: 0.14584, step time: 0.03270
epoch: [0], step: [1299/1543], batch loss: 0.15598, batch accuracy: 74.95, data load time: 0.15779, step time: 0.03118
epoch: [0], step: [1399/1543], batch loss: 0.19655, batch accuracy: 78.83, data load time: 0.11267, step time: 0.03396
epoch: [0], step: [1499/1543], batch loss: 0.22169, batch accuracy: 71.95, data load time: 0.17632, step time: 0.03573
epoch: [1], step: [56/1543], batch loss: 0.26096, batch accuracy: 69.60, data load time: 0.13200, step time: 0.04036
epoch: [1], step: [156/1543], batch loss: 0.16443, batch accuracy: 79.68, data load time: 0.14122, step time: 0.03140
epoch: [1], step: [256/1543], batch loss: 0.22736, batch accuracy: 73.05, data load time: 0.13637, step time: 0.03830
epoch: [1], step: [356/1543], batch loss: 0.22845, batch accuracy: 82.04, data load time: 0.12522, step time: 0.03807
epoch: [1], step: [456/1543], batch loss: 0.14673, batch accuracy: 65.77, data load time: 0.12462, step time: 0.02688
epoch: [1], step: [556/1543], batch loss: 0.21333, batch accuracy: 78.12, data load time: 0.13459, step time: 0.03759
epoch: [1], step: [656/1543], batch loss: 0.17614, batch accuracy: 71.77, data load time: 0.20180, step time: 0.03255
epoch: [1], step: [756/1543], batch loss: 0.17746, batch accuracy: 71.92, data load time: 0.20102, step time: 0.03263
epoch: [1], step: [856/1543], batch loss: 0.17945, batch accuracy: 59.74, data load time: 0.13263, step time: 0.02979
epoch: [1], step: [956/1543], batch loss: 0.18435, batch accuracy: 68.44, data load time: 0.13030, step time: 0.03173
epoch: [1], step: [1056/1543], batch loss: 0.18639, batch accuracy: 64.37, data load time: 0.14834, step time: 0.03330
epoch: [1], step: [1156/1543], batch loss: 0.20224, batch accuracy: 67.39, data load time: 0.10730, step time: 0.03584
epoch: [1], step: [1256/1543], batch loss: 0.17506, batch accuracy: 91.02, data load time: 0.19617, step time: 0.03616
epoch: [1], step: [1356/1543], batch loss: 0.18266, batch accuracy: 81.18, data load time: 0.16323, step time: 0.03600
epoch: [1], step: [1456/1543], batch loss: 0.18659, batch accuracy: 85.16, data load time: 0.15793, step time: 0.03402
epoch: [2], step: [13/1543], batch loss: 0.15706, batch accuracy: 75.95, data load time: 0.11282, step time: 0.03221
epoch: [2], step: [113/1543], batch loss: 0.23238, batch accuracy: 65.67, data load time: 0.11124, step time: 0.03503
epoch: [2], step: [213/1543], batch loss: 0.20028, batch accuracy: 86.99, data load time: 0.18824, step time: 0.03848
epoch: [2], step: [313/1543], batch loss: 0.22945, batch accuracy: 72.70, data load time: 0.12536, step time: 0.03561
epoch: [2], step: [413/1543], batch loss: 0.14918, batch accuracy: 78.81, data load time: 0.15638, step time: 0.03057
epoch: [2], step: [513/1543], batch loss: 0.19096, batch accuracy: 80.45, data load time: 0.14983, step time: 0.03630
epoch: [2], step: [613/1543], batch loss: 0.16863, batch accuracy: 70.19, data load time: 0.06089, step time: 0.03201
epoch: [2], step: [713/1543], batch loss: 0.22650, batch accuracy: 74.77, data load time: 0.13938, step time: 0.03599
epoch: [2], step: [813/1543], batch loss: 0.19982, batch accuracy: 81.95, data load time: 0.15279, step time: 0.03846
epoch: [2], step: [913/1543], batch loss: 0.19001, batch accuracy: 75.35, data load time: 0.09813, step time: 0.03273
epoch: [2], step: [1013/1543], batch loss: 0.24265, batch accuracy: 77.55, data load time: 0.20687, step time: 0.03908
epoch: [2], step: [1113/1543], batch loss: 0.17395, batch accuracy: 81.98, data load time: 0.16396, step time: 0.03487
epoch: [2], step: [1213/1543], batch loss: 0.19603, batch accuracy: 81.86, data load time: 0.16437, step time: 0.03702
epoch: [2], step: [1313/1543], batch loss: 0.19230, batch accuracy: 84.50, data load time: 0.22044, step time: 0.03481
epoch: [2], step: [1413/1543], batch loss: 0.22560, batch accuracy: 81.53, data load time: 0.26114, step time: 0.03624
epoch: [2], step: [1513/1543], batch loss: 0.21414, batch accuracy: 74.30, data load time: 0.11682, step time: 0.03485
epoch: [3], step: [70/1543], batch loss: 0.17481, batch accuracy: 84.61, data load time: 0.07496, step time: 0.03403
epoch: [3], step: [170/1543], batch loss: 0.25169, batch accuracy: 67.30, data load time: 0.07580, step time: 0.03125
epoch: [3], step: [270/1543], batch loss: 0.18047, batch accuracy: 76.34, data load time: 0.10166, step time: 0.03478
epoch: [3], step: [370/1543], batch loss: 0.12726, batch accuracy: 92.55, data load time: 0.07600, step time: 0.02902
epoch: [3], step: [470/1543], batch loss: 0.12492, batch accuracy: 91.21, data load time: 0.13937, step time: 0.03058
epoch: [3], step: [570/1543], batch loss: 0.18338, batch accuracy: 75.57, data load time: 0.12235, step time: 0.03455
epoch: [3], step: [670/1543], batch loss: 0.21954, batch accuracy: 84.98, data load time: 0.08447, step time: 0.03960
epoch: [3], step: [770/1543], batch loss: 0.19851, batch accuracy: 81.63, data load time: 0.10676, step time: 0.03351
epoch: [3], step: [870/1543], batch loss: 0.17576, batch accuracy: 90.25, data load time: 0.19507, step time: 0.03628
epoch: [3], step: [970/1543], batch loss: 0.16807, batch accuracy: 81.21, data load time: 0.18047, step time: 0.03337
epoch: [3], step: [1070/1543], batch loss: 0.16617, batch accuracy: 83.97, data load time: 0.12729, step time: 0.03866
epoch: [3], step: [1170/1543], batch loss: 0.21034, batch accuracy: 71.85, data load time: 0.13035, step time: 0.03834
epoch: [3], step: [1270/1543], batch loss: 0.23287, batch accuracy: 74.65, data load time: 0.14896, step time: 0.03336
epoch: [3], step: [1370/1543], batch loss: 0.17490, batch accuracy: 81.62, data load time: 0.14069, step time: 0.03540
epoch: [3], step: [1470/1543], batch loss: 0.19669, batch accuracy: 82.06, data load time: 0.18023, step time: 0.03633
epoch: [4], step: [27/1543], batch loss: 0.19760, batch accuracy: 84.33, data load time: 0.07066, step time: 0.03554
epoch: [4], step: [127/1543], batch loss: 0.17218, batch accuracy: 83.59, data load time: 0.12560, step time: 0.03616
epoch: [4], step: [227/1543], batch loss: 0.16274, batch accuracy: 80.02, data load time: 0.07184, step time: 0.03066
epoch: [4], step: [327/1543], batch loss: 0.17407, batch accuracy: 81.30, data load time: 0.10529, step time: 0.03366
epoch: [4], step: [427/1543], batch loss: 0.20171, batch accuracy: 78.41, data load time: 0.08334, step time: 0.03327
epoch: [4], step: [527/1543], batch loss: 0.14922, batch accuracy: 75.89, data load time: 0.12791, step time: 0.02920
epoch: [4], step: [627/1543], batch loss: 0.19485, batch accuracy: 84.37, data load time: 0.17180, step time: 0.03617
epoch: [4], step: [727/1543], batch loss: 0.17945, batch accuracy: 89.97, data load time: 0.20021, step time: 0.03568
epoch: [4], step: [827/1543], batch loss: 0.20909, batch accuracy: 84.21, data load time: 0.16423, step time: 0.04538
epoch: [4], step: [927/1543], batch loss: 0.17396, batch accuracy: 80.07, data load time: 0.20058, step time: 0.03881
epoch: [4], step: [1027/1543], batch loss: 0.20637, batch accuracy: 87.73, data load time: 0.16030, step time: 0.04024
epoch: [4], step: [1127/1543], batch loss: 0.18842, batch accuracy: 74.78, data load time: 0.10378, step time: 0.03523
epoch: [4], step: [1227/1543], batch loss: 0.20324, batch accuracy: 86.92, data load time: 0.15089, step time: 0.03963
epoch: [4], step: [1327/1543], batch loss: 0.18444, batch accuracy: 85.00, data load time: 0.12303, step time: 0.03401
epoch: [4], step: [1427/1543], batch loss: 0.17115, batch accuracy: 80.26, data load time: 0.13501, step time: 0.03401
epoch: [4], step: [1527/1543], batch loss: 0.18785, batch accuracy: 51.93, data load time: 0.20188, step time: 0.02984
EVALUATION METRICS:
-------------------------------------------------------------

Validation: AUC Score: 0.8083

-------------------------------------------------------------
validation loss: 0.17474, accuracy: 80.83
epoch: [5], step: [84/1543], batch loss: 0.20812, batch accuracy: 76.80, data load time: 0.11857, step time: 0.03697
epoch: [5], step: [184/1543], batch loss: 0.24788, batch accuracy: 76.59, data load time: 0.14406, step time: 0.03549
epoch: [5], step: [284/1543], batch loss: 0.17267, batch accuracy: 78.75, data load time: 0.11167, step time: 0.03516
epoch: [5], step: [384/1543], batch loss: 0.13434, batch accuracy: 88.91, data load time: 0.13409, step time: 0.03556
epoch: [5], step: [484/1543], batch loss: 0.19308, batch accuracy: 82.54, data load time: 0.16638, step time: 0.03764
epoch: [5], step: [584/1543], batch loss: 0.20395, batch accuracy: 87.50, data load time: 0.21656, step time: 0.03674
epoch: [5], step: [684/1543], batch loss: 0.20171, batch accuracy: 79.96, data load time: 0.15854, step time: 0.03697
epoch: [5], step: [784/1543], batch loss: 0.17281, batch accuracy: 75.22, data load time: 0.17781, step time: 0.03259
epoch: [5], step: [884/1543], batch loss: 0.14411, batch accuracy: 86.57, data load time: 0.05611, step time: 0.03133
epoch: [5], step: [984/1543], batch loss: 0.15719, batch accuracy: 80.34, data load time: 0.04229, step time: 0.03717
epoch: [5], step: [1084/1543], batch loss: 0.18177, batch accuracy: 84.88, data load time: 0.13018, step time: 0.03683
epoch: [5], step: [1184/1543], batch loss: 0.15408, batch accuracy: 85.21, data load time: 0.12568, step time: 0.03583
epoch: [5], step: [1284/1543], batch loss: 0.18374, batch accuracy: 75.24, data load time: 0.10884, step time: 0.03341
epoch: [5], step: [1384/1543], batch loss: 0.16174, batch accuracy: 89.78, data load time: 0.18207, step time: 0.03162
epoch: [5], step: [1484/1543], batch loss: 0.14903, batch accuracy: 80.52, data load time: 0.09948, step time: 0.03403
epoch: [6], step: [41/1543], batch loss: 0.19738, batch accuracy: 92.12, data load time: 0.15165, step time: 0.03762
epoch: [6], step: [141/1543], batch loss: 0.13832, batch accuracy: 94.03, data load time: 0.13998, step time: 0.03190
epoch: [6], step: [241/1543], batch loss: 0.15798, batch accuracy: 88.65, data load time: 0.08531, step time: 0.03470
epoch: [6], step: [341/1543], batch loss: 0.17548, batch accuracy: 80.11, data load time: 0.13016, step time: 0.03414
epoch: [6], step: [441/1543], batch loss: 0.18601, batch accuracy: 90.69, data load time: 0.09714, step time: 0.03829
epoch: [6], step: [541/1543], batch loss: 0.18585, batch accuracy: 83.15, data load time: 0.09692, step time: 0.04000
epoch: [6], step: [641/1543], batch loss: 0.20374, batch accuracy: 82.65, data load time: 0.08875, step time: 0.03551
epoch: [6], step: [741/1543], batch loss: 0.17258, batch accuracy: 79.71, data load time: 0.14673, step time: 0.03390
epoch: [6], step: [841/1543], batch loss: 0.19591, batch accuracy: 81.67, data load time: 0.09950, step time: 0.03883
epoch: [6], step: [941/1543], batch loss: 0.16381, batch accuracy: 74.47, data load time: 0.09497, step time: 0.03186
epoch: [6], step: [1041/1543], batch loss: 0.17550, batch accuracy: 90.82, data load time: 0.12267, step time: 0.03322
epoch: [6], step: [1141/1543], batch loss: 0.15994, batch accuracy: 85.59, data load time: 0.17981, step time: 0.03326
epoch: [6], step: [1241/1543], batch loss: 0.15440, batch accuracy: 82.93, data load time: 0.15263, step time: 0.03485
epoch: [6], step: [1341/1543], batch loss: 0.17184, batch accuracy: 86.71, data load time: 0.17075, step time: 0.03959
epoch: [6], step: [1441/1543], batch loss: 0.16516, batch accuracy: 76.39, data load time: 0.10399, step time: 0.04086
epoch: [6], step: [1541/1543], batch loss: 0.12786, batch accuracy: 81.51, data load time: 0.21406, step time: 0.03047
epoch: [7], step: [98/1543], batch loss: 0.16302, batch accuracy: 78.42, data load time: 0.11863, step time: 0.03326
epoch: [7], step: [198/1543], batch loss: 0.17000, batch accuracy: 89.45, data load time: 0.08928, step time: 0.03424
epoch: [7], step: [298/1543], batch loss: 0.21148, batch accuracy: 87.71, data load time: 0.09298, step time: 0.03913
epoch: [7], step: [398/1543], batch loss: 0.17365, batch accuracy: 82.70, data load time: 0.13427, step time: 0.03623
epoch: [7], step: [498/1543], batch loss: 0.18892, batch accuracy: 88.70, data load time: 0.17789, step time: 0.03479
epoch: [7], step: [598/1543], batch loss: 0.16794, batch accuracy: 89.11, data load time: 0.05035, step time: 0.03406
epoch: [7], step: [698/1543], batch loss: 0.17873, batch accuracy: 81.75, data load time: 0.17556, step time: 0.03333
epoch: [7], step: [798/1543], batch loss: 0.18676, batch accuracy: 89.76, data load time: 0.15166, step time: 0.03615
epoch: [7], step: [898/1543], batch loss: 0.13460, batch accuracy: 87.42, data load time: 0.22357, step time: 0.03119
epoch: [7], step: [998/1543], batch loss: 0.19088, batch accuracy: 70.80, data load time: 0.06324, step time: 0.03335
epoch: [7], step: [1098/1543], batch loss: 0.12811, batch accuracy: 93.80, data load time: 0.09698, step time: 0.03033
epoch: [7], step: [1198/1543], batch loss: 0.14287, batch accuracy: 86.74, data load time: 0.20832, step time: 0.03241
epoch: [7], step: [1298/1543], batch loss: 0.18133, batch accuracy: 89.68, data load time: 0.12018, step time: 0.03472
epoch: [7], step: [1398/1543], batch loss: 0.18106, batch accuracy: 93.04, data load time: 0.11495, step time: 0.03870
epoch: [7], step: [1498/1543], batch loss: 0.16104, batch accuracy: 87.69, data load time: 0.16096, step time: 0.02978
epoch: [8], step: [55/1543], batch loss: 0.12233, batch accuracy: 92.25, data load time: 0.09525, step time: 0.03301
epoch: [8], step: [155/1543], batch loss: 0.19346, batch accuracy: 63.89, data load time: 0.07530, step time: 0.03254
epoch: [8], step: [255/1543], batch loss: 0.18314, batch accuracy: 87.55, data load time: 0.08375, step time: 0.03219
epoch: [8], step: [355/1543], batch loss: 0.16259, batch accuracy: 75.94, data load time: 0.05946, step time: 0.03313
epoch: [8], step: [455/1543], batch loss: 0.19649, batch accuracy: 85.88, data load time: 0.12980, step time: 0.03837
epoch: [8], step: [555/1543], batch loss: 0.12224, batch accuracy: 87.99, data load time: 0.17678, step time: 0.03346
epoch: [8], step: [655/1543], batch loss: 0.13891, batch accuracy: 89.65, data load time: 0.10352, step time: 0.03524
epoch: [8], step: [755/1543], batch loss: 0.19193, batch accuracy: 80.55, data load time: 0.13540, step time: 0.03607
epoch: [8], step: [855/1543], batch loss: 0.17245, batch accuracy: 75.03, data load time: 0.19907, step time: 0.03137
epoch: [8], step: [955/1543], batch loss: 0.17136, batch accuracy: 81.33, data load time: 0.16555, step time: 0.03357
epoch: [8], step: [1055/1543], batch loss: 0.18075, batch accuracy: 83.64, data load time: 0.10635, step time: 0.03212
epoch: [8], step: [1155/1543], batch loss: 0.15221, batch accuracy: 87.75, data load time: 0.15681, step time: 0.03543
epoch: [8], step: [1255/1543], batch loss: 0.14646, batch accuracy: 79.28, data load time: 0.17343, step time: 0.03199
epoch: [8], step: [1355/1543], batch loss: 0.15062, batch accuracy: 92.19, data load time: 0.11801, step time: 0.03473
epoch: [8], step: [1455/1543], batch loss: 0.19234, batch accuracy: 77.20, data load time: 0.14502, step time: 0.03684
epoch: [9], step: [12/1543], batch loss: 0.12132, batch accuracy: 91.60, data load time: 0.04540, step time: 0.03256
epoch: [9], step: [112/1543], batch loss: 0.13978, batch accuracy: 84.92, data load time: 0.12216, step time: 0.04144
epoch: [9], step: [212/1543], batch loss: 0.16213, batch accuracy: 80.20, data load time: 0.14591, step time: 0.03415
epoch: [9], step: [312/1543], batch loss: 0.16845, batch accuracy: 89.64, data load time: 0.12054, step time: 0.03552
epoch: [9], step: [412/1543], batch loss: 0.15648, batch accuracy: 84.17, data load time: 0.13217, step time: 0.03185
epoch: [9], step: [512/1543], batch loss: 0.26737, batch accuracy: 79.20, data load time: 0.14752, step time: 0.03836
epoch: [9], step: [612/1543], batch loss: 0.15631, batch accuracy: 91.82, data load time: 0.09220, step time: 0.03541
epoch: [9], step: [712/1543], batch loss: 0.17103, batch accuracy: 84.07, data load time: 0.07570, step time: 0.03547
epoch: [9], step: [812/1543], batch loss: 0.18427, batch accuracy: 77.88, data load time: 0.18015, step time: 0.03408
epoch: [9], step: [912/1543], batch loss: 0.17502, batch accuracy: 81.00, data load time: 0.08216, step time: 0.03552
epoch: [9], step: [1012/1543], batch loss: 0.19770, batch accuracy: 85.06, data load time: 0.13523, step time: 0.03461
epoch: [9], step: [1112/1543], batch loss: 0.17555, batch accuracy: 74.84, data load time: 0.13695, step time: 0.03267
epoch: [9], step: [1212/1543], batch loss: 0.18186, batch accuracy: 80.01, data load time: 0.12805, step time: 0.03778
epoch: [9], step: [1312/1543], batch loss: 0.15761, batch accuracy: 86.12, data load time: 0.10104, step time: 0.03593
epoch: [9], step: [1412/1543], batch loss: 0.19940, batch accuracy: 83.58, data load time: 0.14370, step time: 0.03694
epoch: [9], step: [1512/1543], batch loss: 0.24260, batch accuracy: 79.20, data load time: 0.12594, step time: 0.03750
EVALUATION METRICS:
-------------------------------------------------------------

Validation: AUC Score: 0.8224

-------------------------------------------------------------
validation loss: 0.16575, accuracy: 82.24
epoch: [10], step: [69/1543], batch loss: 0.17000, batch accuracy: 84.20, data load time: 0.12855, step time: 0.03726
epoch: [10], step: [169/1543], batch loss: 0.19146, batch accuracy: 85.35, data load time: 0.12723, step time: 0.03996
epoch: [10], step: [269/1543], batch loss: 0.16416, batch accuracy: 84.36, data load time: 0.19449, step time: 0.03752
epoch: [10], step: [369/1543], batch loss: 0.19676, batch accuracy: 86.26, data load time: 0.17039, step time: 0.04185
epoch: [10], step: [469/1543], batch loss: 0.15134, batch accuracy: 83.65, data load time: 0.15610, step time: 0.03971
epoch: [10], step: [569/1543], batch loss: 0.16552, batch accuracy: 87.49, data load time: 0.18765, step time: 0.03264
epoch: [10], step: [669/1543], batch loss: 0.19287, batch accuracy: 72.87, data load time: 0.10873, step time: 0.03676
epoch: [10], step: [769/1543], batch loss: 0.17036, batch accuracy: 89.96, data load time: 0.18255, step time: 0.03848
epoch: [10], step: [869/1543], batch loss: 0.12963, batch accuracy: 86.85, data load time: 0.11141, step time: 0.03281
epoch: [10], step: [969/1543], batch loss: 0.23283, batch accuracy: 79.51, data load time: 0.07193, step time: 0.04014
epoch: [10], step: [1069/1543], batch loss: 0.13900, batch accuracy: 93.11, data load time: 0.10186, step time: 0.03547
epoch: [10], step: [1169/1543], batch loss: 0.21912, batch accuracy: 73.72, data load time: 0.17968, step time: 0.04467
epoch: [10], step: [1269/1543], batch loss: 0.16017, batch accuracy: 89.44, data load time: 0.13434, step time: 0.03620
epoch: [10], step: [1369/1543], batch loss: 0.15910, batch accuracy: 81.82, data load time: 0.15625, step time: 0.03685
epoch: [10], step: [1469/1543], batch loss: 0.15633, batch accuracy: 88.36, data load time: 0.16511, step time: 0.03323
epoch: [11], step: [26/1543], batch loss: 0.16893, batch accuracy: 87.17, data load time: 0.11241, step time: 0.03465
epoch: [11], step: [126/1543], batch loss: 0.13373, batch accuracy: 92.74, data load time: 0.15732, step time: 0.03519
epoch: [11], step: [226/1543], batch loss: 0.19008, batch accuracy: 74.20, data load time: 0.06816, step time: 0.03560
epoch: [11], step: [326/1543], batch loss: 0.15027, batch accuracy: 86.45, data load time: 0.12236, step time: 0.03398
epoch: [11], step: [426/1543], batch loss: 0.18232, batch accuracy: 81.39, data load time: 0.14915, step time: 0.03666
epoch: [11], step: [526/1543], batch loss: 0.17475, batch accuracy: 76.53, data load time: 0.14446, step time: 0.03607
epoch: [11], step: [626/1543], batch loss: 0.22892, batch accuracy: 89.26, data load time: 0.17733, step time: 0.03814
epoch: [11], step: [726/1543], batch loss: 0.13600, batch accuracy: 89.92, data load time: 0.14805, step time: 0.03402
epoch: [11], step: [826/1543], batch loss: 0.17077, batch accuracy: 85.67, data load time: 0.13676, step time: 0.03406
epoch: [11], step: [926/1543], batch loss: 0.14721, batch accuracy: 87.32, data load time: 0.11816, step time: 0.03538
epoch: [11], step: [1026/1543], batch loss: 0.18985, batch accuracy: 82.43, data load time: 0.17618, step time: 0.03654
epoch: [11], step: [1126/1543], batch loss: 0.15767, batch accuracy: 85.81, data load time: 0.13760, step time: 0.03388
epoch: [11], step: [1226/1543], batch loss: 0.15324, batch accuracy: 83.35, data load time: 0.13487, step time: 0.03095
epoch: [11], step: [1326/1543], batch loss: 0.15391, batch accuracy: 71.16, data load time: 0.16128, step time: 0.03400
epoch: [11], step: [1426/1543], batch loss: 0.15628, batch accuracy: 83.65, data load time: 0.19317, step time: 0.03490
epoch: [11], step: [1526/1543], batch loss: 0.14547, batch accuracy: 94.56, data load time: 0.12686, step time: 0.03526
epoch: [12], step: [83/1543], batch loss: 0.17829, batch accuracy: 89.20, data load time: 0.09193, step time: 0.04132
epoch: [12], step: [183/1543], batch loss: 0.25179, batch accuracy: 77.79, data load time: 0.10829, step time: 0.04053
epoch: [12], step: [283/1543], batch loss: 0.14346, batch accuracy: 92.33, data load time: 0.25207, step time: 0.03786
epoch: [12], step: [383/1543], batch loss: 0.19701, batch accuracy: 85.07, data load time: 0.13940, step time: 0.03606
epoch: [12], step: [483/1543], batch loss: 0.17529, batch accuracy: 88.85, data load time: 0.19026, step time: 0.03870
epoch: [12], step: [583/1543], batch loss: 0.19272, batch accuracy: 85.21, data load time: 0.18227, step time: 0.03756
epoch: [12], step: [683/1543], batch loss: 0.15731, batch accuracy: 84.35, data load time: 0.10788, step time: 0.03663
epoch: [12], step: [783/1543], batch loss: 0.17049, batch accuracy: 76.88, data load time: 0.14292, step time: 0.03731
epoch: [12], step: [883/1543], batch loss: 0.18756, batch accuracy: 91.88, data load time: 0.10697, step time: 0.03957
epoch: [12], step: [983/1543], batch loss: 0.23584, batch accuracy: 76.68, data load time: 0.11574, step time: 0.03912
epoch: [12], step: [1083/1543], batch loss: 0.17729, batch accuracy: 88.66, data load time: 0.11418, step time: 0.03438
epoch: [12], step: [1183/1543], batch loss: 0.18047, batch accuracy: 89.94, data load time: 0.17211, step time: 0.03321
epoch: [12], step: [1283/1543], batch loss: 0.18911, batch accuracy: 78.88, data load time: 0.18962, step time: 0.03399
epoch: [12], step: [1383/1543], batch loss: 0.16236, batch accuracy: 81.40, data load time: 0.18927, step time: 0.03274
epoch: [12], step: [1483/1543], batch loss: 0.15831, batch accuracy: 94.29, data load time: 0.13330, step time: 0.03555
epoch: [13], step: [40/1543], batch loss: 0.16111, batch accuracy: 88.34, data load time: 0.12578, step time: 0.03309
epoch: [13], step: [140/1543], batch loss: 0.18876, batch accuracy: 87.15, data load time: 0.08937, step time: 0.03612
epoch: [13], step: [240/1543], batch loss: 0.14888, batch accuracy: 78.09, data load time: 0.20527, step time: 0.03576
epoch: [13], step: [340/1543], batch loss: 0.17560, batch accuracy: 83.05, data load time: 0.08895, step time: 0.03878
epoch: [13], step: [440/1543], batch loss: 0.19836, batch accuracy: 71.94, data load time: 0.17598, step time: 0.03678
epoch: [13], step: [540/1543], batch loss: 0.15417, batch accuracy: 88.29, data load time: 0.10577, step time: 0.03269
epoch: [13], step: [640/1543], batch loss: 0.17382, batch accuracy: 75.51, data load time: 0.13660, step time: 0.03191
epoch: [13], step: [740/1543], batch loss: 0.16940, batch accuracy: 80.07, data load time: 0.16904, step time: 0.03338
epoch: [13], step: [840/1543], batch loss: 0.14202, batch accuracy: 92.57, data load time: 0.18580, step time: 0.03752
epoch: [13], step: [940/1543], batch loss: 0.13788, batch accuracy: 87.98, data load time: 0.19415, step time: 0.03392
epoch: [13], step: [1040/1543], batch loss: 0.19125, batch accuracy: 74.93, data load time: 0.15511, step time: 0.03560
epoch: [13], step: [1140/1543], batch loss: 0.17078, batch accuracy: 86.19, data load time: 0.21728, step time: 0.03655
epoch: [13], step: [1240/1543], batch loss: 0.14258, batch accuracy: 90.13, data load time: 0.09962, step time: 0.03766
epoch: [13], step: [1340/1543], batch loss: 0.18209, batch accuracy: 88.71, data load time: 0.19303, step time: 0.03944
epoch: [13], step: [1440/1543], batch loss: 0.16187, batch accuracy: 81.75, data load time: 0.22844, step time: 0.03223
epoch: [13], step: [1540/1543], batch loss: 0.14478, batch accuracy: 89.35, data load time: 0.13266, step time: 0.03194
epoch: [14], step: [97/1543], batch loss: 0.20395, batch accuracy: 80.94, data load time: 0.15319, step time: 0.03638
epoch: [14], step: [197/1543], batch loss: 0.15971, batch accuracy: 86.37, data load time: 0.11016, step time: 0.03577
epoch: [14], step: [297/1543], batch loss: 0.18131, batch accuracy: 90.67, data load time: 0.12436, step time: 0.03271
epoch: [14], step: [397/1543], batch loss: 0.15030, batch accuracy: 81.98, data load time: 0.13332, step time: 0.03053
epoch: [14], step: [497/1543], batch loss: 0.17301, batch accuracy: 87.71, data load time: 0.09660, step time: 0.03426
epoch: [14], step: [597/1543], batch loss: 0.18398, batch accuracy: 77.14, data load time: 0.08408, step time: 0.03634
epoch: [14], step: [697/1543], batch loss: 0.19465, batch accuracy: 87.76, data load time: 0.13010, step time: 0.04298
epoch: [14], step: [797/1543], batch loss: 0.19338, batch accuracy: 88.00, data load time: 0.23504, step time: 0.03776
epoch: [14], step: [897/1543], batch loss: 0.14792, batch accuracy: 76.52, data load time: 0.14032, step time: 0.03128
epoch: [14], step: [997/1543], batch loss: 0.13082, batch accuracy: 93.10, data load time: 0.12904, step time: 0.03055
epoch: [14], step: [1097/1543], batch loss: 0.17011, batch accuracy: 82.84, data load time: 0.15320, step time: 0.03133
epoch: [14], step: [1197/1543], batch loss: 0.14869, batch accuracy: 82.04, data load time: 0.17171, step time: 0.03637
epoch: [14], step: [1297/1543], batch loss: 0.17431, batch accuracy: 83.63, data load time: 0.15283, step time: 0.03353
epoch: [14], step: [1397/1543], batch loss: 0.16099, batch accuracy: 77.98, data load time: 0.22285, step time: 0.03333
epoch: [14], step: [1497/1543], batch loss: 0.13306, batch accuracy: 91.92, data load time: 0.23250, step time: 0.03061
Epoch 00015: reducing learning rate of group 0 to 1.0000e-02.
EVALUATION METRICS:
-------------------------------------------------------------

Validation: AUC Score: 0.8363

-------------------------------------------------------------
validation loss: 0.15975, accuracy: 83.63
epoch: [15], step: [54/1543], batch loss: 0.16316, batch accuracy: 81.63, data load time: 0.18492, step time: 0.03320
epoch: [15], step: [154/1543], batch loss: 0.13794, batch accuracy: 92.72, data load time: 0.18123, step time: 0.03760
epoch: [15], step: [254/1543], batch loss: 0.21948, batch accuracy: 83.20, data load time: 0.25756, step time: 0.03756
epoch: [15], step: [354/1543], batch loss: 0.24617, batch accuracy: 80.41, data load time: 0.21216, step time: 0.03981
epoch: [15], step: [454/1543], batch loss: 0.15795, batch accuracy: 79.79, data load time: 0.24375, step time: 0.03221
epoch: [15], step: [554/1543], batch loss: 0.18548, batch accuracy: 85.00, data load time: 0.16503, step time: 0.03457
epoch: [15], step: [654/1543], batch loss: 0.14679, batch accuracy: 76.01, data load time: 0.17838, step time: 0.03057
epoch: [15], step: [754/1543], batch loss: 0.16197, batch accuracy: 90.43, data load time: 0.14887, step time: 0.03789
epoch: [15], step: [854/1543], batch loss: 0.16306, batch accuracy: 83.39, data load time: 0.21909, step time: 0.03650
epoch: [15], step: [954/1543], batch loss: 0.17329, batch accuracy: 87.32, data load time: 0.15245, step time: 0.03499
epoch: [15], step: [1054/1543], batch loss: 0.17827, batch accuracy: 73.78, data load time: 0.20289, step time: 0.03564
epoch: [15], step: [1154/1543], batch loss: 0.15728, batch accuracy: 88.85, data load time: 0.12000, step time: 0.03422
epoch: [15], step: [1254/1543], batch loss: 0.14854, batch accuracy: 81.84, data load time: 0.13860, step time: 0.03244
epoch: [15], step: [1354/1543], batch loss: 0.13912, batch accuracy: 83.75, data load time: 0.11839, step time: 0.03193
epoch: [15], step: [1454/1543], batch loss: 0.20834, batch accuracy: 86.45, data load time: 0.16824, step time: 0.03873
epoch: [16], step: [11/1543], batch loss: 0.18359, batch accuracy: 84.49, data load time: 0.03157, step time: 0.03787
epoch: [16], step: [111/1543], batch loss: 0.12777, batch accuracy: 83.51, data load time: 0.15449, step time: 0.03064
epoch: [16], step: [211/1543], batch loss: 0.17089, batch accuracy: 89.67, data load time: 0.19575, step time: 0.03786
epoch: [16], step: [311/1543], batch loss: 0.15918, batch accuracy: 86.52, data load time: 0.13706, step time: 0.03601
epoch: [16], step: [411/1543], batch loss: 0.15554, batch accuracy: 87.57, data load time: 0.09263, step time: 0.03206
epoch: [16], step: [511/1543], batch loss: 0.18410, batch accuracy: 83.50, data load time: 0.18423, step time: 0.03774
epoch: [16], step: [611/1543], batch loss: 0.20185, batch accuracy: 88.95, data load time: 0.11113, step time: 0.04371
epoch: [16], step: [711/1543], batch loss: 0.16266, batch accuracy: 88.93, data load time: 0.14689, step time: 0.03447
epoch: [16], step: [811/1543], batch loss: 0.19448, batch accuracy: 83.69, data load time: 0.24882, step time: 0.03816
epoch: [16], step: [911/1543], batch loss: 0.17894, batch accuracy: 86.93, data load time: 0.20385, step time: 0.03500
epoch: [16], step: [1011/1543], batch loss: 0.18120, batch accuracy: 81.96, data load time: 0.26835, step time: 0.03742
epoch: [16], step: [1111/1543], batch loss: 0.17008, batch accuracy: 81.50, data load time: 0.12639, step time: 0.03676
epoch: [16], step: [1211/1543], batch loss: 0.14144, batch accuracy: 88.16, data load time: 0.07957, step time: 0.03059
epoch: [16], step: [1311/1543], batch loss: 0.19057, batch accuracy: 80.30, data load time: 0.12285, step time: 0.03637
epoch: [16], step: [1411/1543], batch loss: 0.13268, batch accuracy: 94.26, data load time: 0.22307, step time: 0.03462
epoch: [16], step: [1511/1543], batch loss: 0.14493, batch accuracy: 88.23, data load time: 0.13400, step time: 0.03247
epoch: [17], step: [68/1543], batch loss: 0.18801, batch accuracy: 81.37, data load time: 0.07989, step time: 0.03677
epoch: [17], step: [168/1543], batch loss: 0.09699, batch accuracy: 90.73, data load time: 0.13603, step time: 0.02923
epoch: [17], step: [268/1543], batch loss: 0.21019, batch accuracy: 87.13, data load time: 0.12267, step time: 0.03629
epoch: [17], step: [368/1543], batch loss: 0.15577, batch accuracy: 92.06, data load time: 0.10052, step time: 0.03751
epoch: [17], step: [468/1543], batch loss: 0.21635, batch accuracy: 82.24, data load time: 0.19906, step time: 0.03765
epoch: [17], step: [568/1543], batch loss: 0.15219, batch accuracy: 84.80, data load time: 0.18449, step time: 0.03436
epoch: [17], step: [668/1543], batch loss: 0.12799, batch accuracy: 92.11, data load time: 0.17230, step time: 0.03246
epoch: [17], step: [768/1543], batch loss: 0.13281, batch accuracy: 89.04, data load time: 0.10163, step time: 0.03273
epoch: [17], step: [868/1543], batch loss: 0.18549, batch accuracy: 78.30, data load time: 0.15749, step time: 0.03459
epoch: [17], step: [968/1543], batch loss: 0.14916, batch accuracy: 90.48, data load time: 0.26152, step time: 0.03534
epoch: [17], step: [1068/1543], batch loss: 0.12309, batch accuracy: 89.70, data load time: 0.14699, step time: 0.03191
epoch: [17], step: [1168/1543], batch loss: 0.12079, batch accuracy: 92.27, data load time: 0.11694, step time: 0.03195
epoch: [17], step: [1268/1543], batch loss: 0.17800, batch accuracy: 79.14, data load time: 0.04202, step time: 0.03899
epoch: [17], step: [1368/1543], batch loss: 0.15408, batch accuracy: 92.94, data load time: 0.13130, step time: 0.03779
epoch: [17], step: [1468/1543], batch loss: 0.14362, batch accuracy: 84.92, data load time: 0.18851, step time: 0.03265
epoch: [18], step: [25/1543], batch loss: 0.13148, batch accuracy: 89.12, data load time: 0.05883, step time: 0.03121
epoch: [18], step: [125/1543], batch loss: 0.15414, batch accuracy: 82.10, data load time: 0.14702, step time: 0.03487
epoch: [18], step: [225/1543], batch loss: 0.23365, batch accuracy: 86.92, data load time: 0.13224, step time: 0.04111
epoch: [18], step: [325/1543], batch loss: 0.16407, batch accuracy: 90.79, data load time: 0.07051, step time: 0.03619
epoch: [18], step: [425/1543], batch loss: 0.10611, batch accuracy: 95.39, data load time: 0.16510, step time: 0.03901
epoch: [18], step: [525/1543], batch loss: 0.15052, batch accuracy: 87.60, data load time: 0.14067, step time: 0.03422
epoch: [18], step: [625/1543], batch loss: 0.16634, batch accuracy: 91.67, data load time: 0.21663, step time: 0.03554
epoch: [18], step: [725/1543], batch loss: 0.13858, batch accuracy: 90.13, data load time: 0.16368, step time: 0.03360
epoch: [18], step: [825/1543], batch loss: 0.13618, batch accuracy: 88.32, data load time: 0.15586, step time: 0.03384
epoch: [18], step: [925/1543], batch loss: 0.18263, batch accuracy: 91.91, data load time: 0.14974, step time: 0.03886
epoch: [18], step: [1025/1543], batch loss: 0.13917, batch accuracy: 89.52, data load time: 0.20041, step time: 0.03396
epoch: [18], step: [1125/1543], batch loss: 0.16953, batch accuracy: 81.99, data load time: 0.08656, step time: 0.03404
epoch: [18], step: [1225/1543], batch loss: 0.18140, batch accuracy: 85.89, data load time: 0.17111, step time: 0.03473
epoch: [18], step: [1325/1543], batch loss: 0.13748, batch accuracy: 88.31, data load time: 0.18279, step time: 0.03401
epoch: [18], step: [1425/1543], batch loss: 0.14648, batch accuracy: 86.55, data load time: 0.16441, step time: 0.03262
epoch: [18], step: [1525/1543], batch loss: 0.14733, batch accuracy: 79.67, data load time: 0.10399, step time: 0.03359
epoch: [19], step: [82/1543], batch loss: 0.20613, batch accuracy: 70.48, data load time: 0.22690, step time: 0.03128
epoch: [19], step: [182/1543], batch loss: 0.15830, batch accuracy: 86.82, data load time: 0.18542, step time: 0.03341
epoch: [19], step: [282/1543], batch loss: 0.17552, batch accuracy: 86.90, data load time: 0.12630, step time: 0.03635
epoch: [19], step: [382/1543], batch loss: 0.22621, batch accuracy: 80.32, data load time: 0.06861, step time: 0.03337
epoch: [19], step: [482/1543], batch loss: 0.11845, batch accuracy: 82.16, data load time: 0.05718, step time: 0.02830
epoch: [19], step: [582/1543], batch loss: 0.16684, batch accuracy: 89.02, data load time: 0.20086, step time: 0.03493
epoch: [19], step: [682/1543], batch loss: 0.18563, batch accuracy: 85.43, data load time: 0.18999, step time: 0.03479
epoch: [19], step: [782/1543], batch loss: 0.13937, batch accuracy: 89.16, data load time: 0.19035, step time: 0.03555
epoch: [19], step: [882/1543], batch loss: 0.13215, batch accuracy: 94.85, data load time: 0.13915, step time: 0.03486
epoch: [19], step: [982/1543], batch loss: 0.15343, batch accuracy: 91.15, data load time: 0.15001, step time: 0.03405
epoch: [19], step: [1082/1543], batch loss: 0.12099, batch accuracy: 91.41, data load time: 0.20459, step time: 0.03863
epoch: [19], step: [1182/1543], batch loss: 0.12453, batch accuracy: 92.35, data load time: 0.20028, step time: 0.02988
epoch: [19], step: [1282/1543], batch loss: 0.17431, batch accuracy: 86.35, data load time: 0.13634, step time: 0.03694
epoch: [19], step: [1382/1543], batch loss: 0.16095, batch accuracy: 92.82, data load time: 0.20683, step time: 0.03752
epoch: [19], step: [1482/1543], batch loss: 0.12851, batch accuracy: 94.00, data load time: 0.10861, step time: 0.03695
EVALUATION METRICS:
-------------------------------------------------------------

Validation: AUC Score: 0.8449

-------------------------------------------------------------
validation loss: 0.15765, accuracy: 84.49
epoch: [20], step: [39/1543], batch loss: 0.15470, batch accuracy: 87.83, data load time: 0.19312, step time: 0.03420
epoch: [20], step: [139/1543], batch loss: 0.15698, batch accuracy: 83.40, data load time: 0.20013, step time: 0.03401
epoch: [20], step: [239/1543], batch loss: 0.13554, batch accuracy: 88.45, data load time: 0.13193, step time: 0.03366
epoch: [20], step: [339/1543], batch loss: 0.14566, batch accuracy: 89.50, data load time: 0.15383, step time: 0.03572
epoch: [20], step: [439/1543], batch loss: 0.17890, batch accuracy: 92.86, data load time: 0.16606, step time: 0.03743
epoch: [20], step: [539/1543], batch loss: 0.11382, batch accuracy: 86.99, data load time: 0.05674, step time: 0.02985
epoch: [20], step: [639/1543], batch loss: 0.17407, batch accuracy: 79.51, data load time: 0.23015, step time: 0.04077
epoch: [20], step: [739/1543], batch loss: 0.16737, batch accuracy: 81.72, data load time: 0.18408, step time: 0.03548
epoch: [20], step: [839/1543], batch loss: 0.22527, batch accuracy: 85.76, data load time: 0.11084, step time: 0.03962
epoch: [20], step: [939/1543], batch loss: 0.18637, batch accuracy: 85.38, data load time: 0.11249, step time: 0.03345
epoch: [20], step: [1039/1543], batch loss: 0.20766, batch accuracy: 88.09, data load time: 0.08220, step time: 0.03531
epoch: [20], step: [1139/1543], batch loss: 0.14358, batch accuracy: 85.61, data load time: 0.18696, step time: 0.03199
epoch: [20], step: [1239/1543], batch loss: 0.18131, batch accuracy: 89.18, data load time: 0.15248, step time: 0.03708
epoch: [20], step: [1339/1543], batch loss: 0.20861, batch accuracy: 88.93, data load time: 0.10311, step time: 0.03953
epoch: [20], step: [1439/1543], batch loss: 0.17113, batch accuracy: 85.82, data load time: 0.14594, step time: 0.03740
epoch: [20], step: [1539/1543], batch loss: 0.19667, batch accuracy: 82.32, data load time: 0.14972, step time: 0.03983
epoch: [21], step: [96/1543], batch loss: 0.14384, batch accuracy: 89.43, data load time: 0.07663, step time: 0.04340
epoch: [21], step: [196/1543], batch loss: 0.16787, batch accuracy: 85.24, data load time: 0.08360, step time: 0.03529
epoch: [21], step: [296/1543], batch loss: 0.11634, batch accuracy: 95.76, data load time: 0.12293, step time: 0.03463
epoch: [21], step: [396/1543], batch loss: 0.18276, batch accuracy: 91.85, data load time: 0.14985, step time: 0.03765
epoch: [21], step: [496/1543], batch loss: 0.16259, batch accuracy: 82.67, data load time: 0.12884, step time: 0.03527
epoch: [21], step: [596/1543], batch loss: 0.16246, batch accuracy: 78.31, data load time: 0.14774, step time: 0.03465
epoch: [21], step: [696/1543], batch loss: 0.16291, batch accuracy: 87.22, data load time: 0.18651, step time: 0.03602
epoch: [21], step: [796/1543], batch loss: 0.11821, batch accuracy: 93.76, data load time: 0.21016, step time: 0.03176
epoch: [21], step: [896/1543], batch loss: 0.17394, batch accuracy: 93.04, data load time: 0.18752, step time: 0.03756
epoch: [21], step: [996/1543], batch loss: 0.20267, batch accuracy: 82.66, data load time: 0.22020, step time: 0.03526
epoch: [21], step: [1096/1543], batch loss: 0.17798, batch accuracy: 84.21, data load time: 0.26129, step time: 0.03322
epoch: [21], step: [1196/1543], batch loss: 0.17584, batch accuracy: 89.79, data load time: 0.22929, step time: 0.03676
epoch: [21], step: [1296/1543], batch loss: 0.14922, batch accuracy: 91.52, data load time: 0.21306, step time: 0.03446
epoch: [21], step: [1396/1543], batch loss: 0.17314, batch accuracy: 90.40, data load time: 0.21406, step time: 0.03884
epoch: [21], step: [1496/1543], batch loss: 0.14894, batch accuracy: 78.99, data load time: 0.17793, step time: 0.02981
epoch: [22], step: [53/1543], batch loss: 0.17130, batch accuracy: 92.81, data load time: 0.14191, step time: 0.05210
epoch: [22], step: [153/1543], batch loss: 0.14715, batch accuracy: 87.64, data load time: 0.17114, step time: 0.03609
epoch: [22], step: [253/1543], batch loss: 0.17191, batch accuracy: 89.30, data load time: 0.12196, step time: 0.03345
epoch: [22], step: [353/1543], batch loss: 0.16016, batch accuracy: 80.20, data load time: 0.13397, step time: 0.03386
epoch: [22], step: [453/1543], batch loss: 0.17758, batch accuracy: 82.23, data load time: 0.17204, step time: 0.03471
epoch: [22], step: [553/1543], batch loss: 0.15503, batch accuracy: 80.81, data load time: 0.13930, step time: 0.03712
epoch: [22], step: [653/1543], batch loss: 0.14727, batch accuracy: 83.12, data load time: 0.19977, step time: 0.03554
epoch: [22], step: [753/1543], batch loss: 0.15195, batch accuracy: 90.38, data load time: 0.15357, step time: 0.03617
epoch: [22], step: [853/1543], batch loss: 0.16310, batch accuracy: 82.26, data load time: 0.15710, step time: 0.03466
epoch: [22], step: [953/1543], batch loss: 0.12426, batch accuracy: 92.88, data load time: 0.15104, step time: 0.03328
epoch: [22], step: [1053/1543], batch loss: 0.13245, batch accuracy: 85.49, data load time: 0.24171, step time: 0.03265
epoch: [22], step: [1153/1543], batch loss: 0.21020, batch accuracy: 84.58, data load time: 0.20812, step time: 0.04126
epoch: [22], step: [1253/1543], batch loss: 0.11943, batch accuracy: 88.10, data load time: 0.19563, step time: 0.02868
epoch: [22], step: [1353/1543], batch loss: 0.14465, batch accuracy: 86.44, data load time: 0.11698, step time: 0.03255
epoch: [22], step: [1453/1543], batch loss: 0.20399, batch accuracy: 83.64, data load time: 0.34520, step time: 0.03554
Epoch 00023: reducing learning rate of group 0 to 5.0000e-04.
epoch: [23], step: [10/1543], batch loss: 0.16651, batch accuracy: 80.32, data load time: 0.16211, step time: 0.03443
epoch: [23], step: [110/1543], batch loss: 0.12855, batch accuracy: 89.89, data load time: 0.14106, step time: 0.02980
epoch: [23], step: [210/1543], batch loss: 0.15492, batch accuracy: 87.69, data load time: 0.12997, step time: 0.03213
epoch: [23], step: [310/1543], batch loss: 0.12489, batch accuracy: 92.22, data load time: 0.11965, step time: 0.03346
epoch: [23], step: [410/1543], batch loss: 0.18018, batch accuracy: 77.81, data load time: 0.11763, step time: 0.03440
epoch: [23], step: [510/1543], batch loss: 0.13135, batch accuracy: 93.17, data load time: 0.13971, step time: 0.03203
epoch: [23], step: [610/1543], batch loss: 0.12369, batch accuracy: 91.60, data load time: 0.24341, step time: 0.03331
epoch: [23], step: [710/1543], batch loss: 0.14833, batch accuracy: 91.03, data load time: 0.19735, step time: 0.03214
epoch: [23], step: [810/1543], batch loss: 0.16137, batch accuracy: 86.69, data load time: 0.22076, step time: 0.03745
epoch: [23], step: [910/1543], batch loss: 0.19916, batch accuracy: 82.90, data load time: 0.21108, step time: 0.03473
epoch: [23], step: [1010/1543], batch loss: 0.18789, batch accuracy: 80.26, data load time: 0.14422, step time: 0.03471
epoch: [23], step: [1110/1543], batch loss: 0.15278, batch accuracy: 87.19, data load time: 0.27113, step time: 0.03757
epoch: [23], step: [1210/1543], batch loss: 0.15353, batch accuracy: 84.79, data load time: 0.15317, step time: 0.03113
epoch: [23], step: [1310/1543], batch loss: 0.15455, batch accuracy: 91.88, data load time: 0.19294, step time: 0.03325
epoch: [23], step: [1410/1543], batch loss: 0.16599, batch accuracy: 94.42, data load time: 0.33821, step time: 0.03398
epoch: [23], step: [1510/1543], batch loss: 0.12536, batch accuracy: 79.98, data load time: 0.22536, step time: 0.03057
epoch: [24], step: [67/1543], batch loss: 0.14700, batch accuracy: 95.05, data load time: 0.03920, step time: 0.03477
epoch: [24], step: [167/1543], batch loss: 0.16570, batch accuracy: 86.11, data load time: 0.09324, step time: 0.03478
epoch: [24], step: [267/1543], batch loss: 0.14442, batch accuracy: 92.71, data load time: 0.13469, step time: 0.03288
epoch: [24], step: [367/1543], batch loss: 0.17025, batch accuracy: 90.12, data load time: 0.07762, step time: 0.03418
epoch: [24], step: [467/1543], batch loss: 0.10538, batch accuracy: 95.50, data load time: 0.12357, step time: 0.02921
epoch: [24], step: [567/1543], batch loss: 0.15174, batch accuracy: 88.38, data load time: 0.18705, step time: 0.03748
epoch: [24], step: [667/1543], batch loss: 0.17582, batch accuracy: 86.65, data load time: 0.18311, step time: 0.03493
epoch: [24], step: [767/1543], batch loss: 0.19212, batch accuracy: 77.54, data load time: 0.21904, step time: 0.03831
epoch: [24], step: [867/1543], batch loss: 0.16914, batch accuracy: 81.82, data load time: 0.17142, step time: 0.03766
epoch: [24], step: [967/1543], batch loss: 0.16321, batch accuracy: 90.46, data load time: 0.19956, step time: 0.03151
epoch: [24], step: [1067/1543], batch loss: 0.17311, batch accuracy: 83.82, data load time: 0.19896, step time: 0.04042
epoch: [24], step: [1167/1543], batch loss: 0.15915, batch accuracy: 86.07, data load time: 0.23139, step time: 0.03484
epoch: [24], step: [1267/1543], batch loss: 0.16999, batch accuracy: 89.21, data load time: 0.14365, step time: 0.03554
epoch: [24], step: [1367/1543], batch loss: 0.16875, batch accuracy: 89.01, data load time: 0.17745, step time: 0.03551
epoch: [24], step: [1467/1543], batch loss: 0.14416, batch accuracy: 91.38, data load time: 0.19884, step time: 0.03550
EVALUATION METRICS:
-------------------------------------------------------------

Validation: AUC Score: 0.8450

-------------------------------------------------------------
validation loss: 0.15809, accuracy: 84.50
EVALUATION METRICS:
-------------------------------------------------------------

Test: AUC Score: 0.8452

-------------------------------------------------------------
validation loss: 0.46860, accuracy: 84.52
