Loading data from /mnt/storage/scratch/ee20947/MagnaTagATune/annotations/train.pkl...
Loading data from /mnt/storage/scratch/ee20947/MagnaTagATune/annotations/train.pkl...
Loading data from /mnt/storage/scratch/ee20947/MagnaTagATune/annotations/val.pkl...
Loading data from /mnt/storage/scratch/ee20947/MagnaTagATune/annotations/test.pkl...
Writing logs to logs/CNN_sgd_momentum=0.93_learning_rate=0.2_conv_length=256_conv_stride=256_batch_size=10_epochs=30_weight_decay=1e-05_extension=ExtraCNN_run_19
epoch: [0], step: [99/1543], batch loss: 0.17125, batch accuracy: 71.68, data load time: 0.31061, step time: 0.03375
epoch: [0], step: [199/1543], batch loss: 0.21628, batch accuracy: 62.76, data load time: 0.22164, step time: 0.03532
epoch: [0], step: [299/1543], batch loss: 0.28019, batch accuracy: 64.99, data load time: 0.32208, step time: 0.03855
epoch: [0], step: [399/1543], batch loss: 0.20394, batch accuracy: 73.06, data load time: 0.23412, step time: 0.03592
epoch: [0], step: [499/1543], batch loss: 0.20527, batch accuracy: 71.15, data load time: 0.37123, step time: 0.03793
epoch: [0], step: [599/1543], batch loss: 0.23173, batch accuracy: 69.78, data load time: 0.34111, step time: 0.03679
epoch: [0], step: [699/1543], batch loss: 0.20688, batch accuracy: 67.69, data load time: 0.24075, step time: 0.03738
epoch: [0], step: [799/1543], batch loss: 0.18950, batch accuracy: 74.97, data load time: 0.29751, step time: 0.03543
epoch: [0], step: [899/1543], batch loss: 0.21948, batch accuracy: 74.97, data load time: 0.28703, step time: 0.03727
epoch: [0], step: [999/1543], batch loss: 0.15872, batch accuracy: 65.28, data load time: 0.26616, step time: 0.03386
epoch: [0], step: [1099/1543], batch loss: 0.24238, batch accuracy: 76.82, data load time: 0.29504, step time: 0.04168
epoch: [0], step: [1199/1543], batch loss: 0.20474, batch accuracy: 74.78, data load time: 0.23447, step time: 0.03807
epoch: [0], step: [1299/1543], batch loss: 0.19979, batch accuracy: 84.30, data load time: 0.37892, step time: 0.03819
epoch: [0], step: [1399/1543], batch loss: 0.14926, batch accuracy: 78.23, data load time: 0.31834, step time: 0.03320
epoch: [0], step: [1499/1543], batch loss: 0.18267, batch accuracy: 85.63, data load time: 0.29876, step time: 0.03744
epoch: [1], step: [56/1543], batch loss: 0.19979, batch accuracy: 78.54, data load time: 0.37848, step time: 0.03876
epoch: [1], step: [156/1543], batch loss: 0.20381, batch accuracy: 79.82, data load time: 0.28613, step time: 0.03611
epoch: [1], step: [256/1543], batch loss: 0.16407, batch accuracy: 85.65, data load time: 0.22110, step time: 0.03529
epoch: [1], step: [356/1543], batch loss: 0.18003, batch accuracy: 82.43, data load time: 0.28319, step time: 0.03341
epoch: [1], step: [456/1543], batch loss: 0.19147, batch accuracy: 78.84, data load time: 0.27179, step time: 0.03483
epoch: [1], step: [556/1543], batch loss: 0.22424, batch accuracy: 79.93, data load time: 0.23431, step time: 0.03983
epoch: [1], step: [656/1543], batch loss: 0.21980, batch accuracy: 71.73, data load time: 0.28325, step time: 0.03618
epoch: [1], step: [756/1543], batch loss: 0.19989, batch accuracy: 84.52, data load time: 0.30850, step time: 0.04099
epoch: [1], step: [856/1543], batch loss: 0.19262, batch accuracy: 87.59, data load time: 0.31802, step time: 0.03700
epoch: [1], step: [956/1543], batch loss: 0.19184, batch accuracy: 76.54, data load time: 0.25530, step time: 0.03868
epoch: [1], step: [1056/1543], batch loss: 0.16657, batch accuracy: 80.22, data load time: 0.39808, step time: 0.03463
epoch: [1], step: [1156/1543], batch loss: 0.17936, batch accuracy: 73.65, data load time: 0.39382, step time: 0.03455
epoch: [1], step: [1256/1543], batch loss: 0.16765, batch accuracy: 82.37, data load time: 0.27334, step time: 0.03671
epoch: [1], step: [1356/1543], batch loss: 0.19916, batch accuracy: 76.57, data load time: 0.32008, step time: 0.03817
epoch: [1], step: [1456/1543], batch loss: 0.21423, batch accuracy: 71.89, data load time: 0.32691, step time: 0.03751
epoch: [2], step: [13/1543], batch loss: 0.15142, batch accuracy: 75.22, data load time: 0.29312, step time: 0.03272
epoch: [2], step: [113/1543], batch loss: 0.21133, batch accuracy: 74.97, data load time: 0.30982, step time: 0.04107
epoch: [2], step: [213/1543], batch loss: 0.17438, batch accuracy: 83.68, data load time: 0.27660, step time: 0.03093
epoch: [2], step: [313/1543], batch loss: 0.17018, batch accuracy: 87.90, data load time: 0.30501, step time: 0.03756
epoch: [2], step: [413/1543], batch loss: 0.22893, batch accuracy: 76.28, data load time: 0.32857, step time: 0.03854
epoch: [2], step: [513/1543], batch loss: 0.16965, batch accuracy: 82.52, data load time: 0.37307, step time: 0.03614
epoch: [2], step: [613/1543], batch loss: 0.19866, batch accuracy: 75.33, data load time: 0.32280, step time: 0.03550
epoch: [2], step: [713/1543], batch loss: 0.25903, batch accuracy: 67.92, data load time: 0.34535, step time: 0.04049
epoch: [2], step: [813/1543], batch loss: 0.22490, batch accuracy: 78.93, data load time: 0.34919, step time: 0.03556
epoch: [2], step: [913/1543], batch loss: 0.16711, batch accuracy: 83.48, data load time: 0.38896, step time: 0.03542
epoch: [2], step: [1013/1543], batch loss: 0.25257, batch accuracy: 74.69, data load time: 0.26093, step time: 0.03880
epoch: [2], step: [1113/1543], batch loss: 0.18731, batch accuracy: 79.32, data load time: 0.30993, step time: 0.03614
epoch: [2], step: [1213/1543], batch loss: 0.18778, batch accuracy: 76.58, data load time: 0.29751, step time: 0.03622
epoch: [2], step: [1313/1543], batch loss: 0.12890, batch accuracy: 91.34, data load time: 0.34401, step time: 0.03193
epoch: [2], step: [1413/1543], batch loss: 0.15947, batch accuracy: 77.79, data load time: 0.30031, step time: 0.03550
epoch: [2], step: [1513/1543], batch loss: 0.21622, batch accuracy: 75.60, data load time: 0.30487, step time: 0.03901
epoch: [3], step: [70/1543], batch loss: 0.15986, batch accuracy: 80.45, data load time: 0.30182, step time: 0.03552
epoch: [3], step: [170/1543], batch loss: 0.14680, batch accuracy: 86.05, data load time: 0.24125, step time: 0.03629
epoch: [3], step: [270/1543], batch loss: 0.16151, batch accuracy: 74.20, data load time: 0.32123, step time: 0.03497
epoch: [3], step: [370/1543], batch loss: 0.21311, batch accuracy: 73.52, data load time: 0.31474, step time: 0.03992
epoch: [3], step: [470/1543], batch loss: 0.21558, batch accuracy: 78.71, data load time: 0.28143, step time: 0.03845
epoch: [3], step: [570/1543], batch loss: 0.16463, batch accuracy: 75.19, data load time: 0.36358, step time: 0.03712
epoch: [3], step: [670/1543], batch loss: 0.20611, batch accuracy: 74.12, data load time: 0.34951, step time: 0.03903
epoch: [3], step: [770/1543], batch loss: 0.16666, batch accuracy: 83.30, data load time: 0.28648, step time: 0.03493
epoch: [3], step: [870/1543], batch loss: 0.21342, batch accuracy: 71.78, data load time: 0.29444, step time: 0.03836
epoch: [3], step: [970/1543], batch loss: 0.14534, batch accuracy: 79.90, data load time: 0.27754, step time: 0.03482
epoch: [3], step: [1070/1543], batch loss: 0.17999, batch accuracy: 75.69, data load time: 0.42572, step time: 0.03469
epoch: [3], step: [1170/1543], batch loss: 0.17203, batch accuracy: 86.34, data load time: 0.30999, step time: 0.03783
epoch: [3], step: [1270/1543], batch loss: 0.17623, batch accuracy: 84.25, data load time: 0.31577, step time: 0.03475
epoch: [3], step: [1370/1543], batch loss: 0.15367, batch accuracy: 81.80, data load time: 0.30392, step time: 0.03486
epoch: [3], step: [1470/1543], batch loss: 0.15134, batch accuracy: 86.64, data load time: 0.28181, step time: 0.03433
epoch: [4], step: [27/1543], batch loss: 0.13483, batch accuracy: 86.27, data load time: 0.33896, step time: 0.03435
epoch: [4], step: [127/1543], batch loss: 0.19334, batch accuracy: 75.55, data load time: 0.28254, step time: 0.03626
epoch: [4], step: [227/1543], batch loss: 0.14281, batch accuracy: 90.09, data load time: 0.31550, step time: 0.03719
epoch: [4], step: [327/1543], batch loss: 0.18013, batch accuracy: 76.88, data load time: 0.33447, step time: 0.03565
epoch: [4], step: [427/1543], batch loss: 0.21352, batch accuracy: 68.03, data load time: 0.33664, step time: 0.03639
epoch: [4], step: [527/1543], batch loss: 0.17629, batch accuracy: 76.71, data load time: 0.39908, step time: 0.03569
epoch: [4], step: [627/1543], batch loss: 0.15501, batch accuracy: 86.65, data load time: 0.22873, step time: 0.03327
epoch: [4], step: [727/1543], batch loss: 0.18473, batch accuracy: 87.19, data load time: 0.37305, step time: 0.04061
epoch: [4], step: [827/1543], batch loss: 0.15685, batch accuracy: 84.01, data load time: 0.20410, step time: 0.03495
epoch: [4], step: [927/1543], batch loss: 0.16975, batch accuracy: 74.19, data load time: 0.25599, step time: 0.03209
epoch: [4], step: [1027/1543], batch loss: 0.25105, batch accuracy: 75.52, data load time: 0.30116, step time: 0.03589
epoch: [4], step: [1127/1543], batch loss: 0.15202, batch accuracy: 88.05, data load time: 0.30662, step time: 0.03553
epoch: [4], step: [1227/1543], batch loss: 0.19530, batch accuracy: 87.50, data load time: 0.29101, step time: 0.03710
epoch: [4], step: [1327/1543], batch loss: 0.18934, batch accuracy: 75.79, data load time: 0.28835, step time: 0.03631
epoch: [4], step: [1427/1543], batch loss: 0.17935, batch accuracy: 90.65, data load time: 0.29465, step time: 0.03774
epoch: [4], step: [1527/1543], batch loss: 0.20345, batch accuracy: 72.15, data load time: 0.33035, step time: 0.03706
EVALUATION METRICS:
-------------------------------------------------------------

Validation: AUC Score: 0.5000

-------------------------------------------------------------
validation loss: 6.63864, accuracy: 50.00
epoch: [5], step: [84/1543], batch loss: 0.22323, batch accuracy: 77.99, data load time: 0.32098, step time: 0.04487
epoch: [5], step: [184/1543], batch loss: 0.20464, batch accuracy: 75.44, data load time: 0.31685, step time: 0.03992
epoch: [5], step: [284/1543], batch loss: 0.17622, batch accuracy: 86.85, data load time: 0.30178, step time: 0.03619
epoch: [5], step: [384/1543], batch loss: 0.16447, batch accuracy: 87.34, data load time: 0.29362, step time: 0.03827
epoch: [5], step: [484/1543], batch loss: 0.28211, batch accuracy: 77.98, data load time: 0.25502, step time: 0.04320
epoch: [5], step: [584/1543], batch loss: 0.18574, batch accuracy: 74.93, data load time: 0.25867, step time: 0.03608
epoch: [5], step: [684/1543], batch loss: 0.14515, batch accuracy: 90.38, data load time: 0.34268, step time: 0.03390
epoch: [5], step: [784/1543], batch loss: 0.17769, batch accuracy: 82.76, data load time: 0.36585, step time: 0.03834
epoch: [5], step: [884/1543], batch loss: 0.20817, batch accuracy: 80.09, data load time: 0.26039, step time: 0.03966
epoch: [5], step: [984/1543], batch loss: 0.19449, batch accuracy: 65.63, data load time: 0.31914, step time: 0.03345
epoch: [5], step: [1084/1543], batch loss: 0.25248, batch accuracy: 68.96, data load time: 0.27359, step time: 0.03977
epoch: [5], step: [1184/1543], batch loss: 0.18400, batch accuracy: 84.45, data load time: 0.32816, step time: 0.04051
epoch: [5], step: [1284/1543], batch loss: 0.26039, batch accuracy: 75.11, data load time: 0.41562, step time: 0.04381
epoch: [5], step: [1384/1543], batch loss: 0.13810, batch accuracy: 84.68, data load time: 0.29904, step time: 0.03332
epoch: [5], step: [1484/1543], batch loss: 0.18259, batch accuracy: 81.16, data load time: 0.27071, step time: 0.03671
epoch: [6], step: [41/1543], batch loss: 0.15842, batch accuracy: 91.26, data load time: 0.32009, step time: 0.03646
epoch: [6], step: [141/1543], batch loss: 0.18281, batch accuracy: 85.87, data load time: 0.36210, step time: 0.03779
epoch: [6], step: [241/1543], batch loss: 0.14668, batch accuracy: 81.70, data load time: 0.29000, step time: 0.03430
epoch: [6], step: [341/1543], batch loss: 0.16038, batch accuracy: 87.84, data load time: 0.46656, step time: 0.03486
epoch: [6], step: [441/1543], batch loss: 0.15877, batch accuracy: 81.44, data load time: 0.35042, step time: 0.03492
epoch: [6], step: [541/1543], batch loss: 0.15901, batch accuracy: 80.03, data load time: 0.31813, step time: 0.03644
epoch: [6], step: [641/1543], batch loss: 0.24369, batch accuracy: 73.11, data load time: 0.23865, step time: 0.04057
epoch: [6], step: [741/1543], batch loss: 0.19111, batch accuracy: 82.40, data load time: 0.32535, step time: 0.03562
epoch: [6], step: [841/1543], batch loss: 0.14742, batch accuracy: 86.02, data load time: 0.29796, step time: 0.03574
epoch: [6], step: [941/1543], batch loss: 0.18743, batch accuracy: 83.55, data load time: 0.29079, step time: 0.03642
epoch: [6], step: [1041/1543], batch loss: 0.22881, batch accuracy: 82.07, data load time: 0.27586, step time: 0.04203
epoch: [6], step: [1141/1543], batch loss: 0.25189, batch accuracy: 76.07, data load time: 0.33081, step time: 0.04416
epoch: [6], step: [1241/1543], batch loss: 0.16719, batch accuracy: 83.30, data load time: 0.28664, step time: 0.03613
epoch: [6], step: [1341/1543], batch loss: 0.15785, batch accuracy: 77.37, data load time: 0.26780, step time: 0.03197
epoch: [6], step: [1441/1543], batch loss: 0.20705, batch accuracy: 76.86, data load time: 0.29072, step time: 0.03926
epoch: [6], step: [1541/1543], batch loss: 0.12515, batch accuracy: 89.31, data load time: 0.25747, step time: 0.03200
epoch: [7], step: [98/1543], batch loss: 0.15457, batch accuracy: 84.61, data load time: 0.29809, step time: 0.03460
epoch: [7], step: [198/1543], batch loss: 0.19768, batch accuracy: 76.06, data load time: 0.31008, step time: 0.03414
epoch: [7], step: [298/1543], batch loss: 0.15200, batch accuracy: 86.25, data load time: 0.32789, step time: 0.03552
epoch: [7], step: [398/1543], batch loss: 0.18158, batch accuracy: 79.17, data load time: 0.30557, step time: 0.03403
epoch: [7], step: [498/1543], batch loss: 0.22436, batch accuracy: 88.71, data load time: 0.35932, step time: 0.03970
epoch: [7], step: [598/1543], batch loss: 0.17144, batch accuracy: 89.46, data load time: 0.26058, step time: 0.03844
epoch: [7], step: [698/1543], batch loss: 0.16257, batch accuracy: 81.50, data load time: 0.52097, step time: 0.03693
epoch: [7], step: [798/1543], batch loss: 0.11826, batch accuracy: 93.67, data load time: 0.27563, step time: 0.03328
epoch: [7], step: [898/1543], batch loss: 0.12991, batch accuracy: 86.81, data load time: 0.29022, step time: 0.03481
epoch: [7], step: [998/1543], batch loss: 0.16084, batch accuracy: 77.51, data load time: 0.19005, step time: 0.03406
epoch: [7], step: [1098/1543], batch loss: 0.16600, batch accuracy: 82.94, data load time: 0.34772, step time: 0.03763
epoch: [7], step: [1198/1543], batch loss: 0.14340, batch accuracy: 89.53, data load time: 0.29513, step time: 0.03599
epoch: [7], step: [1298/1543], batch loss: 0.18644, batch accuracy: 79.22, data load time: 0.26995, step time: 0.03273
epoch: [7], step: [1398/1543], batch loss: 0.17200, batch accuracy: 80.34, data load time: 0.26816, step time: 0.03391
epoch: [7], step: [1498/1543], batch loss: 0.24398, batch accuracy: 75.17, data load time: 0.37511, step time: 0.03840
epoch: [8], step: [55/1543], batch loss: 0.23285, batch accuracy: 81.20, data load time: 0.34349, step time: 0.03938
epoch: [8], step: [155/1543], batch loss: 0.17502, batch accuracy: 78.02, data load time: 0.35995, step time: 0.03673
epoch: [8], step: [255/1543], batch loss: 0.16603, batch accuracy: 83.27, data load time: 0.18892, step time: 0.03705
epoch: [8], step: [355/1543], batch loss: 0.20018, batch accuracy: 72.71, data load time: 0.35824, step time: 0.03802
epoch: [8], step: [455/1543], batch loss: 0.18854, batch accuracy: 85.68, data load time: 0.29920, step time: 0.03885
epoch: [8], step: [555/1543], batch loss: 0.21717, batch accuracy: 77.27, data load time: 0.25929, step time: 0.03645
epoch: [8], step: [655/1543], batch loss: 0.14194, batch accuracy: 88.92, data load time: 0.31749, step time: 0.03722
epoch: [8], step: [755/1543], batch loss: 0.15760, batch accuracy: 92.03, data load time: 0.24708, step time: 0.03699
epoch: [8], step: [855/1543], batch loss: 0.16503, batch accuracy: 89.02, data load time: 0.31248, step time: 0.03713
epoch: [8], step: [955/1543], batch loss: 0.17188, batch accuracy: 90.28, data load time: 0.33243, step time: 0.03554
epoch: [8], step: [1055/1543], batch loss: 0.14328, batch accuracy: 87.12, data load time: 0.24304, step time: 0.03469
epoch: [8], step: [1155/1543], batch loss: 0.21061, batch accuracy: 73.11, data load time: 0.32496, step time: 0.03794
epoch: [8], step: [1255/1543], batch loss: 0.14542, batch accuracy: 91.58, data load time: 0.38099, step time: 0.03640
epoch: [8], step: [1355/1543], batch loss: 0.18409, batch accuracy: 85.02, data load time: 0.26122, step time: 0.03712
epoch: [8], step: [1455/1543], batch loss: 0.12492, batch accuracy: 88.23, data load time: 0.27926, step time: 0.03483
epoch: [9], step: [12/1543], batch loss: 0.13269, batch accuracy: 76.73, data load time: 0.28018, step time: 0.03181
epoch: [9], step: [112/1543], batch loss: 0.14714, batch accuracy: 90.51, data load time: 0.34409, step time: 0.03840
epoch: [9], step: [212/1543], batch loss: 0.18081, batch accuracy: 77.23, data load time: 0.23130, step time: 0.03554
epoch: [9], step: [312/1543], batch loss: 0.13018, batch accuracy: 85.82, data load time: 0.25375, step time: 0.03626
epoch: [9], step: [412/1543], batch loss: 0.14757, batch accuracy: 88.22, data load time: 0.25044, step time: 0.03850
epoch: [9], step: [512/1543], batch loss: 0.17361, batch accuracy: 90.42, data load time: 0.30905, step time: 0.03910
epoch: [9], step: [612/1543], batch loss: 0.15624, batch accuracy: 87.72, data load time: 0.31476, step time: 0.03489
epoch: [9], step: [712/1543], batch loss: 0.14825, batch accuracy: 86.28, data load time: 0.29844, step time: 0.03561
epoch: [9], step: [812/1543], batch loss: 0.16457, batch accuracy: 76.49, data load time: 0.38051, step time: 0.03477
epoch: [9], step: [912/1543], batch loss: 0.13929, batch accuracy: 92.70, data load time: 0.39397, step time: 0.03487
epoch: [9], step: [1012/1543], batch loss: 0.14855, batch accuracy: 88.05, data load time: 0.33807, step time: 0.03376
epoch: [9], step: [1112/1543], batch loss: 0.15854, batch accuracy: 86.19, data load time: 0.36999, step time: 0.03852
epoch: [9], step: [1212/1543], batch loss: 0.12305, batch accuracy: 82.31, data load time: 0.31518, step time: 0.03205
epoch: [9], step: [1312/1543], batch loss: 0.16297, batch accuracy: 81.47, data load time: 0.20339, step time: 0.03627
epoch: [9], step: [1412/1543], batch loss: 0.14880, batch accuracy: 85.50, data load time: 0.30357, step time: 0.03494
epoch: [9], step: [1512/1543], batch loss: 0.18529, batch accuracy: 88.48, data load time: 0.40861, step time: 0.03626
EVALUATION METRICS:
-------------------------------------------------------------

Validation: AUC Score: 0.5000

-------------------------------------------------------------
validation loss: 6.63864, accuracy: 50.00
epoch: [10], step: [69/1543], batch loss: 0.15744, batch accuracy: 82.52, data load time: 0.23535, step time: 0.03703
epoch: [10], step: [169/1543], batch loss: 0.15248, batch accuracy: 88.24, data load time: 0.27712, step time: 0.03539
epoch: [10], step: [269/1543], batch loss: 0.12758, batch accuracy: 93.68, data load time: 0.24725, step time: 0.03546
epoch: [10], step: [369/1543], batch loss: 0.16553, batch accuracy: 86.39, data load time: 0.24047, step time: 0.03843
epoch: [10], step: [469/1543], batch loss: 0.18264, batch accuracy: 90.90, data load time: 0.25742, step time: 0.03765
epoch: [10], step: [569/1543], batch loss: 0.18388, batch accuracy: 91.29, data load time: 0.30181, step time: 0.04176
epoch: [10], step: [669/1543], batch loss: 0.13332, batch accuracy: 91.36, data load time: 0.30144, step time: 0.03361
epoch: [10], step: [769/1543], batch loss: 0.16484, batch accuracy: 86.93, data load time: 0.35040, step time: 0.03454
epoch: [10], step: [869/1543], batch loss: 0.12624, batch accuracy: 83.40, data load time: 0.28852, step time: 0.03251
epoch: [10], step: [969/1543], batch loss: 0.17814, batch accuracy: 89.74, data load time: 0.21194, step time: 0.04029
epoch: [10], step: [1069/1543], batch loss: 0.17602, batch accuracy: 85.78, data load time: 0.33279, step time: 0.03485
epoch: [10], step: [1169/1543], batch loss: 0.22094, batch accuracy: 79.46, data load time: 0.31380, step time: 0.04093
epoch: [10], step: [1269/1543], batch loss: 0.18169, batch accuracy: 83.13, data load time: 0.26544, step time: 0.04093
epoch: [10], step: [1369/1543], batch loss: 0.12508, batch accuracy: 93.10, data load time: 0.29222, step time: 0.03346
epoch: [10], step: [1469/1543], batch loss: 0.14120, batch accuracy: 91.56, data load time: 0.30075, step time: 0.03523
Epoch 00011: reducing learning rate of group 0 to 1.0000e-02.
epoch: [11], step: [26/1543], batch loss: 0.17933, batch accuracy: 87.45, data load time: 0.23759, step time: 0.04054
epoch: [11], step: [126/1543], batch loss: 0.12793, batch accuracy: 92.66, data load time: 0.15741, step time: 0.03407
epoch: [11], step: [226/1543], batch loss: 0.14357, batch accuracy: 93.51, data load time: 0.37626, step time: 0.03427
epoch: [11], step: [326/1543], batch loss: 0.15447, batch accuracy: 86.68, data load time: 0.21445, step time: 0.03754
epoch: [11], step: [426/1543], batch loss: 0.15322, batch accuracy: 82.86, data load time: 0.22866, step time: 0.03484
epoch: [11], step: [526/1543], batch loss: 0.17860, batch accuracy: 85.71, data load time: 0.35131, step time: 0.03551
epoch: [11], step: [626/1543], batch loss: 0.17739, batch accuracy: 83.45, data load time: 0.27950, step time: 0.03783
epoch: [11], step: [726/1543], batch loss: 0.15453, batch accuracy: 90.17, data load time: 0.31878, step time: 0.03788
epoch: [11], step: [826/1543], batch loss: 0.21812, batch accuracy: 78.80, data load time: 0.33222, step time: 0.03768
epoch: [11], step: [926/1543], batch loss: 0.16117, batch accuracy: 84.47, data load time: 0.29327, step time: 0.03621
epoch: [11], step: [1026/1543], batch loss: 0.13896, batch accuracy: 88.84, data load time: 0.21787, step time: 0.03446
epoch: [11], step: [1126/1543], batch loss: 0.14184, batch accuracy: 86.64, data load time: 0.23030, step time: 0.03566
epoch: [11], step: [1226/1543], batch loss: 0.13899, batch accuracy: 90.25, data load time: 0.22629, step time: 0.03819
epoch: [11], step: [1326/1543], batch loss: 0.16531, batch accuracy: 80.51, data load time: 0.27733, step time: 0.03702
epoch: [11], step: [1426/1543], batch loss: 0.13270, batch accuracy: 90.92, data load time: 0.31201, step time: 0.03209
epoch: [11], step: [1526/1543], batch loss: 0.13204, batch accuracy: 87.93, data load time: 0.33413, step time: 0.03493
epoch: [12], step: [83/1543], batch loss: 0.14813, batch accuracy: 86.30, data load time: 0.27371, step time: 0.03489
epoch: [12], step: [183/1543], batch loss: 0.14595, batch accuracy: 90.60, data load time: 0.22197, step time: 0.03843
epoch: [12], step: [283/1543], batch loss: 0.18862, batch accuracy: 78.52, data load time: 0.24045, step time: 0.03948
epoch: [12], step: [383/1543], batch loss: 0.12719, batch accuracy: 92.07, data load time: 0.36034, step time: 0.03487
epoch: [12], step: [483/1543], batch loss: 0.15804, batch accuracy: 82.89, data load time: 0.39319, step time: 0.03492
epoch: [12], step: [583/1543], batch loss: 0.17496, batch accuracy: 93.17, data load time: 0.32915, step time: 0.03823
epoch: [12], step: [683/1543], batch loss: 0.17979, batch accuracy: 81.19, data load time: 0.22254, step time: 0.03710
epoch: [12], step: [783/1543], batch loss: 0.16948, batch accuracy: 83.93, data load time: 0.25410, step time: 0.03498
epoch: [12], step: [883/1543], batch loss: 0.17084, batch accuracy: 89.64, data load time: 0.22891, step time: 0.03756
epoch: [12], step: [983/1543], batch loss: 0.15467, batch accuracy: 82.22, data load time: 0.20080, step time: 0.03899
epoch: [12], step: [1083/1543], batch loss: 0.16819, batch accuracy: 90.22, data load time: 0.29592, step time: 0.04120
epoch: [12], step: [1183/1543], batch loss: 0.17536, batch accuracy: 88.35, data load time: 0.28231, step time: 0.03829
epoch: [12], step: [1283/1543], batch loss: 0.14250, batch accuracy: 75.27, data load time: 0.28985, step time: 0.03054
epoch: [12], step: [1383/1543], batch loss: 0.13383, batch accuracy: 92.05, data load time: 0.29432, step time: 0.03569
epoch: [12], step: [1483/1543], batch loss: 0.17286, batch accuracy: 78.84, data load time: 0.23033, step time: 0.03485
epoch: [13], step: [40/1543], batch loss: 0.15979, batch accuracy: 84.28, data load time: 0.35189, step time: 0.03491
epoch: [13], step: [140/1543], batch loss: 0.15775, batch accuracy: 88.10, data load time: 0.34578, step time: 0.03755
epoch: [13], step: [240/1543], batch loss: 0.16265, batch accuracy: 88.29, data load time: 0.31678, step time: 0.03906
epoch: [13], step: [340/1543], batch loss: 0.14810, batch accuracy: 89.25, data load time: 0.30693, step time: 0.03473
epoch: [13], step: [440/1543], batch loss: 0.16299, batch accuracy: 86.94, data load time: 0.29106, step time: 0.03482
epoch: [13], step: [540/1543], batch loss: 0.15918, batch accuracy: 86.28, data load time: 0.33932, step time: 0.03556
epoch: [13], step: [640/1543], batch loss: 0.11752, batch accuracy: 93.10, data load time: 0.22437, step time: 0.03545
epoch: [13], step: [740/1543], batch loss: 0.16382, batch accuracy: 87.01, data load time: 0.29587, step time: 0.03829
epoch: [13], step: [840/1543], batch loss: 0.12154, batch accuracy: 90.56, data load time: 0.27625, step time: 0.03327
epoch: [13], step: [940/1543], batch loss: 0.15532, batch accuracy: 82.64, data load time: 0.35888, step time: 0.03469
epoch: [13], step: [1040/1543], batch loss: 0.17889, batch accuracy: 85.24, data load time: 0.19533, step time: 0.03688
epoch: [13], step: [1140/1543], batch loss: 0.15925, batch accuracy: 89.80, data load time: 0.29910, step time: 0.03980
epoch: [13], step: [1240/1543], batch loss: 0.13748, batch accuracy: 94.09, data load time: 0.30065, step time: 0.03765
epoch: [13], step: [1340/1543], batch loss: 0.13559, batch accuracy: 91.91, data load time: 0.24632, step time: 0.03629
epoch: [13], step: [1440/1543], batch loss: 0.13600, batch accuracy: 86.23, data load time: 0.22894, step time: 0.03341
epoch: [13], step: [1540/1543], batch loss: 0.12821, batch accuracy: 94.54, data load time: 0.30074, step time: 0.03904
epoch: [14], step: [97/1543], batch loss: 0.20188, batch accuracy: 83.00, data load time: 0.23362, step time: 0.03768
epoch: [14], step: [197/1543], batch loss: 0.18471, batch accuracy: 89.06, data load time: 0.25335, step time: 0.03915
epoch: [14], step: [297/1543], batch loss: 0.14149, batch accuracy: 89.04, data load time: 0.25407, step time: 0.03697
epoch: [14], step: [397/1543], batch loss: 0.15513, batch accuracy: 86.62, data load time: 0.21321, step time: 0.03474
epoch: [14], step: [497/1543], batch loss: 0.15016, batch accuracy: 83.29, data load time: 0.34606, step time: 0.03584
epoch: [14], step: [597/1543], batch loss: 0.19165, batch accuracy: 78.86, data load time: 0.30706, step time: 0.03705
epoch: [14], step: [697/1543], batch loss: 0.16549, batch accuracy: 88.46, data load time: 0.30585, step time: 0.03904
epoch: [14], step: [797/1543], batch loss: 0.13444, batch accuracy: 87.32, data load time: 0.34110, step time: 0.03415
epoch: [14], step: [897/1543], batch loss: 0.13109, batch accuracy: 90.92, data load time: 0.33589, step time: 0.03493
epoch: [14], step: [997/1543], batch loss: 0.15643, batch accuracy: 89.21, data load time: 0.26478, step time: 0.03827
epoch: [14], step: [1097/1543], batch loss: 0.16074, batch accuracy: 83.40, data load time: 0.31176, step time: 0.03646
epoch: [14], step: [1197/1543], batch loss: 0.14851, batch accuracy: 81.71, data load time: 0.33445, step time: 0.03113
epoch: [14], step: [1297/1543], batch loss: 0.13706, batch accuracy: 84.69, data load time: 0.26648, step time: 0.03541
epoch: [14], step: [1397/1543], batch loss: 0.15848, batch accuracy: 91.15, data load time: 0.28624, step time: 0.03816
epoch: [14], step: [1497/1543], batch loss: 0.15541, batch accuracy: 86.58, data load time: 0.27955, step time: 0.03704
EVALUATION METRICS:
-------------------------------------------------------------

Validation: AUC Score: 0.5000

-------------------------------------------------------------
validation loss: 6.63864, accuracy: 50.00
epoch: [15], step: [54/1543], batch loss: 0.12204, batch accuracy: 92.48, data load time: 0.32064, step time: 0.03541
epoch: [15], step: [154/1543], batch loss: 0.15100, batch accuracy: 91.16, data load time: 0.28986, step time: 0.04033
epoch: [15], step: [254/1543], batch loss: 0.13467, batch accuracy: 89.78, data load time: 0.21745, step time: 0.03547
epoch: [15], step: [354/1543], batch loss: 0.16227, batch accuracy: 93.00, data load time: 0.22109, step time: 0.04025
epoch: [15], step: [454/1543], batch loss: 0.18305, batch accuracy: 78.21, data load time: 0.30398, step time: 0.03595
epoch: [15], step: [554/1543], batch loss: 0.15283, batch accuracy: 92.08, data load time: 0.24814, step time: 0.03582
epoch: [15], step: [654/1543], batch loss: 0.16384, batch accuracy: 91.36, data load time: 0.27766, step time: 0.03590
epoch: [15], step: [754/1543], batch loss: 0.18079, batch accuracy: 86.26, data load time: 0.23467, step time: 0.03537
epoch: [15], step: [854/1543], batch loss: 0.18275, batch accuracy: 87.37, data load time: 0.23109, step time: 0.03796
epoch: [15], step: [954/1543], batch loss: 0.20943, batch accuracy: 87.59, data load time: 0.26125, step time: 0.04167
epoch: [15], step: [1054/1543], batch loss: 0.16480, batch accuracy: 88.43, data load time: 0.32597, step time: 0.04007
epoch: [15], step: [1154/1543], batch loss: 0.15624, batch accuracy: 93.24, data load time: 0.27572, step time: 0.03802
epoch: [15], step: [1254/1543], batch loss: 0.12602, batch accuracy: 93.33, data load time: 0.31913, step time: 0.03160
epoch: [15], step: [1354/1543], batch loss: 0.16954, batch accuracy: 89.81, data load time: 0.28924, step time: 0.03794
epoch: [15], step: [1454/1543], batch loss: 0.16922, batch accuracy: 88.40, data load time: 0.34894, step time: 0.03620
epoch: [16], step: [11/1543], batch loss: 0.17053, batch accuracy: 81.23, data load time: 0.28726, step time: 0.03466
epoch: [16], step: [111/1543], batch loss: 0.17509, batch accuracy: 88.85, data load time: 0.25352, step time: 0.03827
epoch: [16], step: [211/1543], batch loss: 0.13227, batch accuracy: 91.04, data load time: 0.24281, step time: 0.03559
epoch: [16], step: [311/1543], batch loss: 0.21172, batch accuracy: 85.07, data load time: 0.25502, step time: 0.04103
epoch: [16], step: [411/1543], batch loss: 0.13881, batch accuracy: 88.60, data load time: 0.24944, step time: 0.03611
epoch: [16], step: [511/1543], batch loss: 0.13026, batch accuracy: 93.21, data load time: 0.37300, step time: 0.03754
epoch: [16], step: [611/1543], batch loss: 0.16372, batch accuracy: 76.60, data load time: 0.70625, step time: 0.03562
epoch: [16], step: [711/1543], batch loss: 0.14651, batch accuracy: 88.63, data load time: 0.31438, step time: 0.03599
epoch: [16], step: [811/1543], batch loss: 0.15656, batch accuracy: 90.16, data load time: 0.29170, step time: 0.03667
epoch: [16], step: [911/1543], batch loss: 0.24083, batch accuracy: 84.57, data load time: 0.22433, step time: 0.04236
epoch: [16], step: [1011/1543], batch loss: 0.16111, batch accuracy: 93.20, data load time: 0.20880, step time: 0.03669
epoch: [16], step: [1111/1543], batch loss: 0.18499, batch accuracy: 80.21, data load time: 0.24296, step time: 0.03835
epoch: [16], step: [1211/1543], batch loss: 0.11719, batch accuracy: 95.94, data load time: 0.30602, step time: 0.03597
epoch: [16], step: [1311/1543], batch loss: 0.16543, batch accuracy: 85.48, data load time: 0.31092, step time: 0.03596
epoch: [16], step: [1411/1543], batch loss: 0.14962, batch accuracy: 92.53, data load time: 0.27650, step time: 0.04097
epoch: [16], step: [1511/1543], batch loss: 0.12117, batch accuracy: 93.51, data load time: 0.29935, step time: 0.03524
epoch: [17], step: [68/1543], batch loss: 0.16269, batch accuracy: 90.92, data load time: 0.27275, step time: 0.03605
epoch: [17], step: [168/1543], batch loss: 0.17279, batch accuracy: 88.28, data load time: 0.25588, step time: 0.03747
epoch: [17], step: [268/1543], batch loss: 0.18800, batch accuracy: 92.48, data load time: 0.29681, step time: 0.04176
epoch: [17], step: [368/1543], batch loss: 0.15485, batch accuracy: 85.64, data load time: 0.26665, step time: 0.03759
epoch: [17], step: [468/1543], batch loss: 0.14820, batch accuracy: 87.53, data load time: 0.22821, step time: 0.03353
epoch: [17], step: [568/1543], batch loss: 0.19827, batch accuracy: 80.15, data load time: 0.35933, step time: 0.03897
epoch: [17], step: [668/1543], batch loss: 0.13795, batch accuracy: 89.38, data load time: 0.26012, step time: 0.03603
epoch: [17], step: [768/1543], batch loss: 0.17018, batch accuracy: 90.72, data load time: 0.34339, step time: 0.03807
epoch: [17], step: [868/1543], batch loss: 0.15769, batch accuracy: 84.77, data load time: 0.29408, step time: 0.03680
epoch: [17], step: [968/1543], batch loss: 0.16864, batch accuracy: 93.44, data load time: 0.22802, step time: 0.04161
epoch: [17], step: [1068/1543], batch loss: 0.14908, batch accuracy: 90.04, data load time: 0.23948, step time: 0.03911
epoch: [17], step: [1168/1543], batch loss: 0.13085, batch accuracy: 84.68, data load time: 0.28571, step time: 0.03409
epoch: [17], step: [1268/1543], batch loss: 0.15543, batch accuracy: 84.60, data load time: 0.33550, step time: 0.03617
epoch: [17], step: [1368/1543], batch loss: 0.13554, batch accuracy: 94.84, data load time: 0.28993, step time: 0.04314
epoch: [17], step: [1468/1543], batch loss: 0.15693, batch accuracy: 80.68, data load time: 0.26298, step time: 0.03684
epoch: [18], step: [25/1543], batch loss: 0.17297, batch accuracy: 84.43, data load time: 0.29285, step time: 0.03647
epoch: [18], step: [125/1543], batch loss: 0.19745, batch accuracy: 90.73, data load time: 0.29048, step time: 0.04351
epoch: [18], step: [225/1543], batch loss: 0.13384, batch accuracy: 90.78, data load time: 0.33905, step time: 0.03406
epoch: [18], step: [325/1543], batch loss: 0.23283, batch accuracy: 82.55, data load time: 0.36479, step time: 0.03976
epoch: [18], step: [425/1543], batch loss: 0.11701, batch accuracy: 91.87, data load time: 0.30639, step time: 0.03677
epoch: [18], step: [525/1543], batch loss: 0.13658, batch accuracy: 83.05, data load time: 0.28296, step time: 0.03259
epoch: [18], step: [625/1543], batch loss: 0.14196, batch accuracy: 87.47, data load time: 0.31873, step time: 0.03641
epoch: [18], step: [725/1543], batch loss: 0.17387, batch accuracy: 91.14, data load time: 0.32160, step time: 0.04059
epoch: [18], step: [825/1543], batch loss: 0.10734, batch accuracy: 86.58, data load time: 0.33713, step time: 0.03200
epoch: [18], step: [925/1543], batch loss: 0.16660, batch accuracy: 88.18, data load time: 0.33952, step time: 0.03410
epoch: [18], step: [1025/1543], batch loss: 0.14649, batch accuracy: 85.12, data load time: 0.29659, step time: 0.03341
epoch: [18], step: [1125/1543], batch loss: 0.14510, batch accuracy: 80.22, data load time: 0.32243, step time: 0.03403
epoch: [18], step: [1225/1543], batch loss: 0.17681, batch accuracy: 87.93, data load time: 0.24873, step time: 0.03778
epoch: [18], step: [1325/1543], batch loss: 0.16243, batch accuracy: 83.88, data load time: 0.32888, step time: 0.03329
epoch: [18], step: [1425/1543], batch loss: 0.18382, batch accuracy: 84.14, data load time: 0.29806, step time: 0.03761
epoch: [18], step: [1525/1543], batch loss: 0.13846, batch accuracy: 92.17, data load time: 0.26956, step time: 0.03689
epoch: [19], step: [82/1543], batch loss: 0.16281, batch accuracy: 78.68, data load time: 0.38603, step time: 0.03566
epoch: [19], step: [182/1543], batch loss: 0.21282, batch accuracy: 73.19, data load time: 0.29677, step time: 0.03893
epoch: [19], step: [282/1543], batch loss: 0.14127, batch accuracy: 90.88, data load time: 0.28585, step time: 0.03718
epoch: [19], step: [382/1543], batch loss: 0.14314, batch accuracy: 92.56, data load time: 0.28578, step time: 0.03642
epoch: [19], step: [482/1543], batch loss: 0.10327, batch accuracy: 94.16, data load time: 0.34313, step time: 0.03349
epoch: [19], step: [582/1543], batch loss: 0.13804, batch accuracy: 88.18, data load time: 0.29853, step time: 0.03569
epoch: [19], step: [682/1543], batch loss: 0.12933, batch accuracy: 87.91, data load time: 0.39309, step time: 0.03479
epoch: [19], step: [782/1543], batch loss: 0.14088, batch accuracy: 84.97, data load time: 0.31056, step time: 0.03543
epoch: [19], step: [882/1543], batch loss: 0.12424, batch accuracy: 85.97, data load time: 0.31841, step time: 0.03536
epoch: [19], step: [982/1543], batch loss: 0.16166, batch accuracy: 85.86, data load time: 0.31863, step time: 0.03479
epoch: [19], step: [1082/1543], batch loss: 0.21765, batch accuracy: 81.90, data load time: 0.32356, step time: 0.03870
epoch: [19], step: [1182/1543], batch loss: 0.14090, batch accuracy: 83.82, data load time: 0.33425, step time: 0.03563
epoch: [19], step: [1282/1543], batch loss: 0.16034, batch accuracy: 86.65, data load time: 0.36772, step time: 0.03909
epoch: [19], step: [1382/1543], batch loss: 0.13782, batch accuracy: 83.78, data load time: 0.32461, step time: 0.03261
epoch: [19], step: [1482/1543], batch loss: 0.14953, batch accuracy: 93.04, data load time: 0.31326, step time: 0.03854
EVALUATION METRICS:
-------------------------------------------------------------

Validation: AUC Score: 0.5000

-------------------------------------------------------------
validation loss: 9.84903, accuracy: 50.00
