Loading data from /mnt/storage/scratch/ee20947/MagnaTagATune/annotations/train.pkl...
Loading data from /mnt/storage/scratch/ee20947/MagnaTagATune/annotations/train.pkl...
Loading data from /mnt/storage/scratch/ee20947/MagnaTagATune/annotations/val.pkl...
Loading data from /mnt/storage/scratch/ee20947/MagnaTagATune/annotations/test.pkl...
Writing logs to logs/CNN_sgd_momentum=0.93_learning_rate=2.7185882345293066e-07_conv_length=256_conv_stride=256_batch_size=10_epochs=30_weight_decay=1e-05_extension=ExtraCNN_run_1
epoch: [0], step: [99/1543], batch loss: 0.72330, batch accuracy: 59.27, data load time: 0.26772, step time: 0.03708
epoch: [0], step: [199/1543], batch loss: 0.73617, batch accuracy: 61.98, data load time: 0.25242, step time: 0.03274
epoch: [0], step: [299/1543], batch loss: 0.74044, batch accuracy: 53.82, data load time: 0.22960, step time: 0.03768
epoch: [0], step: [399/1543], batch loss: 0.72069, batch accuracy: 58.28, data load time: 0.24159, step time: 0.04224
epoch: [0], step: [499/1543], batch loss: 0.73183, batch accuracy: 59.72, data load time: 0.24862, step time: 0.03581
epoch: [0], step: [599/1543], batch loss: 0.73207, batch accuracy: 57.30, data load time: 0.20294, step time: 0.03651
epoch: [0], step: [699/1543], batch loss: 0.73722, batch accuracy: 44.32, data load time: 0.23132, step time: 0.03954
epoch: [0], step: [799/1543], batch loss: 0.74050, batch accuracy: 51.82, data load time: 0.23732, step time: 0.03706
epoch: [0], step: [899/1543], batch loss: 0.72132, batch accuracy: 49.68, data load time: 0.24711, step time: 0.03726
epoch: [0], step: [999/1543], batch loss: 0.72834, batch accuracy: 50.91, data load time: 0.32697, step time: 0.03875
epoch: [0], step: [1099/1543], batch loss: 0.72289, batch accuracy: 64.95, data load time: 0.23262, step time: 0.03274
epoch: [0], step: [1199/1543], batch loss: 0.75039, batch accuracy: 41.71, data load time: 0.23843, step time: 0.03945
epoch: [0], step: [1299/1543], batch loss: 0.73476, batch accuracy: 48.72, data load time: 0.22569, step time: 0.03569
epoch: [0], step: [1399/1543], batch loss: 0.75315, batch accuracy: 49.74, data load time: 0.23694, step time: 0.03555
epoch: [0], step: [1499/1543], batch loss: 0.73748, batch accuracy: 51.73, data load time: 0.25606, step time: 0.03577
EVALUATION METRICS:
-------------------------------------------------------------

Validation: AUC Score: 0.4877

-------------------------------------------------------------
validation loss: 0.74979, accuracy: 48.77
epoch: [1], step: [56/1543], batch loss: 0.72481, batch accuracy: 47.67, data load time: 0.24058, step time: 0.03998
epoch: [1], step: [156/1543], batch loss: 0.72322, batch accuracy: 48.87, data load time: 0.22373, step time: 0.03439
epoch: [1], step: [256/1543], batch loss: 0.73056, batch accuracy: 52.63, data load time: 0.24248, step time: 0.03736
epoch: [1], step: [356/1543], batch loss: 0.74353, batch accuracy: 43.06, data load time: 0.17819, step time: 0.03714
epoch: [1], step: [456/1543], batch loss: 0.73373, batch accuracy: 45.57, data load time: 0.20273, step time: 0.03954
epoch: [1], step: [556/1543], batch loss: 0.73729, batch accuracy: 46.40, data load time: 0.20858, step time: 0.03666
epoch: [1], step: [656/1543], batch loss: 0.71270, batch accuracy: 60.42, data load time: 0.28853, step time: 0.03796
epoch: [1], step: [756/1543], batch loss: 0.73895, batch accuracy: 45.87, data load time: 0.28986, step time: 0.03798
epoch: [1], step: [856/1543], batch loss: 0.72850, batch accuracy: 50.07, data load time: 0.27639, step time: 0.03649
epoch: [1], step: [956/1543], batch loss: 0.74783, batch accuracy: 43.63, data load time: 0.22640, step time: 0.03610
epoch: [1], step: [1056/1543], batch loss: 0.73335, batch accuracy: 54.48, data load time: 0.26641, step time: 0.03941
epoch: [1], step: [1156/1543], batch loss: 0.74777, batch accuracy: 43.55, data load time: 0.21707, step time: 0.03432
epoch: [1], step: [1256/1543], batch loss: 0.73366, batch accuracy: 50.49, data load time: 0.21222, step time: 0.03858
epoch: [1], step: [1356/1543], batch loss: 0.73505, batch accuracy: 50.58, data load time: 0.25724, step time: 0.03717
epoch: [1], step: [1456/1543], batch loss: 0.74724, batch accuracy: 48.71, data load time: 0.26585, step time: 0.04022
EVALUATION METRICS:
-------------------------------------------------------------

Validation: AUC Score: 0.4870

-------------------------------------------------------------
validation loss: 0.74868, accuracy: 48.70
epoch: [2], step: [13/1543], batch loss: 0.72471, batch accuracy: 60.71, data load time: 0.22876, step time: 0.03951
epoch: [2], step: [113/1543], batch loss: 0.73054, batch accuracy: 44.02, data load time: 0.21540, step time: 0.03156
epoch: [2], step: [213/1543], batch loss: 0.73493, batch accuracy: 48.34, data load time: 0.22216, step time: 0.04117
epoch: [2], step: [313/1543], batch loss: 0.73895, batch accuracy: 43.77, data load time: 0.26800, step time: 0.03515
epoch: [2], step: [413/1543], batch loss: 0.73332, batch accuracy: 58.80, data load time: 0.27833, step time: 0.03819
epoch: [2], step: [513/1543], batch loss: 0.74403, batch accuracy: 49.10, data load time: 0.34693, step time: 0.03594
epoch: [2], step: [613/1543], batch loss: 0.74540, batch accuracy: 46.70, data load time: 0.28509, step time: 0.03382
epoch: [2], step: [713/1543], batch loss: 0.73463, batch accuracy: 53.08, data load time: 0.36506, step time: 0.03607
epoch: [2], step: [813/1543], batch loss: 0.74591, batch accuracy: 50.31, data load time: 0.25848, step time: 0.03512
epoch: [2], step: [913/1543], batch loss: 0.73742, batch accuracy: 51.11, data load time: 0.23335, step time: 0.03756
epoch: [2], step: [1013/1543], batch loss: 0.72110, batch accuracy: 46.47, data load time: 0.23127, step time: 0.03668
epoch: [2], step: [1113/1543], batch loss: 0.72380, batch accuracy: 53.65, data load time: 0.30759, step time: 0.03947
epoch: [2], step: [1213/1543], batch loss: 0.72476, batch accuracy: 60.14, data load time: 0.24270, step time: 0.04053
epoch: [2], step: [1313/1543], batch loss: 0.72481, batch accuracy: 54.42, data load time: 0.26734, step time: 0.03596
epoch: [2], step: [1413/1543], batch loss: 0.73014, batch accuracy: 58.20, data load time: 0.19464, step time: 0.03726
epoch: [2], step: [1513/1543], batch loss: 0.72658, batch accuracy: 53.69, data load time: 0.19954, step time: 0.03297
EVALUATION METRICS:
-------------------------------------------------------------

Validation: AUC Score: 0.4817

-------------------------------------------------------------
validation loss: 0.75170, accuracy: 48.17
epoch: [3], step: [70/1543], batch loss: 0.74500, batch accuracy: 43.24, data load time: 0.24857, step time: 0.03862
epoch: [3], step: [170/1543], batch loss: 0.72004, batch accuracy: 51.36, data load time: 0.22811, step time: 0.04024
epoch: [3], step: [270/1543], batch loss: 0.73360, batch accuracy: 51.99, data load time: 0.21027, step time: 0.03793
epoch: [3], step: [370/1543], batch loss: 0.74876, batch accuracy: 41.39, data load time: 0.22740, step time: 0.03736
epoch: [3], step: [470/1543], batch loss: 0.74621, batch accuracy: 47.04, data load time: 0.29465, step time: 0.03587
epoch: [3], step: [570/1543], batch loss: 0.73403, batch accuracy: 50.39, data load time: 0.15252, step time: 0.03340
epoch: [3], step: [670/1543], batch loss: 0.73490, batch accuracy: 56.77, data load time: 0.23494, step time: 0.03942
epoch: [3], step: [770/1543], batch loss: 0.73852, batch accuracy: 55.83, data load time: 0.22923, step time: 0.03575
epoch: [3], step: [870/1543], batch loss: 0.73134, batch accuracy: 56.92, data load time: 0.20130, step time: 0.03396
epoch: [3], step: [970/1543], batch loss: 0.72853, batch accuracy: 56.73, data load time: 0.20373, step time: 0.03641
epoch: [3], step: [1070/1543], batch loss: 0.71627, batch accuracy: 52.74, data load time: 0.26488, step time: 0.03639
epoch: [3], step: [1170/1543], batch loss: 0.74083, batch accuracy: 55.11, data load time: 0.17504, step time: 0.03412
epoch: [3], step: [1270/1543], batch loss: 0.72859, batch accuracy: 62.37, data load time: 0.31697, step time: 0.03654
epoch: [3], step: [1370/1543], batch loss: 0.72088, batch accuracy: 52.73, data load time: 0.23244, step time: 0.04226
epoch: [3], step: [1470/1543], batch loss: 0.76020, batch accuracy: 35.67, data load time: 0.22422, step time: 0.04167
EVALUATION METRICS:
-------------------------------------------------------------

Validation: AUC Score: 0.4827

-------------------------------------------------------------
validation loss: 0.74346, accuracy: 48.27
epoch: [4], step: [27/1543], batch loss: 0.73406, batch accuracy: 47.25, data load time: 0.18963, step time: 0.03648
epoch: [4], step: [127/1543], batch loss: 0.74846, batch accuracy: 40.18, data load time: 0.27147, step time: 0.03877
epoch: [4], step: [227/1543], batch loss: 0.73209, batch accuracy: 45.58, data load time: 0.22349, step time: 0.03585
epoch: [4], step: [327/1543], batch loss: 0.74836, batch accuracy: 51.34, data load time: 0.27454, step time: 0.03660
epoch: [4], step: [427/1543], batch loss: 0.74423, batch accuracy: 50.51, data load time: 0.18154, step time: 0.03600
epoch: [4], step: [527/1543], batch loss: 0.73248, batch accuracy: 59.83, data load time: 0.26392, step time: 0.03811
epoch: [4], step: [627/1543], batch loss: 0.75052, batch accuracy: 43.26, data load time: 0.23011, step time: 0.04029
epoch: [4], step: [727/1543], batch loss: 0.74584, batch accuracy: 54.53, data load time: 0.23210, step time: 0.03971
epoch: [4], step: [827/1543], batch loss: 0.74492, batch accuracy: 43.24, data load time: 0.27682, step time: 0.03865
epoch: [4], step: [927/1543], batch loss: 0.73384, batch accuracy: 50.28, data load time: 0.25680, step time: 0.03866
epoch: [4], step: [1027/1543], batch loss: 0.72886, batch accuracy: 56.91, data load time: 0.31647, step time: 0.03372
epoch: [4], step: [1127/1543], batch loss: 0.72944, batch accuracy: 49.75, data load time: 0.17564, step time: 0.03744
epoch: [4], step: [1227/1543], batch loss: 0.74230, batch accuracy: 40.96, data load time: 0.27165, step time: 0.03897
epoch: [4], step: [1327/1543], batch loss: 0.73005, batch accuracy: 50.88, data load time: 0.19495, step time: 0.03947
epoch: [4], step: [1427/1543], batch loss: 0.70712, batch accuracy: 64.37, data load time: 0.23504, step time: 0.04049
epoch: [4], step: [1527/1543], batch loss: 0.73112, batch accuracy: 47.60, data load time: 0.25543, step time: 0.03665
EVALUATION METRICS:
-------------------------------------------------------------

Validation: AUC Score: 0.4850

-------------------------------------------------------------
validation loss: 0.75537, accuracy: 48.50
epoch: [5], step: [84/1543], batch loss: 0.74385, batch accuracy: 52.82, data load time: 0.28210, step time: 0.03520
epoch: [5], step: [184/1543], batch loss: 0.72358, batch accuracy: 49.51, data load time: 0.26439, step time: 0.04338
epoch: [5], step: [284/1543], batch loss: 0.74355, batch accuracy: 41.45, data load time: 0.23427, step time: 0.03730
epoch: [5], step: [384/1543], batch loss: 0.73229, batch accuracy: 55.60, data load time: 0.22263, step time: 0.03743
epoch: [5], step: [484/1543], batch loss: 0.72759, batch accuracy: 50.11, data load time: 0.18489, step time: 0.04026
epoch: [5], step: [584/1543], batch loss: 0.73094, batch accuracy: 53.20, data load time: 0.20002, step time: 0.03879
epoch: [5], step: [684/1543], batch loss: 0.73087, batch accuracy: 54.45, data load time: 0.21561, step time: 0.04113
epoch: [5], step: [784/1543], batch loss: 0.73100, batch accuracy: 51.59, data load time: 0.30429, step time: 0.03591
epoch: [5], step: [884/1543], batch loss: 0.75072, batch accuracy: 47.64, data load time: 0.26435, step time: 0.03818
epoch: [5], step: [984/1543], batch loss: 0.72921, batch accuracy: 51.22, data load time: 0.21092, step time: 0.03977
epoch: [5], step: [1084/1543], batch loss: 0.75203, batch accuracy: 59.11, data load time: 0.32962, step time: 0.03815
epoch: [5], step: [1184/1543], batch loss: 0.73442, batch accuracy: 44.52, data load time: 0.20922, step time: 0.03372
epoch: [5], step: [1284/1543], batch loss: 0.72683, batch accuracy: 59.56, data load time: 0.22459, step time: 0.03321
epoch: [5], step: [1384/1543], batch loss: 0.72767, batch accuracy: 46.13, data load time: 0.26802, step time: 0.03875
epoch: [5], step: [1484/1543], batch loss: 0.73977, batch accuracy: 43.58, data load time: 0.19207, step time: 0.03891
EVALUATION METRICS:
-------------------------------------------------------------

Validation: AUC Score: 0.4852

-------------------------------------------------------------
validation loss: 0.74974, accuracy: 48.52
epoch: [6], step: [41/1543], batch loss: 0.74313, batch accuracy: 44.32, data load time: 0.28275, step time: 0.03951
epoch: [6], step: [141/1543], batch loss: 0.73830, batch accuracy: 46.84, data load time: 0.26246, step time: 0.04159
epoch: [6], step: [241/1543], batch loss: 0.72534, batch accuracy: 53.69, data load time: 0.24953, step time: 0.03789
epoch: [6], step: [341/1543], batch loss: 0.74142, batch accuracy: 48.40, data load time: 0.19874, step time: 0.03609
epoch: [6], step: [441/1543], batch loss: 0.74404, batch accuracy: 52.50, data load time: 0.21508, step time: 0.04523
epoch: [6], step: [541/1543], batch loss: 0.71713, batch accuracy: 51.32, data load time: 0.15981, step time: 0.03881
epoch: [6], step: [641/1543], batch loss: 0.70475, batch accuracy: 62.94, data load time: 0.27064, step time: 0.03512
epoch: [6], step: [741/1543], batch loss: 0.73218, batch accuracy: 50.13, data load time: 0.23508, step time: 0.03438
epoch: [6], step: [841/1543], batch loss: 0.70962, batch accuracy: 55.39, data load time: 0.25441, step time: 0.03742
epoch: [6], step: [941/1543], batch loss: 0.73699, batch accuracy: 59.94, data load time: 0.24139, step time: 0.03731
epoch: [6], step: [1041/1543], batch loss: 0.72731, batch accuracy: 48.66, data load time: 0.22144, step time: 0.03831
epoch: [6], step: [1141/1543], batch loss: 0.72926, batch accuracy: 67.39, data load time: 0.23320, step time: 0.03281
epoch: [6], step: [1241/1543], batch loss: 0.73423, batch accuracy: 53.35, data load time: 0.19956, step time: 0.03739
epoch: [6], step: [1341/1543], batch loss: 0.73361, batch accuracy: 50.30, data load time: 0.21807, step time: 0.03649
epoch: [6], step: [1441/1543], batch loss: 0.73599, batch accuracy: 44.40, data load time: 0.18235, step time: 0.03365
epoch: [6], step: [1541/1543], batch loss: 0.75239, batch accuracy: 47.08, data load time: 0.23612, step time: 0.03281
EVALUATION METRICS:
-------------------------------------------------------------

Validation: AUC Score: 0.4850

-------------------------------------------------------------
validation loss: 0.74681, accuracy: 48.50
epoch: [7], step: [98/1543], batch loss: 0.71452, batch accuracy: 56.52, data load time: 0.18596, step time: 0.03441
epoch: [7], step: [198/1543], batch loss: 0.73473, batch accuracy: 45.10, data load time: 0.23306, step time: 0.03598
epoch: [7], step: [298/1543], batch loss: 0.72600, batch accuracy: 40.94, data load time: 0.26343, step time: 0.03611
epoch: [7], step: [398/1543], batch loss: 0.73478, batch accuracy: 50.49, data load time: 0.26328, step time: 0.03468
epoch: [7], step: [498/1543], batch loss: 0.72893, batch accuracy: 51.21, data load time: 0.25959, step time: 0.03611
epoch: [7], step: [598/1543], batch loss: 0.73486, batch accuracy: 55.31, data load time: 0.26680, step time: 0.03893
epoch: [7], step: [698/1543], batch loss: 0.73387, batch accuracy: 44.42, data load time: 0.21637, step time: 0.03885
epoch: [7], step: [798/1543], batch loss: 0.74843, batch accuracy: 44.76, data load time: 0.27913, step time: 0.03804
epoch: [7], step: [898/1543], batch loss: 0.72756, batch accuracy: 44.37, data load time: 0.19324, step time: 0.03657
epoch: [7], step: [998/1543], batch loss: 0.72257, batch accuracy: 49.56, data load time: 0.29709, step time: 0.03743
epoch: [7], step: [1098/1543], batch loss: 0.73821, batch accuracy: 47.92, data load time: 0.26453, step time: 0.03953
epoch: [7], step: [1198/1543], batch loss: 0.72801, batch accuracy: 43.71, data load time: 0.23363, step time: 0.04304
epoch: [7], step: [1298/1543], batch loss: 0.71835, batch accuracy: 46.00, data load time: 0.25024, step time: 0.03896
epoch: [7], step: [1398/1543], batch loss: 0.73493, batch accuracy: 55.51, data load time: 0.24380, step time: 0.04034
epoch: [7], step: [1498/1543], batch loss: 0.75108, batch accuracy: 59.78, data load time: 0.22391, step time: 0.04234
Epoch 00008: reducing learning rate of group 0 to 1.3593e-08.
EVALUATION METRICS:
-------------------------------------------------------------

Validation: AUC Score: 0.4842

-------------------------------------------------------------
validation loss: 0.74756, accuracy: 48.42
epoch: [8], step: [55/1543], batch loss: 0.74014, batch accuracy: 44.28, data load time: 0.16475, step time: 0.03736
epoch: [8], step: [155/1543], batch loss: 0.73447, batch accuracy: 49.89, data load time: 0.27784, step time: 0.03831
epoch: [8], step: [255/1543], batch loss: 0.74078, batch accuracy: 43.54, data load time: 0.21724, step time: 0.03600
epoch: [8], step: [355/1543], batch loss: 0.72840, batch accuracy: 46.28, data load time: 0.17906, step time: 0.03425
epoch: [8], step: [455/1543], batch loss: 0.72392, batch accuracy: 58.83, data load time: 0.23136, step time: 0.04032
epoch: [8], step: [555/1543], batch loss: 0.73260, batch accuracy: 46.79, data load time: 0.25385, step time: 0.03369
epoch: [8], step: [655/1543], batch loss: 0.73075, batch accuracy: 44.27, data load time: 0.24270, step time: 0.03642
epoch: [8], step: [755/1543], batch loss: 0.75733, batch accuracy: 48.56, data load time: 0.24286, step time: 0.03299
epoch: [8], step: [855/1543], batch loss: 0.72060, batch accuracy: 54.30, data load time: 0.25041, step time: 0.03579
epoch: [8], step: [955/1543], batch loss: 0.72431, batch accuracy: 59.78, data load time: 0.19463, step time: 0.04249
epoch: [8], step: [1055/1543], batch loss: 0.72999, batch accuracy: 54.16, data load time: 0.20295, step time: 0.03653
epoch: [8], step: [1155/1543], batch loss: 0.71942, batch accuracy: 56.02, data load time: 0.26897, step time: 0.03649
epoch: [8], step: [1255/1543], batch loss: 0.74213, batch accuracy: 56.66, data load time: 0.29476, step time: 0.03721
epoch: [8], step: [1355/1543], batch loss: 0.74692, batch accuracy: 42.85, data load time: 0.22459, step time: 0.04100
epoch: [8], step: [1455/1543], batch loss: 0.73466, batch accuracy: 44.36, data load time: 0.19481, step time: 0.03509
EVALUATION METRICS:
-------------------------------------------------------------

Validation: AUC Score: 0.4844

-------------------------------------------------------------
validation loss: 0.75068, accuracy: 48.44
epoch: [9], step: [12/1543], batch loss: 0.73409, batch accuracy: 47.89, data load time: 0.19354, step time: 0.03989
epoch: [9], step: [112/1543], batch loss: 0.71640, batch accuracy: 63.47, data load time: 0.21407, step time: 0.03903
epoch: [9], step: [212/1543], batch loss: 0.73060, batch accuracy: 46.98, data load time: 0.37224, step time: 0.03896
epoch: [9], step: [312/1543], batch loss: 0.74441, batch accuracy: 34.40, data load time: 0.24588, step time: 0.03955
epoch: [9], step: [412/1543], batch loss: 0.71789, batch accuracy: 55.18, data load time: 0.25120, step time: 0.03961
epoch: [9], step: [512/1543], batch loss: 0.72580, batch accuracy: 50.15, data load time: 0.22019, step time: 0.03872
epoch: [9], step: [612/1543], batch loss: 0.73449, batch accuracy: 55.56, data load time: 0.25670, step time: 0.03528
epoch: [9], step: [712/1543], batch loss: 0.73711, batch accuracy: 50.43, data load time: 0.27504, step time: 0.03433
epoch: [9], step: [812/1543], batch loss: 0.72962, batch accuracy: 46.23, data load time: 0.30362, step time: 0.04244
epoch: [9], step: [912/1543], batch loss: 0.74432, batch accuracy: 51.58, data load time: 0.25322, step time: 0.03448
epoch: [9], step: [1012/1543], batch loss: 0.74389, batch accuracy: 45.54, data load time: 0.20018, step time: 0.04321
epoch: [9], step: [1112/1543], batch loss: 0.74058, batch accuracy: 44.50, data load time: 0.26542, step time: 0.03867
epoch: [9], step: [1212/1543], batch loss: 0.73887, batch accuracy: 54.92, data load time: 0.27978, step time: 0.03651
epoch: [9], step: [1312/1543], batch loss: 0.75762, batch accuracy: 47.70, data load time: 0.22579, step time: 0.03383
epoch: [9], step: [1412/1543], batch loss: 0.73751, batch accuracy: 55.02, data load time: 0.31033, step time: 0.03763
epoch: [9], step: [1512/1543], batch loss: 0.72667, batch accuracy: 55.42, data load time: 0.20714, step time: 0.03726
EVALUATION METRICS:
-------------------------------------------------------------

Validation: AUC Score: 0.4871

-------------------------------------------------------------
validation loss: 0.74777, accuracy: 48.71
epoch: [10], step: [69/1543], batch loss: 0.73295, batch accuracy: 58.31, data load time: 0.22042, step time: 0.03848
epoch: [10], step: [169/1543], batch loss: 0.72103, batch accuracy: 61.04, data load time: 0.20435, step time: 0.03524
epoch: [10], step: [269/1543], batch loss: 0.73810, batch accuracy: 52.59, data load time: 0.21200, step time: 0.03694
epoch: [10], step: [369/1543], batch loss: 0.73669, batch accuracy: 49.21, data load time: 0.25774, step time: 0.03777
epoch: [10], step: [469/1543], batch loss: 0.73472, batch accuracy: 53.51, data load time: 0.17180, step time: 0.03971
epoch: [10], step: [569/1543], batch loss: 0.74438, batch accuracy: 47.74, data load time: 0.19960, step time: 0.04171
epoch: [10], step: [669/1543], batch loss: 0.73735, batch accuracy: 47.79, data load time: 0.19151, step time: 0.03442
epoch: [10], step: [769/1543], batch loss: 0.72330, batch accuracy: 47.65, data load time: 0.17534, step time: 0.03378
epoch: [10], step: [869/1543], batch loss: 0.73157, batch accuracy: 55.10, data load time: 0.24867, step time: 0.03858
epoch: [10], step: [969/1543], batch loss: 0.72562, batch accuracy: 63.85, data load time: 0.26567, step time: 0.03589
epoch: [10], step: [1069/1543], batch loss: 0.71968, batch accuracy: 59.03, data load time: 0.21909, step time: 0.03593
epoch: [10], step: [1169/1543], batch loss: 0.73714, batch accuracy: 45.71, data load time: 0.20309, step time: 0.03920
epoch: [10], step: [1269/1543], batch loss: 0.74888, batch accuracy: 54.19, data load time: 0.20061, step time: 0.04100
epoch: [10], step: [1369/1543], batch loss: 0.74319, batch accuracy: 54.27, data load time: 0.25915, step time: 0.04058
epoch: [10], step: [1469/1543], batch loss: 0.73709, batch accuracy: 40.92, data load time: 0.25522, step time: 0.03947
EVALUATION METRICS:
-------------------------------------------------------------

Validation: AUC Score: 0.4827

-------------------------------------------------------------
validation loss: 0.74845, accuracy: 48.27
epoch: [11], step: [26/1543], batch loss: 0.72946, batch accuracy: 50.55, data load time: 0.34761, step time: 0.03668
epoch: [11], step: [126/1543], batch loss: 0.73377, batch accuracy: 48.42, data load time: 0.26753, step time: 0.04113
epoch: [11], step: [226/1543], batch loss: 0.74083, batch accuracy: 50.28, data load time: 0.27630, step time: 0.04493
epoch: [11], step: [326/1543], batch loss: 0.73932, batch accuracy: 55.36, data load time: 0.27327, step time: 0.03697
epoch: [11], step: [426/1543], batch loss: 0.74271, batch accuracy: 46.76, data load time: 0.19274, step time: 0.03370
epoch: [11], step: [526/1543], batch loss: 0.73863, batch accuracy: 56.02, data load time: 0.23317, step time: 0.04656
epoch: [11], step: [626/1543], batch loss: 0.72760, batch accuracy: 52.16, data load time: 0.23726, step time: 0.03424
epoch: [11], step: [726/1543], batch loss: 0.73979, batch accuracy: 50.87, data load time: 0.20104, step time: 0.03873
epoch: [11], step: [826/1543], batch loss: 0.75032, batch accuracy: 51.88, data load time: 0.25069, step time: 0.03577
epoch: [11], step: [926/1543], batch loss: 0.74172, batch accuracy: 51.93, data load time: 0.24619, step time: 0.03506
epoch: [11], step: [1026/1543], batch loss: 0.71767, batch accuracy: 50.79, data load time: 0.37333, step time: 0.03942
epoch: [11], step: [1126/1543], batch loss: 0.73262, batch accuracy: 54.42, data load time: 0.25790, step time: 0.04195
epoch: [11], step: [1226/1543], batch loss: 0.72125, batch accuracy: 47.57, data load time: 0.24514, step time: 0.04173
epoch: [11], step: [1326/1543], batch loss: 0.71742, batch accuracy: 52.46, data load time: 0.25086, step time: 0.03980
epoch: [11], step: [1426/1543], batch loss: 0.72655, batch accuracy: 61.18, data load time: 0.23267, step time: 0.03362
epoch: [11], step: [1526/1543], batch loss: 0.72678, batch accuracy: 64.70, data load time: 0.26672, step time: 0.03484
EVALUATION METRICS:
-------------------------------------------------------------

Validation: AUC Score: 0.4846

-------------------------------------------------------------
validation loss: 0.74815, accuracy: 48.46
epoch: [12], step: [83/1543], batch loss: 0.73030, batch accuracy: 56.87, data load time: 0.17538, step time: 0.03522
epoch: [12], step: [183/1543], batch loss: 0.72143, batch accuracy: 52.98, data load time: 0.21746, step time: 0.03745
epoch: [12], step: [283/1543], batch loss: 0.73870, batch accuracy: 46.24, data load time: 0.30490, step time: 0.04287
epoch: [12], step: [383/1543], batch loss: 0.72531, batch accuracy: 55.93, data load time: 0.27182, step time: 0.03962
epoch: [12], step: [483/1543], batch loss: 0.74304, batch accuracy: 41.50, data load time: 0.24007, step time: 0.03822
epoch: [12], step: [583/1543], batch loss: 0.73318, batch accuracy: 44.81, data load time: 0.31845, step time: 0.04127
epoch: [12], step: [683/1543], batch loss: 0.71402, batch accuracy: 60.14, data load time: 0.31539, step time: 0.03649
epoch: [12], step: [783/1543], batch loss: 0.73324, batch accuracy: 45.87, data load time: 0.32009, step time: 0.03736
epoch: [12], step: [883/1543], batch loss: 0.73103, batch accuracy: 48.69, data load time: 0.20630, step time: 0.03893
epoch: [12], step: [983/1543], batch loss: 0.74964, batch accuracy: 51.29, data load time: 0.28889, step time: 0.03523
epoch: [12], step: [1083/1543], batch loss: 0.74677, batch accuracy: 42.55, data load time: 0.26168, step time: 0.03800
epoch: [12], step: [1183/1543], batch loss: 0.75513, batch accuracy: 47.01, data load time: 0.25487, step time: 0.03656
epoch: [12], step: [1283/1543], batch loss: 0.72947, batch accuracy: 40.14, data load time: 0.21722, step time: 0.04044
epoch: [12], step: [1383/1543], batch loss: 0.74032, batch accuracy: 46.82, data load time: 0.31443, step time: 0.03506
epoch: [12], step: [1483/1543], batch loss: 0.73485, batch accuracy: 51.10, data load time: 0.21732, step time: 0.03758
EVALUATION METRICS:
-------------------------------------------------------------

Validation: AUC Score: 0.4829

-------------------------------------------------------------
validation loss: 0.74617, accuracy: 48.29
epoch: [13], step: [40/1543], batch loss: 0.73155, batch accuracy: 57.89, data load time: 0.28112, step time: 0.03280
epoch: [13], step: [140/1543], batch loss: 0.73310, batch accuracy: 47.02, data load time: 0.26378, step time: 0.03657
epoch: [13], step: [240/1543], batch loss: 0.72034, batch accuracy: 54.04, data load time: 0.31210, step time: 0.03760
epoch: [13], step: [340/1543], batch loss: 0.72425, batch accuracy: 53.66, data load time: 0.32832, step time: 0.04023
epoch: [13], step: [440/1543], batch loss: 0.72543, batch accuracy: 45.92, data load time: 0.28462, step time: 0.03812
epoch: [13], step: [540/1543], batch loss: 0.74147, batch accuracy: 47.84, data load time: 0.22521, step time: 0.04003
epoch: [13], step: [640/1543], batch loss: 0.73665, batch accuracy: 54.07, data load time: 0.25230, step time: 0.03872
epoch: [13], step: [740/1543], batch loss: 0.73136, batch accuracy: 55.46, data load time: 0.27971, step time: 0.03719
epoch: [13], step: [840/1543], batch loss: 0.72468, batch accuracy: 58.54, data load time: 0.25114, step time: 0.04186
epoch: [13], step: [940/1543], batch loss: 0.72312, batch accuracy: 49.76, data load time: 0.27018, step time: 0.03749
epoch: [13], step: [1040/1543], batch loss: 0.73185, batch accuracy: 51.06, data load time: 0.23987, step time: 0.03656
epoch: [13], step: [1140/1543], batch loss: 0.72679, batch accuracy: 55.40, data load time: 0.20149, step time: 0.03642
epoch: [13], step: [1240/1543], batch loss: 0.72984, batch accuracy: 55.90, data load time: 0.20529, step time: 0.03720
epoch: [13], step: [1340/1543], batch loss: 0.73760, batch accuracy: 52.04, data load time: 0.20681, step time: 0.03890
epoch: [13], step: [1440/1543], batch loss: 0.72101, batch accuracy: 41.38, data load time: 0.27556, step time: 0.03800
epoch: [13], step: [1540/1543], batch loss: 0.73525, batch accuracy: 53.97, data load time: 0.25404, step time: 0.03591
Epoch 00014: reducing learning rate of group 0 to 6.7965e-10.
EVALUATION METRICS:
-------------------------------------------------------------

Validation: AUC Score: 0.4869

-------------------------------------------------------------
validation loss: 0.74984, accuracy: 48.69
epoch: [14], step: [97/1543], batch loss: 0.72596, batch accuracy: 46.47, data load time: 0.21996, step time: 0.03741
epoch: [14], step: [197/1543], batch loss: 0.73027, batch accuracy: 57.26, data load time: 0.31961, step time: 0.03539
epoch: [14], step: [297/1543], batch loss: 0.73522, batch accuracy: 45.76, data load time: 0.33326, step time: 0.04408
epoch: [14], step: [397/1543], batch loss: 0.72958, batch accuracy: 49.85, data load time: 0.24264, step time: 0.03681
epoch: [14], step: [497/1543], batch loss: 0.74521, batch accuracy: 48.77, data load time: 0.21563, step time: 0.03805
epoch: [14], step: [597/1543], batch loss: 0.73783, batch accuracy: 43.88, data load time: 0.23024, step time: 0.03743
epoch: [14], step: [697/1543], batch loss: 0.71635, batch accuracy: 50.18, data load time: 0.29732, step time: 0.04184
epoch: [14], step: [797/1543], batch loss: 0.73959, batch accuracy: 54.17, data load time: 0.25076, step time: 0.04147
epoch: [14], step: [897/1543], batch loss: 0.72666, batch accuracy: 61.64, data load time: 0.28424, step time: 0.03469
epoch: [14], step: [997/1543], batch loss: 0.73568, batch accuracy: 54.87, data load time: 0.29600, step time: 0.03527
epoch: [14], step: [1097/1543], batch loss: 0.72195, batch accuracy: 52.26, data load time: 0.28885, step time: 0.04108
epoch: [14], step: [1197/1543], batch loss: 0.73313, batch accuracy: 54.29, data load time: 0.32717, step time: 0.03946
epoch: [14], step: [1297/1543], batch loss: 0.73900, batch accuracy: 44.61, data load time: 0.23918, step time: 0.03994
epoch: [14], step: [1397/1543], batch loss: 0.74130, batch accuracy: 49.31, data load time: 0.19635, step time: 0.03943
epoch: [14], step: [1497/1543], batch loss: 0.73352, batch accuracy: 43.87, data load time: 0.26149, step time: 0.03962
EVALUATION METRICS:
-------------------------------------------------------------

Validation: AUC Score: 0.4829

-------------------------------------------------------------
validation loss: 0.74611, accuracy: 48.29
epoch: [15], step: [54/1543], batch loss: 0.73539, batch accuracy: 48.98, data load time: 0.24087, step time: 0.04572
epoch: [15], step: [154/1543], batch loss: 0.74335, batch accuracy: 40.54, data load time: 0.33156, step time: 0.03742
epoch: [15], step: [254/1543], batch loss: 0.73444, batch accuracy: 44.64, data load time: 0.33803, step time: 0.03954
epoch: [15], step: [354/1543], batch loss: 0.70542, batch accuracy: 68.39, data load time: 0.24560, step time: 0.03742
epoch: [15], step: [454/1543], batch loss: 0.72023, batch accuracy: 56.59, data load time: 0.30520, step time: 0.03677
epoch: [15], step: [554/1543], batch loss: 0.73309, batch accuracy: 42.12, data load time: 0.29001, step time: 0.03657
epoch: [15], step: [654/1543], batch loss: 0.72716, batch accuracy: 60.53, data load time: 0.28984, step time: 0.04111
epoch: [15], step: [754/1543], batch loss: 0.73926, batch accuracy: 53.22, data load time: 0.25605, step time: 0.03216
epoch: [15], step: [854/1543], batch loss: 0.73179, batch accuracy: 46.57, data load time: 0.31689, step time: 0.04011
epoch: [15], step: [954/1543], batch loss: 0.73442, batch accuracy: 51.63, data load time: 0.21114, step time: 0.04671
epoch: [15], step: [1054/1543], batch loss: 0.72645, batch accuracy: 57.13, data load time: 0.28068, step time: 0.03957
epoch: [15], step: [1154/1543], batch loss: 0.72097, batch accuracy: 57.30, data load time: 0.24213, step time: 0.03345
epoch: [15], step: [1254/1543], batch loss: 0.74019, batch accuracy: 51.79, data load time: 0.29216, step time: 0.03725
epoch: [15], step: [1354/1543], batch loss: 0.73816, batch accuracy: 43.67, data load time: 0.25366, step time: 0.03853
epoch: [15], step: [1454/1543], batch loss: 0.72854, batch accuracy: 52.43, data load time: 0.22737, step time: 0.03946
EVALUATION METRICS:
-------------------------------------------------------------

Validation: AUC Score: 0.4840

-------------------------------------------------------------
validation loss: 0.74347, accuracy: 48.40
epoch: [16], step: [11/1543], batch loss: 0.73448, batch accuracy: 54.26, data load time: 0.28117, step time: 0.03589
epoch: [16], step: [111/1543], batch loss: 0.72478, batch accuracy: 41.01, data load time: 0.28436, step time: 0.03235
epoch: [16], step: [211/1543], batch loss: 0.74397, batch accuracy: 40.73, data load time: 0.22623, step time: 0.04127
epoch: [16], step: [311/1543], batch loss: 0.71816, batch accuracy: 52.23, data load time: 0.20572, step time: 0.03684
epoch: [16], step: [411/1543], batch loss: 0.71622, batch accuracy: 48.90, data load time: 0.30172, step time: 0.03524
epoch: [16], step: [511/1543], batch loss: 0.74063, batch accuracy: 50.15, data load time: 0.22504, step time: 0.03505
epoch: [16], step: [611/1543], batch loss: 0.73567, batch accuracy: 47.40, data load time: 0.20040, step time: 0.04543
epoch: [16], step: [711/1543], batch loss: 0.72768, batch accuracy: 47.90, data load time: 0.21537, step time: 0.03442
epoch: [16], step: [811/1543], batch loss: 0.73396, batch accuracy: 55.13, data load time: 0.27673, step time: 0.03945
epoch: [16], step: [911/1543], batch loss: 0.73563, batch accuracy: 44.66, data load time: 0.22432, step time: 0.03282
epoch: [16], step: [1011/1543], batch loss: 0.72146, batch accuracy: 46.27, data load time: 0.21773, step time: 0.04179
epoch: [16], step: [1111/1543], batch loss: 0.73948, batch accuracy: 50.87, data load time: 0.26592, step time: 0.03495
epoch: [16], step: [1211/1543], batch loss: 0.74323, batch accuracy: 47.78, data load time: 0.25469, step time: 0.03712
epoch: [16], step: [1311/1543], batch loss: 0.70933, batch accuracy: 57.66, data load time: 0.27548, step time: 0.03588
epoch: [16], step: [1411/1543], batch loss: 0.74125, batch accuracy: 46.55, data load time: 0.26080, step time: 0.03643
epoch: [16], step: [1511/1543], batch loss: 0.73793, batch accuracy: 49.49, data load time: 0.21522, step time: 0.03527
EVALUATION METRICS:
-------------------------------------------------------------

Validation: AUC Score: 0.4843

-------------------------------------------------------------
validation loss: 0.75382, accuracy: 48.43
epoch: [17], step: [68/1543], batch loss: 0.73384, batch accuracy: 52.40, data load time: 0.22855, step time: 0.03441
epoch: [17], step: [168/1543], batch loss: 0.74420, batch accuracy: 40.26, data load time: 0.21625, step time: 0.03854
epoch: [17], step: [268/1543], batch loss: 0.71620, batch accuracy: 42.04, data load time: 0.25182, step time: 0.03521
epoch: [17], step: [368/1543], batch loss: 0.72847, batch accuracy: 48.67, data load time: 0.26827, step time: 0.03668
epoch: [17], step: [468/1543], batch loss: 0.74256, batch accuracy: 40.97, data load time: 0.24690, step time: 0.03673
epoch: [17], step: [568/1543], batch loss: 0.72412, batch accuracy: 50.55, data load time: 0.25153, step time: 0.03964
epoch: [17], step: [668/1543], batch loss: 0.75143, batch accuracy: 44.80, data load time: 0.20025, step time: 0.03819
epoch: [17], step: [768/1543], batch loss: 0.73125, batch accuracy: 51.73, data load time: 0.22433, step time: 0.04258
epoch: [17], step: [868/1543], batch loss: 0.72445, batch accuracy: 53.74, data load time: 0.20321, step time: 0.04267
epoch: [17], step: [968/1543], batch loss: 0.73326, batch accuracy: 55.35, data load time: 0.27754, step time: 0.03430
epoch: [17], step: [1068/1543], batch loss: 0.74501, batch accuracy: 42.00, data load time: 0.24758, step time: 0.03769
epoch: [17], step: [1168/1543], batch loss: 0.75244, batch accuracy: 49.97, data load time: 0.22245, step time: 0.03883
epoch: [17], step: [1268/1543], batch loss: 0.72483, batch accuracy: 50.98, data load time: 0.26432, step time: 0.03281
epoch: [17], step: [1368/1543], batch loss: 0.73151, batch accuracy: 49.97, data load time: 0.23596, step time: 0.03538
epoch: [17], step: [1468/1543], batch loss: 0.73693, batch accuracy: 53.99, data load time: 0.32087, step time: 0.04660
EVALUATION METRICS:
-------------------------------------------------------------

Validation: AUC Score: 0.4855

-------------------------------------------------------------
validation loss: 0.74591, accuracy: 48.55
epoch: [18], step: [25/1543], batch loss: 0.71780, batch accuracy: 63.43, data load time: 0.24432, step time: 0.03375
epoch: [18], step: [125/1543], batch loss: 0.73894, batch accuracy: 55.99, data load time: 0.26241, step time: 0.03681
epoch: [18], step: [225/1543], batch loss: 0.73758, batch accuracy: 45.10, data load time: 0.22818, step time: 0.03597
epoch: [18], step: [325/1543], batch loss: 0.72888, batch accuracy: 49.80, data load time: 0.34588, step time: 0.03445
epoch: [18], step: [425/1543], batch loss: 0.74102, batch accuracy: 44.78, data load time: 0.23551, step time: 0.03531
epoch: [18], step: [525/1543], batch loss: 0.73473, batch accuracy: 50.09, data load time: 0.19809, step time: 0.04090
epoch: [18], step: [625/1543], batch loss: 0.73372, batch accuracy: 57.09, data load time: 0.26128, step time: 0.03576
epoch: [18], step: [725/1543], batch loss: 0.72451, batch accuracy: 53.87, data load time: 0.24073, step time: 0.03440
epoch: [18], step: [825/1543], batch loss: 0.72744, batch accuracy: 53.56, data load time: 0.23902, step time: 0.04163
epoch: [18], step: [925/1543], batch loss: 0.72979, batch accuracy: 46.13, data load time: 0.23505, step time: 0.03518
epoch: [18], step: [1025/1543], batch loss: 0.73350, batch accuracy: 43.01, data load time: 0.24248, step time: 0.03948
epoch: [18], step: [1125/1543], batch loss: 0.71327, batch accuracy: 61.92, data load time: 0.23363, step time: 0.03593
epoch: [18], step: [1225/1543], batch loss: 0.72652, batch accuracy: 41.71, data load time: 0.18663, step time: 0.03282
epoch: [18], step: [1325/1543], batch loss: 0.73388, batch accuracy: 49.76, data load time: 0.23243, step time: 0.03949
epoch: [18], step: [1425/1543], batch loss: 0.72012, batch accuracy: 53.40, data load time: 0.23085, step time: 0.03586
epoch: [18], step: [1525/1543], batch loss: 0.72786, batch accuracy: 52.79, data load time: 0.25035, step time: 0.03930
EVALUATION METRICS:
-------------------------------------------------------------

Validation: AUC Score: 0.4818

-------------------------------------------------------------
validation loss: 0.75302, accuracy: 48.18
epoch: [19], step: [82/1543], batch loss: 0.72024, batch accuracy: 50.38, data load time: 0.23941, step time: 0.03802
epoch: [19], step: [182/1543], batch loss: 0.73433, batch accuracy: 50.58, data load time: 0.26615, step time: 0.03675
epoch: [19], step: [282/1543], batch loss: 0.73345, batch accuracy: 48.28, data load time: 0.21068, step time: 0.03760
epoch: [19], step: [382/1543], batch loss: 0.73363, batch accuracy: 52.15, data load time: 0.21843, step time: 0.03883
epoch: [19], step: [482/1543], batch loss: 0.73412, batch accuracy: 49.32, data load time: 0.23882, step time: 0.03370
epoch: [19], step: [582/1543], batch loss: 0.71629, batch accuracy: 48.65, data load time: 0.28636, step time: 0.03370
epoch: [19], step: [682/1543], batch loss: 0.73318, batch accuracy: 45.81, data load time: 0.25082, step time: 0.04364
epoch: [19], step: [782/1543], batch loss: 0.73241, batch accuracy: 63.54, data load time: 0.25644, step time: 0.03666
epoch: [19], step: [882/1543], batch loss: 0.72477, batch accuracy: 51.19, data load time: 0.25202, step time: 0.04026
epoch: [19], step: [982/1543], batch loss: 0.74226, batch accuracy: 48.58, data load time: 0.26517, step time: 0.03514
epoch: [19], step: [1082/1543], batch loss: 0.75073, batch accuracy: 47.74, data load time: 0.26884, step time: 0.03793
epoch: [19], step: [1182/1543], batch loss: 0.72685, batch accuracy: 52.70, data load time: 0.18811, step time: 0.04115
epoch: [19], step: [1282/1543], batch loss: 0.74192, batch accuracy: 40.99, data load time: 0.29879, step time: 0.04029
epoch: [19], step: [1382/1543], batch loss: 0.76201, batch accuracy: 42.29, data load time: 0.26188, step time: 0.04090
epoch: [19], step: [1482/1543], batch loss: 0.73690, batch accuracy: 54.64, data load time: 0.27224, step time: 0.03452
EVALUATION METRICS:
-------------------------------------------------------------

Validation: AUC Score: 0.4830

-------------------------------------------------------------
validation loss: 0.75451, accuracy: 48.30
epoch: [20], step: [39/1543], batch loss: 0.73299, batch accuracy: 49.38, data load time: 0.16118, step time: 0.03576
epoch: [20], step: [139/1543], batch loss: 0.73923, batch accuracy: 43.51, data load time: 0.19502, step time: 0.03642
epoch: [20], step: [239/1543], batch loss: 0.73065, batch accuracy: 60.26, data load time: 0.21807, step time: 0.03787
epoch: [20], step: [339/1543], batch loss: 0.72413, batch accuracy: 45.94, data load time: 0.22053, step time: 0.04024
epoch: [20], step: [439/1543], batch loss: 0.73741, batch accuracy: 49.72, data load time: 0.24405, step time: 0.04014
epoch: [20], step: [539/1543], batch loss: 0.73541, batch accuracy: 42.81, data load time: 0.19376, step time: 0.03639
epoch: [20], step: [639/1543], batch loss: 0.74816, batch accuracy: 43.04, data load time: 0.22184, step time: 0.03878
epoch: [20], step: [739/1543], batch loss: 0.73031, batch accuracy: 49.83, data load time: 0.21145, step time: 0.03487
epoch: [20], step: [839/1543], batch loss: 0.73936, batch accuracy: 48.47, data load time: 0.25199, step time: 0.03351
epoch: [20], step: [939/1543], batch loss: 0.73248, batch accuracy: 57.11, data load time: 0.17566, step time: 0.03812
epoch: [20], step: [1039/1543], batch loss: 0.74515, batch accuracy: 47.06, data load time: 0.25056, step time: 0.03713
epoch: [20], step: [1139/1543], batch loss: 0.73998, batch accuracy: 40.57, data load time: 0.18187, step time: 0.03579
epoch: [20], step: [1239/1543], batch loss: 0.73912, batch accuracy: 54.13, data load time: 0.16673, step time: 0.03618
epoch: [20], step: [1339/1543], batch loss: 0.74478, batch accuracy: 44.11, data load time: 0.21480, step time: 0.03639
epoch: [20], step: [1439/1543], batch loss: 0.72750, batch accuracy: 59.26, data load time: 0.16065, step time: 0.03692
epoch: [20], step: [1539/1543], batch loss: 0.74179, batch accuracy: 50.31, data load time: 0.17879, step time: 0.03790
EVALUATION METRICS:
-------------------------------------------------------------

Validation: AUC Score: 0.4867

-------------------------------------------------------------
validation loss: 0.74702, accuracy: 48.67
epoch: [21], step: [96/1543], batch loss: 0.72914, batch accuracy: 51.77, data load time: 0.09952, step time: 0.03136
epoch: [21], step: [196/1543], batch loss: 0.71696, batch accuracy: 52.25, data load time: 0.16227, step time: 0.03447
epoch: [21], step: [296/1543], batch loss: 0.73421, batch accuracy: 52.51, data load time: 0.14643, step time: 0.03951
epoch: [21], step: [396/1543], batch loss: 0.73502, batch accuracy: 52.14, data load time: 0.13762, step time: 0.03866
epoch: [21], step: [496/1543], batch loss: 0.74416, batch accuracy: 46.45, data load time: 0.15334, step time: 0.03933
epoch: [21], step: [596/1543], batch loss: 0.73687, batch accuracy: 49.62, data load time: 0.14967, step time: 0.03580
epoch: [21], step: [696/1543], batch loss: 0.73424, batch accuracy: 45.76, data load time: 0.18289, step time: 0.03885
epoch: [21], step: [796/1543], batch loss: 0.73757, batch accuracy: 50.00, data load time: 0.22370, step time: 0.03422
epoch: [21], step: [896/1543], batch loss: 0.74945, batch accuracy: 40.99, data load time: 0.19861, step time: 0.03893
epoch: [21], step: [996/1543], batch loss: 0.72474, batch accuracy: 50.25, data load time: 0.21248, step time: 0.03202
epoch: [21], step: [1096/1543], batch loss: 0.73967, batch accuracy: 54.60, data load time: 0.14705, step time: 0.03505
epoch: [21], step: [1196/1543], batch loss: 0.72946, batch accuracy: 52.57, data load time: 0.17560, step time: 0.04009
epoch: [21], step: [1296/1543], batch loss: 0.71412, batch accuracy: 52.16, data load time: 0.17371, step time: 0.04223
epoch: [21], step: [1396/1543], batch loss: 0.72767, batch accuracy: 48.79, data load time: 0.14650, step time: 0.03505
epoch: [21], step: [1496/1543], batch loss: 0.72577, batch accuracy: 62.43, data load time: 0.22060, step time: 0.03721
EVALUATION METRICS:
-------------------------------------------------------------

Validation: AUC Score: 0.4858

-------------------------------------------------------------
validation loss: 0.74982, accuracy: 48.58
epoch: [22], step: [53/1543], batch loss: 0.74242, batch accuracy: 56.17, data load time: 0.11021, step time: 0.04211
epoch: [22], step: [153/1543], batch loss: 0.71463, batch accuracy: 53.33, data load time: 0.05725, step time: 0.03644
epoch: [22], step: [253/1543], batch loss: 0.73584, batch accuracy: 45.71, data load time: 0.12816, step time: 0.04266
epoch: [22], step: [353/1543], batch loss: 0.73081, batch accuracy: 53.71, data load time: 0.12714, step time: 0.03888
epoch: [22], step: [453/1543], batch loss: 0.72924, batch accuracy: 48.71, data load time: 0.12780, step time: 0.03875
epoch: [22], step: [553/1543], batch loss: 0.71820, batch accuracy: 60.73, data load time: 0.18199, step time: 0.04004
epoch: [22], step: [653/1543], batch loss: 0.73850, batch accuracy: 59.98, data load time: 0.17131, step time: 0.03640
epoch: [22], step: [753/1543], batch loss: 0.74171, batch accuracy: 52.80, data load time: 0.22142, step time: 0.03741
epoch: [22], step: [853/1543], batch loss: 0.72314, batch accuracy: 52.20, data load time: 0.21437, step time: 0.03719
epoch: [22], step: [953/1543], batch loss: 0.74503, batch accuracy: 35.78, data load time: 0.20507, step time: 0.03794
epoch: [22], step: [1053/1543], batch loss: 0.75064, batch accuracy: 49.50, data load time: 0.25275, step time: 0.03863
epoch: [22], step: [1153/1543], batch loss: 0.72968, batch accuracy: 53.14, data load time: 0.17786, step time: 0.03726
epoch: [22], step: [1253/1543], batch loss: 0.74503, batch accuracy: 51.75, data load time: 0.19507, step time: 0.03852
epoch: [22], step: [1353/1543], batch loss: 0.73332, batch accuracy: 52.22, data load time: 0.17010, step time: 0.03850
epoch: [22], step: [1453/1543], batch loss: 0.73432, batch accuracy: 53.96, data load time: 0.22368, step time: 0.03463
EVALUATION METRICS:
-------------------------------------------------------------

Validation: AUC Score: 0.4827

-------------------------------------------------------------
validation loss: 0.75169, accuracy: 48.27
