Loading data from /mnt/storage/scratch/ee20947/MagnaTagATune/annotations/train.pkl...
Loading data from /mnt/storage/scratch/ee20947/MagnaTagATune/annotations/train.pkl...
Loading data from /mnt/storage/scratch/ee20947/MagnaTagATune/annotations/val.pkl...
Loading data from /mnt/storage/scratch/ee20947/MagnaTagATune/annotations/test.pkl...
Writing logs to logs/CNN_sgd_momentum=0.93_learning_rate=0.05_conv_length=256_conv_stride=256_batch_size=10_epochs=30_weight_decay=1e-05_extension=ExtraCNN_run_2
epoch: [0], step: [99/1543], batch loss: 0.36613, batch accuracy: 61.02, data load time: 0.28018, step time: 0.03908
epoch: [0], step: [199/1543], batch loss: 0.25706, batch accuracy: 58.64, data load time: 0.28193, step time: 0.04071
epoch: [0], step: [299/1543], batch loss: 0.20792, batch accuracy: 62.45, data load time: 0.25337, step time: 0.03818
epoch: [0], step: [399/1543], batch loss: 0.19445, batch accuracy: 80.47, data load time: 0.26085, step time: 0.03903
epoch: [0], step: [499/1543], batch loss: 0.17563, batch accuracy: 73.61, data load time: 0.20223, step time: 0.03389
epoch: [0], step: [599/1543], batch loss: 0.21981, batch accuracy: 71.93, data load time: 0.18722, step time: 0.03685
epoch: [0], step: [699/1543], batch loss: 0.19059, batch accuracy: 67.17, data load time: 0.23789, step time: 0.03610
epoch: [0], step: [799/1543], batch loss: 0.16609, batch accuracy: 65.53, data load time: 0.22533, step time: 0.03535
epoch: [0], step: [899/1543], batch loss: 0.19166, batch accuracy: 79.33, data load time: 0.23797, step time: 0.03813
epoch: [0], step: [999/1543], batch loss: 0.21940, batch accuracy: 63.50, data load time: 0.24733, step time: 0.03676
epoch: [0], step: [1099/1543], batch loss: 0.23175, batch accuracy: 70.90, data load time: 0.21424, step time: 0.03894
epoch: [0], step: [1199/1543], batch loss: 0.25706, batch accuracy: 75.69, data load time: 0.22823, step time: 0.04679
epoch: [0], step: [1299/1543], batch loss: 0.17707, batch accuracy: 73.60, data load time: 0.23422, step time: 0.03630
epoch: [0], step: [1399/1543], batch loss: 0.16053, batch accuracy: 74.07, data load time: 0.22144, step time: 0.03393
epoch: [0], step: [1499/1543], batch loss: 0.14546, batch accuracy: 75.88, data load time: 0.25593, step time: 0.03255
EVALUATION METRICS:
-------------------------------------------------------------

Validation: AUC Score: 0.7217

-------------------------------------------------------------
validation loss: 0.19939, accuracy: 72.17
epoch: [1], step: [56/1543], batch loss: 0.23386, batch accuracy: 70.48, data load time: 0.08948, step time: 0.04034
epoch: [1], step: [156/1543], batch loss: 0.17264, batch accuracy: 74.97, data load time: 0.10828, step time: 0.03620
epoch: [1], step: [256/1543], batch loss: 0.17029, batch accuracy: 77.01, data load time: 0.18293, step time: 0.03618
epoch: [1], step: [356/1543], batch loss: 0.21093, batch accuracy: 69.76, data load time: 0.21921, step time: 0.03838
epoch: [1], step: [456/1543], batch loss: 0.17072, batch accuracy: 81.79, data load time: 0.25364, step time: 0.03547
epoch: [1], step: [556/1543], batch loss: 0.25728, batch accuracy: 78.42, data load time: 0.24456, step time: 0.04148
epoch: [1], step: [656/1543], batch loss: 0.17309, batch accuracy: 66.92, data load time: 0.22129, step time: 0.03559
epoch: [1], step: [756/1543], batch loss: 0.20653, batch accuracy: 73.62, data load time: 0.21637, step time: 0.03679
epoch: [1], step: [856/1543], batch loss: 0.21548, batch accuracy: 70.22, data load time: 0.29238, step time: 0.03792
epoch: [1], step: [956/1543], batch loss: 0.13315, batch accuracy: 81.35, data load time: 0.28052, step time: 0.03194
epoch: [1], step: [1056/1543], batch loss: 0.17782, batch accuracy: 81.16, data load time: 0.25074, step time: 0.03777
epoch: [1], step: [1156/1543], batch loss: 0.22605, batch accuracy: 72.03, data load time: 0.24831, step time: 0.04124
epoch: [1], step: [1256/1543], batch loss: 0.16680, batch accuracy: 87.66, data load time: 0.26813, step time: 0.03782
epoch: [1], step: [1356/1543], batch loss: 0.20579, batch accuracy: 73.51, data load time: 0.23528, step time: 0.03719
epoch: [1], step: [1456/1543], batch loss: 0.20801, batch accuracy: 76.54, data load time: 0.25666, step time: 0.03863
EVALUATION METRICS:
-------------------------------------------------------------

Validation: AUC Score: 0.7480

-------------------------------------------------------------
validation loss: 0.19700, accuracy: 74.80
epoch: [2], step: [13/1543], batch loss: 0.17980, batch accuracy: 74.41, data load time: 0.27298, step time: 0.03762
epoch: [2], step: [113/1543], batch loss: 0.21037, batch accuracy: 72.93, data load time: 0.25491, step time: 0.03856
epoch: [2], step: [213/1543], batch loss: 0.27939, batch accuracy: 71.17, data load time: 0.31796, step time: 0.04302
epoch: [2], step: [313/1543], batch loss: 0.17090, batch accuracy: 68.17, data load time: 0.28452, step time: 0.03580
epoch: [2], step: [413/1543], batch loss: 0.16565, batch accuracy: 76.22, data load time: 0.25965, step time: 0.03110
epoch: [2], step: [513/1543], batch loss: 0.16154, batch accuracy: 84.21, data load time: 0.22334, step time: 0.03561
epoch: [2], step: [613/1543], batch loss: 0.23416, batch accuracy: 74.00, data load time: 0.17285, step time: 0.04006
epoch: [2], step: [713/1543], batch loss: 0.17619, batch accuracy: 81.94, data load time: 0.32430, step time: 0.03421
epoch: [2], step: [813/1543], batch loss: 0.14209, batch accuracy: 88.58, data load time: 0.21715, step time: 0.03633
epoch: [2], step: [913/1543], batch loss: 0.18969, batch accuracy: 75.45, data load time: 0.27679, step time: 0.03922
epoch: [2], step: [1013/1543], batch loss: 0.16274, batch accuracy: 82.67, data load time: 0.26804, step time: 0.03709
epoch: [2], step: [1113/1543], batch loss: 0.20628, batch accuracy: 73.15, data load time: 0.25869, step time: 0.03946
epoch: [2], step: [1213/1543], batch loss: 0.16526, batch accuracy: 71.09, data load time: 0.30624, step time: 0.03546
epoch: [2], step: [1313/1543], batch loss: 0.18362, batch accuracy: 88.87, data load time: 0.23889, step time: 0.03857
epoch: [2], step: [1413/1543], batch loss: 0.23459, batch accuracy: 65.57, data load time: 0.24020, step time: 0.04139
epoch: [2], step: [1513/1543], batch loss: 0.15895, batch accuracy: 79.38, data load time: 0.21242, step time: 0.03627
EVALUATION METRICS:
-------------------------------------------------------------

Validation: AUC Score: 0.7758

-------------------------------------------------------------
validation loss: 0.18826, accuracy: 77.58
epoch: [3], step: [70/1543], batch loss: 0.15900, batch accuracy: 72.43, data load time: 0.27622, step time: 0.03745
epoch: [3], step: [170/1543], batch loss: 0.16122, batch accuracy: 85.11, data load time: 0.31151, step time: 0.03567
epoch: [3], step: [270/1543], batch loss: 0.19202, batch accuracy: 83.24, data load time: 0.23798, step time: 0.04135
epoch: [3], step: [370/1543], batch loss: 0.19218, batch accuracy: 83.36, data load time: 0.22149, step time: 0.04368
epoch: [3], step: [470/1543], batch loss: 0.14945, batch accuracy: 82.71, data load time: 0.25972, step time: 0.03540
epoch: [3], step: [570/1543], batch loss: 0.19964, batch accuracy: 81.30, data load time: 0.25721, step time: 0.03609
epoch: [3], step: [670/1543], batch loss: 0.13047, batch accuracy: 89.62, data load time: 0.25480, step time: 0.03471
epoch: [3], step: [770/1543], batch loss: 0.17920, batch accuracy: 80.44, data load time: 0.24351, step time: 0.03831
epoch: [3], step: [870/1543], batch loss: 0.21258, batch accuracy: 76.71, data load time: 0.22161, step time: 0.04044
epoch: [3], step: [970/1543], batch loss: 0.17929, batch accuracy: 77.23, data load time: 0.21071, step time: 0.03479
epoch: [3], step: [1070/1543], batch loss: 0.18037, batch accuracy: 84.57, data load time: 0.20934, step time: 0.03893
epoch: [3], step: [1170/1543], batch loss: 0.20544, batch accuracy: 76.57, data load time: 0.23690, step time: 0.04209
epoch: [3], step: [1270/1543], batch loss: 0.20896, batch accuracy: 68.01, data load time: 0.21463, step time: 0.03929
epoch: [3], step: [1370/1543], batch loss: 0.18898, batch accuracy: 80.93, data load time: 0.24606, step time: 0.04233
epoch: [3], step: [1470/1543], batch loss: 0.18256, batch accuracy: 72.08, data load time: 0.26207, step time: 0.03832
EVALUATION METRICS:
-------------------------------------------------------------

Validation: AUC Score: 0.7973

-------------------------------------------------------------
validation loss: 0.17772, accuracy: 79.73
epoch: [4], step: [27/1543], batch loss: 0.16651, batch accuracy: 75.42, data load time: 0.31385, step time: 0.03272
epoch: [4], step: [127/1543], batch loss: 0.16622, batch accuracy: 78.47, data load time: 0.29725, step time: 0.03940
epoch: [4], step: [227/1543], batch loss: 0.20900, batch accuracy: 80.92, data load time: 0.25928, step time: 0.03930
epoch: [4], step: [327/1543], batch loss: 0.15574, batch accuracy: 76.02, data load time: 0.25623, step time: 0.03567
epoch: [4], step: [427/1543], batch loss: 0.14729, batch accuracy: 81.87, data load time: 0.26009, step time: 0.03193
epoch: [4], step: [527/1543], batch loss: 0.21011, batch accuracy: 73.31, data load time: 0.27775, step time: 0.03683
epoch: [4], step: [627/1543], batch loss: 0.14847, batch accuracy: 89.83, data load time: 0.24761, step time: 0.03634
epoch: [4], step: [727/1543], batch loss: 0.17423, batch accuracy: 86.12, data load time: 0.24087, step time: 0.03839
epoch: [4], step: [827/1543], batch loss: 0.16677, batch accuracy: 79.91, data load time: 0.23639, step time: 0.03545
epoch: [4], step: [927/1543], batch loss: 0.17765, batch accuracy: 82.49, data load time: 0.23234, step time: 0.03842
epoch: [4], step: [1027/1543], batch loss: 0.16971, batch accuracy: 92.62, data load time: 0.24329, step time: 0.03763
epoch: [4], step: [1127/1543], batch loss: 0.21953, batch accuracy: 76.69, data load time: 0.15292, step time: 0.03828
epoch: [4], step: [1227/1543], batch loss: 0.22143, batch accuracy: 72.19, data load time: 0.24834, step time: 0.03612
epoch: [4], step: [1327/1543], batch loss: 0.15680, batch accuracy: 87.36, data load time: 0.28612, step time: 0.03468
epoch: [4], step: [1427/1543], batch loss: 0.19432, batch accuracy: 82.17, data load time: 0.30141, step time: 0.03838
epoch: [4], step: [1527/1543], batch loss: 0.17412, batch accuracy: 78.50, data load time: 0.25111, step time: 0.03552
EVALUATION METRICS:
-------------------------------------------------------------

Validation: AUC Score: 0.8044

-------------------------------------------------------------
validation loss: 0.17587, accuracy: 80.44
epoch: [5], step: [84/1543], batch loss: 0.15867, batch accuracy: 87.64, data load time: 0.22700, step time: 0.03631
epoch: [5], step: [184/1543], batch loss: 0.17898, batch accuracy: 84.76, data load time: 0.23786, step time: 0.03636
epoch: [5], step: [284/1543], batch loss: 0.15292, batch accuracy: 67.80, data load time: 0.23157, step time: 0.03337
epoch: [5], step: [384/1543], batch loss: 0.21282, batch accuracy: 78.08, data load time: 0.28199, step time: 0.04232
epoch: [5], step: [484/1543], batch loss: 0.20263, batch accuracy: 77.65, data load time: 0.27485, step time: 0.04130
epoch: [5], step: [584/1543], batch loss: 0.21009, batch accuracy: 78.78, data load time: 0.25565, step time: 0.03571
epoch: [5], step: [684/1543], batch loss: 0.25092, batch accuracy: 70.05, data load time: 0.25806, step time: 0.03719
epoch: [5], step: [784/1543], batch loss: 0.16676, batch accuracy: 75.82, data load time: 0.29026, step time: 0.03875
epoch: [5], step: [884/1543], batch loss: 0.18011, batch accuracy: 75.45, data load time: 0.22048, step time: 0.03920
epoch: [5], step: [984/1543], batch loss: 0.16911, batch accuracy: 87.98, data load time: 0.26453, step time: 0.03796
epoch: [5], step: [1084/1543], batch loss: 0.17663, batch accuracy: 77.15, data load time: 0.22746, step time: 0.03366
epoch: [5], step: [1184/1543], batch loss: 0.19300, batch accuracy: 83.85, data load time: 0.32439, step time: 0.03555
epoch: [5], step: [1284/1543], batch loss: 0.14752, batch accuracy: 85.11, data load time: 0.26053, step time: 0.03652
epoch: [5], step: [1384/1543], batch loss: 0.15536, batch accuracy: 83.02, data load time: 0.29255, step time: 0.03617
epoch: [5], step: [1484/1543], batch loss: 0.19436, batch accuracy: 79.28, data load time: 0.27731, step time: 0.03783
EVALUATION METRICS:
-------------------------------------------------------------

Validation: AUC Score: 0.8112

-------------------------------------------------------------
validation loss: 0.17584, accuracy: 81.12
epoch: [6], step: [41/1543], batch loss: 0.19921, batch accuracy: 89.28, data load time: 0.16687, step time: 0.03921
epoch: [6], step: [141/1543], batch loss: 0.19342, batch accuracy: 80.07, data load time: 0.22943, step time: 0.03635
epoch: [6], step: [241/1543], batch loss: 0.15607, batch accuracy: 91.34, data load time: 0.25120, step time: 0.03569
epoch: [6], step: [341/1543], batch loss: 0.15709, batch accuracy: 79.23, data load time: 0.22542, step time: 0.03789
epoch: [6], step: [441/1543], batch loss: 0.20059, batch accuracy: 84.67, data load time: 0.18134, step time: 0.03715
epoch: [6], step: [541/1543], batch loss: 0.17847, batch accuracy: 89.81, data load time: 0.22567, step time: 0.03918
epoch: [6], step: [641/1543], batch loss: 0.23456, batch accuracy: 75.65, data load time: 0.22380, step time: 0.04140
epoch: [6], step: [741/1543], batch loss: 0.15169, batch accuracy: 73.22, data load time: 0.19757, step time: 0.03491
epoch: [6], step: [841/1543], batch loss: 0.18916, batch accuracy: 84.92, data load time: 0.21082, step time: 0.03624
epoch: [6], step: [941/1543], batch loss: 0.14742, batch accuracy: 80.89, data load time: 0.21569, step time: 0.03562
epoch: [6], step: [1041/1543], batch loss: 0.14583, batch accuracy: 78.77, data load time: 0.21090, step time: 0.03200
epoch: [6], step: [1141/1543], batch loss: 0.18810, batch accuracy: 80.84, data load time: 0.24315, step time: 0.04064
epoch: [6], step: [1241/1543], batch loss: 0.15519, batch accuracy: 78.23, data load time: 0.24969, step time: 0.03405
epoch: [6], step: [1341/1543], batch loss: 0.18286, batch accuracy: 79.96, data load time: 0.22988, step time: 0.03913
epoch: [6], step: [1441/1543], batch loss: 0.18427, batch accuracy: 88.88, data load time: 0.19389, step time: 0.04058
epoch: [6], step: [1541/1543], batch loss: 0.22094, batch accuracy: 85.79, data load time: 0.18117, step time: 0.04417
EVALUATION METRICS:
-------------------------------------------------------------

Validation: AUC Score: 0.8133

-------------------------------------------------------------
validation loss: 0.17565, accuracy: 81.33
epoch: [7], step: [98/1543], batch loss: 0.11910, batch accuracy: 88.39, data load time: 0.15033, step time: 0.03183
epoch: [7], step: [198/1543], batch loss: 0.25459, batch accuracy: 78.95, data load time: 0.19455, step time: 0.03934
epoch: [7], step: [298/1543], batch loss: 0.15549, batch accuracy: 89.25, data load time: 0.18112, step time: 0.04237
epoch: [7], step: [398/1543], batch loss: 0.14400, batch accuracy: 84.95, data load time: 0.22123, step time: 0.03561
epoch: [7], step: [498/1543], batch loss: 0.14684, batch accuracy: 84.87, data load time: 0.24925, step time: 0.03426
epoch: [7], step: [598/1543], batch loss: 0.14548, batch accuracy: 89.43, data load time: 0.29623, step time: 0.03649
epoch: [7], step: [698/1543], batch loss: 0.19109, batch accuracy: 87.46, data load time: 0.29321, step time: 0.04221
epoch: [7], step: [798/1543], batch loss: 0.15148, batch accuracy: 83.68, data load time: 0.21085, step time: 0.03559
epoch: [7], step: [898/1543], batch loss: 0.18274, batch accuracy: 74.88, data load time: 0.18753, step time: 0.03631
epoch: [7], step: [998/1543], batch loss: 0.14757, batch accuracy: 83.84, data load time: 0.23401, step time: 0.03751
epoch: [7], step: [1098/1543], batch loss: 0.20700, batch accuracy: 60.40, data load time: 0.24422, step time: 0.03719
epoch: [7], step: [1198/1543], batch loss: 0.20077, batch accuracy: 84.03, data load time: 0.30016, step time: 0.03954
epoch: [7], step: [1298/1543], batch loss: 0.15366, batch accuracy: 83.71, data load time: 0.19219, step time: 0.03484
epoch: [7], step: [1398/1543], batch loss: 0.20050, batch accuracy: 84.44, data load time: 0.24214, step time: 0.04359
epoch: [7], step: [1498/1543], batch loss: 0.14614, batch accuracy: 85.19, data load time: 0.19609, step time: 0.03539
EVALUATION METRICS:
-------------------------------------------------------------

Validation: AUC Score: 0.8221

-------------------------------------------------------------
validation loss: 0.16989, accuracy: 82.21
epoch: [8], step: [55/1543], batch loss: 0.15963, batch accuracy: 86.09, data load time: 0.23795, step time: 0.03840
epoch: [8], step: [155/1543], batch loss: 0.18483, batch accuracy: 85.74, data load time: 0.22503, step time: 0.03721
epoch: [8], step: [255/1543], batch loss: 0.15276, batch accuracy: 82.86, data load time: 0.26703, step time: 0.03582
epoch: [8], step: [355/1543], batch loss: 0.16604, batch accuracy: 81.44, data load time: 0.20927, step time: 0.03495
epoch: [8], step: [455/1543], batch loss: 0.14077, batch accuracy: 85.29, data load time: 0.23330, step time: 0.03483
epoch: [8], step: [555/1543], batch loss: 0.14623, batch accuracy: 80.41, data load time: 0.22201, step time: 0.03577
epoch: [8], step: [655/1543], batch loss: 0.22354, batch accuracy: 78.47, data load time: 0.28839, step time: 0.04123
epoch: [8], step: [755/1543], batch loss: 0.15445, batch accuracy: 83.44, data load time: 0.20817, step time: 0.03645
epoch: [8], step: [855/1543], batch loss: 0.14003, batch accuracy: 89.05, data load time: 0.24407, step time: 0.03440
epoch: [8], step: [955/1543], batch loss: 0.15241, batch accuracy: 76.18, data load time: 0.18680, step time: 0.03331
epoch: [8], step: [1055/1543], batch loss: 0.13439, batch accuracy: 80.46, data load time: 0.18777, step time: 0.03198
epoch: [8], step: [1155/1543], batch loss: 0.14545, batch accuracy: 88.20, data load time: 0.25943, step time: 0.03785
epoch: [8], step: [1255/1543], batch loss: 0.12453, batch accuracy: 87.93, data load time: 0.30471, step time: 0.03679
epoch: [8], step: [1355/1543], batch loss: 0.16539, batch accuracy: 82.52, data load time: 0.22050, step time: 0.03779
epoch: [8], step: [1455/1543], batch loss: 0.18366, batch accuracy: 85.14, data load time: 0.30215, step time: 0.04222
EVALUATION METRICS:
-------------------------------------------------------------

Validation: AUC Score: 0.8207

-------------------------------------------------------------
validation loss: 0.17317, accuracy: 82.07
epoch: [9], step: [12/1543], batch loss: 0.15955, batch accuracy: 86.10, data load time: 0.19968, step time: 0.03631
epoch: [9], step: [112/1543], batch loss: 0.15942, batch accuracy: 85.51, data load time: 0.23634, step time: 0.03728
epoch: [9], step: [212/1543], batch loss: 0.17552, batch accuracy: 83.12, data load time: 0.27016, step time: 0.04336
epoch: [9], step: [312/1543], batch loss: 0.14414, batch accuracy: 85.50, data load time: 0.23294, step time: 0.03431
epoch: [9], step: [412/1543], batch loss: 0.16895, batch accuracy: 91.05, data load time: 0.21561, step time: 0.03700
epoch: [9], step: [512/1543], batch loss: 0.16097, batch accuracy: 85.33, data load time: 0.23827, step time: 0.03933
epoch: [9], step: [612/1543], batch loss: 0.14894, batch accuracy: 81.67, data load time: 0.22320, step time: 0.03636
epoch: [9], step: [712/1543], batch loss: 0.24095, batch accuracy: 81.08, data load time: 0.24687, step time: 0.03937
epoch: [9], step: [812/1543], batch loss: 0.17700, batch accuracy: 90.66, data load time: 0.21877, step time: 0.04125
epoch: [9], step: [912/1543], batch loss: 0.19897, batch accuracy: 83.00, data load time: 0.25792, step time: 0.04027
epoch: [9], step: [1012/1543], batch loss: 0.15917, batch accuracy: 85.90, data load time: 0.21307, step time: 0.03727
epoch: [9], step: [1112/1543], batch loss: 0.22775, batch accuracy: 77.40, data load time: 0.22771, step time: 0.03855
epoch: [9], step: [1212/1543], batch loss: 0.19252, batch accuracy: 89.41, data load time: 0.23885, step time: 0.03938
epoch: [9], step: [1312/1543], batch loss: 0.15715, batch accuracy: 89.58, data load time: 0.26223, step time: 0.03715
epoch: [9], step: [1412/1543], batch loss: 0.14729, batch accuracy: 84.31, data load time: 0.24837, step time: 0.03461
epoch: [9], step: [1512/1543], batch loss: 0.14879, batch accuracy: 90.20, data load time: 0.24054, step time: 0.03729
EVALUATION METRICS:
-------------------------------------------------------------

Validation: AUC Score: 0.8272

-------------------------------------------------------------
validation loss: 0.17143, accuracy: 82.72
epoch: [10], step: [69/1543], batch loss: 0.21573, batch accuracy: 71.23, data load time: 0.23104, step time: 0.03623
epoch: [10], step: [169/1543], batch loss: 0.15924, batch accuracy: 91.55, data load time: 0.22980, step time: 0.03775
epoch: [10], step: [269/1543], batch loss: 0.15304, batch accuracy: 91.17, data load time: 0.23066, step time: 0.03827
epoch: [10], step: [369/1543], batch loss: 0.16609, batch accuracy: 81.53, data load time: 0.26203, step time: 0.03583
epoch: [10], step: [469/1543], batch loss: 0.21342, batch accuracy: 78.83, data load time: 0.19956, step time: 0.04011
epoch: [10], step: [569/1543], batch loss: 0.16202, batch accuracy: 89.89, data load time: 0.20950, step time: 0.03698
epoch: [10], step: [669/1543], batch loss: 0.12184, batch accuracy: 91.14, data load time: 0.24465, step time: 0.03402
epoch: [10], step: [769/1543], batch loss: 0.16316, batch accuracy: 88.03, data load time: 0.17590, step time: 0.03706
epoch: [10], step: [869/1543], batch loss: 0.18592, batch accuracy: 79.89, data load time: 0.25608, step time: 0.03818
epoch: [10], step: [969/1543], batch loss: 0.14411, batch accuracy: 92.32, data load time: 0.26507, step time: 0.03604
epoch: [10], step: [1069/1543], batch loss: 0.17780, batch accuracy: 85.47, data load time: 0.32509, step time: 0.03928
epoch: [10], step: [1169/1543], batch loss: 0.13085, batch accuracy: 92.28, data load time: 0.21338, step time: 0.03479
epoch: [10], step: [1269/1543], batch loss: 0.13140, batch accuracy: 88.39, data load time: 0.16291, step time: 0.03203
epoch: [10], step: [1369/1543], batch loss: 0.22559, batch accuracy: 85.08, data load time: 0.19926, step time: 0.04749
epoch: [10], step: [1469/1543], batch loss: 0.18562, batch accuracy: 88.50, data load time: 0.18759, step time: 0.03990
EVALUATION METRICS:
-------------------------------------------------------------

Validation: AUC Score: 0.8235

-------------------------------------------------------------
validation loss: 0.17484, accuracy: 82.35
epoch: [11], step: [26/1543], batch loss: 0.15682, batch accuracy: 88.41, data load time: 0.18002, step time: 0.03763
epoch: [11], step: [126/1543], batch loss: 0.21208, batch accuracy: 80.37, data load time: 0.22342, step time: 0.03620
epoch: [11], step: [226/1543], batch loss: 0.13509, batch accuracy: 92.03, data load time: 0.15002, step time: 0.03803
epoch: [11], step: [326/1543], batch loss: 0.19563, batch accuracy: 85.81, data load time: 0.25063, step time: 0.03798
epoch: [11], step: [426/1543], batch loss: 0.12514, batch accuracy: 88.86, data load time: 0.18534, step time: 0.03688
epoch: [11], step: [526/1543], batch loss: 0.19952, batch accuracy: 74.72, data load time: 0.20306, step time: 0.03532
epoch: [11], step: [626/1543], batch loss: 0.15587, batch accuracy: 90.92, data load time: 0.23285, step time: 0.03915
epoch: [11], step: [726/1543], batch loss: 0.21299, batch accuracy: 82.62, data load time: 0.23828, step time: 0.04256
epoch: [11], step: [826/1543], batch loss: 0.22616, batch accuracy: 85.85, data load time: 0.36144, step time: 0.04126
epoch: [11], step: [926/1543], batch loss: 0.14191, batch accuracy: 86.49, data load time: 0.20214, step time: 0.03470
epoch: [11], step: [1026/1543], batch loss: 0.15994, batch accuracy: 87.97, data load time: 0.26950, step time: 0.03705
epoch: [11], step: [1126/1543], batch loss: 0.14136, batch accuracy: 83.91, data load time: 0.18277, step time: 0.03834
epoch: [11], step: [1226/1543], batch loss: 0.14504, batch accuracy: 90.85, data load time: 0.21432, step time: 0.03835
epoch: [11], step: [1326/1543], batch loss: 0.16474, batch accuracy: 88.17, data load time: 0.28239, step time: 0.03759
epoch: [11], step: [1426/1543], batch loss: 0.15600, batch accuracy: 91.87, data load time: 0.19839, step time: 0.03599
epoch: [11], step: [1526/1543], batch loss: 0.17143, batch accuracy: 84.63, data load time: 0.23829, step time: 0.03837
EVALUATION METRICS:
-------------------------------------------------------------

Validation: AUC Score: 0.8302

-------------------------------------------------------------
validation loss: 0.16670, accuracy: 83.02
epoch: [12], step: [83/1543], batch loss: 0.12627, batch accuracy: 89.85, data load time: 0.11537, step time: 0.03542
epoch: [12], step: [183/1543], batch loss: 0.19352, batch accuracy: 77.68, data load time: 0.28460, step time: 0.03687
epoch: [12], step: [283/1543], batch loss: 0.13348, batch accuracy: 88.30, data load time: 0.18504, step time: 0.03471
epoch: [12], step: [383/1543], batch loss: 0.16297, batch accuracy: 88.04, data load time: 0.14563, step time: 0.04049
epoch: [12], step: [483/1543], batch loss: 0.13896, batch accuracy: 86.22, data load time: 0.12231, step time: 0.03472
epoch: [12], step: [583/1543], batch loss: 0.18539, batch accuracy: 81.88, data load time: 0.18698, step time: 0.03895
epoch: [12], step: [683/1543], batch loss: 0.19257, batch accuracy: 82.03, data load time: 0.18679, step time: 0.03618
epoch: [12], step: [783/1543], batch loss: 0.13259, batch accuracy: 93.33, data load time: 0.18606, step time: 0.03463
epoch: [12], step: [883/1543], batch loss: 0.17581, batch accuracy: 85.46, data load time: 0.20358, step time: 0.03876
epoch: [12], step: [983/1543], batch loss: 0.11194, batch accuracy: 91.57, data load time: 0.20211, step time: 0.03188
epoch: [12], step: [1083/1543], batch loss: 0.14829, batch accuracy: 89.26, data load time: 0.21254, step time: 0.03744
epoch: [12], step: [1183/1543], batch loss: 0.16501, batch accuracy: 82.79, data load time: 0.19988, step time: 0.03571
epoch: [12], step: [1283/1543], batch loss: 0.28223, batch accuracy: 82.29, data load time: 0.24578, step time: 0.04406
epoch: [12], step: [1383/1543], batch loss: 0.16900, batch accuracy: 86.24, data load time: 0.22844, step time: 0.03751
epoch: [12], step: [1483/1543], batch loss: 0.18078, batch accuracy: 85.26, data load time: 0.25827, step time: 0.03830
EVALUATION METRICS:
-------------------------------------------------------------

Validation: AUC Score: 0.8274

-------------------------------------------------------------
validation loss: 0.16372, accuracy: 82.74
epoch: [13], step: [40/1543], batch loss: 0.22673, batch accuracy: 86.66, data load time: 0.15523, step time: 0.04276
epoch: [13], step: [140/1543], batch loss: 0.14153, batch accuracy: 85.49, data load time: 0.19404, step time: 0.03390
epoch: [13], step: [240/1543], batch loss: 0.15269, batch accuracy: 87.04, data load time: 0.14150, step time: 0.03692
epoch: [13], step: [340/1543], batch loss: 0.18130, batch accuracy: 81.37, data load time: 0.15383, step time: 0.03471
epoch: [13], step: [440/1543], batch loss: 0.15964, batch accuracy: 87.75, data load time: 0.16718, step time: 0.03747
epoch: [13], step: [540/1543], batch loss: 0.14934, batch accuracy: 84.67, data load time: 0.18516, step time: 0.03469
epoch: [13], step: [640/1543], batch loss: 0.14499, batch accuracy: 94.77, data load time: 0.22555, step time: 0.03479
epoch: [13], step: [740/1543], batch loss: 0.17538, batch accuracy: 82.68, data load time: 0.22049, step time: 0.03902
epoch: [13], step: [840/1543], batch loss: 0.13301, batch accuracy: 91.78, data load time: 0.23488, step time: 0.03532
epoch: [13], step: [940/1543], batch loss: 0.21526, batch accuracy: 87.36, data load time: 0.22150, step time: 0.04129
epoch: [13], step: [1040/1543], batch loss: 0.12882, batch accuracy: 85.74, data load time: 0.21765, step time: 0.03178
epoch: [13], step: [1140/1543], batch loss: 0.15749, batch accuracy: 88.19, data load time: 0.14095, step time: 0.03818
epoch: [13], step: [1240/1543], batch loss: 0.16103, batch accuracy: 85.03, data load time: 0.26446, step time: 0.03393
epoch: [13], step: [1340/1543], batch loss: 0.15314, batch accuracy: 85.60, data load time: 0.26381, step time: 0.03924
epoch: [13], step: [1440/1543], batch loss: 0.15141, batch accuracy: 90.52, data load time: 0.23019, step time: 0.04136
epoch: [13], step: [1540/1543], batch loss: 0.17963, batch accuracy: 84.90, data load time: 0.20711, step time: 0.03689
EVALUATION METRICS:
-------------------------------------------------------------

Validation: AUC Score: 0.8377

-------------------------------------------------------------
validation loss: 0.16215, accuracy: 83.77
epoch: [14], step: [97/1543], batch loss: 0.14454, batch accuracy: 85.85, data load time: 0.20211, step time: 0.03679
epoch: [14], step: [197/1543], batch loss: 0.12671, batch accuracy: 87.77, data load time: 0.15222, step time: 0.03473
epoch: [14], step: [297/1543], batch loss: 0.12848, batch accuracy: 92.55, data load time: 0.24903, step time: 0.03544
epoch: [14], step: [397/1543], batch loss: 0.15976, batch accuracy: 92.43, data load time: 0.14088, step time: 0.04415
epoch: [14], step: [497/1543], batch loss: 0.20176, batch accuracy: 85.15, data load time: 0.09301, step time: 0.03934
epoch: [14], step: [597/1543], batch loss: 0.17840, batch accuracy: 85.79, data load time: 0.19643, step time: 0.03685
epoch: [14], step: [697/1543], batch loss: 0.14974, batch accuracy: 88.28, data load time: 0.17336, step time: 0.04105
epoch: [14], step: [797/1543], batch loss: 0.15796, batch accuracy: 87.80, data load time: 0.16582, step time: 0.03253
epoch: [14], step: [897/1543], batch loss: 0.12352, batch accuracy: 88.68, data load time: 0.14524, step time: 0.03182
epoch: [14], step: [997/1543], batch loss: 0.17588, batch accuracy: 87.84, data load time: 0.17878, step time: 0.03972
epoch: [14], step: [1097/1543], batch loss: 0.14939, batch accuracy: 83.73, data load time: 0.20632, step time: 0.03691
epoch: [14], step: [1197/1543], batch loss: 0.18437, batch accuracy: 77.48, data load time: 0.18557, step time: 0.03764
epoch: [14], step: [1297/1543], batch loss: 0.13573, batch accuracy: 82.79, data load time: 0.21946, step time: 0.03317
epoch: [14], step: [1397/1543], batch loss: 0.16103, batch accuracy: 76.58, data load time: 0.13279, step time: 0.03323
epoch: [14], step: [1497/1543], batch loss: 0.14724, batch accuracy: 89.28, data load time: 0.15930, step time: 0.03623
EVALUATION METRICS:
-------------------------------------------------------------

Validation: AUC Score: 0.8337

-------------------------------------------------------------
validation loss: 0.16956, accuracy: 83.37
epoch: [15], step: [54/1543], batch loss: 0.16310, batch accuracy: 88.51, data load time: 0.12096, step time: 0.03566
epoch: [15], step: [154/1543], batch loss: 0.12474, batch accuracy: 94.95, data load time: 0.15033, step time: 0.03988
epoch: [15], step: [254/1543], batch loss: 0.14632, batch accuracy: 86.96, data load time: 0.18725, step time: 0.03911
epoch: [15], step: [354/1543], batch loss: 0.13510, batch accuracy: 83.12, data load time: 0.10853, step time: 0.03487
epoch: [15], step: [454/1543], batch loss: 0.14943, batch accuracy: 87.92, data load time: 0.12841, step time: 0.03702
epoch: [15], step: [554/1543], batch loss: 0.13720, batch accuracy: 93.89, data load time: 0.12471, step time: 0.03711
epoch: [15], step: [654/1543], batch loss: 0.12087, batch accuracy: 90.89, data load time: 0.13424, step time: 0.03565
epoch: [15], step: [754/1543], batch loss: 0.15485, batch accuracy: 85.45, data load time: 0.15742, step time: 0.03703
epoch: [15], step: [854/1543], batch loss: 0.16681, batch accuracy: 83.70, data load time: 0.15233, step time: 0.03686
epoch: [15], step: [954/1543], batch loss: 0.15661, batch accuracy: 84.66, data load time: 0.18890, step time: 0.03766
epoch: [15], step: [1054/1543], batch loss: 0.17299, batch accuracy: 86.37, data load time: 0.23598, step time: 0.03662
epoch: [15], step: [1154/1543], batch loss: 0.20305, batch accuracy: 85.71, data load time: 0.18578, step time: 0.03987
epoch: [15], step: [1254/1543], batch loss: 0.16936, batch accuracy: 81.31, data load time: 0.20220, step time: 0.03330
epoch: [15], step: [1354/1543], batch loss: 0.13307, batch accuracy: 75.96, data load time: 0.16872, step time: 0.03185
epoch: [15], step: [1454/1543], batch loss: 0.13733, batch accuracy: 92.21, data load time: 0.25629, step time: 0.03635
EVALUATION METRICS:
-------------------------------------------------------------

Validation: AUC Score: 0.8378

-------------------------------------------------------------
validation loss: 0.16496, accuracy: 83.78
epoch: [16], step: [11/1543], batch loss: 0.12372, batch accuracy: 86.89, data load time: 0.12611, step time: 0.03698
epoch: [16], step: [111/1543], batch loss: 0.18867, batch accuracy: 87.34, data load time: 0.12177, step time: 0.03765
epoch: [16], step: [211/1543], batch loss: 0.16027, batch accuracy: 91.01, data load time: 0.12894, step time: 0.03855
epoch: [16], step: [311/1543], batch loss: 0.15506, batch accuracy: 81.73, data load time: 0.16487, step time: 0.03554
epoch: [16], step: [411/1543], batch loss: 0.18982, batch accuracy: 84.07, data load time: 0.13511, step time: 0.03907
epoch: [16], step: [511/1543], batch loss: 0.14590, batch accuracy: 89.99, data load time: 0.17360, step time: 0.03776
epoch: [16], step: [611/1543], batch loss: 0.18719, batch accuracy: 85.98, data load time: 0.17449, step time: 0.04346
epoch: [16], step: [711/1543], batch loss: 0.16103, batch accuracy: 81.80, data load time: 0.21005, step time: 0.03691
epoch: [16], step: [811/1543], batch loss: 0.18071, batch accuracy: 85.78, data load time: 0.19787, step time: 0.04117
epoch: [16], step: [911/1543], batch loss: 0.14189, batch accuracy: 87.33, data load time: 0.17637, step time: 0.03344
epoch: [16], step: [1011/1543], batch loss: 0.21341, batch accuracy: 71.78, data load time: 0.22343, step time: 0.03822
epoch: [16], step: [1111/1543], batch loss: 0.17265, batch accuracy: 90.09, data load time: 0.25083, step time: 0.03976
epoch: [16], step: [1211/1543], batch loss: 0.14865, batch accuracy: 90.12, data load time: 0.26021, step time: 0.03688
epoch: [16], step: [1311/1543], batch loss: 0.14628, batch accuracy: 91.33, data load time: 0.18226, step time: 0.03972
epoch: [16], step: [1411/1543], batch loss: 0.14756, batch accuracy: 87.44, data load time: 0.14268, step time: 0.03699
epoch: [16], step: [1511/1543], batch loss: 0.13502, batch accuracy: 92.65, data load time: 0.23092, step time: 0.03676
EVALUATION METRICS:
-------------------------------------------------------------

Validation: AUC Score: 0.8437

-------------------------------------------------------------
validation loss: 0.16166, accuracy: 84.37
epoch: [17], step: [68/1543], batch loss: 0.14312, batch accuracy: 85.09, data load time: 0.16405, step time: 0.03490
epoch: [17], step: [168/1543], batch loss: 0.13554, batch accuracy: 85.89, data load time: 0.13048, step time: 0.03501
epoch: [17], step: [268/1543], batch loss: 0.16590, batch accuracy: 85.43, data load time: 0.16710, step time: 0.04073
epoch: [17], step: [368/1543], batch loss: 0.19349, batch accuracy: 78.38, data load time: 0.18328, step time: 0.03832
epoch: [17], step: [468/1543], batch loss: 0.16017, batch accuracy: 83.52, data load time: 0.13454, step time: 0.03772
epoch: [17], step: [568/1543], batch loss: 0.15462, batch accuracy: 87.39, data load time: 0.14355, step time: 0.03850
epoch: [17], step: [668/1543], batch loss: 0.12893, batch accuracy: 83.91, data load time: 0.13093, step time: 0.03469
epoch: [17], step: [768/1543], batch loss: 0.14321, batch accuracy: 89.90, data load time: 0.16195, step time: 0.03541
epoch: [17], step: [868/1543], batch loss: 0.12260, batch accuracy: 93.01, data load time: 0.17341, step time: 0.03764
epoch: [17], step: [968/1543], batch loss: 0.14308, batch accuracy: 86.88, data load time: 0.17406, step time: 0.03613
epoch: [17], step: [1068/1543], batch loss: 0.15920, batch accuracy: 89.59, data load time: 0.21527, step time: 0.03825
epoch: [17], step: [1168/1543], batch loss: 0.13462, batch accuracy: 92.46, data load time: 0.16107, step time: 0.03529
epoch: [17], step: [1268/1543], batch loss: 0.13201, batch accuracy: 90.55, data load time: 0.22348, step time: 0.03829
epoch: [17], step: [1368/1543], batch loss: 0.16061, batch accuracy: 81.20, data load time: 0.13888, step time: 0.03552
epoch: [17], step: [1468/1543], batch loss: 0.16215, batch accuracy: 87.50, data load time: 0.20729, step time: 0.03771
EVALUATION METRICS:
-------------------------------------------------------------

Validation: AUC Score: 0.8398

-------------------------------------------------------------
validation loss: 0.16267, accuracy: 83.98
epoch: [18], step: [25/1543], batch loss: 0.16892, batch accuracy: 88.62, data load time: 0.10082, step time: 0.03827
epoch: [18], step: [125/1543], batch loss: 0.15346, batch accuracy: 88.18, data load time: 0.05560, step time: 0.03787
epoch: [18], step: [225/1543], batch loss: 0.12617, batch accuracy: 86.94, data load time: 0.09539, step time: 0.03703
epoch: [18], step: [325/1543], batch loss: 0.16486, batch accuracy: 84.27, data load time: 0.20992, step time: 0.04053
epoch: [18], step: [425/1543], batch loss: 0.20383, batch accuracy: 83.49, data load time: 0.21197, step time: 0.04129
epoch: [18], step: [525/1543], batch loss: 0.13236, batch accuracy: 90.43, data load time: 0.19034, step time: 0.03830
epoch: [18], step: [625/1543], batch loss: 0.16476, batch accuracy: 90.47, data load time: 0.20199, step time: 0.03685
epoch: [18], step: [725/1543], batch loss: 0.17416, batch accuracy: 84.62, data load time: 0.18310, step time: 0.03676
epoch: [18], step: [825/1543], batch loss: 0.17552, batch accuracy: 88.85, data load time: 0.17098, step time: 0.04268
epoch: [18], step: [925/1543], batch loss: 0.13635, batch accuracy: 84.89, data load time: 0.18299, step time: 0.03616
epoch: [18], step: [1025/1543], batch loss: 0.18939, batch accuracy: 84.46, data load time: 0.14578, step time: 0.03837
epoch: [18], step: [1125/1543], batch loss: 0.16608, batch accuracy: 89.33, data load time: 0.21197, step time: 0.03985
epoch: [18], step: [1225/1543], batch loss: 0.14100, batch accuracy: 82.48, data load time: 0.18511, step time: 0.03695
epoch: [18], step: [1325/1543], batch loss: 0.21798, batch accuracy: 82.56, data load time: 0.24146, step time: 0.03979
epoch: [18], step: [1425/1543], batch loss: 0.14841, batch accuracy: 88.72, data load time: 0.21642, step time: 0.03687
epoch: [18], step: [1525/1543], batch loss: 0.12303, batch accuracy: 84.49, data load time: 0.20974, step time: 0.03168
EVALUATION METRICS:
-------------------------------------------------------------

Validation: AUC Score: 0.8466

-------------------------------------------------------------
validation loss: 0.15814, accuracy: 84.66
epoch: [19], step: [82/1543], batch loss: 0.18590, batch accuracy: 85.60, data load time: 0.14782, step time: 0.03845
epoch: [19], step: [182/1543], batch loss: 0.19782, batch accuracy: 81.34, data load time: 0.18312, step time: 0.04080
epoch: [19], step: [282/1543], batch loss: 0.13951, batch accuracy: 88.24, data load time: 0.19226, step time: 0.03699
epoch: [19], step: [382/1543], batch loss: 0.20408, batch accuracy: 82.27, data load time: 0.12885, step time: 0.04141
epoch: [19], step: [482/1543], batch loss: 0.12448, batch accuracy: 90.88, data load time: 0.15620, step time: 0.03268
epoch: [19], step: [582/1543], batch loss: 0.15845, batch accuracy: 81.77, data load time: 0.21726, step time: 0.03483
epoch: [19], step: [682/1543], batch loss: 0.14891, batch accuracy: 86.49, data load time: 0.14908, step time: 0.03983
epoch: [19], step: [782/1543], batch loss: 0.15621, batch accuracy: 86.12, data load time: 0.17014, step time: 0.03694
epoch: [19], step: [882/1543], batch loss: 0.11497, batch accuracy: 93.19, data load time: 0.23952, step time: 0.03333
epoch: [19], step: [982/1543], batch loss: 0.14295, batch accuracy: 86.70, data load time: 0.16721, step time: 0.03765
epoch: [19], step: [1082/1543], batch loss: 0.16292, batch accuracy: 89.10, data load time: 0.20981, step time: 0.03833
epoch: [19], step: [1182/1543], batch loss: 0.14681, batch accuracy: 93.47, data load time: 0.20615, step time: 0.03755
epoch: [19], step: [1282/1543], batch loss: 0.23424, batch accuracy: 81.76, data load time: 0.18175, step time: 0.04189
epoch: [19], step: [1382/1543], batch loss: 0.15947, batch accuracy: 88.00, data load time: 0.20300, step time: 0.03624
epoch: [19], step: [1482/1543], batch loss: 0.13033, batch accuracy: 88.80, data load time: 0.22984, step time: 0.03497
EVALUATION METRICS:
-------------------------------------------------------------

Validation: AUC Score: 0.8389

-------------------------------------------------------------
validation loss: 0.17066, accuracy: 83.89
epoch: [20], step: [39/1543], batch loss: 0.16484, batch accuracy: 72.59, data load time: 0.13601, step time: 0.03541
epoch: [20], step: [139/1543], batch loss: 0.15341, batch accuracy: 85.27, data load time: 0.09355, step time: 0.03756
epoch: [20], step: [239/1543], batch loss: 0.14068, batch accuracy: 82.54, data load time: 0.13551, step time: 0.03522
epoch: [20], step: [339/1543], batch loss: 0.15751, batch accuracy: 94.18, data load time: 0.17180, step time: 0.04041
epoch: [20], step: [439/1543], batch loss: 0.15342, batch accuracy: 85.23, data load time: 0.10580, step time: 0.03859
epoch: [20], step: [539/1543], batch loss: 0.13307, batch accuracy: 86.07, data load time: 0.13399, step time: 0.03577
epoch: [20], step: [639/1543], batch loss: 0.13241, batch accuracy: 91.20, data load time: 0.17079, step time: 0.03237
epoch: [20], step: [739/1543], batch loss: 0.12581, batch accuracy: 85.35, data load time: 0.13596, step time: 0.03377
epoch: [20], step: [839/1543], batch loss: 0.15734, batch accuracy: 84.10, data load time: 0.14317, step time: 0.03451
epoch: [20], step: [939/1543], batch loss: 0.19974, batch accuracy: 78.34, data load time: 0.20973, step time: 0.04111
epoch: [20], step: [1039/1543], batch loss: 0.15066, batch accuracy: 81.52, data load time: 0.21900, step time: 0.03160
epoch: [20], step: [1139/1543], batch loss: 0.13391, batch accuracy: 92.07, data load time: 0.19123, step time: 0.03651
epoch: [20], step: [1239/1543], batch loss: 0.15224, batch accuracy: 92.29, data load time: 0.22539, step time: 0.03674
epoch: [20], step: [1339/1543], batch loss: 0.13831, batch accuracy: 93.19, data load time: 0.21006, step time: 0.03881
epoch: [20], step: [1439/1543], batch loss: 0.20849, batch accuracy: 83.64, data load time: 0.19346, step time: 0.04120
epoch: [20], step: [1539/1543], batch loss: 0.17108, batch accuracy: 83.99, data load time: 0.16345, step time: 0.03455
EVALUATION METRICS:
-------------------------------------------------------------

Validation: AUC Score: 0.8434

-------------------------------------------------------------
validation loss: 0.16172, accuracy: 84.34
epoch: [21], step: [96/1543], batch loss: 0.21600, batch accuracy: 82.88, data load time: 0.14262, step time: 0.04114
epoch: [21], step: [196/1543], batch loss: 0.17306, batch accuracy: 85.88, data load time: 0.16043, step time: 0.04400
epoch: [21], step: [296/1543], batch loss: 0.15563, batch accuracy: 83.66, data load time: 0.19739, step time: 0.03548
epoch: [21], step: [396/1543], batch loss: 0.13775, batch accuracy: 91.57, data load time: 0.18784, step time: 0.03680
epoch: [21], step: [496/1543], batch loss: 0.16676, batch accuracy: 83.75, data load time: 0.13743, step time: 0.03540
epoch: [21], step: [596/1543], batch loss: 0.14167, batch accuracy: 89.18, data load time: 0.21175, step time: 0.03833
epoch: [21], step: [696/1543], batch loss: 0.19172, batch accuracy: 89.88, data load time: 0.19041, step time: 0.04490
epoch: [21], step: [796/1543], batch loss: 0.25328, batch accuracy: 66.48, data load time: 0.17964, step time: 0.03823
epoch: [21], step: [896/1543], batch loss: 0.16707, batch accuracy: 86.86, data load time: 0.22703, step time: 0.03894
epoch: [21], step: [996/1543], batch loss: 0.13250, batch accuracy: 87.60, data load time: 0.19362, step time: 0.03472
epoch: [21], step: [1096/1543], batch loss: 0.17008, batch accuracy: 87.76, data load time: 0.21427, step time: 0.04040
epoch: [21], step: [1196/1543], batch loss: 0.19222, batch accuracy: 82.37, data load time: 0.27342, step time: 0.03620
epoch: [21], step: [1296/1543], batch loss: 0.12101, batch accuracy: 87.88, data load time: 0.17960, step time: 0.03610
epoch: [21], step: [1396/1543], batch loss: 0.15673, batch accuracy: 91.67, data load time: 0.22199, step time: 0.04050
epoch: [21], step: [1496/1543], batch loss: 0.12510, batch accuracy: 91.45, data load time: 0.22234, step time: 0.03758
EVALUATION METRICS:
-------------------------------------------------------------

Validation: AUC Score: 0.8462

-------------------------------------------------------------
validation loss: 0.16019, accuracy: 84.62
epoch: [22], step: [53/1543], batch loss: 0.13544, batch accuracy: 93.31, data load time: 0.09207, step time: 0.03854
epoch: [22], step: [153/1543], batch loss: 0.15150, batch accuracy: 88.07, data load time: 0.12857, step time: 0.03484
epoch: [22], step: [253/1543], batch loss: 0.18250, batch accuracy: 88.68, data load time: 0.15950, step time: 0.03793
epoch: [22], step: [353/1543], batch loss: 0.13359, batch accuracy: 90.13, data load time: 0.11798, step time: 0.03632
epoch: [22], step: [453/1543], batch loss: 0.12109, batch accuracy: 91.41, data load time: 0.16431, step time: 0.03810
epoch: [22], step: [553/1543], batch loss: 0.14505, batch accuracy: 91.76, data load time: 0.18501, step time: 0.03774
epoch: [22], step: [653/1543], batch loss: 0.15738, batch accuracy: 89.89, data load time: 0.16188, step time: 0.04273
epoch: [22], step: [753/1543], batch loss: 0.14812, batch accuracy: 86.17, data load time: 0.16662, step time: 0.04031
epoch: [22], step: [853/1543], batch loss: 0.12737, batch accuracy: 88.89, data load time: 0.18280, step time: 0.04147
epoch: [22], step: [953/1543], batch loss: 0.09662, batch accuracy: 90.46, data load time: 0.10660, step time: 0.03281
epoch: [22], step: [1053/1543], batch loss: 0.13056, batch accuracy: 89.24, data load time: 0.17376, step time: 0.03565
epoch: [22], step: [1153/1543], batch loss: 0.12570, batch accuracy: 94.61, data load time: 0.21437, step time: 0.03774
epoch: [22], step: [1253/1543], batch loss: 0.16050, batch accuracy: 83.94, data load time: 0.18019, step time: 0.03703
epoch: [22], step: [1353/1543], batch loss: 0.11711, batch accuracy: 81.28, data load time: 0.23753, step time: 0.02972
epoch: [22], step: [1453/1543], batch loss: 0.20839, batch accuracy: 80.61, data load time: 0.20125, step time: 0.04077
EVALUATION METRICS:
-------------------------------------------------------------

Validation: AUC Score: 0.8488

-------------------------------------------------------------
validation loss: 0.15927, accuracy: 84.88
epoch: [23], step: [10/1543], batch loss: 0.15469, batch accuracy: 84.82, data load time: 0.20553, step time: 0.04670
epoch: [23], step: [110/1543], batch loss: 0.14201, batch accuracy: 93.50, data load time: 0.15590, step time: 0.03767
epoch: [23], step: [210/1543], batch loss: 0.16551, batch accuracy: 87.71, data load time: 0.19260, step time: 0.04081
epoch: [23], step: [310/1543], batch loss: 0.12980, batch accuracy: 85.57, data load time: 0.09093, step time: 0.03345
epoch: [23], step: [410/1543], batch loss: 0.18568, batch accuracy: 87.85, data load time: 0.16868, step time: 0.04033
epoch: [23], step: [510/1543], batch loss: 0.14973, batch accuracy: 91.22, data load time: 0.15050, step time: 0.03919
epoch: [23], step: [610/1543], batch loss: 0.16639, batch accuracy: 88.38, data load time: 0.19053, step time: 0.04076
epoch: [23], step: [710/1543], batch loss: 0.12099, batch accuracy: 92.15, data load time: 0.11770, step time: 0.03791
epoch: [23], step: [810/1543], batch loss: 0.12736, batch accuracy: 86.08, data load time: 0.21166, step time: 0.03265
epoch: [23], step: [910/1543], batch loss: 0.12405, batch accuracy: 92.50, data load time: 0.19644, step time: 0.03471
epoch: [23], step: [1010/1543], batch loss: 0.15227, batch accuracy: 87.82, data load time: 0.19059, step time: 0.03716
epoch: [23], step: [1110/1543], batch loss: 0.22163, batch accuracy: 72.73, data load time: 0.22527, step time: 0.04099
epoch: [23], step: [1210/1543], batch loss: 0.16955, batch accuracy: 91.88, data load time: 0.23914, step time: 0.03864
epoch: [23], step: [1310/1543], batch loss: 0.20076, batch accuracy: 86.52, data load time: 0.20630, step time: 0.04082
epoch: [23], step: [1410/1543], batch loss: 0.16518, batch accuracy: 92.55, data load time: 0.23190, step time: 0.04015
epoch: [23], step: [1510/1543], batch loss: 0.17319, batch accuracy: 81.21, data load time: 0.22955, step time: 0.03789
EVALUATION METRICS:
-------------------------------------------------------------

Validation: AUC Score: 0.8418

-------------------------------------------------------------
validation loss: 0.16923, accuracy: 84.18
epoch: [24], step: [67/1543], batch loss: 0.12388, batch accuracy: 93.15, data load time: 0.29748, step time: 0.03781
epoch: [24], step: [167/1543], batch loss: 0.18518, batch accuracy: 87.97, data load time: 0.18557, step time: 0.04219
epoch: [24], step: [267/1543], batch loss: 0.12449, batch accuracy: 91.08, data load time: 0.25425, step time: 0.03617
epoch: [24], step: [367/1543], batch loss: 0.17078, batch accuracy: 82.31, data load time: 0.20698, step time: 0.03463
epoch: [24], step: [467/1543], batch loss: 0.11736, batch accuracy: 88.89, data load time: 0.25343, step time: 0.03676
epoch: [24], step: [567/1543], batch loss: 0.14596, batch accuracy: 84.14, data load time: 0.22273, step time: 0.03401
epoch: [24], step: [667/1543], batch loss: 0.10610, batch accuracy: 90.05, data load time: 0.25199, step time: 0.03477
epoch: [24], step: [767/1543], batch loss: 0.15334, batch accuracy: 82.43, data load time: 0.23240, step time: 0.03625
epoch: [24], step: [867/1543], batch loss: 0.16241, batch accuracy: 83.73, data load time: 0.25822, step time: 0.03703
epoch: [24], step: [967/1543], batch loss: 0.15035, batch accuracy: 86.71, data load time: 0.22365, step time: 0.04091
epoch: [24], step: [1067/1543], batch loss: 0.14378, batch accuracy: 87.23, data load time: 0.22628, step time: 0.03469
epoch: [24], step: [1167/1543], batch loss: 0.20206, batch accuracy: 86.23, data load time: 0.29429, step time: 0.03824
epoch: [24], step: [1267/1543], batch loss: 0.18085, batch accuracy: 93.47, data load time: 0.26422, step time: 0.03977
epoch: [24], step: [1367/1543], batch loss: 0.15939, batch accuracy: 83.11, data load time: 0.21073, step time: 0.03609
epoch: [24], step: [1467/1543], batch loss: 0.17759, batch accuracy: 79.75, data load time: 0.17139, step time: 0.03705
EVALUATION METRICS:
-------------------------------------------------------------

Validation: AUC Score: 0.8511

-------------------------------------------------------------
validation loss: 0.16047, accuracy: 85.11
epoch: [25], step: [24/1543], batch loss: 0.17277, batch accuracy: 84.19, data load time: 0.17950, step time: 0.03714
epoch: [25], step: [124/1543], batch loss: 0.16861, batch accuracy: 85.61, data load time: 0.23495, step time: 0.03698
epoch: [25], step: [224/1543], batch loss: 0.15171, batch accuracy: 88.96, data load time: 0.23552, step time: 0.03861
epoch: [25], step: [324/1543], batch loss: 0.15456, batch accuracy: 87.30, data load time: 0.21613, step time: 0.03569
epoch: [25], step: [424/1543], batch loss: 0.13014, batch accuracy: 90.63, data load time: 0.24042, step time: 0.03706
epoch: [25], step: [524/1543], batch loss: 0.11540, batch accuracy: 96.70, data load time: 0.25422, step time: 0.03726
epoch: [25], step: [624/1543], batch loss: 0.17988, batch accuracy: 88.74, data load time: 0.30516, step time: 0.04219
epoch: [25], step: [724/1543], batch loss: 0.16263, batch accuracy: 83.17, data load time: 0.21811, step time: 0.03490
epoch: [25], step: [824/1543], batch loss: 0.11908, batch accuracy: 90.83, data load time: 0.22601, step time: 0.03279
epoch: [25], step: [924/1543], batch loss: 0.12742, batch accuracy: 89.04, data load time: 0.25973, step time: 0.03184
epoch: [25], step: [1024/1543], batch loss: 0.14922, batch accuracy: 86.68, data load time: 0.24306, step time: 0.03781
epoch: [25], step: [1124/1543], batch loss: 0.16484, batch accuracy: 83.13, data load time: 0.25732, step time: 0.03713
epoch: [25], step: [1224/1543], batch loss: 0.12002, batch accuracy: 90.17, data load time: 0.22149, step time: 0.03620
epoch: [25], step: [1324/1543], batch loss: 0.16418, batch accuracy: 89.85, data load time: 0.28139, step time: 0.04070
epoch: [25], step: [1424/1543], batch loss: 0.19764, batch accuracy: 78.86, data load time: 0.25236, step time: 0.03780
epoch: [25], step: [1524/1543], batch loss: 0.13767, batch accuracy: 88.24, data load time: 0.19700, step time: 0.03636
EVALUATION METRICS:
-------------------------------------------------------------

Validation: AUC Score: 0.8476

-------------------------------------------------------------
validation loss: 0.15762, accuracy: 84.76
