Loading data from trainSpec_dataset
Loading data from valSpec_dataset
Loading data from testSpec_dataset
Writing logs to logs/CNN_sgd_momentum=0.7_learning_rate=0.2_conv_length=256_conv_stride=256_batch_size=10_epochs=20_weight_decay=1e-05_model=ChunkResCNN1_op=sgd_dropout=0.1_run_0
epoch: [0], step: [99/1543], batch loss: 0.28588, batch accuracy: 51.10, data load time: 0.13055, step time: 0.09566
epoch: [0], step: [199/1543], batch loss: 0.21147, batch accuracy: 67.91, data load time: 0.09089, step time: 0.09988
epoch: [0], step: [299/1543], batch loss: 0.22701, batch accuracy: 58.92, data load time: 0.05490, step time: 0.09860
epoch: [0], step: [399/1543], batch loss: 0.22161, batch accuracy: 66.43, data load time: 0.08489, step time: 0.10074
epoch: [0], step: [499/1543], batch loss: 0.26556, batch accuracy: 73.80, data load time: 0.07427, step time: 0.10343
epoch: [0], step: [599/1543], batch loss: 0.20399, batch accuracy: 74.77, data load time: 0.04588, step time: 0.09773
epoch: [0], step: [699/1543], batch loss: 0.13147, batch accuracy: 83.58, data load time: 0.03658, step time: 0.09367
epoch: [0], step: [799/1543], batch loss: 0.18694, batch accuracy: 77.29, data load time: 0.09800, step time: 0.10074
epoch: [0], step: [899/1543], batch loss: 0.23694, batch accuracy: 70.74, data load time: 0.04037, step time: 0.09911
epoch: [0], step: [999/1543], batch loss: 0.23128, batch accuracy: 70.01, data load time: 0.06498, step time: 0.09912
epoch: [0], step: [1099/1543], batch loss: 0.20090, batch accuracy: 77.93, data load time: 0.03601, step time: 0.10058
epoch: [0], step: [1199/1543], batch loss: 0.11879, batch accuracy: 80.09, data load time: 0.05561, step time: 0.09128
epoch: [0], step: [1299/1543], batch loss: 0.13049, batch accuracy: 82.13, data load time: 0.04532, step time: 0.09423
epoch: [0], step: [1399/1543], batch loss: 0.22223, batch accuracy: 55.39, data load time: 0.04268, step time: 0.09890
epoch: [0], step: [1499/1543], batch loss: 0.32115, batch accuracy: 57.37, data load time: 0.02178, step time: 0.10532
EVALUATION METRICS:
-------------------------------------------------------------

Validation AUC Score: 0.7436

-------------------------------------------------------------
validation loss: 0.21548, accuracy: 74.36
epoch: [1], step: [56/1543], batch loss: 0.22557, batch accuracy: 79.43, data load time: 0.04967, step time: 0.10208
epoch: [1], step: [156/1543], batch loss: 0.20767, batch accuracy: 87.26, data load time: 0.06421, step time: 0.10354
epoch: [1], step: [256/1543], batch loss: 0.18074, batch accuracy: 76.07, data load time: 0.02672, step time: 0.09665
epoch: [1], step: [356/1543], batch loss: 0.19518, batch accuracy: 78.44, data load time: 0.03058, step time: 0.10146
epoch: [1], step: [456/1543], batch loss: 0.20363, batch accuracy: 78.82, data load time: 0.01426, step time: 0.09773
epoch: [1], step: [556/1543], batch loss: 0.17175, batch accuracy: 80.10, data load time: 0.01737, step time: 0.09789
epoch: [1], step: [656/1543], batch loss: 0.22497, batch accuracy: 62.85, data load time: 0.04938, step time: 0.09795
epoch: [1], step: [756/1543], batch loss: 0.14624, batch accuracy: 77.78, data load time: 0.02069, step time: 0.09588
epoch: [1], step: [856/1543], batch loss: 0.16867, batch accuracy: 80.16, data load time: 0.02092, step time: 0.09726
epoch: [1], step: [956/1543], batch loss: 0.18000, batch accuracy: 81.81, data load time: 0.01742, step time: 0.09942
epoch: [1], step: [1056/1543], batch loss: 0.15545, batch accuracy: 80.48, data load time: 0.02201, step time: 0.09794
epoch: [1], step: [1156/1543], batch loss: 0.17634, batch accuracy: 82.24, data load time: 0.03778, step time: 0.09813
epoch: [1], step: [1256/1543], batch loss: 0.16295, batch accuracy: 87.93, data load time: 0.05740, step time: 0.09803
epoch: [1], step: [1356/1543], batch loss: 0.15273, batch accuracy: 79.48, data load time: 0.03929, step time: 0.09579
epoch: [1], step: [1456/1543], batch loss: 0.20612, batch accuracy: 77.36, data load time: 0.04383, step time: 0.09858
EVALUATION METRICS:
-------------------------------------------------------------

Validation AUC Score: 0.7791

-------------------------------------------------------------
validation loss: 0.30985, accuracy: 77.91
epoch: [2], step: [13/1543], batch loss: 0.16522, batch accuracy: 80.10, data load time: 0.02188, step time: 0.09816
epoch: [2], step: [113/1543], batch loss: 0.16236, batch accuracy: 82.50, data load time: 0.04701, step time: 0.10128
epoch: [2], step: [213/1543], batch loss: 0.16269, batch accuracy: 80.17, data load time: 0.04233, step time: 0.09782
epoch: [2], step: [313/1543], batch loss: 0.15095, batch accuracy: 86.42, data load time: 0.03065, step time: 0.09705
epoch: [2], step: [413/1543], batch loss: 0.14341, batch accuracy: 82.41, data load time: 0.03528, step time: 0.09574
epoch: [2], step: [513/1543], batch loss: 0.16622, batch accuracy: 84.42, data load time: 0.06975, step time: 0.10109
epoch: [2], step: [613/1543], batch loss: 0.20970, batch accuracy: 86.67, data load time: 0.02625, step time: 0.10399
epoch: [2], step: [713/1543], batch loss: 0.20477, batch accuracy: 80.06, data load time: 0.03598, step time: 0.10060
epoch: [2], step: [813/1543], batch loss: 0.14373, batch accuracy: 82.51, data load time: 0.03832, step time: 0.09717
epoch: [2], step: [913/1543], batch loss: 0.14994, batch accuracy: 88.42, data load time: 0.04423, step time: 0.10137
epoch: [2], step: [1013/1543], batch loss: 0.18981, batch accuracy: 83.79, data load time: 0.04641, step time: 0.09910
epoch: [2], step: [1113/1543], batch loss: 0.15920, batch accuracy: 79.02, data load time: 0.04486, step time: 0.09504
epoch: [2], step: [1213/1543], batch loss: 0.13377, batch accuracy: 81.20, data load time: 0.04802, step time: 0.09445
epoch: [2], step: [1313/1543], batch loss: 0.22115, batch accuracy: 73.78, data load time: 0.03700, step time: 0.09991
epoch: [2], step: [1413/1543], batch loss: 0.14676, batch accuracy: 87.01, data load time: 0.02995, step time: 0.09561
epoch: [2], step: [1513/1543], batch loss: 0.19348, batch accuracy: 78.02, data load time: 0.03879, step time: 0.10129
EVALUATION METRICS:
-------------------------------------------------------------

Validation AUC Score: 0.8199

-------------------------------------------------------------
validation loss: 0.22849, accuracy: 81.99
epoch: [3], step: [70/1543], batch loss: 0.14275, batch accuracy: 85.57, data load time: 0.01896, step time: 0.09989
epoch: [3], step: [170/1543], batch loss: 0.13149, batch accuracy: 89.31, data load time: 0.06970, step time: 0.09497
epoch: [3], step: [270/1543], batch loss: 0.15097, batch accuracy: 88.98, data load time: 0.04600, step time: 0.09940
epoch: [3], step: [370/1543], batch loss: 0.12641, batch accuracy: 93.07, data load time: 0.06387, step time: 0.09748
epoch: [3], step: [470/1543], batch loss: 0.15444, batch accuracy: 90.63, data load time: 0.05100, step time: 0.10088
epoch: [3], step: [570/1543], batch loss: 0.17824, batch accuracy: 88.96, data load time: 0.03407, step time: 0.09792
epoch: [3], step: [670/1543], batch loss: 0.22060, batch accuracy: 80.88, data load time: 0.01826, step time: 0.10238
epoch: [3], step: [770/1543], batch loss: 0.13655, batch accuracy: 85.26, data load time: 0.03665, step time: 0.09678
epoch: [3], step: [870/1543], batch loss: 0.17932, batch accuracy: 90.04, data load time: 0.02058, step time: 0.10141
epoch: [3], step: [970/1543], batch loss: 0.20401, batch accuracy: 85.32, data load time: 0.04619, step time: 0.10358
epoch: [3], step: [1070/1543], batch loss: 0.14359, batch accuracy: 89.29, data load time: 0.01780, step time: 0.09969
epoch: [3], step: [1170/1543], batch loss: 0.18513, batch accuracy: 85.90, data load time: 0.01856, step time: 0.10010
epoch: [3], step: [1270/1543], batch loss: 0.15958, batch accuracy: 86.53, data load time: 0.01950, step time: 0.09944
epoch: [3], step: [1370/1543], batch loss: 0.19820, batch accuracy: 83.64, data load time: 0.02021, step time: 0.10156
epoch: [3], step: [1470/1543], batch loss: 0.25787, batch accuracy: 79.64, data load time: 0.01966, step time: 0.10350
EVALUATION METRICS:
-------------------------------------------------------------

Validation AUC Score: 0.8551

-------------------------------------------------------------
validation loss: 0.17600, accuracy: 85.51
epoch: [4], step: [27/1543], batch loss: 0.17557, batch accuracy: 88.83, data load time: 0.01627, step time: 0.10064
epoch: [4], step: [127/1543], batch loss: 0.16920, batch accuracy: 84.56, data load time: 0.01760, step time: 0.10222
epoch: [4], step: [227/1543], batch loss: 0.12927, batch accuracy: 85.73, data load time: 0.01954, step time: 0.09512
epoch: [4], step: [327/1543], batch loss: 0.11657, batch accuracy: 92.15, data load time: 0.01841, step time: 0.10005
epoch: [4], step: [427/1543], batch loss: 0.12652, batch accuracy: 88.32, data load time: 0.02116, step time: 0.09616
epoch: [4], step: [527/1543], batch loss: 0.18587, batch accuracy: 86.82, data load time: 0.01773, step time: 0.09502
epoch: [4], step: [627/1543], batch loss: 0.22193, batch accuracy: 89.78, data load time: 0.05185, step time: 0.10428
epoch: [4], step: [727/1543], batch loss: 0.14262, batch accuracy: 89.93, data load time: 0.05012, step time: 0.09926
epoch: [4], step: [827/1543], batch loss: 0.18847, batch accuracy: 79.99, data load time: 0.02055, step time: 0.10002
epoch: [4], step: [927/1543], batch loss: 0.16318, batch accuracy: 80.23, data load time: 0.01959, step time: 0.09572
epoch: [4], step: [1027/1543], batch loss: 0.09624, batch accuracy: 92.80, data load time: 0.03767, step time: 0.09286
epoch: [4], step: [1127/1543], batch loss: 0.16638, batch accuracy: 80.08, data load time: 0.01879, step time: 0.09713
epoch: [4], step: [1227/1543], batch loss: 0.21362, batch accuracy: 84.23, data load time: 0.02195, step time: 0.10004
epoch: [4], step: [1327/1543], batch loss: 0.16388, batch accuracy: 88.29, data load time: 0.03400, step time: 0.09991
epoch: [4], step: [1427/1543], batch loss: 0.11539, batch accuracy: 96.11, data load time: 0.03502, step time: 0.10062
epoch: [4], step: [1527/1543], batch loss: 0.18236, batch accuracy: 87.81, data load time: 0.04315, step time: 0.09702
EVALUATION METRICS:
-------------------------------------------------------------

Validation AUC Score: 0.8113

-------------------------------------------------------------
validation loss: 0.65575, accuracy: 81.13
epoch: [5], step: [84/1543], batch loss: 0.12499, batch accuracy: 85.82, data load time: 0.01726, step time: 0.09719
epoch: [5], step: [184/1543], batch loss: 0.16607, batch accuracy: 83.93, data load time: 0.01293, step time: 0.09860
epoch: [5], step: [284/1543], batch loss: 0.17666, batch accuracy: 83.75, data load time: 0.01994, step time: 0.09944
epoch: [5], step: [384/1543], batch loss: 0.13579, batch accuracy: 87.82, data load time: 0.01841, step time: 0.10014
epoch: [5], step: [484/1543], batch loss: 0.17186, batch accuracy: 81.13, data load time: 0.01906, step time: 0.09714
epoch: [5], step: [584/1543], batch loss: 0.15864, batch accuracy: 82.61, data load time: 0.01820, step time: 0.09585
epoch: [5], step: [684/1543], batch loss: 0.17351, batch accuracy: 83.56, data load time: 0.02005, step time: 0.10080
epoch: [5], step: [784/1543], batch loss: 0.16142, batch accuracy: 86.86, data load time: 0.05388, step time: 0.09499
epoch: [5], step: [884/1543], batch loss: 0.17958, batch accuracy: 86.61, data load time: 0.02123, step time: 0.10152
epoch: [5], step: [984/1543], batch loss: 0.11903, batch accuracy: 93.23, data load time: 0.01923, step time: 0.10000
epoch: [5], step: [1084/1543], batch loss: 0.15608, batch accuracy: 88.27, data load time: 0.03971, step time: 0.09855
epoch: [5], step: [1184/1543], batch loss: 0.16674, batch accuracy: 92.31, data load time: 0.01885, step time: 0.10043
epoch: [5], step: [1284/1543], batch loss: 0.15231, batch accuracy: 85.29, data load time: 0.01849, step time: 0.10210
epoch: [5], step: [1384/1543], batch loss: 0.16155, batch accuracy: 88.17, data load time: 0.02029, step time: 0.10270
epoch: [5], step: [1484/1543], batch loss: 0.13846, batch accuracy: 88.44, data load time: 0.02086, step time: 0.09853
EVALUATION METRICS:
-------------------------------------------------------------

Validation AUC Score: 0.8351

-------------------------------------------------------------
validation loss: 0.22981, accuracy: 83.51
epoch: [6], step: [41/1543], batch loss: 0.15177, batch accuracy: 75.04, data load time: 0.01642, step time: 0.09647
epoch: [6], step: [141/1543], batch loss: 0.14345, batch accuracy: 92.53, data load time: 0.01034, step time: 0.09775
epoch: [6], step: [241/1543], batch loss: 0.20372, batch accuracy: 71.83, data load time: 0.03414, step time: 0.09992
epoch: [6], step: [341/1543], batch loss: 0.21169, batch accuracy: 75.40, data load time: 0.02029, step time: 0.10116
epoch: [6], step: [441/1543], batch loss: 0.15869, batch accuracy: 85.84, data load time: 0.03565, step time: 0.10091
epoch: [6], step: [541/1543], batch loss: 0.14890, batch accuracy: 88.04, data load time: 0.01881, step time: 0.09883
epoch: [6], step: [641/1543], batch loss: 0.15805, batch accuracy: 85.93, data load time: 0.03202, step time: 0.09783
epoch: [6], step: [741/1543], batch loss: 0.15128, batch accuracy: 93.08, data load time: 0.03074, step time: 0.10135
epoch: [6], step: [841/1543], batch loss: 0.10424, batch accuracy: 90.28, data load time: 0.04799, step time: 0.09173
epoch: [6], step: [941/1543], batch loss: 0.18796, batch accuracy: 90.17, data load time: 0.02225, step time: 0.10150
epoch: [6], step: [1041/1543], batch loss: 0.16839, batch accuracy: 87.17, data load time: 0.04297, step time: 0.09786
epoch: [6], step: [1141/1543], batch loss: 0.17714, batch accuracy: 86.02, data load time: 0.07629, step time: 0.09852
epoch: [6], step: [1241/1543], batch loss: 0.12936, batch accuracy: 88.11, data load time: 0.05727, step time: 0.09922
epoch: [6], step: [1341/1543], batch loss: 0.16908, batch accuracy: 84.18, data load time: 0.05361, step time: 0.10146
epoch: [6], step: [1441/1543], batch loss: 0.14471, batch accuracy: 85.22, data load time: 0.03735, step time: 0.09859
epoch: [6], step: [1541/1543], batch loss: 0.17304, batch accuracy: 87.51, data load time: 0.04936, step time: 0.09922
Epoch 00007: reducing learning rate of group 0 to 1.0000e-02.
EVALUATION METRICS:
-------------------------------------------------------------

Validation AUC Score: 0.8575

-------------------------------------------------------------
validation loss: 0.17090, accuracy: 85.75
epoch: [7], step: [98/1543], batch loss: 0.10387, batch accuracy: 92.04, data load time: 0.02616, step time: 0.09526
epoch: [7], step: [198/1543], batch loss: 0.16971, batch accuracy: 87.03, data load time: 0.05386, step time: 0.10348
epoch: [7], step: [298/1543], batch loss: 0.13668, batch accuracy: 95.19, data load time: 0.05411, step time: 0.09992
epoch: [7], step: [398/1543], batch loss: 0.15115, batch accuracy: 89.49, data load time: 0.02738, step time: 0.09946
epoch: [7], step: [498/1543], batch loss: 0.16508, batch accuracy: 89.49, data load time: 0.04058, step time: 0.09716
epoch: [7], step: [598/1543], batch loss: 0.10508, batch accuracy: 93.51, data load time: 0.01658, step time: 0.09799
epoch: [7], step: [698/1543], batch loss: 0.12649, batch accuracy: 93.39, data load time: 0.03157, step time: 0.10348
epoch: [7], step: [798/1543], batch loss: 0.16748, batch accuracy: 87.50, data load time: 0.03326, step time: 0.10008
epoch: [7], step: [898/1543], batch loss: 0.16099, batch accuracy: 82.91, data load time: 0.03516, step time: 0.09941
epoch: [7], step: [998/1543], batch loss: 0.10807, batch accuracy: 93.99, data load time: 0.03035, step time: 0.09785
epoch: [7], step: [1098/1543], batch loss: 0.13013, batch accuracy: 88.61, data load time: 0.03596, step time: 0.09796
epoch: [7], step: [1198/1543], batch loss: 0.12304, batch accuracy: 95.60, data load time: 0.04132, step time: 0.10357
epoch: [7], step: [1298/1543], batch loss: 0.14551, batch accuracy: 93.54, data load time: 0.07126, step time: 0.10134
epoch: [7], step: [1398/1543], batch loss: 0.10559, batch accuracy: 96.75, data load time: 0.07414, step time: 0.09505
epoch: [7], step: [1498/1543], batch loss: 0.13857, batch accuracy: 91.36, data load time: 0.07388, step time: 0.10073
EVALUATION METRICS:
-------------------------------------------------------------

Validation AUC Score: 0.8784

-------------------------------------------------------------
validation loss: 0.14523, accuracy: 87.84
epoch: [8], step: [55/1543], batch loss: 0.15573, batch accuracy: 88.38, data load time: 0.07505, step time: 0.10002
epoch: [8], step: [155/1543], batch loss: 0.16597, batch accuracy: 84.18, data load time: 0.03305, step time: 0.10204
epoch: [8], step: [255/1543], batch loss: 0.14118, batch accuracy: 92.81, data load time: 0.02770, step time: 0.09848
epoch: [8], step: [355/1543], batch loss: 0.16041, batch accuracy: 85.74, data load time: 0.01773, step time: 0.09998
epoch: [8], step: [455/1543], batch loss: 0.11183, batch accuracy: 90.75, data load time: 0.03993, step time: 0.09798
epoch: [8], step: [555/1543], batch loss: 0.11078, batch accuracy: 93.19, data load time: 0.04394, step time: 0.09682
epoch: [8], step: [655/1543], batch loss: 0.12421, batch accuracy: 87.08, data load time: 0.04566, step time: 0.09584
epoch: [8], step: [755/1543], batch loss: 0.13686, batch accuracy: 90.40, data load time: 0.01991, step time: 0.09920
epoch: [8], step: [855/1543], batch loss: 0.14354, batch accuracy: 90.80, data load time: 0.04994, step time: 0.10298
epoch: [8], step: [955/1543], batch loss: 0.16549, batch accuracy: 84.77, data load time: 0.02964, step time: 0.09927
epoch: [8], step: [1055/1543], batch loss: 0.12197, batch accuracy: 92.69, data load time: 0.05334, step time: 0.09858
epoch: [8], step: [1155/1543], batch loss: 0.13541, batch accuracy: 91.58, data load time: 0.03450, step time: 0.09994
epoch: [8], step: [1255/1543], batch loss: 0.16381, batch accuracy: 93.05, data load time: 0.04886, step time: 0.10366
epoch: [8], step: [1355/1543], batch loss: 0.13443, batch accuracy: 89.44, data load time: 0.07852, step time: 0.09800
epoch: [8], step: [1455/1543], batch loss: 0.14630, batch accuracy: 86.16, data load time: 0.03665, step time: 0.09946
EVALUATION METRICS:
-------------------------------------------------------------

Validation AUC Score: 0.8784

-------------------------------------------------------------
validation loss: 0.14636, accuracy: 87.84
epoch: [9], step: [12/1543], batch loss: 0.11383, batch accuracy: 88.28, data load time: 0.01918, step time: 0.09637
epoch: [9], step: [112/1543], batch loss: 0.21214, batch accuracy: 84.85, data load time: 0.04074, step time: 0.10671
epoch: [9], step: [212/1543], batch loss: 0.15204, batch accuracy: 90.25, data load time: 0.05507, step time: 0.10174
epoch: [9], step: [312/1543], batch loss: 0.11313, batch accuracy: 95.12, data load time: 0.01680, step time: 0.10058
epoch: [9], step: [412/1543], batch loss: 0.13013, batch accuracy: 90.22, data load time: 0.03196, step time: 0.09833
epoch: [9], step: [512/1543], batch loss: 0.12525, batch accuracy: 87.92, data load time: 0.08432, step time: 0.09861
epoch: [9], step: [612/1543], batch loss: 0.16317, batch accuracy: 86.68, data load time: 0.07620, step time: 0.10126
epoch: [9], step: [712/1543], batch loss: 0.13506, batch accuracy: 92.23, data load time: 0.05362, step time: 0.09971
epoch: [9], step: [812/1543], batch loss: 0.14185, batch accuracy: 88.58, data load time: 0.04002, step time: 0.09773
epoch: [9], step: [912/1543], batch loss: 0.12583, batch accuracy: 93.45, data load time: 0.03982, step time: 0.10325
epoch: [9], step: [1012/1543], batch loss: 0.18078, batch accuracy: 91.13, data load time: 0.01765, step time: 0.09837
epoch: [9], step: [1112/1543], batch loss: 0.12944, batch accuracy: 96.11, data load time: 0.07168, step time: 0.10002
epoch: [9], step: [1212/1543], batch loss: 0.12440, batch accuracy: 95.33, data load time: 0.06828, step time: 0.10192
epoch: [9], step: [1312/1543], batch loss: 0.18759, batch accuracy: 83.67, data load time: 0.02022, step time: 0.10262
epoch: [9], step: [1412/1543], batch loss: 0.12344, batch accuracy: 89.03, data load time: 0.04882, step time: 0.09858
epoch: [9], step: [1512/1543], batch loss: 0.08091, batch accuracy: 94.79, data load time: 0.05227, step time: 0.09582
EVALUATION METRICS:
-------------------------------------------------------------

Validation AUC Score: 0.8810

-------------------------------------------------------------
validation loss: 0.14247, accuracy: 88.10
epoch: [10], step: [69/1543], batch loss: 0.14539, batch accuracy: 91.71, data load time: 0.01896, step time: 0.10552
epoch: [10], step: [169/1543], batch loss: 0.15482, batch accuracy: 90.47, data load time: 0.08346, step time: 0.09994
epoch: [10], step: [269/1543], batch loss: 0.08979, batch accuracy: 94.99, data load time: 0.02513, step time: 0.09503
epoch: [10], step: [369/1543], batch loss: 0.11962, batch accuracy: 98.10, data load time: 0.04645, step time: 0.09780
epoch: [10], step: [469/1543], batch loss: 0.13179, batch accuracy: 91.62, data load time: 0.04649, step time: 0.09849
epoch: [10], step: [569/1543], batch loss: 0.11206, batch accuracy: 86.75, data load time: 0.01355, step time: 0.09957
epoch: [10], step: [669/1543], batch loss: 0.15073, batch accuracy: 91.37, data load time: 0.02609, step time: 0.10429
epoch: [10], step: [769/1543], batch loss: 0.16691, batch accuracy: 91.98, data load time: 0.01929, step time: 0.10354
epoch: [10], step: [869/1543], batch loss: 0.11760, batch accuracy: 94.33, data load time: 0.03925, step time: 0.09867
epoch: [10], step: [969/1543], batch loss: 0.13819, batch accuracy: 92.62, data load time: 0.02084, step time: 0.09922
epoch: [10], step: [1069/1543], batch loss: 0.16301, batch accuracy: 88.53, data load time: 0.01714, step time: 0.09997
epoch: [10], step: [1169/1543], batch loss: 0.14788, batch accuracy: 86.90, data load time: 0.02020, step time: 0.09656
epoch: [10], step: [1269/1543], batch loss: 0.09578, batch accuracy: 94.85, data load time: 0.01587, step time: 0.09792
epoch: [10], step: [1369/1543], batch loss: 0.14682, batch accuracy: 91.35, data load time: 0.01966, step time: 0.09922
epoch: [10], step: [1469/1543], batch loss: 0.15088, batch accuracy: 94.84, data load time: 0.02095, step time: 0.09938
EVALUATION METRICS:
-------------------------------------------------------------

Validation AUC Score: 0.8805

-------------------------------------------------------------
validation loss: 0.14574, accuracy: 88.05
epoch: [11], step: [26/1543], batch loss: 0.10679, batch accuracy: 93.25, data load time: 0.01834, step time: 0.09352
epoch: [11], step: [126/1543], batch loss: 0.14705, batch accuracy: 89.57, data load time: 0.01085, step time: 0.09570
epoch: [11], step: [226/1543], batch loss: 0.16767, batch accuracy: 88.08, data load time: 0.03813, step time: 0.09721
epoch: [11], step: [326/1543], batch loss: 0.15927, batch accuracy: 92.82, data load time: 0.01896, step time: 0.09980
epoch: [11], step: [426/1543], batch loss: 0.13690, batch accuracy: 86.14, data load time: 0.01189, step time: 0.09768
epoch: [11], step: [526/1543], batch loss: 0.16353, batch accuracy: 86.74, data load time: 0.02343, step time: 0.10124
epoch: [11], step: [626/1543], batch loss: 0.12783, batch accuracy: 92.73, data load time: 0.01852, step time: 0.10001
epoch: [11], step: [726/1543], batch loss: 0.15166, batch accuracy: 85.35, data load time: 0.01984, step time: 0.09928
epoch: [11], step: [826/1543], batch loss: 0.11770, batch accuracy: 91.79, data load time: 0.01963, step time: 0.09988
epoch: [11], step: [926/1543], batch loss: 0.10949, batch accuracy: 95.58, data load time: 0.01889, step time: 0.09758
epoch: [11], step: [1026/1543], batch loss: 0.17580, batch accuracy: 85.08, data load time: 0.02108, step time: 0.10213
epoch: [11], step: [1126/1543], batch loss: 0.11563, batch accuracy: 92.72, data load time: 0.01970, step time: 0.09703
epoch: [11], step: [1226/1543], batch loss: 0.18295, batch accuracy: 87.25, data load time: 0.03350, step time: 0.09985
epoch: [11], step: [1326/1543], batch loss: 0.11238, batch accuracy: 91.78, data load time: 0.01967, step time: 0.10001
epoch: [11], step: [1426/1543], batch loss: 0.16007, batch accuracy: 90.41, data load time: 0.02232, step time: 0.10000
epoch: [11], step: [1526/1543], batch loss: 0.11669, batch accuracy: 96.61, data load time: 0.01886, step time: 0.09844
EVALUATION METRICS:
-------------------------------------------------------------

Validation AUC Score: 0.8815

-------------------------------------------------------------
validation loss: 0.14510, accuracy: 88.15
epoch: [12], step: [83/1543], batch loss: 0.15531, batch accuracy: 87.38, data load time: 0.01913, step time: 0.09972
epoch: [12], step: [183/1543], batch loss: 0.09787, batch accuracy: 94.56, data load time: 0.01800, step time: 0.09644
epoch: [12], step: [283/1543], batch loss: 0.12451, batch accuracy: 86.12, data load time: 0.01897, step time: 0.09733
epoch: [12], step: [383/1543], batch loss: 0.13843, batch accuracy: 92.02, data load time: 0.01874, step time: 0.09845
epoch: [12], step: [483/1543], batch loss: 0.13820, batch accuracy: 95.47, data load time: 0.01959, step time: 0.09897
epoch: [12], step: [583/1543], batch loss: 0.14039, batch accuracy: 92.14, data load time: 0.01601, step time: 0.10160
epoch: [12], step: [683/1543], batch loss: 0.17125, batch accuracy: 89.17, data load time: 0.01861, step time: 0.09906
epoch: [12], step: [783/1543], batch loss: 0.14601, batch accuracy: 90.57, data load time: 0.01885, step time: 0.10020
epoch: [12], step: [883/1543], batch loss: 0.08178, batch accuracy: 96.65, data load time: 0.02089, step time: 0.09710
epoch: [12], step: [983/1543], batch loss: 0.18515, batch accuracy: 88.20, data load time: 0.05436, step time: 0.10542
epoch: [12], step: [1083/1543], batch loss: 0.15599, batch accuracy: 86.70, data load time: 0.13147, step time: 0.10342
epoch: [12], step: [1183/1543], batch loss: 0.10476, batch accuracy: 93.60, data load time: 0.09169, step time: 0.09764
epoch: [12], step: [1283/1543], batch loss: 0.10520, batch accuracy: 90.00, data load time: 0.17789, step time: 0.09426
epoch: [12], step: [1383/1543], batch loss: 0.11332, batch accuracy: 94.32, data load time: 0.11051, step time: 0.09921
epoch: [12], step: [1483/1543], batch loss: 0.14014, batch accuracy: 91.32, data load time: 0.09848, step time: 0.09769
Epoch 00013: reducing learning rate of group 0 to 5.0000e-04.
EVALUATION METRICS:
-------------------------------------------------------------

Validation AUC Score: 0.8797

-------------------------------------------------------------
validation loss: 0.14628, accuracy: 87.97
epoch: [13], step: [40/1543], batch loss: 0.12152, batch accuracy: 89.46, data load time: 0.03673, step time: 0.10008
epoch: [13], step: [140/1543], batch loss: 0.21140, batch accuracy: 84.23, data load time: 0.01529, step time: 0.10329
epoch: [13], step: [240/1543], batch loss: 0.13353, batch accuracy: 82.31, data load time: 0.01587, step time: 0.09547
epoch: [13], step: [340/1543], batch loss: 0.14070, batch accuracy: 95.90, data load time: 0.03444, step time: 0.09981
epoch: [13], step: [440/1543], batch loss: 0.19682, batch accuracy: 86.48, data load time: 0.04505, step time: 0.10204
epoch: [13], step: [540/1543], batch loss: 0.14281, batch accuracy: 92.62, data load time: 0.05477, step time: 0.09845
epoch: [13], step: [640/1543], batch loss: 0.11364, batch accuracy: 91.37, data load time: 0.03139, step time: 0.09734
epoch: [13], step: [740/1543], batch loss: 0.14526, batch accuracy: 87.16, data load time: 0.04507, step time: 0.09626
epoch: [13], step: [840/1543], batch loss: 0.11214, batch accuracy: 94.61, data load time: 0.01802, step time: 0.09825
epoch: [13], step: [940/1543], batch loss: 0.13849, batch accuracy: 95.53, data load time: 0.06526, step time: 0.10113
epoch: [13], step: [1040/1543], batch loss: 0.12206, batch accuracy: 91.57, data load time: 0.07816, step time: 0.09985
epoch: [13], step: [1140/1543], batch loss: 0.14264, batch accuracy: 83.80, data load time: 0.06408, step time: 0.09416
epoch: [13], step: [1240/1543], batch loss: 0.14254, batch accuracy: 86.61, data load time: 0.02159, step time: 0.09568
epoch: [13], step: [1340/1543], batch loss: 0.16598, batch accuracy: 88.14, data load time: 0.05012, step time: 0.10150
epoch: [13], step: [1440/1543], batch loss: 0.14323, batch accuracy: 91.09, data load time: 0.03112, step time: 0.10130
epoch: [13], step: [1540/1543], batch loss: 0.15163, batch accuracy: 94.95, data load time: 0.02065, step time: 0.10013
EVALUATION METRICS:
-------------------------------------------------------------

Validation AUC Score: 0.8823

-------------------------------------------------------------
validation loss: 0.13948, accuracy: 88.23
epoch: [14], step: [97/1543], batch loss: 0.13099, batch accuracy: 89.89, data load time: 0.09136, step time: 0.09791
epoch: [14], step: [197/1543], batch loss: 0.11732, batch accuracy: 91.36, data load time: 0.03617, step time: 0.09630
epoch: [14], step: [297/1543], batch loss: 0.14568, batch accuracy: 92.80, data load time: 0.01361, step time: 0.10072
epoch: [14], step: [397/1543], batch loss: 0.19144, batch accuracy: 91.64, data load time: 0.04852, step time: 0.10328
epoch: [14], step: [497/1543], batch loss: 0.10930, batch accuracy: 94.07, data load time: 0.07222, step time: 0.09776
epoch: [14], step: [597/1543], batch loss: 0.13966, batch accuracy: 86.51, data load time: 0.09195, step time: 0.09643
epoch: [14], step: [697/1543], batch loss: 0.09578, batch accuracy: 98.55, data load time: 0.11170, step time: 0.10071
epoch: [14], step: [797/1543], batch loss: 0.14465, batch accuracy: 89.95, data load time: 0.09862, step time: 0.10144
epoch: [14], step: [897/1543], batch loss: 0.11771, batch accuracy: 91.47, data load time: 0.07075, step time: 0.09562
epoch: [14], step: [997/1543], batch loss: 0.16558, batch accuracy: 90.94, data load time: 0.05881, step time: 0.10052
epoch: [14], step: [1097/1543], batch loss: 0.13095, batch accuracy: 85.76, data load time: 0.05930, step time: 0.09693
epoch: [14], step: [1197/1543], batch loss: 0.08743, batch accuracy: 96.42, data load time: 0.05045, step time: 0.09487
epoch: [14], step: [1297/1543], batch loss: 0.11507, batch accuracy: 88.48, data load time: 0.08049, step time: 0.09646
epoch: [14], step: [1397/1543], batch loss: 0.13429, batch accuracy: 86.46, data load time: 0.01953, step time: 0.09847
epoch: [14], step: [1497/1543], batch loss: 0.10500, batch accuracy: 94.65, data load time: 0.04665, step time: 0.09698
EVALUATION METRICS:
-------------------------------------------------------------

Validation AUC Score: 0.8822

-------------------------------------------------------------
validation loss: 0.14220, accuracy: 88.22
epoch: [15], step: [54/1543], batch loss: 0.12330, batch accuracy: 91.42, data load time: 0.09220, step time: 0.09991
epoch: [15], step: [154/1543], batch loss: 0.15231, batch accuracy: 89.53, data load time: 0.10627, step time: 0.09963
epoch: [15], step: [254/1543], batch loss: 0.13418, batch accuracy: 95.86, data load time: 0.04508, step time: 0.10296
epoch: [15], step: [354/1543], batch loss: 0.10274, batch accuracy: 90.64, data load time: 0.07543, step time: 0.09706
epoch: [15], step: [454/1543], batch loss: 0.18170, batch accuracy: 80.30, data load time: 0.08464, step time: 0.10181
epoch: [15], step: [554/1543], batch loss: 0.18375, batch accuracy: 91.27, data load time: 0.05104, step time: 0.10266
epoch: [15], step: [654/1543], batch loss: 0.16563, batch accuracy: 89.44, data load time: 0.18026, step time: 0.09966
epoch: [15], step: [754/1543], batch loss: 0.12389, batch accuracy: 88.89, data load time: 0.01870, step time: 0.09567
epoch: [15], step: [854/1543], batch loss: 0.13706, batch accuracy: 91.54, data load time: 0.03465, step time: 0.09965
epoch: [15], step: [954/1543], batch loss: 0.12592, batch accuracy: 90.31, data load time: 0.09703, step time: 0.10046
epoch: [15], step: [1054/1543], batch loss: 0.10593, batch accuracy: 94.77, data load time: 0.07010, step time: 0.09761
epoch: [15], step: [1154/1543], batch loss: 0.14373, batch accuracy: 91.17, data load time: 0.03776, step time: 0.10336
epoch: [15], step: [1254/1543], batch loss: 0.13654, batch accuracy: 88.70, data load time: 0.07047, step time: 0.09581
epoch: [15], step: [1354/1543], batch loss: 0.16373, batch accuracy: 85.99, data load time: 0.04541, step time: 0.09971
epoch: [15], step: [1454/1543], batch loss: 0.18039, batch accuracy: 89.95, data load time: 0.06128, step time: 0.09866
EVALUATION METRICS:
-------------------------------------------------------------

Validation AUC Score: 0.8806

-------------------------------------------------------------
validation loss: 0.14628, accuracy: 88.06
epoch: [16], step: [11/1543], batch loss: 0.16407, batch accuracy: 87.61, data load time: 0.01479, step time: 0.09974
epoch: [16], step: [111/1543], batch loss: 0.15542, batch accuracy: 88.86, data load time: 0.03998, step time: 0.10145
epoch: [16], step: [211/1543], batch loss: 0.16630, batch accuracy: 88.75, data load time: 0.04269, step time: 0.10622
epoch: [16], step: [311/1543], batch loss: 0.12535, batch accuracy: 89.13, data load time: 0.02991, step time: 0.09786
epoch: [16], step: [411/1543], batch loss: 0.13682, batch accuracy: 94.88, data load time: 0.02739, step time: 0.10127
epoch: [16], step: [511/1543], batch loss: 0.14676, batch accuracy: 92.52, data load time: 0.06145, step time: 0.10399
epoch: [16], step: [611/1543], batch loss: 0.11286, batch accuracy: 94.35, data load time: 0.01957, step time: 0.09722
epoch: [16], step: [711/1543], batch loss: 0.14705, batch accuracy: 91.40, data load time: 0.05559, step time: 0.09981
epoch: [16], step: [811/1543], batch loss: 0.22842, batch accuracy: 64.82, data load time: 0.03396, step time: 0.09882
epoch: [16], step: [911/1543], batch loss: 0.17683, batch accuracy: 86.20, data load time: 0.03899, step time: 0.10127
epoch: [16], step: [1011/1543], batch loss: 0.10767, batch accuracy: 96.08, data load time: 0.03370, step time: 0.10125
epoch: [16], step: [1111/1543], batch loss: 0.12013, batch accuracy: 92.01, data load time: 0.03832, step time: 0.09994
epoch: [16], step: [1211/1543], batch loss: 0.12612, batch accuracy: 91.18, data load time: 0.03133, step time: 0.09799
epoch: [16], step: [1311/1543], batch loss: 0.13318, batch accuracy: 91.41, data load time: 0.03743, step time: 0.09924
epoch: [16], step: [1411/1543], batch loss: 0.12255, batch accuracy: 95.78, data load time: 0.03537, step time: 0.09723
epoch: [16], step: [1511/1543], batch loss: 0.14300, batch accuracy: 95.65, data load time: 0.02118, step time: 0.10414
EVALUATION METRICS:
-------------------------------------------------------------

Validation AUC Score: 0.8793

-------------------------------------------------------------
validation loss: 0.14638, accuracy: 87.93
epoch: [17], step: [68/1543], batch loss: 0.11428, batch accuracy: 96.19, data load time: 0.01409, step time: 0.09998
epoch: [17], step: [168/1543], batch loss: 0.10793, batch accuracy: 90.02, data load time: 0.04589, step time: 0.10015
epoch: [17], step: [268/1543], batch loss: 0.12466, batch accuracy: 92.55, data load time: 0.01294, step time: 0.09558
epoch: [17], step: [368/1543], batch loss: 0.12382, batch accuracy: 93.58, data load time: 0.01883, step time: 0.09871
epoch: [17], step: [468/1543], batch loss: 0.12392, batch accuracy: 96.28, data load time: 0.01709, step time: 0.09897
epoch: [17], step: [568/1543], batch loss: 0.10464, batch accuracy: 95.60, data load time: 0.01761, step time: 0.09849
epoch: [17], step: [668/1543], batch loss: 0.12266, batch accuracy: 90.82, data load time: 0.01734, step time: 0.09845
epoch: [17], step: [768/1543], batch loss: 0.15105, batch accuracy: 93.53, data load time: 0.01879, step time: 0.09965
epoch: [17], step: [868/1543], batch loss: 0.07703, batch accuracy: 96.92, data load time: 0.01945, step time: 0.09916
epoch: [17], step: [968/1543], batch loss: 0.12879, batch accuracy: 88.76, data load time: 0.01984, step time: 0.09642
epoch: [17], step: [1068/1543], batch loss: 0.11324, batch accuracy: 92.48, data load time: 0.02054, step time: 0.09826
epoch: [17], step: [1168/1543], batch loss: 0.14565, batch accuracy: 88.12, data load time: 0.02188, step time: 0.09764
epoch: [17], step: [1268/1543], batch loss: 0.13680, batch accuracy: 92.72, data load time: 0.02031, step time: 0.09824
epoch: [17], step: [1368/1543], batch loss: 0.15991, batch accuracy: 92.54, data load time: 0.01988, step time: 0.09981
epoch: [17], step: [1468/1543], batch loss: 0.11643, batch accuracy: 93.75, data load time: 0.02111, step time: 0.10069
EVALUATION METRICS:
-------------------------------------------------------------

Validation AUC Score: 0.8828

-------------------------------------------------------------
validation loss: 0.14204, accuracy: 88.28
epoch: [18], step: [25/1543], batch loss: 0.14231, batch accuracy: 94.84, data load time: 0.01374, step time: 0.10351
epoch: [18], step: [125/1543], batch loss: 0.11111, batch accuracy: 92.63, data load time: 0.00984, step time: 0.09844
epoch: [18], step: [225/1543], batch loss: 0.16379, batch accuracy: 89.02, data load time: 0.01402, step time: 0.09899
epoch: [18], step: [325/1543], batch loss: 0.11085, batch accuracy: 92.20, data load time: 0.01963, step time: 0.09836
epoch: [18], step: [425/1543], batch loss: 0.14454, batch accuracy: 86.31, data load time: 0.01526, step time: 0.09483
epoch: [18], step: [525/1543], batch loss: 0.12107, batch accuracy: 92.56, data load time: 0.01674, step time: 0.09761
epoch: [18], step: [625/1543], batch loss: 0.16221, batch accuracy: 93.29, data load time: 0.01767, step time: 0.10200
epoch: [18], step: [725/1543], batch loss: 0.12067, batch accuracy: 88.20, data load time: 0.02644, step time: 0.09702
epoch: [18], step: [825/1543], batch loss: 0.14549, batch accuracy: 91.73, data load time: 0.01856, step time: 0.09988
epoch: [18], step: [925/1543], batch loss: 0.09116, batch accuracy: 96.49, data load time: 0.04117, step time: 0.09625
epoch: [18], step: [1025/1543], batch loss: 0.13947, batch accuracy: 91.36, data load time: 0.04023, step time: 0.10031
epoch: [18], step: [1125/1543], batch loss: 0.12889, batch accuracy: 93.87, data load time: 0.03461, step time: 0.10052
epoch: [18], step: [1225/1543], batch loss: 0.18329, batch accuracy: 91.74, data load time: 0.04570, step time: 0.10333
epoch: [18], step: [1325/1543], batch loss: 0.11909, batch accuracy: 95.37, data load time: 0.02099, step time: 0.10114
epoch: [18], step: [1425/1543], batch loss: 0.14729, batch accuracy: 84.69, data load time: 0.02081, step time: 0.10007
epoch: [18], step: [1525/1543], batch loss: 0.10308, batch accuracy: 89.93, data load time: 0.03547, step time: 0.09711
EVALUATION METRICS:
-------------------------------------------------------------

Validation AUC Score: 0.8816

-------------------------------------------------------------
validation loss: 0.14483, accuracy: 88.16
epoch: [19], step: [82/1543], batch loss: 0.11681, batch accuracy: 97.01, data load time: 0.01477, step time: 0.10123
epoch: [19], step: [182/1543], batch loss: 0.13651, batch accuracy: 87.38, data load time: 0.01861, step time: 0.09983
epoch: [19], step: [282/1543], batch loss: 0.20261, batch accuracy: 90.75, data load time: 0.04874, step time: 0.09788
epoch: [19], step: [382/1543], batch loss: 0.14783, batch accuracy: 87.76, data load time: 0.04615, step time: 0.09992
epoch: [19], step: [482/1543], batch loss: 0.15739, batch accuracy: 87.98, data load time: 0.05270, step time: 0.10058
epoch: [19], step: [582/1543], batch loss: 0.16800, batch accuracy: 87.34, data load time: 0.03478, step time: 0.09900
epoch: [19], step: [682/1543], batch loss: 0.16824, batch accuracy: 86.79, data load time: 0.07956, step time: 0.10115
epoch: [19], step: [782/1543], batch loss: 0.13323, batch accuracy: 90.64, data load time: 0.08923, step time: 0.09923
epoch: [19], step: [882/1543], batch loss: 0.13489, batch accuracy: 93.54, data load time: 0.04307, step time: 0.10080
epoch: [19], step: [982/1543], batch loss: 0.14849, batch accuracy: 92.58, data load time: 0.02024, step time: 0.09984
epoch: [19], step: [1082/1543], batch loss: 0.15577, batch accuracy: 93.03, data load time: 0.03152, step time: 0.10351
epoch: [19], step: [1182/1543], batch loss: 0.12104, batch accuracy: 83.68, data load time: 0.01870, step time: 0.09563
epoch: [19], step: [1282/1543], batch loss: 0.13815, batch accuracy: 90.15, data load time: 0.03678, step time: 0.09987
epoch: [19], step: [1382/1543], batch loss: 0.11631, batch accuracy: 92.00, data load time: 0.03973, step time: 0.10126
epoch: [19], step: [1482/1543], batch loss: 0.14345, batch accuracy: 86.17, data load time: 0.02256, step time: 0.09916
Epoch 00020: reducing learning rate of group 0 to 2.5000e-05.
EVALUATION METRICS:
-------------------------------------------------------------

Validation AUC Score: 0.8804

-------------------------------------------------------------
validation loss: 0.14566, accuracy: 88.04
EVALUATION METRICS:
-------------------------------------------------------------

Test AUC Score: 0.8917, Class Labels: ambient: 0.9359, baroque: 0.9558, bass: 0.7734, beat: 0.9246, cello: 0.9317, chant: 0.9385, choir: 0.9831, classical: 0.8953, country: 0.9075, dance: 0.9441, drum: 0.8567, eastern: 0.8728, electro: 0.8647, fast: 0.8721, female: 0.9236, flute: 0.9396, folk: 0.8819, foreign: 0.9000, guitar: 0.8883, hard: 0.9746, harp: 0.9338, harpsichord: 0.9815, heavy: 0.9835, india: 0.8571, jazz: 0.9113, loud: 0.9159, male: 0.9170, modern: 0.7937, new age: 0.8707, no beat: 0.7527, no piano: 0.6791, no singer: 0.6759, opera: 0.9719, orchestra: 0.9312, piano: 0.9378, pop: 0.9333, quiet: 0.9145, rock: 0.9825, singer: 0.8829, sitar: 0.9065, slow: 0.8317, soft: 0.8397, solo: 0.8709, strange: 0.7694, string: 0.8795, synth: 0.8396, techno: 0.9551, trance: 0.9211, violin: 0.9167, vocal: 0.8647

-------------------------------------------------------------
validation loss: 0.40097, accuracy: 89.17
