Loading data from trainSpecChunk1_dataset
Loading data from valSpecChunk1_dataset
Loading data from testSpecChunk1_dataset
Writing logs to logs/CNN_sgd_momentum=0.93_learning_rate=0.2_conv_length=256_conv_stride=256_batch_size=10_epochs=10_weight_decay=1e-05_model=ChunkResCNN2_op=sgd_dropout=0.5_data_mode=6.0_scheduler=1.0_run_0
epoch: [0], step: [99/9255], batch loss: 0.17853, batch accuracy: 67.66, data load time: 0.21460, step time: 0.06082
epoch: [0], step: [199/9255], batch loss: 0.23593, batch accuracy: 48.78, data load time: 0.28180, step time: 0.05812
epoch: [0], step: [299/9255], batch loss: 0.26673, batch accuracy: 52.41, data load time: 0.26783, step time: 0.05944
epoch: [0], step: [399/9255], batch loss: 0.26757, batch accuracy: 61.43, data load time: 0.17854, step time: 0.06244
epoch: [0], step: [499/9255], batch loss: 0.28546, batch accuracy: 61.47, data load time: 0.12470, step time: 0.06573
epoch: [0], step: [599/9255], batch loss: 0.26294, batch accuracy: 75.26, data load time: 0.18740, step time: 0.06718
epoch: [0], step: [699/9255], batch loss: 0.19793, batch accuracy: 69.16, data load time: 0.21036, step time: 0.05805
epoch: [0], step: [799/9255], batch loss: 0.23170, batch accuracy: 57.51, data load time: 0.24577, step time: 0.06026
epoch: [0], step: [899/9255], batch loss: 0.19507, batch accuracy: 65.26, data load time: 0.17370, step time: 0.05879
epoch: [0], step: [999/9255], batch loss: 0.19388, batch accuracy: 61.53, data load time: 0.16613, step time: 0.06004
epoch: [0], step: [1099/9255], batch loss: 0.17896, batch accuracy: 75.29, data load time: 0.16888, step time: 0.06013
epoch: [0], step: [1199/9255], batch loss: 0.23218, batch accuracy: 74.46, data load time: 0.15175, step time: 0.06427
epoch: [0], step: [1299/9255], batch loss: 0.16316, batch accuracy: 70.96, data load time: 0.27001, step time: 0.05792
epoch: [0], step: [1399/9255], batch loss: 0.18223, batch accuracy: 78.41, data load time: 0.26401, step time: 0.06224
epoch: [0], step: [1499/9255], batch loss: 0.19367, batch accuracy: 74.11, data load time: 0.41834, step time: 0.06069
epoch: [0], step: [1599/9255], batch loss: 0.22038, batch accuracy: 77.28, data load time: 0.57712, step time: 0.06349
epoch: [0], step: [1699/9255], batch loss: 0.18343, batch accuracy: 74.89, data load time: 0.17902, step time: 0.05799
epoch: [0], step: [1799/9255], batch loss: 0.18675, batch accuracy: 82.39, data load time: 0.20259, step time: 0.06160
epoch: [0], step: [1899/9255], batch loss: 0.17372, batch accuracy: 68.60, data load time: 0.14121, step time: 0.05856
epoch: [0], step: [1999/9255], batch loss: 0.17773, batch accuracy: 78.95, data load time: 0.27147, step time: 0.05860
epoch: [0], step: [2099/9255], batch loss: 0.16888, batch accuracy: 76.00, data load time: 0.67868, step time: 0.05605
epoch: [0], step: [2199/9255], batch loss: 0.16810, batch accuracy: 81.25, data load time: 0.19159, step time: 0.06090
epoch: [0], step: [2299/9255], batch loss: 0.20367, batch accuracy: 66.56, data load time: 0.19374, step time: 0.06042
epoch: [0], step: [2399/9255], batch loss: 0.27925, batch accuracy: 70.70, data load time: 0.17176, step time: 0.06066
epoch: [0], step: [2499/9255], batch loss: 0.22892, batch accuracy: 71.77, data load time: 0.45550, step time: 0.06551
epoch: [0], step: [2599/9255], batch loss: 0.15117, batch accuracy: 80.81, data load time: 0.21858, step time: 0.05791
epoch: [0], step: [2699/9255], batch loss: 0.18860, batch accuracy: 76.22, data load time: 0.17217, step time: 0.06007
epoch: [0], step: [2799/9255], batch loss: 0.22402, batch accuracy: 70.20, data load time: 0.18194, step time: 0.06349
epoch: [0], step: [2899/9255], batch loss: 0.16339, batch accuracy: 74.95, data load time: 0.21010, step time: 0.05726
epoch: [0], step: [2999/9255], batch loss: 0.19509, batch accuracy: 71.02, data load time: 0.19974, step time: 0.06044
epoch: [0], step: [3099/9255], batch loss: 0.19970, batch accuracy: 74.13, data load time: 0.13425, step time: 0.06161
epoch: [0], step: [3199/9255], batch loss: 0.19976, batch accuracy: 74.25, data load time: 0.32446, step time: 0.06064
epoch: [0], step: [3299/9255], batch loss: 0.21339, batch accuracy: 83.05, data load time: 0.24905, step time: 0.06433
epoch: [0], step: [3399/9255], batch loss: 0.15142, batch accuracy: 85.17, data load time: 0.20336, step time: 0.05737
epoch: [0], step: [3499/9255], batch loss: 0.17077, batch accuracy: 71.01, data load time: 0.47858, step time: 0.05934
epoch: [0], step: [3599/9255], batch loss: 0.16112, batch accuracy: 76.53, data load time: 0.24878, step time: 0.05514
epoch: [0], step: [3699/9255], batch loss: 0.13876, batch accuracy: 83.40, data load time: 0.26513, step time: 0.05787
epoch: [0], step: [3799/9255], batch loss: 0.18591, batch accuracy: 68.50, data load time: 0.17977, step time: 0.05800
epoch: [0], step: [3899/9255], batch loss: 0.17100, batch accuracy: 77.56, data load time: 0.33413, step time: 0.05870
epoch: [0], step: [3999/9255], batch loss: 0.23057, batch accuracy: 73.22, data load time: 0.32167, step time: 0.06079
epoch: [0], step: [4099/9255], batch loss: 0.18421, batch accuracy: 67.58, data load time: 0.26488, step time: 0.05940
epoch: [0], step: [4199/9255], batch loss: 0.19138, batch accuracy: 73.77, data load time: 0.41884, step time: 0.06083
epoch: [0], step: [4299/9255], batch loss: 0.20930, batch accuracy: 81.56, data load time: 0.24153, step time: 0.06145
epoch: [0], step: [4399/9255], batch loss: 0.19556, batch accuracy: 75.26, data load time: 0.36244, step time: 0.06205
epoch: [0], step: [4499/9255], batch loss: 0.14074, batch accuracy: 78.30, data load time: 0.20056, step time: 0.05654
epoch: [0], step: [4599/9255], batch loss: 0.24340, batch accuracy: 73.88, data load time: 0.20173, step time: 0.06336
epoch: [0], step: [4699/9255], batch loss: 0.13291, batch accuracy: 82.22, data load time: 0.22649, step time: 0.05591
epoch: [0], step: [4799/9255], batch loss: 0.19405, batch accuracy: 72.64, data load time: 0.17211, step time: 0.06030
epoch: [0], step: [4899/9255], batch loss: 0.21466, batch accuracy: 70.51, data load time: 0.17252, step time: 0.06212
epoch: [0], step: [4999/9255], batch loss: 0.21683, batch accuracy: 71.68, data load time: 0.18625, step time: 0.06170
epoch: [0], step: [5099/9255], batch loss: 0.19068, batch accuracy: 74.18, data load time: 0.38589, step time: 0.06024
epoch: [0], step: [5199/9255], batch loss: 0.15985, batch accuracy: 90.76, data load time: 0.42317, step time: 0.05671
epoch: [0], step: [5299/9255], batch loss: 0.18539, batch accuracy: 81.52, data load time: 0.31374, step time: 0.06231
epoch: [0], step: [5399/9255], batch loss: 0.19069, batch accuracy: 76.47, data load time: 0.19558, step time: 0.06162
epoch: [0], step: [5499/9255], batch loss: 0.17225, batch accuracy: 84.97, data load time: 0.24680, step time: 0.05950
epoch: [0], step: [5599/9255], batch loss: 0.17903, batch accuracy: 64.98, data load time: 0.22013, step time: 0.05645
epoch: [0], step: [5699/9255], batch loss: 0.18961, batch accuracy: 76.35, data load time: 0.14924, step time: 0.06149
epoch: [0], step: [5799/9255], batch loss: 0.16245, batch accuracy: 88.60, data load time: 0.36617, step time: 0.05804
epoch: [0], step: [5899/9255], batch loss: 0.22393, batch accuracy: 77.11, data load time: 0.34329, step time: 0.05795
epoch: [0], step: [5999/9255], batch loss: 0.17076, batch accuracy: 89.67, data load time: 0.66772, step time: 0.06202
epoch: [0], step: [6099/9255], batch loss: 0.20276, batch accuracy: 86.29, data load time: 0.18571, step time: 0.06268
epoch: [0], step: [6199/9255], batch loss: 0.15374, batch accuracy: 87.33, data load time: 0.21298, step time: 0.06074
epoch: [0], step: [6299/9255], batch loss: 0.18257, batch accuracy: 62.34, data load time: 0.11862, step time: 0.05663
epoch: [0], step: [6399/9255], batch loss: 0.16801, batch accuracy: 67.40, data load time: 0.22351, step time: 0.05638
epoch: [0], step: [6499/9255], batch loss: 0.23243, batch accuracy: 50.97, data load time: 0.15560, step time: 0.06087
epoch: [0], step: [6599/9255], batch loss: 0.19391, batch accuracy: 81.43, data load time: 0.20224, step time: 0.06144
epoch: [0], step: [6699/9255], batch loss: 0.21236, batch accuracy: 71.48, data load time: 0.15111, step time: 0.06032
epoch: [0], step: [6799/9255], batch loss: 0.18912, batch accuracy: 83.43, data load time: 0.16814, step time: 0.06139
epoch: [0], step: [6899/9255], batch loss: 0.15135, batch accuracy: 84.12, data load time: 0.17857, step time: 0.06161
epoch: [0], step: [6999/9255], batch loss: 0.20055, batch accuracy: 81.13, data load time: 0.32830, step time: 0.05932
epoch: [0], step: [7099/9255], batch loss: 0.15534, batch accuracy: 88.83, data load time: 0.18219, step time: 0.06151
epoch: [0], step: [7199/9255], batch loss: 0.12864, batch accuracy: 86.23, data load time: 0.21674, step time: 0.05382
epoch: [0], step: [7299/9255], batch loss: 0.19119, batch accuracy: 72.71, data load time: 0.24177, step time: 0.06137
epoch: [0], step: [7399/9255], batch loss: 0.16378, batch accuracy: 79.55, data load time: 0.25808, step time: 0.05792
epoch: [0], step: [7499/9255], batch loss: 0.17488, batch accuracy: 77.69, data load time: 0.27897, step time: 0.06125
epoch: [0], step: [7599/9255], batch loss: 0.14607, batch accuracy: 83.59, data load time: 0.13054, step time: 0.05931
epoch: [0], step: [7699/9255], batch loss: 0.15128, batch accuracy: 84.04, data load time: 0.18985, step time: 0.05797
epoch: [0], step: [7799/9255], batch loss: 0.18522, batch accuracy: 73.83, data load time: 0.15631, step time: 0.06019
epoch: [0], step: [7899/9255], batch loss: 0.17542, batch accuracy: 68.31, data load time: 0.17200, step time: 0.05681
epoch: [0], step: [7999/9255], batch loss: 0.13868, batch accuracy: 85.78, data load time: 0.30100, step time: 0.05454
epoch: [0], step: [8099/9255], batch loss: 0.17078, batch accuracy: 67.44, data load time: 0.21110, step time: 0.05864
epoch: [0], step: [8199/9255], batch loss: 0.16282, batch accuracy: 74.73, data load time: 0.36275, step time: 0.05826
epoch: [0], step: [8299/9255], batch loss: 0.17286, batch accuracy: 75.61, data load time: 0.19372, step time: 0.05941
epoch: [0], step: [8399/9255], batch loss: 0.13265, batch accuracy: 90.20, data load time: 0.39219, step time: 0.05757
epoch: [0], step: [8499/9255], batch loss: 0.16001, batch accuracy: 86.99, data load time: 0.18362, step time: 0.06105
epoch: [0], step: [8599/9255], batch loss: 0.16063, batch accuracy: 88.56, data load time: 0.15607, step time: 0.06147
epoch: [0], step: [8699/9255], batch loss: 0.21534, batch accuracy: 68.62, data load time: 0.20078, step time: 0.06289
epoch: [0], step: [8799/9255], batch loss: 0.15709, batch accuracy: 84.74, data load time: 0.16197, step time: 0.05954
epoch: [0], step: [8899/9255], batch loss: 0.19794, batch accuracy: 71.53, data load time: 0.51828, step time: 0.06138
epoch: [0], step: [8999/9255], batch loss: 0.15299, batch accuracy: 76.53, data load time: 0.20389, step time: 0.05376
epoch: [0], step: [9099/9255], batch loss: 0.16999, batch accuracy: 82.21, data load time: 0.31348, step time: 0.05927
epoch: [0], step: [9199/9255], batch loss: 0.17119, batch accuracy: 83.87, data load time: 0.25374, step time: 0.06143
EVALUATION METRICS:
-------------------------------------------------------------

Validation AUC Score: 0.8058

-------------------------------------------------------------
validation loss: 0.17967, accuracy: 80.58
epoch: [1], step: [44/9255], batch loss: 0.13055, batch accuracy: 84.64, data load time: 0.30383, step time: 0.05556
epoch: [1], step: [144/9255], batch loss: 0.23666, batch accuracy: 80.24, data load time: 0.27113, step time: 0.06445
epoch: [1], step: [244/9255], batch loss: 0.17759, batch accuracy: 76.62, data load time: 0.19074, step time: 0.06097
epoch: [1], step: [344/9255], batch loss: 0.18885, batch accuracy: 73.20, data load time: 0.69573, step time: 0.05741
epoch: [1], step: [444/9255], batch loss: 0.22997, batch accuracy: 72.94, data load time: 0.16940, step time: 0.06314
epoch: [1], step: [544/9255], batch loss: 0.20191, batch accuracy: 75.31, data load time: 0.23011, step time: 0.06223
epoch: [1], step: [644/9255], batch loss: 0.19324, batch accuracy: 75.81, data load time: 0.33541, step time: 0.05893
epoch: [1], step: [744/9255], batch loss: 0.18291, batch accuracy: 84.45, data load time: 0.15627, step time: 0.06381
epoch: [1], step: [844/9255], batch loss: 0.20235, batch accuracy: 77.13, data load time: 0.23041, step time: 0.06098
epoch: [1], step: [944/9255], batch loss: 0.18017, batch accuracy: 80.72, data load time: 0.15169, step time: 0.06244
epoch: [1], step: [1044/9255], batch loss: 0.23611, batch accuracy: 82.06, data load time: 0.35441, step time: 0.06649
epoch: [1], step: [1144/9255], batch loss: 0.27938, batch accuracy: 65.77, data load time: 0.17508, step time: 0.06435
epoch: [1], step: [1244/9255], batch loss: 0.21439, batch accuracy: 69.50, data load time: 0.23545, step time: 0.06156
epoch: [1], step: [1344/9255], batch loss: 0.12710, batch accuracy: 88.03, data load time: 0.24284, step time: 0.05674
epoch: [1], step: [1444/9255], batch loss: 0.18236, batch accuracy: 78.29, data load time: 0.15086, step time: 0.05883
epoch: [1], step: [1544/9255], batch loss: 0.21342, batch accuracy: 77.46, data load time: 0.18431, step time: 0.06157
epoch: [1], step: [1644/9255], batch loss: 0.17557, batch accuracy: 85.24, data load time: 0.14882, step time: 0.06509
epoch: [1], step: [1744/9255], batch loss: 0.16590, batch accuracy: 82.62, data load time: 0.26707, step time: 0.06093
epoch: [1], step: [1844/9255], batch loss: 0.20695, batch accuracy: 81.81, data load time: 0.13920, step time: 0.06370
epoch: [1], step: [1944/9255], batch loss: 0.17421, batch accuracy: 74.66, data load time: 0.24020, step time: 0.05949
epoch: [1], step: [2044/9255], batch loss: 0.13588, batch accuracy: 87.32, data load time: 0.15441, step time: 0.06030
epoch: [1], step: [2144/9255], batch loss: 0.16835, batch accuracy: 87.11, data load time: 0.22680, step time: 0.06373
epoch: [1], step: [2244/9255], batch loss: 0.19887, batch accuracy: 84.38, data load time: 0.12038, step time: 0.06249
epoch: [1], step: [2344/9255], batch loss: 0.14669, batch accuracy: 85.75, data load time: 0.27829, step time: 0.05905
epoch: [1], step: [2444/9255], batch loss: 0.23612, batch accuracy: 80.02, data load time: 0.43447, step time: 0.06770
epoch: [1], step: [2544/9255], batch loss: 0.28005, batch accuracy: 57.38, data load time: 0.28256, step time: 0.06222
epoch: [1], step: [2644/9255], batch loss: 0.16247, batch accuracy: 81.78, data load time: 0.27779, step time: 0.06010
epoch: [1], step: [2744/9255], batch loss: 0.14987, batch accuracy: 87.39, data load time: 0.24637, step time: 0.05944
epoch: [1], step: [2844/9255], batch loss: 0.16295, batch accuracy: 88.51, data load time: 0.13422, step time: 0.06203
epoch: [1], step: [2944/9255], batch loss: 0.13979, batch accuracy: 89.25, data load time: 0.16646, step time: 0.05819
epoch: [1], step: [3044/9255], batch loss: 0.16035, batch accuracy: 78.82, data load time: 0.13317, step time: 0.06087
epoch: [1], step: [3144/9255], batch loss: 0.20368, batch accuracy: 64.25, data load time: 0.14951, step time: 0.06026
epoch: [1], step: [3244/9255], batch loss: 0.21104, batch accuracy: 80.47, data load time: 0.16699, step time: 0.06565
epoch: [1], step: [3344/9255], batch loss: 0.18488, batch accuracy: 79.43, data load time: 0.16094, step time: 0.06356
epoch: [1], step: [3444/9255], batch loss: 0.14463, batch accuracy: 82.64, data load time: 0.27317, step time: 0.05811
epoch: [1], step: [3544/9255], batch loss: 0.17352, batch accuracy: 85.90, data load time: 0.14194, step time: 0.05873
epoch: [1], step: [3644/9255], batch loss: 0.22958, batch accuracy: 81.84, data load time: 0.26496, step time: 0.06777
epoch: [1], step: [3744/9255], batch loss: 0.11731, batch accuracy: 89.24, data load time: 0.19935, step time: 0.05665
epoch: [1], step: [3844/9255], batch loss: 0.18531, batch accuracy: 72.58, data load time: 0.24474, step time: 0.05805
epoch: [1], step: [3944/9255], batch loss: 0.14819, batch accuracy: 89.38, data load time: 0.52236, step time: 0.05951
epoch: [1], step: [4044/9255], batch loss: 0.15174, batch accuracy: 84.77, data load time: 0.47784, step time: 0.05736
epoch: [1], step: [4144/9255], batch loss: 0.18303, batch accuracy: 77.04, data load time: 0.17450, step time: 0.06087
epoch: [1], step: [4244/9255], batch loss: 0.17891, batch accuracy: 86.44, data load time: 0.26579, step time: 0.06427
epoch: [1], step: [4344/9255], batch loss: 0.19831, batch accuracy: 80.34, data load time: 0.21180, step time: 0.06288
epoch: [1], step: [4444/9255], batch loss: 0.15732, batch accuracy: 81.98, data load time: 0.12686, step time: 0.05951
epoch: [1], step: [4544/9255], batch loss: 0.09686, batch accuracy: 94.84, data load time: 0.20393, step time: 0.05516
epoch: [1], step: [4644/9255], batch loss: 0.15851, batch accuracy: 86.16, data load time: 0.31904, step time: 0.06308
epoch: [1], step: [4744/9255], batch loss: 0.20719, batch accuracy: 72.43, data load time: 0.28199, step time: 0.06169
epoch: [1], step: [4844/9255], batch loss: 0.20179, batch accuracy: 84.75, data load time: 0.24928, step time: 0.06151
epoch: [1], step: [4944/9255], batch loss: 0.15860, batch accuracy: 89.00, data load time: 0.23961, step time: 0.06017
epoch: [1], step: [5044/9255], batch loss: 0.15884, batch accuracy: 83.64, data load time: 0.32785, step time: 0.06289
epoch: [1], step: [5144/9255], batch loss: 0.15470, batch accuracy: 85.24, data load time: 0.21577, step time: 0.06207
epoch: [1], step: [5244/9255], batch loss: 0.18506, batch accuracy: 82.28, data load time: 0.16489, step time: 0.06084
epoch: [1], step: [5344/9255], batch loss: 0.14187, batch accuracy: 86.16, data load time: 0.18567, step time: 0.05801
epoch: [1], step: [5444/9255], batch loss: 0.17186, batch accuracy: 87.42, data load time: 0.18060, step time: 0.06370
epoch: [1], step: [5544/9255], batch loss: 0.15417, batch accuracy: 85.06, data load time: 0.27915, step time: 0.06152
epoch: [1], step: [5644/9255], batch loss: 0.17561, batch accuracy: 91.03, data load time: 0.17932, step time: 0.06231
epoch: [1], step: [5744/9255], batch loss: 0.24588, batch accuracy: 80.39, data load time: 0.19124, step time: 0.06632
epoch: [1], step: [5844/9255], batch loss: 0.18705, batch accuracy: 80.73, data load time: 0.14364, step time: 0.06219
epoch: [1], step: [5944/9255], batch loss: 0.16383, batch accuracy: 88.04, data load time: 0.27594, step time: 0.06009
epoch: [1], step: [6044/9255], batch loss: 0.14927, batch accuracy: 86.64, data load time: 0.22484, step time: 0.06079
epoch: [1], step: [6144/9255], batch loss: 0.15343, batch accuracy: 90.28, data load time: 0.30953, step time: 0.06087
epoch: [1], step: [6244/9255], batch loss: 0.15281, batch accuracy: 74.54, data load time: 0.23227, step time: 0.05795
epoch: [1], step: [6344/9255], batch loss: 0.15592, batch accuracy: 94.24, data load time: 0.34335, step time: 0.05951
epoch: [1], step: [6444/9255], batch loss: 0.13612, batch accuracy: 83.26, data load time: 0.24835, step time: 0.05804
epoch: [1], step: [6544/9255], batch loss: 0.18181, batch accuracy: 89.47, data load time: 0.27003, step time: 0.06409
epoch: [1], step: [6644/9255], batch loss: 0.11449, batch accuracy: 93.29, data load time: 0.23787, step time: 0.06072
epoch: [1], step: [6744/9255], batch loss: 0.15465, batch accuracy: 89.77, data load time: 0.41312, step time: 0.05792
epoch: [1], step: [6844/9255], batch loss: 0.17650, batch accuracy: 85.84, data load time: 0.41773, step time: 0.06085
epoch: [1], step: [6944/9255], batch loss: 0.18947, batch accuracy: 78.94, data load time: 0.36891, step time: 0.05872
epoch: [1], step: [7044/9255], batch loss: 0.16887, batch accuracy: 88.22, data load time: 0.34738, step time: 0.06234
epoch: [1], step: [7144/9255], batch loss: 0.18611, batch accuracy: 81.40, data load time: 0.35680, step time: 0.06100
epoch: [1], step: [7244/9255], batch loss: 0.17051, batch accuracy: 88.20, data load time: 0.29002, step time: 0.06148
epoch: [1], step: [7344/9255], batch loss: 0.17695, batch accuracy: 75.36, data load time: 0.17783, step time: 0.06013
epoch: [1], step: [7444/9255], batch loss: 0.17341, batch accuracy: 90.31, data load time: 0.16527, step time: 0.06098
epoch: [1], step: [7544/9255], batch loss: 0.16178, batch accuracy: 87.50, data load time: 0.16881, step time: 0.05944
epoch: [1], step: [7644/9255], batch loss: 0.16059, batch accuracy: 81.85, data load time: 0.16068, step time: 0.05674
epoch: [1], step: [7744/9255], batch loss: 0.15353, batch accuracy: 83.72, data load time: 0.18066, step time: 0.05954
epoch: [1], step: [7844/9255], batch loss: 0.18338, batch accuracy: 87.38, data load time: 0.16429, step time: 0.06360
epoch: [1], step: [7944/9255], batch loss: 0.20582, batch accuracy: 81.57, data load time: 0.19773, step time: 0.06108
epoch: [1], step: [8044/9255], batch loss: 0.14931, batch accuracy: 85.97, data load time: 0.15475, step time: 0.05670
epoch: [1], step: [8144/9255], batch loss: 0.21454, batch accuracy: 81.50, data load time: 0.18569, step time: 0.06217
epoch: [1], step: [8244/9255], batch loss: 0.17388, batch accuracy: 86.25, data load time: 0.13138, step time: 0.06012
epoch: [1], step: [8344/9255], batch loss: 0.18108, batch accuracy: 78.52, data load time: 0.17163, step time: 0.05969
epoch: [1], step: [8444/9255], batch loss: 0.17748, batch accuracy: 90.26, data load time: 0.15742, step time: 0.06350
epoch: [1], step: [8544/9255], batch loss: 0.13401, batch accuracy: 87.91, data load time: 0.21905, step time: 0.05947
epoch: [1], step: [8644/9255], batch loss: 0.18970, batch accuracy: 73.19, data load time: 0.18205, step time: 0.05876
epoch: [1], step: [8744/9255], batch loss: 0.15782, batch accuracy: 91.11, data load time: 0.12855, step time: 0.06078
epoch: [1], step: [8844/9255], batch loss: 0.16595, batch accuracy: 83.31, data load time: 0.14737, step time: 0.05942
epoch: [1], step: [8944/9255], batch loss: 0.18017, batch accuracy: 84.67, data load time: 0.15454, step time: 0.06417
epoch: [1], step: [9044/9255], batch loss: 0.16713, batch accuracy: 84.07, data load time: 0.16059, step time: 0.06029
epoch: [1], step: [9144/9255], batch loss: 0.23719, batch accuracy: 75.59, data load time: 0.13432, step time: 0.06437
epoch: [1], step: [9244/9255], batch loss: 0.19187, batch accuracy: 86.75, data load time: 0.19909, step time: 0.06073
EVALUATION METRICS:
-------------------------------------------------------------

Validation AUC Score: 0.8303

-------------------------------------------------------------
validation loss: 0.16853, accuracy: 83.03
