Loading data from /mnt/storage/scratch/ee20947/MagnaTagATune/annotations/train.pkl...
Loading data from /mnt/storage/scratch/ee20947/MagnaTagATune/annotations/train.pkl...
Loading data from /mnt/storage/scratch/ee20947/MagnaTagATune/annotations/val.pkl...
Loading data from /mnt/storage/scratch/ee20947/MagnaTagATune/annotations/test.pkl...
Writing logs to logs/CNN_sgd_momentum=0.93_learning_rate=0.2_conv_length=256_conv_stride=256_batch_size=10_weight_decay=1e-05_run_2
epoch: [0], step: [99/1543], batch loss: 0.22690, batch accuracy: 64.29, data load time: 0.16107, step time: 0.02912
epoch: [0], step: [199/1543], batch loss: 0.20201, batch accuracy: 83.83, data load time: 0.20071, step time: 0.03276
epoch: [0], step: [299/1543], batch loss: 0.22408, batch accuracy: 66.49, data load time: 0.21820, step time: 0.02849
epoch: [0], step: [399/1543], batch loss: 0.21834, batch accuracy: 52.46, data load time: 0.25130, step time: 0.03407
epoch: [0], step: [499/1543], batch loss: 0.23319, batch accuracy: 69.66, data load time: 0.26911, step time: 0.03409
epoch: [0], step: [599/1543], batch loss: 0.23353, batch accuracy: 68.98, data load time: 0.17042, step time: 0.03271
epoch: [0], step: [699/1543], batch loss: 0.23028, batch accuracy: 55.16, data load time: 0.25048, step time: 0.03127
epoch: [0], step: [799/1543], batch loss: 0.25180, batch accuracy: 77.89, data load time: 0.26275, step time: 0.03473
epoch: [0], step: [899/1543], batch loss: 0.20869, batch accuracy: 78.74, data load time: 0.23601, step time: 0.03201
epoch: [0], step: [999/1543], batch loss: 0.18461, batch accuracy: 68.31, data load time: 0.28282, step time: 0.03072
epoch: [0], step: [1099/1543], batch loss: 0.17256, batch accuracy: 76.75, data load time: 0.20515, step time: 0.03058
epoch: [0], step: [1199/1543], batch loss: 0.18550, batch accuracy: 73.02, data load time: 0.21472, step time: 0.03332
epoch: [0], step: [1299/1543], batch loss: 0.19654, batch accuracy: 73.35, data load time: 0.25562, step time: 0.03204
epoch: [0], step: [1399/1543], batch loss: 0.13485, batch accuracy: 77.00, data load time: 0.17107, step time: 0.02719
epoch: [0], step: [1499/1543], batch loss: 0.22126, batch accuracy: 74.92, data load time: 0.24308, step time: 0.03471
epoch: [1], step: [56/1543], batch loss: 0.16411, batch accuracy: 78.31, data load time: 0.09164, step time: 0.03082
epoch: [1], step: [156/1543], batch loss: 0.20069, batch accuracy: 75.40, data load time: 0.08938, step time: 0.03359
epoch: [1], step: [256/1543], batch loss: 0.13652, batch accuracy: 86.66, data load time: 0.13830, step time: 0.03065
epoch: [1], step: [356/1543], batch loss: 0.23065, batch accuracy: 74.54, data load time: 0.10393, step time: 0.03076
epoch: [1], step: [456/1543], batch loss: 0.21565, batch accuracy: 71.99, data load time: 0.11945, step time: 0.03487
epoch: [1], step: [556/1543], batch loss: 0.19856, batch accuracy: 73.29, data load time: 0.15246, step time: 0.03147
epoch: [1], step: [656/1543], batch loss: 0.16619, batch accuracy: 84.35, data load time: 0.23461, step time: 0.03150
epoch: [1], step: [756/1543], batch loss: 0.16246, batch accuracy: 86.24, data load time: 0.23607, step time: 0.03223
epoch: [1], step: [856/1543], batch loss: 0.22222, batch accuracy: 84.91, data load time: 0.15425, step time: 0.03494
epoch: [1], step: [956/1543], batch loss: 0.15114, batch accuracy: 87.98, data load time: 0.19739, step time: 0.03059
epoch: [1], step: [1056/1543], batch loss: 0.16416, batch accuracy: 75.01, data load time: 0.22077, step time: 0.03003
epoch: [1], step: [1156/1543], batch loss: 0.14193, batch accuracy: 83.04, data load time: 0.16626, step time: 0.03067
epoch: [1], step: [1256/1543], batch loss: 0.12322, batch accuracy: 81.61, data load time: 0.22882, step time: 0.02592
epoch: [1], step: [1356/1543], batch loss: 0.16680, batch accuracy: 77.45, data load time: 0.26578, step time: 0.03141
epoch: [1], step: [1456/1543], batch loss: 0.19930, batch accuracy: 63.72, data load time: 0.20786, step time: 0.03154
epoch: [2], step: [13/1543], batch loss: 0.16146, batch accuracy: 67.64, data load time: 0.20607, step time: 0.02803
epoch: [2], step: [113/1543], batch loss: 0.20034, batch accuracy: 86.90, data load time: 0.20962, step time: 0.03152
epoch: [2], step: [213/1543], batch loss: 0.17460, batch accuracy: 86.53, data load time: 0.21664, step time: 0.03503
epoch: [2], step: [313/1543], batch loss: 0.17550, batch accuracy: 81.18, data load time: 0.17133, step time: 0.03582
epoch: [2], step: [413/1543], batch loss: 0.17958, batch accuracy: 86.92, data load time: 0.23261, step time: 0.03805
epoch: [2], step: [513/1543], batch loss: 0.13171, batch accuracy: 86.53, data load time: 0.23796, step time: 0.02931
epoch: [2], step: [613/1543], batch loss: 0.18461, batch accuracy: 87.94, data load time: 0.16114, step time: 0.03653
epoch: [2], step: [713/1543], batch loss: 0.15725, batch accuracy: 85.73, data load time: 0.29489, step time: 0.02941
epoch: [2], step: [813/1543], batch loss: 0.19107, batch accuracy: 84.04, data load time: 0.19211, step time: 0.03436
epoch: [2], step: [913/1543], batch loss: 0.15208, batch accuracy: 83.54, data load time: 0.19826, step time: 0.02914
epoch: [2], step: [1013/1543], batch loss: 0.22217, batch accuracy: 79.59, data load time: 0.25779, step time: 0.03839
epoch: [2], step: [1113/1543], batch loss: 0.16551, batch accuracy: 86.66, data load time: 0.24581, step time: 0.03160
epoch: [2], step: [1213/1543], batch loss: 0.19280, batch accuracy: 74.34, data load time: 0.24669, step time: 0.03347
epoch: [2], step: [1313/1543], batch loss: 0.21249, batch accuracy: 81.22, data load time: 0.18909, step time: 0.03573
epoch: [2], step: [1413/1543], batch loss: 0.18454, batch accuracy: 76.79, data load time: 0.17783, step time: 0.03153
epoch: [2], step: [1513/1543], batch loss: 0.16017, batch accuracy: 78.53, data load time: 0.26439, step time: 0.02888
epoch: [3], step: [70/1543], batch loss: 0.21048, batch accuracy: 79.05, data load time: 0.10395, step time: 0.03357
epoch: [3], step: [170/1543], batch loss: 0.18807, batch accuracy: 86.63, data load time: 0.15296, step time: 0.03300
epoch: [3], step: [270/1543], batch loss: 0.14504, batch accuracy: 83.82, data load time: 0.11916, step time: 0.02874
epoch: [3], step: [370/1543], batch loss: 0.19487, batch accuracy: 83.64, data load time: 0.24038, step time: 0.03443
epoch: [3], step: [470/1543], batch loss: 0.13172, batch accuracy: 77.41, data load time: 0.11448, step time: 0.03311
epoch: [3], step: [570/1543], batch loss: 0.19694, batch accuracy: 73.19, data load time: 0.16703, step time: 0.03161
epoch: [3], step: [670/1543], batch loss: 0.17459, batch accuracy: 82.76, data load time: 0.17330, step time: 0.03586
epoch: [3], step: [770/1543], batch loss: 0.15612, batch accuracy: 81.45, data load time: 0.18241, step time: 0.03616
epoch: [3], step: [870/1543], batch loss: 0.20977, batch accuracy: 79.45, data load time: 0.15899, step time: 0.03586
epoch: [3], step: [970/1543], batch loss: 0.18033, batch accuracy: 77.21, data load time: 0.14678, step time: 0.03230
epoch: [3], step: [1070/1543], batch loss: 0.17326, batch accuracy: 78.28, data load time: 0.15005, step time: 0.03015
epoch: [3], step: [1170/1543], batch loss: 0.15395, batch accuracy: 85.13, data load time: 0.20126, step time: 0.03088
epoch: [3], step: [1270/1543], batch loss: 0.17397, batch accuracy: 76.64, data load time: 0.29003, step time: 0.02887
epoch: [3], step: [1370/1543], batch loss: 0.17071, batch accuracy: 74.33, data load time: 0.18915, step time: 0.03080
epoch: [3], step: [1470/1543], batch loss: 0.13879, batch accuracy: 91.68, data load time: 0.22105, step time: 0.03153
epoch: [4], step: [27/1543], batch loss: 0.17204, batch accuracy: 80.24, data load time: 0.19450, step time: 0.03685
epoch: [4], step: [127/1543], batch loss: 0.23047, batch accuracy: 75.95, data load time: 0.11554, step time: 0.03149
epoch: [4], step: [227/1543], batch loss: 0.16643, batch accuracy: 84.77, data load time: 0.13725, step time: 0.03152
epoch: [4], step: [327/1543], batch loss: 0.17989, batch accuracy: 82.02, data load time: 0.22049, step time: 0.03300
epoch: [4], step: [427/1543], batch loss: 0.13909, batch accuracy: 85.31, data load time: 0.12823, step time: 0.02806
epoch: [4], step: [527/1543], batch loss: 0.14147, batch accuracy: 87.38, data load time: 0.18385, step time: 0.03006
epoch: [4], step: [627/1543], batch loss: 0.16852, batch accuracy: 83.62, data load time: 0.20087, step time: 0.03298
epoch: [4], step: [727/1543], batch loss: 0.17229, batch accuracy: 86.74, data load time: 0.15621, step time: 0.03225
epoch: [4], step: [827/1543], batch loss: 0.17696, batch accuracy: 79.26, data load time: 0.20868, step time: 0.03295
epoch: [4], step: [927/1543], batch loss: 0.17986, batch accuracy: 73.74, data load time: 0.20858, step time: 0.03222
epoch: [4], step: [1027/1543], batch loss: 0.18020, batch accuracy: 74.02, data load time: 0.24046, step time: 0.03425
epoch: [4], step: [1127/1543], batch loss: 0.18671, batch accuracy: 77.79, data load time: 0.25188, step time: 0.03218
epoch: [4], step: [1227/1543], batch loss: 0.17058, batch accuracy: 76.17, data load time: 0.20013, step time: 0.03161
epoch: [4], step: [1327/1543], batch loss: 0.16849, batch accuracy: 82.29, data load time: 0.25952, step time: 0.03296
epoch: [4], step: [1427/1543], batch loss: 0.15595, batch accuracy: 84.46, data load time: 0.14842, step time: 0.03224
epoch: [4], step: [1527/1543], batch loss: 0.19823, batch accuracy: 82.15, data load time: 0.25805, step time: 0.03223
EVALUATION METRICS:
-------------------------------------------------------------

Validation: AUC Score: 0.8098

-------------------------------------------------------------
validation loss: 0.17172, accuracy: 80.98
epoch: [5], step: [84/1543], batch loss: 0.18185, batch accuracy: 81.00, data load time: 0.21730, step time: 0.03215
epoch: [5], step: [184/1543], batch loss: 0.17482, batch accuracy: 88.99, data load time: 0.11634, step time: 0.03213
epoch: [5], step: [284/1543], batch loss: 0.18553, batch accuracy: 79.93, data load time: 0.17281, step time: 0.03306
epoch: [5], step: [384/1543], batch loss: 0.16083, batch accuracy: 85.39, data load time: 0.21914, step time: 0.03356
epoch: [5], step: [484/1543], batch loss: 0.14095, batch accuracy: 77.78, data load time: 0.23442, step time: 0.02791
epoch: [5], step: [584/1543], batch loss: 0.20101, batch accuracy: 78.39, data load time: 0.22927, step time: 0.03517
epoch: [5], step: [684/1543], batch loss: 0.14417, batch accuracy: 85.19, data load time: 0.23042, step time: 0.03101
epoch: [5], step: [784/1543], batch loss: 0.19955, batch accuracy: 76.16, data load time: 0.20952, step time: 0.03361
epoch: [5], step: [884/1543], batch loss: 0.19658, batch accuracy: 85.40, data load time: 0.18314, step time: 0.03569
epoch: [5], step: [984/1543], batch loss: 0.12071, batch accuracy: 88.47, data load time: 0.15621, step time: 0.02947
epoch: [5], step: [1084/1543], batch loss: 0.18186, batch accuracy: 85.22, data load time: 0.25319, step time: 0.03421
epoch: [5], step: [1184/1543], batch loss: 0.15035, batch accuracy: 82.03, data load time: 0.18128, step time: 0.03223
epoch: [5], step: [1284/1543], batch loss: 0.16945, batch accuracy: 71.72, data load time: 0.16657, step time: 0.03277
epoch: [5], step: [1384/1543], batch loss: 0.14161, batch accuracy: 85.84, data load time: 0.19955, step time: 0.02865
epoch: [5], step: [1484/1543], batch loss: 0.19171, batch accuracy: 84.67, data load time: 0.20947, step time: 0.03362
epoch: [6], step: [41/1543], batch loss: 0.16639, batch accuracy: 88.19, data load time: 0.09099, step time: 0.03728
epoch: [6], step: [141/1543], batch loss: 0.24009, batch accuracy: 77.86, data load time: 0.18048, step time: 0.04063
epoch: [6], step: [241/1543], batch loss: 0.18520, batch accuracy: 90.97, data load time: 0.18617, step time: 0.03418
epoch: [6], step: [341/1543], batch loss: 0.12111, batch accuracy: 90.97, data load time: 0.06054, step time: 0.02926
epoch: [6], step: [441/1543], batch loss: 0.17521, batch accuracy: 84.62, data load time: 0.15407, step time: 0.03290
epoch: [6], step: [541/1543], batch loss: 0.19370, batch accuracy: 85.73, data load time: 0.12150, step time: 0.03357
epoch: [6], step: [641/1543], batch loss: 0.19665, batch accuracy: 71.62, data load time: 0.18024, step time: 0.03354
epoch: [6], step: [741/1543], batch loss: 0.15521, batch accuracy: 82.15, data load time: 0.12401, step time: 0.03141
epoch: [6], step: [841/1543], batch loss: 0.19610, batch accuracy: 84.01, data load time: 0.16259, step time: 0.03486
epoch: [6], step: [941/1543], batch loss: 0.14091, batch accuracy: 88.01, data load time: 0.15745, step time: 0.03100
epoch: [6], step: [1041/1543], batch loss: 0.18623, batch accuracy: 80.76, data load time: 0.24757, step time: 0.03292
epoch: [6], step: [1141/1543], batch loss: 0.18544, batch accuracy: 80.64, data load time: 0.19233, step time: 0.03209
epoch: [6], step: [1241/1543], batch loss: 0.14360, batch accuracy: 86.21, data load time: 0.22176, step time: 0.03216
epoch: [6], step: [1341/1543], batch loss: 0.20353, batch accuracy: 85.42, data load time: 0.19204, step time: 0.03553
epoch: [6], step: [1441/1543], batch loss: 0.16426, batch accuracy: 88.52, data load time: 0.25168, step time: 0.03287
epoch: [6], step: [1541/1543], batch loss: 0.18401, batch accuracy: 75.82, data load time: 0.26221, step time: 0.03345
epoch: [7], step: [98/1543], batch loss: 0.14779, batch accuracy: 76.46, data load time: 0.05340, step time: 0.03024
epoch: [7], step: [198/1543], batch loss: 0.17296, batch accuracy: 83.28, data load time: 0.06095, step time: 0.03162
epoch: [7], step: [298/1543], batch loss: 0.23177, batch accuracy: 73.50, data load time: 0.14438, step time: 0.03425
epoch: [7], step: [398/1543], batch loss: 0.17970, batch accuracy: 93.33, data load time: 0.14542, step time: 0.03296
epoch: [7], step: [498/1543], batch loss: 0.15857, batch accuracy: 89.07, data load time: 0.12852, step time: 0.03432
epoch: [7], step: [598/1543], batch loss: 0.13955, batch accuracy: 85.93, data load time: 0.13162, step time: 0.02892
epoch: [7], step: [698/1543], batch loss: 0.16967, batch accuracy: 85.99, data load time: 0.17067, step time: 0.03495
epoch: [7], step: [798/1543], batch loss: 0.16036, batch accuracy: 84.99, data load time: 0.20542, step time: 0.03366
epoch: [7], step: [898/1543], batch loss: 0.17235, batch accuracy: 90.61, data load time: 0.23051, step time: 0.03489
epoch: [7], step: [998/1543], batch loss: 0.15823, batch accuracy: 85.87, data load time: 0.14140, step time: 0.03365
epoch: [7], step: [1098/1543], batch loss: 0.19875, batch accuracy: 89.01, data load time: 0.22091, step time: 0.03432
epoch: [7], step: [1198/1543], batch loss: 0.13386, batch accuracy: 89.50, data load time: 0.18525, step time: 0.02938
epoch: [7], step: [1298/1543], batch loss: 0.12447, batch accuracy: 89.58, data load time: 0.11629, step time: 0.02800
epoch: [7], step: [1398/1543], batch loss: 0.11927, batch accuracy: 87.50, data load time: 0.18695, step time: 0.03245
epoch: [7], step: [1498/1543], batch loss: 0.19751, batch accuracy: 78.44, data load time: 0.22588, step time: 0.03363
epoch: [8], step: [55/1543], batch loss: 0.15046, batch accuracy: 89.75, data load time: 0.13780, step time: 0.03550
epoch: [8], step: [155/1543], batch loss: 0.19817, batch accuracy: 82.35, data load time: 0.13465, step time: 0.03503
epoch: [8], step: [255/1543], batch loss: 0.14299, batch accuracy: 93.43, data load time: 0.09346, step time: 0.03223
epoch: [8], step: [355/1543], batch loss: 0.17781, batch accuracy: 83.89, data load time: 0.10029, step time: 0.02879
epoch: [8], step: [455/1543], batch loss: 0.23432, batch accuracy: 87.82, data load time: 0.23259, step time: 0.03700
epoch: [8], step: [555/1543], batch loss: 0.13355, batch accuracy: 87.68, data load time: 0.15018, step time: 0.03003
epoch: [8], step: [655/1543], batch loss: 0.14875, batch accuracy: 83.39, data load time: 0.21079, step time: 0.03092
epoch: [8], step: [755/1543], batch loss: 0.14458, batch accuracy: 83.70, data load time: 0.13970, step time: 0.02789
epoch: [8], step: [855/1543], batch loss: 0.12839, batch accuracy: 88.92, data load time: 0.23111, step time: 0.03148
epoch: [8], step: [955/1543], batch loss: 0.18327, batch accuracy: 84.41, data load time: 0.14795, step time: 0.03555
epoch: [8], step: [1055/1543], batch loss: 0.21261, batch accuracy: 79.80, data load time: 0.20220, step time: 0.03569
epoch: [8], step: [1155/1543], batch loss: 0.19523, batch accuracy: 85.47, data load time: 0.16104, step time: 0.03553
epoch: [8], step: [1255/1543], batch loss: 0.18553, batch accuracy: 82.61, data load time: 0.16375, step time: 0.03500
epoch: [8], step: [1355/1543], batch loss: 0.16704, batch accuracy: 86.59, data load time: 0.25713, step time: 0.03084
epoch: [8], step: [1455/1543], batch loss: 0.16195, batch accuracy: 86.90, data load time: 0.25801, step time: 0.03143
epoch: [9], step: [12/1543], batch loss: 0.19458, batch accuracy: 82.89, data load time: 0.11586, step time: 0.03605
epoch: [9], step: [112/1543], batch loss: 0.23797, batch accuracy: 80.90, data load time: 0.11098, step time: 0.03568
epoch: [9], step: [212/1543], batch loss: 0.16663, batch accuracy: 84.84, data load time: 0.10022, step time: 0.03522
epoch: [9], step: [312/1543], batch loss: 0.13227, batch accuracy: 87.81, data load time: 0.10708, step time: 0.03149
epoch: [9], step: [412/1543], batch loss: 0.15743, batch accuracy: 77.59, data load time: 0.12620, step time: 0.03289
epoch: [9], step: [512/1543], batch loss: 0.12677, batch accuracy: 83.83, data load time: 0.18497, step time: 0.02602
epoch: [9], step: [612/1543], batch loss: 0.16448, batch accuracy: 84.13, data load time: 0.13518, step time: 0.03137
epoch: [9], step: [712/1543], batch loss: 0.18547, batch accuracy: 85.42, data load time: 0.16028, step time: 0.03364
epoch: [9], step: [812/1543], batch loss: 0.14956, batch accuracy: 83.26, data load time: 0.22411, step time: 0.02941
epoch: [9], step: [912/1543], batch loss: 0.14437, batch accuracy: 84.50, data load time: 0.18389, step time: 0.03273
epoch: [9], step: [1012/1543], batch loss: 0.16272, batch accuracy: 76.26, data load time: 0.24499, step time: 0.03285
epoch: [9], step: [1112/1543], batch loss: 0.16340, batch accuracy: 89.23, data load time: 0.17096, step time: 0.03285
epoch: [9], step: [1212/1543], batch loss: 0.20357, batch accuracy: 82.20, data load time: 0.21963, step time: 0.03650
epoch: [9], step: [1312/1543], batch loss: 0.13230, batch accuracy: 89.99, data load time: 0.21124, step time: 0.02725
epoch: [9], step: [1412/1543], batch loss: 0.15433, batch accuracy: 90.94, data load time: 0.20965, step time: 0.03139
epoch: [9], step: [1512/1543], batch loss: 0.13116, batch accuracy: 82.99, data load time: 0.24086, step time: 0.03076
EVALUATION METRICS:
-------------------------------------------------------------

Validation: AUC Score: 0.8278

-------------------------------------------------------------
validation loss: 0.16854, accuracy: 82.78
epoch: [10], step: [69/1543], batch loss: 0.15453, batch accuracy: 90.11, data load time: 0.12193, step time: 0.03362
epoch: [10], step: [169/1543], batch loss: 0.17069, batch accuracy: 84.16, data load time: 0.16829, step time: 0.03079
epoch: [10], step: [269/1543], batch loss: 0.15477, batch accuracy: 84.36, data load time: 0.13488, step time: 0.03255
epoch: [10], step: [369/1543], batch loss: 0.18227, batch accuracy: 85.61, data load time: 0.17638, step time: 0.03452
epoch: [10], step: [469/1543], batch loss: 0.14302, batch accuracy: 92.86, data load time: 0.25863, step time: 0.03703
epoch: [10], step: [569/1543], batch loss: 0.12424, batch accuracy: 90.12, data load time: 0.19115, step time: 0.03008
epoch: [10], step: [669/1543], batch loss: 0.21673, batch accuracy: 76.30, data load time: 0.25013, step time: 0.03278
epoch: [10], step: [769/1543], batch loss: 0.18680, batch accuracy: 87.06, data load time: 0.14253, step time: 0.03375
epoch: [10], step: [869/1543], batch loss: 0.17041, batch accuracy: 87.74, data load time: 0.26949, step time: 0.03528
epoch: [10], step: [969/1543], batch loss: 0.15273, batch accuracy: 87.72, data load time: 0.23938, step time: 0.03545
epoch: [10], step: [1069/1543], batch loss: 0.17177, batch accuracy: 87.98, data load time: 0.20855, step time: 0.03564
epoch: [10], step: [1169/1543], batch loss: 0.18428, batch accuracy: 87.91, data load time: 0.22105, step time: 0.03572
epoch: [10], step: [1269/1543], batch loss: 0.15088, batch accuracy: 90.72, data load time: 0.17604, step time: 0.03302
epoch: [10], step: [1369/1543], batch loss: 0.12262, batch accuracy: 91.20, data load time: 0.21556, step time: 0.03162
epoch: [10], step: [1469/1543], batch loss: 0.18934, batch accuracy: 69.08, data load time: 0.13791, step time: 0.03008
epoch: [11], step: [26/1543], batch loss: 0.18488, batch accuracy: 89.36, data load time: 0.06397, step time: 0.04020
epoch: [11], step: [126/1543], batch loss: 0.22985, batch accuracy: 83.66, data load time: 0.20999, step time: 0.03200
epoch: [11], step: [226/1543], batch loss: 0.15034, batch accuracy: 79.35, data load time: 0.12173, step time: 0.03069
epoch: [11], step: [326/1543], batch loss: 0.15071, batch accuracy: 90.67, data load time: 0.25539, step time: 0.03314
epoch: [11], step: [426/1543], batch loss: 0.15737, batch accuracy: 76.99, data load time: 0.21167, step time: 0.03291
epoch: [11], step: [526/1543], batch loss: 0.17645, batch accuracy: 85.26, data load time: 0.15061, step time: 0.03342
epoch: [11], step: [626/1543], batch loss: 0.17189, batch accuracy: 76.36, data load time: 0.18688, step time: 0.03022
epoch: [11], step: [726/1543], batch loss: 0.21604, batch accuracy: 81.31, data load time: 0.17991, step time: 0.03545
epoch: [11], step: [826/1543], batch loss: 0.16807, batch accuracy: 89.09, data load time: 0.21434, step time: 0.03407
epoch: [11], step: [926/1543], batch loss: 0.13825, batch accuracy: 82.74, data load time: 0.19910, step time: 0.03211
epoch: [11], step: [1026/1543], batch loss: 0.16162, batch accuracy: 92.81, data load time: 0.13784, step time: 0.03354
epoch: [11], step: [1126/1543], batch loss: 0.18919, batch accuracy: 74.01, data load time: 0.18588, step time: 0.03219
epoch: [11], step: [1226/1543], batch loss: 0.14973, batch accuracy: 89.87, data load time: 0.20571, step time: 0.03281
epoch: [11], step: [1326/1543], batch loss: 0.16383, batch accuracy: 87.14, data load time: 0.21145, step time: 0.03215
epoch: [11], step: [1426/1543], batch loss: 0.12596, batch accuracy: 95.84, data load time: 0.21123, step time: 0.03284
epoch: [11], step: [1526/1543], batch loss: 0.16424, batch accuracy: 85.35, data load time: 0.18590, step time: 0.03630
epoch: [12], step: [83/1543], batch loss: 0.12298, batch accuracy: 87.90, data load time: 0.13198, step time: 0.03158
epoch: [12], step: [183/1543], batch loss: 0.14666, batch accuracy: 92.74, data load time: 0.09806, step time: 0.03429
epoch: [12], step: [283/1543], batch loss: 0.14822, batch accuracy: 89.73, data load time: 0.23380, step time: 0.03088
epoch: [12], step: [383/1543], batch loss: 0.13667, batch accuracy: 92.93, data load time: 0.12410, step time: 0.02882
epoch: [12], step: [483/1543], batch loss: 0.15711, batch accuracy: 81.74, data load time: 0.19177, step time: 0.03365
epoch: [12], step: [583/1543], batch loss: 0.14009, batch accuracy: 89.82, data load time: 0.16324, step time: 0.03582
epoch: [12], step: [683/1543], batch loss: 0.15629, batch accuracy: 87.24, data load time: 0.22937, step time: 0.03429
epoch: [12], step: [783/1543], batch loss: 0.14870, batch accuracy: 85.10, data load time: 0.22298, step time: 0.03113
epoch: [12], step: [883/1543], batch loss: 0.14269, batch accuracy: 90.57, data load time: 0.22148, step time: 0.03089
epoch: [12], step: [983/1543], batch loss: 0.19303, batch accuracy: 80.81, data load time: 0.23462, step time: 0.03198
epoch: [12], step: [1083/1543], batch loss: 0.14009, batch accuracy: 94.08, data load time: 0.29129, step time: 0.03085
epoch: [12], step: [1183/1543], batch loss: 0.17678, batch accuracy: 85.04, data load time: 0.26429, step time: 0.03243
epoch: [12], step: [1283/1543], batch loss: 0.18820, batch accuracy: 86.38, data load time: 0.20176, step time: 0.03708
epoch: [12], step: [1383/1543], batch loss: 0.14860, batch accuracy: 83.31, data load time: 0.25746, step time: 0.03169
epoch: [12], step: [1483/1543], batch loss: 0.13742, batch accuracy: 88.02, data load time: 0.24441, step time: 0.03164
epoch: [13], step: [40/1543], batch loss: 0.18448, batch accuracy: 81.95, data load time: 0.23285, step time: 0.03355
epoch: [13], step: [140/1543], batch loss: 0.16639, batch accuracy: 86.18, data load time: 0.24861, step time: 0.03428
epoch: [13], step: [240/1543], batch loss: 0.15782, batch accuracy: 79.53, data load time: 0.19071, step time: 0.03071
epoch: [13], step: [340/1543], batch loss: 0.14422, batch accuracy: 87.96, data load time: 0.17778, step time: 0.03221
epoch: [13], step: [440/1543], batch loss: 0.17466, batch accuracy: 82.88, data load time: 0.15213, step time: 0.03210
epoch: [13], step: [540/1543], batch loss: 0.16450, batch accuracy: 87.19, data load time: 0.18558, step time: 0.03290
epoch: [13], step: [640/1543], batch loss: 0.17161, batch accuracy: 74.85, data load time: 0.19530, step time: 0.03012
epoch: [13], step: [740/1543], batch loss: 0.13779, batch accuracy: 89.95, data load time: 0.22299, step time: 0.03206
epoch: [13], step: [840/1543], batch loss: 0.21298, batch accuracy: 83.76, data load time: 0.20522, step time: 0.03305
epoch: [13], step: [940/1543], batch loss: 0.14913, batch accuracy: 86.60, data load time: 0.15442, step time: 0.03623
epoch: [13], step: [1040/1543], batch loss: 0.16268, batch accuracy: 90.59, data load time: 0.22333, step time: 0.03502
epoch: [13], step: [1140/1543], batch loss: 0.16134, batch accuracy: 89.32, data load time: 0.23651, step time: 0.03473
epoch: [13], step: [1240/1543], batch loss: 0.18334, batch accuracy: 87.16, data load time: 0.20276, step time: 0.03354
epoch: [13], step: [1340/1543], batch loss: 0.17151, batch accuracy: 85.10, data load time: 0.18087, step time: 0.03542
epoch: [13], step: [1440/1543], batch loss: 0.16027, batch accuracy: 86.21, data load time: 0.22053, step time: 0.03212
epoch: [13], step: [1540/1543], batch loss: 0.14638, batch accuracy: 94.03, data load time: 0.23095, step time: 0.03431
epoch: [14], step: [97/1543], batch loss: 0.13850, batch accuracy: 90.88, data load time: 0.04298, step time: 0.02811
epoch: [14], step: [197/1543], batch loss: 0.13467, batch accuracy: 91.94, data load time: 0.08445, step time: 0.03365
epoch: [14], step: [297/1543], batch loss: 0.14197, batch accuracy: 86.72, data load time: 0.12083, step time: 0.02938
epoch: [14], step: [397/1543], batch loss: 0.16016, batch accuracy: 87.47, data load time: 0.16299, step time: 0.03300
epoch: [14], step: [497/1543], batch loss: 0.14571, batch accuracy: 88.18, data load time: 0.10664, step time: 0.03417
epoch: [14], step: [597/1543], batch loss: 0.13821, batch accuracy: 91.30, data load time: 0.14904, step time: 0.03303
epoch: [14], step: [697/1543], batch loss: 0.10854, batch accuracy: 96.73, data load time: 0.11529, step time: 0.02948
epoch: [14], step: [797/1543], batch loss: 0.19164, batch accuracy: 81.07, data load time: 0.23427, step time: 0.03601
epoch: [14], step: [897/1543], batch loss: 0.17171, batch accuracy: 81.32, data load time: 0.21164, step time: 0.03103
epoch: [14], step: [997/1543], batch loss: 0.15836, batch accuracy: 85.78, data load time: 0.15751, step time: 0.02880
epoch: [14], step: [1097/1543], batch loss: 0.15559, batch accuracy: 87.93, data load time: 0.20654, step time: 0.03651
epoch: [14], step: [1197/1543], batch loss: 0.18725, batch accuracy: 78.25, data load time: 0.20295, step time: 0.03511
epoch: [14], step: [1297/1543], batch loss: 0.12805, batch accuracy: 95.54, data load time: 0.18726, step time: 0.03635
epoch: [14], step: [1397/1543], batch loss: 0.22752, batch accuracy: 77.59, data load time: 0.22078, step time: 0.03644
epoch: [14], step: [1497/1543], batch loss: 0.18297, batch accuracy: 76.51, data load time: 0.25625, step time: 0.03219
EVALUATION METRICS:
-------------------------------------------------------------

Validation: AUC Score: 0.8334

-------------------------------------------------------------
validation loss: 0.16275, accuracy: 83.34
epoch: [15], step: [54/1543], batch loss: 0.15913, batch accuracy: 80.53, data load time: 0.14574, step time: 0.03299
epoch: [15], step: [154/1543], batch loss: 0.19757, batch accuracy: 84.76, data load time: 0.13997, step time: 0.03828
epoch: [15], step: [254/1543], batch loss: 0.14818, batch accuracy: 85.22, data load time: 0.13580, step time: 0.03229
epoch: [15], step: [354/1543], batch loss: 0.13607, batch accuracy: 90.51, data load time: 0.15522, step time: 0.03047
epoch: [15], step: [454/1543], batch loss: 0.18823, batch accuracy: 76.18, data load time: 0.15523, step time: 0.02878
epoch: [15], step: [554/1543], batch loss: 0.20258, batch accuracy: 87.12, data load time: 0.17938, step time: 0.03516
epoch: [15], step: [654/1543], batch loss: 0.17372, batch accuracy: 84.87, data load time: 0.18946, step time: 0.03364
epoch: [15], step: [754/1543], batch loss: 0.16146, batch accuracy: 90.89, data load time: 0.26408, step time: 0.03446
epoch: [15], step: [854/1543], batch loss: 0.16266, batch accuracy: 85.27, data load time: 0.22618, step time: 0.03153
epoch: [15], step: [954/1543], batch loss: 0.20461, batch accuracy: 78.19, data load time: 0.23523, step time: 0.03359
epoch: [15], step: [1054/1543], batch loss: 0.17512, batch accuracy: 82.79, data load time: 0.19925, step time: 0.03462
epoch: [15], step: [1154/1543], batch loss: 0.16839, batch accuracy: 85.15, data load time: 0.19602, step time: 0.03448
epoch: [15], step: [1254/1543], batch loss: 0.19462, batch accuracy: 81.44, data load time: 0.28140, step time: 0.03236
epoch: [15], step: [1354/1543], batch loss: 0.11502, batch accuracy: 89.22, data load time: 0.19600, step time: 0.03163
epoch: [15], step: [1454/1543], batch loss: 0.14793, batch accuracy: 89.78, data load time: 0.16293, step time: 0.03310
epoch: [16], step: [11/1543], batch loss: 0.12373, batch accuracy: 89.70, data load time: 0.12869, step time: 0.03223
epoch: [16], step: [111/1543], batch loss: 0.17103, batch accuracy: 89.60, data load time: 0.15781, step time: 0.03428
epoch: [16], step: [211/1543], batch loss: 0.18133, batch accuracy: 89.82, data load time: 0.07716, step time: 0.03530
epoch: [16], step: [311/1543], batch loss: 0.14547, batch accuracy: 84.54, data load time: 0.14119, step time: 0.03088
epoch: [16], step: [411/1543], batch loss: 0.18011, batch accuracy: 88.77, data load time: 0.16224, step time: 0.03400
epoch: [16], step: [511/1543], batch loss: 0.16260, batch accuracy: 87.73, data load time: 0.23340, step time: 0.03637
epoch: [16], step: [611/1543], batch loss: 0.13780, batch accuracy: 83.21, data load time: 0.19567, step time: 0.21377
epoch: [16], step: [711/1543], batch loss: 0.17427, batch accuracy: 83.44, data load time: 0.17067, step time: 0.03380
epoch: [16], step: [811/1543], batch loss: 0.20461, batch accuracy: 88.94, data load time: 0.22226, step time: 0.03291
epoch: [16], step: [911/1543], batch loss: 0.16244, batch accuracy: 79.68, data load time: 0.24888, step time: 0.03147
epoch: [16], step: [1011/1543], batch loss: 0.15190, batch accuracy: 81.18, data load time: 0.19161, step time: 0.02731
epoch: [16], step: [1111/1543], batch loss: 0.12266, batch accuracy: 95.09, data load time: 0.18687, step time: 0.02952
epoch: [16], step: [1211/1543], batch loss: 0.19195, batch accuracy: 81.29, data load time: 0.18811, step time: 0.03223
epoch: [16], step: [1311/1543], batch loss: 0.12826, batch accuracy: 88.56, data load time: 0.22299, step time: 0.02736
epoch: [16], step: [1411/1543], batch loss: 0.13026, batch accuracy: 97.13, data load time: 0.16797, step time: 0.03542
epoch: [16], step: [1511/1543], batch loss: 0.15948, batch accuracy: 79.63, data load time: 0.22962, step time: 0.03306
epoch: [17], step: [68/1543], batch loss: 0.14329, batch accuracy: 91.89, data load time: 0.07911, step time: 0.03436
epoch: [17], step: [168/1543], batch loss: 0.11592, batch accuracy: 86.89, data load time: 0.02787, step time: 0.03088
epoch: [17], step: [268/1543], batch loss: 0.23132, batch accuracy: 86.71, data load time: 0.11044, step time: 0.04142
epoch: [17], step: [368/1543], batch loss: 0.11484, batch accuracy: 91.23, data load time: 0.11816, step time: 0.02732
epoch: [17], step: [468/1543], batch loss: 0.15848, batch accuracy: 83.29, data load time: 0.20941, step time: 0.03300
epoch: [17], step: [568/1543], batch loss: 0.18810, batch accuracy: 84.87, data load time: 0.14859, step time: 0.03387
epoch: [17], step: [668/1543], batch loss: 0.11626, batch accuracy: 89.00, data load time: 0.09510, step time: 0.02938
epoch: [17], step: [768/1543], batch loss: 0.20157, batch accuracy: 81.03, data load time: 0.20045, step time: 0.03362
epoch: [17], step: [868/1543], batch loss: 0.16238, batch accuracy: 82.54, data load time: 0.21034, step time: 0.03100
epoch: [17], step: [968/1543], batch loss: 0.17625, batch accuracy: 82.62, data load time: 0.16174, step time: 0.03518
epoch: [17], step: [1068/1543], batch loss: 0.16038, batch accuracy: 93.37, data load time: 0.25611, step time: 0.03358
epoch: [17], step: [1168/1543], batch loss: 0.21349, batch accuracy: 88.96, data load time: 0.22613, step time: 0.03853
epoch: [17], step: [1268/1543], batch loss: 0.13834, batch accuracy: 90.35, data load time: 0.28184, step time: 0.03149
epoch: [17], step: [1368/1543], batch loss: 0.18181, batch accuracy: 85.25, data load time: 0.22356, step time: 0.03593
epoch: [17], step: [1468/1543], batch loss: 0.14735, batch accuracy: 88.74, data load time: 0.25224, step time: 0.03160
epoch: [18], step: [25/1543], batch loss: 0.14585, batch accuracy: 82.60, data load time: 0.11861, step time: 0.02892
epoch: [18], step: [125/1543], batch loss: 0.12969, batch accuracy: 88.19, data load time: 0.19225, step time: 0.03029
epoch: [18], step: [225/1543], batch loss: 0.13217, batch accuracy: 86.57, data load time: 0.09884, step time: 0.02955
epoch: [18], step: [325/1543], batch loss: 0.14241, batch accuracy: 80.48, data load time: 0.09187, step time: 0.03258
epoch: [18], step: [425/1543], batch loss: 0.21724, batch accuracy: 77.70, data load time: 0.11919, step time: 0.03508
epoch: [18], step: [525/1543], batch loss: 0.15631, batch accuracy: 87.56, data load time: 0.18135, step time: 0.03173
epoch: [18], step: [625/1543], batch loss: 0.17652, batch accuracy: 89.75, data load time: 0.15464, step time: 0.03020
epoch: [18], step: [725/1543], batch loss: 0.24833, batch accuracy: 77.57, data load time: 0.21318, step time: 0.03788
epoch: [18], step: [825/1543], batch loss: 0.14520, batch accuracy: 86.30, data load time: 0.19489, step time: 0.03512
epoch: [18], step: [925/1543], batch loss: 0.16477, batch accuracy: 88.28, data load time: 0.18782, step time: 0.03370
epoch: [18], step: [1025/1543], batch loss: 0.14258, batch accuracy: 90.09, data load time: 0.18025, step time: 0.03237
epoch: [18], step: [1125/1543], batch loss: 0.15476, batch accuracy: 72.43, data load time: 0.16973, step time: 0.02955
epoch: [18], step: [1225/1543], batch loss: 0.13956, batch accuracy: 88.24, data load time: 0.23047, step time: 0.02880
epoch: [18], step: [1325/1543], batch loss: 0.19536, batch accuracy: 80.58, data load time: 0.24405, step time: 0.03439
epoch: [18], step: [1425/1543], batch loss: 0.17128, batch accuracy: 83.94, data load time: 0.14442, step time: 0.03095
epoch: [18], step: [1525/1543], batch loss: 0.14192, batch accuracy: 86.00, data load time: 0.21191, step time: 0.03237
epoch: [19], step: [82/1543], batch loss: 0.22947, batch accuracy: 85.30, data load time: 0.19724, step time: 0.03836
epoch: [19], step: [182/1543], batch loss: 0.12660, batch accuracy: 89.46, data load time: 0.16190, step time: 0.03021
epoch: [19], step: [282/1543], batch loss: 0.12962, batch accuracy: 88.86, data load time: 0.13647, step time: 0.02799
epoch: [19], step: [382/1543], batch loss: 0.15079, batch accuracy: 88.29, data load time: 0.18361, step time: 0.03309
epoch: [19], step: [482/1543], batch loss: 0.12457, batch accuracy: 93.54, data load time: 0.12009, step time: 0.03942
epoch: [19], step: [582/1543], batch loss: 0.13390, batch accuracy: 91.94, data load time: 0.11545, step time: 0.03520
epoch: [19], step: [682/1543], batch loss: 0.17407, batch accuracy: 84.43, data load time: 0.16231, step time: 0.03353
epoch: [19], step: [782/1543], batch loss: 0.13136, batch accuracy: 87.85, data load time: 0.13610, step time: 0.02869
epoch: [19], step: [882/1543], batch loss: 0.12475, batch accuracy: 93.18, data load time: 0.12704, step time: 0.02867
epoch: [19], step: [982/1543], batch loss: 0.12124, batch accuracy: 87.83, data load time: 0.06583, step time: 0.03086
epoch: [19], step: [1082/1543], batch loss: 0.16532, batch accuracy: 81.73, data load time: 0.17827, step time: 0.03078
epoch: [19], step: [1182/1543], batch loss: 0.13943, batch accuracy: 90.22, data load time: 0.16126, step time: 0.03298
epoch: [19], step: [1282/1543], batch loss: 0.17473, batch accuracy: 81.25, data load time: 0.15093, step time: 0.02940
epoch: [19], step: [1382/1543], batch loss: 0.16671, batch accuracy: 92.50, data load time: 0.13314, step time: 0.03153
epoch: [19], step: [1482/1543], batch loss: 0.14477, batch accuracy: 89.88, data load time: 0.17006, step time: 0.03069
Epoch 00020: reducing learning rate of group 0 to 2.0000e-03.
EVALUATION METRICS:
-------------------------------------------------------------

Validation: AUC Score: 0.8394

-------------------------------------------------------------
validation loss: 0.16138, accuracy: 83.94
epoch: [20], step: [39/1543], batch loss: 0.23127, batch accuracy: 80.52, data load time: 0.18262, step time: 0.03626
epoch: [20], step: [139/1543], batch loss: 0.16311, batch accuracy: 85.18, data load time: 0.17985, step time: 0.03298
epoch: [20], step: [239/1543], batch loss: 0.21846, batch accuracy: 82.30, data load time: 0.12219, step time: 0.03504
epoch: [20], step: [339/1543], batch loss: 0.19137, batch accuracy: 84.58, data load time: 0.16138, step time: 0.03636
epoch: [20], step: [439/1543], batch loss: 0.13925, batch accuracy: 86.28, data load time: 0.11080, step time: 0.03135
epoch: [20], step: [539/1543], batch loss: 0.11136, batch accuracy: 95.61, data load time: 0.11661, step time: 0.02935
epoch: [20], step: [639/1543], batch loss: 0.17084, batch accuracy: 85.41, data load time: 0.10910, step time: 0.03295
epoch: [20], step: [739/1543], batch loss: 0.17959, batch accuracy: 81.88, data load time: 0.13909, step time: 0.03533
epoch: [20], step: [839/1543], batch loss: 0.15077, batch accuracy: 95.03, data load time: 0.19101, step time: 0.03247
epoch: [20], step: [939/1543], batch loss: 0.13975, batch accuracy: 89.21, data load time: 0.11769, step time: 0.02936
epoch: [20], step: [1039/1543], batch loss: 0.16649, batch accuracy: 88.23, data load time: 0.15595, step time: 0.03765
epoch: [20], step: [1139/1543], batch loss: 0.16130, batch accuracy: 75.98, data load time: 0.15042, step time: 0.02955
epoch: [20], step: [1239/1543], batch loss: 0.17426, batch accuracy: 88.29, data load time: 0.10025, step time: 0.03413
epoch: [20], step: [1339/1543], batch loss: 0.14301, batch accuracy: 84.47, data load time: 0.10261, step time: 0.02864
epoch: [20], step: [1439/1543], batch loss: 0.15892, batch accuracy: 86.36, data load time: 0.12800, step time: 0.03614
epoch: [20], step: [1539/1543], batch loss: 0.19977, batch accuracy: 87.45, data load time: 0.14427, step time: 0.03920
epoch: [21], step: [96/1543], batch loss: 0.14963, batch accuracy: 86.52, data load time: 0.10799, step time: 0.03017
epoch: [21], step: [196/1543], batch loss: 0.15480, batch accuracy: 88.05, data load time: 0.12020, step time: 0.03155
epoch: [21], step: [296/1543], batch loss: 0.14655, batch accuracy: 87.69, data load time: 0.17151, step time: 0.03491
epoch: [21], step: [396/1543], batch loss: 0.09925, batch accuracy: 97.30, data load time: 0.10768, step time: 0.03009
epoch: [21], step: [496/1543], batch loss: 0.18870, batch accuracy: 83.72, data load time: 0.14849, step time: 0.03433
epoch: [21], step: [596/1543], batch loss: 0.15135, batch accuracy: 90.69, data load time: 0.22835, step time: 0.03220
epoch: [21], step: [696/1543], batch loss: 0.14104, batch accuracy: 89.57, data load time: 0.18800, step time: 0.03077
epoch: [21], step: [796/1543], batch loss: 0.18889, batch accuracy: 88.67, data load time: 0.23655, step time: 0.03498
epoch: [21], step: [896/1543], batch loss: 0.17305, batch accuracy: 88.33, data load time: 0.17874, step time: 0.03643
epoch: [21], step: [996/1543], batch loss: 0.16485, batch accuracy: 88.40, data load time: 0.13436, step time: 0.03553
epoch: [21], step: [1096/1543], batch loss: 0.12381, batch accuracy: 91.19, data load time: 0.14118, step time: 0.03079
epoch: [21], step: [1196/1543], batch loss: 0.13275, batch accuracy: 90.79, data load time: 0.09266, step time: 0.02780
epoch: [21], step: [1296/1543], batch loss: 0.15386, batch accuracy: 86.82, data load time: 0.15513, step time: 0.03417
epoch: [21], step: [1396/1543], batch loss: 0.16267, batch accuracy: 86.56, data load time: 0.10122, step time: 0.03228
epoch: [21], step: [1496/1543], batch loss: 0.12618, batch accuracy: 90.80, data load time: 0.07603, step time: 0.03012
epoch: [22], step: [53/1543], batch loss: 0.11867, batch accuracy: 92.53, data load time: 0.12431, step time: 0.03080
epoch: [22], step: [153/1543], batch loss: 0.17489, batch accuracy: 91.27, data load time: 0.17026, step time: 0.03506
epoch: [22], step: [253/1543], batch loss: 0.15761, batch accuracy: 87.81, data load time: 0.15572, step time: 0.03734
epoch: [22], step: [353/1543], batch loss: 0.17256, batch accuracy: 90.50, data load time: 0.14947, step time: 0.03453
epoch: [22], step: [453/1543], batch loss: 0.12736, batch accuracy: 89.47, data load time: 0.23179, step time: 0.03006
epoch: [22], step: [553/1543], batch loss: 0.17417, batch accuracy: 90.00, data load time: 0.11728, step time: 0.03560
epoch: [22], step: [653/1543], batch loss: 0.14710, batch accuracy: 89.28, data load time: 0.12596, step time: 0.03139
epoch: [22], step: [753/1543], batch loss: 0.14376, batch accuracy: 90.92, data load time: 0.15184, step time: 0.03416
epoch: [22], step: [853/1543], batch loss: 0.18903, batch accuracy: 90.16, data load time: 0.18736, step time: 0.03549
epoch: [22], step: [953/1543], batch loss: 0.14744, batch accuracy: 89.39, data load time: 0.08312, step time: 0.03283
epoch: [22], step: [1053/1543], batch loss: 0.20593, batch accuracy: 81.97, data load time: 0.15312, step time: 0.03768
epoch: [22], step: [1153/1543], batch loss: 0.20206, batch accuracy: 82.35, data load time: 0.13383, step time: 0.03494
epoch: [22], step: [1253/1543], batch loss: 0.12799, batch accuracy: 93.58, data load time: 0.20218, step time: 0.03207
epoch: [22], step: [1353/1543], batch loss: 0.12991, batch accuracy: 89.23, data load time: 0.19252, step time: 0.02792
epoch: [22], step: [1453/1543], batch loss: 0.10899, batch accuracy: 95.02, data load time: 0.13056, step time: 0.03629
epoch: [23], step: [10/1543], batch loss: 0.14728, batch accuracy: 89.32, data load time: 0.09424, step time: 0.03398
epoch: [23], step: [110/1543], batch loss: 0.19209, batch accuracy: 83.90, data load time: 0.05421, step time: 0.03215
epoch: [23], step: [210/1543], batch loss: 0.14609, batch accuracy: 90.02, data load time: 0.18070, step time: 0.03097
epoch: [23], step: [310/1543], batch loss: 0.14639, batch accuracy: 91.41, data load time: 0.18923, step time: 0.03280
epoch: [23], step: [410/1543], batch loss: 0.14606, batch accuracy: 89.68, data load time: 0.06053, step time: 0.03635
epoch: [23], step: [510/1543], batch loss: 0.15368, batch accuracy: 87.95, data load time: 0.04889, step time: 0.03346
epoch: [23], step: [610/1543], batch loss: 0.17223, batch accuracy: 83.03, data load time: 0.17404, step time: 0.04069
epoch: [23], step: [710/1543], batch loss: 0.12163, batch accuracy: 88.22, data load time: 0.13222, step time: 0.02808
epoch: [23], step: [810/1543], batch loss: 0.16427, batch accuracy: 88.37, data load time: 0.14229, step time: 0.03150
epoch: [23], step: [910/1543], batch loss: 0.16087, batch accuracy: 91.17, data load time: 0.12840, step time: 0.03278
epoch: [23], step: [1010/1543], batch loss: 0.13868, batch accuracy: 87.07, data load time: 0.17812, step time: 0.02949
epoch: [23], step: [1110/1543], batch loss: 0.20312, batch accuracy: 70.35, data load time: 0.16541, step time: 0.03298
epoch: [23], step: [1210/1543], batch loss: 0.20406, batch accuracy: 86.87, data load time: 0.14175, step time: 0.03600
epoch: [23], step: [1310/1543], batch loss: 0.21791, batch accuracy: 85.49, data load time: 0.14793, step time: 0.03293
epoch: [23], step: [1410/1543], batch loss: 0.14650, batch accuracy: 91.21, data load time: 0.18607, step time: 0.03290
epoch: [23], step: [1510/1543], batch loss: 0.14522, batch accuracy: 85.75, data load time: 0.17957, step time: 0.03625
epoch: [24], step: [67/1543], batch loss: 0.15581, batch accuracy: 87.04, data load time: 0.19085, step time: 0.03296
epoch: [24], step: [167/1543], batch loss: 0.18448, batch accuracy: 85.93, data load time: 0.20265, step time: 0.04013
epoch: [24], step: [267/1543], batch loss: 0.11443, batch accuracy: 95.51, data load time: 0.21243, step time: 0.03081
epoch: [24], step: [367/1543], batch loss: 0.11590, batch accuracy: 86.85, data load time: 0.19281, step time: 0.02945
epoch: [24], step: [467/1543], batch loss: 0.16795, batch accuracy: 88.30, data load time: 0.18871, step time: 0.03517
epoch: [24], step: [567/1543], batch loss: 0.15739, batch accuracy: 88.28, data load time: 0.17767, step time: 0.03414
epoch: [24], step: [667/1543], batch loss: 0.13266, batch accuracy: 92.40, data load time: 0.17861, step time: 0.03094
epoch: [24], step: [767/1543], batch loss: 0.15625, batch accuracy: 88.63, data load time: 0.21542, step time: 0.03433
epoch: [24], step: [867/1543], batch loss: 0.13519, batch accuracy: 87.63, data load time: 0.07188, step time: 0.03224
epoch: [24], step: [967/1543], batch loss: 0.12300, batch accuracy: 93.05, data load time: 0.17759, step time: 0.03084
epoch: [24], step: [1067/1543], batch loss: 0.14655, batch accuracy: 90.63, data load time: 0.13931, step time: 0.03132
epoch: [24], step: [1167/1543], batch loss: 0.12543, batch accuracy: 91.23, data load time: 0.19068, step time: 0.03527
epoch: [24], step: [1267/1543], batch loss: 0.15456, batch accuracy: 85.61, data load time: 0.14146, step time: 0.03017
epoch: [24], step: [1367/1543], batch loss: 0.16953, batch accuracy: 82.87, data load time: 0.07544, step time: 0.03089
epoch: [24], step: [1467/1543], batch loss: 0.15796, batch accuracy: 89.72, data load time: 0.16324, step time: 0.03227
EVALUATION METRICS:
-------------------------------------------------------------

Validation: AUC Score: 0.8473

-------------------------------------------------------------
validation loss: 0.15440, accuracy: 84.73
EVALUATION METRICS:
-------------------------------------------------------------

Test: AUC Score: 0.8517

-------------------------------------------------------------
validation loss: 0.45391, accuracy: 85.17
