Loading data from /mnt/storage/scratch/ee20947/MagnaTagATune/annotations/train.pkl...
Loading data from /mnt/storage/scratch/ee20947/MagnaTagATune/annotations/train.pkl...
Loading data from /mnt/storage/scratch/ee20947/MagnaTagATune/annotations/val.pkl...
Loading data from /mnt/storage/scratch/ee20947/MagnaTagATune/annotations/test.pkl...
Writing logs to logs/CNN_sgd_momentum=0.95_learning_rate=0.07_conv_length=256_conv_stride=256_weight_decay=1e-05_run_1
epoch: [0], step: [99/1543], batch loss: 0.21899, batch accuracy: 65.72, data load time: 0.21526, step time: 0.03644
epoch: [0], step: [199/1543], batch loss: 0.20906, batch accuracy: 69.51, data load time: 0.21477, step time: 0.03920
epoch: [0], step: [299/1543], batch loss: 0.22393, batch accuracy: 62.25, data load time: 0.27126, step time: 0.03855
epoch: [0], step: [399/1543], batch loss: 0.18132, batch accuracy: 69.55, data load time: 0.20079, step time: 0.03274
epoch: [0], step: [499/1543], batch loss: 0.22792, batch accuracy: 54.82, data load time: 0.23414, step time: 0.03345
epoch: [0], step: [599/1543], batch loss: 0.18084, batch accuracy: 72.84, data load time: 0.24898, step time: 0.03567
epoch: [0], step: [699/1543], batch loss: 0.21719, batch accuracy: 63.58, data load time: 0.22168, step time: 0.03642
epoch: [0], step: [799/1543], batch loss: 0.27209, batch accuracy: 76.78, data load time: 0.23801, step time: 0.03925
epoch: [0], step: [899/1543], batch loss: 0.18224, batch accuracy: 77.15, data load time: 0.27245, step time: 0.03483
epoch: [0], step: [999/1543], batch loss: 0.23084, batch accuracy: 75.93, data load time: 0.25195, step time: 0.03781
epoch: [0], step: [1099/1543], batch loss: 0.20596, batch accuracy: 65.75, data load time: 0.27409, step time: 0.03555
epoch: [0], step: [1199/1543], batch loss: 0.21532, batch accuracy: 75.87, data load time: 0.23796, step time: 0.03784
epoch: [0], step: [1299/1543], batch loss: 0.21328, batch accuracy: 80.16, data load time: 0.24336, step time: 0.03644
epoch: [0], step: [1399/1543], batch loss: 0.16689, batch accuracy: 81.19, data load time: 0.29179, step time: 0.03282
epoch: [0], step: [1499/1543], batch loss: 0.22076, batch accuracy: 71.19, data load time: 0.23567, step time: 0.03653
epoch: [1], step: [56/1543], batch loss: 0.17323, batch accuracy: 78.12, data load time: 0.14010, step time: 0.03805
epoch: [1], step: [156/1543], batch loss: 0.23408, batch accuracy: 61.89, data load time: 0.05453, step time: 0.03374
epoch: [1], step: [256/1543], batch loss: 0.21689, batch accuracy: 74.27, data load time: 0.19658, step time: 0.03663
epoch: [1], step: [356/1543], batch loss: 0.23451, batch accuracy: 77.36, data load time: 0.24008, step time: 0.04085
epoch: [1], step: [456/1543], batch loss: 0.25346, batch accuracy: 74.49, data load time: 0.18662, step time: 0.04172
epoch: [1], step: [556/1543], batch loss: 0.19198, batch accuracy: 74.14, data load time: 0.17552, step time: 0.03306
epoch: [1], step: [656/1543], batch loss: 0.20996, batch accuracy: 73.99, data load time: 0.18874, step time: 0.03672
epoch: [1], step: [756/1543], batch loss: 0.17115, batch accuracy: 63.03, data load time: 0.18310, step time: 0.03155
epoch: [1], step: [856/1543], batch loss: 0.25827, batch accuracy: 50.16, data load time: 0.21410, step time: 0.03300
epoch: [1], step: [956/1543], batch loss: 0.19137, batch accuracy: 82.26, data load time: 0.20439, step time: 0.03449
epoch: [1], step: [1056/1543], batch loss: 0.19911, batch accuracy: 64.69, data load time: 0.18562, step time: 0.03750
epoch: [1], step: [1156/1543], batch loss: 0.22773, batch accuracy: 72.78, data load time: 0.24826, step time: 0.03940
epoch: [1], step: [1256/1543], batch loss: 0.14604, batch accuracy: 76.11, data load time: 0.25886, step time: 0.03150
epoch: [1], step: [1356/1543], batch loss: 0.16769, batch accuracy: 66.73, data load time: 0.26522, step time: 0.03227
epoch: [1], step: [1456/1543], batch loss: 0.18090, batch accuracy: 84.62, data load time: 0.22615, step time: 0.03736
epoch: [2], step: [13/1543], batch loss: 0.17194, batch accuracy: 70.24, data load time: 0.18751, step time: 0.03518
epoch: [2], step: [113/1543], batch loss: 0.22113, batch accuracy: 74.94, data load time: 0.18526, step time: 0.03657
epoch: [2], step: [213/1543], batch loss: 0.17407, batch accuracy: 78.85, data load time: 0.14426, step time: 0.03446
epoch: [2], step: [313/1543], batch loss: 0.21547, batch accuracy: 67.13, data load time: 0.15484, step time: 0.03665
epoch: [2], step: [413/1543], batch loss: 0.19599, batch accuracy: 75.61, data load time: 0.19964, step time: 0.03665
epoch: [2], step: [513/1543], batch loss: 0.19527, batch accuracy: 86.87, data load time: 0.15139, step time: 0.03591
epoch: [2], step: [613/1543], batch loss: 0.16693, batch accuracy: 93.96, data load time: 0.19929, step time: 0.03808
epoch: [2], step: [713/1543], batch loss: 0.18527, batch accuracy: 85.70, data load time: 0.21036, step time: 0.03670
epoch: [2], step: [813/1543], batch loss: 0.14454, batch accuracy: 86.18, data load time: 0.22616, step time: 0.03142
epoch: [2], step: [913/1543], batch loss: 0.20615, batch accuracy: 73.67, data load time: 0.19097, step time: 0.03654
epoch: [2], step: [1013/1543], batch loss: 0.19524, batch accuracy: 84.35, data load time: 0.19092, step time: 0.04087
epoch: [2], step: [1113/1543], batch loss: 0.16648, batch accuracy: 85.70, data load time: 0.23475, step time: 0.03810
epoch: [2], step: [1213/1543], batch loss: 0.18877, batch accuracy: 82.03, data load time: 0.21648, step time: 0.03807
epoch: [2], step: [1313/1543], batch loss: 0.18661, batch accuracy: 83.79, data load time: 0.20692, step time: 0.03584
epoch: [2], step: [1413/1543], batch loss: 0.18619, batch accuracy: 78.03, data load time: 0.21928, step time: 0.03656
epoch: [2], step: [1513/1543], batch loss: 0.14797, batch accuracy: 74.84, data load time: 0.22596, step time: 0.03228
epoch: [3], step: [70/1543], batch loss: 0.19608, batch accuracy: 67.40, data load time: 0.07872, step time: 0.03605
epoch: [3], step: [170/1543], batch loss: 0.17008, batch accuracy: 76.44, data load time: 0.16038, step time: 0.03446
epoch: [3], step: [270/1543], batch loss: 0.26283, batch accuracy: 69.31, data load time: 0.12491, step time: 0.03804
epoch: [3], step: [370/1543], batch loss: 0.18996, batch accuracy: 69.39, data load time: 0.16665, step time: 0.03588
epoch: [3], step: [470/1543], batch loss: 0.18781, batch accuracy: 85.47, data load time: 0.14304, step time: 0.03882
epoch: [3], step: [570/1543], batch loss: 0.17582, batch accuracy: 79.47, data load time: 0.17926, step time: 0.03602
epoch: [3], step: [670/1543], batch loss: 0.18961, batch accuracy: 75.06, data load time: 0.17336, step time: 0.03657
epoch: [3], step: [770/1543], batch loss: 0.17452, batch accuracy: 76.84, data load time: 0.13251, step time: 0.03519
epoch: [3], step: [870/1543], batch loss: 0.16428, batch accuracy: 79.13, data load time: 0.17605, step time: 0.03513
epoch: [3], step: [970/1543], batch loss: 0.18287, batch accuracy: 83.46, data load time: 0.18888, step time: 0.03873
epoch: [3], step: [1070/1543], batch loss: 0.17079, batch accuracy: 81.52, data load time: 0.20033, step time: 0.03447
epoch: [3], step: [1170/1543], batch loss: 0.13296, batch accuracy: 87.18, data load time: 0.22130, step time: 0.03466
epoch: [3], step: [1270/1543], batch loss: 0.16073, batch accuracy: 78.15, data load time: 0.21177, step time: 0.03529
epoch: [3], step: [1370/1543], batch loss: 0.15750, batch accuracy: 88.48, data load time: 0.25572, step time: 0.03735
epoch: [3], step: [1470/1543], batch loss: 0.24400, batch accuracy: 67.54, data load time: 0.21117, step time: 0.03947
epoch: [4], step: [27/1543], batch loss: 0.16251, batch accuracy: 69.16, data load time: 0.16910, step time: 0.03238
epoch: [4], step: [127/1543], batch loss: 0.16465, batch accuracy: 76.40, data load time: 0.21732, step time: 0.03657
epoch: [4], step: [227/1543], batch loss: 0.20051, batch accuracy: 72.66, data load time: 0.20032, step time: 0.03592
epoch: [4], step: [327/1543], batch loss: 0.15234, batch accuracy: 82.31, data load time: 0.18916, step time: 0.03367
epoch: [4], step: [427/1543], batch loss: 0.14671, batch accuracy: 78.42, data load time: 0.23772, step time: 0.03370
epoch: [4], step: [527/1543], batch loss: 0.16921, batch accuracy: 85.42, data load time: 0.22582, step time: 0.03509
epoch: [4], step: [627/1543], batch loss: 0.21694, batch accuracy: 83.26, data load time: 0.23888, step time: 0.04085
epoch: [4], step: [727/1543], batch loss: 0.21120, batch accuracy: 72.36, data load time: 0.20925, step time: 0.03593
epoch: [4], step: [827/1543], batch loss: 0.17958, batch accuracy: 70.69, data load time: 0.20303, step time: 0.03437
epoch: [4], step: [927/1543], batch loss: 0.19326, batch accuracy: 82.91, data load time: 0.23647, step time: 0.03654
epoch: [4], step: [1027/1543], batch loss: 0.20700, batch accuracy: 83.28, data load time: 0.24749, step time: 0.03797
epoch: [4], step: [1127/1543], batch loss: 0.17137, batch accuracy: 81.72, data load time: 0.22527, step time: 0.03293
epoch: [4], step: [1227/1543], batch loss: 0.15803, batch accuracy: 79.91, data load time: 0.24533, step time: 0.03382
epoch: [4], step: [1327/1543], batch loss: 0.15482, batch accuracy: 90.27, data load time: 0.21700, step time: 0.03791
epoch: [4], step: [1427/1543], batch loss: 0.18783, batch accuracy: 80.09, data load time: 0.27794, step time: 0.03798
epoch: [4], step: [1527/1543], batch loss: 0.21504, batch accuracy: 71.42, data load time: 0.27853, step time: 0.03669
EVALUATION METRICS:
-------------------------------------------------------------

Validation: AUC Score: 0.7890

-------------------------------------------------------------
validation loss: 0.19038, accuracy: 78.90
epoch: [5], step: [84/1543], batch loss: 0.16676, batch accuracy: 87.46, data load time: 0.21783, step time: 0.03703
epoch: [5], step: [184/1543], batch loss: 0.18085, batch accuracy: 77.12, data load time: 0.19014, step time: 0.03726
epoch: [5], step: [284/1543], batch loss: 0.15481, batch accuracy: 83.76, data load time: 0.22834, step time: 0.03796
epoch: [5], step: [384/1543], batch loss: 0.17168, batch accuracy: 79.24, data load time: 0.19545, step time: 0.03204
epoch: [5], step: [484/1543], batch loss: 0.14414, batch accuracy: 78.34, data load time: 0.19841, step time: 0.03219
epoch: [5], step: [584/1543], batch loss: 0.19273, batch accuracy: 79.28, data load time: 0.25085, step time: 0.03578
epoch: [5], step: [684/1543], batch loss: 0.19414, batch accuracy: 89.29, data load time: 0.21288, step time: 0.03723
epoch: [5], step: [784/1543], batch loss: 0.15704, batch accuracy: 85.67, data load time: 0.22804, step time: 0.03632
epoch: [5], step: [884/1543], batch loss: 0.17328, batch accuracy: 83.23, data load time: 0.27196, step time: 0.03636
epoch: [5], step: [984/1543], batch loss: 0.18561, batch accuracy: 80.65, data load time: 0.24634, step time: 0.03855
epoch: [5], step: [1084/1543], batch loss: 0.17686, batch accuracy: 77.43, data load time: 0.21697, step time: 0.03653
epoch: [5], step: [1184/1543], batch loss: 0.15688, batch accuracy: 83.95, data load time: 0.22785, step time: 0.03216
epoch: [5], step: [1284/1543], batch loss: 0.16854, batch accuracy: 80.94, data load time: 0.25312, step time: 0.03636
epoch: [5], step: [1384/1543], batch loss: 0.15657, batch accuracy: 75.86, data load time: 0.22480, step time: 0.03284
epoch: [5], step: [1484/1543], batch loss: 0.16861, batch accuracy: 83.09, data load time: 0.25755, step time: 0.03216
epoch: [6], step: [41/1543], batch loss: 0.17397, batch accuracy: 91.21, data load time: 0.15832, step time: 0.03930
epoch: [6], step: [141/1543], batch loss: 0.16701, batch accuracy: 85.63, data load time: 0.19153, step time: 0.03737
epoch: [6], step: [241/1543], batch loss: 0.21870, batch accuracy: 71.27, data load time: 0.23286, step time: 0.03530
epoch: [6], step: [341/1543], batch loss: 0.16853, batch accuracy: 71.96, data load time: 0.16166, step time: 0.03445
epoch: [6], step: [441/1543], batch loss: 0.18851, batch accuracy: 84.87, data load time: 0.25885, step time: 0.03811
epoch: [6], step: [541/1543], batch loss: 0.16375, batch accuracy: 83.43, data load time: 0.23782, step time: 0.03582
epoch: [6], step: [641/1543], batch loss: 0.14990, batch accuracy: 90.94, data load time: 0.25468, step time: 0.03376
epoch: [6], step: [741/1543], batch loss: 0.13749, batch accuracy: 72.89, data load time: 0.23277, step time: 0.03017
epoch: [6], step: [841/1543], batch loss: 0.12489, batch accuracy: 90.50, data load time: 0.22457, step time: 0.03367
epoch: [6], step: [941/1543], batch loss: 0.18699, batch accuracy: 77.94, data load time: 0.23551, step time: 0.03876
epoch: [6], step: [1041/1543], batch loss: 0.12645, batch accuracy: 89.55, data load time: 0.27586, step time: 0.03016
epoch: [6], step: [1141/1543], batch loss: 0.19402, batch accuracy: 77.10, data load time: 0.24319, step time: 0.03878
epoch: [6], step: [1241/1543], batch loss: 0.17330, batch accuracy: 87.53, data load time: 0.22566, step time: 0.03949
epoch: [6], step: [1341/1543], batch loss: 0.22302, batch accuracy: 84.47, data load time: 0.24357, step time: 0.03939
epoch: [6], step: [1441/1543], batch loss: 0.20146, batch accuracy: 77.85, data load time: 0.23534, step time: 0.03526
epoch: [6], step: [1541/1543], batch loss: 0.19345, batch accuracy: 80.11, data load time: 0.28323, step time: 0.03709
epoch: [7], step: [98/1543], batch loss: 0.16317, batch accuracy: 76.35, data load time: 0.18383, step time: 0.03445
epoch: [7], step: [198/1543], batch loss: 0.17886, batch accuracy: 74.97, data load time: 0.21062, step time: 0.03591
epoch: [7], step: [298/1543], batch loss: 0.13335, batch accuracy: 89.37, data load time: 0.20785, step time: 0.03436
epoch: [7], step: [398/1543], batch loss: 0.16890, batch accuracy: 81.48, data load time: 0.21388, step time: 0.03468
epoch: [7], step: [498/1543], batch loss: 0.15126, batch accuracy: 93.06, data load time: 0.21874, step time: 0.03517
epoch: [7], step: [598/1543], batch loss: 0.15579, batch accuracy: 75.53, data load time: 0.22370, step time: 0.03369
epoch: [7], step: [698/1543], batch loss: 0.22086, batch accuracy: 77.62, data load time: 0.29385, step time: 0.04039
epoch: [7], step: [798/1543], batch loss: 0.17579, batch accuracy: 83.58, data load time: 0.24197, step time: 0.03655
epoch: [7], step: [898/1543], batch loss: 0.13220, batch accuracy: 89.97, data load time: 0.20466, step time: 0.03365
epoch: [7], step: [998/1543], batch loss: 0.18707, batch accuracy: 82.26, data load time: 0.19591, step time: 0.03512
epoch: [7], step: [1098/1543], batch loss: 0.14865, batch accuracy: 83.00, data load time: 0.26954, step time: 0.03445
epoch: [7], step: [1198/1543], batch loss: 0.17494, batch accuracy: 84.53, data load time: 0.21853, step time: 0.03665
epoch: [7], step: [1298/1543], batch loss: 0.19968, batch accuracy: 86.32, data load time: 0.24217, step time: 0.03952
epoch: [7], step: [1398/1543], batch loss: 0.14713, batch accuracy: 88.43, data load time: 0.20748, step time: 0.04026
epoch: [7], step: [1498/1543], batch loss: 0.27225, batch accuracy: 72.63, data load time: 0.26562, step time: 0.04012
epoch: [8], step: [55/1543], batch loss: 0.15181, batch accuracy: 84.95, data load time: 0.15959, step time: 0.03590
epoch: [8], step: [155/1543], batch loss: 0.15610, batch accuracy: 84.48, data load time: 0.21957, step time: 0.03300
epoch: [8], step: [255/1543], batch loss: 0.17967, batch accuracy: 81.97, data load time: 0.15942, step time: 0.03815
epoch: [8], step: [355/1543], batch loss: 0.20986, batch accuracy: 78.82, data load time: 0.24830, step time: 0.03586
epoch: [8], step: [455/1543], batch loss: 0.20331, batch accuracy: 87.27, data load time: 0.27117, step time: 0.03738
epoch: [8], step: [555/1543], batch loss: 0.22979, batch accuracy: 77.31, data load time: 0.22203, step time: 0.03591
epoch: [8], step: [655/1543], batch loss: 0.25237, batch accuracy: 79.72, data load time: 0.21589, step time: 0.04094
epoch: [8], step: [755/1543], batch loss: 0.12425, batch accuracy: 94.88, data load time: 0.23324, step time: 0.03224
epoch: [8], step: [855/1543], batch loss: 0.17872, batch accuracy: 84.88, data load time: 0.30904, step time: 0.03647
epoch: [8], step: [955/1543], batch loss: 0.19667, batch accuracy: 84.68, data load time: 0.25392, step time: 0.03732
epoch: [8], step: [1055/1543], batch loss: 0.19941, batch accuracy: 75.88, data load time: 0.20337, step time: 0.03901
epoch: [8], step: [1155/1543], batch loss: 0.17670, batch accuracy: 80.90, data load time: 0.23936, step time: 0.03726
epoch: [8], step: [1255/1543], batch loss: 0.12038, batch accuracy: 81.30, data load time: 0.23751, step time: 0.03004
epoch: [8], step: [1355/1543], batch loss: 0.18145, batch accuracy: 77.85, data load time: 0.24425, step time: 0.03660
epoch: [8], step: [1455/1543], batch loss: 0.15552, batch accuracy: 92.63, data load time: 0.23955, step time: 0.03800
epoch: [9], step: [12/1543], batch loss: 0.18355, batch accuracy: 84.98, data load time: 0.21547, step time: 0.03756
epoch: [9], step: [112/1543], batch loss: 0.16831, batch accuracy: 85.24, data load time: 0.16989, step time: 0.03720
epoch: [9], step: [212/1543], batch loss: 0.16329, batch accuracy: 76.95, data load time: 0.18497, step time: 0.03593
epoch: [9], step: [312/1543], batch loss: 0.14912, batch accuracy: 88.74, data load time: 0.20227, step time: 0.03397
epoch: [9], step: [412/1543], batch loss: 0.15610, batch accuracy: 87.39, data load time: 0.20879, step time: 0.03726
epoch: [9], step: [512/1543], batch loss: 0.17121, batch accuracy: 90.30, data load time: 0.25005, step time: 0.03826
epoch: [9], step: [612/1543], batch loss: 0.17045, batch accuracy: 86.25, data load time: 0.21322, step time: 0.03653
epoch: [9], step: [712/1543], batch loss: 0.15926, batch accuracy: 79.89, data load time: 0.21243, step time: 0.03432
epoch: [9], step: [812/1543], batch loss: 0.17995, batch accuracy: 85.29, data load time: 0.24912, step time: 0.03793
epoch: [9], step: [912/1543], batch loss: 0.15951, batch accuracy: 83.56, data load time: 0.22808, step time: 0.03504
epoch: [9], step: [1012/1543], batch loss: 0.19107, batch accuracy: 83.64, data load time: 0.22518, step time: 0.03785
epoch: [9], step: [1112/1543], batch loss: 0.16848, batch accuracy: 85.12, data load time: 0.28841, step time: 0.03594
epoch: [9], step: [1212/1543], batch loss: 0.18428, batch accuracy: 88.43, data load time: 0.21585, step time: 0.03662
epoch: [9], step: [1312/1543], batch loss: 0.14197, batch accuracy: 94.87, data load time: 0.28545, step time: 0.03583
epoch: [9], step: [1412/1543], batch loss: 0.14376, batch accuracy: 83.33, data load time: 0.23803, step time: 0.03358
epoch: [9], step: [1512/1543], batch loss: 0.20313, batch accuracy: 84.98, data load time: 0.23625, step time: 0.03733
EVALUATION METRICS:
-------------------------------------------------------------

Validation: AUC Score: 0.8010

-------------------------------------------------------------
validation loss: 0.17799, accuracy: 80.10
epoch: [10], step: [69/1543], batch loss: 0.19360, batch accuracy: 70.74, data load time: 0.17672, step time: 0.03444
epoch: [10], step: [169/1543], batch loss: 0.15323, batch accuracy: 82.41, data load time: 0.23171, step time: 0.03370
epoch: [10], step: [269/1543], batch loss: 0.24592, batch accuracy: 81.27, data load time: 0.21058, step time: 0.04221
epoch: [10], step: [369/1543], batch loss: 0.15626, batch accuracy: 87.06, data load time: 0.22803, step time: 0.03444
epoch: [10], step: [469/1543], batch loss: 0.20950, batch accuracy: 80.13, data load time: 0.23902, step time: 0.04155
epoch: [10], step: [569/1543], batch loss: 0.15365, batch accuracy: 86.72, data load time: 0.21176, step time: 0.03274
epoch: [10], step: [669/1543], batch loss: 0.19603, batch accuracy: 87.55, data load time: 0.24495, step time: 0.03869
epoch: [10], step: [769/1543], batch loss: 0.22410, batch accuracy: 83.39, data load time: 0.21739, step time: 0.04214
epoch: [10], step: [869/1543], batch loss: 0.17919, batch accuracy: 81.06, data load time: 0.24671, step time: 0.03791
epoch: [10], step: [969/1543], batch loss: 0.13975, batch accuracy: 85.90, data load time: 0.25563, step time: 0.03351
epoch: [10], step: [1069/1543], batch loss: 0.16906, batch accuracy: 83.60, data load time: 0.22002, step time: 0.03656
epoch: [10], step: [1169/1543], batch loss: 0.15670, batch accuracy: 79.90, data load time: 0.26239, step time: 0.03433
epoch: [10], step: [1269/1543], batch loss: 0.19118, batch accuracy: 88.42, data load time: 0.24881, step time: 0.04005
epoch: [10], step: [1369/1543], batch loss: 0.15515, batch accuracy: 88.80, data load time: 0.24217, step time: 0.03987
epoch: [10], step: [1469/1543], batch loss: 0.23315, batch accuracy: 75.56, data load time: 0.24320, step time: 0.03786
epoch: [11], step: [26/1543], batch loss: 0.19983, batch accuracy: 82.59, data load time: 0.17110, step time: 0.03660
epoch: [11], step: [126/1543], batch loss: 0.17414, batch accuracy: 82.16, data load time: 0.21990, step time: 0.03814
epoch: [11], step: [226/1543], batch loss: 0.15814, batch accuracy: 84.17, data load time: 0.20466, step time: 0.03439
epoch: [11], step: [326/1543], batch loss: 0.16209, batch accuracy: 85.14, data load time: 0.23181, step time: 0.03072
epoch: [11], step: [426/1543], batch loss: 0.15322, batch accuracy: 82.12, data load time: 0.19243, step time: 0.03494
epoch: [11], step: [526/1543], batch loss: 0.20447, batch accuracy: 78.58, data load time: 0.20943, step time: 0.04123
epoch: [11], step: [626/1543], batch loss: 0.20348, batch accuracy: 77.46, data load time: 0.23043, step time: 0.03867
epoch: [11], step: [726/1543], batch loss: 0.17122, batch accuracy: 87.72, data load time: 0.25296, step time: 0.03563
epoch: [11], step: [826/1543], batch loss: 0.14233, batch accuracy: 84.97, data load time: 0.22337, step time: 0.03505
epoch: [11], step: [926/1543], batch loss: 0.15707, batch accuracy: 92.16, data load time: 0.24133, step time: 0.04089
epoch: [11], step: [1026/1543], batch loss: 0.20850, batch accuracy: 80.12, data load time: 0.23136, step time: 0.03726
epoch: [11], step: [1126/1543], batch loss: 0.17003, batch accuracy: 78.01, data load time: 0.22775, step time: 0.03656
epoch: [11], step: [1226/1543], batch loss: 0.17581, batch accuracy: 84.84, data load time: 0.24702, step time: 0.03776
epoch: [11], step: [1326/1543], batch loss: 0.17542, batch accuracy: 78.05, data load time: 0.32346, step time: 0.03718
epoch: [11], step: [1426/1543], batch loss: 0.15780, batch accuracy: 83.21, data load time: 0.23072, step time: 0.03430
epoch: [11], step: [1526/1543], batch loss: 0.13244, batch accuracy: 79.43, data load time: 0.27516, step time: 0.03138
epoch: [12], step: [83/1543], batch loss: 0.20151, batch accuracy: 81.63, data load time: 0.23643, step time: 0.03551
epoch: [12], step: [183/1543], batch loss: 0.18636, batch accuracy: 82.31, data load time: 0.14544, step time: 0.03671
epoch: [12], step: [283/1543], batch loss: 0.20207, batch accuracy: 82.64, data load time: 0.22435, step time: 0.03701
epoch: [12], step: [383/1543], batch loss: 0.13119, batch accuracy: 90.09, data load time: 0.20258, step time: 0.03225
epoch: [12], step: [483/1543], batch loss: 0.20140, batch accuracy: 82.81, data load time: 0.21486, step time: 0.03657
epoch: [12], step: [583/1543], batch loss: 0.13392, batch accuracy: 93.81, data load time: 0.22270, step time: 0.03888
epoch: [12], step: [683/1543], batch loss: 0.15253, batch accuracy: 85.39, data load time: 0.23628, step time: 0.03522
epoch: [12], step: [783/1543], batch loss: 0.23676, batch accuracy: 74.66, data load time: 0.21834, step time: 0.04034
epoch: [12], step: [883/1543], batch loss: 0.18140, batch accuracy: 76.81, data load time: 0.21626, step time: 0.03390
epoch: [12], step: [983/1543], batch loss: 0.17632, batch accuracy: 81.47, data load time: 0.21354, step time: 0.03653
epoch: [12], step: [1083/1543], batch loss: 0.25837, batch accuracy: 75.51, data load time: 0.21065, step time: 0.03981
epoch: [12], step: [1183/1543], batch loss: 0.14358, batch accuracy: 90.24, data load time: 0.24748, step time: 0.03380
epoch: [12], step: [1283/1543], batch loss: 0.15675, batch accuracy: 83.50, data load time: 0.22055, step time: 0.03673
epoch: [12], step: [1383/1543], batch loss: 0.18523, batch accuracy: 83.16, data load time: 0.22101, step time: 0.03525
epoch: [12], step: [1483/1543], batch loss: 0.20278, batch accuracy: 77.18, data load time: 0.19632, step time: 0.03587
epoch: [13], step: [40/1543], batch loss: 0.11711, batch accuracy: 86.87, data load time: 0.23244, step time: 0.02947
epoch: [13], step: [140/1543], batch loss: 0.13703, batch accuracy: 86.93, data load time: 0.20562, step time: 0.03543
epoch: [13], step: [240/1543], batch loss: 0.18647, batch accuracy: 80.14, data load time: 0.17439, step time: 0.03593
epoch: [13], step: [340/1543], batch loss: 0.17959, batch accuracy: 86.83, data load time: 0.21616, step time: 0.03662
epoch: [13], step: [440/1543], batch loss: 0.19267, batch accuracy: 78.44, data load time: 0.19444, step time: 0.03793
epoch: [13], step: [540/1543], batch loss: 0.16470, batch accuracy: 84.71, data load time: 0.18689, step time: 0.03662
epoch: [13], step: [640/1543], batch loss: 0.16818, batch accuracy: 88.60, data load time: 0.22211, step time: 0.03504
epoch: [13], step: [740/1543], batch loss: 0.15983, batch accuracy: 85.56, data load time: 0.22511, step time: 0.03673
epoch: [13], step: [840/1543], batch loss: 0.17486, batch accuracy: 85.84, data load time: 0.20749, step time: 0.03594
epoch: [13], step: [940/1543], batch loss: 0.20399, batch accuracy: 78.05, data load time: 0.23039, step time: 0.03825
epoch: [13], step: [1040/1543], batch loss: 0.14757, batch accuracy: 82.34, data load time: 0.24342, step time: 0.03442
epoch: [13], step: [1140/1543], batch loss: 0.19237, batch accuracy: 82.05, data load time: 0.26216, step time: 0.03801
epoch: [13], step: [1240/1543], batch loss: 0.16097, batch accuracy: 74.19, data load time: 0.24971, step time: 0.03218
epoch: [13], step: [1340/1543], batch loss: 0.20857, batch accuracy: 85.09, data load time: 0.20329, step time: 0.04019
epoch: [13], step: [1440/1543], batch loss: 0.16258, batch accuracy: 85.76, data load time: 0.17368, step time: 0.03667
epoch: [13], step: [1540/1543], batch loss: 0.16833, batch accuracy: 84.65, data load time: 0.17316, step time: 0.03706
epoch: [14], step: [97/1543], batch loss: 0.15948, batch accuracy: 82.41, data load time: 0.14861, step time: 0.03789
epoch: [14], step: [197/1543], batch loss: 0.26455, batch accuracy: 82.44, data load time: 0.16073, step time: 0.04241
epoch: [14], step: [297/1543], batch loss: 0.14556, batch accuracy: 94.86, data load time: 0.11413, step time: 0.03552
epoch: [14], step: [397/1543], batch loss: 0.15767, batch accuracy: 85.57, data load time: 0.16543, step time: 0.03735
epoch: [14], step: [497/1543], batch loss: 0.13315, batch accuracy: 88.11, data load time: 0.18770, step time: 0.03235
epoch: [14], step: [597/1543], batch loss: 0.22647, batch accuracy: 84.66, data load time: 0.16964, step time: 0.03952
epoch: [14], step: [697/1543], batch loss: 0.13594, batch accuracy: 89.89, data load time: 0.19185, step time: 0.03598
epoch: [14], step: [797/1543], batch loss: 0.15770, batch accuracy: 80.74, data load time: 0.18491, step time: 0.03445
epoch: [14], step: [897/1543], batch loss: 0.23192, batch accuracy: 83.69, data load time: 0.20442, step time: 0.04223
epoch: [14], step: [997/1543], batch loss: 0.15040, batch accuracy: 79.56, data load time: 0.16055, step time: 0.03310
epoch: [14], step: [1097/1543], batch loss: 0.14569, batch accuracy: 90.03, data load time: 0.27275, step time: 0.03655
epoch: [14], step: [1197/1543], batch loss: 0.20452, batch accuracy: 74.48, data load time: 0.22030, step time: 0.03659
epoch: [14], step: [1297/1543], batch loss: 0.18652, batch accuracy: 77.73, data load time: 0.19782, step time: 0.03443
epoch: [14], step: [1397/1543], batch loss: 0.16866, batch accuracy: 82.90, data load time: 0.19650, step time: 0.03673
epoch: [14], step: [1497/1543], batch loss: 0.19284, batch accuracy: 84.00, data load time: 0.21208, step time: 0.04242
EVALUATION METRICS:
-------------------------------------------------------------

Validation: AUC Score: 0.8123

-------------------------------------------------------------
validation loss: 0.16876, accuracy: 81.23
epoch: [15], step: [54/1543], batch loss: 0.19273, batch accuracy: 80.56, data load time: 0.15720, step time: 0.04260
epoch: [15], step: [154/1543], batch loss: 0.17685, batch accuracy: 76.54, data load time: 0.18469, step time: 0.03626
epoch: [15], step: [254/1543], batch loss: 0.16293, batch accuracy: 92.72, data load time: 0.24459, step time: 0.03583
epoch: [15], step: [354/1543], batch loss: 0.14335, batch accuracy: 88.04, data load time: 0.23020, step time: 0.03873
epoch: [15], step: [454/1543], batch loss: 0.16598, batch accuracy: 81.57, data load time: 0.21474, step time: 0.03440
epoch: [15], step: [554/1543], batch loss: 0.14811, batch accuracy: 81.83, data load time: 0.22994, step time: 0.03679
epoch: [15], step: [654/1543], batch loss: 0.15402, batch accuracy: 84.69, data load time: 0.21580, step time: 0.03365
epoch: [15], step: [754/1543], batch loss: 0.16114, batch accuracy: 85.09, data load time: 0.22844, step time: 0.03584
epoch: [15], step: [854/1543], batch loss: 0.14362, batch accuracy: 85.59, data load time: 0.19101, step time: 0.03505
epoch: [15], step: [954/1543], batch loss: 0.16002, batch accuracy: 88.68, data load time: 0.18389, step time: 0.03514
epoch: [15], step: [1054/1543], batch loss: 0.17498, batch accuracy: 87.45, data load time: 0.21433, step time: 0.03572
epoch: [15], step: [1154/1543], batch loss: 0.12300, batch accuracy: 83.78, data load time: 0.25849, step time: 0.03083
epoch: [15], step: [1254/1543], batch loss: 0.18085, batch accuracy: 87.72, data load time: 0.22209, step time: 0.03933
epoch: [15], step: [1354/1543], batch loss: 0.16910, batch accuracy: 89.36, data load time: 0.18288, step time: 0.03505
epoch: [15], step: [1454/1543], batch loss: 0.12757, batch accuracy: 88.31, data load time: 0.25391, step time: 0.03373
epoch: [16], step: [11/1543], batch loss: 0.21305, batch accuracy: 77.29, data load time: 0.21811, step time: 0.03972
epoch: [16], step: [111/1543], batch loss: 0.18521, batch accuracy: 83.99, data load time: 0.15002, step time: 0.03677
epoch: [16], step: [211/1543], batch loss: 0.15668, batch accuracy: 83.86, data load time: 0.14046, step time: 0.03444
epoch: [16], step: [311/1543], batch loss: 0.14485, batch accuracy: 86.94, data load time: 0.22415, step time: 0.03394
epoch: [16], step: [411/1543], batch loss: 0.18967, batch accuracy: 87.75, data load time: 0.18589, step time: 0.03751
epoch: [16], step: [511/1543], batch loss: 0.16028, batch accuracy: 92.37, data load time: 0.20351, step time: 0.03899
epoch: [16], step: [611/1543], batch loss: 0.16188, batch accuracy: 88.52, data load time: 0.17183, step time: 0.22647
epoch: [16], step: [711/1543], batch loss: 0.21344, batch accuracy: 85.35, data load time: 0.30046, step time: 0.03746
epoch: [16], step: [811/1543], batch loss: 0.15544, batch accuracy: 81.76, data load time: 0.18413, step time: 0.03457
epoch: [16], step: [911/1543], batch loss: 0.14194, batch accuracy: 81.15, data load time: 0.17290, step time: 0.03530
epoch: [16], step: [1011/1543], batch loss: 0.16887, batch accuracy: 83.70, data load time: 0.21127, step time: 0.03891
epoch: [16], step: [1111/1543], batch loss: 0.13370, batch accuracy: 89.47, data load time: 0.19955, step time: 0.03383
epoch: [16], step: [1211/1543], batch loss: 0.18426, batch accuracy: 81.97, data load time: 0.25249, step time: 0.03368
epoch: [16], step: [1311/1543], batch loss: 0.18745, batch accuracy: 74.88, data load time: 0.19722, step time: 0.03733
epoch: [16], step: [1411/1543], batch loss: 0.17262, batch accuracy: 85.20, data load time: 0.19877, step time: 0.03595
epoch: [16], step: [1511/1543], batch loss: 0.21464, batch accuracy: 82.73, data load time: 0.17841, step time: 0.03879
epoch: [17], step: [68/1543], batch loss: 0.17045, batch accuracy: 81.54, data load time: 0.21109, step time: 0.03736
epoch: [17], step: [168/1543], batch loss: 0.20323, batch accuracy: 81.35, data load time: 0.11037, step time: 0.03822
epoch: [17], step: [268/1543], batch loss: 0.17390, batch accuracy: 81.38, data load time: 0.21160, step time: 0.03672
epoch: [17], step: [368/1543], batch loss: 0.19408, batch accuracy: 75.86, data load time: 0.15258, step time: 0.03810
epoch: [17], step: [468/1543], batch loss: 0.17257, batch accuracy: 81.71, data load time: 0.21734, step time: 0.03666
epoch: [17], step: [568/1543], batch loss: 0.16864, batch accuracy: 83.74, data load time: 0.18475, step time: 0.03143
epoch: [17], step: [668/1543], batch loss: 0.14673, batch accuracy: 90.71, data load time: 0.22920, step time: 0.03802
epoch: [17], step: [768/1543], batch loss: 0.16310, batch accuracy: 78.43, data load time: 0.19972, step time: 0.03368
epoch: [17], step: [868/1543], batch loss: 0.23380, batch accuracy: 71.98, data load time: 0.25101, step time: 0.03878
epoch: [17], step: [968/1543], batch loss: 0.18445, batch accuracy: 84.01, data load time: 0.22046, step time: 0.03450
epoch: [17], step: [1068/1543], batch loss: 0.19829, batch accuracy: 80.50, data load time: 0.24237, step time: 0.03867
epoch: [17], step: [1168/1543], batch loss: 0.18167, batch accuracy: 77.08, data load time: 0.16496, step time: 0.03581
epoch: [17], step: [1268/1543], batch loss: 0.12592, batch accuracy: 91.70, data load time: 0.25986, step time: 0.03586
epoch: [17], step: [1368/1543], batch loss: 0.16680, batch accuracy: 88.74, data load time: 0.16300, step time: 0.03878
epoch: [17], step: [1468/1543], batch loss: 0.16043, batch accuracy: 82.31, data load time: 0.19529, step time: 0.03660
epoch: [18], step: [25/1543], batch loss: 0.21883, batch accuracy: 83.08, data load time: 0.17070, step time: 0.04071
epoch: [18], step: [125/1543], batch loss: 0.20885, batch accuracy: 87.09, data load time: 0.10997, step time: 0.03937
epoch: [18], step: [225/1543], batch loss: 0.17838, batch accuracy: 77.79, data load time: 0.14512, step time: 0.03596
epoch: [18], step: [325/1543], batch loss: 0.18686, batch accuracy: 85.62, data load time: 0.18263, step time: 0.03600
epoch: [18], step: [425/1543], batch loss: 0.17785, batch accuracy: 91.04, data load time: 0.19077, step time: 0.03951
epoch: [18], step: [525/1543], batch loss: 0.14966, batch accuracy: 89.13, data load time: 0.16412, step time: 0.03298
epoch: [18], step: [625/1543], batch loss: 0.20933, batch accuracy: 82.43, data load time: 0.19566, step time: 0.04022
epoch: [18], step: [725/1543], batch loss: 0.17592, batch accuracy: 86.84, data load time: 0.19950, step time: 0.03734
epoch: [18], step: [825/1543], batch loss: 0.17856, batch accuracy: 86.88, data load time: 0.19919, step time: 0.03665
epoch: [18], step: [925/1543], batch loss: 0.19697, batch accuracy: 82.97, data load time: 0.24126, step time: 0.03809
epoch: [18], step: [1025/1543], batch loss: 0.15193, batch accuracy: 86.65, data load time: 0.17557, step time: 0.03651
epoch: [18], step: [1125/1543], batch loss: 0.17270, batch accuracy: 87.23, data load time: 0.23310, step time: 0.03865
epoch: [18], step: [1225/1543], batch loss: 0.15347, batch accuracy: 87.07, data load time: 0.20244, step time: 0.03801
epoch: [18], step: [1325/1543], batch loss: 0.17601, batch accuracy: 84.41, data load time: 0.22622, step time: 0.04100
epoch: [18], step: [1425/1543], batch loss: 0.17587, batch accuracy: 88.09, data load time: 0.25199, step time: 0.03872
epoch: [18], step: [1525/1543], batch loss: 0.16220, batch accuracy: 85.44, data load time: 0.22251, step time: 0.03732
epoch: [19], step: [82/1543], batch loss: 0.13782, batch accuracy: 89.79, data load time: 0.14599, step time: 0.03384
epoch: [19], step: [182/1543], batch loss: 0.19024, batch accuracy: 74.15, data load time: 0.21436, step time: 0.03368
epoch: [19], step: [282/1543], batch loss: 0.15224, batch accuracy: 89.76, data load time: 0.22353, step time: 0.03591
epoch: [19], step: [382/1543], batch loss: 0.14550, batch accuracy: 81.52, data load time: 0.19529, step time: 0.03507
epoch: [19], step: [482/1543], batch loss: 0.17611, batch accuracy: 86.86, data load time: 0.19308, step time: 0.03876
epoch: [19], step: [582/1543], batch loss: 0.19247, batch accuracy: 71.21, data load time: 0.22191, step time: 0.03585
epoch: [19], step: [682/1543], batch loss: 0.15257, batch accuracy: 86.56, data load time: 0.22263, step time: 0.03766
epoch: [19], step: [782/1543], batch loss: 0.19927, batch accuracy: 78.51, data load time: 0.22543, step time: 0.03582
epoch: [19], step: [882/1543], batch loss: 0.17333, batch accuracy: 72.72, data load time: 0.22111, step time: 0.03416
epoch: [19], step: [982/1543], batch loss: 0.15838, batch accuracy: 82.31, data load time: 0.22142, step time: 0.03735
epoch: [19], step: [1082/1543], batch loss: 0.17897, batch accuracy: 79.64, data load time: 0.24809, step time: 0.03953
epoch: [19], step: [1182/1543], batch loss: 0.12084, batch accuracy: 86.85, data load time: 0.24942, step time: 0.03150
epoch: [19], step: [1282/1543], batch loss: 0.14952, batch accuracy: 86.82, data load time: 0.20667, step time: 0.03594
epoch: [19], step: [1382/1543], batch loss: 0.15313, batch accuracy: 79.60, data load time: 0.21971, step time: 0.03511
epoch: [19], step: [1482/1543], batch loss: 0.19248, batch accuracy: 84.62, data load time: 0.19378, step time: 0.03798
EVALUATION METRICS:
-------------------------------------------------------------

Validation: AUC Score: 0.8078

-------------------------------------------------------------
validation loss: 0.19858, accuracy: 80.78
epoch: [20], step: [39/1543], batch loss: 0.17483, batch accuracy: 90.41, data load time: 0.21128, step time: 0.03930
epoch: [20], step: [139/1543], batch loss: 0.14702, batch accuracy: 81.46, data load time: 0.19740, step time: 0.03281
epoch: [20], step: [239/1543], batch loss: 0.15109, batch accuracy: 79.12, data load time: 0.19325, step time: 0.03099
epoch: [20], step: [339/1543], batch loss: 0.11992, batch accuracy: 89.34, data load time: 0.20094, step time: 0.03062
epoch: [20], step: [439/1543], batch loss: 0.14079, batch accuracy: 80.81, data load time: 0.25610, step time: 0.03083
epoch: [20], step: [539/1543], batch loss: 0.17385, batch accuracy: 87.81, data load time: 0.26588, step time: 0.03868
epoch: [20], step: [639/1543], batch loss: 0.14962, batch accuracy: 85.53, data load time: 0.20492, step time: 0.03381
epoch: [20], step: [739/1543], batch loss: 0.14647, batch accuracy: 84.58, data load time: 0.22488, step time: 0.03372
epoch: [20], step: [839/1543], batch loss: 0.15144, batch accuracy: 83.59, data load time: 0.20671, step time: 0.03444
epoch: [20], step: [939/1543], batch loss: 0.13915, batch accuracy: 87.72, data load time: 0.21134, step time: 0.03527
epoch: [20], step: [1039/1543], batch loss: 0.18794, batch accuracy: 91.33, data load time: 0.25317, step time: 0.03863
epoch: [20], step: [1139/1543], batch loss: 0.14809, batch accuracy: 84.97, data load time: 0.21908, step time: 0.03148
epoch: [20], step: [1239/1543], batch loss: 0.16188, batch accuracy: 85.31, data load time: 0.20794, step time: 0.03876
epoch: [20], step: [1339/1543], batch loss: 0.13205, batch accuracy: 89.36, data load time: 0.23604, step time: 0.03294
epoch: [20], step: [1439/1543], batch loss: 0.28820, batch accuracy: 65.19, data load time: 0.23086, step time: 0.04021
epoch: [20], step: [1539/1543], batch loss: 0.15424, batch accuracy: 77.98, data load time: 0.25636, step time: 0.03301
epoch: [21], step: [96/1543], batch loss: 0.20922, batch accuracy: 82.10, data load time: 0.19784, step time: 0.03670
epoch: [21], step: [196/1543], batch loss: 0.21252, batch accuracy: 75.61, data load time: 0.20359, step time: 0.03590
epoch: [21], step: [296/1543], batch loss: 0.23540, batch accuracy: 73.38, data load time: 0.31460, step time: 0.04310
epoch: [21], step: [396/1543], batch loss: 0.14038, batch accuracy: 94.34, data load time: 0.21019, step time: 0.03519
epoch: [21], step: [496/1543], batch loss: 0.19060, batch accuracy: 80.71, data load time: 0.26966, step time: 0.03734
epoch: [21], step: [596/1543], batch loss: 0.18718, batch accuracy: 81.23, data load time: 0.27954, step time: 0.03659
epoch: [21], step: [696/1543], batch loss: 0.12510, batch accuracy: 89.85, data load time: 0.18601, step time: 0.03443
epoch: [21], step: [796/1543], batch loss: 0.21225, batch accuracy: 76.48, data load time: 0.27475, step time: 0.03882
epoch: [21], step: [896/1543], batch loss: 0.20819, batch accuracy: 81.32, data load time: 0.22214, step time: 0.04002
epoch: [21], step: [996/1543], batch loss: 0.17099, batch accuracy: 85.92, data load time: 0.28870, step time: 0.03590
epoch: [21], step: [1096/1543], batch loss: 0.24763, batch accuracy: 67.37, data load time: 0.23118, step time: 0.03701
epoch: [21], step: [1196/1543], batch loss: 0.16163, batch accuracy: 80.30, data load time: 0.22935, step time: 0.03580
epoch: [21], step: [1296/1543], batch loss: 0.14032, batch accuracy: 84.23, data load time: 0.23578, step time: 0.03069
epoch: [21], step: [1396/1543], batch loss: 0.16005, batch accuracy: 84.18, data load time: 0.29873, step time: 0.03799
epoch: [21], step: [1496/1543], batch loss: 0.15562, batch accuracy: 78.45, data load time: 0.28083, step time: 0.03211
epoch: [22], step: [53/1543], batch loss: 0.17262, batch accuracy: 85.45, data load time: 0.17454, step time: 0.03153
epoch: [22], step: [153/1543], batch loss: 0.14627, batch accuracy: 78.11, data load time: 0.16811, step time: 0.03576
epoch: [22], step: [253/1543], batch loss: 0.17117, batch accuracy: 83.92, data load time: 0.19589, step time: 0.03656
epoch: [22], step: [353/1543], batch loss: 0.22990, batch accuracy: 62.16, data load time: 0.15438, step time: 0.03659
epoch: [22], step: [453/1543], batch loss: 0.20726, batch accuracy: 81.70, data load time: 0.20163, step time: 0.03940
epoch: [22], step: [553/1543], batch loss: 0.15544, batch accuracy: 82.84, data load time: 0.18425, step time: 0.03496
epoch: [22], step: [653/1543], batch loss: 0.21944, batch accuracy: 84.96, data load time: 0.14622, step time: 0.03871
epoch: [22], step: [753/1543], batch loss: 0.15296, batch accuracy: 89.37, data load time: 0.20433, step time: 0.03206
epoch: [22], step: [853/1543], batch loss: 0.20426, batch accuracy: 84.48, data load time: 0.17530, step time: 0.04002
epoch: [22], step: [953/1543], batch loss: 0.13979, batch accuracy: 85.49, data load time: 0.17323, step time: 0.03078
epoch: [22], step: [1053/1543], batch loss: 0.15290, batch accuracy: 88.41, data load time: 0.18487, step time: 0.03719
epoch: [22], step: [1153/1543], batch loss: 0.18718, batch accuracy: 81.82, data load time: 0.20604, step time: 0.03589
epoch: [22], step: [1253/1543], batch loss: 0.21476, batch accuracy: 80.18, data load time: 0.24579, step time: 0.04172
epoch: [22], step: [1353/1543], batch loss: 0.17521, batch accuracy: 86.48, data load time: 0.17940, step time: 0.03147
epoch: [22], step: [1453/1543], batch loss: 0.22638, batch accuracy: 77.10, data load time: 0.16663, step time: 0.03654
epoch: [23], step: [10/1543], batch loss: 0.15620, batch accuracy: 84.49, data load time: 0.11949, step time: 0.03586
epoch: [23], step: [110/1543], batch loss: 0.21402, batch accuracy: 76.31, data load time: 0.11650, step time: 0.03453
epoch: [23], step: [210/1543], batch loss: 0.16894, batch accuracy: 86.12, data load time: 0.13371, step time: 0.03655
epoch: [23], step: [310/1543], batch loss: 0.15266, batch accuracy: 89.83, data load time: 0.13488, step time: 0.03850
epoch: [23], step: [410/1543], batch loss: 0.15037, batch accuracy: 88.69, data load time: 0.17723, step time: 0.03593
epoch: [23], step: [510/1543], batch loss: 0.15718, batch accuracy: 84.69, data load time: 0.17348, step time: 0.03659
epoch: [23], step: [610/1543], batch loss: 0.17189, batch accuracy: 95.20, data load time: 0.20217, step time: 0.03805
epoch: [23], step: [710/1543], batch loss: 0.17379, batch accuracy: 83.21, data load time: 0.25049, step time: 0.03522
epoch: [23], step: [810/1543], batch loss: 0.14944, batch accuracy: 90.50, data load time: 0.18381, step time: 0.03519
epoch: [23], step: [910/1543], batch loss: 0.19926, batch accuracy: 82.12, data load time: 0.20567, step time: 0.04016
epoch: [23], step: [1010/1543], batch loss: 0.17170, batch accuracy: 85.39, data load time: 0.21583, step time: 0.03801
epoch: [23], step: [1110/1543], batch loss: 0.16598, batch accuracy: 81.81, data load time: 0.17634, step time: 0.03599
epoch: [23], step: [1210/1543], batch loss: 0.15195, batch accuracy: 89.62, data load time: 0.21919, step time: 0.03620
epoch: [23], step: [1310/1543], batch loss: 0.14912, batch accuracy: 81.65, data load time: 0.22366, step time: 0.03360
epoch: [23], step: [1410/1543], batch loss: 0.19355, batch accuracy: 80.56, data load time: 0.25617, step time: 0.03797
epoch: [23], step: [1510/1543], batch loss: 0.13368, batch accuracy: 90.16, data load time: 0.25679, step time: 0.03719
epoch: [24], step: [67/1543], batch loss: 0.17767, batch accuracy: 81.61, data load time: 0.16847, step time: 0.03636
epoch: [24], step: [167/1543], batch loss: 0.21557, batch accuracy: 85.31, data load time: 0.16701, step time: 0.03668
epoch: [24], step: [267/1543], batch loss: 0.16163, batch accuracy: 78.80, data load time: 0.21738, step time: 0.03313
epoch: [24], step: [367/1543], batch loss: 0.13288, batch accuracy: 83.63, data load time: 0.19361, step time: 0.03420
epoch: [24], step: [467/1543], batch loss: 0.14270, batch accuracy: 84.51, data load time: 0.19822, step time: 0.03302
epoch: [24], step: [567/1543], batch loss: 0.13285, batch accuracy: 80.44, data load time: 0.22224, step time: 0.03292
epoch: [24], step: [667/1543], batch loss: 0.18128, batch accuracy: 87.01, data load time: 0.19919, step time: 0.03947
epoch: [24], step: [767/1543], batch loss: 0.12998, batch accuracy: 84.77, data load time: 0.23528, step time: 0.03396
epoch: [24], step: [867/1543], batch loss: 0.21542, batch accuracy: 76.10, data load time: 0.19936, step time: 0.03871
epoch: [24], step: [967/1543], batch loss: 0.16032, batch accuracy: 77.98, data load time: 0.18880, step time: 0.03443
epoch: [24], step: [1067/1543], batch loss: 0.20134, batch accuracy: 82.50, data load time: 0.19125, step time: 0.03878
epoch: [24], step: [1167/1543], batch loss: 0.20030, batch accuracy: 84.59, data load time: 0.20926, step time: 0.04012
epoch: [24], step: [1267/1543], batch loss: 0.18096, batch accuracy: 82.99, data load time: 0.17583, step time: 0.03513
epoch: [24], step: [1367/1543], batch loss: 0.20666, batch accuracy: 76.92, data load time: 0.25190, step time: 0.04094
epoch: [24], step: [1467/1543], batch loss: 0.16287, batch accuracy: 85.45, data load time: 0.19688, step time: 0.03591
EVALUATION METRICS:
-------------------------------------------------------------

Validation: AUC Score: 0.8092

-------------------------------------------------------------
validation loss: 0.18286, accuracy: 80.92
EVALUATION METRICS:
-------------------------------------------------------------

Test: AUC Score: 0.8119

-------------------------------------------------------------
validation loss: 0.49917, accuracy: 81.19
