Loading data from /mnt/storage/scratch/ee20947/MagnaTagATune/annotations/train.pkl...
Loading data from /mnt/storage/scratch/ee20947/MagnaTagATune/annotations/train.pkl...
Loading data from /mnt/storage/scratch/ee20947/MagnaTagATune/annotations/val.pkl...
Loading data from /mnt/storage/scratch/ee20947/MagnaTagATune/annotations/test.pkl...
Writing logs to logs/CNN_sgd_momentum=0.93_learning_rate=0.05_conv_length=256_conv_stride=256_batch_size=10_epochs=30_weight_decay=1e-05_extension=ExtraCNN_run_7
epoch: [0], step: [99/1543], batch loss: 0.28046, batch accuracy: 62.22, data load time: 0.22720, step time: 0.03791
epoch: [0], step: [199/1543], batch loss: 0.21827, batch accuracy: 58.84, data load time: 0.23009, step time: 0.03221
epoch: [0], step: [299/1543], batch loss: 0.18610, batch accuracy: 76.06, data load time: 0.26359, step time: 0.03651
epoch: [0], step: [399/1543], batch loss: 0.24713, batch accuracy: 65.06, data load time: 0.33693, step time: 0.03947
epoch: [0], step: [499/1543], batch loss: 0.23923, batch accuracy: 75.19, data load time: 0.23014, step time: 0.04087
epoch: [0], step: [599/1543], batch loss: 0.20867, batch accuracy: 60.92, data load time: 0.23509, step time: 0.03436
epoch: [0], step: [699/1543], batch loss: 0.24013, batch accuracy: 70.76, data load time: 0.24045, step time: 0.03715
epoch: [0], step: [799/1543], batch loss: 0.23108, batch accuracy: 79.22, data load time: 0.22999, step time: 0.03575
epoch: [0], step: [899/1543], batch loss: 0.16698, batch accuracy: 58.26, data load time: 0.27955, step time: 0.03167
epoch: [0], step: [999/1543], batch loss: 0.25745, batch accuracy: 71.86, data load time: 0.30549, step time: 0.03883
epoch: [0], step: [1099/1543], batch loss: 0.23015, batch accuracy: 69.09, data load time: 0.22543, step time: 0.03895
epoch: [0], step: [1199/1543], batch loss: 0.17284, batch accuracy: 76.70, data load time: 0.27201, step time: 0.03753
epoch: [0], step: [1299/1543], batch loss: 0.14917, batch accuracy: 79.62, data load time: 0.22824, step time: 0.03382
epoch: [0], step: [1399/1543], batch loss: 0.15423, batch accuracy: 67.59, data load time: 0.24388, step time: 0.03248
epoch: [0], step: [1499/1543], batch loss: 0.20973, batch accuracy: 73.67, data load time: 0.24113, step time: 0.03750
EVALUATION METRICS:
-------------------------------------------------------------

Validation: AUC Score: 0.7259

-------------------------------------------------------------
validation loss: 0.19930, accuracy: 72.59
epoch: [1], step: [56/1543], batch loss: 0.18532, batch accuracy: 83.53, data load time: 0.22938, step time: 0.03647
epoch: [1], step: [156/1543], batch loss: 0.22702, batch accuracy: 58.33, data load time: 0.21736, step time: 0.03678
epoch: [1], step: [256/1543], batch loss: 0.20897, batch accuracy: 75.88, data load time: 0.26517, step time: 0.03580
epoch: [1], step: [356/1543], batch loss: 0.20864, batch accuracy: 69.93, data load time: 0.24217, step time: 0.03737
epoch: [1], step: [456/1543], batch loss: 0.22236, batch accuracy: 75.13, data load time: 0.25159, step time: 0.03882
epoch: [1], step: [556/1543], batch loss: 0.21291, batch accuracy: 68.33, data load time: 0.31890, step time: 0.03656
epoch: [1], step: [656/1543], batch loss: 0.17677, batch accuracy: 80.94, data load time: 0.28553, step time: 0.03285
epoch: [1], step: [756/1543], batch loss: 0.22420, batch accuracy: 81.48, data load time: 0.29666, step time: 0.03886
epoch: [1], step: [856/1543], batch loss: 0.23131, batch accuracy: 69.16, data load time: 0.31682, step time: 0.03671
epoch: [1], step: [956/1543], batch loss: 0.20012, batch accuracy: 70.68, data load time: 0.25646, step time: 0.03532
epoch: [1], step: [1056/1543], batch loss: 0.18526, batch accuracy: 77.02, data load time: 0.24944, step time: 0.03802
epoch: [1], step: [1156/1543], batch loss: 0.17415, batch accuracy: 82.30, data load time: 0.21707, step time: 0.03530
epoch: [1], step: [1256/1543], batch loss: 0.17583, batch accuracy: 84.25, data load time: 0.22112, step time: 0.03799
epoch: [1], step: [1356/1543], batch loss: 0.20128, batch accuracy: 73.01, data load time: 0.32587, step time: 0.03586
epoch: [1], step: [1456/1543], batch loss: 0.15595, batch accuracy: 80.09, data load time: 0.24875, step time: 0.03215
EVALUATION METRICS:
-------------------------------------------------------------

Validation: AUC Score: 0.7493

-------------------------------------------------------------
validation loss: 0.20033, accuracy: 74.93
epoch: [2], step: [13/1543], batch loss: 0.24695, batch accuracy: 78.97, data load time: 0.27726, step time: 0.04298
epoch: [2], step: [113/1543], batch loss: 0.15701, batch accuracy: 76.18, data load time: 0.27928, step time: 0.03534
epoch: [2], step: [213/1543], batch loss: 0.16839, batch accuracy: 77.17, data load time: 0.30966, step time: 0.03349
epoch: [2], step: [313/1543], batch loss: 0.20489, batch accuracy: 73.78, data load time: 0.25139, step time: 0.03525
epoch: [2], step: [413/1543], batch loss: 0.23540, batch accuracy: 73.14, data load time: 0.24778, step time: 0.03704
epoch: [2], step: [513/1543], batch loss: 0.17906, batch accuracy: 78.39, data load time: 0.25760, step time: 0.03672
epoch: [2], step: [613/1543], batch loss: 0.15897, batch accuracy: 81.00, data load time: 0.26051, step time: 0.03733
epoch: [2], step: [713/1543], batch loss: 0.18718, batch accuracy: 82.42, data load time: 0.23766, step time: 0.03800
epoch: [2], step: [813/1543], batch loss: 0.17265, batch accuracy: 81.53, data load time: 0.22605, step time: 0.03730
epoch: [2], step: [913/1543], batch loss: 0.19659, batch accuracy: 83.20, data load time: 0.24809, step time: 0.03731
epoch: [2], step: [1013/1543], batch loss: 0.23969, batch accuracy: 83.49, data load time: 0.27193, step time: 0.03866
epoch: [2], step: [1113/1543], batch loss: 0.17877, batch accuracy: 68.35, data load time: 0.26957, step time: 0.03514
epoch: [2], step: [1213/1543], batch loss: 0.15837, batch accuracy: 80.96, data load time: 0.22251, step time: 0.03510
epoch: [2], step: [1313/1543], batch loss: 0.14379, batch accuracy: 81.37, data load time: 0.36287, step time: 0.03298
epoch: [2], step: [1413/1543], batch loss: 0.18909, batch accuracy: 66.93, data load time: 0.26169, step time: 0.03861
epoch: [2], step: [1513/1543], batch loss: 0.16752, batch accuracy: 76.22, data load time: 0.22990, step time: 0.03578
EVALUATION METRICS:
-------------------------------------------------------------

Validation: AUC Score: 0.5000

-------------------------------------------------------------
validation loss: 12.98149, accuracy: 50.00
epoch: [3], step: [70/1543], batch loss: 0.17511, batch accuracy: 79.56, data load time: 0.24341, step time: 0.03537
epoch: [3], step: [170/1543], batch loss: 0.26743, batch accuracy: 79.48, data load time: 0.23403, step time: 0.04306
epoch: [3], step: [270/1543], batch loss: 0.19433, batch accuracy: 78.94, data load time: 0.22691, step time: 0.03737
epoch: [3], step: [370/1543], batch loss: 0.15529, batch accuracy: 84.31, data load time: 0.33714, step time: 0.03864
epoch: [3], step: [470/1543], batch loss: 0.15762, batch accuracy: 87.82, data load time: 0.22080, step time: 0.03660
epoch: [3], step: [570/1543], batch loss: 0.15475, batch accuracy: 77.88, data load time: 0.27146, step time: 0.03281
epoch: [3], step: [670/1543], batch loss: 0.13572, batch accuracy: 83.08, data load time: 0.24825, step time: 0.03280
epoch: [3], step: [770/1543], batch loss: 0.17013, batch accuracy: 78.89, data load time: 0.25406, step time: 0.03561
epoch: [3], step: [870/1543], batch loss: 0.16936, batch accuracy: 83.36, data load time: 0.22598, step time: 0.03654
epoch: [3], step: [970/1543], batch loss: 0.18552, batch accuracy: 63.16, data load time: 0.25759, step time: 0.03513
epoch: [3], step: [1070/1543], batch loss: 0.17362, batch accuracy: 83.75, data load time: 0.30239, step time: 0.03935
epoch: [3], step: [1170/1543], batch loss: 0.19815, batch accuracy: 75.50, data load time: 0.22284, step time: 0.04009
epoch: [3], step: [1270/1543], batch loss: 0.22949, batch accuracy: 81.81, data load time: 0.22110, step time: 0.04083
epoch: [3], step: [1370/1543], batch loss: 0.17771, batch accuracy: 75.59, data load time: 0.26811, step time: 0.03582
epoch: [3], step: [1470/1543], batch loss: 0.16574, batch accuracy: 78.23, data load time: 0.23120, step time: 0.03371
EVALUATION METRICS:
-------------------------------------------------------------

Validation: AUC Score: 0.5000

-------------------------------------------------------------
validation loss: 16.35682, accuracy: 50.00
epoch: [4], step: [27/1543], batch loss: 0.19270, batch accuracy: 90.36, data load time: 0.08622, step time: 0.03946
epoch: [4], step: [127/1543], batch loss: 0.17211, batch accuracy: 82.45, data load time: 0.13628, step time: 0.03711
epoch: [4], step: [227/1543], batch loss: 0.19613, batch accuracy: 81.74, data load time: 0.24824, step time: 0.04065
epoch: [4], step: [327/1543], batch loss: 0.19685, batch accuracy: 84.11, data load time: 0.24544, step time: 0.03859
epoch: [4], step: [427/1543], batch loss: 0.17382, batch accuracy: 89.09, data load time: 0.15371, step time: 0.03644
epoch: [4], step: [527/1543], batch loss: 0.16384, batch accuracy: 92.12, data load time: 0.16306, step time: 0.03803
epoch: [4], step: [627/1543], batch loss: 0.25596, batch accuracy: 74.75, data load time: 0.19184, step time: 0.04077
epoch: [4], step: [727/1543], batch loss: 0.19303, batch accuracy: 82.67, data load time: 0.23205, step time: 0.03798
epoch: [4], step: [827/1543], batch loss: 0.18257, batch accuracy: 85.34, data load time: 0.23747, step time: 0.04071
epoch: [4], step: [927/1543], batch loss: 0.16063, batch accuracy: 70.52, data load time: 0.20184, step time: 0.03414
epoch: [4], step: [1027/1543], batch loss: 0.15082, batch accuracy: 84.35, data load time: 0.20957, step time: 0.03791
epoch: [4], step: [1127/1543], batch loss: 0.15189, batch accuracy: 86.71, data load time: 0.25155, step time: 0.03431
epoch: [4], step: [1227/1543], batch loss: 0.14938, batch accuracy: 79.35, data load time: 0.26306, step time: 0.03280
epoch: [4], step: [1327/1543], batch loss: 0.13588, batch accuracy: 86.18, data load time: 0.26710, step time: 0.03518
epoch: [4], step: [1427/1543], batch loss: 0.18267, batch accuracy: 85.58, data load time: 0.20136, step time: 0.03734
epoch: [4], step: [1527/1543], batch loss: 0.19239, batch accuracy: 78.65, data load time: 0.24868, step time: 0.03877
EVALUATION METRICS:
-------------------------------------------------------------

Validation: AUC Score: 0.5000

-------------------------------------------------------------
validation loss: 6.63864, accuracy: 50.00
epoch: [5], step: [84/1543], batch loss: 0.21930, batch accuracy: 82.69, data load time: 0.14653, step time: 0.03935
epoch: [5], step: [184/1543], batch loss: 0.18652, batch accuracy: 89.71, data load time: 0.16556, step time: 0.03724
epoch: [5], step: [284/1543], batch loss: 0.20293, batch accuracy: 76.31, data load time: 0.20256, step time: 0.03864
epoch: [5], step: [384/1543], batch loss: 0.16045, batch accuracy: 82.32, data load time: 0.13800, step time: 0.03586
epoch: [5], step: [484/1543], batch loss: 0.19312, batch accuracy: 87.13, data load time: 0.16524, step time: 0.03718
epoch: [5], step: [584/1543], batch loss: 0.19212, batch accuracy: 83.93, data load time: 0.25460, step time: 0.03866
epoch: [5], step: [684/1543], batch loss: 0.19831, batch accuracy: 70.40, data load time: 0.21193, step time: 0.03658
epoch: [5], step: [784/1543], batch loss: 0.21549, batch accuracy: 76.64, data load time: 0.21737, step time: 0.03730
epoch: [5], step: [884/1543], batch loss: 0.17444, batch accuracy: 81.99, data load time: 0.15195, step time: 0.03746
epoch: [5], step: [984/1543], batch loss: 0.17308, batch accuracy: 81.03, data load time: 0.19775, step time: 0.03300
epoch: [5], step: [1084/1543], batch loss: 0.17318, batch accuracy: 82.86, data load time: 0.21820, step time: 0.03728
epoch: [5], step: [1184/1543], batch loss: 0.20344, batch accuracy: 83.82, data load time: 0.25394, step time: 0.03736
epoch: [5], step: [1284/1543], batch loss: 0.18261, batch accuracy: 80.88, data load time: 0.24709, step time: 0.03510
epoch: [5], step: [1384/1543], batch loss: 0.18781, batch accuracy: 84.49, data load time: 0.29509, step time: 0.03512
epoch: [5], step: [1484/1543], batch loss: 0.18588, batch accuracy: 85.08, data load time: 0.27024, step time: 0.03811
EVALUATION METRICS:
-------------------------------------------------------------

Validation: AUC Score: 0.7958

-------------------------------------------------------------
validation loss: 0.18045, accuracy: 79.58
epoch: [6], step: [41/1543], batch loss: 0.13203, batch accuracy: 85.65, data load time: 0.08246, step time: 0.03437
epoch: [6], step: [141/1543], batch loss: 0.17006, batch accuracy: 78.99, data load time: 0.15586, step time: 0.03231
epoch: [6], step: [241/1543], batch loss: 0.17114, batch accuracy: 86.23, data load time: 0.23917, step time: 0.03361
epoch: [6], step: [341/1543], batch loss: 0.19559, batch accuracy: 74.60, data load time: 0.19011, step time: 0.03501
epoch: [6], step: [441/1543], batch loss: 0.18554, batch accuracy: 61.81, data load time: 0.26056, step time: 0.03316
epoch: [6], step: [541/1543], batch loss: 0.19513, batch accuracy: 74.11, data load time: 0.29714, step time: 0.03243
epoch: [6], step: [641/1543], batch loss: 0.14975, batch accuracy: 62.98, data load time: 0.27308, step time: 0.03324
epoch: [6], step: [741/1543], batch loss: 0.18783, batch accuracy: 74.38, data load time: 0.30988, step time: 0.03532
epoch: [6], step: [841/1543], batch loss: 0.16599, batch accuracy: 82.59, data load time: 0.28187, step time: 0.03815
epoch: [6], step: [941/1543], batch loss: 0.15743, batch accuracy: 78.45, data load time: 0.28222, step time: 0.03471
epoch: [6], step: [1041/1543], batch loss: 0.19444, batch accuracy: 68.74, data load time: 0.26248, step time: 0.03521
epoch: [6], step: [1141/1543], batch loss: 0.15620, batch accuracy: 83.73, data load time: 0.27769, step time: 0.03597
epoch: [6], step: [1241/1543], batch loss: 0.18058, batch accuracy: 72.79, data load time: 0.34962, step time: 0.03667
epoch: [6], step: [1341/1543], batch loss: 0.19291, batch accuracy: 83.22, data load time: 0.22630, step time: 0.03965
epoch: [6], step: [1441/1543], batch loss: 0.18609, batch accuracy: 77.86, data load time: 0.32351, step time: 0.03605
epoch: [6], step: [1541/1543], batch loss: 0.17690, batch accuracy: 85.51, data load time: 0.27348, step time: 0.03498
EVALUATION METRICS:
-------------------------------------------------------------

Validation: AUC Score: 0.5000

-------------------------------------------------------------
validation loss: 12.20487, accuracy: 50.00
epoch: [7], step: [98/1543], batch loss: 0.20911, batch accuracy: 70.30, data load time: 0.27158, step time: 0.03730
epoch: [7], step: [198/1543], batch loss: 0.21792, batch accuracy: 82.12, data load time: 0.21400, step time: 0.04034
epoch: [7], step: [298/1543], batch loss: 0.17434, batch accuracy: 84.47, data load time: 0.23994, step time: 0.03681
epoch: [7], step: [398/1543], batch loss: 0.15243, batch accuracy: 76.81, data load time: 0.27768, step time: 0.03599
epoch: [7], step: [498/1543], batch loss: 0.16885, batch accuracy: 87.49, data load time: 0.22699, step time: 0.03875
epoch: [7], step: [598/1543], batch loss: 0.18979, batch accuracy: 87.15, data load time: 0.23342, step time: 0.03798
epoch: [7], step: [698/1543], batch loss: 0.18205, batch accuracy: 74.49, data load time: 0.24386, step time: 0.03294
epoch: [7], step: [798/1543], batch loss: 0.18089, batch accuracy: 76.83, data load time: 0.25082, step time: 0.03459
epoch: [7], step: [898/1543], batch loss: 0.26682, batch accuracy: 75.66, data load time: 0.24133, step time: 0.04307
epoch: [7], step: [998/1543], batch loss: 0.16028, batch accuracy: 88.43, data load time: 0.26233, step time: 0.03749
epoch: [7], step: [1098/1543], batch loss: 0.13949, batch accuracy: 82.41, data load time: 0.23050, step time: 0.03229
epoch: [7], step: [1198/1543], batch loss: 0.18469, batch accuracy: 82.28, data load time: 0.23913, step time: 0.03749
epoch: [7], step: [1298/1543], batch loss: 0.16267, batch accuracy: 80.13, data load time: 0.23001, step time: 0.03304
epoch: [7], step: [1398/1543], batch loss: 0.16820, batch accuracy: 86.81, data load time: 0.31905, step time: 0.03446
epoch: [7], step: [1498/1543], batch loss: 0.15557, batch accuracy: 87.53, data load time: 0.25441, step time: 0.03754
EVALUATION METRICS:
-------------------------------------------------------------

Validation: AUC Score: 0.5000

-------------------------------------------------------------
validation loss: 6.63738, accuracy: 50.00
epoch: [8], step: [55/1543], batch loss: 0.15912, batch accuracy: 79.12, data load time: 0.21473, step time: 0.03383
epoch: [8], step: [155/1543], batch loss: 0.14934, batch accuracy: 91.61, data load time: 0.27399, step time: 0.03817
epoch: [8], step: [255/1543], batch loss: 0.13113, batch accuracy: 77.94, data load time: 0.22832, step time: 0.03242
epoch: [8], step: [355/1543], batch loss: 0.17964, batch accuracy: 81.46, data load time: 0.26222, step time: 0.03741
epoch: [8], step: [455/1543], batch loss: 0.17125, batch accuracy: 83.73, data load time: 0.20248, step time: 0.03725
epoch: [8], step: [555/1543], batch loss: 0.13815, batch accuracy: 87.10, data load time: 0.25979, step time: 0.03563
epoch: [8], step: [655/1543], batch loss: 0.14444, batch accuracy: 82.11, data load time: 0.31634, step time: 0.03078
epoch: [8], step: [755/1543], batch loss: 0.18423, batch accuracy: 87.47, data load time: 0.26728, step time: 0.03814
epoch: [8], step: [855/1543], batch loss: 0.17106, batch accuracy: 85.30, data load time: 0.27139, step time: 0.03977
epoch: [8], step: [955/1543], batch loss: 0.21901, batch accuracy: 84.19, data load time: 0.27097, step time: 0.03980
epoch: [8], step: [1055/1543], batch loss: 0.19605, batch accuracy: 87.50, data load time: 0.29390, step time: 0.03731
epoch: [8], step: [1155/1543], batch loss: 0.26555, batch accuracy: 82.15, data load time: 0.23428, step time: 0.04166
epoch: [8], step: [1255/1543], batch loss: 0.15248, batch accuracy: 80.99, data load time: 0.25314, step time: 0.03517
epoch: [8], step: [1355/1543], batch loss: 0.24106, batch accuracy: 76.88, data load time: 0.34777, step time: 0.04176
epoch: [8], step: [1455/1543], batch loss: 0.18202, batch accuracy: 80.21, data load time: 0.22974, step time: 0.03589
EVALUATION METRICS:
-------------------------------------------------------------

Validation: AUC Score: 0.5001

-------------------------------------------------------------
validation loss: 6.63610, accuracy: 50.01
epoch: [9], step: [12/1543], batch loss: 0.18576, batch accuracy: 72.59, data load time: 0.28844, step time: 0.03719
epoch: [9], step: [112/1543], batch loss: 0.16343, batch accuracy: 83.00, data load time: 0.26238, step time: 0.03571
epoch: [9], step: [212/1543], batch loss: 0.21700, batch accuracy: 75.55, data load time: 0.22305, step time: 0.04040
epoch: [9], step: [312/1543], batch loss: 0.16187, batch accuracy: 89.67, data load time: 0.24266, step time: 0.03818
epoch: [9], step: [412/1543], batch loss: 0.15190, batch accuracy: 81.14, data load time: 0.29484, step time: 0.03646
epoch: [9], step: [512/1543], batch loss: 0.19664, batch accuracy: 80.27, data load time: 0.21350, step time: 0.03662
epoch: [9], step: [612/1543], batch loss: 0.15340, batch accuracy: 83.55, data load time: 0.27378, step time: 0.03382
epoch: [9], step: [712/1543], batch loss: 0.19209, batch accuracy: 76.26, data load time: 0.26969, step time: 0.03793
epoch: [9], step: [812/1543], batch loss: 0.15611, batch accuracy: 87.43, data load time: 0.30050, step time: 0.03523
epoch: [9], step: [912/1543], batch loss: 0.22773, batch accuracy: 77.85, data load time: 0.26748, step time: 0.04021
epoch: [9], step: [1012/1543], batch loss: 0.22452, batch accuracy: 79.19, data load time: 0.21579, step time: 0.04093
epoch: [9], step: [1112/1543], batch loss: 0.15164, batch accuracy: 74.80, data load time: 0.29621, step time: 0.03312
epoch: [9], step: [1212/1543], batch loss: 0.17155, batch accuracy: 75.42, data load time: 0.21885, step time: 0.03578
epoch: [9], step: [1312/1543], batch loss: 0.13849, batch accuracy: 85.10, data load time: 0.28531, step time: 0.03586
epoch: [9], step: [1412/1543], batch loss: 0.16833, batch accuracy: 82.60, data load time: 0.28343, step time: 0.03801
epoch: [9], step: [1512/1543], batch loss: 0.15255, batch accuracy: 89.84, data load time: 0.25056, step time: 0.03778
EVALUATION METRICS:
-------------------------------------------------------------

Validation: AUC Score: 0.5000

-------------------------------------------------------------
validation loss: 6.63864, accuracy: 50.00
epoch: [10], step: [69/1543], batch loss: 0.17795, batch accuracy: 80.87, data load time: 0.27833, step time: 0.03597
epoch: [10], step: [169/1543], batch loss: 0.15980, batch accuracy: 83.22, data load time: 0.22678, step time: 0.03765
epoch: [10], step: [269/1543], batch loss: 0.15069, batch accuracy: 92.19, data load time: 0.33397, step time: 0.03610
epoch: [10], step: [369/1543], batch loss: 0.17437, batch accuracy: 81.02, data load time: 0.29553, step time: 0.03674
epoch: [10], step: [469/1543], batch loss: 0.17535, batch accuracy: 80.24, data load time: 0.30284, step time: 0.03450
epoch: [10], step: [569/1543], batch loss: 0.21030, batch accuracy: 88.15, data load time: 0.25758, step time: 0.04029
epoch: [10], step: [669/1543], batch loss: 0.14247, batch accuracy: 89.52, data load time: 0.28969, step time: 0.03753
epoch: [10], step: [769/1543], batch loss: 0.17140, batch accuracy: 89.87, data load time: 0.26175, step time: 0.04087
epoch: [10], step: [869/1543], batch loss: 0.21763, batch accuracy: 78.27, data load time: 0.27065, step time: 0.03869
epoch: [10], step: [969/1543], batch loss: 0.13300, batch accuracy: 87.03, data load time: 0.22944, step time: 0.03730
epoch: [10], step: [1069/1543], batch loss: 0.23167, batch accuracy: 70.70, data load time: 0.16076, step time: 0.03942
epoch: [10], step: [1169/1543], batch loss: 0.22707, batch accuracy: 75.45, data load time: 0.24654, step time: 0.03720
epoch: [10], step: [1269/1543], batch loss: 0.17855, batch accuracy: 79.58, data load time: 0.25291, step time: 0.03514
epoch: [10], step: [1369/1543], batch loss: 0.20286, batch accuracy: 87.44, data load time: 0.27258, step time: 0.04007
epoch: [10], step: [1469/1543], batch loss: 0.24422, batch accuracy: 67.76, data load time: 0.20861, step time: 0.03883
EVALUATION METRICS:
-------------------------------------------------------------

Validation: AUC Score: 0.5000

-------------------------------------------------------------
validation loss: 6.63864, accuracy: 50.00
epoch: [11], step: [26/1543], batch loss: 0.17856, batch accuracy: 87.52, data load time: 0.22478, step time: 0.03819
epoch: [11], step: [126/1543], batch loss: 0.17239, batch accuracy: 75.02, data load time: 0.19406, step time: 0.03458
epoch: [11], step: [226/1543], batch loss: 0.16328, batch accuracy: 84.71, data load time: 0.23714, step time: 0.03369
epoch: [11], step: [326/1543], batch loss: 0.22604, batch accuracy: 78.80, data load time: 0.28923, step time: 0.03763
epoch: [11], step: [426/1543], batch loss: 0.22612, batch accuracy: 72.13, data load time: 0.23463, step time: 0.04098
epoch: [11], step: [526/1543], batch loss: 0.20504, batch accuracy: 69.53, data load time: 0.25645, step time: 0.03939
epoch: [11], step: [626/1543], batch loss: 0.17817, batch accuracy: 78.67, data load time: 0.23380, step time: 0.04176
epoch: [11], step: [726/1543], batch loss: 0.24181, batch accuracy: 76.72, data load time: 0.18597, step time: 0.04155
epoch: [11], step: [826/1543], batch loss: 0.24230, batch accuracy: 64.28, data load time: 0.20781, step time: 0.03881
epoch: [11], step: [926/1543], batch loss: 0.21171, batch accuracy: 84.50, data load time: 0.19722, step time: 0.04169
epoch: [11], step: [1026/1543], batch loss: 0.20294, batch accuracy: 80.60, data load time: 0.23697, step time: 0.03879
epoch: [11], step: [1126/1543], batch loss: 0.20936, batch accuracy: 82.75, data load time: 0.23272, step time: 0.03803
epoch: [11], step: [1226/1543], batch loss: 0.17316, batch accuracy: 80.02, data load time: 0.23589, step time: 0.03520
epoch: [11], step: [1326/1543], batch loss: 0.21970, batch accuracy: 86.86, data load time: 0.24851, step time: 0.04435
epoch: [11], step: [1426/1543], batch loss: 0.17190, batch accuracy: 83.64, data load time: 0.25423, step time: 0.03520
epoch: [11], step: [1526/1543], batch loss: 0.25380, batch accuracy: 84.23, data load time: 0.27784, step time: 0.04156
EVALUATION METRICS:
-------------------------------------------------------------

Validation: AUC Score: 0.5000

-------------------------------------------------------------
validation loss: 7.98712, accuracy: 50.00
epoch: [12], step: [83/1543], batch loss: 0.20348, batch accuracy: 84.12, data load time: 0.23136, step time: 0.03941
epoch: [12], step: [183/1543], batch loss: 0.14709, batch accuracy: 81.43, data load time: 0.19077, step time: 0.03459
epoch: [12], step: [283/1543], batch loss: 0.17595, batch accuracy: 83.43, data load time: 0.13849, step time: 0.03593
epoch: [12], step: [383/1543], batch loss: 0.16405, batch accuracy: 88.66, data load time: 0.25103, step time: 0.03864
epoch: [12], step: [483/1543], batch loss: 0.14738, batch accuracy: 82.46, data load time: 0.31045, step time: 0.03294
epoch: [12], step: [583/1543], batch loss: 0.16006, batch accuracy: 73.55, data load time: 0.21071, step time: 0.03431
epoch: [12], step: [683/1543], batch loss: 0.18891, batch accuracy: 73.78, data load time: 0.24107, step time: 0.03798
epoch: [12], step: [783/1543], batch loss: 0.23495, batch accuracy: 74.87, data load time: 0.17321, step time: 0.03789
epoch: [12], step: [883/1543], batch loss: 0.16421, batch accuracy: 76.98, data load time: 0.22544, step time: 0.03520
epoch: [12], step: [983/1543], batch loss: 0.12839, batch accuracy: 93.62, data load time: 0.18177, step time: 0.03323
epoch: [12], step: [1083/1543], batch loss: 0.15837, batch accuracy: 92.01, data load time: 0.26039, step time: 0.03723
epoch: [12], step: [1183/1543], batch loss: 0.12538, batch accuracy: 92.44, data load time: 0.23222, step time: 0.03364
epoch: [12], step: [1283/1543], batch loss: 0.11354, batch accuracy: 88.80, data load time: 0.25892, step time: 0.03300
epoch: [12], step: [1383/1543], batch loss: 0.17420, batch accuracy: 80.80, data load time: 0.16532, step time: 0.03735
epoch: [12], step: [1483/1543], batch loss: 0.15421, batch accuracy: 89.74, data load time: 0.23675, step time: 0.03573
EVALUATION METRICS:
-------------------------------------------------------------

Validation: AUC Score: 0.4994

-------------------------------------------------------------
validation loss: 17.08170, accuracy: 49.94
epoch: [13], step: [40/1543], batch loss: 0.19029, batch accuracy: 60.17, data load time: 0.18371, step time: 0.03525
epoch: [13], step: [140/1543], batch loss: 0.14689, batch accuracy: 83.69, data load time: 0.18245, step time: 0.03366
epoch: [13], step: [240/1543], batch loss: 0.15061, batch accuracy: 81.40, data load time: 0.20663, step time: 0.03455
epoch: [13], step: [340/1543], batch loss: 0.21105, batch accuracy: 84.09, data load time: 0.22665, step time: 0.04372
epoch: [13], step: [440/1543], batch loss: 0.15615, batch accuracy: 85.40, data load time: 0.21792, step time: 0.03364
epoch: [13], step: [540/1543], batch loss: 0.18021, batch accuracy: 77.76, data load time: 0.21758, step time: 0.03667
epoch: [13], step: [640/1543], batch loss: 0.18173, batch accuracy: 77.05, data load time: 0.37717, step time: 0.03724
epoch: [13], step: [740/1543], batch loss: 0.17373, batch accuracy: 93.12, data load time: 0.28081, step time: 0.03933
epoch: [13], step: [840/1543], batch loss: 0.21500, batch accuracy: 86.26, data load time: 0.24018, step time: 0.03854
epoch: [13], step: [940/1543], batch loss: 0.15725, batch accuracy: 80.97, data load time: 0.21123, step time: 0.03302
epoch: [13], step: [1040/1543], batch loss: 0.18193, batch accuracy: 78.45, data load time: 0.26470, step time: 0.03297
epoch: [13], step: [1140/1543], batch loss: 0.18087, batch accuracy: 78.44, data load time: 0.18133, step time: 0.03649
epoch: [13], step: [1240/1543], batch loss: 0.19784, batch accuracy: 78.82, data load time: 0.22266, step time: 0.03732
epoch: [13], step: [1340/1543], batch loss: 0.19953, batch accuracy: 87.89, data load time: 0.22052, step time: 0.04072
epoch: [13], step: [1440/1543], batch loss: 0.23639, batch accuracy: 76.01, data load time: 0.16463, step time: 0.03797
epoch: [13], step: [1540/1543], batch loss: 0.17576, batch accuracy: 89.96, data load time: 0.27700, step time: 0.04194
EVALUATION METRICS:
-------------------------------------------------------------

Validation: AUC Score: 0.7848

-------------------------------------------------------------
validation loss: 0.21044, accuracy: 78.48
epoch: [14], step: [97/1543], batch loss: 0.20397, batch accuracy: 64.05, data load time: 0.11787, step time: 0.03512
epoch: [14], step: [197/1543], batch loss: 0.16074, batch accuracy: 91.93, data load time: 0.18937, step time: 0.03516
epoch: [14], step: [297/1543], batch loss: 0.15320, batch accuracy: 84.35, data load time: 0.07336, step time: 0.03577
epoch: [14], step: [397/1543], batch loss: 0.22527, batch accuracy: 60.95, data load time: 0.19004, step time: 0.03874
epoch: [14], step: [497/1543], batch loss: 0.21162, batch accuracy: 75.72, data load time: 0.16384, step time: 0.03654
epoch: [14], step: [597/1543], batch loss: 0.22363, batch accuracy: 76.88, data load time: 0.25960, step time: 0.04302
epoch: [14], step: [697/1543], batch loss: 0.19783, batch accuracy: 72.53, data load time: 0.25425, step time: 0.04029
epoch: [14], step: [797/1543], batch loss: 0.21841, batch accuracy: 70.26, data load time: 0.26175, step time: 0.03520
epoch: [14], step: [897/1543], batch loss: 0.21797, batch accuracy: 71.60, data load time: 0.18701, step time: 0.04189
epoch: [14], step: [997/1543], batch loss: 0.18501, batch accuracy: 87.35, data load time: 0.16936, step time: 0.03831
epoch: [14], step: [1097/1543], batch loss: 0.29284, batch accuracy: 65.02, data load time: 0.21410, step time: 0.04156
epoch: [14], step: [1197/1543], batch loss: 0.16349, batch accuracy: 74.34, data load time: 0.21779, step time: 0.03422
epoch: [14], step: [1297/1543], batch loss: 0.22772, batch accuracy: 68.20, data load time: 0.20797, step time: 0.03795
epoch: [14], step: [1397/1543], batch loss: 0.18821, batch accuracy: 89.84, data load time: 0.22350, step time: 0.04032
epoch: [14], step: [1497/1543], batch loss: 0.13246, batch accuracy: 86.59, data load time: 0.16677, step time: 0.03508
EVALUATION METRICS:
-------------------------------------------------------------

Validation: AUC Score: 0.5001

-------------------------------------------------------------
validation loss: 8.45075, accuracy: 50.01
epoch: [15], step: [54/1543], batch loss: 0.24058, batch accuracy: 84.46, data load time: 0.17481, step time: 0.04240
epoch: [15], step: [154/1543], batch loss: 0.21865, batch accuracy: 72.65, data load time: 0.09221, step time: 0.03894
epoch: [15], step: [254/1543], batch loss: 0.18027, batch accuracy: 75.39, data load time: 0.13769, step time: 0.04055
epoch: [15], step: [354/1543], batch loss: 0.22897, batch accuracy: 74.06, data load time: 0.17316, step time: 0.03761
epoch: [15], step: [454/1543], batch loss: 0.20618, batch accuracy: 85.05, data load time: 0.16659, step time: 0.04380
epoch: [15], step: [554/1543], batch loss: 0.20379, batch accuracy: 89.01, data load time: 0.17857, step time: 0.03673
epoch: [15], step: [654/1543], batch loss: 0.18739, batch accuracy: 78.88, data load time: 0.20096, step time: 0.03844
epoch: [15], step: [754/1543], batch loss: 0.17958, batch accuracy: 82.54, data load time: 0.14538, step time: 0.03217
epoch: [15], step: [854/1543], batch loss: 0.16834, batch accuracy: 80.14, data load time: 0.21421, step time: 0.03667
epoch: [15], step: [954/1543], batch loss: 0.15605, batch accuracy: 91.85, data load time: 0.14708, step time: 0.03590
epoch: [15], step: [1054/1543], batch loss: 0.26575, batch accuracy: 79.61, data load time: 0.25483, step time: 0.03944
epoch: [15], step: [1154/1543], batch loss: 0.15059, batch accuracy: 90.41, data load time: 0.25127, step time: 0.03678
epoch: [15], step: [1254/1543], batch loss: 0.20418, batch accuracy: 78.94, data load time: 0.23217, step time: 0.03872
epoch: [15], step: [1354/1543], batch loss: 0.17402, batch accuracy: 83.43, data load time: 0.33118, step time: 0.03734
epoch: [15], step: [1454/1543], batch loss: 0.17518, batch accuracy: 85.79, data load time: 0.23787, step time: 0.04247
Epoch 00016: reducing learning rate of group 0 to 5.0000e-02.
EVALUATION METRICS:
-------------------------------------------------------------

Validation: AUC Score: 0.5000

-------------------------------------------------------------
validation loss: 7.98156, accuracy: 50.00
epoch: [16], step: [11/1543], batch loss: 0.16996, batch accuracy: 82.30, data load time: 0.14717, step time: 0.03834
epoch: [16], step: [111/1543], batch loss: 0.16104, batch accuracy: 85.25, data load time: 0.17475, step time: 0.03655
epoch: [16], step: [211/1543], batch loss: 0.18759, batch accuracy: 85.73, data load time: 0.05796, step time: 0.04196
epoch: [16], step: [311/1543], batch loss: 0.15229, batch accuracy: 90.10, data load time: 0.14625, step time: 0.03817
epoch: [16], step: [411/1543], batch loss: 0.13366, batch accuracy: 83.65, data load time: 0.21249, step time: 0.03231
epoch: [16], step: [511/1543], batch loss: 0.16270, batch accuracy: 89.94, data load time: 0.13048, step time: 0.03809
epoch: [16], step: [611/1543], batch loss: 0.17099, batch accuracy: 84.56, data load time: 0.17070, step time: 0.03653
epoch: [16], step: [711/1543], batch loss: 0.17939, batch accuracy: 87.99, data load time: 0.18582, step time: 0.03874
epoch: [16], step: [811/1543], batch loss: 0.15457, batch accuracy: 83.36, data load time: 0.06129, step time: 0.03596
epoch: [16], step: [911/1543], batch loss: 0.17528, batch accuracy: 88.22, data load time: 0.27167, step time: 0.04068
epoch: [16], step: [1011/1543], batch loss: 0.19380, batch accuracy: 82.26, data load time: 0.17348, step time: 0.03455
epoch: [16], step: [1111/1543], batch loss: 0.15468, batch accuracy: 78.70, data load time: 0.16269, step time: 0.03652
epoch: [16], step: [1211/1543], batch loss: 0.20739, batch accuracy: 77.45, data load time: 0.24804, step time: 0.03799
epoch: [16], step: [1311/1543], batch loss: 0.17088, batch accuracy: 88.35, data load time: 0.20681, step time: 0.04003
epoch: [16], step: [1411/1543], batch loss: 0.20791, batch accuracy: 75.84, data load time: 0.21162, step time: 0.03727
epoch: [16], step: [1511/1543], batch loss: 0.19118, batch accuracy: 77.42, data load time: 0.22976, step time: 0.03517
EVALUATION METRICS:
-------------------------------------------------------------

Validation: AUC Score: 0.5148

-------------------------------------------------------------
validation loss: 6.43089, accuracy: 51.48
epoch: [17], step: [68/1543], batch loss: 0.16995, batch accuracy: 82.87, data load time: 0.09593, step time: 0.03518
epoch: [17], step: [168/1543], batch loss: 0.22461, batch accuracy: 80.44, data load time: 0.18117, step time: 0.03842
epoch: [17], step: [268/1543], batch loss: 0.18873, batch accuracy: 82.98, data load time: 0.14447, step time: 0.03734
epoch: [17], step: [368/1543], batch loss: 0.19623, batch accuracy: 86.12, data load time: 0.12852, step time: 0.04315
epoch: [17], step: [468/1543], batch loss: 0.16387, batch accuracy: 91.79, data load time: 0.15463, step time: 0.03859
epoch: [17], step: [568/1543], batch loss: 0.16298, batch accuracy: 81.26, data load time: 0.16761, step time: 0.03520
epoch: [17], step: [668/1543], batch loss: 0.16132, batch accuracy: 81.79, data load time: 0.19930, step time: 0.03528
epoch: [17], step: [768/1543], batch loss: 0.13463, batch accuracy: 89.76, data load time: 0.24229, step time: 0.03528
epoch: [17], step: [868/1543], batch loss: 0.15001, batch accuracy: 85.62, data load time: 0.17745, step time: 0.03590
epoch: [17], step: [968/1543], batch loss: 0.19510, batch accuracy: 78.95, data load time: 0.20792, step time: 0.04094
epoch: [17], step: [1068/1543], batch loss: 0.23751, batch accuracy: 86.80, data load time: 0.26939, step time: 0.04417
epoch: [17], step: [1168/1543], batch loss: 0.13643, batch accuracy: 87.89, data load time: 0.17379, step time: 0.03365
epoch: [17], step: [1268/1543], batch loss: 0.14424, batch accuracy: 91.12, data load time: 0.27419, step time: 0.03838
epoch: [17], step: [1368/1543], batch loss: 0.17031, batch accuracy: 87.77, data load time: 0.20781, step time: 0.04049
epoch: [17], step: [1468/1543], batch loss: 0.15963, batch accuracy: 83.48, data load time: 0.25621, step time: 0.03507
EVALUATION METRICS:
-------------------------------------------------------------

Validation: AUC Score: 0.5734

-------------------------------------------------------------
validation loss: 1.60080, accuracy: 57.34
epoch: [18], step: [25/1543], batch loss: 0.20123, batch accuracy: 72.36, data load time: 0.13448, step time: 0.04871
epoch: [18], step: [125/1543], batch loss: 0.13620, batch accuracy: 80.90, data load time: 0.12266, step time: 0.03439
epoch: [18], step: [225/1543], batch loss: 0.18809, batch accuracy: 76.06, data load time: 0.16616, step time: 0.03802
epoch: [18], step: [325/1543], batch loss: 0.16658, batch accuracy: 81.05, data load time: 0.19787, step time: 0.03677
epoch: [18], step: [425/1543], batch loss: 0.15369, batch accuracy: 89.03, data load time: 0.15266, step time: 0.03588
epoch: [18], step: [525/1543], batch loss: 0.16629, batch accuracy: 74.74, data load time: 0.18484, step time: 0.03645
epoch: [18], step: [625/1543], batch loss: 0.13985, batch accuracy: 80.70, data load time: 0.23373, step time: 0.03154
epoch: [18], step: [725/1543], batch loss: 0.15038, batch accuracy: 88.34, data load time: 0.18742, step time: 0.03663
epoch: [18], step: [825/1543], batch loss: 0.13259, batch accuracy: 85.50, data load time: 0.11596, step time: 0.03222
epoch: [18], step: [925/1543], batch loss: 0.16654, batch accuracy: 78.62, data load time: 0.22936, step time: 0.03610
epoch: [18], step: [1025/1543], batch loss: 0.15427, batch accuracy: 90.71, data load time: 0.09527, step time: 0.03681
epoch: [18], step: [1125/1543], batch loss: 0.16893, batch accuracy: 84.48, data load time: 0.28940, step time: 0.03804
epoch: [18], step: [1225/1543], batch loss: 0.16381, batch accuracy: 84.51, data load time: 0.20281, step time: 0.04031
epoch: [18], step: [1325/1543], batch loss: 0.19068, batch accuracy: 82.76, data load time: 0.20395, step time: 0.03821
epoch: [18], step: [1425/1543], batch loss: 0.14208, batch accuracy: 90.34, data load time: 0.24595, step time: 0.03816
epoch: [18], step: [1525/1543], batch loss: 0.26798, batch accuracy: 78.81, data load time: 0.25727, step time: 0.04458
EVALUATION METRICS:
-------------------------------------------------------------

Validation: AUC Score: 0.5000

-------------------------------------------------------------
validation loss: 6.63864, accuracy: 50.00
epoch: [19], step: [82/1543], batch loss: 0.16030, batch accuracy: 87.28, data load time: 0.09719, step time: 0.03654
epoch: [19], step: [182/1543], batch loss: 0.16233, batch accuracy: 89.02, data load time: 0.18272, step time: 0.03810
epoch: [19], step: [282/1543], batch loss: 0.15341, batch accuracy: 88.63, data load time: 0.19186, step time: 0.03669
epoch: [19], step: [382/1543], batch loss: 0.16693, batch accuracy: 75.83, data load time: 0.13205, step time: 0.03588
epoch: [19], step: [482/1543], batch loss: 0.17454, batch accuracy: 72.28, data load time: 0.17197, step time: 0.03577
epoch: [19], step: [582/1543], batch loss: 0.18168, batch accuracy: 87.00, data load time: 0.15766, step time: 0.04020
epoch: [19], step: [682/1543], batch loss: 0.15751, batch accuracy: 83.27, data load time: 0.22561, step time: 0.03647
epoch: [19], step: [782/1543], batch loss: 0.19211, batch accuracy: 83.45, data load time: 0.17960, step time: 0.03879
epoch: [19], step: [882/1543], batch loss: 0.17258, batch accuracy: 89.63, data load time: 0.26721, step time: 0.03782
epoch: [19], step: [982/1543], batch loss: 0.18145, batch accuracy: 80.93, data load time: 0.25936, step time: 0.03722
epoch: [19], step: [1082/1543], batch loss: 0.16033, batch accuracy: 87.96, data load time: 0.24799, step time: 0.03658
epoch: [19], step: [1182/1543], batch loss: 0.17799, batch accuracy: 78.75, data load time: 0.21391, step time: 0.03428
epoch: [19], step: [1282/1543], batch loss: 0.13949, batch accuracy: 82.45, data load time: 0.24182, step time: 0.03347
epoch: [19], step: [1382/1543], batch loss: 0.14716, batch accuracy: 89.91, data load time: 0.20265, step time: 0.03507
epoch: [19], step: [1482/1543], batch loss: 0.17241, batch accuracy: 78.76, data load time: 0.22176, step time: 0.03862
EVALUATION METRICS:
-------------------------------------------------------------

Validation: AUC Score: 0.7854

-------------------------------------------------------------
validation loss: 0.21882, accuracy: 78.54
epoch: [20], step: [39/1543], batch loss: 0.19624, batch accuracy: 86.54, data load time: 0.14133, step time: 0.04516
epoch: [20], step: [139/1543], batch loss: 0.21528, batch accuracy: 81.72, data load time: 0.17185, step time: 0.04411
epoch: [20], step: [239/1543], batch loss: 0.18595, batch accuracy: 85.39, data load time: 0.13649, step time: 0.04028
epoch: [20], step: [339/1543], batch loss: 0.16449, batch accuracy: 80.14, data load time: 0.12770, step time: 0.03303
epoch: [20], step: [439/1543], batch loss: 0.16490, batch accuracy: 78.30, data load time: 0.13908, step time: 0.03377
epoch: [20], step: [539/1543], batch loss: 0.16278, batch accuracy: 82.42, data load time: 0.22444, step time: 0.03885
epoch: [20], step: [639/1543], batch loss: 0.25506, batch accuracy: 75.06, data load time: 0.20594, step time: 0.04228
epoch: [20], step: [739/1543], batch loss: 0.15621, batch accuracy: 83.05, data load time: 0.13977, step time: 0.03362
epoch: [20], step: [839/1543], batch loss: 0.17245, batch accuracy: 84.72, data load time: 0.27664, step time: 0.03654
epoch: [20], step: [939/1543], batch loss: 0.16515, batch accuracy: 82.79, data load time: 0.16516, step time: 0.03761
epoch: [20], step: [1039/1543], batch loss: 0.20620, batch accuracy: 80.48, data load time: 0.22030, step time: 0.04380
epoch: [20], step: [1139/1543], batch loss: 0.13432, batch accuracy: 93.38, data load time: 0.19684, step time: 0.03345
epoch: [20], step: [1239/1543], batch loss: 0.16581, batch accuracy: 82.72, data load time: 0.19080, step time: 0.03532
epoch: [20], step: [1339/1543], batch loss: 0.15721, batch accuracy: 87.31, data load time: 0.23041, step time: 0.03719
epoch: [20], step: [1439/1543], batch loss: 0.17336, batch accuracy: 74.92, data load time: 0.18786, step time: 0.03294
epoch: [20], step: [1539/1543], batch loss: 0.16533, batch accuracy: 90.50, data load time: 0.30581, step time: 0.04122
EVALUATION METRICS:
-------------------------------------------------------------

Validation: AUC Score: 0.5000

-------------------------------------------------------------
validation loss: 8.14785, accuracy: 50.00
epoch: [21], step: [96/1543], batch loss: 0.12798, batch accuracy: 92.11, data load time: 0.10241, step time: 0.03513
epoch: [21], step: [196/1543], batch loss: 0.20546, batch accuracy: 83.94, data load time: 0.17927, step time: 0.03652
epoch: [21], step: [296/1543], batch loss: 0.26629, batch accuracy: 75.92, data load time: 0.14988, step time: 0.04006
epoch: [21], step: [396/1543], batch loss: 0.20903, batch accuracy: 83.33, data load time: 0.14873, step time: 0.03896
epoch: [21], step: [496/1543], batch loss: 0.12763, batch accuracy: 89.32, data load time: 0.20879, step time: 0.03299
epoch: [21], step: [596/1543], batch loss: 0.15339, batch accuracy: 82.04, data load time: 0.12536, step time: 0.03437
epoch: [21], step: [696/1543], batch loss: 0.13311, batch accuracy: 91.13, data load time: 0.20037, step time: 0.03722
epoch: [21], step: [796/1543], batch loss: 0.13651, batch accuracy: 84.46, data load time: 0.18282, step time: 0.03427
epoch: [21], step: [896/1543], batch loss: 0.21008, batch accuracy: 69.82, data load time: 0.17243, step time: 0.03794
epoch: [21], step: [996/1543], batch loss: 0.16696, batch accuracy: 75.04, data load time: 0.22009, step time: 0.03355
epoch: [21], step: [1096/1543], batch loss: 0.14922, batch accuracy: 81.96, data load time: 0.26796, step time: 0.03877
epoch: [21], step: [1196/1543], batch loss: 0.19303, batch accuracy: 83.01, data load time: 0.25417, step time: 0.04161
epoch: [21], step: [1296/1543], batch loss: 0.14774, batch accuracy: 89.36, data load time: 0.22302, step time: 0.03647
epoch: [21], step: [1396/1543], batch loss: 0.15765, batch accuracy: 82.28, data load time: 0.23314, step time: 0.03438
epoch: [21], step: [1496/1543], batch loss: 0.14822, batch accuracy: 93.28, data load time: 0.21754, step time: 0.03280
Epoch 00022: reducing learning rate of group 0 to 2.5000e-03.
EVALUATION METRICS:
-------------------------------------------------------------

Validation: AUC Score: 0.7896

-------------------------------------------------------------
validation loss: 0.21881, accuracy: 78.96
epoch: [22], step: [53/1543], batch loss: 0.14219, batch accuracy: 87.75, data load time: 0.11144, step time: 0.03534
epoch: [22], step: [153/1543], batch loss: 0.14627, batch accuracy: 87.98, data load time: 0.21103, step time: 0.03808
epoch: [22], step: [253/1543], batch loss: 0.14257, batch accuracy: 88.81, data load time: 0.14776, step time: 0.03612
epoch: [22], step: [353/1543], batch loss: 0.28050, batch accuracy: 77.58, data load time: 0.19603, step time: 0.03889
epoch: [22], step: [453/1543], batch loss: 0.16279, batch accuracy: 83.64, data load time: 0.19470, step time: 0.03746
epoch: [22], step: [553/1543], batch loss: 0.11910, batch accuracy: 96.40, data load time: 0.21806, step time: 0.03740
epoch: [22], step: [653/1543], batch loss: 0.16739, batch accuracy: 87.40, data load time: 0.17747, step time: 0.03899
epoch: [22], step: [753/1543], batch loss: 0.17577, batch accuracy: 88.68, data load time: 0.22349, step time: 0.04019
epoch: [22], step: [853/1543], batch loss: 0.13325, batch accuracy: 80.45, data load time: 0.20678, step time: 0.03313
epoch: [22], step: [953/1543], batch loss: 0.16654, batch accuracy: 75.69, data load time: 0.27840, step time: 0.03593
epoch: [22], step: [1053/1543], batch loss: 0.18211, batch accuracy: 91.36, data load time: 0.21166, step time: 0.04092
epoch: [22], step: [1153/1543], batch loss: 0.16391, batch accuracy: 82.17, data load time: 0.25024, step time: 0.03599
epoch: [22], step: [1253/1543], batch loss: 0.14932, batch accuracy: 84.39, data load time: 0.22683, step time: 0.03676
epoch: [22], step: [1353/1543], batch loss: 0.17640, batch accuracy: 79.30, data load time: 0.17811, step time: 0.03875
epoch: [22], step: [1453/1543], batch loss: 0.14657, batch accuracy: 90.31, data load time: 0.23599, step time: 0.03873
EVALUATION METRICS:
-------------------------------------------------------------

Validation: AUC Score: 0.5485

-------------------------------------------------------------
validation loss: 5.64163, accuracy: 54.85
epoch: [23], step: [10/1543], batch loss: 0.20316, batch accuracy: 88.15, data load time: 0.10967, step time: 0.04157
epoch: [23], step: [110/1543], batch loss: 0.20631, batch accuracy: 85.31, data load time: 0.18843, step time: 0.04396
epoch: [23], step: [210/1543], batch loss: 0.15015, batch accuracy: 91.17, data load time: 0.17292, step time: 0.04012
epoch: [23], step: [310/1543], batch loss: 0.12069, batch accuracy: 88.89, data load time: 0.19460, step time: 0.03291
epoch: [23], step: [410/1543], batch loss: 0.14698, batch accuracy: 88.18, data load time: 0.14962, step time: 0.03659
epoch: [23], step: [510/1543], batch loss: 0.15706, batch accuracy: 83.25, data load time: 0.18719, step time: 0.04045
epoch: [23], step: [610/1543], batch loss: 0.15690, batch accuracy: 88.71, data load time: 0.18717, step time: 0.03863
epoch: [23], step: [710/1543], batch loss: 0.18502, batch accuracy: 84.52, data load time: 0.13668, step time: 0.04017
epoch: [23], step: [810/1543], batch loss: 0.17545, batch accuracy: 79.66, data load time: 0.18904, step time: 0.03897
epoch: [23], step: [910/1543], batch loss: 0.10884, batch accuracy: 92.90, data load time: 0.24889, step time: 0.03017
epoch: [23], step: [1010/1543], batch loss: 0.12575, batch accuracy: 84.40, data load time: 0.21063, step time: 0.03221
epoch: [23], step: [1110/1543], batch loss: 0.17344, batch accuracy: 77.66, data load time: 0.21118, step time: 0.03579
epoch: [23], step: [1210/1543], batch loss: 0.16325, batch accuracy: 80.59, data load time: 0.20267, step time: 0.03367
epoch: [23], step: [1310/1543], batch loss: 0.13553, batch accuracy: 87.59, data load time: 0.17678, step time: 0.03604
epoch: [23], step: [1410/1543], batch loss: 0.18297, batch accuracy: 88.94, data load time: 0.25651, step time: 0.03732
epoch: [23], step: [1510/1543], batch loss: 0.16357, batch accuracy: 82.19, data load time: 0.23281, step time: 0.03667
EVALUATION METRICS:
-------------------------------------------------------------

Validation: AUC Score: 0.7881

-------------------------------------------------------------
validation loss: 0.22168, accuracy: 78.81
