Loading data from /mnt/storage/scratch/ee20947/MagnaTagATune/annotations/train.pkl...
Loading data from /mnt/storage/scratch/ee20947/MagnaTagATune/annotations/train.pkl...
Loading data from /mnt/storage/scratch/ee20947/MagnaTagATune/annotations/val.pkl...
Loading data from /mnt/storage/scratch/ee20947/MagnaTagATune/annotations/test.pkl...
Writing logs to logs/CNN_sgd_momentum=0.88_learning_rate=0.2_conv_length=256_conv_stride=256_batch_size=10_weight_decay=1e-05_run_0
epoch: [0], step: [99/1543], batch loss: 0.20565, batch accuracy: 71.89, data load time: 0.10486, step time: 0.03335
epoch: [0], step: [199/1543], batch loss: 0.20001, batch accuracy: 55.50, data load time: 0.17092, step time: 0.03187
epoch: [0], step: [299/1543], batch loss: 0.18653, batch accuracy: 80.80, data load time: 0.15905, step time: 0.03257
epoch: [0], step: [399/1543], batch loss: 0.22498, batch accuracy: 69.96, data load time: 0.16008, step time: 0.03051
epoch: [0], step: [499/1543], batch loss: 0.19210, batch accuracy: 72.26, data load time: 0.15411, step time: 0.03135
epoch: [0], step: [599/1543], batch loss: 0.20520, batch accuracy: 74.62, data load time: 0.14376, step time: 0.03199
epoch: [0], step: [699/1543], batch loss: 0.19728, batch accuracy: 71.60, data load time: 0.14092, step time: 0.03193
epoch: [0], step: [799/1543], batch loss: 0.23681, batch accuracy: 70.72, data load time: 0.14384, step time: 0.03617
epoch: [0], step: [899/1543], batch loss: 0.16747, batch accuracy: 68.24, data load time: 0.09285, step time: 0.02980
epoch: [0], step: [999/1543], batch loss: 0.21452, batch accuracy: 69.66, data load time: 0.19769, step time: 0.03630
epoch: [0], step: [1099/1543], batch loss: 0.30503, batch accuracy: 64.85, data load time: 0.24586, step time: 0.03681
epoch: [0], step: [1199/1543], batch loss: 0.16589, batch accuracy: 78.78, data load time: 0.19767, step time: 0.03048
epoch: [0], step: [1299/1543], batch loss: 0.17681, batch accuracy: 73.64, data load time: 0.08959, step time: 0.03036
epoch: [0], step: [1399/1543], batch loss: 0.17299, batch accuracy: 77.85, data load time: 0.10651, step time: 0.03553
epoch: [0], step: [1499/1543], batch loss: 0.24944, batch accuracy: 82.32, data load time: 0.12377, step time: 0.03900
epoch: [1], step: [56/1543], batch loss: 0.16081, batch accuracy: 62.26, data load time: 0.13906, step time: 0.02910
epoch: [1], step: [156/1543], batch loss: 0.20307, batch accuracy: 72.97, data load time: 0.16457, step time: 0.03209
epoch: [1], step: [256/1543], batch loss: 0.20471, batch accuracy: 65.31, data load time: 0.10238, step time: 0.03479
epoch: [1], step: [356/1543], batch loss: 0.15720, batch accuracy: 77.00, data load time: 0.07785, step time: 0.02981
epoch: [1], step: [456/1543], batch loss: 0.18729, batch accuracy: 79.56, data load time: 0.10049, step time: 0.03278
epoch: [1], step: [556/1543], batch loss: 0.20860, batch accuracy: 80.52, data load time: 0.18467, step time: 0.03269
epoch: [1], step: [656/1543], batch loss: 0.18092, batch accuracy: 85.49, data load time: 0.10479, step time: 0.03388
epoch: [1], step: [756/1543], batch loss: 0.16114, batch accuracy: 74.54, data load time: 0.15744, step time: 0.03056
epoch: [1], step: [856/1543], batch loss: 0.19555, batch accuracy: 73.12, data load time: 0.22468, step time: 0.03494
epoch: [1], step: [956/1543], batch loss: 0.19424, batch accuracy: 78.42, data load time: 0.15654, step time: 0.03256
epoch: [1], step: [1056/1543], batch loss: 0.18560, batch accuracy: 82.48, data load time: 0.18670, step time: 0.03198
epoch: [1], step: [1156/1543], batch loss: 0.22111, batch accuracy: 78.82, data load time: 0.12314, step time: 0.03490
epoch: [1], step: [1256/1543], batch loss: 0.15990, batch accuracy: 84.38, data load time: 0.18621, step time: 0.02993
epoch: [1], step: [1356/1543], batch loss: 0.22102, batch accuracy: 79.61, data load time: 0.00139, step time: 0.03797
epoch: [1], step: [1456/1543], batch loss: 0.18472, batch accuracy: 84.62, data load time: 0.13400, step time: 0.03512
epoch: [2], step: [13/1543], batch loss: 0.16255, batch accuracy: 83.49, data load time: 0.08996, step time: 0.03587
epoch: [2], step: [113/1543], batch loss: 0.26039, batch accuracy: 71.30, data load time: 0.12264, step time: 0.03494
epoch: [2], step: [213/1543], batch loss: 0.17648, batch accuracy: 77.15, data load time: 0.18882, step time: 0.03228
epoch: [2], step: [313/1543], batch loss: 0.20394, batch accuracy: 82.81, data load time: 0.06660, step time: 0.03765
epoch: [2], step: [413/1543], batch loss: 0.18854, batch accuracy: 57.42, data load time: 0.12809, step time: 0.03089
epoch: [2], step: [513/1543], batch loss: 0.21799, batch accuracy: 78.73, data load time: 0.15544, step time: 0.03578
epoch: [2], step: [613/1543], batch loss: 0.22614, batch accuracy: 77.26, data load time: 0.13927, step time: 0.03639
epoch: [2], step: [713/1543], batch loss: 0.26894, batch accuracy: 68.95, data load time: 0.20812, step time: 0.03360
epoch: [2], step: [813/1543], batch loss: 0.18589, batch accuracy: 66.70, data load time: 0.14063, step time: 0.03216
epoch: [2], step: [913/1543], batch loss: 0.20986, batch accuracy: 73.41, data load time: 0.15121, step time: 0.03283
epoch: [2], step: [1013/1543], batch loss: 0.15955, batch accuracy: 88.16, data load time: 0.22600, step time: 0.03422
epoch: [2], step: [1113/1543], batch loss: 0.17142, batch accuracy: 59.11, data load time: 0.14707, step time: 0.02933
epoch: [2], step: [1213/1543], batch loss: 0.18785, batch accuracy: 80.89, data load time: 0.19389, step time: 0.03350
epoch: [2], step: [1313/1543], batch loss: 0.18919, batch accuracy: 79.00, data load time: 0.20995, step time: 0.03203
epoch: [2], step: [1413/1543], batch loss: 0.22325, batch accuracy: 61.39, data load time: 0.20296, step time: 0.02927
epoch: [2], step: [1513/1543], batch loss: 0.29209, batch accuracy: 67.35, data load time: 0.16757, step time: 0.03715
epoch: [3], step: [70/1543], batch loss: 0.15284, batch accuracy: 88.69, data load time: 0.09962, step time: 0.03214
epoch: [3], step: [170/1543], batch loss: 0.14100, batch accuracy: 82.11, data load time: 0.12703, step time: 0.03366
epoch: [3], step: [270/1543], batch loss: 0.17572, batch accuracy: 71.99, data load time: 0.09153, step time: 0.03064
epoch: [3], step: [370/1543], batch loss: 0.13274, batch accuracy: 80.00, data load time: 0.15428, step time: 0.02854
epoch: [3], step: [470/1543], batch loss: 0.20091, batch accuracy: 80.63, data load time: 0.16772, step time: 0.03551
epoch: [3], step: [570/1543], batch loss: 0.16365, batch accuracy: 89.79, data load time: 0.09684, step time: 0.03523
epoch: [3], step: [670/1543], batch loss: 0.15155, batch accuracy: 80.32, data load time: 0.13386, step time: 0.03301
epoch: [3], step: [770/1543], batch loss: 0.17628, batch accuracy: 78.15, data load time: 0.14672, step time: 0.03431
epoch: [3], step: [870/1543], batch loss: 0.14928, batch accuracy: 71.77, data load time: 0.14506, step time: 0.03008
epoch: [3], step: [970/1543], batch loss: 0.22255, batch accuracy: 76.06, data load time: 0.18181, step time: 0.03567
epoch: [3], step: [1070/1543], batch loss: 0.17342, batch accuracy: 83.12, data load time: 0.14495, step time: 0.03285
epoch: [3], step: [1170/1543], batch loss: 0.14772, batch accuracy: 74.00, data load time: 0.20045, step time: 0.03081
epoch: [3], step: [1270/1543], batch loss: 0.14816, batch accuracy: 86.51, data load time: 0.16364, step time: 0.03129
epoch: [3], step: [1370/1543], batch loss: 0.16144, batch accuracy: 85.46, data load time: 0.23366, step time: 0.03075
epoch: [3], step: [1470/1543], batch loss: 0.21514, batch accuracy: 77.48, data load time: 0.22412, step time: 0.03289
epoch: [4], step: [27/1543], batch loss: 0.16544, batch accuracy: 86.50, data load time: 0.11251, step time: 0.03426
epoch: [4], step: [127/1543], batch loss: 0.21679, batch accuracy: 75.59, data load time: 0.25476, step time: 0.03346
epoch: [4], step: [227/1543], batch loss: 0.18333, batch accuracy: 73.20, data load time: 0.11322, step time: 0.03278
epoch: [4], step: [327/1543], batch loss: 0.18179, batch accuracy: 73.50, data load time: 0.09825, step time: 0.03266
epoch: [4], step: [427/1543], batch loss: 0.16369, batch accuracy: 76.59, data load time: 0.21966, step time: 0.03072
epoch: [4], step: [527/1543], batch loss: 0.14462, batch accuracy: 86.12, data load time: 0.19487, step time: 0.02989
epoch: [4], step: [627/1543], batch loss: 0.15346, batch accuracy: 88.97, data load time: 0.14287, step time: 0.03564
epoch: [4], step: [727/1543], batch loss: 0.15906, batch accuracy: 76.64, data load time: 0.14097, step time: 0.03151
epoch: [4], step: [827/1543], batch loss: 0.20985, batch accuracy: 78.19, data load time: 0.14125, step time: 0.03494
epoch: [4], step: [927/1543], batch loss: 0.19126, batch accuracy: 85.45, data load time: 0.13999, step time: 0.03348
epoch: [4], step: [1027/1543], batch loss: 0.20174, batch accuracy: 66.32, data load time: 0.14105, step time: 0.02932
epoch: [4], step: [1127/1543], batch loss: 0.21217, batch accuracy: 80.96, data load time: 0.16639, step time: 0.03565
epoch: [4], step: [1227/1543], batch loss: 0.24176, batch accuracy: 74.74, data load time: 0.22579, step time: 0.03641
epoch: [4], step: [1327/1543], batch loss: 0.17397, batch accuracy: 83.69, data load time: 0.20636, step time: 0.03072
epoch: [4], step: [1427/1543], batch loss: 0.22425, batch accuracy: 75.59, data load time: 0.13999, step time: 0.03936
epoch: [4], step: [1527/1543], batch loss: 0.17638, batch accuracy: 84.27, data load time: 0.17833, step time: 0.03504
EVALUATION METRICS:
-------------------------------------------------------------

Validation: AUC Score: 0.8087

-------------------------------------------------------------
validation loss: 0.17516, accuracy: 80.87
epoch: [5], step: [84/1543], batch loss: 0.12510, batch accuracy: 89.42, data load time: 0.14754, step time: 0.02716
epoch: [5], step: [184/1543], batch loss: 0.22962, batch accuracy: 78.03, data load time: 0.15794, step time: 0.03405
epoch: [5], step: [284/1543], batch loss: 0.17731, batch accuracy: 90.57, data load time: 0.15380, step time: 0.03148
epoch: [5], step: [384/1543], batch loss: 0.19471, batch accuracy: 83.95, data load time: 0.17013, step time: 0.03498
epoch: [5], step: [484/1543], batch loss: 0.17251, batch accuracy: 88.28, data load time: 0.19113, step time: 0.03420
epoch: [5], step: [584/1543], batch loss: 0.15823, batch accuracy: 83.33, data load time: 0.21125, step time: 0.03221
epoch: [5], step: [684/1543], batch loss: 0.17780, batch accuracy: 91.80, data load time: 0.09696, step time: 0.03697
epoch: [5], step: [784/1543], batch loss: 0.17169, batch accuracy: 93.11, data load time: 0.15665, step time: 0.03474
epoch: [5], step: [884/1543], batch loss: 0.21624, batch accuracy: 91.20, data load time: 0.13732, step time: 0.04018
epoch: [5], step: [984/1543], batch loss: 0.22611, batch accuracy: 71.93, data load time: 0.10753, step time: 0.03139
epoch: [5], step: [1084/1543], batch loss: 0.18725, batch accuracy: 84.39, data load time: 0.15882, step time: 0.03351
epoch: [5], step: [1184/1543], batch loss: 0.20623, batch accuracy: 81.88, data load time: 0.17661, step time: 0.03569
epoch: [5], step: [1284/1543], batch loss: 0.14006, batch accuracy: 89.67, data load time: 0.21726, step time: 0.03166
epoch: [5], step: [1384/1543], batch loss: 0.17124, batch accuracy: 89.03, data load time: 0.12856, step time: 0.03868
epoch: [5], step: [1484/1543], batch loss: 0.23927, batch accuracy: 65.97, data load time: 0.12551, step time: 0.03339
epoch: [6], step: [41/1543], batch loss: 0.19764, batch accuracy: 90.74, data load time: 0.04120, step time: 0.03497
epoch: [6], step: [141/1543], batch loss: 0.18056, batch accuracy: 87.62, data load time: 0.14298, step time: 0.03776
epoch: [6], step: [241/1543], batch loss: 0.16740, batch accuracy: 79.91, data load time: 0.11061, step time: 0.03070
epoch: [6], step: [341/1543], batch loss: 0.15870, batch accuracy: 87.12, data load time: 0.16650, step time: 0.03898
epoch: [6], step: [441/1543], batch loss: 0.15905, batch accuracy: 80.58, data load time: 0.09699, step time: 0.03263
epoch: [6], step: [541/1543], batch loss: 0.15749, batch accuracy: 85.78, data load time: 0.16874, step time: 0.03438
epoch: [6], step: [641/1543], batch loss: 0.15230, batch accuracy: 88.42, data load time: 0.24651, step time: 0.03944
epoch: [6], step: [741/1543], batch loss: 0.19057, batch accuracy: 81.60, data load time: 0.12959, step time: 0.03489
epoch: [6], step: [841/1543], batch loss: 0.15328, batch accuracy: 90.32, data load time: 0.20488, step time: 0.03287
epoch: [6], step: [941/1543], batch loss: 0.18787, batch accuracy: 80.45, data load time: 0.18393, step time: 0.03218
epoch: [6], step: [1041/1543], batch loss: 0.13299, batch accuracy: 92.38, data load time: 0.09740, step time: 0.03272
epoch: [6], step: [1141/1543], batch loss: 0.18690, batch accuracy: 74.19, data load time: 0.12897, step time: 0.03359
epoch: [6], step: [1241/1543], batch loss: 0.17013, batch accuracy: 75.15, data load time: 0.07787, step time: 0.03138
epoch: [6], step: [1341/1543], batch loss: 0.21872, batch accuracy: 79.42, data load time: 0.14925, step time: 0.03557
epoch: [6], step: [1441/1543], batch loss: 0.19759, batch accuracy: 81.76, data load time: 0.12262, step time: 0.03336
epoch: [6], step: [1541/1543], batch loss: 0.21061, batch accuracy: 80.50, data load time: 0.14417, step time: 0.03426
epoch: [7], step: [98/1543], batch loss: 0.15594, batch accuracy: 82.37, data load time: 0.08864, step time: 0.03425
epoch: [7], step: [198/1543], batch loss: 0.18855, batch accuracy: 78.11, data load time: 0.21116, step time: 0.03150
epoch: [7], step: [298/1543], batch loss: 0.16054, batch accuracy: 90.98, data load time: 0.19065, step time: 0.03183
epoch: [7], step: [398/1543], batch loss: 0.14557, batch accuracy: 84.41, data load time: 0.13216, step time: 0.03329
epoch: [7], step: [498/1543], batch loss: 0.17089, batch accuracy: 89.51, data load time: 0.15869, step time: 0.03395
epoch: [7], step: [598/1543], batch loss: 0.21010, batch accuracy: 88.89, data load time: 0.19532, step time: 0.04307
epoch: [7], step: [698/1543], batch loss: 0.15738, batch accuracy: 83.73, data load time: 0.16375, step time: 0.03281
epoch: [7], step: [798/1543], batch loss: 0.13332, batch accuracy: 80.12, data load time: 0.16828, step time: 0.03528
epoch: [7], step: [898/1543], batch loss: 0.18898, batch accuracy: 82.22, data load time: 0.16067, step time: 0.03279
epoch: [7], step: [998/1543], batch loss: 0.14206, batch accuracy: 80.57, data load time: 0.17658, step time: 0.03434
epoch: [7], step: [1098/1543], batch loss: 0.22821, batch accuracy: 79.07, data load time: 0.16594, step time: 0.03937
epoch: [7], step: [1198/1543], batch loss: 0.19115, batch accuracy: 80.54, data load time: 0.17929, step time: 0.03711
epoch: [7], step: [1298/1543], batch loss: 0.15682, batch accuracy: 85.64, data load time: 0.15043, step time: 0.03495
epoch: [7], step: [1398/1543], batch loss: 0.21683, batch accuracy: 79.88, data load time: 0.12733, step time: 0.03419
epoch: [7], step: [1498/1543], batch loss: 0.14674, batch accuracy: 92.59, data load time: 0.13959, step time: 0.03487
epoch: [8], step: [55/1543], batch loss: 0.23318, batch accuracy: 77.24, data load time: 0.14755, step time: 0.03404
epoch: [8], step: [155/1543], batch loss: 0.16188, batch accuracy: 88.60, data load time: 0.11389, step time: 0.03356
epoch: [8], step: [255/1543], batch loss: 0.15202, batch accuracy: 91.70, data load time: 0.09883, step time: 0.03578
epoch: [8], step: [355/1543], batch loss: 0.14421, batch accuracy: 88.86, data load time: 0.15890, step time: 0.03153
epoch: [8], step: [455/1543], batch loss: 0.15628, batch accuracy: 82.16, data load time: 0.10740, step time: 0.03282
epoch: [8], step: [555/1543], batch loss: 0.29150, batch accuracy: 80.26, data load time: 0.08717, step time: 0.03569
epoch: [8], step: [655/1543], batch loss: 0.14620, batch accuracy: 86.32, data load time: 0.18181, step time: 0.03057
epoch: [8], step: [755/1543], batch loss: 0.14196, batch accuracy: 84.16, data load time: 0.10420, step time: 0.02972
epoch: [8], step: [855/1543], batch loss: 0.14685, batch accuracy: 80.03, data load time: 0.14569, step time: 0.03010
epoch: [8], step: [955/1543], batch loss: 0.18167, batch accuracy: 80.17, data load time: 0.22298, step time: 0.03064
epoch: [8], step: [1055/1543], batch loss: 0.16399, batch accuracy: 89.33, data load time: 0.11669, step time: 0.03427
epoch: [8], step: [1155/1543], batch loss: 0.19232, batch accuracy: 84.85, data load time: 0.15302, step time: 0.03767
epoch: [8], step: [1255/1543], batch loss: 0.19700, batch accuracy: 75.21, data load time: 0.16382, step time: 0.03355
epoch: [8], step: [1355/1543], batch loss: 0.18784, batch accuracy: 82.41, data load time: 0.15802, step time: 0.03715
epoch: [8], step: [1455/1543], batch loss: 0.17862, batch accuracy: 83.59, data load time: 0.08615, step time: 0.03798
epoch: [9], step: [12/1543], batch loss: 0.14992, batch accuracy: 89.42, data load time: 0.17601, step time: 0.03454
epoch: [9], step: [112/1543], batch loss: 0.16627, batch accuracy: 87.33, data load time: 0.15525, step time: 0.03504
epoch: [9], step: [212/1543], batch loss: 0.16651, batch accuracy: 86.62, data load time: 0.09373, step time: 0.03832
epoch: [9], step: [312/1543], batch loss: 0.16180, batch accuracy: 79.73, data load time: 0.17105, step time: 0.03079
epoch: [9], step: [412/1543], batch loss: 0.12324, batch accuracy: 88.27, data load time: 0.15478, step time: 0.02785
epoch: [9], step: [512/1543], batch loss: 0.19085, batch accuracy: 79.51, data load time: 0.13592, step time: 0.03491
epoch: [9], step: [612/1543], batch loss: 0.17247, batch accuracy: 88.21, data load time: 0.12822, step time: 0.03623
epoch: [9], step: [712/1543], batch loss: 0.17014, batch accuracy: 78.79, data load time: 0.08631, step time: 0.03414
epoch: [9], step: [812/1543], batch loss: 0.12254, batch accuracy: 94.36, data load time: 0.23266, step time: 0.03063
epoch: [9], step: [912/1543], batch loss: 0.15891, batch accuracy: 82.05, data load time: 0.23568, step time: 0.03292
epoch: [9], step: [1012/1543], batch loss: 0.17349, batch accuracy: 91.08, data load time: 0.14496, step time: 0.03545
epoch: [9], step: [1112/1543], batch loss: 0.22541, batch accuracy: 83.48, data load time: 0.24082, step time: 0.03495
epoch: [9], step: [1212/1543], batch loss: 0.19434, batch accuracy: 83.33, data load time: 0.14195, step time: 0.03424
epoch: [9], step: [1312/1543], batch loss: 0.15870, batch accuracy: 87.50, data load time: 0.17764, step time: 0.03040
epoch: [9], step: [1412/1543], batch loss: 0.16447, batch accuracy: 83.67, data load time: 0.28926, step time: 0.03424
epoch: [9], step: [1512/1543], batch loss: 0.14395, batch accuracy: 88.30, data load time: 0.11560, step time: 0.03276
EVALUATION METRICS:
-------------------------------------------------------------

Validation: AUC Score: 0.8302

-------------------------------------------------------------
validation loss: 0.16236, accuracy: 83.02
epoch: [10], step: [69/1543], batch loss: 0.19466, batch accuracy: 82.94, data load time: 0.10622, step time: 0.03393
epoch: [10], step: [169/1543], batch loss: 0.13668, batch accuracy: 90.93, data load time: 0.12657, step time: 0.03571
epoch: [10], step: [269/1543], batch loss: 0.14787, batch accuracy: 88.57, data load time: 0.04318, step time: 0.03492
epoch: [10], step: [369/1543], batch loss: 0.14765, batch accuracy: 86.83, data load time: 0.17790, step time: 0.03249
epoch: [10], step: [469/1543], batch loss: 0.23197, batch accuracy: 74.67, data load time: 0.15132, step time: 0.03493
epoch: [10], step: [569/1543], batch loss: 0.23260, batch accuracy: 81.74, data load time: 0.15842, step time: 0.03920
epoch: [10], step: [669/1543], batch loss: 0.19519, batch accuracy: 73.46, data load time: 0.17027, step time: 0.03141
epoch: [10], step: [769/1543], batch loss: 0.21658, batch accuracy: 74.52, data load time: 0.17517, step time: 0.03499
epoch: [10], step: [869/1543], batch loss: 0.18267, batch accuracy: 81.44, data load time: 0.16725, step time: 0.03651
epoch: [10], step: [969/1543], batch loss: 0.16908, batch accuracy: 74.96, data load time: 0.23042, step time: 0.03124
epoch: [10], step: [1069/1543], batch loss: 0.20790, batch accuracy: 87.59, data load time: 0.10031, step time: 0.03641
epoch: [10], step: [1169/1543], batch loss: 0.19066, batch accuracy: 81.26, data load time: 0.11792, step time: 0.03355
epoch: [10], step: [1269/1543], batch loss: 0.14872, batch accuracy: 86.65, data load time: 0.10438, step time: 0.03259
epoch: [10], step: [1369/1543], batch loss: 0.17281, batch accuracy: 88.40, data load time: 0.13953, step time: 0.03863
epoch: [10], step: [1469/1543], batch loss: 0.20735, batch accuracy: 82.22, data load time: 0.20844, step time: 0.03732
epoch: [11], step: [26/1543], batch loss: 0.14148, batch accuracy: 86.45, data load time: 0.06105, step time: 0.03588
epoch: [11], step: [126/1543], batch loss: 0.16663, batch accuracy: 85.95, data load time: 0.13624, step time: 0.03255
epoch: [11], step: [226/1543], batch loss: 0.14990, batch accuracy: 85.59, data load time: 0.11063, step time: 0.03072
epoch: [11], step: [326/1543], batch loss: 0.17530, batch accuracy: 89.54, data load time: 0.12265, step time: 0.03410
epoch: [11], step: [426/1543], batch loss: 0.17303, batch accuracy: 85.98, data load time: 0.10478, step time: 0.03346
epoch: [11], step: [526/1543], batch loss: 0.11422, batch accuracy: 91.27, data load time: 0.10981, step time: 0.03074
epoch: [11], step: [626/1543], batch loss: 0.19318, batch accuracy: 82.61, data load time: 0.09417, step time: 0.04076
epoch: [11], step: [726/1543], batch loss: 0.20536, batch accuracy: 90.21, data load time: 0.14951, step time: 0.03785
epoch: [11], step: [826/1543], batch loss: 0.15735, batch accuracy: 81.63, data load time: 0.15846, step time: 0.03753
epoch: [11], step: [926/1543], batch loss: 0.17433, batch accuracy: 84.78, data load time: 0.14559, step time: 0.03284
epoch: [11], step: [1026/1543], batch loss: 0.16896, batch accuracy: 79.03, data load time: 0.07949, step time: 0.03477
epoch: [11], step: [1126/1543], batch loss: 0.15720, batch accuracy: 88.35, data load time: 0.24485, step time: 0.03363
epoch: [11], step: [1226/1543], batch loss: 0.18860, batch accuracy: 85.91, data load time: 0.13481, step time: 0.03288
epoch: [11], step: [1326/1543], batch loss: 0.15608, batch accuracy: 82.97, data load time: 0.20152, step time: 0.03431
epoch: [11], step: [1426/1543], batch loss: 0.16377, batch accuracy: 78.16, data load time: 0.09420, step time: 0.03207
epoch: [11], step: [1526/1543], batch loss: 0.21280, batch accuracy: 81.94, data load time: 0.18566, step time: 0.03565
Epoch 00012: reducing learning rate of group 0 to 2.0000e-03.
epoch: [12], step: [83/1543], batch loss: 0.18419, batch accuracy: 82.39, data load time: 0.03748, step time: 0.03338
epoch: [12], step: [183/1543], batch loss: 0.19056, batch accuracy: 82.63, data load time: 0.16359, step time: 0.03207
epoch: [12], step: [283/1543], batch loss: 0.18765, batch accuracy: 80.67, data load time: 0.19816, step time: 0.03554
epoch: [12], step: [383/1543], batch loss: 0.21254, batch accuracy: 82.60, data load time: 0.19257, step time: 0.03425
epoch: [12], step: [483/1543], batch loss: 0.14477, batch accuracy: 90.82, data load time: 0.21496, step time: 0.03284
epoch: [12], step: [583/1543], batch loss: 0.15255, batch accuracy: 82.91, data load time: 0.24382, step time: 0.03211
epoch: [12], step: [683/1543], batch loss: 0.17950, batch accuracy: 88.67, data load time: 0.21833, step time: 0.03281
epoch: [12], step: [783/1543], batch loss: 0.17267, batch accuracy: 87.61, data load time: 0.20970, step time: 0.03648
epoch: [12], step: [883/1543], batch loss: 0.14435, batch accuracy: 76.90, data load time: 0.23315, step time: 0.02999
epoch: [12], step: [983/1543], batch loss: 0.18580, batch accuracy: 79.68, data load time: 0.20750, step time: 0.03423
epoch: [12], step: [1083/1543], batch loss: 0.14750, batch accuracy: 80.24, data load time: 0.22285, step time: 0.02922
epoch: [12], step: [1183/1543], batch loss: 0.19809, batch accuracy: 84.45, data load time: 0.19081, step time: 0.03703
epoch: [12], step: [1283/1543], batch loss: 0.10611, batch accuracy: 92.57, data load time: 0.24885, step time: 0.02834
epoch: [12], step: [1383/1543], batch loss: 0.15851, batch accuracy: 86.24, data load time: 0.20158, step time: 0.03435
epoch: [12], step: [1483/1543], batch loss: 0.22061, batch accuracy: 85.86, data load time: 0.22817, step time: 0.03918
epoch: [13], step: [40/1543], batch loss: 0.19385, batch accuracy: 75.97, data load time: 0.12537, step time: 0.03295
epoch: [13], step: [140/1543], batch loss: 0.17237, batch accuracy: 82.85, data load time: 0.10106, step time: 0.03215
epoch: [13], step: [240/1543], batch loss: 0.13036, batch accuracy: 88.04, data load time: 0.14023, step time: 0.03079
epoch: [13], step: [340/1543], batch loss: 0.21639, batch accuracy: 79.20, data load time: 0.20916, step time: 0.03722
epoch: [13], step: [440/1543], batch loss: 0.18441, batch accuracy: 84.97, data load time: 0.18389, step time: 0.03071
epoch: [13], step: [540/1543], batch loss: 0.12567, batch accuracy: 84.13, data load time: 0.21261, step time: 0.02926
epoch: [13], step: [640/1543], batch loss: 0.12609, batch accuracy: 84.44, data load time: 0.15114, step time: 0.03051
epoch: [13], step: [740/1543], batch loss: 0.17487, batch accuracy: 88.97, data load time: 0.19322, step time: 0.03489
epoch: [13], step: [840/1543], batch loss: 0.12461, batch accuracy: 92.52, data load time: 0.22756, step time: 0.03027
epoch: [13], step: [940/1543], batch loss: 0.14697, batch accuracy: 85.11, data load time: 0.23173, step time: 0.03237
epoch: [13], step: [1040/1543], batch loss: 0.16721, batch accuracy: 81.48, data load time: 0.31809, step time: 0.03089
epoch: [13], step: [1140/1543], batch loss: 0.16487, batch accuracy: 92.66, data load time: 0.22135, step time: 0.03501
epoch: [13], step: [1240/1543], batch loss: 0.16941, batch accuracy: 78.86, data load time: 0.22388, step time: 0.03344
epoch: [13], step: [1340/1543], batch loss: 0.12979, batch accuracy: 90.28, data load time: 0.23024, step time: 0.03290
epoch: [13], step: [1440/1543], batch loss: 0.17018, batch accuracy: 83.14, data load time: 0.21327, step time: 0.03368
epoch: [13], step: [1540/1543], batch loss: 0.15054, batch accuracy: 91.97, data load time: 0.24284, step time: 0.03206
epoch: [14], step: [97/1543], batch loss: 0.17075, batch accuracy: 90.23, data load time: 0.14989, step time: 0.03694
epoch: [14], step: [197/1543], batch loss: 0.18152, batch accuracy: 84.50, data load time: 0.16840, step time: 0.03423
epoch: [14], step: [297/1543], batch loss: 0.14826, batch accuracy: 87.18, data load time: 0.12482, step time: 0.03357
epoch: [14], step: [397/1543], batch loss: 0.16922, batch accuracy: 86.97, data load time: 0.14819, step time: 0.03210
epoch: [14], step: [497/1543], batch loss: 0.11907, batch accuracy: 90.23, data load time: 0.14372, step time: 0.02925
epoch: [14], step: [597/1543], batch loss: 0.16996, batch accuracy: 81.72, data load time: 0.17662, step time: 0.03266
epoch: [14], step: [697/1543], batch loss: 0.19977, batch accuracy: 84.32, data load time: 0.13185, step time: 0.03507
epoch: [14], step: [797/1543], batch loss: 0.15752, batch accuracy: 81.26, data load time: 0.20651, step time: 0.02934
epoch: [14], step: [897/1543], batch loss: 0.15740, batch accuracy: 91.15, data load time: 0.23804, step time: 0.03576
epoch: [14], step: [997/1543], batch loss: 0.12431, batch accuracy: 90.97, data load time: 0.14260, step time: 0.02780
epoch: [14], step: [1097/1543], batch loss: 0.18812, batch accuracy: 85.83, data load time: 0.12310, step time: 0.03830
epoch: [14], step: [1197/1543], batch loss: 0.16478, batch accuracy: 92.89, data load time: 0.20991, step time: 0.03768
epoch: [14], step: [1297/1543], batch loss: 0.15541, batch accuracy: 79.79, data load time: 0.17799, step time: 0.03001
epoch: [14], step: [1397/1543], batch loss: 0.16652, batch accuracy: 88.74, data load time: 0.18792, step time: 0.03334
epoch: [14], step: [1497/1543], batch loss: 0.19656, batch accuracy: 82.45, data load time: 0.21113, step time: 0.03490
EVALUATION METRICS:
-------------------------------------------------------------

Validation: AUC Score: 0.8321

-------------------------------------------------------------
validation loss: 0.16082, accuracy: 83.21
epoch: [15], step: [54/1543], batch loss: 0.11775, batch accuracy: 91.11, data load time: 0.11134, step time: 0.03216
epoch: [15], step: [154/1543], batch loss: 0.16192, batch accuracy: 82.44, data load time: 0.19028, step time: 0.03060
epoch: [15], step: [254/1543], batch loss: 0.16284, batch accuracy: 92.40, data load time: 0.09965, step time: 0.03625
epoch: [15], step: [354/1543], batch loss: 0.15129, batch accuracy: 89.52, data load time: 0.22497, step time: 0.03723
epoch: [15], step: [454/1543], batch loss: 0.15554, batch accuracy: 83.98, data load time: 0.24585, step time: 0.03425
epoch: [15], step: [554/1543], batch loss: 0.15792, batch accuracy: 89.75, data load time: 0.14544, step time: 0.03960
epoch: [15], step: [654/1543], batch loss: 0.21926, batch accuracy: 82.22, data load time: 0.19822, step time: 0.03930
epoch: [15], step: [754/1543], batch loss: 0.16012, batch accuracy: 78.35, data load time: 0.21994, step time: 0.03124
epoch: [15], step: [854/1543], batch loss: 0.11711, batch accuracy: 93.65, data load time: 0.16614, step time: 0.03206
epoch: [15], step: [954/1543], batch loss: 0.15458, batch accuracy: 88.83, data load time: 0.16100, step time: 0.03411
epoch: [15], step: [1054/1543], batch loss: 0.14122, batch accuracy: 90.63, data load time: 0.18727, step time: 0.03211
epoch: [15], step: [1154/1543], batch loss: 0.12737, batch accuracy: 86.93, data load time: 0.21836, step time: 0.03207
epoch: [15], step: [1254/1543], batch loss: 0.12288, batch accuracy: 92.65, data load time: 0.24209, step time: 0.02853
epoch: [15], step: [1354/1543], batch loss: 0.18975, batch accuracy: 84.50, data load time: 0.18798, step time: 0.03484
epoch: [15], step: [1454/1543], batch loss: 0.15240, batch accuracy: 85.22, data load time: 0.25036, step time: 0.03350
epoch: [16], step: [11/1543], batch loss: 0.16534, batch accuracy: 90.47, data load time: 0.13654, step time: 0.03587
epoch: [16], step: [111/1543], batch loss: 0.16996, batch accuracy: 87.82, data load time: 0.08134, step time: 0.03274
epoch: [16], step: [211/1543], batch loss: 0.14474, batch accuracy: 91.59, data load time: 0.14112, step time: 0.03421
epoch: [16], step: [311/1543], batch loss: 0.15425, batch accuracy: 83.80, data load time: 0.11500, step time: 0.03068
epoch: [16], step: [411/1543], batch loss: 0.14842, batch accuracy: 89.87, data load time: 0.13746, step time: 0.03008
epoch: [16], step: [511/1543], batch loss: 0.14402, batch accuracy: 87.99, data load time: 0.14402, step time: 0.03419
epoch: [16], step: [611/1543], batch loss: 0.16813, batch accuracy: 88.29, data load time: 0.13479, step time: 0.21602
epoch: [16], step: [711/1543], batch loss: 0.16017, batch accuracy: 89.16, data load time: 0.13694, step time: 0.03416
epoch: [16], step: [811/1543], batch loss: 0.11966, batch accuracy: 96.42, data load time: 0.22936, step time: 0.03141
epoch: [16], step: [911/1543], batch loss: 0.17120, batch accuracy: 84.16, data load time: 0.17840, step time: 0.03422
epoch: [16], step: [1011/1543], batch loss: 0.17142, batch accuracy: 81.64, data load time: 0.16414, step time: 0.03280
epoch: [16], step: [1111/1543], batch loss: 0.15909, batch accuracy: 84.49, data load time: 0.22311, step time: 0.03139
epoch: [16], step: [1211/1543], batch loss: 0.20589, batch accuracy: 79.75, data load time: 0.21211, step time: 0.03771
epoch: [16], step: [1311/1543], batch loss: 0.17821, batch accuracy: 82.02, data load time: 0.24324, step time: 0.03282
epoch: [16], step: [1411/1543], batch loss: 0.16666, batch accuracy: 90.13, data load time: 0.17185, step time: 0.03698
epoch: [16], step: [1511/1543], batch loss: 0.15445, batch accuracy: 83.48, data load time: 0.21898, step time: 0.03377
epoch: [17], step: [68/1543], batch loss: 0.17240, batch accuracy: 77.29, data load time: 0.12317, step time: 0.02997
epoch: [17], step: [168/1543], batch loss: 0.14862, batch accuracy: 89.01, data load time: 0.11355, step time: 0.03202
epoch: [17], step: [268/1543], batch loss: 0.21149, batch accuracy: 88.87, data load time: 0.11798, step time: 0.03692
epoch: [17], step: [368/1543], batch loss: 0.12611, batch accuracy: 91.45, data load time: 0.20663, step time: 0.02711
epoch: [17], step: [468/1543], batch loss: 0.13065, batch accuracy: 88.56, data load time: 0.15991, step time: 0.03291
epoch: [17], step: [568/1543], batch loss: 0.15582, batch accuracy: 83.92, data load time: 0.11577, step time: 0.04028
epoch: [17], step: [668/1543], batch loss: 0.16892, batch accuracy: 81.27, data load time: 0.17533, step time: 0.03416
epoch: [17], step: [768/1543], batch loss: 0.14642, batch accuracy: 87.89, data load time: 0.17755, step time: 0.03138
epoch: [17], step: [868/1543], batch loss: 0.15552, batch accuracy: 87.17, data load time: 0.17565, step time: 0.03283
epoch: [17], step: [968/1543], batch loss: 0.12058, batch accuracy: 89.47, data load time: 0.27441, step time: 0.03001
epoch: [17], step: [1068/1543], batch loss: 0.17865, batch accuracy: 81.92, data load time: 0.20064, step time: 0.03333
epoch: [17], step: [1168/1543], batch loss: 0.19573, batch accuracy: 79.34, data load time: 0.22414, step time: 0.03140
epoch: [17], step: [1268/1543], batch loss: 0.11762, batch accuracy: 87.81, data load time: 0.25565, step time: 0.03217
epoch: [17], step: [1368/1543], batch loss: 0.14564, batch accuracy: 92.64, data load time: 0.30583, step time: 0.03562
epoch: [17], step: [1468/1543], batch loss: 0.13938, batch accuracy: 84.83, data load time: 0.25553, step time: 0.02923
Epoch 00018: reducing learning rate of group 0 to 2.0000e-05.
epoch: [18], step: [25/1543], batch loss: 0.13280, batch accuracy: 91.14, data load time: 0.09040, step time: 0.03209
epoch: [18], step: [125/1543], batch loss: 0.21864, batch accuracy: 82.37, data load time: 0.09743, step time: 0.03785
epoch: [18], step: [225/1543], batch loss: 0.14819, batch accuracy: 81.94, data load time: 0.14886, step time: 0.03366
epoch: [18], step: [325/1543], batch loss: 0.21203, batch accuracy: 87.09, data load time: 0.10619, step time: 0.03778
epoch: [18], step: [425/1543], batch loss: 0.17700, batch accuracy: 87.62, data load time: 0.09834, step time: 0.04160
epoch: [18], step: [525/1543], batch loss: 0.13177, batch accuracy: 82.11, data load time: 0.10638, step time: 0.03231
epoch: [18], step: [625/1543], batch loss: 0.14494, batch accuracy: 87.92, data load time: 0.16976, step time: 0.03151
epoch: [18], step: [725/1543], batch loss: 0.15032, batch accuracy: 90.06, data load time: 0.12856, step time: 0.03079
epoch: [18], step: [825/1543], batch loss: 0.18663, batch accuracy: 82.49, data load time: 0.14028, step time: 0.03497
epoch: [18], step: [925/1543], batch loss: 0.16009, batch accuracy: 88.72, data load time: 0.10530, step time: 0.03293
epoch: [18], step: [1025/1543], batch loss: 0.12053, batch accuracy: 91.85, data load time: 0.18482, step time: 0.03210
epoch: [18], step: [1125/1543], batch loss: 0.23848, batch accuracy: 82.03, data load time: 0.27812, step time: 0.03779
epoch: [18], step: [1225/1543], batch loss: 0.17835, batch accuracy: 79.76, data load time: 0.15986, step time: 0.03362
epoch: [18], step: [1325/1543], batch loss: 0.16299, batch accuracy: 87.10, data load time: 0.20228, step time: 0.03422
epoch: [18], step: [1425/1543], batch loss: 0.12465, batch accuracy: 93.88, data load time: 0.23739, step time: 0.03278
epoch: [18], step: [1525/1543], batch loss: 0.15058, batch accuracy: 90.05, data load time: 0.24032, step time: 0.03497
epoch: [19], step: [82/1543], batch loss: 0.17954, batch accuracy: 88.06, data load time: 0.14805, step time: 0.04010
epoch: [19], step: [182/1543], batch loss: 0.16633, batch accuracy: 91.09, data load time: 0.13402, step time: 0.03430
epoch: [19], step: [282/1543], batch loss: 0.15057, batch accuracy: 88.42, data load time: 0.11747, step time: 0.03157
epoch: [19], step: [382/1543], batch loss: 0.13123, batch accuracy: 86.24, data load time: 0.20224, step time: 0.03208
epoch: [19], step: [482/1543], batch loss: 0.15626, batch accuracy: 86.58, data load time: 0.20309, step time: 0.03571
epoch: [19], step: [582/1543], batch loss: 0.12323, batch accuracy: 92.26, data load time: 0.24669, step time: 0.03083
epoch: [19], step: [682/1543], batch loss: 0.13600, batch accuracy: 84.95, data load time: 0.20260, step time: 0.03078
epoch: [19], step: [782/1543], batch loss: 0.14456, batch accuracy: 88.75, data load time: 0.17825, step time: 0.03010
epoch: [19], step: [882/1543], batch loss: 0.15765, batch accuracy: 87.74, data load time: 0.14920, step time: 0.03069
epoch: [19], step: [982/1543], batch loss: 0.16828, batch accuracy: 85.65, data load time: 0.20680, step time: 0.03505
epoch: [19], step: [1082/1543], batch loss: 0.23518, batch accuracy: 83.89, data load time: 0.18830, step time: 0.04412
epoch: [19], step: [1182/1543], batch loss: 0.22085, batch accuracy: 85.52, data load time: 0.22899, step time: 0.03584
epoch: [19], step: [1282/1543], batch loss: 0.15311, batch accuracy: 90.28, data load time: 0.14591, step time: 0.03705
epoch: [19], step: [1382/1543], batch loss: 0.15833, batch accuracy: 91.70, data load time: 0.23087, step time: 0.03493
epoch: [19], step: [1482/1543], batch loss: 0.15711, batch accuracy: 85.05, data load time: 0.28645, step time: 0.03215
EVALUATION METRICS:
-------------------------------------------------------------

Validation: AUC Score: 0.8343

-------------------------------------------------------------
validation loss: 0.16009, accuracy: 83.43
epoch: [20], step: [39/1543], batch loss: 0.13182, batch accuracy: 96.09, data load time: 0.10176, step time: 0.03142
epoch: [20], step: [139/1543], batch loss: 0.13517, batch accuracy: 94.60, data load time: 0.13899, step time: 0.03277
epoch: [20], step: [239/1543], batch loss: 0.12443, batch accuracy: 91.20, data load time: 0.15837, step time: 0.03090
epoch: [20], step: [339/1543], batch loss: 0.15051, batch accuracy: 79.99, data load time: 0.22952, step time: 0.03276
epoch: [20], step: [439/1543], batch loss: 0.16357, batch accuracy: 88.35, data load time: 0.13239, step time: 0.03495
epoch: [20], step: [539/1543], batch loss: 0.19407, batch accuracy: 80.28, data load time: 0.14193, step time: 0.03424
epoch: [20], step: [639/1543], batch loss: 0.15888, batch accuracy: 88.18, data load time: 0.21942, step time: 0.03431
epoch: [20], step: [739/1543], batch loss: 0.12482, batch accuracy: 83.72, data load time: 0.21809, step time: 0.02637
epoch: [20], step: [839/1543], batch loss: 0.16926, batch accuracy: 83.04, data load time: 0.20615, step time: 0.03284
epoch: [20], step: [939/1543], batch loss: 0.17586, batch accuracy: 78.47, data load time: 0.26618, step time: 0.03142
epoch: [20], step: [1039/1543], batch loss: 0.16399, batch accuracy: 87.91, data load time: 0.23981, step time: 0.03435
epoch: [20], step: [1139/1543], batch loss: 0.16102, batch accuracy: 89.24, data load time: 0.23562, step time: 0.03581
epoch: [20], step: [1239/1543], batch loss: 0.19244, batch accuracy: 79.17, data load time: 0.17742, step time: 0.03426
epoch: [20], step: [1339/1543], batch loss: 0.18569, batch accuracy: 82.59, data load time: 0.20894, step time: 0.03353
epoch: [20], step: [1439/1543], batch loss: 0.14452, batch accuracy: 93.05, data load time: 0.22752, step time: 0.03716
epoch: [20], step: [1539/1543], batch loss: 0.13862, batch accuracy: 89.59, data load time: 0.19525, step time: 0.03137
epoch: [21], step: [96/1543], batch loss: 0.11965, batch accuracy: 88.18, data load time: 0.10797, step time: 0.02853
epoch: [21], step: [196/1543], batch loss: 0.18606, batch accuracy: 84.68, data load time: 0.06509, step time: 0.03485
epoch: [21], step: [296/1543], batch loss: 0.16037, batch accuracy: 82.03, data load time: 0.16338, step time: 0.03348
epoch: [21], step: [396/1543], batch loss: 0.14404, batch accuracy: 80.00, data load time: 0.08951, step time: 0.02991
epoch: [21], step: [496/1543], batch loss: 0.14275, batch accuracy: 92.63, data load time: 0.16493, step time: 0.03073
epoch: [21], step: [596/1543], batch loss: 0.17363, batch accuracy: 80.87, data load time: 0.16000, step time: 0.03554
epoch: [21], step: [696/1543], batch loss: 0.11835, batch accuracy: 89.27, data load time: 0.14655, step time: 0.02989
epoch: [21], step: [796/1543], batch loss: 0.14995, batch accuracy: 87.91, data load time: 0.21699, step time: 0.03206
epoch: [21], step: [896/1543], batch loss: 0.14347, batch accuracy: 89.79, data load time: 0.19883, step time: 0.03124
epoch: [21], step: [996/1543], batch loss: 0.16651, batch accuracy: 87.12, data load time: 0.11750, step time: 0.03550
epoch: [21], step: [1096/1543], batch loss: 0.13240, batch accuracy: 91.31, data load time: 0.14905, step time: 0.03371
epoch: [21], step: [1196/1543], batch loss: 0.15330, batch accuracy: 87.64, data load time: 0.18153, step time: 0.03545
epoch: [21], step: [1296/1543], batch loss: 0.14287, batch accuracy: 87.46, data load time: 0.14818, step time: 0.03115
epoch: [21], step: [1396/1543], batch loss: 0.17191, batch accuracy: 80.98, data load time: 0.14194, step time: 0.03198
epoch: [21], step: [1496/1543], batch loss: 0.19236, batch accuracy: 76.40, data load time: 0.21293, step time: 0.03551
epoch: [22], step: [53/1543], batch loss: 0.13369, batch accuracy: 92.56, data load time: 0.07209, step time: 0.04098
epoch: [22], step: [153/1543], batch loss: 0.21474, batch accuracy: 85.75, data load time: 0.06054, step time: 0.03501
epoch: [22], step: [253/1543], batch loss: 0.21670, batch accuracy: 87.98, data load time: 0.16539, step time: 0.03579
epoch: [22], step: [353/1543], batch loss: 0.17739, batch accuracy: 85.48, data load time: 0.16031, step time: 0.03581
epoch: [22], step: [453/1543], batch loss: 0.20371, batch accuracy: 80.41, data load time: 0.11828, step time: 0.03890
epoch: [22], step: [553/1543], batch loss: 0.15389, batch accuracy: 81.79, data load time: 0.08631, step time: 0.03079
epoch: [22], step: [653/1543], batch loss: 0.14269, batch accuracy: 85.19, data load time: 0.13770, step time: 0.03278
epoch: [22], step: [753/1543], batch loss: 0.14977, batch accuracy: 91.84, data load time: 0.09738, step time: 0.03469
epoch: [22], step: [853/1543], batch loss: 0.19524, batch accuracy: 81.59, data load time: 0.15083, step time: 0.03568
epoch: [22], step: [953/1543], batch loss: 0.20710, batch accuracy: 82.61, data load time: 0.15481, step time: 0.03350
epoch: [22], step: [1053/1543], batch loss: 0.15623, batch accuracy: 90.26, data load time: 0.11630, step time: 0.03278
epoch: [22], step: [1153/1543], batch loss: 0.21005, batch accuracy: 83.79, data load time: 0.22073, step time: 0.03432
epoch: [22], step: [1253/1543], batch loss: 0.13273, batch accuracy: 94.48, data load time: 0.21824, step time: 0.03351
epoch: [22], step: [1353/1543], batch loss: 0.16797, batch accuracy: 90.80, data load time: 0.24828, step time: 0.03165
epoch: [22], step: [1453/1543], batch loss: 0.15212, batch accuracy: 89.91, data load time: 0.16274, step time: 0.03638
epoch: [23], step: [10/1543], batch loss: 0.18886, batch accuracy: 76.12, data load time: 0.07062, step time: 0.03657
epoch: [23], step: [110/1543], batch loss: 0.14042, batch accuracy: 89.38, data load time: 0.16301, step time: 0.03516
epoch: [23], step: [210/1543], batch loss: 0.16704, batch accuracy: 86.32, data load time: 0.12494, step time: 0.03428
epoch: [23], step: [310/1543], batch loss: 0.16485, batch accuracy: 81.50, data load time: 0.08071, step time: 0.03125
epoch: [23], step: [410/1543], batch loss: 0.16021, batch accuracy: 80.45, data load time: 0.11766, step time: 0.03218
epoch: [23], step: [510/1543], batch loss: 0.13573, batch accuracy: 90.51, data load time: 0.13831, step time: 0.02864
epoch: [23], step: [610/1543], batch loss: 0.15213, batch accuracy: 87.51, data load time: 0.12713, step time: 0.03041
epoch: [23], step: [710/1543], batch loss: 0.13121, batch accuracy: 81.99, data load time: 0.14810, step time: 0.02867
epoch: [23], step: [810/1543], batch loss: 0.10871, batch accuracy: 91.14, data load time: 0.19208, step time: 0.03004
epoch: [23], step: [910/1543], batch loss: 0.15734, batch accuracy: 85.63, data load time: 0.20674, step time: 0.03219
epoch: [23], step: [1010/1543], batch loss: 0.17728, batch accuracy: 85.47, data load time: 0.22420, step time: 0.03491
epoch: [23], step: [1110/1543], batch loss: 0.12814, batch accuracy: 88.10, data load time: 0.19469, step time: 0.03505
epoch: [23], step: [1210/1543], batch loss: 0.14984, batch accuracy: 89.09, data load time: 0.14694, step time: 0.03387
epoch: [23], step: [1310/1543], batch loss: 0.17782, batch accuracy: 87.53, data load time: 0.11906, step time: 0.03288
epoch: [23], step: [1410/1543], batch loss: 0.13735, batch accuracy: 90.80, data load time: 0.13719, step time: 0.03150
epoch: [23], step: [1510/1543], batch loss: 0.16144, batch accuracy: 86.87, data load time: 0.21138, step time: 0.03777
Epoch 00024: reducing learning rate of group 0 to 2.0000e-07.
epoch: [24], step: [67/1543], batch loss: 0.17219, batch accuracy: 93.15, data load time: 0.06074, step time: 0.04002
epoch: [24], step: [167/1543], batch loss: 0.15883, batch accuracy: 86.43, data load time: 0.10736, step time: 0.03496
epoch: [24], step: [267/1543], batch loss: 0.17853, batch accuracy: 80.44, data load time: 0.13662, step time: 0.03578
epoch: [24], step: [367/1543], batch loss: 0.17200, batch accuracy: 79.80, data load time: 0.17838, step time: 0.03429
epoch: [24], step: [467/1543], batch loss: 0.14800, batch accuracy: 86.33, data load time: 0.17602, step time: 0.03283
epoch: [24], step: [567/1543], batch loss: 0.20723, batch accuracy: 80.10, data load time: 0.19730, step time: 0.03621
epoch: [24], step: [667/1543], batch loss: 0.15840, batch accuracy: 89.17, data load time: 0.10030, step time: 0.03426
epoch: [24], step: [767/1543], batch loss: 0.18059, batch accuracy: 75.12, data load time: 0.20115, step time: 0.03073
epoch: [24], step: [867/1543], batch loss: 0.16942, batch accuracy: 91.82, data load time: 0.18354, step time: 0.03767
epoch: [24], step: [967/1543], batch loss: 0.16977, batch accuracy: 80.02, data load time: 0.19416, step time: 0.03415
epoch: [24], step: [1067/1543], batch loss: 0.17889, batch accuracy: 84.64, data load time: 0.20623, step time: 0.03974
epoch: [24], step: [1167/1543], batch loss: 0.17354, batch accuracy: 89.46, data load time: 0.15792, step time: 0.03910
epoch: [24], step: [1267/1543], batch loss: 0.17832, batch accuracy: 81.71, data load time: 0.18084, step time: 0.03342
epoch: [24], step: [1367/1543], batch loss: 0.18525, batch accuracy: 82.29, data load time: 0.17015, step time: 0.03275
epoch: [24], step: [1467/1543], batch loss: 0.17468, batch accuracy: 89.15, data load time: 0.18212, step time: 0.03996
EVALUATION METRICS:
-------------------------------------------------------------

Validation: AUC Score: 0.8344

-------------------------------------------------------------
validation loss: 0.16061, accuracy: 83.44
epoch: [25], step: [24/1543], batch loss: 0.11705, batch accuracy: 84.66, data load time: 0.21710, step time: 0.02837
epoch: [25], step: [124/1543], batch loss: 0.16931, batch accuracy: 84.56, data load time: 0.12122, step time: 0.03563
epoch: [25], step: [224/1543], batch loss: 0.12535, batch accuracy: 94.26, data load time: 0.18376, step time: 0.03285
epoch: [25], step: [324/1543], batch loss: 0.16517, batch accuracy: 83.90, data load time: 0.11471, step time: 0.03281
epoch: [25], step: [424/1543], batch loss: 0.17099, batch accuracy: 88.07, data load time: 0.20208, step time: 0.03451
epoch: [25], step: [524/1543], batch loss: 0.16071, batch accuracy: 84.99, data load time: 0.10509, step time: 0.03565
epoch: [25], step: [624/1543], batch loss: 0.13196, batch accuracy: 92.07, data load time: 0.18723, step time: 0.03370
epoch: [25], step: [724/1543], batch loss: 0.11655, batch accuracy: 95.63, data load time: 0.16582, step time: 0.03359
epoch: [25], step: [824/1543], batch loss: 0.14841, batch accuracy: 94.06, data load time: 0.18242, step time: 0.03205
epoch: [25], step: [924/1543], batch loss: 0.18616, batch accuracy: 83.17, data load time: 0.18646, step time: 0.03238
epoch: [25], step: [1024/1543], batch loss: 0.19528, batch accuracy: 79.94, data load time: 0.15237, step time: 0.03419
epoch: [25], step: [1124/1543], batch loss: 0.15673, batch accuracy: 86.32, data load time: 0.20646, step time: 0.03668
epoch: [25], step: [1224/1543], batch loss: 0.18855, batch accuracy: 79.88, data load time: 0.14111, step time: 0.03561
epoch: [25], step: [1324/1543], batch loss: 0.21579, batch accuracy: 78.40, data load time: 0.17787, step time: 0.04011
epoch: [25], step: [1424/1543], batch loss: 0.13869, batch accuracy: 88.03, data load time: 0.19844, step time: 0.03497
epoch: [25], step: [1524/1543], batch loss: 0.13575, batch accuracy: 85.56, data load time: 0.22228, step time: 0.03152
epoch: [26], step: [81/1543], batch loss: 0.15874, batch accuracy: 87.66, data load time: 0.07563, step time: 0.03492
epoch: [26], step: [181/1543], batch loss: 0.18261, batch accuracy: 90.77, data load time: 0.15708, step time: 0.03852
epoch: [26], step: [281/1543], batch loss: 0.17369, batch accuracy: 91.24, data load time: 0.17861, step time: 0.03850
epoch: [26], step: [381/1543], batch loss: 0.16739, batch accuracy: 89.38, data load time: 0.13176, step time: 0.03574
epoch: [26], step: [481/1543], batch loss: 0.15846, batch accuracy: 91.49, data load time: 0.16960, step time: 0.03348
epoch: [26], step: [581/1543], batch loss: 0.19674, batch accuracy: 80.01, data load time: 0.13052, step time: 0.04205
epoch: [26], step: [681/1543], batch loss: 0.13447, batch accuracy: 92.52, data load time: 0.11960, step time: 0.03359
epoch: [26], step: [781/1543], batch loss: 0.16853, batch accuracy: 85.72, data load time: 0.26969, step time: 0.03142
epoch: [26], step: [881/1543], batch loss: 0.22131, batch accuracy: 85.88, data load time: 0.19504, step time: 0.03836
epoch: [26], step: [981/1543], batch loss: 0.19366, batch accuracy: 83.46, data load time: 0.18191, step time: 0.03905
epoch: [26], step: [1081/1543], batch loss: 0.18086, batch accuracy: 81.53, data load time: 0.17381, step time: 0.03214
epoch: [26], step: [1181/1543], batch loss: 0.22395, batch accuracy: 82.39, data load time: 0.20304, step time: 0.03351
epoch: [26], step: [1281/1543], batch loss: 0.17870, batch accuracy: 84.07, data load time: 0.19578, step time: 0.03290
epoch: [26], step: [1381/1543], batch loss: 0.13026, batch accuracy: 92.17, data load time: 0.23929, step time: 0.03286
epoch: [26], step: [1481/1543], batch loss: 0.13238, batch accuracy: 92.55, data load time: 0.23156, step time: 0.03209
epoch: [27], step: [38/1543], batch loss: 0.15041, batch accuracy: 89.66, data load time: 0.09133, step time: 0.03180
epoch: [27], step: [138/1543], batch loss: 0.13080, batch accuracy: 92.65, data load time: 0.12777, step time: 0.03204
epoch: [27], step: [238/1543], batch loss: 0.23986, batch accuracy: 83.64, data load time: 0.11251, step time: 0.03715
epoch: [27], step: [338/1543], batch loss: 0.15725, batch accuracy: 86.16, data load time: 0.06763, step time: 0.03265
epoch: [27], step: [438/1543], batch loss: 0.18051, batch accuracy: 71.62, data load time: 0.12388, step time: 0.02858
epoch: [27], step: [538/1543], batch loss: 0.22695, batch accuracy: 86.54, data load time: 0.16976, step time: 0.03784
epoch: [27], step: [638/1543], batch loss: 0.17683, batch accuracy: 88.96, data load time: 0.15528, step time: 0.03359
epoch: [27], step: [738/1543], batch loss: 0.19800, batch accuracy: 88.11, data load time: 0.11232, step time: 0.03566
epoch: [27], step: [838/1543], batch loss: 0.13463, batch accuracy: 92.77, data load time: 0.17757, step time: 0.03296
epoch: [27], step: [938/1543], batch loss: 0.12357, batch accuracy: 89.87, data load time: 0.20738, step time: 0.03209
epoch: [27], step: [1038/1543], batch loss: 0.16133, batch accuracy: 86.18, data load time: 0.21899, step time: 0.03137
epoch: [27], step: [1138/1543], batch loss: 0.13867, batch accuracy: 86.77, data load time: 0.24270, step time: 0.03182
epoch: [27], step: [1238/1543], batch loss: 0.13639, batch accuracy: 91.68, data load time: 0.27526, step time: 0.03077
epoch: [27], step: [1338/1543], batch loss: 0.15376, batch accuracy: 82.15, data load time: 0.19564, step time: 0.03214
epoch: [27], step: [1438/1543], batch loss: 0.16016, batch accuracy: 90.19, data load time: 0.18797, step time: 0.03360
epoch: [27], step: [1538/1543], batch loss: 0.22261, batch accuracy: 82.83, data load time: 0.19865, step time: 0.03569
epoch: [28], step: [95/1543], batch loss: 0.16800, batch accuracy: 89.89, data load time: 0.09971, step time: 0.03491
epoch: [28], step: [195/1543], batch loss: 0.15905, batch accuracy: 80.79, data load time: 0.06870, step time: 0.03078
epoch: [28], step: [295/1543], batch loss: 0.14097, batch accuracy: 83.99, data load time: 0.09950, step time: 0.03212
epoch: [28], step: [395/1543], batch loss: 0.16898, batch accuracy: 83.18, data load time: 0.13991, step time: 0.03351
epoch: [28], step: [495/1543], batch loss: 0.13331, batch accuracy: 88.71, data load time: 0.20580, step time: 0.03134
epoch: [28], step: [595/1543], batch loss: 0.15373, batch accuracy: 89.16, data load time: 0.16239, step time: 0.02991
epoch: [28], step: [695/1543], batch loss: 0.13695, batch accuracy: 90.29, data load time: 0.09284, step time: 0.03275
epoch: [28], step: [795/1543], batch loss: 0.14737, batch accuracy: 90.82, data load time: 0.10293, step time: 0.02987
epoch: [28], step: [895/1543], batch loss: 0.16493, batch accuracy: 88.40, data load time: 0.22577, step time: 0.03478
epoch: [28], step: [995/1543], batch loss: 0.15873, batch accuracy: 86.99, data load time: 0.18610, step time: 0.03277
epoch: [28], step: [1095/1543], batch loss: 0.13115, batch accuracy: 88.22, data load time: 0.22337, step time: 0.03270
epoch: [28], step: [1195/1543], batch loss: 0.14074, batch accuracy: 84.88, data load time: 0.19714, step time: 0.03296
epoch: [28], step: [1295/1543], batch loss: 0.15492, batch accuracy: 86.64, data load time: 0.23117, step time: 0.03276
epoch: [28], step: [1395/1543], batch loss: 0.14309, batch accuracy: 92.17, data load time: 0.18180, step time: 0.03575
epoch: [28], step: [1495/1543], batch loss: 0.15677, batch accuracy: 83.01, data load time: 0.23775, step time: 0.03282
epoch: [29], step: [52/1543], batch loss: 0.18807, batch accuracy: 86.19, data load time: 0.10983, step time: 0.03495
epoch: [29], step: [152/1543], batch loss: 0.15734, batch accuracy: 80.52, data load time: 0.13684, step time: 0.03355
epoch: [29], step: [252/1543], batch loss: 0.13991, batch accuracy: 86.60, data load time: 0.17437, step time: 0.03204
epoch: [29], step: [352/1543], batch loss: 0.22094, batch accuracy: 88.26, data load time: 0.25570, step time: 0.04317
epoch: [29], step: [452/1543], batch loss: 0.15003, batch accuracy: 90.95, data load time: 0.14975, step time: 0.04224
epoch: [29], step: [552/1543], batch loss: 0.19280, batch accuracy: 86.82, data load time: 0.13732, step time: 0.03562
epoch: [29], step: [652/1543], batch loss: 0.18421, batch accuracy: 83.33, data load time: 0.09204, step time: 0.03629
epoch: [29], step: [752/1543], batch loss: 0.15061, batch accuracy: 87.15, data load time: 0.15051, step time: 0.03425
epoch: [29], step: [852/1543], batch loss: 0.15163, batch accuracy: 85.34, data load time: 0.24678, step time: 0.02998
epoch: [29], step: [952/1543], batch loss: 0.15417, batch accuracy: 92.60, data load time: 0.22383, step time: 0.03201
epoch: [29], step: [1052/1543], batch loss: 0.18771, batch accuracy: 86.01, data load time: 0.24682, step time: 0.03463
epoch: [29], step: [1152/1543], batch loss: 0.13740, batch accuracy: 85.67, data load time: 0.20625, step time: 0.03135
epoch: [29], step: [1252/1543], batch loss: 0.20275, batch accuracy: 83.90, data load time: 0.21554, step time: 0.03420
epoch: [29], step: [1352/1543], batch loss: 0.12324, batch accuracy: 88.91, data load time: 0.25417, step time: 0.03000
epoch: [29], step: [1452/1543], batch loss: 0.17143, batch accuracy: 86.04, data load time: 0.16844, step time: 0.03278
Epoch 00030: reducing learning rate of group 0 to 2.0000e-09.
EVALUATION METRICS:
-------------------------------------------------------------

Validation: AUC Score: 0.8347

-------------------------------------------------------------
validation loss: 0.15912, accuracy: 83.47
epoch: [30], step: [9/1543], batch loss: 0.18586, batch accuracy: 84.89, data load time: 0.12810, step time: 0.03807
epoch: [30], step: [109/1543], batch loss: 0.18446, batch accuracy: 80.31, data load time: 0.16340, step time: 0.03372
epoch: [30], step: [209/1543], batch loss: 0.13256, batch accuracy: 90.02, data load time: 0.14014, step time: 0.03247
epoch: [30], step: [309/1543], batch loss: 0.17277, batch accuracy: 89.83, data load time: 0.13264, step time: 0.03571
epoch: [30], step: [409/1543], batch loss: 0.15155, batch accuracy: 86.83, data load time: 0.19336, step time: 0.03289
epoch: [30], step: [509/1543], batch loss: 0.14883, batch accuracy: 83.27, data load time: 0.14246, step time: 0.03375
epoch: [30], step: [609/1543], batch loss: 0.15414, batch accuracy: 86.98, data load time: 0.20706, step time: 0.03297
epoch: [30], step: [709/1543], batch loss: 0.17172, batch accuracy: 93.06, data load time: 0.16871, step time: 0.03776
epoch: [30], step: [809/1543], batch loss: 0.12134, batch accuracy: 96.35, data load time: 0.17256, step time: 0.03160
epoch: [30], step: [909/1543], batch loss: 0.15662, batch accuracy: 88.98, data load time: 0.16935, step time: 0.03584
epoch: [30], step: [1009/1543], batch loss: 0.13547, batch accuracy: 88.96, data load time: 0.17331, step time: 0.03003
epoch: [30], step: [1109/1543], batch loss: 0.15437, batch accuracy: 87.69, data load time: 0.24464, step time: 0.03375
epoch: [30], step: [1209/1543], batch loss: 0.14766, batch accuracy: 90.19, data load time: 0.23115, step time: 0.03302
epoch: [30], step: [1309/1543], batch loss: 0.17563, batch accuracy: 89.33, data load time: 0.17137, step time: 0.03360
epoch: [30], step: [1409/1543], batch loss: 0.21341, batch accuracy: 85.00, data load time: 0.19774, step time: 0.03309
epoch: [30], step: [1509/1543], batch loss: 0.14819, batch accuracy: 89.84, data load time: 0.17084, step time: 0.03357
epoch: [31], step: [66/1543], batch loss: 0.18966, batch accuracy: 86.44, data load time: 0.14155, step time: 0.03575
epoch: [31], step: [166/1543], batch loss: 0.21851, batch accuracy: 86.92, data load time: 0.06526, step time: 0.03750
epoch: [31], step: [266/1543], batch loss: 0.17617, batch accuracy: 85.76, data load time: 0.09980, step time: 0.03294
epoch: [31], step: [366/1543], batch loss: 0.13591, batch accuracy: 85.60, data load time: 0.15332, step time: 0.03148
epoch: [31], step: [466/1543], batch loss: 0.14158, batch accuracy: 86.68, data load time: 0.15078, step time: 0.03423
epoch: [31], step: [566/1543], batch loss: 0.13521, batch accuracy: 89.75, data load time: 0.17586, step time: 0.03640
epoch: [31], step: [666/1543], batch loss: 0.21504, batch accuracy: 73.53, data load time: 0.16720, step time: 0.03505
epoch: [31], step: [766/1543], batch loss: 0.16576, batch accuracy: 87.12, data load time: 0.12424, step time: 0.03704
epoch: [31], step: [866/1543], batch loss: 0.16469, batch accuracy: 87.75, data load time: 0.17126, step time: 0.03429
epoch: [31], step: [966/1543], batch loss: 0.13956, batch accuracy: 86.87, data load time: 0.18547, step time: 0.03418
epoch: [31], step: [1066/1543], batch loss: 0.11211, batch accuracy: 88.32, data load time: 0.23105, step time: 0.02936
epoch: [31], step: [1166/1543], batch loss: 0.18086, batch accuracy: 84.40, data load time: 0.13599, step time: 0.03419
epoch: [31], step: [1266/1543], batch loss: 0.16468, batch accuracy: 89.37, data load time: 0.19127, step time: 0.03562
epoch: [31], step: [1366/1543], batch loss: 0.16978, batch accuracy: 93.70, data load time: 0.21342, step time: 0.02846
epoch: [31], step: [1466/1543], batch loss: 0.15355, batch accuracy: 94.71, data load time: 0.22048, step time: 0.03150
epoch: [32], step: [23/1543], batch loss: 0.18520, batch accuracy: 84.01, data load time: 0.14722, step time: 0.03987
epoch: [32], step: [123/1543], batch loss: 0.18220, batch accuracy: 86.05, data load time: 0.11786, step time: 0.03360
epoch: [32], step: [223/1543], batch loss: 0.16379, batch accuracy: 84.97, data load time: 0.11013, step time: 0.03549
epoch: [32], step: [323/1543], batch loss: 0.20979, batch accuracy: 78.05, data load time: 0.15900, step time: 0.03157
epoch: [32], step: [423/1543], batch loss: 0.16398, batch accuracy: 88.96, data load time: 0.11133, step time: 0.03502
epoch: [32], step: [523/1543], batch loss: 0.13479, batch accuracy: 87.00, data load time: 0.07438, step time: 0.03263
epoch: [32], step: [623/1543], batch loss: 0.10726, batch accuracy: 94.95, data load time: 0.05294, step time: 0.03126
epoch: [32], step: [723/1543], batch loss: 0.13967, batch accuracy: 89.94, data load time: 0.16160, step time: 0.03142
epoch: [32], step: [823/1543], batch loss: 0.16480, batch accuracy: 89.73, data load time: 0.14573, step time: 0.03566
epoch: [32], step: [923/1543], batch loss: 0.16356, batch accuracy: 88.90, data load time: 0.11263, step time: 0.03413
epoch: [32], step: [1023/1543], batch loss: 0.14437, batch accuracy: 90.33, data load time: 0.18365, step time: 0.03132
epoch: [32], step: [1123/1543], batch loss: 0.14656, batch accuracy: 87.27, data load time: 0.19605, step time: 0.03419
epoch: [32], step: [1223/1543], batch loss: 0.17846, batch accuracy: 81.93, data load time: 0.26254, step time: 0.03401
epoch: [32], step: [1323/1543], batch loss: 0.14308, batch accuracy: 87.69, data load time: 0.23166, step time: 0.03003
epoch: [32], step: [1423/1543], batch loss: 0.16469, batch accuracy: 87.82, data load time: 0.17150, step time: 0.03349
epoch: [32], step: [1523/1543], batch loss: 0.17386, batch accuracy: 87.03, data load time: 0.27399, step time: 0.03011
epoch: [33], step: [80/1543], batch loss: 0.14139, batch accuracy: 85.84, data load time: 0.10510, step time: 0.03023
epoch: [33], step: [180/1543], batch loss: 0.15993, batch accuracy: 86.71, data load time: 0.09009, step time: 0.03284
epoch: [33], step: [280/1543], batch loss: 0.15590, batch accuracy: 93.19, data load time: 0.08425, step time: 0.03565
epoch: [33], step: [380/1543], batch loss: 0.14924, batch accuracy: 79.64, data load time: 0.06545, step time: 0.03243
epoch: [33], step: [480/1543], batch loss: 0.13031, batch accuracy: 81.74, data load time: 0.10343, step time: 0.03000
epoch: [33], step: [580/1543], batch loss: 0.17655, batch accuracy: 85.08, data load time: 0.12280, step time: 0.03566
epoch: [33], step: [680/1543], batch loss: 0.16721, batch accuracy: 81.85, data load time: 0.13637, step time: 0.03418
epoch: [33], step: [780/1543], batch loss: 0.13450, batch accuracy: 91.26, data load time: 0.21920, step time: 0.03358
epoch: [33], step: [880/1543], batch loss: 0.18138, batch accuracy: 78.56, data load time: 0.25676, step time: 0.03144
epoch: [33], step: [980/1543], batch loss: 0.14526, batch accuracy: 86.30, data load time: 0.18768, step time: 0.03147
epoch: [33], step: [1080/1543], batch loss: 0.18738, batch accuracy: 79.23, data load time: 0.15845, step time: 0.03577
epoch: [33], step: [1180/1543], batch loss: 0.14732, batch accuracy: 88.08, data load time: 0.21755, step time: 0.03158
epoch: [33], step: [1280/1543], batch loss: 0.14856, batch accuracy: 89.21, data load time: 0.28840, step time: 0.03535
epoch: [33], step: [1380/1543], batch loss: 0.14344, batch accuracy: 86.70, data load time: 0.27135, step time: 0.02927
epoch: [33], step: [1480/1543], batch loss: 0.14533, batch accuracy: 88.19, data load time: 0.23521, step time: 0.03491
