Loading data from trainSpecChunk_dataset
Loading data from valSpecChunk_dataset
Loading data from testSpecChunk_dataset
Writing logs to logs/CNN_sgd_momentum=0.95_learning_rate=0.05_conv_length=256_conv_stride=256_batch_size=10_epochs=20_weight_decay=1e-05_model=ChunkResCNN2_op=sgd_run_1
epoch: [0], step: [99/9255], batch loss: 0.24019, batch accuracy: 68.56, data load time: 0.23408, step time: 0.06455
epoch: [0], step: [199/9255], batch loss: 0.18542, batch accuracy: 57.42, data load time: 0.14644, step time: 0.05744
epoch: [0], step: [299/9255], batch loss: 0.23152, batch accuracy: 69.93, data load time: 0.13629, step time: 0.05999
epoch: [0], step: [399/9255], batch loss: 0.22829, batch accuracy: 56.34, data load time: 0.12531, step time: 0.06201
epoch: [0], step: [499/9255], batch loss: 0.22848, batch accuracy: 70.09, data load time: 0.18930, step time: 0.06340
epoch: [0], step: [599/9255], batch loss: 0.26262, batch accuracy: 63.51, data load time: 0.16820, step time: 0.06121
epoch: [0], step: [699/9255], batch loss: 0.22459, batch accuracy: 71.04, data load time: 0.16118, step time: 0.06324
epoch: [0], step: [799/9255], batch loss: 0.22008, batch accuracy: 62.72, data load time: 0.16696, step time: 0.06257
epoch: [0], step: [899/9255], batch loss: 0.25575, batch accuracy: 65.71, data load time: 0.18376, step time: 0.06322
epoch: [0], step: [999/9255], batch loss: 0.19195, batch accuracy: 68.07, data load time: 0.23273, step time: 0.05897
epoch: [0], step: [1099/9255], batch loss: 0.22979, batch accuracy: 78.58, data load time: 0.13395, step time: 0.05885
epoch: [0], step: [1199/9255], batch loss: 0.20142, batch accuracy: 79.68, data load time: 0.11084, step time: 0.06173
epoch: [0], step: [1299/9255], batch loss: 0.24356, batch accuracy: 63.65, data load time: 0.20638, step time: 0.06164
epoch: [0], step: [1399/9255], batch loss: 0.24080, batch accuracy: 71.37, data load time: 0.19779, step time: 0.06378
epoch: [0], step: [1499/9255], batch loss: 0.27822, batch accuracy: 60.42, data load time: 0.12869, step time: 0.06310
epoch: [0], step: [1599/9255], batch loss: 0.23170, batch accuracy: 78.31, data load time: 0.15774, step time: 0.06399
epoch: [0], step: [1699/9255], batch loss: 0.31466, batch accuracy: 70.18, data load time: 0.17268, step time: 0.06582
epoch: [0], step: [1799/9255], batch loss: 0.23368, batch accuracy: 62.29, data load time: 0.15515, step time: 0.06240
epoch: [0], step: [1899/9255], batch loss: 0.22243, batch accuracy: 63.44, data load time: 0.14162, step time: 0.06161
epoch: [0], step: [1999/9255], batch loss: 0.19321, batch accuracy: 78.09, data load time: 0.11676, step time: 0.05972
epoch: [0], step: [2099/9255], batch loss: 0.21259, batch accuracy: 59.81, data load time: 0.15342, step time: 0.06106
epoch: [0], step: [2199/9255], batch loss: 0.16761, batch accuracy: 81.29, data load time: 0.14939, step time: 0.05893
epoch: [0], step: [2299/9255], batch loss: 0.19385, batch accuracy: 73.94, data load time: 0.11333, step time: 0.06226
epoch: [0], step: [2399/9255], batch loss: 0.23252, batch accuracy: 72.07, data load time: 0.17217, step time: 0.06381
epoch: [0], step: [2499/9255], batch loss: 0.19824, batch accuracy: 74.50, data load time: 0.29094, step time: 0.06098
epoch: [0], step: [2599/9255], batch loss: 0.23771, batch accuracy: 68.06, data load time: 0.15440, step time: 0.06390
epoch: [0], step: [2699/9255], batch loss: 0.22710, batch accuracy: 73.18, data load time: 0.17079, step time: 0.06178
epoch: [0], step: [2799/9255], batch loss: 0.22405, batch accuracy: 72.54, data load time: 0.18183, step time: 0.06246
epoch: [0], step: [2899/9255], batch loss: 0.22021, batch accuracy: 71.10, data load time: 0.16260, step time: 0.06478
epoch: [0], step: [2999/9255], batch loss: 0.23437, batch accuracy: 69.21, data load time: 0.16708, step time: 0.06460
epoch: [0], step: [3099/9255], batch loss: 0.20015, batch accuracy: 74.06, data load time: 0.16193, step time: 0.06185
epoch: [0], step: [3199/9255], batch loss: 0.19944, batch accuracy: 65.82, data load time: 0.15408, step time: 0.06040
epoch: [0], step: [3299/9255], batch loss: 0.21704, batch accuracy: 63.20, data load time: 0.14279, step time: 0.06123
epoch: [0], step: [3399/9255], batch loss: 0.27563, batch accuracy: 56.93, data load time: 0.14239, step time: 0.06139
epoch: [0], step: [3499/9255], batch loss: 0.18569, batch accuracy: 82.35, data load time: 0.16790, step time: 0.06244
epoch: [0], step: [3599/9255], batch loss: 0.29036, batch accuracy: 66.28, data load time: 0.11294, step time: 0.06577
epoch: [0], step: [3699/9255], batch loss: 0.18137, batch accuracy: 72.72, data load time: 0.13602, step time: 0.05903
epoch: [0], step: [3799/9255], batch loss: 0.17420, batch accuracy: 77.56, data load time: 0.12874, step time: 0.05977
epoch: [0], step: [3899/9255], batch loss: 0.21937, batch accuracy: 82.08, data load time: 0.12080, step time: 0.06523
epoch: [0], step: [3999/9255], batch loss: 0.16872, batch accuracy: 87.78, data load time: 0.14104, step time: 0.06105
epoch: [0], step: [4099/9255], batch loss: 0.21519, batch accuracy: 85.53, data load time: 0.09656, step time: 0.06370
epoch: [0], step: [4199/9255], batch loss: 0.13674, batch accuracy: 83.01, data load time: 0.16176, step time: 0.05605
epoch: [0], step: [4299/9255], batch loss: 0.17404, batch accuracy: 68.64, data load time: 0.14553, step time: 0.05706
epoch: [0], step: [4399/9255], batch loss: 0.20150, batch accuracy: 71.13, data load time: 0.18639, step time: 0.06301
epoch: [0], step: [4499/9255], batch loss: 0.14934, batch accuracy: 74.48, data load time: 0.15273, step time: 0.05881
epoch: [0], step: [4599/9255], batch loss: 0.17549, batch accuracy: 81.14, data load time: 0.11746, step time: 0.05968
epoch: [0], step: [4699/9255], batch loss: 0.17797, batch accuracy: 82.62, data load time: 0.22652, step time: 0.06014
epoch: [0], step: [4799/9255], batch loss: 0.14254, batch accuracy: 84.15, data load time: 0.18676, step time: 0.05812
epoch: [0], step: [4899/9255], batch loss: 0.20841, batch accuracy: 67.76, data load time: 0.13168, step time: 0.05819
epoch: [0], step: [4999/9255], batch loss: 0.18584, batch accuracy: 74.52, data load time: 0.16016, step time: 0.05837
epoch: [0], step: [5099/9255], batch loss: 0.21050, batch accuracy: 87.24, data load time: 0.16866, step time: 0.06516
epoch: [0], step: [5199/9255], batch loss: 0.19505, batch accuracy: 78.14, data load time: 0.15013, step time: 0.06470
epoch: [0], step: [5299/9255], batch loss: 0.19948, batch accuracy: 70.98, data load time: 0.21759, step time: 0.06246
epoch: [0], step: [5399/9255], batch loss: 0.20355, batch accuracy: 79.13, data load time: 0.14234, step time: 0.06382
epoch: [0], step: [5499/9255], batch loss: 0.15789, batch accuracy: 83.04, data load time: 0.10550, step time: 0.06096
epoch: [0], step: [5599/9255], batch loss: 0.20002, batch accuracy: 82.01, data load time: 0.15385, step time: 0.05967
epoch: [0], step: [5699/9255], batch loss: 0.20212, batch accuracy: 75.50, data load time: 0.11267, step time: 0.06235
epoch: [0], step: [5799/9255], batch loss: 0.19369, batch accuracy: 75.33, data load time: 0.16665, step time: 0.05955
epoch: [0], step: [5899/9255], batch loss: 0.14842, batch accuracy: 72.79, data load time: 0.12266, step time: 0.05673
epoch: [0], step: [5999/9255], batch loss: 0.18469, batch accuracy: 66.21, data load time: 0.17112, step time: 0.05817
epoch: [0], step: [6099/9255], batch loss: 0.20786, batch accuracy: 74.13, data load time: 0.13905, step time: 0.06514
epoch: [0], step: [6199/9255], batch loss: 0.16168, batch accuracy: 84.14, data load time: 0.13584, step time: 0.05974
epoch: [0], step: [6299/9255], batch loss: 0.18706, batch accuracy: 76.54, data load time: 0.12876, step time: 0.05882
epoch: [0], step: [6399/9255], batch loss: 0.16910, batch accuracy: 82.24, data load time: 0.15642, step time: 0.05983
epoch: [0], step: [6499/9255], batch loss: 0.18396, batch accuracy: 83.98, data load time: 0.18833, step time: 0.06153
epoch: [0], step: [6599/9255], batch loss: 0.24002, batch accuracy: 79.70, data load time: 0.13057, step time: 0.06371
epoch: [0], step: [6699/9255], batch loss: 0.14437, batch accuracy: 88.89, data load time: 0.20726, step time: 0.05953
epoch: [0], step: [6799/9255], batch loss: 0.17343, batch accuracy: 78.64, data load time: 0.16783, step time: 0.05902
epoch: [0], step: [6899/9255], batch loss: 0.15427, batch accuracy: 87.01, data load time: 0.14746, step time: 0.05920
epoch: [0], step: [6999/9255], batch loss: 0.16691, batch accuracy: 88.05, data load time: 0.27260, step time: 0.06298
epoch: [0], step: [7099/9255], batch loss: 0.17096, batch accuracy: 79.26, data load time: 0.21144, step time: 0.06044
epoch: [0], step: [7199/9255], batch loss: 0.18736, batch accuracy: 78.34, data load time: 0.16156, step time: 0.05972
epoch: [0], step: [7299/9255], batch loss: 0.16028, batch accuracy: 85.21, data load time: 0.11114, step time: 0.05767
epoch: [0], step: [7399/9255], batch loss: 0.14254, batch accuracy: 88.66, data load time: 0.17192, step time: 0.05478
epoch: [0], step: [7499/9255], batch loss: 0.23081, batch accuracy: 80.76, data load time: 0.14727, step time: 0.06359
epoch: [0], step: [7599/9255], batch loss: 0.18720, batch accuracy: 76.27, data load time: 0.18333, step time: 0.06233
epoch: [0], step: [7699/9255], batch loss: 0.17804, batch accuracy: 83.63, data load time: 0.17266, step time: 0.06241
epoch: [0], step: [7799/9255], batch loss: 0.17002, batch accuracy: 83.50, data load time: 0.22288, step time: 0.06113
epoch: [0], step: [7899/9255], batch loss: 0.15260, batch accuracy: 82.96, data load time: 0.19350, step time: 0.05687
epoch: [0], step: [7999/9255], batch loss: 0.19107, batch accuracy: 74.91, data load time: 0.17437, step time: 0.06251
epoch: [0], step: [8099/9255], batch loss: 0.11893, batch accuracy: 87.82, data load time: 0.11014, step time: 0.05682
epoch: [0], step: [8199/9255], batch loss: 0.16322, batch accuracy: 87.76, data load time: 0.13938, step time: 0.06244
epoch: [0], step: [8299/9255], batch loss: 0.20401, batch accuracy: 86.67, data load time: 0.12521, step time: 0.06175
epoch: [0], step: [8399/9255], batch loss: 0.21933, batch accuracy: 76.75, data load time: 0.15070, step time: 0.06384
epoch: [0], step: [8499/9255], batch loss: 0.15368, batch accuracy: 91.92, data load time: 0.15956, step time: 0.05898
epoch: [0], step: [8599/9255], batch loss: 0.17597, batch accuracy: 83.42, data load time: 0.13862, step time: 0.06249
epoch: [0], step: [8699/9255], batch loss: 0.19633, batch accuracy: 80.51, data load time: 0.15419, step time: 0.06310
epoch: [0], step: [8799/9255], batch loss: 0.16945, batch accuracy: 67.49, data load time: 0.20016, step time: 0.05756
epoch: [0], step: [8899/9255], batch loss: 0.14283, batch accuracy: 89.99, data load time: 0.17326, step time: 0.06237
epoch: [0], step: [8999/9255], batch loss: 0.22162, batch accuracy: 82.37, data load time: 0.15769, step time: 0.06530
epoch: [0], step: [9099/9255], batch loss: 0.15653, batch accuracy: 90.73, data load time: 0.17044, step time: 0.06171
epoch: [0], step: [9199/9255], batch loss: 0.12556, batch accuracy: 83.11, data load time: 0.13647, step time: 0.05450
EVALUATION METRICS:
-------------------------------------------------------------

Validation AUC Score: 0.7885

-------------------------------------------------------------
validation loss: 0.19436, accuracy: 78.85
epoch: [1], step: [44/9255], batch loss: 0.21754, batch accuracy: 72.37, data load time: 0.13533, step time: 0.06506
epoch: [1], step: [144/9255], batch loss: 0.12873, batch accuracy: 88.67, data load time: 0.18321, step time: 0.05712
epoch: [1], step: [244/9255], batch loss: 0.21196, batch accuracy: 90.24, data load time: 0.18017, step time: 0.06264
epoch: [1], step: [344/9255], batch loss: 0.20540, batch accuracy: 82.93, data load time: 0.15314, step time: 0.06060
epoch: [1], step: [444/9255], batch loss: 0.16612, batch accuracy: 77.18, data load time: 0.18008, step time: 0.05704
epoch: [1], step: [544/9255], batch loss: 0.17976, batch accuracy: 77.04, data load time: 0.13250, step time: 0.05985
epoch: [1], step: [644/9255], batch loss: 0.19772, batch accuracy: 84.88, data load time: 0.21115, step time: 0.06268
epoch: [1], step: [744/9255], batch loss: 0.12956, batch accuracy: 89.23, data load time: 0.17754, step time: 0.05709
epoch: [1], step: [844/9255], batch loss: 0.16804, batch accuracy: 84.54, data load time: 0.16631, step time: 0.06194
epoch: [1], step: [944/9255], batch loss: 0.17396, batch accuracy: 79.79, data load time: 0.18462, step time: 0.06045
epoch: [1], step: [1044/9255], batch loss: 0.19449, batch accuracy: 87.88, data load time: 0.16599, step time: 0.06066
epoch: [1], step: [1144/9255], batch loss: 0.18937, batch accuracy: 72.89, data load time: 0.13600, step time: 0.06106
epoch: [1], step: [1244/9255], batch loss: 0.13868, batch accuracy: 92.08, data load time: 0.17779, step time: 0.05761
epoch: [1], step: [1344/9255], batch loss: 0.17479, batch accuracy: 87.97, data load time: 0.15749, step time: 0.06184
epoch: [1], step: [1444/9255], batch loss: 0.23452, batch accuracy: 72.43, data load time: 0.15837, step time: 0.06660
epoch: [1], step: [1544/9255], batch loss: 0.14006, batch accuracy: 88.68, data load time: 0.15964, step time: 0.06039
epoch: [1], step: [1644/9255], batch loss: 0.19492, batch accuracy: 74.43, data load time: 0.20596, step time: 0.06188
epoch: [1], step: [1744/9255], batch loss: 0.21412, batch accuracy: 88.64, data load time: 0.17555, step time: 0.06527
epoch: [1], step: [1844/9255], batch loss: 0.18464, batch accuracy: 81.29, data load time: 0.15614, step time: 0.06117
epoch: [1], step: [1944/9255], batch loss: 0.17601, batch accuracy: 85.11, data load time: 0.17709, step time: 0.06124
epoch: [1], step: [2044/9255], batch loss: 0.23290, batch accuracy: 68.04, data load time: 0.17125, step time: 0.06389
epoch: [1], step: [2144/9255], batch loss: 0.18432, batch accuracy: 87.30, data load time: 0.13344, step time: 0.06110
epoch: [1], step: [2244/9255], batch loss: 0.19147, batch accuracy: 74.37, data load time: 0.17514, step time: 0.06187
epoch: [1], step: [2344/9255], batch loss: 0.12601, batch accuracy: 91.55, data load time: 0.17995, step time: 0.05903
epoch: [1], step: [2444/9255], batch loss: 0.18420, batch accuracy: 81.67, data load time: 0.19279, step time: 0.06321
epoch: [1], step: [2544/9255], batch loss: 0.18195, batch accuracy: 90.58, data load time: 0.14683, step time: 0.06448
epoch: [1], step: [2644/9255], batch loss: 0.18999, batch accuracy: 75.23, data load time: 0.12477, step time: 0.05919
epoch: [1], step: [2744/9255], batch loss: 0.21890, batch accuracy: 82.45, data load time: 0.28198, step time: 0.06326
epoch: [1], step: [2844/9255], batch loss: 0.17324, batch accuracy: 76.57, data load time: 0.13531, step time: 0.06141
epoch: [1], step: [2944/9255], batch loss: 0.23461, batch accuracy: 75.01, data load time: 0.16788, step time: 0.06348
epoch: [1], step: [3044/9255], batch loss: 0.16474, batch accuracy: 90.65, data load time: 0.15551, step time: 0.06278
epoch: [1], step: [3144/9255], batch loss: 0.26818, batch accuracy: 82.96, data load time: 0.19046, step time: 0.06461
epoch: [1], step: [3244/9255], batch loss: 0.21363, batch accuracy: 81.56, data load time: 0.15884, step time: 0.06199
epoch: [1], step: [3344/9255], batch loss: 0.21616, batch accuracy: 77.85, data load time: 0.16600, step time: 0.06319
epoch: [1], step: [3444/9255], batch loss: 0.18757, batch accuracy: 79.65, data load time: 0.12774, step time: 0.05892
epoch: [1], step: [3544/9255], batch loss: 0.14188, batch accuracy: 85.72, data load time: 0.13200, step time: 0.05776
epoch: [1], step: [3644/9255], batch loss: 0.13529, batch accuracy: 81.37, data load time: 0.18196, step time: 0.05771
epoch: [1], step: [3744/9255], batch loss: 0.16273, batch accuracy: 92.75, data load time: 0.14561, step time: 0.06165
epoch: [1], step: [3844/9255], batch loss: 0.13606, batch accuracy: 81.30, data load time: 0.20576, step time: 0.05619
epoch: [1], step: [3944/9255], batch loss: 0.19377, batch accuracy: 89.18, data load time: 0.15373, step time: 0.06607
epoch: [1], step: [4044/9255], batch loss: 0.16328, batch accuracy: 90.27, data load time: 0.16009, step time: 0.06528
epoch: [1], step: [4144/9255], batch loss: 0.13438, batch accuracy: 87.97, data load time: 0.26984, step time: 0.05760
epoch: [1], step: [4244/9255], batch loss: 0.17168, batch accuracy: 88.93, data load time: 0.14222, step time: 0.06317
epoch: [1], step: [4344/9255], batch loss: 0.13855, batch accuracy: 84.46, data load time: 0.15662, step time: 0.06140
epoch: [1], step: [4444/9255], batch loss: 0.13986, batch accuracy: 85.10, data load time: 0.18410, step time: 0.05987
epoch: [1], step: [4544/9255], batch loss: 0.17676, batch accuracy: 81.78, data load time: 0.12691, step time: 0.06386
epoch: [1], step: [4644/9255], batch loss: 0.14468, batch accuracy: 86.10, data load time: 0.16667, step time: 0.05971
epoch: [1], step: [4744/9255], batch loss: 0.14799, batch accuracy: 86.77, data load time: 0.15527, step time: 0.05849
epoch: [1], step: [4844/9255], batch loss: 0.11989, batch accuracy: 91.67, data load time: 0.11877, step time: 0.05966
epoch: [1], step: [4944/9255], batch loss: 0.22867, batch accuracy: 72.75, data load time: 0.16830, step time: 0.06393
epoch: [1], step: [5044/9255], batch loss: 0.14815, batch accuracy: 79.97, data load time: 0.15740, step time: 0.06051
epoch: [1], step: [5144/9255], batch loss: 0.16214, batch accuracy: 90.98, data load time: 0.14928, step time: 0.06416
epoch: [1], step: [5244/9255], batch loss: 0.17323, batch accuracy: 90.94, data load time: 0.13248, step time: 0.06326
epoch: [1], step: [5344/9255], batch loss: 0.12621, batch accuracy: 84.26, data load time: 0.13401, step time: 0.05757
epoch: [1], step: [5444/9255], batch loss: 0.13546, batch accuracy: 88.83, data load time: 0.12838, step time: 0.06047
epoch: [1], step: [5544/9255], batch loss: 0.13172, batch accuracy: 85.75, data load time: 0.19259, step time: 0.05764
epoch: [1], step: [5644/9255], batch loss: 0.14435, batch accuracy: 76.52, data load time: 0.15667, step time: 0.05612
epoch: [1], step: [5744/9255], batch loss: 0.15766, batch accuracy: 81.00, data load time: 0.14789, step time: 0.05839
epoch: [1], step: [5844/9255], batch loss: 0.14543, batch accuracy: 93.65, data load time: 0.14773, step time: 0.05908
epoch: [1], step: [5944/9255], batch loss: 0.16911, batch accuracy: 92.17, data load time: 0.14836, step time: 0.06325
epoch: [1], step: [6044/9255], batch loss: 0.17585, batch accuracy: 86.04, data load time: 0.15498, step time: 0.06444
epoch: [1], step: [6144/9255], batch loss: 0.21651, batch accuracy: 73.60, data load time: 0.12957, step time: 0.06266
epoch: [1], step: [6244/9255], batch loss: 0.15168, batch accuracy: 82.71, data load time: 0.15670, step time: 0.06108
epoch: [1], step: [6344/9255], batch loss: 0.14831, batch accuracy: 88.57, data load time: 0.11493, step time: 0.06184
epoch: [1], step: [6444/9255], batch loss: 0.18966, batch accuracy: 85.57, data load time: 0.12169, step time: 0.06608
epoch: [1], step: [6544/9255], batch loss: 0.16029, batch accuracy: 87.91, data load time: 0.25477, step time: 0.06306
epoch: [1], step: [6644/9255], batch loss: 0.15105, batch accuracy: 86.09, data load time: 0.19209, step time: 0.06040
epoch: [1], step: [6744/9255], batch loss: 0.13409, batch accuracy: 88.34, data load time: 0.15854, step time: 0.05901
epoch: [1], step: [6844/9255], batch loss: 0.14382, batch accuracy: 72.81, data load time: 0.14053, step time: 0.05612
epoch: [1], step: [6944/9255], batch loss: 0.15147, batch accuracy: 85.09, data load time: 0.18355, step time: 0.06107
epoch: [1], step: [7044/9255], batch loss: 0.15174, batch accuracy: 93.10, data load time: 0.19638, step time: 0.05774
epoch: [1], step: [7144/9255], batch loss: 0.21998, batch accuracy: 81.27, data load time: 0.15028, step time: 0.06609
epoch: [1], step: [7244/9255], batch loss: 0.09665, batch accuracy: 95.78, data load time: 0.16648, step time: 0.05472
epoch: [1], step: [7344/9255], batch loss: 0.12320, batch accuracy: 90.85, data load time: 0.13397, step time: 0.05648
epoch: [1], step: [7444/9255], batch loss: 0.13277, batch accuracy: 90.16, data load time: 0.19555, step time: 0.05834
epoch: [1], step: [7544/9255], batch loss: 0.18035, batch accuracy: 85.38, data load time: 0.13311, step time: 0.06254
epoch: [1], step: [7644/9255], batch loss: 0.17528, batch accuracy: 91.47, data load time: 0.14721, step time: 0.06536
epoch: [1], step: [7744/9255], batch loss: 0.15707, batch accuracy: 80.69, data load time: 0.14339, step time: 0.05993
epoch: [1], step: [7844/9255], batch loss: 0.18001, batch accuracy: 83.35, data load time: 0.18638, step time: 0.06119
epoch: [1], step: [7944/9255], batch loss: 0.16960, batch accuracy: 78.66, data load time: 0.13922, step time: 0.05917
epoch: [1], step: [8044/9255], batch loss: 0.19757, batch accuracy: 83.29, data load time: 0.15048, step time: 0.06269
epoch: [1], step: [8144/9255], batch loss: 0.19660, batch accuracy: 70.80, data load time: 0.12437, step time: 0.06114
epoch: [1], step: [8244/9255], batch loss: 0.16890, batch accuracy: 77.55, data load time: 0.16264, step time: 0.06105
epoch: [1], step: [8344/9255], batch loss: 0.20311, batch accuracy: 88.71, data load time: 0.13989, step time: 0.06333
epoch: [1], step: [8444/9255], batch loss: 0.24411, batch accuracy: 84.78, data load time: 0.13473, step time: 0.06337
epoch: [1], step: [8544/9255], batch loss: 0.13620, batch accuracy: 88.11, data load time: 0.13540, step time: 0.05694
epoch: [1], step: [8644/9255], batch loss: 0.16440, batch accuracy: 84.94, data load time: 0.17169, step time: 0.06182
epoch: [1], step: [8744/9255], batch loss: 0.18087, batch accuracy: 83.98, data load time: 0.13746, step time: 0.06055
epoch: [1], step: [8844/9255], batch loss: 0.15674, batch accuracy: 83.30, data load time: 0.13483, step time: 0.06032
epoch: [1], step: [8944/9255], batch loss: 0.14355, batch accuracy: 83.44, data load time: 0.15328, step time: 0.05765
epoch: [1], step: [9044/9255], batch loss: 0.11871, batch accuracy: 87.84, data load time: 0.16051, step time: 0.05606
epoch: [1], step: [9144/9255], batch loss: 0.18852, batch accuracy: 79.22, data load time: 0.14701, step time: 0.06179
epoch: [1], step: [9244/9255], batch loss: 0.15128, batch accuracy: 82.14, data load time: 0.15170, step time: 0.05827
EVALUATION METRICS:
-------------------------------------------------------------

Validation AUC Score: 0.8411

-------------------------------------------------------------
validation loss: 0.16310, accuracy: 84.11
epoch: [2], step: [89/9255], batch loss: 0.15130, batch accuracy: 96.28, data load time: 0.12867, step time: 0.06410
epoch: [2], step: [189/9255], batch loss: 0.17708, batch accuracy: 80.71, data load time: 0.17429, step time: 0.05974
epoch: [2], step: [289/9255], batch loss: 0.16232, batch accuracy: 83.74, data load time: 0.12152, step time: 0.05853
epoch: [2], step: [389/9255], batch loss: 0.18966, batch accuracy: 89.03, data load time: 0.14682, step time: 0.06282
epoch: [2], step: [489/9255], batch loss: 0.15158, batch accuracy: 89.47, data load time: 0.14607, step time: 0.05923
epoch: [2], step: [589/9255], batch loss: 0.14545, batch accuracy: 82.71, data load time: 0.20328, step time: 0.05476
epoch: [2], step: [689/9255], batch loss: 0.16682, batch accuracy: 85.38, data load time: 0.12666, step time: 0.05999
epoch: [2], step: [789/9255], batch loss: 0.16109, batch accuracy: 85.41, data load time: 0.21105, step time: 0.06188
epoch: [2], step: [889/9255], batch loss: 0.12174, batch accuracy: 93.21, data load time: 0.15370, step time: 0.05763
epoch: [2], step: [989/9255], batch loss: 0.14444, batch accuracy: 87.31, data load time: 0.14731, step time: 0.06109
epoch: [2], step: [1089/9255], batch loss: 0.14261, batch accuracy: 81.36, data load time: 0.20753, step time: 0.05693
epoch: [2], step: [1189/9255], batch loss: 0.13012, batch accuracy: 87.44, data load time: 0.15124, step time: 0.05841
epoch: [2], step: [1289/9255], batch loss: 0.12315, batch accuracy: 87.81, data load time: 0.24667, step time: 0.05976
epoch: [2], step: [1389/9255], batch loss: 0.16108, batch accuracy: 89.42, data load time: 0.17713, step time: 0.06205
epoch: [2], step: [1489/9255], batch loss: 0.12060, batch accuracy: 88.06, data load time: 0.15591, step time: 0.05844
epoch: [2], step: [1589/9255], batch loss: 0.15805, batch accuracy: 89.75, data load time: 0.12881, step time: 0.06049
epoch: [2], step: [1689/9255], batch loss: 0.16848, batch accuracy: 88.72, data load time: 0.13653, step time: 0.06182
epoch: [2], step: [1789/9255], batch loss: 0.12790, batch accuracy: 86.91, data load time: 0.14883, step time: 0.05976
epoch: [2], step: [1889/9255], batch loss: 0.11486, batch accuracy: 89.99, data load time: 0.15332, step time: 0.05758
epoch: [2], step: [1989/9255], batch loss: 0.20892, batch accuracy: 80.08, data load time: 0.13601, step time: 0.05970
epoch: [2], step: [2089/9255], batch loss: 0.18723, batch accuracy: 83.36, data load time: 0.17653, step time: 0.06128
epoch: [2], step: [2189/9255], batch loss: 0.13799, batch accuracy: 84.93, data load time: 0.12314, step time: 0.05756
epoch: [2], step: [2289/9255], batch loss: 0.13445, batch accuracy: 88.79, data load time: 0.15476, step time: 0.05706
epoch: [2], step: [2389/9255], batch loss: 0.19556, batch accuracy: 82.19, data load time: 0.14106, step time: 0.06525
epoch: [2], step: [2489/9255], batch loss: 0.14124, batch accuracy: 91.64, data load time: 0.14222, step time: 0.06020
epoch: [2], step: [2589/9255], batch loss: 0.12676, batch accuracy: 91.11, data load time: 0.17565, step time: 0.05975
epoch: [2], step: [2689/9255], batch loss: 0.14066, batch accuracy: 89.64, data load time: 0.12173, step time: 0.05882
epoch: [2], step: [2789/9255], batch loss: 0.15189, batch accuracy: 87.54, data load time: 0.13133, step time: 0.06105
epoch: [2], step: [2889/9255], batch loss: 0.18093, batch accuracy: 80.59, data load time: 0.19328, step time: 0.06180
epoch: [2], step: [2989/9255], batch loss: 0.16373, batch accuracy: 94.54, data load time: 0.15784, step time: 0.06253
epoch: [2], step: [3089/9255], batch loss: 0.16947, batch accuracy: 92.24, data load time: 0.19279, step time: 0.06533
epoch: [2], step: [3189/9255], batch loss: 0.11404, batch accuracy: 93.60, data load time: 0.20071, step time: 0.05966
epoch: [2], step: [3289/9255], batch loss: 0.12929, batch accuracy: 86.28, data load time: 0.16638, step time: 0.05762
epoch: [2], step: [3389/9255], batch loss: 0.15967, batch accuracy: 87.32, data load time: 0.18854, step time: 0.06045
epoch: [2], step: [3489/9255], batch loss: 0.18463, batch accuracy: 78.52, data load time: 0.16455, step time: 0.06168
epoch: [2], step: [3589/9255], batch loss: 0.15943, batch accuracy: 70.03, data load time: 0.15082, step time: 0.05618
epoch: [2], step: [3689/9255], batch loss: 0.13384, batch accuracy: 88.87, data load time: 0.13330, step time: 0.06190
epoch: [2], step: [3789/9255], batch loss: 0.14905, batch accuracy: 90.35, data load time: 0.15557, step time: 0.06057
epoch: [2], step: [3889/9255], batch loss: 0.23286, batch accuracy: 77.03, data load time: 0.14167, step time: 0.06332
epoch: [2], step: [3989/9255], batch loss: 0.12053, batch accuracy: 93.34, data load time: 0.13748, step time: 0.05594
epoch: [2], step: [4089/9255], batch loss: 0.16842, batch accuracy: 80.69, data load time: 0.16697, step time: 0.05905
epoch: [2], step: [4189/9255], batch loss: 0.17190, batch accuracy: 88.75, data load time: 0.15566, step time: 0.06022
epoch: [2], step: [4289/9255], batch loss: 0.19282, batch accuracy: 84.25, data load time: 0.16044, step time: 0.06382
epoch: [2], step: [4389/9255], batch loss: 0.13119, batch accuracy: 93.47, data load time: 0.14894, step time: 0.06179
epoch: [2], step: [4489/9255], batch loss: 0.12181, batch accuracy: 96.70, data load time: 0.15242, step time: 0.05920
epoch: [2], step: [4589/9255], batch loss: 0.15837, batch accuracy: 84.43, data load time: 0.15435, step time: 0.05985
epoch: [2], step: [4689/9255], batch loss: 0.17053, batch accuracy: 87.91, data load time: 0.19425, step time: 0.06180
epoch: [2], step: [4789/9255], batch loss: 0.16316, batch accuracy: 77.68, data load time: 0.15785, step time: 0.06171
epoch: [2], step: [4889/9255], batch loss: 0.17332, batch accuracy: 90.61, data load time: 0.18809, step time: 0.06607
epoch: [2], step: [4989/9255], batch loss: 0.13343, batch accuracy: 90.42, data load time: 0.16272, step time: 0.06035
epoch: [2], step: [5089/9255], batch loss: 0.17411, batch accuracy: 90.88, data load time: 0.19801, step time: 0.06331
epoch: [2], step: [5189/9255], batch loss: 0.14785, batch accuracy: 82.00, data load time: 0.12173, step time: 0.05766
epoch: [2], step: [5289/9255], batch loss: 0.16334, batch accuracy: 81.42, data load time: 0.13791, step time: 0.06453
epoch: [2], step: [5389/9255], batch loss: 0.16891, batch accuracy: 80.20, data load time: 0.19148, step time: 0.05890
epoch: [2], step: [5489/9255], batch loss: 0.22792, batch accuracy: 80.16, data load time: 0.17873, step time: 0.06601
epoch: [2], step: [5589/9255], batch loss: 0.16343, batch accuracy: 80.88, data load time: 0.15612, step time: 0.06205
epoch: [2], step: [5689/9255], batch loss: 0.11275, batch accuracy: 95.37, data load time: 0.19951, step time: 0.05907
epoch: [2], step: [5789/9255], batch loss: 0.18601, batch accuracy: 89.58, data load time: 0.17094, step time: 0.06062
epoch: [2], step: [5889/9255], batch loss: 0.11163, batch accuracy: 95.59, data load time: 0.15947, step time: 0.05970
epoch: [2], step: [5989/9255], batch loss: 0.15896, batch accuracy: 88.54, data load time: 0.17744, step time: 0.06254
epoch: [2], step: [6089/9255], batch loss: 0.14995, batch accuracy: 92.82, data load time: 0.13071, step time: 0.06242
epoch: [2], step: [6189/9255], batch loss: 0.15511, batch accuracy: 88.59, data load time: 0.16915, step time: 0.06103
epoch: [2], step: [6289/9255], batch loss: 0.14365, batch accuracy: 89.95, data load time: 0.11137, step time: 0.05902
epoch: [2], step: [6389/9255], batch loss: 0.15195, batch accuracy: 86.09, data load time: 0.17222, step time: 0.06117
epoch: [2], step: [6489/9255], batch loss: 0.16508, batch accuracy: 93.33, data load time: 0.13885, step time: 0.06380
epoch: [2], step: [6589/9255], batch loss: 0.18584, batch accuracy: 85.11, data load time: 0.11397, step time: 0.06171
epoch: [2], step: [6689/9255], batch loss: 0.17524, batch accuracy: 85.99, data load time: 0.18493, step time: 0.05767
epoch: [2], step: [6789/9255], batch loss: 0.16419, batch accuracy: 91.83, data load time: 0.15705, step time: 0.06611
epoch: [2], step: [6889/9255], batch loss: 0.16870, batch accuracy: 81.43, data load time: 0.16441, step time: 0.05947
epoch: [2], step: [6989/9255], batch loss: 0.14612, batch accuracy: 82.76, data load time: 0.13330, step time: 0.05694
epoch: [2], step: [7089/9255], batch loss: 0.18314, batch accuracy: 83.61, data load time: 0.14728, step time: 0.06049
epoch: [2], step: [7189/9255], batch loss: 0.20286, batch accuracy: 81.76, data load time: 0.14328, step time: 0.06122
epoch: [2], step: [7289/9255], batch loss: 0.10754, batch accuracy: 89.05, data load time: 0.16282, step time: 0.05812
epoch: [2], step: [7389/9255], batch loss: 0.11090, batch accuracy: 90.54, data load time: 0.13388, step time: 0.05479
epoch: [2], step: [7489/9255], batch loss: 0.11648, batch accuracy: 88.40, data load time: 0.12993, step time: 0.05901
epoch: [2], step: [7589/9255], batch loss: 0.15153, batch accuracy: 81.56, data load time: 0.16967, step time: 0.06096
epoch: [2], step: [7689/9255], batch loss: 0.18772, batch accuracy: 73.77, data load time: 0.15609, step time: 0.05801
epoch: [2], step: [7789/9255], batch loss: 0.18451, batch accuracy: 79.12, data load time: 0.15419, step time: 0.06038
epoch: [2], step: [7889/9255], batch loss: 0.20122, batch accuracy: 82.66, data load time: 0.15861, step time: 0.06307
epoch: [2], step: [7989/9255], batch loss: 0.15694, batch accuracy: 87.19, data load time: 0.16507, step time: 0.06201
epoch: [2], step: [8089/9255], batch loss: 0.18383, batch accuracy: 85.78, data load time: 0.20213, step time: 0.06164
epoch: [2], step: [8189/9255], batch loss: 0.17753, batch accuracy: 82.90, data load time: 0.19428, step time: 0.06045
epoch: [2], step: [8289/9255], batch loss: 0.12756, batch accuracy: 87.83, data load time: 0.15017, step time: 0.05740
epoch: [2], step: [8389/9255], batch loss: 0.15307, batch accuracy: 91.80, data load time: 0.16133, step time: 0.06132
epoch: [2], step: [8489/9255], batch loss: 0.13329, batch accuracy: 88.77, data load time: 0.15760, step time: 0.06102
epoch: [2], step: [8589/9255], batch loss: 0.16173, batch accuracy: 85.38, data load time: 0.16551, step time: 0.06113
epoch: [2], step: [8689/9255], batch loss: 0.12383, batch accuracy: 91.46, data load time: 0.16962, step time: 0.05836
epoch: [2], step: [8789/9255], batch loss: 0.17359, batch accuracy: 84.63, data load time: 0.11730, step time: 0.06100
epoch: [2], step: [8889/9255], batch loss: 0.21880, batch accuracy: 88.11, data load time: 0.14973, step time: 0.06328
epoch: [2], step: [8989/9255], batch loss: 0.20785, batch accuracy: 87.62, data load time: 0.16851, step time: 0.06329
epoch: [2], step: [9089/9255], batch loss: 0.20634, batch accuracy: 83.92, data load time: 0.16683, step time: 0.06457
epoch: [2], step: [9189/9255], batch loss: 0.12659, batch accuracy: 86.53, data load time: 0.12723, step time: 0.05969
EVALUATION METRICS:
-------------------------------------------------------------

Validation AUC Score: 0.8621

-------------------------------------------------------------
validation loss: 0.14747, accuracy: 86.21
epoch: [3], step: [34/9255], batch loss: 0.15084, batch accuracy: 93.32, data load time: 0.17280, step time: 0.06250
epoch: [3], step: [134/9255], batch loss: 0.17149, batch accuracy: 78.66, data load time: 0.11767, step time: 0.06130
epoch: [3], step: [234/9255], batch loss: 0.17519, batch accuracy: 85.38, data load time: 0.18462, step time: 0.06111
epoch: [3], step: [334/9255], batch loss: 0.16285, batch accuracy: 91.34, data load time: 0.14708, step time: 0.06265
epoch: [3], step: [434/9255], batch loss: 0.12444, batch accuracy: 93.92, data load time: 0.17168, step time: 0.06049
epoch: [3], step: [534/9255], batch loss: 0.20606, batch accuracy: 69.11, data load time: 0.13439, step time: 0.06254
epoch: [3], step: [634/9255], batch loss: 0.11249, batch accuracy: 90.16, data load time: 0.14698, step time: 0.05857
epoch: [3], step: [734/9255], batch loss: 0.13147, batch accuracy: 93.70, data load time: 0.16748, step time: 0.06297
epoch: [3], step: [834/9255], batch loss: 0.16983, batch accuracy: 86.64, data load time: 0.14163, step time: 0.06343
epoch: [3], step: [934/9255], batch loss: 0.18317, batch accuracy: 79.55, data load time: 0.15900, step time: 0.06066
epoch: [3], step: [1034/9255], batch loss: 0.18148, batch accuracy: 83.61, data load time: 0.14034, step time: 0.06310
epoch: [3], step: [1134/9255], batch loss: 0.15873, batch accuracy: 87.78, data load time: 0.17816, step time: 0.06230
epoch: [3], step: [1234/9255], batch loss: 0.17579, batch accuracy: 87.22, data load time: 0.16112, step time: 0.05850
epoch: [3], step: [1334/9255], batch loss: 0.15406, batch accuracy: 91.24, data load time: 0.17125, step time: 0.06121
epoch: [3], step: [1434/9255], batch loss: 0.14559, batch accuracy: 86.11, data load time: 0.14661, step time: 0.06053
epoch: [3], step: [1534/9255], batch loss: 0.17801, batch accuracy: 91.98, data load time: 0.15311, step time: 0.06489
epoch: [3], step: [1634/9255], batch loss: 0.13979, batch accuracy: 89.24, data load time: 0.16146, step time: 0.06124
epoch: [3], step: [1734/9255], batch loss: 0.15721, batch accuracy: 84.78, data load time: 0.15300, step time: 0.05903
epoch: [3], step: [1834/9255], batch loss: 0.15861, batch accuracy: 88.62, data load time: 0.15608, step time: 0.06047
epoch: [3], step: [1934/9255], batch loss: 0.14399, batch accuracy: 84.13, data load time: 0.15018, step time: 0.05977
epoch: [3], step: [2034/9255], batch loss: 0.10811, batch accuracy: 89.36, data load time: 0.13596, step time: 0.05538
epoch: [3], step: [2134/9255], batch loss: 0.12552, batch accuracy: 93.50, data load time: 0.11615, step time: 0.05772
epoch: [3], step: [2234/9255], batch loss: 0.17172, batch accuracy: 88.26, data load time: 0.16392, step time: 0.06185
epoch: [3], step: [2334/9255], batch loss: 0.17253, batch accuracy: 77.69, data load time: 0.14785, step time: 0.05920
epoch: [3], step: [2434/9255], batch loss: 0.11178, batch accuracy: 95.59, data load time: 0.15101, step time: 0.05697
epoch: [3], step: [2534/9255], batch loss: 0.15208, batch accuracy: 92.08, data load time: 0.17775, step time: 0.05977
epoch: [3], step: [2634/9255], batch loss: 0.12600, batch accuracy: 87.99, data load time: 0.17964, step time: 0.05803
epoch: [3], step: [2734/9255], batch loss: 0.14712, batch accuracy: 91.61, data load time: 0.16264, step time: 0.06044
epoch: [3], step: [2834/9255], batch loss: 0.14251, batch accuracy: 92.48, data load time: 0.17030, step time: 0.06251
epoch: [3], step: [2934/9255], batch loss: 0.14333, batch accuracy: 91.95, data load time: 0.15151, step time: 0.06113
epoch: [3], step: [3034/9255], batch loss: 0.14635, batch accuracy: 92.72, data load time: 0.14118, step time: 0.06390
epoch: [3], step: [3134/9255], batch loss: 0.13462, batch accuracy: 96.16, data load time: 0.15215, step time: 0.06105
epoch: [3], step: [3234/9255], batch loss: 0.15310, batch accuracy: 88.24, data load time: 0.16147, step time: 0.06050
epoch: [3], step: [3334/9255], batch loss: 0.09752, batch accuracy: 91.58, data load time: 0.15044, step time: 0.05543
epoch: [3], step: [3434/9255], batch loss: 0.16095, batch accuracy: 88.16, data load time: 0.16729, step time: 0.06176
epoch: [3], step: [3534/9255], batch loss: 0.16110, batch accuracy: 93.56, data load time: 0.12255, step time: 0.06236
epoch: [3], step: [3634/9255], batch loss: 0.16044, batch accuracy: 82.94, data load time: 0.10958, step time: 0.05836
epoch: [3], step: [3734/9255], batch loss: 0.16895, batch accuracy: 93.12, data load time: 0.14775, step time: 0.06388
epoch: [3], step: [3834/9255], batch loss: 0.15420, batch accuracy: 78.68, data load time: 0.15104, step time: 0.05758
epoch: [3], step: [3934/9255], batch loss: 0.17614, batch accuracy: 89.53, data load time: 0.18345, step time: 0.06541
epoch: [3], step: [4034/9255], batch loss: 0.16327, batch accuracy: 86.70, data load time: 0.17397, step time: 0.05913
epoch: [3], step: [4134/9255], batch loss: 0.18260, batch accuracy: 82.76, data load time: 0.12234, step time: 0.06173
epoch: [3], step: [4234/9255], batch loss: 0.15021, batch accuracy: 94.78, data load time: 0.16249, step time: 0.06190
epoch: [3], step: [4334/9255], batch loss: 0.19137, batch accuracy: 78.17, data load time: 0.16892, step time: 0.05874
epoch: [3], step: [4434/9255], batch loss: 0.12452, batch accuracy: 95.50, data load time: 0.13474, step time: 0.05992
epoch: [3], step: [4534/9255], batch loss: 0.18320, batch accuracy: 80.45, data load time: 0.18932, step time: 0.05892
epoch: [3], step: [4634/9255], batch loss: 0.14548, batch accuracy: 88.54, data load time: 0.12752, step time: 0.05974
epoch: [3], step: [4734/9255], batch loss: 0.19132, batch accuracy: 74.97, data load time: 0.16394, step time: 0.06042
epoch: [3], step: [4834/9255], batch loss: 0.18086, batch accuracy: 87.46, data load time: 0.14398, step time: 0.06599
epoch: [3], step: [4934/9255], batch loss: 0.18039, batch accuracy: 87.59, data load time: 0.19696, step time: 0.06329
epoch: [3], step: [5034/9255], batch loss: 0.13830, batch accuracy: 88.66, data load time: 0.13295, step time: 0.05879
epoch: [3], step: [5134/9255], batch loss: 0.14579, batch accuracy: 88.28, data load time: 0.17934, step time: 0.06320
epoch: [3], step: [5234/9255], batch loss: 0.16535, batch accuracy: 88.84, data load time: 0.16905, step time: 0.06392
epoch: [3], step: [5334/9255], batch loss: 0.17198, batch accuracy: 85.19, data load time: 0.14005, step time: 0.06033
epoch: [3], step: [5434/9255], batch loss: 0.13398, batch accuracy: 93.31, data load time: 0.15291, step time: 0.06161
epoch: [3], step: [5534/9255], batch loss: 0.17649, batch accuracy: 89.28, data load time: 0.14776, step time: 0.06336
epoch: [3], step: [5634/9255], batch loss: 0.13109, batch accuracy: 89.00, data load time: 0.14866, step time: 0.06385
epoch: [3], step: [5734/9255], batch loss: 0.14297, batch accuracy: 86.61, data load time: 0.17100, step time: 0.06052
epoch: [3], step: [5834/9255], batch loss: 0.11304, batch accuracy: 92.88, data load time: 0.14053, step time: 0.05674
epoch: [3], step: [5934/9255], batch loss: 0.16042, batch accuracy: 89.32, data load time: 0.18783, step time: 0.06061
epoch: [3], step: [6034/9255], batch loss: 0.13876, batch accuracy: 89.05, data load time: 0.15199, step time: 0.06320
epoch: [3], step: [6134/9255], batch loss: 0.15308, batch accuracy: 91.15, data load time: 0.20113, step time: 0.06322
epoch: [3], step: [6234/9255], batch loss: 0.11989, batch accuracy: 89.89, data load time: 0.17433, step time: 0.05699
epoch: [3], step: [6334/9255], batch loss: 0.09897, batch accuracy: 95.60, data load time: 0.16908, step time: 0.05852
epoch: [3], step: [6434/9255], batch loss: 0.17478, batch accuracy: 94.31, data load time: 0.14154, step time: 0.06521
epoch: [3], step: [6534/9255], batch loss: 0.15133, batch accuracy: 94.73, data load time: 0.12632, step time: 0.06244
epoch: [3], step: [6634/9255], batch loss: 0.13955, batch accuracy: 80.24, data load time: 0.15880, step time: 0.05615
epoch: [3], step: [6734/9255], batch loss: 0.16395, batch accuracy: 87.58, data load time: 0.14103, step time: 0.06389
epoch: [3], step: [6834/9255], batch loss: 0.14622, batch accuracy: 88.63, data load time: 0.22922, step time: 0.06042
epoch: [3], step: [6934/9255], batch loss: 0.11469, batch accuracy: 95.37, data load time: 0.14182, step time: 0.06109
epoch: [3], step: [7034/9255], batch loss: 0.13199, batch accuracy: 90.47, data load time: 0.25469, step time: 0.05979
epoch: [3], step: [7134/9255], batch loss: 0.13825, batch accuracy: 91.45, data load time: 0.17829, step time: 0.06165
epoch: [3], step: [7234/9255], batch loss: 0.10847, batch accuracy: 95.91, data load time: 0.14203, step time: 0.05982
epoch: [3], step: [7334/9255], batch loss: 0.13599, batch accuracy: 93.21, data load time: 0.11458, step time: 0.06239
epoch: [3], step: [7434/9255], batch loss: 0.13124, batch accuracy: 88.43, data load time: 0.17809, step time: 0.05692
epoch: [3], step: [7534/9255], batch loss: 0.13821, batch accuracy: 84.66, data load time: 0.16660, step time: 0.05905
epoch: [3], step: [7634/9255], batch loss: 0.15855, batch accuracy: 93.36, data load time: 0.15597, step time: 0.06327
epoch: [3], step: [7734/9255], batch loss: 0.14638, batch accuracy: 87.95, data load time: 0.17833, step time: 0.06039
epoch: [3], step: [7834/9255], batch loss: 0.18084, batch accuracy: 88.05, data load time: 0.13922, step time: 0.06543
epoch: [3], step: [7934/9255], batch loss: 0.16357, batch accuracy: 89.34, data load time: 0.16384, step time: 0.06411
epoch: [3], step: [8034/9255], batch loss: 0.21048, batch accuracy: 83.18, data load time: 0.14258, step time: 0.05976
epoch: [3], step: [8134/9255], batch loss: 0.14056, batch accuracy: 85.11, data load time: 0.13196, step time: 0.06040
epoch: [3], step: [8234/9255], batch loss: 0.17845, batch accuracy: 90.20, data load time: 0.15193, step time: 0.06597
epoch: [3], step: [8334/9255], batch loss: 0.25084, batch accuracy: 83.61, data load time: 0.13461, step time: 0.06747
epoch: [3], step: [8434/9255], batch loss: 0.13627, batch accuracy: 90.21, data load time: 0.16847, step time: 0.05975
epoch: [3], step: [8534/9255], batch loss: 0.13964, batch accuracy: 89.06, data load time: 0.14934, step time: 0.05750
epoch: [3], step: [8634/9255], batch loss: 0.19924, batch accuracy: 86.42, data load time: 0.17920, step time: 0.06611
epoch: [3], step: [8734/9255], batch loss: 0.13871, batch accuracy: 91.70, data load time: 0.17409, step time: 0.06189
epoch: [3], step: [8834/9255], batch loss: 0.12794, batch accuracy: 91.14, data load time: 0.20387, step time: 0.06057
epoch: [3], step: [8934/9255], batch loss: 0.16306, batch accuracy: 89.19, data load time: 0.17276, step time: 0.06316
epoch: [3], step: [9034/9255], batch loss: 0.12240, batch accuracy: 90.38, data load time: 0.12562, step time: 0.05757
epoch: [3], step: [9134/9255], batch loss: 0.15199, batch accuracy: 87.82, data load time: 0.12812, step time: 0.05899
epoch: [3], step: [9234/9255], batch loss: 0.16606, batch accuracy: 86.27, data load time: 0.16357, step time: 0.06026
EVALUATION METRICS:
-------------------------------------------------------------

Validation AUC Score: 0.8650

-------------------------------------------------------------
validation loss: 0.15075, accuracy: 86.50
