Loading data from /mnt/storage/scratch/ee20947/MagnaTagATune/annotations/train.pkl...
Loading data from /mnt/storage/scratch/ee20947/MagnaTagATune/annotations/train.pkl...
Loading data from /mnt/storage/scratch/ee20947/MagnaTagATune/annotations/val.pkl...
Loading data from /mnt/storage/scratch/ee20947/MagnaTagATune/annotations/test.pkl...
Writing logs to logs/CNN_sgd_momentum=0.93_learning_rate=0.2_conv_length=256_conv_stride=256_weight_decay=1e-05_run_4
epoch: [0], step: [99/1543], batch loss: 0.20062, batch accuracy: 71.97, data load time: 0.31039, step time: 0.03482
epoch: [0], step: [199/1543], batch loss: 0.20871, batch accuracy: 68.43, data load time: 0.30231, step time: 0.03337
epoch: [0], step: [299/1543], batch loss: 0.23548, batch accuracy: 61.68, data load time: 0.25595, step time: 0.03400
epoch: [0], step: [399/1543], batch loss: 0.15645, batch accuracy: 74.52, data load time: 0.22832, step time: 0.03137
epoch: [0], step: [499/1543], batch loss: 0.19346, batch accuracy: 66.11, data load time: 0.25501, step time: 0.03267
epoch: [0], step: [599/1543], batch loss: 0.20597, batch accuracy: 59.90, data load time: 0.27082, step time: 0.03421
epoch: [0], step: [699/1543], batch loss: 0.17240, batch accuracy: 73.13, data load time: 0.28192, step time: 0.03281
epoch: [0], step: [799/1543], batch loss: 0.19711, batch accuracy: 73.65, data load time: 0.23868, step time: 0.03205
epoch: [0], step: [899/1543], batch loss: 0.19652, batch accuracy: 68.90, data load time: 0.28233, step time: 0.03539
epoch: [0], step: [999/1543], batch loss: 0.18349, batch accuracy: 75.46, data load time: 0.27808, step time: 0.03500
epoch: [0], step: [1099/1543], batch loss: 0.22406, batch accuracy: 68.61, data load time: 0.28946, step time: 0.03625
epoch: [0], step: [1199/1543], batch loss: 0.20165, batch accuracy: 68.84, data load time: 0.24700, step time: 0.03562
epoch: [0], step: [1299/1543], batch loss: 0.21448, batch accuracy: 64.62, data load time: 0.28039, step time: 0.03435
epoch: [0], step: [1399/1543], batch loss: 0.23492, batch accuracy: 71.71, data load time: 0.31006, step time: 0.03643
epoch: [0], step: [1499/1543], batch loss: 0.21591, batch accuracy: 74.82, data load time: 0.24590, step time: 0.03491
epoch: [1], step: [56/1543], batch loss: 0.18318, batch accuracy: 66.68, data load time: 0.19591, step time: 0.03375
epoch: [1], step: [156/1543], batch loss: 0.22320, batch accuracy: 75.98, data load time: 0.34264, step time: 0.03762
epoch: [1], step: [256/1543], batch loss: 0.19080, batch accuracy: 72.44, data load time: 0.22914, step time: 0.03521
epoch: [1], step: [356/1543], batch loss: 0.20893, batch accuracy: 66.84, data load time: 0.28232, step time: 0.03366
epoch: [1], step: [456/1543], batch loss: 0.20675, batch accuracy: 80.31, data load time: 0.25257, step time: 0.03803
epoch: [1], step: [556/1543], batch loss: 0.24170, batch accuracy: 62.73, data load time: 0.28677, step time: 0.03520
epoch: [1], step: [656/1543], batch loss: 0.14469, batch accuracy: 87.75, data load time: 0.29417, step time: 0.03373
epoch: [1], step: [756/1543], batch loss: 0.22719, batch accuracy: 74.44, data load time: 0.21171, step time: 0.03647
epoch: [1], step: [856/1543], batch loss: 0.18253, batch accuracy: 82.99, data load time: 0.27880, step time: 0.03155
epoch: [1], step: [956/1543], batch loss: 0.18546, batch accuracy: 70.01, data load time: 0.24248, step time: 0.03482
epoch: [1], step: [1056/1543], batch loss: 0.19515, batch accuracy: 77.11, data load time: 0.26326, step time: 0.03658
epoch: [1], step: [1156/1543], batch loss: 0.16771, batch accuracy: 74.82, data load time: 0.29345, step time: 0.03285
epoch: [1], step: [1256/1543], batch loss: 0.16581, batch accuracy: 67.09, data load time: 0.30071, step time: 0.03289
epoch: [1], step: [1356/1543], batch loss: 0.17089, batch accuracy: 86.03, data load time: 0.33003, step time: 0.03442
epoch: [1], step: [1456/1543], batch loss: 0.16657, batch accuracy: 79.51, data load time: 0.24955, step time: 0.03370
epoch: [2], step: [13/1543], batch loss: 0.17842, batch accuracy: 81.02, data load time: 0.21444, step time: 0.03280
epoch: [2], step: [113/1543], batch loss: 0.21135, batch accuracy: 89.64, data load time: 0.26857, step time: 0.03823
epoch: [2], step: [213/1543], batch loss: 0.22148, batch accuracy: 80.65, data load time: 0.25292, step time: 0.03738
epoch: [2], step: [313/1543], batch loss: 0.24197, batch accuracy: 71.78, data load time: 0.29563, step time: 0.03815
epoch: [2], step: [413/1543], batch loss: 0.20918, batch accuracy: 81.43, data load time: 0.31077, step time: 0.03588
epoch: [2], step: [513/1543], batch loss: 0.19303, batch accuracy: 84.40, data load time: 0.32006, step time: 0.03663
epoch: [2], step: [613/1543], batch loss: 0.17971, batch accuracy: 79.38, data load time: 0.26232, step time: 0.03230
epoch: [2], step: [713/1543], batch loss: 0.16017, batch accuracy: 80.67, data load time: 0.26633, step time: 0.02848
epoch: [2], step: [813/1543], batch loss: 0.16785, batch accuracy: 75.69, data load time: 0.25362, step time: 0.03080
epoch: [2], step: [913/1543], batch loss: 0.18426, batch accuracy: 75.14, data load time: 0.25094, step time: 0.03454
epoch: [2], step: [1013/1543], batch loss: 0.20714, batch accuracy: 79.84, data load time: 0.25301, step time: 0.03644
epoch: [2], step: [1113/1543], batch loss: 0.17011, batch accuracy: 77.55, data load time: 0.27488, step time: 0.03380
epoch: [2], step: [1213/1543], batch loss: 0.17248, batch accuracy: 78.08, data load time: 0.22025, step time: 0.03576
epoch: [2], step: [1313/1543], batch loss: 0.18952, batch accuracy: 75.62, data load time: 0.22727, step time: 0.03365
epoch: [2], step: [1413/1543], batch loss: 0.26019, batch accuracy: 68.51, data load time: 0.31378, step time: 0.03657
epoch: [2], step: [1513/1543], batch loss: 0.17905, batch accuracy: 76.31, data load time: 0.25488, step time: 0.03300
epoch: [3], step: [70/1543], batch loss: 0.21029, batch accuracy: 80.40, data load time: 0.24615, step time: 0.03888
epoch: [3], step: [170/1543], batch loss: 0.17152, batch accuracy: 79.39, data load time: 0.34072, step time: 0.03532
epoch: [3], step: [270/1543], batch loss: 0.14260, batch accuracy: 87.79, data load time: 0.26811, step time: 0.03353
epoch: [3], step: [370/1543], batch loss: 0.14898, batch accuracy: 91.87, data load time: 0.25419, step time: 0.03293
epoch: [3], step: [470/1543], batch loss: 0.16800, batch accuracy: 89.26, data load time: 0.38122, step time: 0.03668
epoch: [3], step: [570/1543], batch loss: 0.21809, batch accuracy: 68.78, data load time: 0.32471, step time: 0.03794
epoch: [3], step: [670/1543], batch loss: 0.22155, batch accuracy: 77.76, data load time: 0.40450, step time: 0.03890
epoch: [3], step: [770/1543], batch loss: 0.17629, batch accuracy: 82.72, data load time: 0.24136, step time: 0.03520
epoch: [3], step: [870/1543], batch loss: 0.21976, batch accuracy: 73.11, data load time: 0.26604, step time: 0.03813
epoch: [3], step: [970/1543], batch loss: 0.17512, batch accuracy: 79.94, data load time: 0.27040, step time: 0.03363
epoch: [3], step: [1070/1543], batch loss: 0.18391, batch accuracy: 79.03, data load time: 0.27896, step time: 0.03512
epoch: [3], step: [1170/1543], batch loss: 0.17601, batch accuracy: 83.04, data load time: 0.31661, step time: 0.03517
epoch: [3], step: [1270/1543], batch loss: 0.14912, batch accuracy: 83.43, data load time: 0.24482, step time: 0.03446
epoch: [3], step: [1370/1543], batch loss: 0.24688, batch accuracy: 77.10, data load time: 0.25521, step time: 0.03538
epoch: [3], step: [1470/1543], batch loss: 0.26827, batch accuracy: 66.86, data load time: 0.27853, step time: 0.03679
epoch: [4], step: [27/1543], batch loss: 0.17857, batch accuracy: 91.25, data load time: 0.21685, step time: 0.03758
epoch: [4], step: [127/1543], batch loss: 0.17716, batch accuracy: 80.42, data load time: 0.23144, step time: 0.03585
epoch: [4], step: [227/1543], batch loss: 0.14637, batch accuracy: 77.66, data load time: 0.26268, step time: 0.03245
epoch: [4], step: [327/1543], batch loss: 0.19842, batch accuracy: 76.88, data load time: 0.21765, step time: 0.03525
epoch: [4], step: [427/1543], batch loss: 0.20780, batch accuracy: 81.13, data load time: 0.25057, step time: 0.03823
epoch: [4], step: [527/1543], batch loss: 0.17245, batch accuracy: 86.84, data load time: 0.32192, step time: 0.03792
epoch: [4], step: [627/1543], batch loss: 0.27379, batch accuracy: 71.19, data load time: 0.27559, step time: 0.03667
epoch: [4], step: [727/1543], batch loss: 0.14053, batch accuracy: 82.86, data load time: 0.35647, step time: 0.03095
epoch: [4], step: [827/1543], batch loss: 0.19728, batch accuracy: 79.06, data load time: 0.27228, step time: 0.03601
epoch: [4], step: [927/1543], batch loss: 0.16437, batch accuracy: 84.14, data load time: 0.26731, step time: 0.03429
epoch: [4], step: [1027/1543], batch loss: 0.15577, batch accuracy: 73.82, data load time: 0.26898, step time: 0.03061
epoch: [4], step: [1127/1543], batch loss: 0.15375, batch accuracy: 80.92, data load time: 0.29658, step time: 0.03353
epoch: [4], step: [1227/1543], batch loss: 0.17224, batch accuracy: 84.08, data load time: 0.29681, step time: 0.03358
epoch: [4], step: [1327/1543], batch loss: 0.15230, batch accuracy: 89.10, data load time: 0.24356, step time: 0.03566
epoch: [4], step: [1427/1543], batch loss: 0.17429, batch accuracy: 73.98, data load time: 0.25297, step time: 0.03366
epoch: [4], step: [1527/1543], batch loss: 0.17618, batch accuracy: 81.02, data load time: 0.24810, step time: 0.03573
EVALUATION METRICS:
-------------------------------------------------------------

Validation: AUC Score: 0.7882

-------------------------------------------------------------
validation loss: 0.18278, accuracy: 78.82
epoch: [5], step: [84/1543], batch loss: 0.17306, batch accuracy: 74.15, data load time: 0.25378, step time: 0.03504
epoch: [5], step: [184/1543], batch loss: 0.18810, batch accuracy: 69.13, data load time: 0.23491, step time: 0.03353
epoch: [5], step: [284/1543], batch loss: 0.23097, batch accuracy: 73.17, data load time: 0.23937, step time: 0.03876
epoch: [5], step: [384/1543], batch loss: 0.22545, batch accuracy: 79.74, data load time: 0.30899, step time: 0.03863
epoch: [5], step: [484/1543], batch loss: 0.20824, batch accuracy: 69.75, data load time: 0.27992, step time: 0.03635
epoch: [5], step: [584/1543], batch loss: 0.16815, batch accuracy: 84.16, data load time: 0.23274, step time: 0.03427
epoch: [5], step: [684/1543], batch loss: 0.16789, batch accuracy: 83.04, data load time: 0.26603, step time: 0.03558
epoch: [5], step: [784/1543], batch loss: 0.20549, batch accuracy: 74.71, data load time: 0.41404, step time: 0.03195
epoch: [5], step: [884/1543], batch loss: 0.16641, batch accuracy: 82.78, data load time: 0.22214, step time: 0.03484
epoch: [5], step: [984/1543], batch loss: 0.17229, batch accuracy: 79.95, data load time: 0.25378, step time: 0.03364
epoch: [5], step: [1084/1543], batch loss: 0.17151, batch accuracy: 85.63, data load time: 0.25609, step time: 0.03632
epoch: [5], step: [1184/1543], batch loss: 0.18105, batch accuracy: 83.77, data load time: 0.31381, step time: 0.03132
epoch: [5], step: [1284/1543], batch loss: 0.16895, batch accuracy: 89.37, data load time: 0.27312, step time: 0.03549
epoch: [5], step: [1384/1543], batch loss: 0.14285, batch accuracy: 78.44, data load time: 0.21093, step time: 0.03255
epoch: [5], step: [1484/1543], batch loss: 0.15543, batch accuracy: 83.86, data load time: 0.28810, step time: 0.03112
epoch: [6], step: [41/1543], batch loss: 0.14844, batch accuracy: 87.43, data load time: 0.17674, step time: 0.03259
epoch: [6], step: [141/1543], batch loss: 0.17034, batch accuracy: 84.99, data load time: 0.22570, step time: 0.03488
epoch: [6], step: [241/1543], batch loss: 0.14338, batch accuracy: 83.20, data load time: 0.16685, step time: 0.03208
epoch: [6], step: [341/1543], batch loss: 0.16385, batch accuracy: 82.45, data load time: 0.17148, step time: 0.03497
epoch: [6], step: [441/1543], batch loss: 0.17470, batch accuracy: 79.51, data load time: 0.20247, step time: 0.03203
epoch: [6], step: [541/1543], batch loss: 0.18535, batch accuracy: 84.08, data load time: 0.26368, step time: 0.03416
epoch: [6], step: [641/1543], batch loss: 0.15784, batch accuracy: 78.62, data load time: 0.16184, step time: 0.03123
epoch: [6], step: [741/1543], batch loss: 0.20099, batch accuracy: 74.91, data load time: 0.20652, step time: 0.03488
epoch: [6], step: [841/1543], batch loss: 0.15236, batch accuracy: 87.35, data load time: 0.14401, step time: 0.03122
epoch: [6], step: [941/1543], batch loss: 0.17235, batch accuracy: 80.87, data load time: 0.14734, step time: 0.03410
epoch: [6], step: [1041/1543], batch loss: 0.16012, batch accuracy: 86.67, data load time: 0.14070, step time: 0.03195
epoch: [6], step: [1141/1543], batch loss: 0.21990, batch accuracy: 76.29, data load time: 0.16945, step time: 0.03732
epoch: [6], step: [1241/1543], batch loss: 0.14361, batch accuracy: 82.34, data load time: 0.16532, step time: 0.03201
epoch: [6], step: [1341/1543], batch loss: 0.18517, batch accuracy: 87.35, data load time: 0.18759, step time: 0.03555
epoch: [6], step: [1441/1543], batch loss: 0.16004, batch accuracy: 86.38, data load time: 0.22130, step time: 0.03136
epoch: [6], step: [1541/1543], batch loss: 0.16122, batch accuracy: 84.10, data load time: 0.23950, step time: 0.03336
epoch: [7], step: [98/1543], batch loss: 0.15512, batch accuracy: 79.80, data load time: 0.16936, step time: 0.03051
epoch: [7], step: [198/1543], batch loss: 0.13224, batch accuracy: 85.63, data load time: 0.15709, step time: 0.03065
epoch: [7], step: [298/1543], batch loss: 0.20035, batch accuracy: 79.74, data load time: 0.16231, step time: 0.03501
epoch: [7], step: [398/1543], batch loss: 0.17856, batch accuracy: 81.71, data load time: 0.16910, step time: 0.03428
epoch: [7], step: [498/1543], batch loss: 0.17590, batch accuracy: 87.80, data load time: 0.20728, step time: 0.03486
epoch: [7], step: [598/1543], batch loss: 0.17134, batch accuracy: 71.38, data load time: 0.11257, step time: 0.03293
epoch: [7], step: [698/1543], batch loss: 0.17850, batch accuracy: 86.26, data load time: 0.17751, step time: 0.03627
epoch: [7], step: [798/1543], batch loss: 0.25000, batch accuracy: 82.42, data load time: 0.12974, step time: 0.04000
epoch: [7], step: [898/1543], batch loss: 0.23789, batch accuracy: 71.46, data load time: 0.13419, step time: 0.03679
epoch: [7], step: [998/1543], batch loss: 0.16310, batch accuracy: 87.56, data load time: 0.23497, step time: 0.03124
epoch: [7], step: [1098/1543], batch loss: 0.15325, batch accuracy: 84.88, data load time: 0.21795, step time: 0.03196
epoch: [7], step: [1198/1543], batch loss: 0.17294, batch accuracy: 85.28, data load time: 0.21413, step time: 0.03506
epoch: [7], step: [1298/1543], batch loss: 0.20626, batch accuracy: 58.54, data load time: 0.14051, step time: 0.03208
epoch: [7], step: [1398/1543], batch loss: 0.20094, batch accuracy: 81.24, data load time: 0.23964, step time: 0.03993
epoch: [7], step: [1498/1543], batch loss: 0.16730, batch accuracy: 88.72, data load time: 0.14485, step time: 0.03567
epoch: [8], step: [55/1543], batch loss: 0.17090, batch accuracy: 80.40, data load time: 0.09740, step time: 0.03554
epoch: [8], step: [155/1543], batch loss: 0.14049, batch accuracy: 79.00, data load time: 0.09520, step time: 0.03135
epoch: [8], step: [255/1543], batch loss: 0.14483, batch accuracy: 90.41, data load time: 0.19328, step time: 0.03202
epoch: [8], step: [355/1543], batch loss: 0.17593, batch accuracy: 79.70, data load time: 0.21125, step time: 0.03510
epoch: [8], step: [455/1543], batch loss: 0.15532, batch accuracy: 84.72, data load time: 0.14593, step time: 0.03275
epoch: [8], step: [555/1543], batch loss: 0.14589, batch accuracy: 77.21, data load time: 0.14694, step time: 0.03125
epoch: [8], step: [655/1543], batch loss: 0.17786, batch accuracy: 81.89, data load time: 0.15373, step time: 0.03666
epoch: [8], step: [755/1543], batch loss: 0.12385, batch accuracy: 80.07, data load time: 0.12981, step time: 0.02908
epoch: [8], step: [855/1543], batch loss: 0.18892, batch accuracy: 67.61, data load time: 0.15335, step time: 0.03337
epoch: [8], step: [955/1543], batch loss: 0.18580, batch accuracy: 83.00, data load time: 0.17767, step time: 0.03416
epoch: [8], step: [1055/1543], batch loss: 0.13746, batch accuracy: 85.45, data load time: 0.17679, step time: 0.03504
epoch: [8], step: [1155/1543], batch loss: 0.21037, batch accuracy: 86.77, data load time: 0.15153, step time: 0.04182
epoch: [8], step: [1255/1543], batch loss: 0.23546, batch accuracy: 71.14, data load time: 0.11841, step time: 0.03959
epoch: [8], step: [1355/1543], batch loss: 0.17355, batch accuracy: 84.15, data load time: 0.16567, step time: 0.03558
epoch: [8], step: [1455/1543], batch loss: 0.18898, batch accuracy: 84.33, data load time: 0.10374, step time: 0.03638
epoch: [9], step: [12/1543], batch loss: 0.22291, batch accuracy: 71.93, data load time: 0.13150, step time: 0.03374
epoch: [9], step: [112/1543], batch loss: 0.18854, batch accuracy: 85.76, data load time: 0.05750, step time: 0.03480
epoch: [9], step: [212/1543], batch loss: 0.17398, batch accuracy: 81.24, data load time: 0.14233, step time: 0.03268
epoch: [9], step: [312/1543], batch loss: 0.15054, batch accuracy: 90.81, data load time: 0.11653, step time: 0.03493
epoch: [9], step: [412/1543], batch loss: 0.16251, batch accuracy: 81.45, data load time: 0.06370, step time: 0.03340
epoch: [9], step: [512/1543], batch loss: 0.17903, batch accuracy: 79.20, data load time: 0.15625, step time: 0.03195
epoch: [9], step: [612/1543], batch loss: 0.17647, batch accuracy: 84.28, data load time: 0.18221, step time: 0.03563
epoch: [9], step: [712/1543], batch loss: 0.21772, batch accuracy: 83.85, data load time: 0.10704, step time: 0.03857
epoch: [9], step: [812/1543], batch loss: 0.14155, batch accuracy: 87.83, data load time: 0.11603, step time: 0.03474
epoch: [9], step: [912/1543], batch loss: 0.18162, batch accuracy: 81.01, data load time: 0.15718, step time: 0.03415
epoch: [9], step: [1012/1543], batch loss: 0.22252, batch accuracy: 75.70, data load time: 0.19382, step time: 0.03414
epoch: [9], step: [1112/1543], batch loss: 0.13521, batch accuracy: 88.69, data load time: 0.17892, step time: 0.02829
epoch: [9], step: [1212/1543], batch loss: 0.14483, batch accuracy: 80.61, data load time: 0.11106, step time: 0.02903
epoch: [9], step: [1312/1543], batch loss: 0.16813, batch accuracy: 78.88, data load time: 0.10957, step time: 0.03415
epoch: [9], step: [1412/1543], batch loss: 0.15273, batch accuracy: 89.76, data load time: 0.19653, step time: 0.03492
epoch: [9], step: [1512/1543], batch loss: 0.20763, batch accuracy: 61.93, data load time: 0.14348, step time: 0.03403
EVALUATION METRICS:
-------------------------------------------------------------

Validation: AUC Score: 0.8136

-------------------------------------------------------------
validation loss: 0.16910, accuracy: 81.36
epoch: [10], step: [69/1543], batch loss: 0.13232, batch accuracy: 84.90, data load time: 0.09931, step time: 0.02913
epoch: [10], step: [169/1543], batch loss: 0.18184, batch accuracy: 84.95, data load time: 0.12700, step time: 0.03556
epoch: [10], step: [269/1543], batch loss: 0.20193, batch accuracy: 76.09, data load time: 0.20508, step time: 0.03340
epoch: [10], step: [369/1543], batch loss: 0.14681, batch accuracy: 87.20, data load time: 0.23405, step time: 0.03342
epoch: [10], step: [469/1543], batch loss: 0.16735, batch accuracy: 93.49, data load time: 0.16765, step time: 0.03480
epoch: [10], step: [569/1543], batch loss: 0.17135, batch accuracy: 79.05, data load time: 0.14402, step time: 0.03562
epoch: [10], step: [669/1543], batch loss: 0.18860, batch accuracy: 74.54, data load time: 0.17000, step time: 0.03415
epoch: [10], step: [769/1543], batch loss: 0.17117, batch accuracy: 81.60, data load time: 0.13339, step time: 0.03705
epoch: [10], step: [869/1543], batch loss: 0.16946, batch accuracy: 85.55, data load time: 0.12985, step time: 0.03569
epoch: [10], step: [969/1543], batch loss: 0.13773, batch accuracy: 84.78, data load time: 0.23132, step time: 0.03560
epoch: [10], step: [1069/1543], batch loss: 0.14985, batch accuracy: 84.67, data load time: 0.19250, step time: 0.03122
epoch: [10], step: [1169/1543], batch loss: 0.15716, batch accuracy: 73.67, data load time: 0.13560, step time: 0.03105
epoch: [10], step: [1269/1543], batch loss: 0.17507, batch accuracy: 79.42, data load time: 0.04255, step time: 0.03615
epoch: [10], step: [1369/1543], batch loss: 0.12992, batch accuracy: 83.52, data load time: 0.21801, step time: 0.03252
epoch: [10], step: [1469/1543], batch loss: 0.15601, batch accuracy: 86.29, data load time: 0.14146, step time: 0.03552
epoch: [11], step: [26/1543], batch loss: 0.15657, batch accuracy: 83.89, data load time: 0.13039, step time: 0.03344
epoch: [11], step: [126/1543], batch loss: 0.18584, batch accuracy: 78.24, data load time: 0.17572, step time: 0.03232
epoch: [11], step: [226/1543], batch loss: 0.19377, batch accuracy: 85.89, data load time: 0.08474, step time: 0.04252
epoch: [11], step: [326/1543], batch loss: 0.15085, batch accuracy: 91.96, data load time: 0.13370, step time: 0.03476
epoch: [11], step: [426/1543], batch loss: 0.15437, batch accuracy: 84.13, data load time: 0.12788, step time: 0.03405
epoch: [11], step: [526/1543], batch loss: 0.19670, batch accuracy: 75.38, data load time: 0.23599, step time: 0.03538
epoch: [11], step: [626/1543], batch loss: 0.16327, batch accuracy: 69.98, data load time: 0.13687, step time: 0.03118
epoch: [11], step: [726/1543], batch loss: 0.19639, batch accuracy: 78.94, data load time: 0.19840, step time: 0.03542
epoch: [11], step: [826/1543], batch loss: 0.16286, batch accuracy: 64.72, data load time: 0.20166, step time: 0.02966
epoch: [11], step: [926/1543], batch loss: 0.19790, batch accuracy: 85.72, data load time: 0.14610, step time: 0.03849
epoch: [11], step: [1026/1543], batch loss: 0.18581, batch accuracy: 79.62, data load time: 0.15024, step time: 0.03407
epoch: [11], step: [1126/1543], batch loss: 0.19718, batch accuracy: 72.45, data load time: 0.19917, step time: 0.03130
epoch: [11], step: [1226/1543], batch loss: 0.17190, batch accuracy: 83.23, data load time: 0.14667, step time: 0.03444
epoch: [11], step: [1326/1543], batch loss: 0.18694, batch accuracy: 75.21, data load time: 0.14336, step time: 0.03626
epoch: [11], step: [1426/1543], batch loss: 0.21310, batch accuracy: 83.02, data load time: 0.15596, step time: 0.03621
epoch: [11], step: [1526/1543], batch loss: 0.12418, batch accuracy: 83.17, data load time: 0.12129, step time: 0.03121
epoch: [12], step: [83/1543], batch loss: 0.16117, batch accuracy: 86.06, data load time: 0.09650, step time: 0.03786
epoch: [12], step: [183/1543], batch loss: 0.18549, batch accuracy: 76.20, data load time: 0.10734, step time: 0.03197
epoch: [12], step: [283/1543], batch loss: 0.15106, batch accuracy: 81.22, data load time: 0.13980, step time: 0.03342
epoch: [12], step: [383/1543], batch loss: 0.17429, batch accuracy: 83.31, data load time: 0.14042, step time: 0.03689
epoch: [12], step: [483/1543], batch loss: 0.19362, batch accuracy: 79.10, data load time: 0.22276, step time: 0.03526
epoch: [12], step: [583/1543], batch loss: 0.18926, batch accuracy: 82.42, data load time: 0.13971, step time: 0.03327
epoch: [12], step: [683/1543], batch loss: 0.17125, batch accuracy: 81.22, data load time: 0.13705, step time: 0.03604
epoch: [12], step: [783/1543], batch loss: 0.20936, batch accuracy: 73.20, data load time: 0.12735, step time: 0.03343
epoch: [12], step: [883/1543], batch loss: 0.15724, batch accuracy: 78.21, data load time: 0.10016, step time: 0.03769
epoch: [12], step: [983/1543], batch loss: 0.19771, batch accuracy: 82.62, data load time: 0.12518, step time: 0.03726
epoch: [12], step: [1083/1543], batch loss: 0.14297, batch accuracy: 90.62, data load time: 0.11278, step time: 0.03029
epoch: [12], step: [1183/1543], batch loss: 0.17475, batch accuracy: 82.53, data load time: 0.09655, step time: 0.03554
epoch: [12], step: [1283/1543], batch loss: 0.15123, batch accuracy: 91.94, data load time: 0.15864, step time: 0.03200
epoch: [12], step: [1383/1543], batch loss: 0.15113, batch accuracy: 88.41, data load time: 0.11522, step time: 0.03496
epoch: [12], step: [1483/1543], batch loss: 0.16889, batch accuracy: 84.14, data load time: 0.08501, step time: 0.04075
epoch: [13], step: [40/1543], batch loss: 0.16311, batch accuracy: 79.75, data load time: 0.10609, step time: 0.03518
epoch: [13], step: [140/1543], batch loss: 0.19520, batch accuracy: 82.98, data load time: 0.11374, step time: 0.03667
epoch: [13], step: [240/1543], batch loss: 0.19426, batch accuracy: 73.33, data load time: 0.12633, step time: 0.03434
epoch: [13], step: [340/1543], batch loss: 0.17540, batch accuracy: 91.48, data load time: 0.11675, step time: 0.03349
epoch: [13], step: [440/1543], batch loss: 0.18189, batch accuracy: 83.17, data load time: 0.17217, step time: 0.03487
epoch: [13], step: [540/1543], batch loss: 0.16933, batch accuracy: 82.17, data load time: 0.10526, step time: 0.03280
epoch: [13], step: [640/1543], batch loss: 0.17986, batch accuracy: 78.80, data load time: 0.14474, step time: 0.03419
epoch: [13], step: [740/1543], batch loss: 0.19986, batch accuracy: 76.31, data load time: 0.12905, step time: 0.04001
epoch: [13], step: [840/1543], batch loss: 0.16500, batch accuracy: 85.30, data load time: 0.14082, step time: 0.03556
epoch: [13], step: [940/1543], batch loss: 0.21612, batch accuracy: 75.87, data load time: 0.08828, step time: 0.03509
epoch: [13], step: [1040/1543], batch loss: 0.12987, batch accuracy: 79.55, data load time: 0.14833, step time: 0.03219
epoch: [13], step: [1140/1543], batch loss: 0.18035, batch accuracy: 69.47, data load time: 0.10538, step time: 0.03126
epoch: [13], step: [1240/1543], batch loss: 0.15596, batch accuracy: 89.88, data load time: 0.14346, step time: 0.03412
epoch: [13], step: [1340/1543], batch loss: 0.17240, batch accuracy: 77.26, data load time: 0.18007, step time: 0.03189
epoch: [13], step: [1440/1543], batch loss: 0.17426, batch accuracy: 85.88, data load time: 0.18383, step time: 0.03866
epoch: [13], step: [1540/1543], batch loss: 0.14209, batch accuracy: 83.72, data load time: 0.11763, step time: 0.03198
epoch: [14], step: [97/1543], batch loss: 0.19476, batch accuracy: 72.09, data load time: 0.08973, step time: 0.03344
epoch: [14], step: [197/1543], batch loss: 0.21205, batch accuracy: 83.85, data load time: 0.18585, step time: 0.03541
epoch: [14], step: [297/1543], batch loss: 0.18168, batch accuracy: 81.25, data load time: 0.06878, step time: 0.03345
epoch: [14], step: [397/1543], batch loss: 0.24124, batch accuracy: 68.64, data load time: 0.09399, step time: 0.03609
epoch: [14], step: [497/1543], batch loss: 0.15294, batch accuracy: 85.72, data load time: 0.16003, step time: 0.03265
epoch: [14], step: [597/1543], batch loss: 0.17240, batch accuracy: 80.89, data load time: 0.13817, step time: 0.03273
epoch: [14], step: [697/1543], batch loss: 0.18990, batch accuracy: 82.89, data load time: 0.10478, step time: 0.03608
epoch: [14], step: [797/1543], batch loss: 0.18542, batch accuracy: 84.93, data load time: 0.11419, step time: 0.03503
epoch: [14], step: [897/1543], batch loss: 0.16943, batch accuracy: 84.80, data load time: 0.14543, step time: 0.03497
epoch: [14], step: [997/1543], batch loss: 0.18375, batch accuracy: 78.10, data load time: 0.23761, step time: 0.03417
epoch: [14], step: [1097/1543], batch loss: 0.16317, batch accuracy: 85.54, data load time: 0.08890, step time: 0.03714
epoch: [14], step: [1197/1543], batch loss: 0.20264, batch accuracy: 72.50, data load time: 0.16322, step time: 0.03171
epoch: [14], step: [1297/1543], batch loss: 0.23038, batch accuracy: 76.92, data load time: 0.17975, step time: 0.03849
epoch: [14], step: [1397/1543], batch loss: 0.20446, batch accuracy: 81.50, data load time: 0.18020, step time: 0.03852
epoch: [14], step: [1497/1543], batch loss: 0.17974, batch accuracy: 84.21, data load time: 0.05651, step time: 0.03876
EVALUATION METRICS:
-------------------------------------------------------------

Validation: AUC Score: 0.8159

-------------------------------------------------------------
validation loss: 0.16755, accuracy: 81.59
epoch: [15], step: [54/1543], batch loss: 0.16546, batch accuracy: 82.66, data load time: 0.17595, step time: 0.03193
epoch: [15], step: [154/1543], batch loss: 0.17739, batch accuracy: 83.77, data load time: 0.20678, step time: 0.03482
epoch: [15], step: [254/1543], batch loss: 0.15854, batch accuracy: 86.97, data load time: 0.08644, step time: 0.03852
epoch: [15], step: [354/1543], batch loss: 0.22063, batch accuracy: 66.78, data load time: 0.18752, step time: 0.03671
epoch: [15], step: [454/1543], batch loss: 0.22897, batch accuracy: 79.77, data load time: 0.17132, step time: 0.03900
epoch: [15], step: [554/1543], batch loss: 0.14163, batch accuracy: 83.97, data load time: 0.17497, step time: 0.03279
epoch: [15], step: [654/1543], batch loss: 0.19239, batch accuracy: 81.06, data load time: 0.11526, step time: 0.03676
epoch: [15], step: [754/1543], batch loss: 0.18299, batch accuracy: 77.15, data load time: 0.16499, step time: 0.03644
epoch: [15], step: [854/1543], batch loss: 0.18870, batch accuracy: 85.48, data load time: 0.14672, step time: 0.03863
epoch: [15], step: [954/1543], batch loss: 0.16350, batch accuracy: 85.29, data load time: 0.15115, step time: 0.03641
epoch: [15], step: [1054/1543], batch loss: 0.13784, batch accuracy: 87.16, data load time: 0.19833, step time: 0.02973
epoch: [15], step: [1154/1543], batch loss: 0.15074, batch accuracy: 80.18, data load time: 0.23867, step time: 0.03123
epoch: [15], step: [1254/1543], batch loss: 0.17102, batch accuracy: 78.64, data load time: 0.17417, step time: 0.03278
epoch: [15], step: [1354/1543], batch loss: 0.15972, batch accuracy: 82.98, data load time: 0.08618, step time: 0.03552
epoch: [15], step: [1454/1543], batch loss: 0.21839, batch accuracy: 80.51, data load time: 0.08881, step time: 0.03521
epoch: [16], step: [11/1543], batch loss: 0.19590, batch accuracy: 87.34, data load time: 0.08733, step time: 0.03914
epoch: [16], step: [111/1543], batch loss: 0.15963, batch accuracy: 86.81, data load time: 0.05722, step time: 0.03634
epoch: [16], step: [211/1543], batch loss: 0.26097, batch accuracy: 69.38, data load time: 0.06598, step time: 0.03732
epoch: [16], step: [311/1543], batch loss: 0.19340, batch accuracy: 83.92, data load time: 0.15366, step time: 0.03403
epoch: [16], step: [411/1543], batch loss: 0.25285, batch accuracy: 79.66, data load time: 0.17770, step time: 0.03640
epoch: [16], step: [511/1543], batch loss: 0.13142, batch accuracy: 90.29, data load time: 0.14526, step time: 0.03355
epoch: [16], step: [611/1543], batch loss: 0.12865, batch accuracy: 89.17, data load time: 0.17472, step time: 0.21417
epoch: [16], step: [711/1543], batch loss: 0.22312, batch accuracy: 81.58, data load time: 0.11469, step time: 0.03635
epoch: [16], step: [811/1543], batch loss: 0.15799, batch accuracy: 89.38, data load time: 0.20989, step time: 0.03489
epoch: [16], step: [911/1543], batch loss: 0.21894, batch accuracy: 70.31, data load time: 0.24933, step time: 0.03620
epoch: [16], step: [1011/1543], batch loss: 0.14922, batch accuracy: 89.85, data load time: 0.12470, step time: 0.03556
epoch: [16], step: [1111/1543], batch loss: 0.19161, batch accuracy: 83.79, data load time: 0.12639, step time: 0.03752
epoch: [16], step: [1211/1543], batch loss: 0.17827, batch accuracy: 85.42, data load time: 0.12428, step time: 0.03925
epoch: [16], step: [1311/1543], batch loss: 0.16373, batch accuracy: 87.21, data load time: 0.18914, step time: 0.03428
epoch: [16], step: [1411/1543], batch loss: 0.18814, batch accuracy: 81.25, data load time: 0.12004, step time: 0.03334
epoch: [16], step: [1511/1543], batch loss: 0.12839, batch accuracy: 89.20, data load time: 0.13583, step time: 0.03434
epoch: [17], step: [68/1543], batch loss: 0.16925, batch accuracy: 84.41, data load time: 0.10334, step time: 0.03579
epoch: [17], step: [168/1543], batch loss: 0.19255, batch accuracy: 78.50, data load time: 0.14055, step time: 0.03664
epoch: [17], step: [268/1543], batch loss: 0.18330, batch accuracy: 81.93, data load time: 0.05742, step time: 0.03476
epoch: [17], step: [368/1543], batch loss: 0.17273, batch accuracy: 85.48, data load time: 0.22196, step time: 0.03692
epoch: [17], step: [468/1543], batch loss: 0.17118, batch accuracy: 87.65, data load time: 0.18201, step time: 0.03266
epoch: [17], step: [568/1543], batch loss: 0.18009, batch accuracy: 83.24, data load time: 0.13035, step time: 0.03673
epoch: [17], step: [668/1543], batch loss: 0.20269, batch accuracy: 75.89, data load time: 0.16379, step time: 0.03418
epoch: [17], step: [768/1543], batch loss: 0.15301, batch accuracy: 85.82, data load time: 0.14746, step time: 0.03353
epoch: [17], step: [868/1543], batch loss: 0.13469, batch accuracy: 84.56, data load time: 0.14348, step time: 0.03263
epoch: [17], step: [968/1543], batch loss: 0.17599, batch accuracy: 75.21, data load time: 0.19425, step time: 0.03332
epoch: [17], step: [1068/1543], batch loss: 0.20241, batch accuracy: 80.70, data load time: 0.17112, step time: 0.03607
epoch: [17], step: [1168/1543], batch loss: 0.19352, batch accuracy: 81.34, data load time: 0.10540, step time: 0.03481
epoch: [17], step: [1268/1543], batch loss: 0.22977, batch accuracy: 69.88, data load time: 0.12951, step time: 0.03558
epoch: [17], step: [1368/1543], batch loss: 0.13716, batch accuracy: 85.91, data load time: 0.17922, step time: 0.03268
epoch: [17], step: [1468/1543], batch loss: 0.17422, batch accuracy: 82.04, data load time: 0.19992, step time: 0.03561
epoch: [18], step: [25/1543], batch loss: 0.15365, batch accuracy: 80.00, data load time: 0.12039, step time: 0.03238
epoch: [18], step: [125/1543], batch loss: 0.17180, batch accuracy: 88.89, data load time: 0.12008, step time: 0.03696
epoch: [18], step: [225/1543], batch loss: 0.15994, batch accuracy: 81.10, data load time: 0.05847, step time: 0.03343
epoch: [18], step: [325/1543], batch loss: 0.23457, batch accuracy: 78.72, data load time: 0.14348, step time: 0.03849
epoch: [18], step: [425/1543], batch loss: 0.21386, batch accuracy: 71.16, data load time: 0.13671, step time: 0.04302
epoch: [18], step: [525/1543], batch loss: 0.23447, batch accuracy: 80.45, data load time: 0.12589, step time: 0.03929
epoch: [18], step: [625/1543], batch loss: 0.18345, batch accuracy: 88.19, data load time: 0.11759, step time: 0.04457
epoch: [18], step: [725/1543], batch loss: 0.14234, batch accuracy: 87.00, data load time: 0.16503, step time: 0.03205
epoch: [18], step: [825/1543], batch loss: 0.14395, batch accuracy: 85.03, data load time: 0.09998, step time: 0.03266
epoch: [18], step: [925/1543], batch loss: 0.16615, batch accuracy: 80.28, data load time: 0.14329, step time: 0.03939
epoch: [18], step: [1025/1543], batch loss: 0.16894, batch accuracy: 83.07, data load time: 0.12344, step time: 0.03407
epoch: [18], step: [1125/1543], batch loss: 0.22074, batch accuracy: 79.70, data load time: 0.08462, step time: 0.03639
epoch: [18], step: [1225/1543], batch loss: 0.15725, batch accuracy: 88.79, data load time: 0.16800, step time: 0.03329
epoch: [18], step: [1325/1543], batch loss: 0.17962, batch accuracy: 86.54, data load time: 0.12878, step time: 0.03552
epoch: [18], step: [1425/1543], batch loss: 0.14897, batch accuracy: 84.34, data load time: 0.14952, step time: 0.03274
epoch: [18], step: [1525/1543], batch loss: 0.19144, batch accuracy: 78.66, data load time: 0.23382, step time: 0.03790
epoch: [19], step: [82/1543], batch loss: 0.19031, batch accuracy: 91.16, data load time: 0.09727, step time: 0.03850
epoch: [19], step: [182/1543], batch loss: 0.15328, batch accuracy: 78.94, data load time: 0.10551, step time: 0.03224
epoch: [19], step: [282/1543], batch loss: 0.16006, batch accuracy: 86.50, data load time: 0.09083, step time: 0.03555
epoch: [19], step: [382/1543], batch loss: 0.14048, batch accuracy: 90.97, data load time: 0.07796, step time: 0.03393
epoch: [19], step: [482/1543], batch loss: 0.18854, batch accuracy: 79.23, data load time: 0.10970, step time: 0.03257
epoch: [19], step: [582/1543], batch loss: 0.19313, batch accuracy: 82.26, data load time: 0.05637, step time: 0.03635
epoch: [19], step: [682/1543], batch loss: 0.18614, batch accuracy: 83.72, data load time: 0.08114, step time: 0.03917
epoch: [19], step: [782/1543], batch loss: 0.15695, batch accuracy: 84.53, data load time: 0.13378, step time: 0.03423
epoch: [19], step: [882/1543], batch loss: 0.19559, batch accuracy: 82.65, data load time: 0.08042, step time: 0.03547
epoch: [19], step: [982/1543], batch loss: 0.17666, batch accuracy: 90.67, data load time: 0.15278, step time: 0.03778
epoch: [19], step: [1082/1543], batch loss: 0.17700, batch accuracy: 87.61, data load time: 0.12565, step time: 0.04252
epoch: [19], step: [1182/1543], batch loss: 0.16039, batch accuracy: 82.39, data load time: 0.13589, step time: 0.03579
epoch: [19], step: [1282/1543], batch loss: 0.18120, batch accuracy: 65.89, data load time: 0.19903, step time: 0.02982
epoch: [19], step: [1382/1543], batch loss: 0.15114, batch accuracy: 82.50, data load time: 0.11155, step time: 0.03335
epoch: [19], step: [1482/1543], batch loss: 0.16730, batch accuracy: 88.05, data load time: 0.14422, step time: 0.03412
EVALUATION METRICS:
-------------------------------------------------------------

Validation: AUC Score: 0.8147

-------------------------------------------------------------
validation loss: 0.16789, accuracy: 81.47
epoch: [20], step: [39/1543], batch loss: 0.19722, batch accuracy: 85.26, data load time: 0.00137, step time: 0.04060
epoch: [20], step: [139/1543], batch loss: 0.19516, batch accuracy: 73.62, data load time: 0.13260, step time: 0.03550
epoch: [20], step: [239/1543], batch loss: 0.11993, batch accuracy: 93.03, data load time: 0.11734, step time: 0.03348
epoch: [20], step: [339/1543], batch loss: 0.18465, batch accuracy: 73.61, data load time: 0.11577, step time: 0.03253
epoch: [20], step: [439/1543], batch loss: 0.18539, batch accuracy: 78.41, data load time: 0.16371, step time: 0.03694
epoch: [20], step: [539/1543], batch loss: 0.21436, batch accuracy: 78.75, data load time: 0.20035, step time: 0.03609
epoch: [20], step: [639/1543], batch loss: 0.15315, batch accuracy: 80.69, data load time: 0.15460, step time: 0.03465
epoch: [20], step: [739/1543], batch loss: 0.16329, batch accuracy: 86.35, data load time: 0.11638, step time: 0.03344
epoch: [20], step: [839/1543], batch loss: 0.17773, batch accuracy: 79.49, data load time: 0.19173, step time: 0.03735
epoch: [20], step: [939/1543], batch loss: 0.18190, batch accuracy: 89.24, data load time: 0.17802, step time: 0.03408
epoch: [20], step: [1039/1543], batch loss: 0.18497, batch accuracy: 79.35, data load time: 0.15444, step time: 0.03616
epoch: [20], step: [1139/1543], batch loss: 0.16113, batch accuracy: 88.11, data load time: 0.11809, step time: 0.03350
epoch: [20], step: [1239/1543], batch loss: 0.14000, batch accuracy: 85.96, data load time: 0.16583, step time: 0.03047
epoch: [20], step: [1339/1543], batch loss: 0.13915, batch accuracy: 81.08, data load time: 0.18191, step time: 0.03035
epoch: [20], step: [1439/1543], batch loss: 0.13165, batch accuracy: 85.68, data load time: 0.15894, step time: 0.03194
epoch: [20], step: [1539/1543], batch loss: 0.16482, batch accuracy: 88.78, data load time: 0.11194, step time: 0.03464
epoch: [21], step: [96/1543], batch loss: 0.19580, batch accuracy: 77.14, data load time: 0.08291, step time: 0.03553
epoch: [21], step: [196/1543], batch loss: 0.17930, batch accuracy: 87.22, data load time: 0.10782, step time: 0.04008
epoch: [21], step: [296/1543], batch loss: 0.17644, batch accuracy: 88.24, data load time: 0.20968, step time: 0.03700
epoch: [21], step: [396/1543], batch loss: 0.16898, batch accuracy: 88.88, data load time: 0.19323, step time: 0.03693
epoch: [21], step: [496/1543], batch loss: 0.16738, batch accuracy: 81.09, data load time: 0.15055, step time: 0.03486
epoch: [21], step: [596/1543], batch loss: 0.17126, batch accuracy: 84.51, data load time: 0.15342, step time: 0.03340
epoch: [21], step: [696/1543], batch loss: 0.19622, batch accuracy: 84.73, data load time: 0.17773, step time: 0.03879
epoch: [21], step: [796/1543], batch loss: 0.20830, batch accuracy: 84.18, data load time: 0.14821, step time: 0.03849
epoch: [21], step: [896/1543], batch loss: 0.18568, batch accuracy: 86.22, data load time: 0.16677, step time: 0.03771
epoch: [21], step: [996/1543], batch loss: 0.15313, batch accuracy: 91.81, data load time: 0.22361, step time: 0.03335
epoch: [21], step: [1096/1543], batch loss: 0.20035, batch accuracy: 74.31, data load time: 0.16357, step time: 0.03537
epoch: [21], step: [1196/1543], batch loss: 0.14930, batch accuracy: 82.06, data load time: 0.09223, step time: 0.03122
epoch: [21], step: [1296/1543], batch loss: 0.17657, batch accuracy: 84.86, data load time: 0.17267, step time: 0.03561
epoch: [21], step: [1396/1543], batch loss: 0.18131, batch accuracy: 86.21, data load time: 0.11657, step time: 0.03694
epoch: [21], step: [1496/1543], batch loss: 0.13611, batch accuracy: 85.90, data load time: 0.10682, step time: 0.03201
epoch: [22], step: [53/1543], batch loss: 0.22620, batch accuracy: 81.98, data load time: 0.07568, step time: 0.03769
epoch: [22], step: [153/1543], batch loss: 0.17877, batch accuracy: 83.18, data load time: 0.15275, step time: 0.03615
epoch: [22], step: [253/1543], batch loss: 0.19220, batch accuracy: 76.36, data load time: 0.12350, step time: 0.03490
epoch: [22], step: [353/1543], batch loss: 0.17716, batch accuracy: 80.01, data load time: 0.14698, step time: 0.03345
epoch: [22], step: [453/1543], batch loss: 0.17399, batch accuracy: 92.18, data load time: 0.14861, step time: 0.03571
epoch: [22], step: [553/1543], batch loss: 0.23305, batch accuracy: 84.61, data load time: 0.16596, step time: 0.03777
epoch: [22], step: [653/1543], batch loss: 0.22629, batch accuracy: 74.94, data load time: 0.08098, step time: 0.03554
epoch: [22], step: [753/1543], batch loss: 0.16068, batch accuracy: 89.07, data load time: 0.22458, step time: 0.03811
epoch: [22], step: [853/1543], batch loss: 0.20800, batch accuracy: 79.70, data load time: 0.18816, step time: 0.04189
epoch: [22], step: [953/1543], batch loss: 0.15623, batch accuracy: 87.09, data load time: 0.15726, step time: 0.03425
epoch: [22], step: [1053/1543], batch loss: 0.18830, batch accuracy: 79.89, data load time: 0.09637, step time: 0.03628
epoch: [22], step: [1153/1543], batch loss: 0.15060, batch accuracy: 78.96, data load time: 0.12827, step time: 0.03625
epoch: [22], step: [1253/1543], batch loss: 0.13377, batch accuracy: 86.11, data load time: 0.16271, step time: 0.03057
epoch: [22], step: [1353/1543], batch loss: 0.18440, batch accuracy: 88.96, data load time: 0.13774, step time: 0.03860
epoch: [22], step: [1453/1543], batch loss: 0.18503, batch accuracy: 88.12, data load time: 0.15437, step time: 0.03937
epoch: [23], step: [10/1543], batch loss: 0.15478, batch accuracy: 84.79, data load time: 0.10300, step time: 0.03352
epoch: [23], step: [110/1543], batch loss: 0.21283, batch accuracy: 86.89, data load time: 0.10741, step time: 0.03899
epoch: [23], step: [210/1543], batch loss: 0.16699, batch accuracy: 82.61, data load time: 0.12953, step time: 0.03506
epoch: [23], step: [310/1543], batch loss: 0.13796, batch accuracy: 86.67, data load time: 0.11945, step time: 0.03472
epoch: [23], step: [410/1543], batch loss: 0.16984, batch accuracy: 78.00, data load time: 0.11169, step time: 0.03497
epoch: [23], step: [510/1543], batch loss: 0.13269, batch accuracy: 86.90, data load time: 0.17659, step time: 0.03201
epoch: [23], step: [610/1543], batch loss: 0.16728, batch accuracy: 83.29, data load time: 0.11918, step time: 0.03341
epoch: [23], step: [710/1543], batch loss: 0.19790, batch accuracy: 82.13, data load time: 0.18182, step time: 0.03709
epoch: [23], step: [810/1543], batch loss: 0.19993, batch accuracy: 82.75, data load time: 0.11370, step time: 0.04035
epoch: [23], step: [910/1543], batch loss: 0.18361, batch accuracy: 89.50, data load time: 0.12705, step time: 0.03256
epoch: [23], step: [1010/1543], batch loss: 0.14785, batch accuracy: 84.48, data load time: 0.13170, step time: 0.03248
epoch: [23], step: [1110/1543], batch loss: 0.13837, batch accuracy: 87.31, data load time: 0.10116, step time: 0.03349
epoch: [23], step: [1210/1543], batch loss: 0.17158, batch accuracy: 86.84, data load time: 0.16508, step time: 0.03407
epoch: [23], step: [1310/1543], batch loss: 0.18681, batch accuracy: 89.29, data load time: 0.19255, step time: 0.03408
epoch: [23], step: [1410/1543], batch loss: 0.20732, batch accuracy: 82.32, data load time: 0.11291, step time: 0.03999
epoch: [23], step: [1510/1543], batch loss: 0.18140, batch accuracy: 81.54, data load time: 0.16443, step time: 0.03558
epoch: [24], step: [67/1543], batch loss: 0.19144, batch accuracy: 79.00, data load time: 0.13246, step time: 0.03427
epoch: [24], step: [167/1543], batch loss: 0.13430, batch accuracy: 87.06, data load time: 0.10137, step time: 0.04163
epoch: [24], step: [267/1543], batch loss: 0.20439, batch accuracy: 78.47, data load time: 0.05536, step time: 0.03860
epoch: [24], step: [367/1543], batch loss: 0.15558, batch accuracy: 91.86, data load time: 0.12256, step time: 0.03790
epoch: [24], step: [467/1543], batch loss: 0.20769, batch accuracy: 84.16, data load time: 0.10957, step time: 0.04068
epoch: [24], step: [567/1543], batch loss: 0.18283, batch accuracy: 87.40, data load time: 0.12473, step time: 0.03810
epoch: [24], step: [667/1543], batch loss: 0.16458, batch accuracy: 84.30, data load time: 0.08076, step time: 0.03650
epoch: [24], step: [767/1543], batch loss: 0.17063, batch accuracy: 78.66, data load time: 0.11736, step time: 0.03714
epoch: [24], step: [867/1543], batch loss: 0.17974, batch accuracy: 81.92, data load time: 0.20215, step time: 0.03966
epoch: [24], step: [967/1543], batch loss: 0.23421, batch accuracy: 86.36, data load time: 0.16299, step time: 0.04077
epoch: [24], step: [1067/1543], batch loss: 0.16700, batch accuracy: 80.30, data load time: 0.12108, step time: 0.03488
epoch: [24], step: [1167/1543], batch loss: 0.15910, batch accuracy: 82.59, data load time: 0.10771, step time: 0.03494
epoch: [24], step: [1267/1543], batch loss: 0.15296, batch accuracy: 79.40, data load time: 0.11528, step time: 0.03587
epoch: [24], step: [1367/1543], batch loss: 0.19348, batch accuracy: 91.81, data load time: 0.19620, step time: 0.03934
epoch: [24], step: [1467/1543], batch loss: 0.17666, batch accuracy: 72.03, data load time: 0.14176, step time: 0.03341
EVALUATION METRICS:
-------------------------------------------------------------

Validation: AUC Score: 0.8120

-------------------------------------------------------------
validation loss: 0.16976, accuracy: 81.20
EVALUATION METRICS:
-------------------------------------------------------------

Test: AUC Score: 0.8074

-------------------------------------------------------------
validation loss: 0.50315, accuracy: 80.74
