Loading data from trainSpec_dataset
Loading data from valSpec_dataset
Loading data from testSpec_dataset
Writing logs to logs/CNN_sgd_momentum=0.5_learning_rate=0.5_conv_length=256_conv_stride=256_batch_size=10_epochs=20_weight_decay=1e-05_model=ChunkResCNN1_op=sgd_dropout=0.5_run_0
epoch: [0], step: [99/1543], batch loss: 0.24399, batch accuracy: 55.82, data load time: 0.26472, step time: 0.09935
epoch: [0], step: [199/1543], batch loss: 0.30482, batch accuracy: 65.88, data load time: 0.13024, step time: 0.10401
epoch: [0], step: [299/1543], batch loss: 0.19790, batch accuracy: 62.34, data load time: 0.17064, step time: 0.09741
epoch: [0], step: [399/1543], batch loss: 0.20587, batch accuracy: 71.68, data load time: 0.22288, step time: 0.09725
epoch: [0], step: [499/1543], batch loss: 0.21600, batch accuracy: 72.63, data load time: 0.16317, step time: 0.09809
epoch: [0], step: [599/1543], batch loss: 0.19153, batch accuracy: 60.11, data load time: 0.21730, step time: 0.09525
epoch: [0], step: [699/1543], batch loss: 0.21690, batch accuracy: 62.95, data load time: 0.19495, step time: 0.10009
epoch: [0], step: [799/1543], batch loss: 0.19291, batch accuracy: 72.52, data load time: 0.22462, step time: 0.09599
epoch: [0], step: [899/1543], batch loss: 0.22033, batch accuracy: 74.63, data load time: 0.18730, step time: 0.10016
epoch: [0], step: [999/1543], batch loss: 0.18789, batch accuracy: 73.87, data load time: 0.16180, step time: 0.09722
epoch: [0], step: [1099/1543], batch loss: 0.23901, batch accuracy: 71.29, data load time: 0.17889, step time: 0.09869
epoch: [0], step: [1199/1543], batch loss: 0.19268, batch accuracy: 73.31, data load time: 0.18537, step time: 0.09997
epoch: [0], step: [1299/1543], batch loss: 0.18798, batch accuracy: 80.54, data load time: 0.20462, step time: 0.09802
epoch: [0], step: [1399/1543], batch loss: 0.19213, batch accuracy: 74.63, data load time: 0.16717, step time: 0.10006
epoch: [0], step: [1499/1543], batch loss: 0.19538, batch accuracy: 75.21, data load time: 0.23208, step time: 0.10160
EVALUATION METRICS:
-------------------------------------------------------------

Validation AUC Score: 0.7934

-------------------------------------------------------------
validation loss: 0.18408, accuracy: 79.34
epoch: [1], step: [56/1543], batch loss: 0.22516, batch accuracy: 69.40, data load time: 0.08322, step time: 0.09946
epoch: [1], step: [156/1543], batch loss: 0.16990, batch accuracy: 74.16, data load time: 0.06701, step time: 0.09601
epoch: [1], step: [256/1543], batch loss: 0.23330, batch accuracy: 77.96, data load time: 0.14747, step time: 0.10349
epoch: [1], step: [356/1543], batch loss: 0.15765, batch accuracy: 83.62, data load time: 0.12046, step time: 0.09614
epoch: [1], step: [456/1543], batch loss: 0.22884, batch accuracy: 74.46, data load time: 0.11505, step time: 0.10576
epoch: [1], step: [556/1543], batch loss: 0.14728, batch accuracy: 83.41, data load time: 0.11239, step time: 0.09616
epoch: [1], step: [656/1543], batch loss: 0.15552, batch accuracy: 87.66, data load time: 0.14275, step time: 0.09963
epoch: [1], step: [756/1543], batch loss: 0.14856, batch accuracy: 85.58, data load time: 0.15289, step time: 0.09832
epoch: [1], step: [856/1543], batch loss: 0.19238, batch accuracy: 71.81, data load time: 0.16998, step time: 0.09787
epoch: [1], step: [956/1543], batch loss: 0.13633, batch accuracy: 86.88, data load time: 0.13600, step time: 0.09593
epoch: [1], step: [1056/1543], batch loss: 0.14905, batch accuracy: 80.27, data load time: 0.12171, step time: 0.09656
epoch: [1], step: [1156/1543], batch loss: 0.16313, batch accuracy: 87.36, data load time: 0.23854, step time: 0.10165
epoch: [1], step: [1256/1543], batch loss: 0.18027, batch accuracy: 79.95, data load time: 0.21326, step time: 0.09818
epoch: [1], step: [1356/1543], batch loss: 0.15714, batch accuracy: 83.29, data load time: 0.15356, step time: 0.09385
epoch: [1], step: [1456/1543], batch loss: 0.17727, batch accuracy: 82.23, data load time: 0.18100, step time: 0.10145
EVALUATION METRICS:
-------------------------------------------------------------

Validation AUC Score: 0.8201

-------------------------------------------------------------
validation loss: 0.18465, accuracy: 82.01
epoch: [2], step: [13/1543], batch loss: 0.16696, batch accuracy: 82.47, data load time: 0.10086, step time: 0.09806
epoch: [2], step: [113/1543], batch loss: 0.15303, batch accuracy: 84.49, data load time: 0.15710, step time: 0.09992
epoch: [2], step: [213/1543], batch loss: 0.17314, batch accuracy: 80.86, data load time: 0.08751, step time: 0.10073
epoch: [2], step: [313/1543], batch loss: 0.14651, batch accuracy: 91.10, data load time: 0.12454, step time: 0.09954
epoch: [2], step: [413/1543], batch loss: 0.20238, batch accuracy: 83.73, data load time: 0.07387, step time: 0.10286
epoch: [2], step: [513/1543], batch loss: 0.14690, batch accuracy: 85.06, data load time: 0.13404, step time: 0.09731
epoch: [2], step: [613/1543], batch loss: 0.16980, batch accuracy: 89.42, data load time: 0.11791, step time: 0.10585
epoch: [2], step: [713/1543], batch loss: 0.16934, batch accuracy: 91.96, data load time: 0.10269, step time: 0.10496
epoch: [2], step: [813/1543], batch loss: 0.16613, batch accuracy: 92.69, data load time: 0.18230, step time: 0.10149
epoch: [2], step: [913/1543], batch loss: 0.20495, batch accuracy: 81.86, data load time: 0.14269, step time: 0.10013
epoch: [2], step: [1013/1543], batch loss: 0.10841, batch accuracy: 93.49, data load time: 0.14206, step time: 0.09447
epoch: [2], step: [1113/1543], batch loss: 0.14156, batch accuracy: 91.05, data load time: 0.11691, step time: 0.09678
epoch: [2], step: [1213/1543], batch loss: 0.21005, batch accuracy: 82.71, data load time: 0.18049, step time: 0.10138
epoch: [2], step: [1313/1543], batch loss: 0.16731, batch accuracy: 86.13, data load time: 0.17421, step time: 0.09872
epoch: [2], step: [1413/1543], batch loss: 0.15878, batch accuracy: 92.58, data load time: 0.12633, step time: 0.10218
epoch: [2], step: [1513/1543], batch loss: 0.25960, batch accuracy: 75.09, data load time: 0.16552, step time: 0.10199
EVALUATION METRICS:
-------------------------------------------------------------

Validation AUC Score: 0.8358

-------------------------------------------------------------
validation loss: 0.16186, accuracy: 83.58
epoch: [3], step: [70/1543], batch loss: 0.21765, batch accuracy: 75.06, data load time: 0.03621, step time: 0.10174
epoch: [3], step: [170/1543], batch loss: 0.17283, batch accuracy: 83.96, data load time: 0.08183, step time: 0.10141
epoch: [3], step: [270/1543], batch loss: 0.18021, batch accuracy: 82.65, data load time: 0.08233, step time: 0.10008
epoch: [3], step: [370/1543], batch loss: 0.13871, batch accuracy: 89.02, data load time: 0.06166, step time: 0.09890
epoch: [3], step: [470/1543], batch loss: 0.18902, batch accuracy: 88.53, data load time: 0.08594, step time: 0.10130
epoch: [3], step: [570/1543], batch loss: 0.14461, batch accuracy: 86.84, data load time: 0.04181, step time: 0.09825
epoch: [3], step: [670/1543], batch loss: 0.17574, batch accuracy: 88.80, data load time: 0.06042, step time: 0.09648
epoch: [3], step: [770/1543], batch loss: 0.14060, batch accuracy: 86.65, data load time: 0.17341, step time: 0.09573
epoch: [3], step: [870/1543], batch loss: 0.13801, batch accuracy: 93.36, data load time: 0.11250, step time: 0.10000
epoch: [3], step: [970/1543], batch loss: 0.13039, batch accuracy: 92.55, data load time: 0.12238, step time: 0.09442
epoch: [3], step: [1070/1543], batch loss: 0.20047, batch accuracy: 83.77, data load time: 0.10081, step time: 0.09882
epoch: [3], step: [1170/1543], batch loss: 0.11556, batch accuracy: 89.89, data load time: 0.13695, step time: 0.09668
epoch: [3], step: [1270/1543], batch loss: 0.14955, batch accuracy: 85.57, data load time: 0.19032, step time: 0.09929
epoch: [3], step: [1370/1543], batch loss: 0.14930, batch accuracy: 89.57, data load time: 0.20842, step time: 0.09815
epoch: [3], step: [1470/1543], batch loss: 0.16155, batch accuracy: 80.97, data load time: 0.16075, step time: 0.09663
EVALUATION METRICS:
-------------------------------------------------------------

Validation AUC Score: 0.8632

-------------------------------------------------------------
validation loss: 0.15723, accuracy: 86.32
epoch: [4], step: [27/1543], batch loss: 0.14770, batch accuracy: 88.01, data load time: 0.11724, step time: 0.09882
epoch: [4], step: [127/1543], batch loss: 0.14916, batch accuracy: 82.99, data load time: 0.07876, step time: 0.09944
epoch: [4], step: [227/1543], batch loss: 0.15022, batch accuracy: 91.95, data load time: 0.13713, step time: 0.10297
epoch: [4], step: [327/1543], batch loss: 0.15001, batch accuracy: 84.38, data load time: 0.03552, step time: 0.09886
epoch: [4], step: [427/1543], batch loss: 0.16922, batch accuracy: 86.73, data load time: 0.12593, step time: 0.10078
epoch: [4], step: [527/1543], batch loss: 0.13797, batch accuracy: 89.86, data load time: 0.15030, step time: 0.09942
epoch: [4], step: [627/1543], batch loss: 0.13744, batch accuracy: 90.72, data load time: 0.09518, step time: 0.09793
epoch: [4], step: [727/1543], batch loss: 0.17767, batch accuracy: 90.88, data load time: 0.16099, step time: 0.10288
epoch: [4], step: [827/1543], batch loss: 0.22845, batch accuracy: 86.23, data load time: 0.12325, step time: 0.10411
epoch: [4], step: [927/1543], batch loss: 0.25253, batch accuracy: 72.25, data load time: 0.13833, step time: 0.09736
epoch: [4], step: [1027/1543], batch loss: 0.13116, batch accuracy: 83.92, data load time: 0.13332, step time: 0.09664
epoch: [4], step: [1127/1543], batch loss: 0.14153, batch accuracy: 89.94, data load time: 0.09528, step time: 0.09674
epoch: [4], step: [1227/1543], batch loss: 0.13769, batch accuracy: 93.26, data load time: 0.13579, step time: 0.10091
epoch: [4], step: [1327/1543], batch loss: 0.14408, batch accuracy: 84.90, data load time: 0.18566, step time: 0.09801
epoch: [4], step: [1427/1543], batch loss: 0.17312, batch accuracy: 88.29, data load time: 0.11601, step time: 0.10230
epoch: [4], step: [1527/1543], batch loss: 0.10805, batch accuracy: 96.93, data load time: 0.22963, step time: 0.09762
Epoch 00005: reducing learning rate of group 0 to 2.5000e-02.
EVALUATION METRICS:
-------------------------------------------------------------

Validation AUC Score: 0.8698

-------------------------------------------------------------
validation loss: 0.14880, accuracy: 86.98
epoch: [5], step: [84/1543], batch loss: 0.13373, batch accuracy: 89.71, data load time: 0.07983, step time: 0.10060
epoch: [5], step: [184/1543], batch loss: 0.15730, batch accuracy: 92.52, data load time: 0.08056, step time: 0.10020
epoch: [5], step: [284/1543], batch loss: 0.13567, batch accuracy: 90.04, data load time: 0.01918, step time: 0.09724
epoch: [5], step: [384/1543], batch loss: 0.12505, batch accuracy: 90.29, data load time: 0.13126, step time: 0.09994
epoch: [5], step: [484/1543], batch loss: 0.17240, batch accuracy: 89.86, data load time: 0.10740, step time: 0.10016
epoch: [5], step: [584/1543], batch loss: 0.14305, batch accuracy: 93.25, data load time: 0.10757, step time: 0.10146
epoch: [5], step: [684/1543], batch loss: 0.16270, batch accuracy: 84.88, data load time: 0.13860, step time: 0.09721
epoch: [5], step: [784/1543], batch loss: 0.10344, batch accuracy: 97.55, data load time: 0.12093, step time: 0.09514
epoch: [5], step: [884/1543], batch loss: 0.19146, batch accuracy: 87.05, data load time: 0.12583, step time: 0.10130
epoch: [5], step: [984/1543], batch loss: 0.20149, batch accuracy: 85.31, data load time: 0.20272, step time: 0.10147
epoch: [5], step: [1084/1543], batch loss: 0.12880, batch accuracy: 97.51, data load time: 0.17949, step time: 0.10005
epoch: [5], step: [1184/1543], batch loss: 0.13043, batch accuracy: 88.76, data load time: 0.15087, step time: 0.09804
epoch: [5], step: [1284/1543], batch loss: 0.14750, batch accuracy: 74.26, data load time: 0.18048, step time: 0.09553
epoch: [5], step: [1384/1543], batch loss: 0.16323, batch accuracy: 91.76, data load time: 0.17997, step time: 0.10085
epoch: [5], step: [1484/1543], batch loss: 0.16170, batch accuracy: 86.49, data load time: 0.15455, step time: 0.10000
EVALUATION METRICS:
-------------------------------------------------------------

Validation AUC Score: 0.8784

-------------------------------------------------------------
validation loss: 0.13745, accuracy: 87.84
epoch: [6], step: [41/1543], batch loss: 0.14829, batch accuracy: 88.55, data load time: 0.12086, step time: 0.10167
epoch: [6], step: [141/1543], batch loss: 0.10803, batch accuracy: 95.00, data load time: 0.04013, step time: 0.09717
epoch: [6], step: [241/1543], batch loss: 0.16675, batch accuracy: 84.27, data load time: 0.06314, step time: 0.09743
epoch: [6], step: [341/1543], batch loss: 0.12279, batch accuracy: 91.98, data load time: 0.13793, step time: 0.09825
epoch: [6], step: [441/1543], batch loss: 0.12652, batch accuracy: 94.60, data load time: 0.14905, step time: 0.10038
epoch: [6], step: [541/1543], batch loss: 0.16285, batch accuracy: 93.25, data load time: 0.01916, step time: 0.10224
epoch: [6], step: [641/1543], batch loss: 0.12739, batch accuracy: 93.19, data load time: 0.09904, step time: 0.09952
epoch: [6], step: [741/1543], batch loss: 0.09931, batch accuracy: 91.04, data load time: 0.08800, step time: 0.09875
epoch: [6], step: [841/1543], batch loss: 0.11946, batch accuracy: 95.61, data load time: 0.19504, step time: 0.09958
epoch: [6], step: [941/1543], batch loss: 0.13760, batch accuracy: 89.26, data load time: 0.14030, step time: 0.09822
epoch: [6], step: [1041/1543], batch loss: 0.12614, batch accuracy: 90.89, data load time: 0.11322, step time: 0.09868
epoch: [6], step: [1141/1543], batch loss: 0.16819, batch accuracy: 86.46, data load time: 0.16565, step time: 0.10355
epoch: [6], step: [1241/1543], batch loss: 0.17355, batch accuracy: 90.90, data load time: 0.11510, step time: 0.10165
epoch: [6], step: [1341/1543], batch loss: 0.20645, batch accuracy: 87.90, data load time: 0.16748, step time: 0.10290
epoch: [6], step: [1441/1543], batch loss: 0.16678, batch accuracy: 87.75, data load time: 0.19934, step time: 0.09521
epoch: [6], step: [1541/1543], batch loss: 0.18096, batch accuracy: 87.78, data load time: 0.16108, step time: 0.10029
EVALUATION METRICS:
-------------------------------------------------------------

Validation AUC Score: 0.8791

-------------------------------------------------------------
validation loss: 0.13779, accuracy: 87.91
epoch: [7], step: [98/1543], batch loss: 0.14063, batch accuracy: 90.15, data load time: 0.03476, step time: 0.09652
epoch: [7], step: [198/1543], batch loss: 0.11182, batch accuracy: 92.44, data load time: 0.12490, step time: 0.10089
epoch: [7], step: [298/1543], batch loss: 0.13672, batch accuracy: 92.11, data load time: 0.13993, step time: 0.09785
epoch: [7], step: [398/1543], batch loss: 0.14086, batch accuracy: 87.27, data load time: 0.08643, step time: 0.09928
epoch: [7], step: [498/1543], batch loss: 0.18108, batch accuracy: 85.32, data load time: 0.07354, step time: 0.09948
epoch: [7], step: [598/1543], batch loss: 0.13614, batch accuracy: 92.23, data load time: 0.04242, step time: 0.09948
epoch: [7], step: [698/1543], batch loss: 0.14264, batch accuracy: 93.01, data load time: 0.10312, step time: 0.10194
epoch: [7], step: [798/1543], batch loss: 0.13765, batch accuracy: 84.85, data load time: 0.15355, step time: 0.09670
epoch: [7], step: [898/1543], batch loss: 0.19718, batch accuracy: 88.89, data load time: 0.07708, step time: 0.10628
epoch: [7], step: [998/1543], batch loss: 0.12097, batch accuracy: 91.01, data load time: 0.14078, step time: 0.09652
epoch: [7], step: [1098/1543], batch loss: 0.17605, batch accuracy: 84.72, data load time: 0.14759, step time: 0.10003
epoch: [7], step: [1198/1543], batch loss: 0.14228, batch accuracy: 87.68, data load time: 0.19134, step time: 0.10082
epoch: [7], step: [1298/1543], batch loss: 0.11990, batch accuracy: 93.76, data load time: 0.14996, step time: 0.09810
epoch: [7], step: [1398/1543], batch loss: 0.12955, batch accuracy: 90.53, data load time: 0.18565, step time: 0.09827
epoch: [7], step: [1498/1543], batch loss: 0.12661, batch accuracy: 93.29, data load time: 0.16405, step time: 0.09717
EVALUATION METRICS:
-------------------------------------------------------------

Validation AUC Score: 0.8800

-------------------------------------------------------------
validation loss: 0.13668, accuracy: 88.00
epoch: [8], step: [55/1543], batch loss: 0.14590, batch accuracy: 85.70, data load time: 0.08379, step time: 0.10330
epoch: [8], step: [155/1543], batch loss: 0.15103, batch accuracy: 88.72, data load time: 0.00294, step time: 0.10316
epoch: [8], step: [255/1543], batch loss: 0.12113, batch accuracy: 87.90, data load time: 0.14795, step time: 0.10012
epoch: [8], step: [355/1543], batch loss: 0.13594, batch accuracy: 91.64, data load time: 0.13283, step time: 0.09827
epoch: [8], step: [455/1543], batch loss: 0.11327, batch accuracy: 89.29, data load time: 0.09524, step time: 0.09810
epoch: [8], step: [555/1543], batch loss: 0.11699, batch accuracy: 93.57, data load time: 0.09686, step time: 0.09975
epoch: [8], step: [655/1543], batch loss: 0.15000, batch accuracy: 92.10, data load time: 0.19401, step time: 0.09937
epoch: [8], step: [755/1543], batch loss: 0.10860, batch accuracy: 91.81, data load time: 0.22020, step time: 0.10164
epoch: [8], step: [855/1543], batch loss: 0.09977, batch accuracy: 91.91, data load time: 0.17897, step time: 0.09386
epoch: [8], step: [955/1543], batch loss: 0.13992, batch accuracy: 90.45, data load time: 0.16343, step time: 0.10030
epoch: [8], step: [1055/1543], batch loss: 0.16807, batch accuracy: 89.19, data load time: 0.11790, step time: 0.10001
epoch: [8], step: [1155/1543], batch loss: 0.12417, batch accuracy: 89.90, data load time: 0.22106, step time: 0.09631
epoch: [8], step: [1255/1543], batch loss: 0.13587, batch accuracy: 89.15, data load time: 0.30212, step time: 0.09600
epoch: [8], step: [1355/1543], batch loss: 0.12972, batch accuracy: 86.84, data load time: 0.19153, step time: 0.09706
epoch: [8], step: [1455/1543], batch loss: 0.11387, batch accuracy: 85.92, data load time: 0.23831, step time: 0.09231
EVALUATION METRICS:
-------------------------------------------------------------

Validation AUC Score: 0.8753

-------------------------------------------------------------
validation loss: 0.14232, accuracy: 87.53
epoch: [9], step: [12/1543], batch loss: 0.11748, batch accuracy: 86.83, data load time: 0.00292, step time: 0.09792
epoch: [9], step: [112/1543], batch loss: 0.15165, batch accuracy: 87.90, data load time: 0.09906, step time: 0.09886
epoch: [9], step: [212/1543], batch loss: 0.13748, batch accuracy: 87.46, data load time: 0.05399, step time: 0.10148
epoch: [9], step: [312/1543], batch loss: 0.08394, batch accuracy: 96.83, data load time: 0.05855, step time: 0.09213
epoch: [9], step: [412/1543], batch loss: 0.20199, batch accuracy: 77.46, data load time: 0.08235, step time: 0.10218
epoch: [9], step: [512/1543], batch loss: 0.10566, batch accuracy: 90.98, data load time: 0.13413, step time: 0.09736
epoch: [9], step: [612/1543], batch loss: 0.11257, batch accuracy: 94.17, data load time: 0.12999, step time: 0.09856
epoch: [9], step: [712/1543], batch loss: 0.08990, batch accuracy: 94.27, data load time: 0.18036, step time: 0.09498
epoch: [9], step: [812/1543], batch loss: 0.16757, batch accuracy: 86.58, data load time: 0.12445, step time: 0.10072
epoch: [9], step: [912/1543], batch loss: 0.17444, batch accuracy: 81.86, data load time: 0.18647, step time: 0.09939
epoch: [9], step: [1012/1543], batch loss: 0.12318, batch accuracy: 91.63, data load time: 0.14480, step time: 0.09781
epoch: [9], step: [1112/1543], batch loss: 0.12663, batch accuracy: 87.66, data load time: 0.15488, step time: 0.09515
epoch: [9], step: [1212/1543], batch loss: 0.13971, batch accuracy: 93.86, data load time: 0.16297, step time: 0.09646
epoch: [9], step: [1312/1543], batch loss: 0.16634, batch accuracy: 79.18, data load time: 0.22522, step time: 0.10021
epoch: [9], step: [1412/1543], batch loss: 0.12994, batch accuracy: 95.08, data load time: 0.17059, step time: 0.09716
epoch: [9], step: [1512/1543], batch loss: 0.12253, batch accuracy: 91.13, data load time: 0.14802, step time: 0.09992
EVALUATION METRICS:
-------------------------------------------------------------

Validation AUC Score: 0.8813

-------------------------------------------------------------
validation loss: 0.13769, accuracy: 88.13
epoch: [10], step: [69/1543], batch loss: 0.13742, batch accuracy: 90.19, data load time: 0.07921, step time: 0.10030
epoch: [10], step: [169/1543], batch loss: 0.16360, batch accuracy: 86.94, data load time: 0.03865, step time: 0.09853
epoch: [10], step: [269/1543], batch loss: 0.13600, batch accuracy: 92.05, data load time: 0.07271, step time: 0.09851
epoch: [10], step: [369/1543], batch loss: 0.13265, batch accuracy: 87.86, data load time: 0.09696, step time: 0.09662
epoch: [10], step: [469/1543], batch loss: 0.16357, batch accuracy: 90.58, data load time: 0.11638, step time: 0.10199
epoch: [10], step: [569/1543], batch loss: 0.14739, batch accuracy: 88.12, data load time: 0.13632, step time: 0.09928
epoch: [10], step: [669/1543], batch loss: 0.14472, batch accuracy: 91.21, data load time: 0.08378, step time: 0.10065
epoch: [10], step: [769/1543], batch loss: 0.16402, batch accuracy: 82.90, data load time: 0.12817, step time: 0.09877
epoch: [10], step: [869/1543], batch loss: 0.18197, batch accuracy: 90.25, data load time: 0.13636, step time: 0.10150
epoch: [10], step: [969/1543], batch loss: 0.14239, batch accuracy: 88.60, data load time: 0.13316, step time: 0.09872
epoch: [10], step: [1069/1543], batch loss: 0.11797, batch accuracy: 90.11, data load time: 0.17735, step time: 0.09608
epoch: [10], step: [1169/1543], batch loss: 0.11467, batch accuracy: 96.38, data load time: 0.13341, step time: 0.10016
epoch: [10], step: [1269/1543], batch loss: 0.15819, batch accuracy: 91.85, data load time: 0.12656, step time: 0.10089
epoch: [10], step: [1369/1543], batch loss: 0.11166, batch accuracy: 91.87, data load time: 0.22248, step time: 0.09240
epoch: [10], step: [1469/1543], batch loss: 0.16797, batch accuracy: 91.70, data load time: 0.14923, step time: 0.10296
Epoch 00011: reducing learning rate of group 0 to 1.2500e-03.
EVALUATION METRICS:
-------------------------------------------------------------

Validation AUC Score: 0.8827

-------------------------------------------------------------
validation loss: 0.13611, accuracy: 88.27
epoch: [11], step: [26/1543], batch loss: 0.11920, batch accuracy: 93.69, data load time: 0.09324, step time: 0.10200
epoch: [11], step: [126/1543], batch loss: 0.13003, batch accuracy: 91.11, data load time: 0.02793, step time: 0.10032
epoch: [11], step: [226/1543], batch loss: 0.15814, batch accuracy: 91.11, data load time: 0.08750, step time: 0.10308
epoch: [11], step: [326/1543], batch loss: 0.12410, batch accuracy: 94.14, data load time: 0.11664, step time: 0.09596
epoch: [11], step: [426/1543], batch loss: 0.12144, batch accuracy: 92.57, data load time: 0.09795, step time: 0.10209
epoch: [11], step: [526/1543], batch loss: 0.16222, batch accuracy: 85.12, data load time: 0.12228, step time: 0.09850
epoch: [11], step: [626/1543], batch loss: 0.15942, batch accuracy: 88.20, data load time: 0.15147, step time: 0.09890
epoch: [11], step: [726/1543], batch loss: 0.17203, batch accuracy: 90.73, data load time: 0.12731, step time: 0.10007
epoch: [11], step: [826/1543], batch loss: 0.11578, batch accuracy: 92.97, data load time: 0.13163, step time: 0.09636
epoch: [11], step: [926/1543], batch loss: 0.10936, batch accuracy: 90.05, data load time: 0.16018, step time: 0.09658
epoch: [11], step: [1026/1543], batch loss: 0.14618, batch accuracy: 91.15, data load time: 0.16181, step time: 0.10196
epoch: [11], step: [1126/1543], batch loss: 0.17553, batch accuracy: 89.95, data load time: 0.16393, step time: 0.10004
epoch: [11], step: [1226/1543], batch loss: 0.15530, batch accuracy: 85.75, data load time: 0.15954, step time: 0.09725
epoch: [11], step: [1326/1543], batch loss: 0.14847, batch accuracy: 88.89, data load time: 0.13150, step time: 0.09998
epoch: [11], step: [1426/1543], batch loss: 0.14626, batch accuracy: 90.68, data load time: 0.19152, step time: 0.09925
epoch: [11], step: [1526/1543], batch loss: 0.18163, batch accuracy: 87.26, data load time: 0.21102, step time: 0.10004
EVALUATION METRICS:
-------------------------------------------------------------

Validation AUC Score: 0.8814

-------------------------------------------------------------
validation loss: 0.13672, accuracy: 88.14
epoch: [12], step: [83/1543], batch loss: 0.16731, batch accuracy: 89.90, data load time: 0.04709, step time: 0.10412
epoch: [12], step: [183/1543], batch loss: 0.10801, batch accuracy: 94.21, data load time: 0.11017, step time: 0.10097
epoch: [12], step: [283/1543], batch loss: 0.18247, batch accuracy: 89.61, data load time: 0.10945, step time: 0.10459
epoch: [12], step: [383/1543], batch loss: 0.14462, batch accuracy: 92.38, data load time: 0.05654, step time: 0.10358
epoch: [12], step: [483/1543], batch loss: 0.15965, batch accuracy: 89.21, data load time: 0.10685, step time: 0.10372
epoch: [12], step: [583/1543], batch loss: 0.09738, batch accuracy: 91.76, data load time: 0.12696, step time: 0.09448
epoch: [12], step: [683/1543], batch loss: 0.12160, batch accuracy: 90.50, data load time: 0.07120, step time: 0.09455
epoch: [12], step: [783/1543], batch loss: 0.12108, batch accuracy: 89.70, data load time: 0.10840, step time: 0.09895
epoch: [12], step: [883/1543], batch loss: 0.14431, batch accuracy: 87.29, data load time: 0.11530, step time: 0.09825
epoch: [12], step: [983/1543], batch loss: 0.10793, batch accuracy: 94.56, data load time: 0.17058, step time: 0.10089
epoch: [12], step: [1083/1543], batch loss: 0.16494, batch accuracy: 88.24, data load time: 0.14804, step time: 0.09963
epoch: [12], step: [1183/1543], batch loss: 0.17154, batch accuracy: 92.46, data load time: 0.15343, step time: 0.10218
epoch: [12], step: [1283/1543], batch loss: 0.10671, batch accuracy: 95.03, data load time: 0.14764, step time: 0.09868
epoch: [12], step: [1383/1543], batch loss: 0.13904, batch accuracy: 87.86, data load time: 0.15463, step time: 0.09885
epoch: [12], step: [1483/1543], batch loss: 0.14190, batch accuracy: 92.55, data load time: 0.18994, step time: 0.10025
EVALUATION METRICS:
-------------------------------------------------------------

Validation AUC Score: 0.8809

-------------------------------------------------------------
validation loss: 0.13665, accuracy: 88.09
epoch: [13], step: [40/1543], batch loss: 0.13368, batch accuracy: 88.13, data load time: 0.05787, step time: 0.09741
epoch: [13], step: [140/1543], batch loss: 0.15788, batch accuracy: 89.89, data load time: 0.20830, step time: 0.10295
epoch: [13], step: [240/1543], batch loss: 0.13815, batch accuracy: 93.36, data load time: 0.07698, step time: 0.10231
epoch: [13], step: [340/1543], batch loss: 0.12814, batch accuracy: 86.91, data load time: 0.05141, step time: 0.09721
epoch: [13], step: [440/1543], batch loss: 0.21473, batch accuracy: 87.72, data load time: 0.12607, step time: 0.10007
epoch: [13], step: [540/1543], batch loss: 0.12244, batch accuracy: 95.94, data load time: 0.11835, step time: 0.10198
epoch: [13], step: [640/1543], batch loss: 0.22458, batch accuracy: 83.66, data load time: 0.12294, step time: 0.10339
epoch: [13], step: [740/1543], batch loss: 0.11877, batch accuracy: 91.19, data load time: 0.14703, step time: 0.09813
epoch: [13], step: [840/1543], batch loss: 0.14001, batch accuracy: 90.08, data load time: 0.15115, step time: 0.09993
epoch: [13], step: [940/1543], batch loss: 0.19954, batch accuracy: 83.76, data load time: 0.12108, step time: 0.09662
epoch: [13], step: [1040/1543], batch loss: 0.14562, batch accuracy: 89.67, data load time: 0.13528, step time: 0.09873
epoch: [13], step: [1140/1543], batch loss: 0.12524, batch accuracy: 96.36, data load time: 0.17209, step time: 0.09872
epoch: [13], step: [1240/1543], batch loss: 0.13518, batch accuracy: 91.41, data load time: 0.13600, step time: 0.09648
epoch: [13], step: [1340/1543], batch loss: 0.14064, batch accuracy: 93.06, data load time: 0.15285, step time: 0.10159
epoch: [13], step: [1440/1543], batch loss: 0.11253, batch accuracy: 90.24, data load time: 0.16657, step time: 0.09722
epoch: [13], step: [1540/1543], batch loss: 0.16094, batch accuracy: 90.09, data load time: 0.15647, step time: 0.09792
Epoch 00014: reducing learning rate of group 0 to 6.2500e-05.
EVALUATION METRICS:
-------------------------------------------------------------

Validation AUC Score: 0.8820

-------------------------------------------------------------
validation loss: 0.13721, accuracy: 88.20
epoch: [14], step: [97/1543], batch loss: 0.15840, batch accuracy: 87.40, data load time: 0.06722, step time: 0.09725
epoch: [14], step: [197/1543], batch loss: 0.15491, batch accuracy: 88.39, data load time: 0.07820, step time: 0.09761
epoch: [14], step: [297/1543], batch loss: 0.11101, batch accuracy: 92.58, data load time: 0.07905, step time: 0.09584
epoch: [14], step: [397/1543], batch loss: 0.20442, batch accuracy: 85.80, data load time: 0.08478, step time: 0.10198
epoch: [14], step: [497/1543], batch loss: 0.10833, batch accuracy: 92.88, data load time: 0.12916, step time: 0.09760
epoch: [14], step: [597/1543], batch loss: 0.15415, batch accuracy: 93.61, data load time: 0.08140, step time: 0.10343
epoch: [14], step: [697/1543], batch loss: 0.09881, batch accuracy: 99.14, data load time: 0.09785, step time: 0.10070
epoch: [14], step: [797/1543], batch loss: 0.12575, batch accuracy: 92.39, data load time: 0.17800, step time: 0.09943
epoch: [14], step: [897/1543], batch loss: 0.13708, batch accuracy: 89.51, data load time: 0.11670, step time: 0.09910
epoch: [14], step: [997/1543], batch loss: 0.17675, batch accuracy: 80.94, data load time: 0.16162, step time: 0.09584
epoch: [14], step: [1097/1543], batch loss: 0.17541, batch accuracy: 89.84, data load time: 0.16026, step time: 0.10208
epoch: [14], step: [1197/1543], batch loss: 0.17794, batch accuracy: 83.28, data load time: 0.15332, step time: 0.09789
epoch: [14], step: [1297/1543], batch loss: 0.13177, batch accuracy: 91.01, data load time: 0.13666, step time: 0.09655
epoch: [14], step: [1397/1543], batch loss: 0.17188, batch accuracy: 89.07, data load time: 0.22896, step time: 0.10440
epoch: [14], step: [1497/1543], batch loss: 0.14969, batch accuracy: 90.99, data load time: 0.17423, step time: 0.10079
EVALUATION METRICS:
-------------------------------------------------------------

Validation AUC Score: 0.8775

-------------------------------------------------------------
validation loss: 0.14083, accuracy: 87.75
epoch: [15], step: [54/1543], batch loss: 0.10682, batch accuracy: 94.38, data load time: 0.03425, step time: 0.09531
epoch: [15], step: [154/1543], batch loss: 0.18176, batch accuracy: 85.38, data load time: 0.08325, step time: 0.09898
epoch: [15], step: [254/1543], batch loss: 0.10736, batch accuracy: 92.98, data load time: 0.14187, step time: 0.09593
epoch: [15], step: [354/1543], batch loss: 0.11355, batch accuracy: 94.06, data load time: 0.14463, step time: 0.09658
epoch: [15], step: [454/1543], batch loss: 0.14501, batch accuracy: 91.51, data load time: 0.08700, step time: 0.09854
epoch: [15], step: [554/1543], batch loss: 0.14529, batch accuracy: 89.12, data load time: 0.08385, step time: 0.10081
epoch: [15], step: [654/1543], batch loss: 0.10948, batch accuracy: 97.27, data load time: 0.14342, step time: 0.09873
epoch: [15], step: [754/1543], batch loss: 0.13295, batch accuracy: 93.76, data load time: 0.10405, step time: 0.09885
epoch: [15], step: [854/1543], batch loss: 0.13855, batch accuracy: 87.72, data load time: 0.16069, step time: 0.09784
epoch: [15], step: [954/1543], batch loss: 0.14286, batch accuracy: 93.60, data load time: 0.18540, step time: 0.09803
epoch: [15], step: [1054/1543], batch loss: 0.13332, batch accuracy: 89.61, data load time: 0.17925, step time: 0.09806
epoch: [15], step: [1154/1543], batch loss: 0.14183, batch accuracy: 93.91, data load time: 0.20072, step time: 0.10157
epoch: [15], step: [1254/1543], batch loss: 0.13212, batch accuracy: 90.10, data load time: 0.16944, step time: 0.09522
epoch: [15], step: [1354/1543], batch loss: 0.15596, batch accuracy: 88.31, data load time: 0.15443, step time: 0.10173
epoch: [15], step: [1454/1543], batch loss: 0.14061, batch accuracy: 86.78, data load time: 0.16883, step time: 0.09787
EVALUATION METRICS:
-------------------------------------------------------------

Validation AUC Score: 0.8819

-------------------------------------------------------------
validation loss: 0.13593, accuracy: 88.19
epoch: [16], step: [11/1543], batch loss: 0.10836, batch accuracy: 97.13, data load time: 0.00366, step time: 0.10073
epoch: [16], step: [111/1543], batch loss: 0.11150, batch accuracy: 92.82, data load time: 0.05053, step time: 0.09713
epoch: [16], step: [211/1543], batch loss: 0.12573, batch accuracy: 88.06, data load time: 0.10803, step time: 0.09792
epoch: [16], step: [311/1543], batch loss: 0.16342, batch accuracy: 84.56, data load time: 0.13291, step time: 0.09803
epoch: [16], step: [411/1543], batch loss: 0.13175, batch accuracy: 87.33, data load time: 0.10370, step time: 0.09440
epoch: [16], step: [511/1543], batch loss: 0.12151, batch accuracy: 92.55, data load time: 0.08401, step time: 0.09571
epoch: [16], step: [611/1543], batch loss: 0.11641, batch accuracy: 90.86, data load time: 0.09397, step time: 0.09458
epoch: [16], step: [711/1543], batch loss: 0.11688, batch accuracy: 94.29, data load time: 0.10242, step time: 0.09435
epoch: [16], step: [811/1543], batch loss: 0.14452, batch accuracy: 87.12, data load time: 0.13936, step time: 0.10163
epoch: [16], step: [911/1543], batch loss: 0.15900, batch accuracy: 87.61, data load time: 0.16893, step time: 0.10123
epoch: [16], step: [1011/1543], batch loss: 0.14787, batch accuracy: 85.98, data load time: 0.15503, step time: 0.09877
epoch: [16], step: [1111/1543], batch loss: 0.10205, batch accuracy: 94.73, data load time: 0.16935, step time: 0.09700
epoch: [16], step: [1211/1543], batch loss: 0.13228, batch accuracy: 92.71, data load time: 0.15226, step time: 0.10246
epoch: [16], step: [1311/1543], batch loss: 0.23452, batch accuracy: 77.09, data load time: 0.22831, step time: 0.09648
epoch: [16], step: [1411/1543], batch loss: 0.20389, batch accuracy: 83.40, data load time: 0.16011, step time: 0.10071
epoch: [16], step: [1511/1543], batch loss: 0.14612, batch accuracy: 93.19, data load time: 0.16561, step time: 0.09781
Epoch 00017: reducing learning rate of group 0 to 3.1250e-06.
EVALUATION METRICS:
-------------------------------------------------------------

Validation AUC Score: 0.8810

-------------------------------------------------------------
validation loss: 0.13712, accuracy: 88.10
epoch: [17], step: [68/1543], batch loss: 0.16725, batch accuracy: 88.94, data load time: 0.11847, step time: 0.09927
epoch: [17], step: [168/1543], batch loss: 0.12454, batch accuracy: 90.17, data load time: 0.05467, step time: 0.09922
epoch: [17], step: [268/1543], batch loss: 0.09548, batch accuracy: 91.83, data load time: 0.09531, step time: 0.09237
epoch: [17], step: [368/1543], batch loss: 0.14777, batch accuracy: 90.64, data load time: 0.10626, step time: 0.09860
epoch: [17], step: [468/1543], batch loss: 0.11522, batch accuracy: 90.32, data load time: 0.15487, step time: 0.09309
epoch: [17], step: [568/1543], batch loss: 0.14365, batch accuracy: 91.85, data load time: 0.16875, step time: 0.09663
epoch: [17], step: [668/1543], batch loss: 0.13006, batch accuracy: 91.87, data load time: 0.14898, step time: 0.09768
epoch: [17], step: [768/1543], batch loss: 0.17754, batch accuracy: 88.16, data load time: 0.17087, step time: 0.10013
epoch: [17], step: [868/1543], batch loss: 0.16707, batch accuracy: 94.83, data load time: 0.16410, step time: 0.10310
epoch: [17], step: [968/1543], batch loss: 0.21880, batch accuracy: 85.06, data load time: 0.18548, step time: 0.10184
epoch: [17], step: [1068/1543], batch loss: 0.12523, batch accuracy: 93.53, data load time: 0.14126, step time: 0.09977
epoch: [17], step: [1168/1543], batch loss: 0.19319, batch accuracy: 89.57, data load time: 0.23709, step time: 0.10329
epoch: [17], step: [1268/1543], batch loss: 0.11251, batch accuracy: 95.80, data load time: 0.49926, step time: 0.10004
epoch: [17], step: [1368/1543], batch loss: 0.15195, batch accuracy: 81.82, data load time: 0.39344, step time: 0.09865
epoch: [17], step: [1468/1543], batch loss: 0.13223, batch accuracy: 96.65, data load time: 0.22618, step time: 0.09665
EVALUATION METRICS:
-------------------------------------------------------------

Validation AUC Score: 0.8823

-------------------------------------------------------------
validation loss: 0.13619, accuracy: 88.23
epoch: [18], step: [25/1543], batch loss: 0.11725, batch accuracy: 90.88, data load time: 0.10616, step time: 0.09296
epoch: [18], step: [125/1543], batch loss: 0.13620, batch accuracy: 94.87, data load time: 0.08925, step time: 0.09781
epoch: [18], step: [225/1543], batch loss: 0.11675, batch accuracy: 87.60, data load time: 0.11894, step time: 0.10105
epoch: [18], step: [325/1543], batch loss: 0.17271, batch accuracy: 92.93, data load time: 0.12503, step time: 0.10347
epoch: [18], step: [425/1543], batch loss: 0.09833, batch accuracy: 91.82, data load time: 0.09810, step time: 0.09661
epoch: [18], step: [525/1543], batch loss: 0.12819, batch accuracy: 94.25, data load time: 0.13955, step time: 0.09804
epoch: [18], step: [625/1543], batch loss: 0.12096, batch accuracy: 91.88, data load time: 0.17923, step time: 0.09863
epoch: [18], step: [725/1543], batch loss: 0.16685, batch accuracy: 91.62, data load time: 0.16438, step time: 0.10598
epoch: [18], step: [825/1543], batch loss: 0.15733, batch accuracy: 92.37, data load time: 0.09867, step time: 0.10111
epoch: [18], step: [925/1543], batch loss: 0.09326, batch accuracy: 94.71, data load time: 0.19818, step time: 0.09645
epoch: [18], step: [1025/1543], batch loss: 0.17140, batch accuracy: 92.77, data load time: 0.20826, step time: 0.10066
epoch: [18], step: [1125/1543], batch loss: 0.12938, batch accuracy: 91.52, data load time: 0.21946, step time: 0.10006
epoch: [18], step: [1225/1543], batch loss: 0.14154, batch accuracy: 87.24, data load time: 0.22781, step time: 0.09782
epoch: [18], step: [1325/1543], batch loss: 0.16699, batch accuracy: 90.31, data load time: 0.18261, step time: 0.09987
epoch: [18], step: [1425/1543], batch loss: 0.11548, batch accuracy: 92.80, data load time: 0.24312, step time: 0.10064
epoch: [18], step: [1525/1543], batch loss: 0.13915, batch accuracy: 85.80, data load time: 0.27564, step time: 0.09787
EVALUATION METRICS:
-------------------------------------------------------------

Validation AUC Score: 0.8816

-------------------------------------------------------------
validation loss: 0.13616, accuracy: 88.16
epoch: [19], step: [82/1543], batch loss: 0.11310, batch accuracy: 94.70, data load time: 0.08226, step time: 0.09928
epoch: [19], step: [182/1543], batch loss: 0.10598, batch accuracy: 91.74, data load time: 0.07207, step time: 0.09799
epoch: [19], step: [282/1543], batch loss: 0.10927, batch accuracy: 87.91, data load time: 0.13616, step time: 0.09620
epoch: [19], step: [382/1543], batch loss: 0.11027, batch accuracy: 93.94, data load time: 0.10126, step time: 0.10094
epoch: [19], step: [482/1543], batch loss: 0.13869, batch accuracy: 93.57, data load time: 0.11500, step time: 0.09864
epoch: [19], step: [582/1543], batch loss: 0.11943, batch accuracy: 91.67, data load time: 0.08354, step time: 0.09640
epoch: [19], step: [682/1543], batch loss: 0.15497, batch accuracy: 88.14, data load time: 0.13478, step time: 0.10135
epoch: [19], step: [782/1543], batch loss: 0.11307, batch accuracy: 86.96, data load time: 0.16752, step time: 0.09813
epoch: [19], step: [882/1543], batch loss: 0.13410, batch accuracy: 90.86, data load time: 0.15136, step time: 0.09989
epoch: [19], step: [982/1543], batch loss: 0.14056, batch accuracy: 91.96, data load time: 0.14378, step time: 0.09670
epoch: [19], step: [1082/1543], batch loss: 0.11617, batch accuracy: 96.07, data load time: 0.22931, step time: 0.09994
epoch: [19], step: [1182/1543], batch loss: 0.13934, batch accuracy: 91.54, data load time: 0.19831, step time: 0.09726
epoch: [19], step: [1282/1543], batch loss: 0.14401, batch accuracy: 92.53, data load time: 0.11436, step time: 0.09914
epoch: [19], step: [1382/1543], batch loss: 0.16738, batch accuracy: 87.63, data load time: 0.19479, step time: 0.09857
epoch: [19], step: [1482/1543], batch loss: 0.11689, batch accuracy: 92.86, data load time: 0.19441, step time: 0.09220
Epoch 00020: reducing learning rate of group 0 to 1.5625e-07.
EVALUATION METRICS:
-------------------------------------------------------------

Validation AUC Score: 0.8820

-------------------------------------------------------------
validation loss: 0.13705, accuracy: 88.20
EVALUATION METRICS:
-------------------------------------------------------------

Test AUC Score: 0.8908, Class Labels: ambient: 0.9395, baroque: 0.9523, bass: 0.7852, beat: 0.9299, cello: 0.9208, chant: 0.9450, choir: 0.9815, classical: 0.8998, country: 0.9164, dance: 0.9517, drum: 0.8645, eastern: 0.8686, electro: 0.8653, fast: 0.8640, female: 0.9244, flute: 0.9236, folk: 0.8939, foreign: 0.8872, guitar: 0.8911, hard: 0.9733, harp: 0.9134, harpsichord: 0.9779, heavy: 0.9827, india: 0.8640, jazz: 0.9122, loud: 0.9164, male: 0.9050, modern: 0.7970, new age: 0.8650, no beat: 0.7533, no piano: 0.6937, no singer: 0.6795, opera: 0.9758, orchestra: 0.9099, piano: 0.9518, pop: 0.9336, quiet: 0.9071, rock: 0.9831, singer: 0.8780, sitar: 0.9165, slow: 0.8302, soft: 0.8385, solo: 0.8459, strange: 0.7600, string: 0.8754, synth: 0.8317, techno: 0.9566, trance: 0.9253, violin: 0.9201, vocal: 0.8630

-------------------------------------------------------------
validation loss: 0.39816, accuracy: 89.08
