Loading data from trainSpec_dataset
Loading data from valSpec_dataset
Loading data from testSpec_dataset
Writing logs to logs/CNN_sgd_momentum=0.93_learning_rate=0.2_conv_length=256_conv_stride=256_batch_size=10_epochs=20_weight_decay=1e-05_model=ChunkResCNN1_op=sgd_dropout=0.2_run_0
epoch: [0], step: [99/1543], batch loss: 0.25565, batch accuracy: 67.20, data load time: 0.10683, step time: 0.10190
epoch: [0], step: [199/1543], batch loss: 0.14524, batch accuracy: 88.23, data load time: 0.10465, step time: 0.09666
epoch: [0], step: [299/1543], batch loss: 0.28119, batch accuracy: 61.62, data load time: 0.07941, step time: 0.10215
epoch: [0], step: [399/1543], batch loss: 0.24488, batch accuracy: 54.19, data load time: 0.04436, step time: 0.10048
epoch: [0], step: [499/1543], batch loss: 0.19784, batch accuracy: 70.54, data load time: 0.03747, step time: 0.09886
epoch: [0], step: [599/1543], batch loss: 0.18506, batch accuracy: 75.40, data load time: 0.03194, step time: 0.09828
epoch: [0], step: [699/1543], batch loss: 0.22212, batch accuracy: 65.59, data load time: 0.07258, step time: 0.10113
epoch: [0], step: [799/1543], batch loss: 0.27122, batch accuracy: 57.04, data load time: 0.05334, step time: 0.10201
epoch: [0], step: [899/1543], batch loss: 0.25524, batch accuracy: 68.49, data load time: 0.02109, step time: 0.10559
epoch: [0], step: [999/1543], batch loss: 0.22038, batch accuracy: 77.16, data load time: 0.02181, step time: 0.10115
epoch: [0], step: [1099/1543], batch loss: 0.22017, batch accuracy: 71.01, data load time: 0.02083, step time: 0.10183
epoch: [0], step: [1199/1543], batch loss: 0.25607, batch accuracy: 58.61, data load time: 0.02050, step time: 0.10047
epoch: [0], step: [1299/1543], batch loss: 0.25310, batch accuracy: 68.22, data load time: 0.02264, step time: 0.10264
epoch: [0], step: [1399/1543], batch loss: 0.26493, batch accuracy: 67.37, data load time: 0.02157, step time: 0.10694
epoch: [0], step: [1499/1543], batch loss: 0.19391, batch accuracy: 58.28, data load time: 0.02208, step time: 0.09901
EVALUATION METRICS:
-------------------------------------------------------------

Validation AUC Score: 0.7199

-------------------------------------------------------------
validation loss: 0.20638, accuracy: 71.99
epoch: [1], step: [56/1543], batch loss: 0.23814, batch accuracy: 68.78, data load time: 0.01238, step time: 0.09822
epoch: [1], step: [156/1543], batch loss: 0.21965, batch accuracy: 76.35, data load time: 0.02142, step time: 0.10130
epoch: [1], step: [256/1543], batch loss: 0.19417, batch accuracy: 63.02, data load time: 0.01217, step time: 0.10097
epoch: [1], step: [356/1543], batch loss: 0.19513, batch accuracy: 70.58, data load time: 0.01461, step time: 0.10104
epoch: [1], step: [456/1543], batch loss: 0.22765, batch accuracy: 79.01, data load time: 0.01691, step time: 0.10320
epoch: [1], step: [556/1543], batch loss: 0.23766, batch accuracy: 67.35, data load time: 0.01993, step time: 0.10546
epoch: [1], step: [656/1543], batch loss: 0.22338, batch accuracy: 79.24, data load time: 0.05848, step time: 0.10405
epoch: [1], step: [756/1543], batch loss: 0.18664, batch accuracy: 69.88, data load time: 0.04921, step time: 0.10203
epoch: [1], step: [856/1543], batch loss: 0.21054, batch accuracy: 87.62, data load time: 0.01829, step time: 0.10474
epoch: [1], step: [956/1543], batch loss: 0.16179, batch accuracy: 77.81, data load time: 0.03228, step time: 0.09887
epoch: [1], step: [1056/1543], batch loss: 0.15390, batch accuracy: 84.79, data load time: 0.04660, step time: 0.09805
epoch: [1], step: [1156/1543], batch loss: 0.24884, batch accuracy: 77.37, data load time: 0.04862, step time: 0.10144
epoch: [1], step: [1256/1543], batch loss: 0.26952, batch accuracy: 68.96, data load time: 0.02039, step time: 0.10328
epoch: [1], step: [1356/1543], batch loss: 0.18470, batch accuracy: 84.08, data load time: 0.03172, step time: 0.10037
epoch: [1], step: [1456/1543], batch loss: 0.22485, batch accuracy: 75.38, data load time: 0.03834, step time: 0.10251
EVALUATION METRICS:
-------------------------------------------------------------

Validation AUC Score: 0.7559

-------------------------------------------------------------
validation loss: 0.18889, accuracy: 75.59
epoch: [2], step: [13/1543], batch loss: 0.18130, batch accuracy: 72.31, data load time: 0.03301, step time: 0.10430
epoch: [2], step: [113/1543], batch loss: 0.14280, batch accuracy: 77.19, data load time: 0.03016, step time: 0.09736
epoch: [2], step: [213/1543], batch loss: 0.19851, batch accuracy: 81.27, data load time: 0.09865, step time: 0.10182
epoch: [2], step: [313/1543], batch loss: 0.17529, batch accuracy: 79.08, data load time: 0.07173, step time: 0.10051
epoch: [2], step: [413/1543], batch loss: 0.16341, batch accuracy: 82.41, data load time: 0.07217, step time: 0.10109
epoch: [2], step: [513/1543], batch loss: 0.17684, batch accuracy: 81.36, data load time: 0.05025, step time: 0.10026
epoch: [2], step: [613/1543], batch loss: 0.17589, batch accuracy: 84.21, data load time: 0.13000, step time: 0.10182
epoch: [2], step: [713/1543], batch loss: 0.19874, batch accuracy: 83.84, data load time: 0.09611, step time: 0.10118
epoch: [2], step: [813/1543], batch loss: 0.21042, batch accuracy: 80.96, data load time: 0.05491, step time: 0.10420
epoch: [2], step: [913/1543], batch loss: 0.21560, batch accuracy: 76.91, data load time: 0.05300, step time: 0.10552
epoch: [2], step: [1013/1543], batch loss: 0.21113, batch accuracy: 62.64, data load time: 0.05062, step time: 0.10249
epoch: [2], step: [1113/1543], batch loss: 0.16815, batch accuracy: 83.43, data load time: 0.07822, step time: 0.10194
epoch: [2], step: [1213/1543], batch loss: 0.20748, batch accuracy: 74.93, data load time: 0.08252, step time: 0.10186
epoch: [2], step: [1313/1543], batch loss: 0.16880, batch accuracy: 78.17, data load time: 0.05353, step time: 0.09674
epoch: [2], step: [1413/1543], batch loss: 0.15963, batch accuracy: 76.45, data load time: 0.09060, step time: 0.09748
epoch: [2], step: [1513/1543], batch loss: 0.19119, batch accuracy: 75.50, data load time: 0.07732, step time: 0.10356
EVALUATION METRICS:
-------------------------------------------------------------

Validation AUC Score: 0.7726

-------------------------------------------------------------
validation loss: 0.22599, accuracy: 77.26
epoch: [3], step: [70/1543], batch loss: 0.18994, batch accuracy: 79.20, data load time: 0.03218, step time: 0.10082
epoch: [3], step: [170/1543], batch loss: 0.17325, batch accuracy: 83.03, data load time: 0.04334, step time: 0.10481
epoch: [3], step: [270/1543], batch loss: 0.16428, batch accuracy: 87.95, data load time: 0.02658, step time: 0.10124
epoch: [3], step: [370/1543], batch loss: 0.18218, batch accuracy: 79.92, data load time: 0.01811, step time: 0.10194
epoch: [3], step: [470/1543], batch loss: 0.17229, batch accuracy: 84.12, data load time: 0.05008, step time: 0.10208
epoch: [3], step: [570/1543], batch loss: 0.22867, batch accuracy: 77.75, data load time: 0.10079, step time: 0.10482
epoch: [3], step: [670/1543], batch loss: 0.22750, batch accuracy: 75.02, data load time: 0.11119, step time: 0.10180
epoch: [3], step: [770/1543], batch loss: 0.22171, batch accuracy: 79.03, data load time: 0.09734, step time: 0.10189
epoch: [3], step: [870/1543], batch loss: 0.19478, batch accuracy: 86.42, data load time: 0.08233, step time: 0.10108
epoch: [3], step: [970/1543], batch loss: 0.16391, batch accuracy: 94.50, data load time: 0.02545, step time: 0.09744
epoch: [3], step: [1070/1543], batch loss: 0.17571, batch accuracy: 86.27, data load time: 0.06448, step time: 0.10048
epoch: [3], step: [1170/1543], batch loss: 0.23156, batch accuracy: 86.45, data load time: 0.03244, step time: 0.10625
epoch: [3], step: [1270/1543], batch loss: 0.16558, batch accuracy: 82.88, data load time: 0.05429, step time: 0.10114
epoch: [3], step: [1370/1543], batch loss: 0.18349, batch accuracy: 75.72, data load time: 0.08331, step time: 0.09918
epoch: [3], step: [1470/1543], batch loss: 0.14985, batch accuracy: 81.97, data load time: 0.06916, step time: 0.09895
EVALUATION METRICS:
-------------------------------------------------------------

Validation AUC Score: 0.8094

-------------------------------------------------------------
validation loss: 0.22570, accuracy: 80.94
epoch: [4], step: [27/1543], batch loss: 0.17490, batch accuracy: 73.48, data load time: 0.03170, step time: 0.09968
epoch: [4], step: [127/1543], batch loss: 0.17952, batch accuracy: 85.49, data load time: 0.01888, step time: 0.10470
epoch: [4], step: [227/1543], batch loss: 0.18885, batch accuracy: 85.99, data load time: 0.03439, step time: 0.10200
epoch: [4], step: [327/1543], batch loss: 0.17517, batch accuracy: 84.82, data load time: 0.01670, step time: 0.10118
epoch: [4], step: [427/1543], batch loss: 0.20851, batch accuracy: 90.55, data load time: 0.01810, step time: 0.10487
epoch: [4], step: [527/1543], batch loss: 0.12361, batch accuracy: 81.57, data load time: 0.03102, step time: 0.09673
epoch: [4], step: [627/1543], batch loss: 0.16024, batch accuracy: 73.70, data load time: 0.02008, step time: 0.09677
epoch: [4], step: [727/1543], batch loss: 0.14132, batch accuracy: 85.27, data load time: 0.01986, step time: 0.09898
epoch: [4], step: [827/1543], batch loss: 0.18743, batch accuracy: 86.12, data load time: 0.01993, step time: 0.10719
epoch: [4], step: [927/1543], batch loss: 0.20367, batch accuracy: 84.07, data load time: 0.02074, step time: 0.10759
epoch: [4], step: [1027/1543], batch loss: 0.18599, batch accuracy: 81.58, data load time: 0.02019, step time: 0.09889
epoch: [4], step: [1127/1543], batch loss: 0.14597, batch accuracy: 85.68, data load time: 0.01773, step time: 0.10039
epoch: [4], step: [1227/1543], batch loss: 0.20587, batch accuracy: 82.28, data load time: 0.01922, step time: 0.10451
epoch: [4], step: [1327/1543], batch loss: 0.18104, batch accuracy: 82.81, data load time: 0.02079, step time: 0.10125
epoch: [4], step: [1427/1543], batch loss: 0.15387, batch accuracy: 76.68, data load time: 0.02118, step time: 0.09667
epoch: [4], step: [1527/1543], batch loss: 0.22148, batch accuracy: 83.59, data load time: 0.02222, step time: 0.10625
EVALUATION METRICS:
-------------------------------------------------------------

Validation AUC Score: 0.8354

-------------------------------------------------------------
validation loss: 0.24124, accuracy: 83.54
epoch: [5], step: [84/1543], batch loss: 0.16471, batch accuracy: 89.30, data load time: 0.01678, step time: 0.10029
epoch: [5], step: [184/1543], batch loss: 0.19181, batch accuracy: 85.42, data load time: 0.01801, step time: 0.10500
epoch: [5], step: [284/1543], batch loss: 0.15009, batch accuracy: 90.04, data load time: 0.01496, step time: 0.10275
epoch: [5], step: [384/1543], batch loss: 0.14903, batch accuracy: 85.43, data load time: 0.01689, step time: 0.10130
epoch: [5], step: [484/1543], batch loss: 0.16358, batch accuracy: 86.05, data load time: 0.01780, step time: 0.10254
epoch: [5], step: [584/1543], batch loss: 0.15954, batch accuracy: 87.65, data load time: 0.02128, step time: 0.09972
epoch: [5], step: [684/1543], batch loss: 0.14425, batch accuracy: 77.53, data load time: 0.01929, step time: 0.09754
epoch: [5], step: [784/1543], batch loss: 0.20074, batch accuracy: 81.17, data load time: 0.01849, step time: 0.10676
epoch: [5], step: [884/1543], batch loss: 0.14605, batch accuracy: 90.03, data load time: 0.02133, step time: 0.10220
epoch: [5], step: [984/1543], batch loss: 0.17994, batch accuracy: 89.14, data load time: 0.02081, step time: 0.10244
epoch: [5], step: [1084/1543], batch loss: 0.15510, batch accuracy: 82.99, data load time: 0.01993, step time: 0.10110
epoch: [5], step: [1184/1543], batch loss: 0.16955, batch accuracy: 82.35, data load time: 0.01960, step time: 0.09946
epoch: [5], step: [1284/1543], batch loss: 0.22942, batch accuracy: 73.31, data load time: 0.01890, step time: 0.09689
epoch: [5], step: [1384/1543], batch loss: 0.17818, batch accuracy: 88.42, data load time: 0.03457, step time: 0.10315
epoch: [5], step: [1484/1543], batch loss: 0.15017, batch accuracy: 86.23, data load time: 0.02038, step time: 0.10080
EVALUATION METRICS:
-------------------------------------------------------------

Validation AUC Score: 0.8215

-------------------------------------------------------------
validation loss: 0.18497, accuracy: 82.15
epoch: [6], step: [41/1543], batch loss: 0.19752, batch accuracy: 86.88, data load time: 0.01678, step time: 0.10268
epoch: [6], step: [141/1543], batch loss: 0.14011, batch accuracy: 89.58, data load time: 0.01472, step time: 0.10238
epoch: [6], step: [241/1543], batch loss: 0.13073, batch accuracy: 89.21, data load time: 0.03233, step time: 0.09677
epoch: [6], step: [341/1543], batch loss: 0.21845, batch accuracy: 81.54, data load time: 0.03134, step time: 0.09973
epoch: [6], step: [441/1543], batch loss: 0.16898, batch accuracy: 84.83, data load time: 0.03120, step time: 0.10121
epoch: [6], step: [541/1543], batch loss: 0.16449, batch accuracy: 80.61, data load time: 0.06710, step time: 0.09672
epoch: [6], step: [641/1543], batch loss: 0.19789, batch accuracy: 81.76, data load time: 0.03477, step time: 0.09998
epoch: [6], step: [741/1543], batch loss: 0.14074, batch accuracy: 88.28, data load time: 0.01766, step time: 0.09816
epoch: [6], step: [841/1543], batch loss: 0.10749, batch accuracy: 88.68, data load time: 0.05109, step time: 0.09610
epoch: [6], step: [941/1543], batch loss: 0.23898, batch accuracy: 80.17, data load time: 0.02203, step time: 0.10571
epoch: [6], step: [1041/1543], batch loss: 0.14862, batch accuracy: 90.49, data load time: 0.01611, step time: 0.10180
epoch: [6], step: [1141/1543], batch loss: 0.15770, batch accuracy: 90.10, data load time: 0.02012, step time: 0.10036
epoch: [6], step: [1241/1543], batch loss: 0.22229, batch accuracy: 89.87, data load time: 0.03859, step time: 0.10756
epoch: [6], step: [1341/1543], batch loss: 0.15989, batch accuracy: 84.72, data load time: 0.01976, step time: 0.10010
epoch: [6], step: [1441/1543], batch loss: 0.15289, batch accuracy: 90.83, data load time: 0.01846, step time: 0.10025
epoch: [6], step: [1541/1543], batch loss: 0.13524, batch accuracy: 90.35, data load time: 0.01965, step time: 0.09812
Epoch 00007: reducing learning rate of group 0 to 1.0000e-02.
EVALUATION METRICS:
-------------------------------------------------------------

Validation AUC Score: 0.8029

-------------------------------------------------------------
validation loss: 0.20517, accuracy: 80.29
epoch: [7], step: [98/1543], batch loss: 0.10735, batch accuracy: 94.17, data load time: 0.01640, step time: 0.09667
epoch: [7], step: [198/1543], batch loss: 0.22285, batch accuracy: 78.89, data load time: 0.01669, step time: 0.10479
epoch: [7], step: [298/1543], batch loss: 0.12312, batch accuracy: 94.81, data load time: 0.01529, step time: 0.09832
epoch: [7], step: [398/1543], batch loss: 0.10767, batch accuracy: 96.03, data load time: 0.01785, step time: 0.10055
epoch: [7], step: [498/1543], batch loss: 0.18168, batch accuracy: 86.20, data load time: 0.01942, step time: 0.10126
epoch: [7], step: [598/1543], batch loss: 0.13739, batch accuracy: 85.60, data load time: 0.01774, step time: 0.09834
epoch: [7], step: [698/1543], batch loss: 0.12153, batch accuracy: 86.59, data load time: 0.02077, step time: 0.09816
epoch: [7], step: [798/1543], batch loss: 0.13733, batch accuracy: 87.76, data load time: 0.04018, step time: 0.09842
epoch: [7], step: [898/1543], batch loss: 0.17854, batch accuracy: 90.16, data load time: 0.02205, step time: 0.10153
epoch: [7], step: [998/1543], batch loss: 0.17820, batch accuracy: 90.41, data load time: 0.01936, step time: 0.10563
epoch: [7], step: [1098/1543], batch loss: 0.13094, batch accuracy: 88.90, data load time: 0.01998, step time: 0.09768
epoch: [7], step: [1198/1543], batch loss: 0.20306, batch accuracy: 81.96, data load time: 0.02038, step time: 0.10422
epoch: [7], step: [1298/1543], batch loss: 0.18193, batch accuracy: 79.72, data load time: 0.01845, step time: 0.10275
epoch: [7], step: [1398/1543], batch loss: 0.16347, batch accuracy: 92.89, data load time: 0.01965, step time: 0.10402
epoch: [7], step: [1498/1543], batch loss: 0.17789, batch accuracy: 89.07, data load time: 0.03336, step time: 0.10043
EVALUATION METRICS:
-------------------------------------------------------------

Validation AUC Score: 0.8656

-------------------------------------------------------------
validation loss: 0.15681, accuracy: 86.56
epoch: [8], step: [55/1543], batch loss: 0.17050, batch accuracy: 87.78, data load time: 0.02000, step time: 0.10115
epoch: [8], step: [155/1543], batch loss: 0.12553, batch accuracy: 84.35, data load time: 0.01528, step time: 0.10163
epoch: [8], step: [255/1543], batch loss: 0.16666, batch accuracy: 83.69, data load time: 0.01658, step time: 0.10126
epoch: [8], step: [355/1543], batch loss: 0.21203, batch accuracy: 83.21, data load time: 0.01506, step time: 0.10356
epoch: [8], step: [455/1543], batch loss: 0.12466, batch accuracy: 88.70, data load time: 0.01984, step time: 0.09895
epoch: [8], step: [555/1543], batch loss: 0.13824, batch accuracy: 88.78, data load time: 0.02955, step time: 0.10037
epoch: [8], step: [655/1543], batch loss: 0.13666, batch accuracy: 79.21, data load time: 0.01735, step time: 0.09678
epoch: [8], step: [755/1543], batch loss: 0.11912, batch accuracy: 92.43, data load time: 0.01595, step time: 0.09942
epoch: [8], step: [855/1543], batch loss: 0.17809, batch accuracy: 85.74, data load time: 0.02974, step time: 0.10472
epoch: [8], step: [955/1543], batch loss: 0.19213, batch accuracy: 92.57, data load time: 0.03757, step time: 0.10693
epoch: [8], step: [1055/1543], batch loss: 0.18296, batch accuracy: 83.49, data load time: 0.12641, step time: 0.10323
epoch: [8], step: [1155/1543], batch loss: 0.16642, batch accuracy: 84.32, data load time: 0.11969, step time: 0.10124
epoch: [8], step: [1255/1543], batch loss: 0.17153, batch accuracy: 88.94, data load time: 0.06356, step time: 0.10376
epoch: [8], step: [1355/1543], batch loss: 0.12274, batch accuracy: 89.47, data load time: 0.09454, step time: 0.09749
epoch: [8], step: [1455/1543], batch loss: 0.16865, batch accuracy: 88.95, data load time: 0.11002, step time: 0.10245
EVALUATION METRICS:
-------------------------------------------------------------

Validation AUC Score: 0.8665

-------------------------------------------------------------
validation loss: 0.15245, accuracy: 86.65
epoch: [9], step: [12/1543], batch loss: 0.13286, batch accuracy: 81.43, data load time: 0.11165, step time: 0.10042
epoch: [9], step: [112/1543], batch loss: 0.18126, batch accuracy: 90.25, data load time: 0.08045, step time: 0.10542
epoch: [9], step: [212/1543], batch loss: 0.13256, batch accuracy: 95.26, data load time: 0.06907, step time: 0.10111
epoch: [9], step: [312/1543], batch loss: 0.14891, batch accuracy: 85.68, data load time: 0.01113, step time: 0.10109
epoch: [9], step: [412/1543], batch loss: 0.13762, batch accuracy: 94.17, data load time: 0.10090, step time: 0.10174
epoch: [9], step: [512/1543], batch loss: 0.16149, batch accuracy: 90.23, data load time: 0.06274, step time: 0.10328
epoch: [9], step: [612/1543], batch loss: 0.15434, batch accuracy: 85.71, data load time: 0.10910, step time: 0.10271
epoch: [9], step: [712/1543], batch loss: 0.16443, batch accuracy: 81.71, data load time: 0.12080, step time: 0.10003
epoch: [9], step: [812/1543], batch loss: 0.11942, batch accuracy: 92.40, data load time: 0.09011, step time: 0.09755
epoch: [9], step: [912/1543], batch loss: 0.18576, batch accuracy: 82.43, data load time: 0.10218, step time: 0.10335
epoch: [9], step: [1012/1543], batch loss: 0.11396, batch accuracy: 94.02, data load time: 0.07381, step time: 0.10031
epoch: [9], step: [1112/1543], batch loss: 0.15643, batch accuracy: 92.32, data load time: 0.08920, step time: 0.10715
epoch: [9], step: [1212/1543], batch loss: 0.12196, batch accuracy: 86.49, data load time: 0.07713, step time: 0.09832
epoch: [9], step: [1312/1543], batch loss: 0.15755, batch accuracy: 82.83, data load time: 0.06806, step time: 0.09842
epoch: [9], step: [1412/1543], batch loss: 0.12921, batch accuracy: 92.97, data load time: 0.07766, step time: 0.10341
epoch: [9], step: [1512/1543], batch loss: 0.22446, batch accuracy: 89.85, data load time: 0.07478, step time: 0.10339
EVALUATION METRICS:
-------------------------------------------------------------

Validation AUC Score: 0.8643

-------------------------------------------------------------
validation loss: 0.16804, accuracy: 86.43
epoch: [10], step: [69/1543], batch loss: 0.17446, batch accuracy: 92.42, data load time: 0.10473, step time: 0.10223
epoch: [10], step: [169/1543], batch loss: 0.15135, batch accuracy: 83.36, data load time: 0.08024, step time: 0.09828
epoch: [10], step: [269/1543], batch loss: 0.18028, batch accuracy: 92.64, data load time: 0.07979, step time: 0.10337
epoch: [10], step: [369/1543], batch loss: 0.13784, batch accuracy: 88.69, data load time: 0.09309, step time: 0.10401
epoch: [10], step: [469/1543], batch loss: 0.20213, batch accuracy: 86.21, data load time: 0.06317, step time: 0.10250
epoch: [10], step: [569/1543], batch loss: 0.13846, batch accuracy: 87.59, data load time: 0.04906, step time: 0.09838
epoch: [10], step: [669/1543], batch loss: 0.19004, batch accuracy: 87.95, data load time: 0.05304, step time: 0.10102
epoch: [10], step: [769/1543], batch loss: 0.12534, batch accuracy: 82.48, data load time: 0.03447, step time: 0.09900
epoch: [10], step: [869/1543], batch loss: 0.19573, batch accuracy: 82.27, data load time: 0.09022, step time: 0.10115
epoch: [10], step: [969/1543], batch loss: 0.12282, batch accuracy: 88.08, data load time: 0.04380, step time: 0.10103
epoch: [10], step: [1069/1543], batch loss: 0.13321, batch accuracy: 92.25, data load time: 0.09764, step time: 0.10021
epoch: [10], step: [1169/1543], batch loss: 0.11729, batch accuracy: 93.75, data load time: 0.07706, step time: 0.09986
epoch: [10], step: [1269/1543], batch loss: 0.13130, batch accuracy: 92.82, data load time: 0.08583, step time: 0.10001
epoch: [10], step: [1369/1543], batch loss: 0.14035, batch accuracy: 90.49, data load time: 0.04879, step time: 0.10259
epoch: [10], step: [1469/1543], batch loss: 0.16838, batch accuracy: 82.70, data load time: 0.09462, step time: 0.10269
EVALUATION METRICS:
-------------------------------------------------------------

Validation AUC Score: 0.8640

-------------------------------------------------------------
validation loss: 0.17862, accuracy: 86.40
epoch: [11], step: [26/1543], batch loss: 0.13464, batch accuracy: 88.10, data load time: 0.09307, step time: 0.10100
epoch: [11], step: [126/1543], batch loss: 0.16138, batch accuracy: 83.67, data load time: 0.04392, step time: 0.10381
epoch: [11], step: [226/1543], batch loss: 0.12779, batch accuracy: 86.25, data load time: 0.03696, step time: 0.10037
epoch: [11], step: [326/1543], batch loss: 0.14285, batch accuracy: 89.89, data load time: 0.10069, step time: 0.10190
epoch: [11], step: [426/1543], batch loss: 0.14213, batch accuracy: 89.73, data load time: 0.06313, step time: 0.10099
epoch: [11], step: [526/1543], batch loss: 0.13882, batch accuracy: 87.82, data load time: 0.06598, step time: 0.09738
epoch: [11], step: [626/1543], batch loss: 0.17648, batch accuracy: 88.99, data load time: 0.11528, step time: 0.10627
epoch: [11], step: [726/1543], batch loss: 0.23830, batch accuracy: 78.77, data load time: 0.07823, step time: 0.10275
epoch: [11], step: [826/1543], batch loss: 0.15455, batch accuracy: 90.87, data load time: 0.09123, step time: 0.10327
epoch: [11], step: [926/1543], batch loss: 0.11182, batch accuracy: 97.75, data load time: 0.13663, step time: 0.10106
epoch: [11], step: [1026/1543], batch loss: 0.13438, batch accuracy: 90.37, data load time: 0.06487, step time: 0.10166
epoch: [11], step: [1126/1543], batch loss: 0.17392, batch accuracy: 85.89, data load time: 0.04457, step time: 0.10473
epoch: [11], step: [1226/1543], batch loss: 0.12055, batch accuracy: 87.16, data load time: 0.10310, step time: 0.09896
epoch: [11], step: [1326/1543], batch loss: 0.13428, batch accuracy: 87.90, data load time: 0.12449, step time: 0.09971
epoch: [11], step: [1426/1543], batch loss: 0.13238, batch accuracy: 90.88, data load time: 0.09452, step time: 0.09905
epoch: [11], step: [1526/1543], batch loss: 0.14880, batch accuracy: 84.14, data load time: 0.10450, step time: 0.10457
EVALUATION METRICS:
-------------------------------------------------------------

Validation AUC Score: 0.8661

-------------------------------------------------------------
validation loss: 0.15346, accuracy: 86.61
epoch: [12], step: [83/1543], batch loss: 0.13603, batch accuracy: 88.42, data load time: 0.03718, step time: 0.10053
epoch: [12], step: [183/1543], batch loss: 0.18252, batch accuracy: 84.35, data load time: 0.10742, step time: 0.10200
epoch: [12], step: [283/1543], batch loss: 0.11119, batch accuracy: 89.54, data load time: 0.09753, step time: 0.10043
epoch: [12], step: [383/1543], batch loss: 0.20317, batch accuracy: 83.44, data load time: 0.08736, step time: 0.10325
epoch: [12], step: [483/1543], batch loss: 0.12207, batch accuracy: 94.57, data load time: 0.10451, step time: 0.09743
epoch: [12], step: [583/1543], batch loss: 0.16307, batch accuracy: 90.01, data load time: 0.07252, step time: 0.10364
epoch: [12], step: [683/1543], batch loss: 0.14914, batch accuracy: 82.93, data load time: 0.10214, step time: 0.09900
epoch: [12], step: [783/1543], batch loss: 0.10634, batch accuracy: 93.58, data load time: 0.05987, step time: 0.09712
epoch: [12], step: [883/1543], batch loss: 0.15246, batch accuracy: 92.03, data load time: 0.09193, step time: 0.10030
epoch: [12], step: [983/1543], batch loss: 0.12296, batch accuracy: 90.73, data load time: 0.04109, step time: 0.09743
epoch: [12], step: [1083/1543], batch loss: 0.12076, batch accuracy: 93.47, data load time: 0.08549, step time: 0.10231
epoch: [12], step: [1183/1543], batch loss: 0.15832, batch accuracy: 87.15, data load time: 0.07444, step time: 0.10101
epoch: [12], step: [1283/1543], batch loss: 0.15505, batch accuracy: 89.79, data load time: 0.10588, step time: 0.10436
epoch: [12], step: [1383/1543], batch loss: 0.13470, batch accuracy: 90.53, data load time: 0.07478, step time: 0.10115
epoch: [12], step: [1483/1543], batch loss: 0.11788, batch accuracy: 91.09, data load time: 0.11349, step time: 0.09960
EVALUATION METRICS:
-------------------------------------------------------------

Validation AUC Score: 0.8671

-------------------------------------------------------------
validation loss: 0.16925, accuracy: 86.71
epoch: [13], step: [40/1543], batch loss: 0.16560, batch accuracy: 88.32, data load time: 0.04917, step time: 0.10149
epoch: [13], step: [140/1543], batch loss: 0.15613, batch accuracy: 91.81, data load time: 0.06873, step time: 0.10631
epoch: [13], step: [240/1543], batch loss: 0.15054, batch accuracy: 91.24, data load time: 0.04409, step time: 0.10113
epoch: [13], step: [340/1543], batch loss: 0.18022, batch accuracy: 82.34, data load time: 0.07130, step time: 0.10178
epoch: [13], step: [440/1543], batch loss: 0.13891, batch accuracy: 92.50, data load time: 0.05266, step time: 0.09967
epoch: [13], step: [540/1543], batch loss: 0.14996, batch accuracy: 90.93, data load time: 0.06961, step time: 0.10245
epoch: [13], step: [640/1543], batch loss: 0.13913, batch accuracy: 86.88, data load time: 0.04570, step time: 0.09962
epoch: [13], step: [740/1543], batch loss: 0.14553, batch accuracy: 89.66, data load time: 0.08349, step time: 0.09955
epoch: [13], step: [840/1543], batch loss: 0.13233, batch accuracy: 95.03, data load time: 0.08678, step time: 0.10338
epoch: [13], step: [940/1543], batch loss: 0.15644, batch accuracy: 83.77, data load time: 0.07942, step time: 0.09954
epoch: [13], step: [1040/1543], batch loss: 0.13611, batch accuracy: 89.58, data load time: 0.09254, step time: 0.10158
epoch: [13], step: [1140/1543], batch loss: 0.18504, batch accuracy: 80.93, data load time: 0.04863, step time: 0.09953
epoch: [13], step: [1240/1543], batch loss: 0.14480, batch accuracy: 85.88, data load time: 0.05232, step time: 0.09985
epoch: [13], step: [1340/1543], batch loss: 0.13947, batch accuracy: 86.89, data load time: 0.08977, step time: 0.09666
epoch: [13], step: [1440/1543], batch loss: 0.11803, batch accuracy: 90.64, data load time: 0.08315, step time: 0.09998
epoch: [13], step: [1540/1543], batch loss: 0.13005, batch accuracy: 88.82, data load time: 0.10285, step time: 0.10002
EVALUATION METRICS:
-------------------------------------------------------------

Validation AUC Score: 0.8668

-------------------------------------------------------------
validation loss: 0.16654, accuracy: 86.68
epoch: [14], step: [97/1543], batch loss: 0.15892, batch accuracy: 89.32, data load time: 0.04953, step time: 0.09944
epoch: [14], step: [197/1543], batch loss: 0.16910, batch accuracy: 86.32, data load time: 0.07738, step time: 0.10259
epoch: [14], step: [297/1543], batch loss: 0.15361, batch accuracy: 85.47, data load time: 0.05136, step time: 0.10028
epoch: [14], step: [397/1543], batch loss: 0.19261, batch accuracy: 86.36, data load time: 0.07360, step time: 0.10327
epoch: [14], step: [497/1543], batch loss: 0.12821, batch accuracy: 94.99, data load time: 0.07337, step time: 0.10305
epoch: [14], step: [597/1543], batch loss: 0.17028, batch accuracy: 92.79, data load time: 0.05366, step time: 0.10507
epoch: [14], step: [697/1543], batch loss: 0.10675, batch accuracy: 90.93, data load time: 0.11543, step time: 0.09668
epoch: [14], step: [797/1543], batch loss: 0.11516, batch accuracy: 91.47, data load time: 0.08760, step time: 0.09737
epoch: [14], step: [897/1543], batch loss: 0.16451, batch accuracy: 86.58, data load time: 0.10949, step time: 0.10291
epoch: [14], step: [997/1543], batch loss: 0.11468, batch accuracy: 88.71, data load time: 0.08426, step time: 0.09875
epoch: [14], step: [1097/1543], batch loss: 0.19827, batch accuracy: 91.08, data load time: 0.07862, step time: 0.10589
epoch: [14], step: [1197/1543], batch loss: 0.15450, batch accuracy: 87.48, data load time: 0.11904, step time: 0.09956
epoch: [14], step: [1297/1543], batch loss: 0.18520, batch accuracy: 85.36, data load time: 0.09915, step time: 0.10369
epoch: [14], step: [1397/1543], batch loss: 0.16085, batch accuracy: 87.57, data load time: 0.09898, step time: 0.10121
epoch: [14], step: [1497/1543], batch loss: 0.17196, batch accuracy: 90.27, data load time: 0.07400, step time: 0.10323
EVALUATION METRICS:
-------------------------------------------------------------

Validation AUC Score: 0.8668

-------------------------------------------------------------
validation loss: 0.16499, accuracy: 86.68
epoch: [15], step: [54/1543], batch loss: 0.17133, batch accuracy: 91.22, data load time: 0.06435, step time: 0.09783
epoch: [15], step: [154/1543], batch loss: 0.11531, batch accuracy: 91.66, data load time: 0.07969, step time: 0.09873
epoch: [15], step: [254/1543], batch loss: 0.21618, batch accuracy: 82.69, data load time: 0.05763, step time: 0.10452
epoch: [15], step: [354/1543], batch loss: 0.12646, batch accuracy: 85.83, data load time: 0.06266, step time: 0.09833
epoch: [15], step: [454/1543], batch loss: 0.12783, batch accuracy: 89.03, data load time: 0.05777, step time: 0.09941
epoch: [15], step: [554/1543], batch loss: 0.21205, batch accuracy: 84.31, data load time: 0.05727, step time: 0.10378
epoch: [15], step: [654/1543], batch loss: 0.12303, batch accuracy: 79.77, data load time: 0.04365, step time: 0.09819
epoch: [15], step: [754/1543], batch loss: 0.15331, batch accuracy: 91.34, data load time: 0.02431, step time: 0.10230
epoch: [15], step: [854/1543], batch loss: 0.14736, batch accuracy: 84.69, data load time: 0.10078, step time: 0.10082
epoch: [15], step: [954/1543], batch loss: 0.16902, batch accuracy: 85.76, data load time: 0.05964, step time: 0.10322
epoch: [15], step: [1054/1543], batch loss: 0.13043, batch accuracy: 92.41, data load time: 0.05991, step time: 0.10154
epoch: [15], step: [1154/1543], batch loss: 0.13195, batch accuracy: 91.88, data load time: 0.05998, step time: 0.10085
epoch: [15], step: [1254/1543], batch loss: 0.13643, batch accuracy: 86.34, data load time: 0.06505, step time: 0.09650
epoch: [15], step: [1354/1543], batch loss: 0.16912, batch accuracy: 92.81, data load time: 0.09462, step time: 0.10148
epoch: [15], step: [1454/1543], batch loss: 0.10518, batch accuracy: 90.97, data load time: 0.11530, step time: 0.10027
EVALUATION METRICS:
-------------------------------------------------------------

Validation AUC Score: 0.8662

-------------------------------------------------------------
validation loss: 0.18709, accuracy: 86.62
epoch: [16], step: [11/1543], batch loss: 0.20387, batch accuracy: 82.55, data load time: 0.08413, step time: 0.10444
epoch: [16], step: [111/1543], batch loss: 0.13193, batch accuracy: 89.89, data load time: 0.04334, step time: 0.10283
epoch: [16], step: [211/1543], batch loss: 0.19475, batch accuracy: 82.53, data load time: 0.04028, step time: 0.10533
epoch: [16], step: [311/1543], batch loss: 0.20198, batch accuracy: 87.07, data load time: 0.07440, step time: 0.10300
epoch: [16], step: [411/1543], batch loss: 0.12975, batch accuracy: 96.18, data load time: 0.04210, step time: 0.10527
epoch: [16], step: [511/1543], batch loss: 0.15117, batch accuracy: 93.44, data load time: 0.04202, step time: 0.10616
epoch: [16], step: [611/1543], batch loss: 0.12987, batch accuracy: 83.04, data load time: 0.03943, step time: 0.09801
epoch: [16], step: [711/1543], batch loss: 0.14717, batch accuracy: 90.69, data load time: 0.06220, step time: 0.10014
epoch: [16], step: [811/1543], batch loss: 0.13962, batch accuracy: 93.21, data load time: 0.06663, step time: 0.10232
epoch: [16], step: [911/1543], batch loss: 0.13144, batch accuracy: 86.81, data load time: 0.05724, step time: 0.09856
epoch: [16], step: [1011/1543], batch loss: 0.16662, batch accuracy: 91.41, data load time: 0.03002, step time: 0.10331
epoch: [16], step: [1111/1543], batch loss: 0.13443, batch accuracy: 92.99, data load time: 0.06072, step time: 0.10380
epoch: [16], step: [1211/1543], batch loss: 0.14157, batch accuracy: 85.22, data load time: 0.07587, step time: 0.10089
epoch: [16], step: [1311/1543], batch loss: 0.19800, batch accuracy: 76.05, data load time: 0.04403, step time: 0.10086
epoch: [16], step: [1411/1543], batch loss: 0.12382, batch accuracy: 92.63, data load time: 0.07061, step time: 0.10092
epoch: [16], step: [1511/1543], batch loss: 0.18207, batch accuracy: 87.51, data load time: 0.11000, step time: 0.10601
Epoch 00017: reducing learning rate of group 0 to 5.0000e-04.
EVALUATION METRICS:
-------------------------------------------------------------

Validation AUC Score: 0.8711

-------------------------------------------------------------
validation loss: 0.14529, accuracy: 87.11
epoch: [17], step: [68/1543], batch loss: 0.14781, batch accuracy: 88.96, data load time: 0.08738, step time: 0.10089
epoch: [17], step: [168/1543], batch loss: 0.15119, batch accuracy: 92.79, data load time: 0.09918, step time: 0.10382
epoch: [17], step: [268/1543], batch loss: 0.15297, batch accuracy: 88.70, data load time: 0.08952, step time: 0.10031
epoch: [17], step: [368/1543], batch loss: 0.11620, batch accuracy: 91.91, data load time: 0.01660, step time: 0.09796
epoch: [17], step: [468/1543], batch loss: 0.17979, batch accuracy: 86.32, data load time: 0.11999, step time: 0.10278
epoch: [17], step: [568/1543], batch loss: 0.16549, batch accuracy: 88.50, data load time: 0.06646, step time: 0.10451
epoch: [17], step: [668/1543], batch loss: 0.16188, batch accuracy: 92.01, data load time: 0.14903, step time: 0.10447
epoch: [17], step: [768/1543], batch loss: 0.10107, batch accuracy: 94.37, data load time: 0.08162, step time: 0.09875
epoch: [17], step: [868/1543], batch loss: 0.11297, batch accuracy: 92.39, data load time: 0.09197, step time: 0.10081
epoch: [17], step: [968/1543], batch loss: 0.21177, batch accuracy: 79.46, data load time: 0.03288, step time: 0.10407
epoch: [17], step: [1068/1543], batch loss: 0.14815, batch accuracy: 87.44, data load time: 0.09492, step time: 0.10172
epoch: [17], step: [1168/1543], batch loss: 0.14779, batch accuracy: 87.23, data load time: 0.09139, step time: 0.10159
epoch: [17], step: [1268/1543], batch loss: 0.19198, batch accuracy: 82.03, data load time: 0.11680, step time: 0.10159
epoch: [17], step: [1368/1543], batch loss: 0.14658, batch accuracy: 85.14, data load time: 0.06840, step time: 0.09816
epoch: [17], step: [1468/1543], batch loss: 0.13187, batch accuracy: 93.62, data load time: 0.07587, step time: 0.10095
EVALUATION METRICS:
-------------------------------------------------------------

Validation AUC Score: 0.8691

-------------------------------------------------------------
validation loss: 0.17119, accuracy: 86.91
epoch: [18], step: [25/1543], batch loss: 0.14284, batch accuracy: 90.14, data load time: 0.08550, step time: 0.10294
epoch: [18], step: [125/1543], batch loss: 0.16729, batch accuracy: 93.03, data load time: 0.06113, step time: 0.10261
epoch: [18], step: [225/1543], batch loss: 0.14338, batch accuracy: 93.42, data load time: 0.07108, step time: 0.10387
epoch: [18], step: [325/1543], batch loss: 0.14847, batch accuracy: 84.41, data load time: 0.09452, step time: 0.10081
epoch: [18], step: [425/1543], batch loss: 0.16019, batch accuracy: 90.55, data load time: 0.01384, step time: 0.10599
epoch: [18], step: [525/1543], batch loss: 0.15252, batch accuracy: 91.79, data load time: 0.08758, step time: 0.10464
epoch: [18], step: [625/1543], batch loss: 0.15763, batch accuracy: 92.12, data load time: 0.07209, step time: 0.10204
epoch: [18], step: [725/1543], batch loss: 0.13054, batch accuracy: 85.88, data load time: 0.07731, step time: 0.09892
epoch: [18], step: [825/1543], batch loss: 0.13699, batch accuracy: 91.88, data load time: 0.05297, step time: 0.10461
epoch: [18], step: [925/1543], batch loss: 0.13722, batch accuracy: 86.41, data load time: 0.04028, step time: 0.09802
epoch: [18], step: [1025/1543], batch loss: 0.18234, batch accuracy: 90.65, data load time: 0.11200, step time: 0.10681
epoch: [18], step: [1125/1543], batch loss: 0.12262, batch accuracy: 92.36, data load time: 0.06267, step time: 0.10092
epoch: [18], step: [1225/1543], batch loss: 0.11662, batch accuracy: 93.46, data load time: 0.11388, step time: 0.09808
epoch: [18], step: [1325/1543], batch loss: 0.11623, batch accuracy: 92.37, data load time: 0.10000, step time: 0.09825
epoch: [18], step: [1425/1543], batch loss: 0.11761, batch accuracy: 93.37, data load time: 0.09605, step time: 0.10252
epoch: [18], step: [1525/1543], batch loss: 0.21839, batch accuracy: 82.17, data load time: 0.07354, step time: 0.10739
EVALUATION METRICS:
-------------------------------------------------------------

Validation AUC Score: 0.8699

-------------------------------------------------------------
validation loss: 0.16007, accuracy: 86.99
epoch: [19], step: [82/1543], batch loss: 0.13708, batch accuracy: 88.07, data load time: 0.00868, step time: 0.10107
epoch: [19], step: [182/1543], batch loss: 0.16528, batch accuracy: 84.18, data load time: 0.06229, step time: 0.10390
epoch: [19], step: [282/1543], batch loss: 0.13856, batch accuracy: 88.25, data load time: 0.08215, step time: 0.10381
epoch: [19], step: [382/1543], batch loss: 0.15150, batch accuracy: 91.07, data load time: 0.05055, step time: 0.10033
epoch: [19], step: [482/1543], batch loss: 0.12820, batch accuracy: 87.34, data load time: 0.06205, step time: 0.09855
epoch: [19], step: [582/1543], batch loss: 0.09623, batch accuracy: 96.19, data load time: 0.07585, step time: 0.10034
epoch: [19], step: [682/1543], batch loss: 0.10610, batch accuracy: 95.04, data load time: 0.07335, step time: 0.10117
epoch: [19], step: [782/1543], batch loss: 0.15647, batch accuracy: 92.33, data load time: 0.07953, step time: 0.10565
epoch: [19], step: [882/1543], batch loss: 0.14400, batch accuracy: 87.39, data load time: 0.14954, step time: 0.10032
epoch: [19], step: [982/1543], batch loss: 0.14033, batch accuracy: 87.88, data load time: 0.08451, step time: 0.10131
epoch: [19], step: [1082/1543], batch loss: 0.15961, batch accuracy: 85.39, data load time: 0.10454, step time: 0.10389
epoch: [19], step: [1182/1543], batch loss: 0.24836, batch accuracy: 76.85, data load time: 0.07640, step time: 0.10326
epoch: [19], step: [1282/1543], batch loss: 0.12877, batch accuracy: 91.00, data load time: 0.06856, step time: 0.10023
epoch: [19], step: [1382/1543], batch loss: 0.15262, batch accuracy: 81.77, data load time: 0.05886, step time: 0.10028
epoch: [19], step: [1482/1543], batch loss: 0.10631, batch accuracy: 90.83, data load time: 0.13299, step time: 0.09967
EVALUATION METRICS:
-------------------------------------------------------------

Validation AUC Score: 0.8709

-------------------------------------------------------------
validation loss: 0.15420, accuracy: 87.09
EVALUATION METRICS:
-------------------------------------------------------------

Test AUC Score: 0.8791, Class Labels: ambient: 0.9251, baroque: 0.9532, bass: 0.7880, beat: 0.9193, cello: 0.9076, chant: 0.9270, choir: 0.9798, classical: 0.8945, country: 0.9106, dance: 0.9457, drum: 0.8363, eastern: 0.8541, electro: 0.8533, fast: 0.8570, female: 0.8966, flute: 0.9218, folk: 0.8594, foreign: 0.8823, guitar: 0.8671, hard: 0.9759, harp: 0.9199, harpsichord: 0.9811, heavy: 0.9771, india: 0.8082, jazz: 0.8924, loud: 0.9040, male: 0.8700, modern: 0.8160, new age: 0.8572, no beat: 0.7556, no piano: 0.6584, no singer: 0.6572, opera: 0.9639, orchestra: 0.9208, piano: 0.9273, pop: 0.9231, quiet: 0.8990, rock: 0.9818, singer: 0.8710, sitar: 0.8555, slow: 0.8207, soft: 0.8324, solo: 0.8581, strange: 0.7481, string: 0.8611, synth: 0.8253, techno: 0.9490, trance: 0.9028, violin: 0.9113, vocal: 0.8500

-------------------------------------------------------------
validation loss: 0.43965, accuracy: 87.91
