Loading data from train_dataset
Loading data from val_dataset
Loading data from test_dataset
Writing logs to logs/CNN_sgd_momentum=0.9_learning_rate=0.2_conv_length=256_conv_stride=256_batch_size=10_epochs=20_weight_decay=1e-05_model=BaseCNNNonInitialised_run_0
epoch: [0], step: [99/1543], batch loss: 0.20677, batch accuracy: 61.75, data load time: 0.36815, step time: 0.03588
epoch: [0], step: [199/1543], batch loss: 0.21427, batch accuracy: 61.70, data load time: 0.31624, step time: 0.03364
epoch: [0], step: [299/1543], batch loss: 0.18924, batch accuracy: 77.60, data load time: 0.37472, step time: 0.03671
epoch: [0], step: [399/1543], batch loss: 0.20966, batch accuracy: 74.36, data load time: 0.29734, step time: 0.04185
epoch: [0], step: [499/1543], batch loss: 0.15878, batch accuracy: 75.74, data load time: 0.28119, step time: 0.03245
epoch: [0], step: [599/1543], batch loss: 0.22724, batch accuracy: 66.97, data load time: 0.31876, step time: 0.03737
epoch: [0], step: [699/1543], batch loss: 0.20701, batch accuracy: 72.38, data load time: 0.25966, step time: 0.03669
epoch: [0], step: [799/1543], batch loss: 0.27202, batch accuracy: 70.89, data load time: 0.29333, step time: 0.03595
epoch: [0], step: [899/1543], batch loss: 0.15595, batch accuracy: 76.55, data load time: 0.30205, step time: 0.03312
epoch: [0], step: [999/1543], batch loss: 0.22670, batch accuracy: 71.45, data load time: 0.33650, step time: 0.03870
epoch: [0], step: [1099/1543], batch loss: 0.19297, batch accuracy: 61.86, data load time: 0.23284, step time: 0.03667
epoch: [0], step: [1199/1543], batch loss: 0.27168, batch accuracy: 76.08, data load time: 0.36287, step time: 0.04349
epoch: [0], step: [1299/1543], batch loss: 0.17371, batch accuracy: 74.57, data load time: 0.30613, step time: 0.03791
epoch: [0], step: [1399/1543], batch loss: 0.20069, batch accuracy: 77.80, data load time: 0.25234, step time: 0.03653
epoch: [0], step: [1499/1543], batch loss: 0.17388, batch accuracy: 87.27, data load time: 0.29921, step time: 0.03808
EVALUATION METRICS:
-------------------------------------------------------------

Validation AUC Score: 0.7507

-------------------------------------------------------------
validation loss: 0.19616, accuracy: 75.07
epoch: [1], step: [56/1543], batch loss: 0.17613, batch accuracy: 81.06, data load time: 0.24277, step time: 0.03795
epoch: [1], step: [156/1543], batch loss: 0.17411, batch accuracy: 80.72, data load time: 0.26592, step time: 0.03453
epoch: [1], step: [256/1543], batch loss: 0.16277, batch accuracy: 72.72, data load time: 0.34548, step time: 0.03321
epoch: [1], step: [356/1543], batch loss: 0.21819, batch accuracy: 80.66, data load time: 0.36612, step time: 0.03790
epoch: [1], step: [456/1543], batch loss: 0.16896, batch accuracy: 72.38, data load time: 0.36572, step time: 0.03373
epoch: [1], step: [556/1543], batch loss: 0.22153, batch accuracy: 75.61, data load time: 0.30453, step time: 0.03540
epoch: [1], step: [656/1543], batch loss: 0.17439, batch accuracy: 84.56, data load time: 0.29553, step time: 0.03500
epoch: [1], step: [756/1543], batch loss: 0.14335, batch accuracy: 85.12, data load time: 0.25824, step time: 0.03381
epoch: [1], step: [856/1543], batch loss: 0.21070, batch accuracy: 80.87, data load time: 0.27330, step time: 0.03874
epoch: [1], step: [956/1543], batch loss: 0.19841, batch accuracy: 57.35, data load time: 0.40559, step time: 0.03373
epoch: [1], step: [1056/1543], batch loss: 0.15080, batch accuracy: 86.63, data load time: 0.33404, step time: 0.03174
epoch: [1], step: [1156/1543], batch loss: 0.23424, batch accuracy: 77.01, data load time: 0.31466, step time: 0.03938
epoch: [1], step: [1256/1543], batch loss: 0.19428, batch accuracy: 85.19, data load time: 0.31829, step time: 0.04072
epoch: [1], step: [1356/1543], batch loss: 0.14271, batch accuracy: 80.44, data load time: 0.25971, step time: 0.03174
epoch: [1], step: [1456/1543], batch loss: 0.24792, batch accuracy: 75.80, data load time: 0.36978, step time: 0.03806
EVALUATION METRICS:
-------------------------------------------------------------

Validation AUC Score: 0.7753

-------------------------------------------------------------
validation loss: 0.20722, accuracy: 77.53
epoch: [2], step: [13/1543], batch loss: 0.13798, batch accuracy: 85.96, data load time: 0.32350, step time: 0.03372
epoch: [2], step: [113/1543], batch loss: 0.27760, batch accuracy: 68.12, data load time: 0.33897, step time: 0.04411
epoch: [2], step: [213/1543], batch loss: 0.19895, batch accuracy: 82.42, data load time: 0.26725, step time: 0.03905
epoch: [2], step: [313/1543], batch loss: 0.16938, batch accuracy: 85.53, data load time: 0.28030, step time: 0.03524
epoch: [2], step: [413/1543], batch loss: 0.15503, batch accuracy: 83.91, data load time: 0.30993, step time: 0.03376
epoch: [2], step: [513/1543], batch loss: 0.15383, batch accuracy: 83.40, data load time: 0.21885, step time: 0.03453
epoch: [2], step: [613/1543], batch loss: 0.19573, batch accuracy: 83.45, data load time: 0.27316, step time: 0.03809
epoch: [2], step: [713/1543], batch loss: 0.18898, batch accuracy: 75.08, data load time: 0.30155, step time: 0.03604
epoch: [2], step: [813/1543], batch loss: 0.19016, batch accuracy: 68.43, data load time: 0.27612, step time: 0.03533
epoch: [2], step: [913/1543], batch loss: 0.22089, batch accuracy: 81.58, data load time: 0.33748, step time: 0.03678
epoch: [2], step: [1013/1543], batch loss: 0.16780, batch accuracy: 90.44, data load time: 0.27403, step time: 0.03242
epoch: [2], step: [1113/1543], batch loss: 0.18338, batch accuracy: 76.33, data load time: 0.27961, step time: 0.03659
epoch: [2], step: [1213/1543], batch loss: 0.22757, batch accuracy: 64.27, data load time: 0.24206, step time: 0.03737
epoch: [2], step: [1313/1543], batch loss: 0.12491, batch accuracy: 79.40, data load time: 0.30833, step time: 0.03035
epoch: [2], step: [1413/1543], batch loss: 0.17413, batch accuracy: 77.53, data load time: 0.28545, step time: 0.03096
epoch: [2], step: [1513/1543], batch loss: 0.15090, batch accuracy: 80.63, data load time: 0.29422, step time: 0.03351
EVALUATION METRICS:
-------------------------------------------------------------

Validation AUC Score: 0.7942

-------------------------------------------------------------
validation loss: 0.18149, accuracy: 79.42
epoch: [3], step: [70/1543], batch loss: 0.21519, batch accuracy: 70.62, data load time: 0.33231, step time: 0.03588
epoch: [3], step: [170/1543], batch loss: 0.19010, batch accuracy: 81.41, data load time: 0.26158, step time: 0.03603
epoch: [3], step: [270/1543], batch loss: 0.15303, batch accuracy: 82.60, data load time: 0.27541, step time: 0.03524
epoch: [3], step: [370/1543], batch loss: 0.13872, batch accuracy: 93.15, data load time: 0.25414, step time: 0.03587
epoch: [3], step: [470/1543], batch loss: 0.17266, batch accuracy: 81.47, data load time: 0.27850, step time: 0.03664
epoch: [3], step: [570/1543], batch loss: 0.16620, batch accuracy: 91.17, data load time: 0.32537, step time: 0.03687
epoch: [3], step: [670/1543], batch loss: 0.16056, batch accuracy: 79.18, data load time: 0.29045, step time: 0.04031
epoch: [3], step: [770/1543], batch loss: 0.17861, batch accuracy: 81.06, data load time: 0.22596, step time: 0.03523
epoch: [3], step: [870/1543], batch loss: 0.12181, batch accuracy: 86.26, data load time: 0.32706, step time: 0.03200
epoch: [3], step: [970/1543], batch loss: 0.15539, batch accuracy: 83.36, data load time: 0.27053, step time: 0.03253
epoch: [3], step: [1070/1543], batch loss: 0.13722, batch accuracy: 85.99, data load time: 0.31230, step time: 0.03809
epoch: [3], step: [1170/1543], batch loss: 0.18892, batch accuracy: 82.08, data load time: 0.25050, step time: 0.03605
epoch: [3], step: [1270/1543], batch loss: 0.14099, batch accuracy: 82.98, data load time: 0.23791, step time: 0.03322
epoch: [3], step: [1370/1543], batch loss: 0.18608, batch accuracy: 84.28, data load time: 0.35558, step time: 0.03986
epoch: [3], step: [1470/1543], batch loss: 0.15450, batch accuracy: 86.23, data load time: 0.20373, step time: 0.03540
EVALUATION METRICS:
-------------------------------------------------------------

Validation AUC Score: 0.8146

-------------------------------------------------------------
validation loss: 0.17205, accuracy: 81.46
epoch: [4], step: [27/1543], batch loss: 0.17216, batch accuracy: 89.66, data load time: 0.31560, step time: 0.03962
epoch: [4], step: [127/1543], batch loss: 0.17565, batch accuracy: 75.14, data load time: 0.28888, step time: 0.03630
epoch: [4], step: [227/1543], batch loss: 0.18603, batch accuracy: 87.82, data load time: 0.34690, step time: 0.03666
epoch: [4], step: [327/1543], batch loss: 0.16490, batch accuracy: 81.15, data load time: 0.22014, step time: 0.03834
epoch: [4], step: [427/1543], batch loss: 0.14831, batch accuracy: 81.83, data load time: 0.26963, step time: 0.03468
epoch: [4], step: [527/1543], batch loss: 0.19573, batch accuracy: 81.24, data load time: 0.19404, step time: 0.03788
epoch: [4], step: [627/1543], batch loss: 0.20222, batch accuracy: 79.45, data load time: 0.28253, step time: 0.03561
epoch: [4], step: [727/1543], batch loss: 0.19323, batch accuracy: 77.47, data load time: 0.28606, step time: 0.03891
epoch: [4], step: [827/1543], batch loss: 0.17946, batch accuracy: 80.61, data load time: 0.35589, step time: 0.03820
epoch: [4], step: [927/1543], batch loss: 0.22134, batch accuracy: 82.62, data load time: 0.23583, step time: 0.03874
epoch: [4], step: [1027/1543], batch loss: 0.21505, batch accuracy: 80.42, data load time: 0.25706, step time: 0.03889
epoch: [4], step: [1127/1543], batch loss: 0.22419, batch accuracy: 84.36, data load time: 0.46167, step time: 0.03821
epoch: [4], step: [1227/1543], batch loss: 0.13733, batch accuracy: 87.33, data load time: 0.28217, step time: 0.03771
epoch: [4], step: [1327/1543], batch loss: 0.18669, batch accuracy: 80.87, data load time: 0.36770, step time: 0.03485
epoch: [4], step: [1427/1543], batch loss: 0.15967, batch accuracy: 84.03, data load time: 0.30228, step time: 0.03530
epoch: [4], step: [1527/1543], batch loss: 0.16561, batch accuracy: 86.87, data load time: 0.22760, step time: 0.03579
EVALUATION METRICS:
-------------------------------------------------------------

Validation AUC Score: 0.8146

-------------------------------------------------------------
validation loss: 0.16845, accuracy: 81.46
epoch: [5], step: [84/1543], batch loss: 0.19687, batch accuracy: 63.28, data load time: 0.35577, step time: 0.03317
epoch: [5], step: [184/1543], batch loss: 0.15056, batch accuracy: 88.40, data load time: 0.26175, step time: 0.03148
epoch: [5], step: [284/1543], batch loss: 0.18651, batch accuracy: 90.54, data load time: 0.25249, step time: 0.03868
epoch: [5], step: [384/1543], batch loss: 0.17371, batch accuracy: 89.98, data load time: 0.25416, step time: 0.03885
epoch: [5], step: [484/1543], batch loss: 0.15200, batch accuracy: 75.66, data load time: 0.23252, step time: 0.03541
epoch: [5], step: [584/1543], batch loss: 0.17493, batch accuracy: 77.36, data load time: 0.23914, step time: 0.03225
epoch: [5], step: [684/1543], batch loss: 0.15309, batch accuracy: 87.02, data load time: 0.17079, step time: 0.03678
epoch: [5], step: [784/1543], batch loss: 0.16347, batch accuracy: 91.51, data load time: 0.25368, step time: 0.03666
epoch: [5], step: [884/1543], batch loss: 0.17772, batch accuracy: 90.49, data load time: 0.26406, step time: 0.03810
epoch: [5], step: [984/1543], batch loss: 0.16297, batch accuracy: 82.35, data load time: 0.27951, step time: 0.03681
epoch: [5], step: [1084/1543], batch loss: 0.20164, batch accuracy: 83.41, data load time: 0.20451, step time: 0.03891
epoch: [5], step: [1184/1543], batch loss: 0.15311, batch accuracy: 86.23, data load time: 0.26524, step time: 0.03488
epoch: [5], step: [1284/1543], batch loss: 0.17283, batch accuracy: 78.63, data load time: 0.27990, step time: 0.03610
epoch: [5], step: [1384/1543], batch loss: 0.19122, batch accuracy: 85.32, data load time: 0.34658, step time: 0.04009
epoch: [5], step: [1484/1543], batch loss: 0.17443, batch accuracy: 87.72, data load time: 0.32434, step time: 0.03529
EVALUATION METRICS:
-------------------------------------------------------------

Validation AUC Score: 0.8212

-------------------------------------------------------------
validation loss: 0.16637, accuracy: 82.12
epoch: [6], step: [41/1543], batch loss: 0.17977, batch accuracy: 85.66, data load time: 0.23833, step time: 0.03905
epoch: [6], step: [141/1543], batch loss: 0.19272, batch accuracy: 83.65, data load time: 0.39844, step time: 0.03722
epoch: [6], step: [241/1543], batch loss: 0.17567, batch accuracy: 83.27, data load time: 0.23596, step time: 0.03738
epoch: [6], step: [341/1543], batch loss: 0.24582, batch accuracy: 73.85, data load time: 0.25838, step time: 0.03943
epoch: [6], step: [441/1543], batch loss: 0.14608, batch accuracy: 92.78, data load time: 0.26976, step time: 0.03591
epoch: [6], step: [541/1543], batch loss: 0.17508, batch accuracy: 83.58, data load time: 0.27353, step time: 0.03714
epoch: [6], step: [641/1543], batch loss: 0.16451, batch accuracy: 87.51, data load time: 0.29246, step time: 0.03691
epoch: [6], step: [741/1543], batch loss: 0.22364, batch accuracy: 79.80, data load time: 0.35237, step time: 0.04236
epoch: [6], step: [841/1543], batch loss: 0.16025, batch accuracy: 82.23, data load time: 0.23580, step time: 0.03494
epoch: [6], step: [941/1543], batch loss: 0.17480, batch accuracy: 84.36, data load time: 0.39480, step time: 0.03613
epoch: [6], step: [1041/1543], batch loss: 0.18220, batch accuracy: 87.04, data load time: 0.23230, step time: 0.03805
epoch: [6], step: [1141/1543], batch loss: 0.15950, batch accuracy: 80.52, data load time: 0.24904, step time: 0.03595
epoch: [6], step: [1241/1543], batch loss: 0.17480, batch accuracy: 84.54, data load time: 0.31325, step time: 0.03588
epoch: [6], step: [1341/1543], batch loss: 0.18356, batch accuracy: 75.21, data load time: 0.31326, step time: 0.03343
epoch: [6], step: [1441/1543], batch loss: 0.15045, batch accuracy: 81.56, data load time: 0.25453, step time: 0.03290
epoch: [6], step: [1541/1543], batch loss: 0.17712, batch accuracy: 86.34, data load time: 0.21922, step time: 0.04327
EVALUATION METRICS:
-------------------------------------------------------------

Validation AUC Score: 0.8261

-------------------------------------------------------------
validation loss: 0.16788, accuracy: 82.61
epoch: [7], step: [98/1543], batch loss: 0.20018, batch accuracy: 87.15, data load time: 0.19531, step time: 0.04184
epoch: [7], step: [198/1543], batch loss: 0.15224, batch accuracy: 88.93, data load time: 0.27217, step time: 0.03712
epoch: [7], step: [298/1543], batch loss: 0.18458, batch accuracy: 81.26, data load time: 0.23187, step time: 0.03719
epoch: [7], step: [398/1543], batch loss: 0.13425, batch accuracy: 89.18, data load time: 0.29095, step time: 0.03353
epoch: [7], step: [498/1543], batch loss: 0.14418, batch accuracy: 86.39, data load time: 0.23578, step time: 0.03573
epoch: [7], step: [598/1543], batch loss: 0.14568, batch accuracy: 89.13, data load time: 0.22526, step time: 0.03664
epoch: [7], step: [698/1543], batch loss: 0.13683, batch accuracy: 90.60, data load time: 0.20770, step time: 0.03395
epoch: [7], step: [798/1543], batch loss: 0.22148, batch accuracy: 73.50, data load time: 0.24123, step time: 0.03450
epoch: [7], step: [898/1543], batch loss: 0.13854, batch accuracy: 80.92, data load time: 0.18141, step time: 0.03264
epoch: [7], step: [998/1543], batch loss: 0.18482, batch accuracy: 73.43, data load time: 0.21007, step time: 0.03593
epoch: [7], step: [1098/1543], batch loss: 0.17329, batch accuracy: 84.98, data load time: 0.29768, step time: 0.03517
epoch: [7], step: [1198/1543], batch loss: 0.14025, batch accuracy: 88.83, data load time: 0.24507, step time: 0.03392
epoch: [7], step: [1298/1543], batch loss: 0.13617, batch accuracy: 85.22, data load time: 0.22139, step time: 0.03391
epoch: [7], step: [1398/1543], batch loss: 0.18392, batch accuracy: 80.86, data load time: 0.25995, step time: 0.03775
epoch: [7], step: [1498/1543], batch loss: 0.19217, batch accuracy: 80.53, data load time: 0.29991, step time: 0.03657
EVALUATION METRICS:
-------------------------------------------------------------

Validation AUC Score: 0.8339

-------------------------------------------------------------
validation loss: 0.16538, accuracy: 83.39
epoch: [8], step: [55/1543], batch loss: 0.14316, batch accuracy: 92.54, data load time: 0.21855, step time: 0.03689
epoch: [8], step: [155/1543], batch loss: 0.20944, batch accuracy: 84.15, data load time: 0.23012, step time: 0.04333
epoch: [8], step: [255/1543], batch loss: 0.14736, batch accuracy: 91.13, data load time: 0.24900, step time: 0.03725
epoch: [8], step: [355/1543], batch loss: 0.14948, batch accuracy: 88.61, data load time: 0.16839, step time: 0.03525
epoch: [8], step: [455/1543], batch loss: 0.18328, batch accuracy: 87.68, data load time: 0.26849, step time: 0.03750
epoch: [8], step: [555/1543], batch loss: 0.15231, batch accuracy: 87.96, data load time: 0.27757, step time: 0.03700
epoch: [8], step: [655/1543], batch loss: 0.15856, batch accuracy: 82.65, data load time: 0.26145, step time: 0.03548
epoch: [8], step: [755/1543], batch loss: 0.14374, batch accuracy: 88.38, data load time: 0.27377, step time: 0.03684
epoch: [8], step: [855/1543], batch loss: 0.20661, batch accuracy: 81.17, data load time: 0.16280, step time: 0.03965
epoch: [8], step: [955/1543], batch loss: 0.20581, batch accuracy: 87.41, data load time: 0.20331, step time: 0.04151
epoch: [8], step: [1055/1543], batch loss: 0.16077, batch accuracy: 85.45, data load time: 0.25565, step time: 0.03685
epoch: [8], step: [1155/1543], batch loss: 0.15547, batch accuracy: 76.92, data load time: 0.29503, step time: 0.03376
epoch: [8], step: [1255/1543], batch loss: 0.11081, batch accuracy: 89.25, data load time: 0.13617, step time: 0.03113
epoch: [8], step: [1355/1543], batch loss: 0.26197, batch accuracy: 75.79, data load time: 0.24253, step time: 0.03745
epoch: [8], step: [1455/1543], batch loss: 0.13039, batch accuracy: 89.37, data load time: 0.34621, step time: 0.03556
EVALUATION METRICS:
-------------------------------------------------------------

Validation AUC Score: 0.8355

-------------------------------------------------------------
validation loss: 0.16020, accuracy: 83.55
epoch: [9], step: [12/1543], batch loss: 0.22366, batch accuracy: 79.74, data load time: 0.23949, step time: 0.04239
epoch: [9], step: [112/1543], batch loss: 0.22203, batch accuracy: 67.23, data load time: 0.20654, step time: 0.03610
epoch: [9], step: [212/1543], batch loss: 0.17218, batch accuracy: 79.22, data load time: 0.24741, step time: 0.03702
epoch: [9], step: [312/1543], batch loss: 0.22261, batch accuracy: 86.29, data load time: 0.25424, step time: 0.03943
epoch: [9], step: [412/1543], batch loss: 0.14846, batch accuracy: 69.12, data load time: 0.20699, step time: 0.03175
epoch: [9], step: [512/1543], batch loss: 0.20377, batch accuracy: 85.07, data load time: 0.23016, step time: 0.03942
epoch: [9], step: [612/1543], batch loss: 0.18508, batch accuracy: 84.94, data load time: 0.24313, step time: 0.03743
epoch: [9], step: [712/1543], batch loss: 0.18063, batch accuracy: 87.50, data load time: 0.25434, step time: 0.03817
epoch: [9], step: [812/1543], batch loss: 0.16097, batch accuracy: 79.46, data load time: 0.27595, step time: 0.03593
epoch: [9], step: [912/1543], batch loss: 0.14710, batch accuracy: 92.91, data load time: 0.27803, step time: 0.03640
epoch: [9], step: [1012/1543], batch loss: 0.13603, batch accuracy: 90.40, data load time: 0.22413, step time: 0.03322
epoch: [9], step: [1112/1543], batch loss: 0.17049, batch accuracy: 89.56, data load time: 0.27022, step time: 0.03736
epoch: [9], step: [1212/1543], batch loss: 0.22676, batch accuracy: 84.63, data load time: 0.19223, step time: 0.03654
epoch: [9], step: [1312/1543], batch loss: 0.16640, batch accuracy: 86.84, data load time: 0.27060, step time: 0.03611
epoch: [9], step: [1412/1543], batch loss: 0.19994, batch accuracy: 85.96, data load time: 0.26011, step time: 0.03734
epoch: [9], step: [1512/1543], batch loss: 0.17048, batch accuracy: 88.86, data load time: 0.26243, step time: 0.03601
EVALUATION METRICS:
-------------------------------------------------------------

Validation AUC Score: 0.8359

-------------------------------------------------------------
validation loss: 0.16267, accuracy: 83.59
epoch: [10], step: [69/1543], batch loss: 0.12462, batch accuracy: 90.56, data load time: 0.25403, step time: 0.03173
epoch: [10], step: [169/1543], batch loss: 0.15757, batch accuracy: 84.90, data load time: 0.25381, step time: 0.03659
epoch: [10], step: [269/1543], batch loss: 0.13570, batch accuracy: 90.17, data load time: 0.24134, step time: 0.03527
epoch: [10], step: [369/1543], batch loss: 0.16399, batch accuracy: 94.39, data load time: 0.27312, step time: 0.03658
epoch: [10], step: [469/1543], batch loss: 0.14772, batch accuracy: 82.91, data load time: 0.25382, step time: 0.03301
epoch: [10], step: [569/1543], batch loss: 0.19395, batch accuracy: 82.21, data load time: 0.28230, step time: 0.03823
epoch: [10], step: [669/1543], batch loss: 0.14651, batch accuracy: 89.19, data load time: 0.33380, step time: 0.03609
epoch: [10], step: [769/1543], batch loss: 0.14799, batch accuracy: 87.53, data load time: 0.26541, step time: 0.03649
epoch: [10], step: [869/1543], batch loss: 0.17993, batch accuracy: 83.47, data load time: 0.28165, step time: 0.03931
epoch: [10], step: [969/1543], batch loss: 0.17735, batch accuracy: 72.31, data load time: 0.27099, step time: 0.03463
epoch: [10], step: [1069/1543], batch loss: 0.17218, batch accuracy: 80.13, data load time: 0.24120, step time: 0.03936
epoch: [10], step: [1169/1543], batch loss: 0.13820, batch accuracy: 89.51, data load time: 0.24752, step time: 0.03448
epoch: [10], step: [1269/1543], batch loss: 0.14130, batch accuracy: 85.53, data load time: 0.16569, step time: 0.03603
epoch: [10], step: [1369/1543], batch loss: 0.17122, batch accuracy: 88.23, data load time: 0.21769, step time: 0.03850
epoch: [10], step: [1469/1543], batch loss: 0.16878, batch accuracy: 83.11, data load time: 0.24294, step time: 0.03790
EVALUATION METRICS:
-------------------------------------------------------------

Validation AUC Score: 0.8340

-------------------------------------------------------------
validation loss: 0.16205, accuracy: 83.40
epoch: [11], step: [26/1543], batch loss: 0.13599, batch accuracy: 86.48, data load time: 0.28499, step time: 0.03664
epoch: [11], step: [126/1543], batch loss: 0.16414, batch accuracy: 82.31, data load time: 0.28484, step time: 0.03557
epoch: [11], step: [226/1543], batch loss: 0.18548, batch accuracy: 85.04, data load time: 0.29341, step time: 0.03803
epoch: [11], step: [326/1543], batch loss: 0.15214, batch accuracy: 92.05, data load time: 0.28083, step time: 0.03476
epoch: [11], step: [426/1543], batch loss: 0.13203, batch accuracy: 95.83, data load time: 0.25649, step time: 0.03799
epoch: [11], step: [526/1543], batch loss: 0.16143, batch accuracy: 79.82, data load time: 0.29424, step time: 0.03216
epoch: [11], step: [626/1543], batch loss: 0.14851, batch accuracy: 92.25, data load time: 0.30984, step time: 0.03903
epoch: [11], step: [726/1543], batch loss: 0.14974, batch accuracy: 85.45, data load time: 0.23572, step time: 0.03534
epoch: [11], step: [826/1543], batch loss: 0.22989, batch accuracy: 76.21, data load time: 0.18972, step time: 0.03519
epoch: [11], step: [926/1543], batch loss: 0.15040, batch accuracy: 89.87, data load time: 0.22178, step time: 0.03681
epoch: [11], step: [1026/1543], batch loss: 0.19547, batch accuracy: 90.56, data load time: 0.16482, step time: 0.04073
epoch: [11], step: [1126/1543], batch loss: 0.17455, batch accuracy: 80.91, data load time: 0.22301, step time: 0.03845
epoch: [11], step: [1226/1543], batch loss: 0.15178, batch accuracy: 89.31, data load time: 0.22804, step time: 0.03371
epoch: [11], step: [1326/1543], batch loss: 0.14219, batch accuracy: 87.14, data load time: 0.22775, step time: 0.03597
epoch: [11], step: [1426/1543], batch loss: 0.14637, batch accuracy: 90.58, data load time: 0.22207, step time: 0.03600
epoch: [11], step: [1526/1543], batch loss: 0.12503, batch accuracy: 90.26, data load time: 0.23007, step time: 0.03466
EVALUATION METRICS:
-------------------------------------------------------------

Validation AUC Score: 0.8422

-------------------------------------------------------------
validation loss: 0.16228, accuracy: 84.22
epoch: [12], step: [83/1543], batch loss: 0.14738, batch accuracy: 96.46, data load time: 0.27725, step time: 0.03876
epoch: [12], step: [183/1543], batch loss: 0.19734, batch accuracy: 82.67, data load time: 0.21083, step time: 0.03751
epoch: [12], step: [283/1543], batch loss: 0.14896, batch accuracy: 86.16, data load time: 0.27060, step time: 0.03632
epoch: [12], step: [383/1543], batch loss: 0.16382, batch accuracy: 88.59, data load time: 0.28180, step time: 0.03720
epoch: [12], step: [483/1543], batch loss: 0.15344, batch accuracy: 85.19, data load time: 0.30072, step time: 0.03601
epoch: [12], step: [583/1543], batch loss: 0.16498, batch accuracy: 90.80, data load time: 0.35332, step time: 0.04000
epoch: [12], step: [683/1543], batch loss: 0.16285, batch accuracy: 84.42, data load time: 0.24794, step time: 0.03925
epoch: [12], step: [783/1543], batch loss: 0.14564, batch accuracy: 89.88, data load time: 0.19751, step time: 0.03439
epoch: [12], step: [883/1543], batch loss: 0.15030, batch accuracy: 85.00, data load time: 0.18159, step time: 0.03514
epoch: [12], step: [983/1543], batch loss: 0.16402, batch accuracy: 86.10, data load time: 0.22125, step time: 0.03656
epoch: [12], step: [1083/1543], batch loss: 0.24272, batch accuracy: 77.84, data load time: 0.20283, step time: 0.03243
epoch: [12], step: [1183/1543], batch loss: 0.21609, batch accuracy: 77.25, data load time: 0.22415, step time: 0.03674
epoch: [12], step: [1283/1543], batch loss: 0.21494, batch accuracy: 75.61, data load time: 0.24423, step time: 0.03892
epoch: [12], step: [1383/1543], batch loss: 0.15245, batch accuracy: 91.71, data load time: 0.23061, step time: 0.03475
epoch: [12], step: [1483/1543], batch loss: 0.22920, batch accuracy: 80.20, data load time: 0.27551, step time: 0.03943
EVALUATION METRICS:
-------------------------------------------------------------

Validation AUC Score: 0.8376

-------------------------------------------------------------
validation loss: 0.16201, accuracy: 83.76
epoch: [13], step: [40/1543], batch loss: 0.17041, batch accuracy: 89.53, data load time: 0.29377, step time: 0.03728
epoch: [13], step: [140/1543], batch loss: 0.17087, batch accuracy: 83.62, data load time: 0.26796, step time: 0.03603
epoch: [13], step: [240/1543], batch loss: 0.15589, batch accuracy: 84.01, data load time: 0.20456, step time: 0.03513
epoch: [13], step: [340/1543], batch loss: 0.13626, batch accuracy: 89.88, data load time: 0.22593, step time: 0.03441
epoch: [13], step: [440/1543], batch loss: 0.16718, batch accuracy: 85.50, data load time: 0.21990, step time: 0.03928
epoch: [13], step: [540/1543], batch loss: 0.15258, batch accuracy: 88.99, data load time: 0.29177, step time: 0.03600
epoch: [13], step: [640/1543], batch loss: 0.12085, batch accuracy: 85.35, data load time: 0.15138, step time: 0.03534
epoch: [13], step: [740/1543], batch loss: 0.17424, batch accuracy: 88.01, data load time: 0.29265, step time: 0.03515
epoch: [13], step: [840/1543], batch loss: 0.16291, batch accuracy: 89.06, data load time: 0.29763, step time: 0.03731
epoch: [13], step: [940/1543], batch loss: 0.19267, batch accuracy: 88.11, data load time: 0.31285, step time: 0.04604
epoch: [13], step: [1040/1543], batch loss: 0.15621, batch accuracy: 91.24, data load time: 0.21981, step time: 0.03575
epoch: [13], step: [1140/1543], batch loss: 0.17303, batch accuracy: 87.42, data load time: 0.27176, step time: 0.03803
epoch: [13], step: [1240/1543], batch loss: 0.18480, batch accuracy: 80.76, data load time: 0.24500, step time: 0.03675
epoch: [13], step: [1340/1543], batch loss: 0.15698, batch accuracy: 86.43, data load time: 0.30424, step time: 0.03995
epoch: [13], step: [1440/1543], batch loss: 0.16141, batch accuracy: 83.73, data load time: 0.22866, step time: 0.03716
epoch: [13], step: [1540/1543], batch loss: 0.21213, batch accuracy: 80.23, data load time: 0.23269, step time: 0.03568
EVALUATION METRICS:
-------------------------------------------------------------

Validation AUC Score: 0.8310

-------------------------------------------------------------
validation loss: 0.17302, accuracy: 83.10
epoch: [14], step: [97/1543], batch loss: 0.18429, batch accuracy: 83.60, data load time: 0.21951, step time: 0.03574
epoch: [14], step: [197/1543], batch loss: 0.14547, batch accuracy: 88.60, data load time: 0.26309, step time: 0.03608
epoch: [14], step: [297/1543], batch loss: 0.12999, batch accuracy: 93.92, data load time: 0.31922, step time: 0.03518
epoch: [14], step: [397/1543], batch loss: 0.16713, batch accuracy: 83.73, data load time: 0.20659, step time: 0.03776
epoch: [14], step: [497/1543], batch loss: 0.18727, batch accuracy: 82.77, data load time: 0.24684, step time: 0.03571
epoch: [14], step: [597/1543], batch loss: 0.11945, batch accuracy: 94.58, data load time: 0.27047, step time: 0.03746
epoch: [14], step: [697/1543], batch loss: 0.13930, batch accuracy: 95.62, data load time: 0.28179, step time: 0.03382
epoch: [14], step: [797/1543], batch loss: 0.16792, batch accuracy: 89.86, data load time: 0.26064, step time: 0.03670
epoch: [14], step: [897/1543], batch loss: 0.13442, batch accuracy: 81.60, data load time: 0.20818, step time: 0.03251
epoch: [14], step: [997/1543], batch loss: 0.14719, batch accuracy: 91.83, data load time: 0.20854, step time: 0.03730
epoch: [14], step: [1097/1543], batch loss: 0.13277, batch accuracy: 87.05, data load time: 0.25841, step time: 0.03236
epoch: [14], step: [1197/1543], batch loss: 0.15401, batch accuracy: 85.14, data load time: 0.19144, step time: 0.03510
epoch: [14], step: [1297/1543], batch loss: 0.12607, batch accuracy: 93.06, data load time: 0.23194, step time: 0.03422
epoch: [14], step: [1397/1543], batch loss: 0.18467, batch accuracy: 86.66, data load time: 0.34178, step time: 0.03375
epoch: [14], step: [1497/1543], batch loss: 0.20932, batch accuracy: 79.80, data load time: 0.25061, step time: 0.03762
EVALUATION METRICS:
-------------------------------------------------------------

Validation AUC Score: 0.8440

-------------------------------------------------------------
validation loss: 0.16512, accuracy: 84.40
epoch: [15], step: [54/1543], batch loss: 0.14251, batch accuracy: 80.44, data load time: 0.26012, step time: 0.03388
epoch: [15], step: [154/1543], batch loss: 0.17122, batch accuracy: 87.51, data load time: 0.18200, step time: 0.03877
epoch: [15], step: [254/1543], batch loss: 0.14938, batch accuracy: 91.41, data load time: 0.27587, step time: 0.03995
epoch: [15], step: [354/1543], batch loss: 0.14961, batch accuracy: 88.87, data load time: 0.27486, step time: 0.03585
epoch: [15], step: [454/1543], batch loss: 0.18181, batch accuracy: 82.05, data load time: 0.31461, step time: 0.03505
epoch: [15], step: [554/1543], batch loss: 0.20626, batch accuracy: 85.78, data load time: 0.26583, step time: 0.03882
epoch: [15], step: [654/1543], batch loss: 0.14701, batch accuracy: 81.10, data load time: 0.26339, step time: 0.03450
epoch: [15], step: [754/1543], batch loss: 0.15062, batch accuracy: 87.82, data load time: 0.24928, step time: 0.03655
epoch: [15], step: [854/1543], batch loss: 0.15054, batch accuracy: 87.97, data load time: 0.21465, step time: 0.03500
epoch: [15], step: [954/1543], batch loss: 0.14436, batch accuracy: 90.31, data load time: 0.25757, step time: 0.03562
epoch: [15], step: [1054/1543], batch loss: 0.17623, batch accuracy: 86.42, data load time: 0.26605, step time: 0.03781
epoch: [15], step: [1154/1543], batch loss: 0.13451, batch accuracy: 92.65, data load time: 0.32155, step time: 0.03441
epoch: [15], step: [1254/1543], batch loss: 0.12220, batch accuracy: 92.86, data load time: 0.20557, step time: 0.03299
epoch: [15], step: [1354/1543], batch loss: 0.19143, batch accuracy: 80.84, data load time: 0.25712, step time: 0.03633
epoch: [15], step: [1454/1543], batch loss: 0.17282, batch accuracy: 88.98, data load time: 0.23704, step time: 0.03577
EVALUATION METRICS:
-------------------------------------------------------------

Validation AUC Score: 0.8396

-------------------------------------------------------------
validation loss: 0.15882, accuracy: 83.96
epoch: [16], step: [11/1543], batch loss: 0.18146, batch accuracy: 82.38, data load time: 0.32552, step time: 0.04035
epoch: [16], step: [111/1543], batch loss: 0.17982, batch accuracy: 91.80, data load time: 0.28460, step time: 0.04019
epoch: [16], step: [211/1543], batch loss: 0.16534, batch accuracy: 86.32, data load time: 0.22375, step time: 0.03407
epoch: [16], step: [311/1543], batch loss: 0.14181, batch accuracy: 92.16, data load time: 0.28708, step time: 0.03349
epoch: [16], step: [411/1543], batch loss: 0.16347, batch accuracy: 92.21, data load time: 0.21018, step time: 0.03660
epoch: [16], step: [511/1543], batch loss: 0.13704, batch accuracy: 91.88, data load time: 0.24117, step time: 0.03519
epoch: [16], step: [611/1543], batch loss: 0.16178, batch accuracy: 70.11, data load time: 0.23550, step time: 0.03032
epoch: [16], step: [711/1543], batch loss: 0.21343, batch accuracy: 84.45, data load time: 0.19753, step time: 0.04143
epoch: [16], step: [811/1543], batch loss: 0.18843, batch accuracy: 81.82, data load time: 0.15869, step time: 0.03431
epoch: [16], step: [911/1543], batch loss: 0.18817, batch accuracy: 85.95, data load time: 0.26195, step time: 0.03821
epoch: [16], step: [1011/1543], batch loss: 0.18449, batch accuracy: 81.07, data load time: 0.23260, step time: 0.03514
epoch: [16], step: [1111/1543], batch loss: 0.17153, batch accuracy: 83.81, data load time: 0.24557, step time: 0.03594
epoch: [16], step: [1211/1543], batch loss: 0.17322, batch accuracy: 94.97, data load time: 0.23674, step time: 0.04470
epoch: [16], step: [1311/1543], batch loss: 0.17275, batch accuracy: 82.57, data load time: 0.33039, step time: 0.03586
epoch: [16], step: [1411/1543], batch loss: 0.15530, batch accuracy: 90.11, data load time: 0.23940, step time: 0.03713
epoch: [16], step: [1511/1543], batch loss: 0.18743, batch accuracy: 91.96, data load time: 0.25397, step time: 0.03930
EVALUATION METRICS:
-------------------------------------------------------------

Validation AUC Score: 0.8399

-------------------------------------------------------------
validation loss: 0.16223, accuracy: 83.99
epoch: [17], step: [68/1543], batch loss: 0.09990, batch accuracy: 95.18, data load time: 0.29808, step time: 0.03561
epoch: [17], step: [168/1543], batch loss: 0.13488, batch accuracy: 89.88, data load time: 0.31707, step time: 0.03390
epoch: [17], step: [268/1543], batch loss: 0.13254, batch accuracy: 75.47, data load time: 0.27813, step time: 0.03103
epoch: [17], step: [368/1543], batch loss: 0.14953, batch accuracy: 88.44, data load time: 0.40148, step time: 0.03613
epoch: [17], step: [468/1543], batch loss: 0.12552, batch accuracy: 88.30, data load time: 0.26528, step time: 0.03114
epoch: [17], step: [568/1543], batch loss: 0.14586, batch accuracy: 86.63, data load time: 0.29444, step time: 0.03524
epoch: [17], step: [668/1543], batch loss: 0.15189, batch accuracy: 88.15, data load time: 0.24145, step time: 0.03889
epoch: [17], step: [768/1543], batch loss: 0.13534, batch accuracy: 92.69, data load time: 0.32227, step time: 0.03463
epoch: [17], step: [868/1543], batch loss: 0.12879, batch accuracy: 90.04, data load time: 0.38187, step time: 0.03460
epoch: [17], step: [968/1543], batch loss: 0.20890, batch accuracy: 84.44, data load time: 0.39639, step time: 0.03959
epoch: [17], step: [1068/1543], batch loss: 0.15485, batch accuracy: 85.03, data load time: 0.27413, step time: 0.03510
epoch: [17], step: [1168/1543], batch loss: 0.17617, batch accuracy: 75.08, data load time: 0.27693, step time: 0.03333
epoch: [17], step: [1268/1543], batch loss: 0.12243, batch accuracy: 93.01, data load time: 0.30975, step time: 0.03323
epoch: [17], step: [1368/1543], batch loss: 0.17473, batch accuracy: 79.30, data load time: 0.31223, step time: 0.03377
epoch: [17], step: [1468/1543], batch loss: 0.16918, batch accuracy: 79.87, data load time: 0.62020, step time: 0.03778
EVALUATION METRICS:
-------------------------------------------------------------

Validation AUC Score: 0.8469

-------------------------------------------------------------
validation loss: 0.15571, accuracy: 84.69
epoch: [18], step: [25/1543], batch loss: 0.15649, batch accuracy: 87.44, data load time: 0.34862, step time: 0.03788
epoch: [18], step: [125/1543], batch loss: 0.17093, batch accuracy: 86.71, data load time: 0.32038, step time: 0.03683
epoch: [18], step: [225/1543], batch loss: 0.16659, batch accuracy: 84.93, data load time: 0.33798, step time: 0.03934
epoch: [18], step: [325/1543], batch loss: 0.15569, batch accuracy: 83.35, data load time: 0.28494, step time: 0.03575
epoch: [18], step: [425/1543], batch loss: 0.15902, batch accuracy: 82.33, data load time: 0.26118, step time: 0.03654
epoch: [18], step: [525/1543], batch loss: 0.17578, batch accuracy: 86.65, data load time: 0.31243, step time: 0.03810
epoch: [18], step: [625/1543], batch loss: 0.14532, batch accuracy: 87.89, data load time: 0.29460, step time: 0.03874
epoch: [18], step: [725/1543], batch loss: 0.20493, batch accuracy: 84.50, data load time: 0.26184, step time: 0.03990
epoch: [18], step: [825/1543], batch loss: 0.14224, batch accuracy: 88.35, data load time: 0.40722, step time: 0.03848
epoch: [18], step: [925/1543], batch loss: 0.17313, batch accuracy: 85.23, data load time: 0.29659, step time: 0.03639
epoch: [18], step: [1025/1543], batch loss: 0.14430, batch accuracy: 88.75, data load time: 0.29209, step time: 0.03367
epoch: [18], step: [1125/1543], batch loss: 0.16286, batch accuracy: 77.41, data load time: 0.33663, step time: 0.03711
epoch: [18], step: [1225/1543], batch loss: 0.14244, batch accuracy: 89.35, data load time: 0.33286, step time: 0.03597
epoch: [18], step: [1325/1543], batch loss: 0.12984, batch accuracy: 91.22, data load time: 0.31343, step time: 0.03319
epoch: [18], step: [1425/1543], batch loss: 0.19803, batch accuracy: 79.69, data load time: 0.33330, step time: 0.04070
epoch: [18], step: [1525/1543], batch loss: 0.19572, batch accuracy: 77.05, data load time: 0.41803, step time: 0.03775
EVALUATION METRICS:
-------------------------------------------------------------

Validation AUC Score: 0.8402

-------------------------------------------------------------
validation loss: 0.16333, accuracy: 84.02
epoch: [19], step: [82/1543], batch loss: 0.12708, batch accuracy: 92.81, data load time: 0.31909, step time: 0.03391
epoch: [19], step: [182/1543], batch loss: 0.18009, batch accuracy: 95.86, data load time: 0.28547, step time: 0.03931
epoch: [19], step: [282/1543], batch loss: 0.15739, batch accuracy: 85.05, data load time: 0.41156, step time: 0.03596
epoch: [19], step: [382/1543], batch loss: 0.14733, batch accuracy: 94.66, data load time: 0.38531, step time: 0.03603
epoch: [19], step: [482/1543], batch loss: 0.12744, batch accuracy: 94.01, data load time: 0.35771, step time: 0.03439
epoch: [19], step: [582/1543], batch loss: 0.15751, batch accuracy: 86.35, data load time: 0.30116, step time: 0.03710
epoch: [19], step: [682/1543], batch loss: 0.11596, batch accuracy: 87.06, data load time: 0.24951, step time: 0.03439
epoch: [19], step: [782/1543], batch loss: 0.17687, batch accuracy: 84.22, data load time: 0.26769, step time: 0.03844
epoch: [19], step: [882/1543], batch loss: 0.18322, batch accuracy: 88.82, data load time: 0.35594, step time: 0.04235
epoch: [19], step: [982/1543], batch loss: 0.11146, batch accuracy: 90.66, data load time: 0.35458, step time: 0.03313
epoch: [19], step: [1082/1543], batch loss: 0.15759, batch accuracy: 87.24, data load time: 0.26755, step time: 0.03582
epoch: [19], step: [1182/1543], batch loss: 0.13708, batch accuracy: 91.63, data load time: 0.34148, step time: 0.03583
epoch: [19], step: [1282/1543], batch loss: 0.15981, batch accuracy: 86.38, data load time: 0.30153, step time: 0.03506
epoch: [19], step: [1382/1543], batch loss: 0.15111, batch accuracy: 83.59, data load time: 0.40626, step time: 0.03731
epoch: [19], step: [1482/1543], batch loss: 0.14183, batch accuracy: 93.06, data load time: 0.24740, step time: 0.03720
EVALUATION METRICS:
-------------------------------------------------------------

Validation AUC Score: 0.8455

-------------------------------------------------------------
validation loss: 0.16375, accuracy: 84.55
EVALUATION METRICS:
-------------------------------------------------------------

Test AUC Score: 0.8423, Class Labels: ambient: 0.8622, baroque: 0.9022, bass: 0.7958, beat: 0.9159, cello: 0.8496, chant: 0.8780, choir: 0.9536, classical: 0.8341, country: 0.8602, dance: 0.9483, drum: 0.8484, eastern: 0.8024, electro: 0.8260, fast: 0.8339, female: 0.8220, flute: 0.9156, folk: 0.8127, foreign: 0.8186, guitar: 0.8237, hard: 0.9677, harp: 0.8412, harpsichord: 0.9319, heavy: 0.9783, india: 0.7801, jazz: 0.8623, loud: 0.9139, male: 0.8100, modern: 0.7997, new age: 0.8122, no beat: 0.6694, no piano: 0.6051, no singer: 0.6254, opera: 0.9418, orchestra: 0.8800, piano: 0.8940, pop: 0.8746, quiet: 0.8901, rock: 0.9769, singer: 0.7981, sitar: 0.8132, slow: 0.7882, soft: 0.8053, solo: 0.8488, strange: 0.7236, string: 0.7700, synth: 0.7823, techno: 0.9342, trance: 0.8958, violin: 0.8045, vocal: 0.7956

-------------------------------------------------------------
validation loss: 0.47970, accuracy: 84.23
