Loading data from /mnt/storage/scratch/ee20947/MagnaTagATune/annotations/train.pkl...
Loading data from /mnt/storage/scratch/ee20947/MagnaTagATune/annotations/train.pkl...
Loading data from /mnt/storage/scratch/ee20947/MagnaTagATune/annotations/val.pkl...
Loading data from /mnt/storage/scratch/ee20947/MagnaTagATune/annotations/test.pkl...
Writing logs to logs/CNN_sgd_momentum=0.93_learning_rate=0.2_conv_length=256_conv_stride=256_weight_decay=1e-05_run_2
epoch: [0], step: [99/1543], batch loss: 0.22326, batch accuracy: 71.28, data load time: 0.22758, step time: 0.04159
epoch: [0], step: [199/1543], batch loss: 0.17114, batch accuracy: 63.64, data load time: 0.16654, step time: 0.02647
epoch: [0], step: [299/1543], batch loss: 0.14778, batch accuracy: 79.49, data load time: 0.13610, step time: 0.02900
epoch: [0], step: [399/1543], batch loss: 0.21286, batch accuracy: 69.02, data load time: 0.08295, step time: 0.03596
epoch: [0], step: [499/1543], batch loss: 0.20380, batch accuracy: 72.04, data load time: 0.15863, step time: 0.03136
epoch: [0], step: [599/1543], batch loss: 0.18316, batch accuracy: 73.49, data load time: 0.09844, step time: 0.03210
epoch: [0], step: [699/1543], batch loss: 0.16728, batch accuracy: 76.94, data load time: 0.14473, step time: 0.03006
epoch: [0], step: [799/1543], batch loss: 0.24820, batch accuracy: 71.57, data load time: 0.15843, step time: 0.03723
epoch: [0], step: [899/1543], batch loss: 0.19983, batch accuracy: 69.64, data load time: 0.24052, step time: 0.02744
epoch: [0], step: [999/1543], batch loss: 0.17365, batch accuracy: 70.54, data load time: 0.15450, step time: 0.03110
epoch: [0], step: [1099/1543], batch loss: 0.18283, batch accuracy: 64.77, data load time: 0.17381, step time: 0.03022
epoch: [0], step: [1199/1543], batch loss: 0.23293, batch accuracy: 77.12, data load time: 0.18005, step time: 0.03779
epoch: [0], step: [1299/1543], batch loss: 0.17381, batch accuracy: 70.01, data load time: 0.18962, step time: 0.03238
epoch: [0], step: [1399/1543], batch loss: 0.17679, batch accuracy: 64.67, data load time: 0.18980, step time: 0.02948
epoch: [0], step: [1499/1543], batch loss: 0.17794, batch accuracy: 80.00, data load time: 0.16172, step time: 0.03234
epoch: [1], step: [56/1543], batch loss: 0.17082, batch accuracy: 71.84, data load time: 0.06226, step time: 0.03223
epoch: [1], step: [156/1543], batch loss: 0.16506, batch accuracy: 76.41, data load time: 0.16597, step time: 0.03245
epoch: [1], step: [256/1543], batch loss: 0.17042, batch accuracy: 82.94, data load time: 0.11418, step time: 0.03116
epoch: [1], step: [356/1543], batch loss: 0.16982, batch accuracy: 74.54, data load time: 0.20858, step time: 0.03499
epoch: [1], step: [456/1543], batch loss: 0.22905, batch accuracy: 69.84, data load time: 0.13257, step time: 0.03390
epoch: [1], step: [556/1543], batch loss: 0.17661, batch accuracy: 76.48, data load time: 0.19029, step time: 0.03469
epoch: [1], step: [656/1543], batch loss: 0.25491, batch accuracy: 71.04, data load time: 0.08438, step time: 0.03811
epoch: [1], step: [756/1543], batch loss: 0.23025, batch accuracy: 74.48, data load time: 0.12465, step time: 0.03456
epoch: [1], step: [856/1543], batch loss: 0.22586, batch accuracy: 82.31, data load time: 0.15846, step time: 0.03376
epoch: [1], step: [956/1543], batch loss: 0.20122, batch accuracy: 80.52, data load time: 0.23054, step time: 0.03235
epoch: [1], step: [1056/1543], batch loss: 0.16220, batch accuracy: 72.26, data load time: 0.16570, step time: 0.03376
epoch: [1], step: [1156/1543], batch loss: 0.16254, batch accuracy: 76.01, data load time: 0.10718, step time: 0.03038
epoch: [1], step: [1256/1543], batch loss: 0.19078, batch accuracy: 73.68, data load time: 0.08801, step time: 0.03240
epoch: [1], step: [1356/1543], batch loss: 0.18145, batch accuracy: 78.13, data load time: 0.09200, step time: 0.03189
epoch: [1], step: [1456/1543], batch loss: 0.14522, batch accuracy: 87.11, data load time: 0.21004, step time: 0.02943
epoch: [2], step: [13/1543], batch loss: 0.14349, batch accuracy: 87.81, data load time: 0.12320, step time: 0.02856
epoch: [2], step: [113/1543], batch loss: 0.20931, batch accuracy: 74.76, data load time: 0.18501, step time: 0.03398
epoch: [2], step: [213/1543], batch loss: 0.15646, batch accuracy: 82.26, data load time: 0.11157, step time: 0.03258
epoch: [2], step: [313/1543], batch loss: 0.17201, batch accuracy: 74.62, data load time: 0.10103, step time: 0.03263
epoch: [2], step: [413/1543], batch loss: 0.14668, batch accuracy: 79.83, data load time: 0.17441, step time: 0.02966
epoch: [2], step: [513/1543], batch loss: 0.21050, batch accuracy: 67.26, data load time: 0.14818, step time: 0.03322
epoch: [2], step: [613/1543], batch loss: 0.21859, batch accuracy: 78.32, data load time: 0.14462, step time: 0.03448
epoch: [2], step: [713/1543], batch loss: 0.15550, batch accuracy: 86.36, data load time: 0.25649, step time: 0.03178
epoch: [2], step: [813/1543], batch loss: 0.20157, batch accuracy: 79.96, data load time: 0.28608, step time: 0.03648
epoch: [2], step: [913/1543], batch loss: 0.21172, batch accuracy: 76.60, data load time: 0.20995, step time: 0.03322
epoch: [2], step: [1013/1543], batch loss: 0.14739, batch accuracy: 76.76, data load time: 0.20519, step time: 0.02945
epoch: [2], step: [1113/1543], batch loss: 0.22325, batch accuracy: 73.81, data load time: 0.18591, step time: 0.03767
epoch: [2], step: [1213/1543], batch loss: 0.20004, batch accuracy: 79.48, data load time: 0.24912, step time: 0.04364
epoch: [2], step: [1313/1543], batch loss: 0.20462, batch accuracy: 79.08, data load time: 0.25255, step time: 0.03461
epoch: [2], step: [1413/1543], batch loss: 0.14736, batch accuracy: 82.70, data load time: 0.23353, step time: 0.03038
epoch: [2], step: [1513/1543], batch loss: 0.21386, batch accuracy: 84.34, data load time: 0.10677, step time: 0.03525
epoch: [3], step: [70/1543], batch loss: 0.16650, batch accuracy: 81.62, data load time: 0.11734, step time: 0.03475
epoch: [3], step: [170/1543], batch loss: 0.14322, batch accuracy: 80.75, data load time: 0.19757, step time: 0.03092
epoch: [3], step: [270/1543], batch loss: 0.18361, batch accuracy: 78.65, data load time: 0.17789, step time: 0.03459
epoch: [3], step: [370/1543], batch loss: 0.21515, batch accuracy: 83.48, data load time: 0.14950, step time: 0.03515
epoch: [3], step: [470/1543], batch loss: 0.15136, batch accuracy: 80.80, data load time: 0.16824, step time: 0.03036
epoch: [3], step: [570/1543], batch loss: 0.17394, batch accuracy: 80.67, data load time: 0.24320, step time: 0.03102
epoch: [3], step: [670/1543], batch loss: 0.20511, batch accuracy: 85.59, data load time: 0.22805, step time: 0.03874
epoch: [3], step: [770/1543], batch loss: 0.18510, batch accuracy: 83.72, data load time: 0.16769, step time: 0.03729
epoch: [3], step: [870/1543], batch loss: 0.18752, batch accuracy: 62.17, data load time: 0.19028, step time: 0.03191
epoch: [3], step: [970/1543], batch loss: 0.17829, batch accuracy: 77.24, data load time: 0.11481, step time: 0.03314
epoch: [3], step: [1070/1543], batch loss: 0.23903, batch accuracy: 76.69, data load time: 0.14885, step time: 0.03310
epoch: [3], step: [1170/1543], batch loss: 0.19858, batch accuracy: 81.49, data load time: 0.20447, step time: 0.03168
epoch: [3], step: [1270/1543], batch loss: 0.20434, batch accuracy: 74.29, data load time: 0.12411, step time: 0.03315
epoch: [3], step: [1370/1543], batch loss: 0.18939, batch accuracy: 85.94, data load time: 0.26802, step time: 0.03375
epoch: [3], step: [1470/1543], batch loss: 0.20237, batch accuracy: 87.02, data load time: 0.08435, step time: 0.03455
epoch: [4], step: [27/1543], batch loss: 0.15322, batch accuracy: 80.46, data load time: 0.11108, step time: 0.02613
epoch: [4], step: [127/1543], batch loss: 0.16590, batch accuracy: 82.80, data load time: 0.19276, step time: 0.03736
epoch: [4], step: [227/1543], batch loss: 0.15732, batch accuracy: 81.92, data load time: 0.09068, step time: 0.03397
epoch: [4], step: [327/1543], batch loss: 0.15729, batch accuracy: 82.08, data load time: 0.14029, step time: 0.03647
epoch: [4], step: [427/1543], batch loss: 0.19396, batch accuracy: 77.20, data load time: 0.18347, step time: 0.03668
epoch: [4], step: [527/1543], batch loss: 0.16141, batch accuracy: 72.91, data load time: 0.20823, step time: 0.03124
epoch: [4], step: [627/1543], batch loss: 0.17181, batch accuracy: 84.30, data load time: 0.18934, step time: 0.03117
epoch: [4], step: [727/1543], batch loss: 0.19146, batch accuracy: 71.92, data load time: 0.10890, step time: 0.03193
epoch: [4], step: [827/1543], batch loss: 0.20901, batch accuracy: 71.60, data load time: 0.28087, step time: 0.03537
epoch: [4], step: [927/1543], batch loss: 0.23172, batch accuracy: 71.52, data load time: 0.14706, step time: 0.03469
epoch: [4], step: [1027/1543], batch loss: 0.11845, batch accuracy: 83.25, data load time: 0.08099, step time: 0.02698
epoch: [4], step: [1127/1543], batch loss: 0.18811, batch accuracy: 73.99, data load time: 0.20368, step time: 0.03219
epoch: [4], step: [1227/1543], batch loss: 0.13561, batch accuracy: 79.82, data load time: 0.21342, step time: 0.03104
epoch: [4], step: [1327/1543], batch loss: 0.09862, batch accuracy: 93.32, data load time: 0.11752, step time: 0.02734
epoch: [4], step: [1427/1543], batch loss: 0.14674, batch accuracy: 82.55, data load time: 0.17460, step time: 0.03113
epoch: [4], step: [1527/1543], batch loss: 0.14221, batch accuracy: 90.47, data load time: 0.18025, step time: 0.03325
EVALUATION METRICS:
-------------------------------------------------------------

Validation: AUC Score: 0.8034

-------------------------------------------------------------
validation loss: 0.17919, accuracy: 80.34
epoch: [5], step: [84/1543], batch loss: 0.23023, batch accuracy: 79.71, data load time: 0.15997, step time: 0.03924
epoch: [5], step: [184/1543], batch loss: 0.16053, batch accuracy: 76.45, data load time: 0.15346, step time: 0.03517
epoch: [5], step: [284/1543], batch loss: 0.16341, batch accuracy: 82.99, data load time: 0.26977, step time: 0.03179
epoch: [5], step: [384/1543], batch loss: 0.17116, batch accuracy: 87.01, data load time: 0.14600, step time: 0.03528
epoch: [5], step: [484/1543], batch loss: 0.16342, batch accuracy: 86.15, data load time: 0.14568, step time: 0.03112
epoch: [5], step: [584/1543], batch loss: 0.13186, batch accuracy: 85.74, data load time: 0.09198, step time: 0.03189
epoch: [5], step: [684/1543], batch loss: 0.15324, batch accuracy: 86.70, data load time: 0.18066, step time: 0.03528
epoch: [5], step: [784/1543], batch loss: 0.18658, batch accuracy: 84.55, data load time: 0.30403, step time: 0.03357
epoch: [5], step: [884/1543], batch loss: 0.17391, batch accuracy: 77.69, data load time: 0.20671, step time: 0.03176
epoch: [5], step: [984/1543], batch loss: 0.18390, batch accuracy: 79.17, data load time: 0.10666, step time: 0.03447
epoch: [5], step: [1084/1543], batch loss: 0.22318, batch accuracy: 80.94, data load time: 0.17227, step time: 0.03589
epoch: [5], step: [1184/1543], batch loss: 0.15680, batch accuracy: 86.09, data load time: 0.17211, step time: 0.03117
epoch: [5], step: [1284/1543], batch loss: 0.19860, batch accuracy: 82.06, data load time: 0.20089, step time: 0.03291
epoch: [5], step: [1384/1543], batch loss: 0.15737, batch accuracy: 73.92, data load time: 0.17889, step time: 0.03038
epoch: [5], step: [1484/1543], batch loss: 0.19170, batch accuracy: 84.92, data load time: 0.12058, step time: 0.03603
epoch: [6], step: [41/1543], batch loss: 0.22546, batch accuracy: 74.41, data load time: 0.09665, step time: 0.03386
epoch: [6], step: [141/1543], batch loss: 0.18915, batch accuracy: 84.24, data load time: 0.04828, step time: 0.03417
epoch: [6], step: [241/1543], batch loss: 0.17065, batch accuracy: 86.21, data load time: 0.13568, step time: 0.03739
epoch: [6], step: [341/1543], batch loss: 0.19385, batch accuracy: 81.25, data load time: 0.19524, step time: 0.03750
epoch: [6], step: [441/1543], batch loss: 0.18414, batch accuracy: 84.54, data load time: 0.19161, step time: 0.03442
epoch: [6], step: [541/1543], batch loss: 0.21037, batch accuracy: 79.75, data load time: 0.15090, step time: 0.04149
epoch: [6], step: [641/1543], batch loss: 0.22180, batch accuracy: 81.82, data load time: 0.19664, step time: 0.03396
epoch: [6], step: [741/1543], batch loss: 0.13744, batch accuracy: 87.35, data load time: 0.19661, step time: 0.03103
epoch: [6], step: [841/1543], batch loss: 0.11840, batch accuracy: 77.97, data load time: 0.20300, step time: 0.02542
epoch: [6], step: [941/1543], batch loss: 0.20358, batch accuracy: 77.63, data load time: 0.09640, step time: 0.03327
epoch: [6], step: [1041/1543], batch loss: 0.15795, batch accuracy: 82.19, data load time: 0.18406, step time: 0.03271
epoch: [6], step: [1141/1543], batch loss: 0.16485, batch accuracy: 86.60, data load time: 0.20591, step time: 0.03181
epoch: [6], step: [1241/1543], batch loss: 0.14616, batch accuracy: 89.62, data load time: 0.20552, step time: 0.03390
epoch: [6], step: [1341/1543], batch loss: 0.19928, batch accuracy: 81.20, data load time: 0.24831, step time: 0.03581
epoch: [6], step: [1441/1543], batch loss: 0.18757, batch accuracy: 88.80, data load time: 0.17702, step time: 0.03223
epoch: [6], step: [1541/1543], batch loss: 0.20685, batch accuracy: 80.65, data load time: 0.20861, step time: 0.03376
epoch: [7], step: [98/1543], batch loss: 0.16170, batch accuracy: 92.56, data load time: 0.11457, step time: 0.03775
epoch: [7], step: [198/1543], batch loss: 0.14935, batch accuracy: 87.37, data load time: 0.05175, step time: 0.02894
epoch: [7], step: [298/1543], batch loss: 0.15293, batch accuracy: 89.29, data load time: 0.10835, step time: 0.03116
epoch: [7], step: [398/1543], batch loss: 0.15903, batch accuracy: 83.75, data load time: 0.12798, step time: 0.03105
epoch: [7], step: [498/1543], batch loss: 0.14053, batch accuracy: 89.66, data load time: 0.12842, step time: 0.03518
epoch: [7], step: [598/1543], batch loss: 0.19740, batch accuracy: 80.15, data load time: 0.19935, step time: 0.03603
epoch: [7], step: [698/1543], batch loss: 0.14283, batch accuracy: 92.34, data load time: 0.26073, step time: 0.03183
epoch: [7], step: [798/1543], batch loss: 0.13939, batch accuracy: 92.10, data load time: 0.16785, step time: 0.03470
epoch: [7], step: [898/1543], batch loss: 0.12920, batch accuracy: 78.96, data load time: 0.12601, step time: 0.02967
epoch: [7], step: [998/1543], batch loss: 0.22088, batch accuracy: 71.28, data load time: 0.21383, step time: 0.03395
epoch: [7], step: [1098/1543], batch loss: 0.15617, batch accuracy: 89.28, data load time: 0.08421, step time: 0.03454
epoch: [7], step: [1198/1543], batch loss: 0.14367, batch accuracy: 75.62, data load time: 0.15461, step time: 0.02974
epoch: [7], step: [1298/1543], batch loss: 0.16860, batch accuracy: 84.37, data load time: 0.15509, step time: 0.03104
epoch: [7], step: [1398/1543], batch loss: 0.18980, batch accuracy: 88.47, data load time: 0.14363, step time: 0.03296
epoch: [7], step: [1498/1543], batch loss: 0.14177, batch accuracy: 81.77, data load time: 0.10973, step time: 0.03178
epoch: [8], step: [55/1543], batch loss: 0.13624, batch accuracy: 94.86, data load time: 0.02804, step time: 0.03278
epoch: [8], step: [155/1543], batch loss: 0.22422, batch accuracy: 71.91, data load time: 0.08151, step time: 0.03391
epoch: [8], step: [255/1543], batch loss: 0.17840, batch accuracy: 87.36, data load time: 0.18612, step time: 0.03593
epoch: [8], step: [355/1543], batch loss: 0.14372, batch accuracy: 78.82, data load time: 0.16285, step time: 0.02968
epoch: [8], step: [455/1543], batch loss: 0.23829, batch accuracy: 74.05, data load time: 0.16144, step time: 0.03761
epoch: [8], step: [555/1543], batch loss: 0.24025, batch accuracy: 79.66, data load time: 0.09484, step time: 0.03732
epoch: [8], step: [655/1543], batch loss: 0.19779, batch accuracy: 83.86, data load time: 0.28177, step time: 0.03672
epoch: [8], step: [755/1543], batch loss: 0.23664, batch accuracy: 80.06, data load time: 0.14686, step time: 0.03866
epoch: [8], step: [855/1543], batch loss: 0.14658, batch accuracy: 84.65, data load time: 0.18919, step time: 0.03223
epoch: [8], step: [955/1543], batch loss: 0.18373, batch accuracy: 83.96, data load time: 0.19979, step time: 0.03650
epoch: [8], step: [1055/1543], batch loss: 0.24442, batch accuracy: 79.68, data load time: 0.11271, step time: 0.03441
epoch: [8], step: [1155/1543], batch loss: 0.16825, batch accuracy: 81.75, data load time: 0.18180, step time: 0.03412
epoch: [8], step: [1255/1543], batch loss: 0.15802, batch accuracy: 80.88, data load time: 0.13646, step time: 0.03542
epoch: [8], step: [1355/1543], batch loss: 0.26663, batch accuracy: 77.13, data load time: 0.12764, step time: 0.03942
epoch: [8], step: [1455/1543], batch loss: 0.15874, batch accuracy: 90.55, data load time: 0.08869, step time: 0.03377
epoch: [9], step: [12/1543], batch loss: 0.14619, batch accuracy: 87.75, data load time: 0.05768, step time: 0.03450
epoch: [9], step: [112/1543], batch loss: 0.17616, batch accuracy: 84.95, data load time: 0.20322, step time: 0.03332
epoch: [9], step: [212/1543], batch loss: 0.15422, batch accuracy: 88.25, data load time: 0.15434, step time: 0.03376
epoch: [9], step: [312/1543], batch loss: 0.12202, batch accuracy: 93.89, data load time: 0.14049, step time: 0.03178
epoch: [9], step: [412/1543], batch loss: 0.22506, batch accuracy: 84.95, data load time: 0.19167, step time: 0.03668
epoch: [9], step: [512/1543], batch loss: 0.20683, batch accuracy: 87.74, data load time: 0.09413, step time: 0.03444
epoch: [9], step: [612/1543], batch loss: 0.20540, batch accuracy: 81.61, data load time: 0.17690, step time: 0.03380
epoch: [9], step: [712/1543], batch loss: 0.16189, batch accuracy: 83.83, data load time: 0.14485, step time: 0.03393
epoch: [9], step: [812/1543], batch loss: 0.17581, batch accuracy: 82.21, data load time: 0.23690, step time: 0.03305
epoch: [9], step: [912/1543], batch loss: 0.19315, batch accuracy: 80.20, data load time: 0.20581, step time: 0.03170
epoch: [9], step: [1012/1543], batch loss: 0.19488, batch accuracy: 78.97, data load time: 0.22055, step time: 0.03733
epoch: [9], step: [1112/1543], batch loss: 0.14866, batch accuracy: 88.94, data load time: 0.12002, step time: 0.03022
epoch: [9], step: [1212/1543], batch loss: 0.16785, batch accuracy: 81.09, data load time: 0.20453, step time: 0.03126
epoch: [9], step: [1312/1543], batch loss: 0.14082, batch accuracy: 88.77, data load time: 0.12907, step time: 0.02970
epoch: [9], step: [1412/1543], batch loss: 0.15023, batch accuracy: 92.66, data load time: 0.13806, step time: 0.03019
epoch: [9], step: [1512/1543], batch loss: 0.14460, batch accuracy: 89.51, data load time: 0.13763, step time: 0.03029
EVALUATION METRICS:
-------------------------------------------------------------

Validation: AUC Score: 0.8268

-------------------------------------------------------------
validation loss: 0.16541, accuracy: 82.68
epoch: [10], step: [69/1543], batch loss: 0.18919, batch accuracy: 82.91, data load time: 0.19863, step time: 0.03340
epoch: [10], step: [169/1543], batch loss: 0.16993, batch accuracy: 84.57, data load time: 0.18298, step time: 0.03514
epoch: [10], step: [269/1543], batch loss: 0.21977, batch accuracy: 86.06, data load time: 0.21299, step time: 0.03754
epoch: [10], step: [369/1543], batch loss: 0.13773, batch accuracy: 88.08, data load time: 0.23212, step time: 0.02909
epoch: [10], step: [469/1543], batch loss: 0.15544, batch accuracy: 85.16, data load time: 0.13532, step time: 0.03117
epoch: [10], step: [569/1543], batch loss: 0.14801, batch accuracy: 88.99, data load time: 0.17646, step time: 0.03260
epoch: [10], step: [669/1543], batch loss: 0.13997, batch accuracy: 92.27, data load time: 0.14682, step time: 0.03118
epoch: [10], step: [769/1543], batch loss: 0.13206, batch accuracy: 92.36, data load time: 0.12074, step time: 0.03153
epoch: [10], step: [869/1543], batch loss: 0.15259, batch accuracy: 75.84, data load time: 0.16150, step time: 0.02972
epoch: [10], step: [969/1543], batch loss: 0.13056, batch accuracy: 84.29, data load time: 0.18232, step time: 0.02688
epoch: [10], step: [1069/1543], batch loss: 0.13084, batch accuracy: 83.72, data load time: 0.20690, step time: 0.02676
epoch: [10], step: [1169/1543], batch loss: 0.15442, batch accuracy: 92.68, data load time: 0.11984, step time: 0.03311
epoch: [10], step: [1269/1543], batch loss: 0.19893, batch accuracy: 89.12, data load time: 0.19564, step time: 0.04158
epoch: [10], step: [1369/1543], batch loss: 0.14327, batch accuracy: 87.86, data load time: 0.28402, step time: 0.03526
epoch: [10], step: [1469/1543], batch loss: 0.18117, batch accuracy: 85.68, data load time: 0.25173, step time: 0.03186
epoch: [11], step: [26/1543], batch loss: 0.18691, batch accuracy: 83.37, data load time: 0.14742, step time: 0.03593
epoch: [11], step: [126/1543], batch loss: 0.22751, batch accuracy: 76.08, data load time: 0.20635, step time: 0.04023
epoch: [11], step: [226/1543], batch loss: 0.16568, batch accuracy: 88.96, data load time: 0.08129, step time: 0.03116
epoch: [11], step: [326/1543], batch loss: 0.14527, batch accuracy: 75.27, data load time: 0.13933, step time: 0.03045
epoch: [11], step: [426/1543], batch loss: 0.17668, batch accuracy: 84.37, data load time: 0.10878, step time: 0.03389
epoch: [11], step: [526/1543], batch loss: 0.15611, batch accuracy: 86.04, data load time: 0.25318, step time: 0.03579
epoch: [11], step: [626/1543], batch loss: 0.20060, batch accuracy: 78.90, data load time: 0.26683, step time: 0.03467
epoch: [11], step: [726/1543], batch loss: 0.13010, batch accuracy: 89.25, data load time: 0.28646, step time: 0.03339
epoch: [11], step: [826/1543], batch loss: 0.16287, batch accuracy: 88.25, data load time: 0.24561, step time: 0.03465
epoch: [11], step: [926/1543], batch loss: 0.17189, batch accuracy: 81.10, data load time: 0.21918, step time: 0.03189
epoch: [11], step: [1026/1543], batch loss: 0.15816, batch accuracy: 81.54, data load time: 0.22816, step time: 0.03115
epoch: [11], step: [1126/1543], batch loss: 0.16511, batch accuracy: 84.40, data load time: 0.25341, step time: 0.03601
epoch: [11], step: [1226/1543], batch loss: 0.17373, batch accuracy: 86.81, data load time: 0.25814, step time: 0.03258
epoch: [11], step: [1326/1543], batch loss: 0.21563, batch accuracy: 85.72, data load time: 0.21430, step time: 0.03835
epoch: [11], step: [1426/1543], batch loss: 0.12034, batch accuracy: 90.23, data load time: 0.29037, step time: 0.03134
epoch: [11], step: [1526/1543], batch loss: 0.15453, batch accuracy: 84.39, data load time: 0.20045, step time: 0.03125
epoch: [12], step: [83/1543], batch loss: 0.15395, batch accuracy: 85.24, data load time: 0.24947, step time: 0.03255
epoch: [12], step: [183/1543], batch loss: 0.19804, batch accuracy: 85.03, data load time: 0.32807, step time: 0.03386
epoch: [12], step: [283/1543], batch loss: 0.17612, batch accuracy: 74.90, data load time: 0.30793, step time: 0.03120
epoch: [12], step: [383/1543], batch loss: 0.14602, batch accuracy: 95.03, data load time: 0.25794, step time: 0.03286
epoch: [12], step: [483/1543], batch loss: 0.15229, batch accuracy: 88.60, data load time: 0.22108, step time: 0.03469
epoch: [12], step: [583/1543], batch loss: 0.18257, batch accuracy: 88.08, data load time: 0.28370, step time: 0.03631
epoch: [12], step: [683/1543], batch loss: 0.22270, batch accuracy: 87.69, data load time: 0.18407, step time: 0.03893
epoch: [12], step: [783/1543], batch loss: 0.16238, batch accuracy: 86.35, data load time: 0.25047, step time: 0.03344
epoch: [12], step: [883/1543], batch loss: 0.14437, batch accuracy: 91.51, data load time: 0.24877, step time: 0.02989
epoch: [12], step: [983/1543], batch loss: 0.23245, batch accuracy: 82.67, data load time: 0.23272, step time: 0.03772
epoch: [12], step: [1083/1543], batch loss: 0.13885, batch accuracy: 80.26, data load time: 0.26553, step time: 0.02910
epoch: [12], step: [1183/1543], batch loss: 0.17408, batch accuracy: 85.22, data load time: 0.20702, step time: 0.03207
epoch: [12], step: [1283/1543], batch loss: 0.16545, batch accuracy: 87.67, data load time: 0.30993, step time: 0.03137
epoch: [12], step: [1383/1543], batch loss: 0.15114, batch accuracy: 86.95, data load time: 0.30069, step time: 0.03266
epoch: [12], step: [1483/1543], batch loss: 0.14149, batch accuracy: 88.04, data load time: 0.30660, step time: 0.03119
epoch: [13], step: [40/1543], batch loss: 0.16310, batch accuracy: 77.58, data load time: 0.33074, step time: 0.03056
epoch: [13], step: [140/1543], batch loss: 0.14936, batch accuracy: 78.78, data load time: 0.22683, step time: 0.03050
epoch: [13], step: [240/1543], batch loss: 0.15987, batch accuracy: 91.71, data load time: 0.26572, step time: 0.03335
epoch: [13], step: [340/1543], batch loss: 0.14710, batch accuracy: 77.87, data load time: 0.26054, step time: 0.02779
epoch: [13], step: [440/1543], batch loss: 0.17669, batch accuracy: 79.93, data load time: 0.22888, step time: 0.03473
epoch: [13], step: [540/1543], batch loss: 0.17897, batch accuracy: 85.51, data load time: 0.24172, step time: 0.03344
epoch: [13], step: [640/1543], batch loss: 0.16607, batch accuracy: 88.61, data load time: 0.25939, step time: 0.03343
epoch: [13], step: [740/1543], batch loss: 0.15850, batch accuracy: 87.74, data load time: 0.28661, step time: 0.03616
epoch: [13], step: [840/1543], batch loss: 0.17613, batch accuracy: 80.84, data load time: 0.27758, step time: 0.03282
epoch: [13], step: [940/1543], batch loss: 0.14371, batch accuracy: 86.36, data load time: 0.25131, step time: 0.03120
epoch: [13], step: [1040/1543], batch loss: 0.13182, batch accuracy: 89.36, data load time: 0.23810, step time: 0.03154
epoch: [13], step: [1140/1543], batch loss: 0.16380, batch accuracy: 85.73, data load time: 0.22758, step time: 0.03670
epoch: [13], step: [1240/1543], batch loss: 0.13285, batch accuracy: 89.69, data load time: 0.22436, step time: 0.02973
epoch: [13], step: [1340/1543], batch loss: 0.19718, batch accuracy: 84.24, data load time: 0.22483, step time: 0.03483
epoch: [13], step: [1440/1543], batch loss: 0.12842, batch accuracy: 91.28, data load time: 0.20436, step time: 0.03056
epoch: [13], step: [1540/1543], batch loss: 0.15134, batch accuracy: 88.08, data load time: 0.29135, step time: 0.03463
epoch: [14], step: [97/1543], batch loss: 0.13788, batch accuracy: 90.10, data load time: 0.30488, step time: 0.03184
epoch: [14], step: [197/1543], batch loss: 0.16245, batch accuracy: 82.19, data load time: 0.20429, step time: 0.03787
epoch: [14], step: [297/1543], batch loss: 0.16153, batch accuracy: 87.65, data load time: 0.28075, step time: 0.03165
epoch: [14], step: [397/1543], batch loss: 0.15876, batch accuracy: 89.48, data load time: 0.30707, step time: 0.03405
epoch: [14], step: [497/1543], batch loss: 0.20359, batch accuracy: 84.20, data load time: 0.23902, step time: 0.03531
epoch: [14], step: [597/1543], batch loss: 0.15233, batch accuracy: 73.13, data load time: 0.25248, step time: 0.02846
epoch: [14], step: [697/1543], batch loss: 0.15561, batch accuracy: 83.94, data load time: 0.24880, step time: 0.03477
epoch: [14], step: [797/1543], batch loss: 0.19028, batch accuracy: 86.41, data load time: 0.27286, step time: 0.03198
epoch: [14], step: [897/1543], batch loss: 0.17539, batch accuracy: 82.82, data load time: 0.24238, step time: 0.03422
epoch: [14], step: [997/1543], batch loss: 0.14986, batch accuracy: 92.66, data load time: 0.28545, step time: 0.03266
epoch: [14], step: [1097/1543], batch loss: 0.17409, batch accuracy: 88.58, data load time: 0.24928, step time: 0.03349
epoch: [14], step: [1197/1543], batch loss: 0.15773, batch accuracy: 75.82, data load time: 0.28976, step time: 0.02894
epoch: [14], step: [1297/1543], batch loss: 0.14384, batch accuracy: 91.64, data load time: 0.25862, step time: 0.03388
epoch: [14], step: [1397/1543], batch loss: 0.13579, batch accuracy: 85.67, data load time: 0.33608, step time: 0.02768
epoch: [14], step: [1497/1543], batch loss: 0.19187, batch accuracy: 79.63, data load time: 0.30199, step time: 0.03636
EVALUATION METRICS:
-------------------------------------------------------------

Validation: AUC Score: 0.8291

-------------------------------------------------------------
validation loss: 0.16324, accuracy: 82.91
epoch: [15], step: [54/1543], batch loss: 0.16879, batch accuracy: 87.72, data load time: 0.25402, step time: 0.03716
epoch: [15], step: [154/1543], batch loss: 0.16617, batch accuracy: 87.36, data load time: 0.26613, step time: 0.03177
epoch: [15], step: [254/1543], batch loss: 0.18060, batch accuracy: 83.85, data load time: 0.27345, step time: 0.03256
epoch: [15], step: [354/1543], batch loss: 0.11242, batch accuracy: 92.81, data load time: 0.28353, step time: 0.02978
epoch: [15], step: [454/1543], batch loss: 0.19125, batch accuracy: 81.98, data load time: 0.25575, step time: 0.03456
epoch: [15], step: [554/1543], batch loss: 0.18797, batch accuracy: 74.38, data load time: 0.24043, step time: 0.03071
epoch: [15], step: [654/1543], batch loss: 0.15148, batch accuracy: 84.02, data load time: 0.29423, step time: 0.03108
epoch: [15], step: [754/1543], batch loss: 0.17780, batch accuracy: 87.85, data load time: 0.25566, step time: 0.03458
epoch: [15], step: [854/1543], batch loss: 0.12028, batch accuracy: 97.39, data load time: 0.20993, step time: 0.02985
epoch: [15], step: [954/1543], batch loss: 0.16674, batch accuracy: 83.91, data load time: 0.22341, step time: 0.03330
epoch: [15], step: [1054/1543], batch loss: 0.15985, batch accuracy: 87.53, data load time: 0.34184, step time: 0.03531
epoch: [15], step: [1154/1543], batch loss: 0.16514, batch accuracy: 86.50, data load time: 0.32514, step time: 0.03180
epoch: [15], step: [1254/1543], batch loss: 0.17414, batch accuracy: 81.58, data load time: 0.22912, step time: 0.03402
epoch: [15], step: [1354/1543], batch loss: 0.20536, batch accuracy: 71.31, data load time: 0.26329, step time: 0.03185
epoch: [15], step: [1454/1543], batch loss: 0.18321, batch accuracy: 92.63, data load time: 0.24085, step time: 0.03108
epoch: [16], step: [11/1543], batch loss: 0.16998, batch accuracy: 85.32, data load time: 0.17338, step time: 0.03485
epoch: [16], step: [111/1543], batch loss: 0.19337, batch accuracy: 79.85, data load time: 0.22433, step time: 0.03452
epoch: [16], step: [211/1543], batch loss: 0.18133, batch accuracy: 85.28, data load time: 0.21772, step time: 0.03418
epoch: [16], step: [311/1543], batch loss: 0.14821, batch accuracy: 88.14, data load time: 0.28284, step time: 0.03141
epoch: [16], step: [411/1543], batch loss: 0.14897, batch accuracy: 88.05, data load time: 0.28600, step time: 0.03061
epoch: [16], step: [511/1543], batch loss: 0.14670, batch accuracy: 86.15, data load time: 0.31728, step time: 0.03129
epoch: [16], step: [611/1543], batch loss: 0.13775, batch accuracy: 88.84, data load time: 0.26735, step time: 0.03127
epoch: [16], step: [711/1543], batch loss: 0.17957, batch accuracy: 90.00, data load time: 0.25652, step time: 0.03875
epoch: [16], step: [811/1543], batch loss: 0.17360, batch accuracy: 75.35, data load time: 0.19906, step time: 0.03322
epoch: [16], step: [911/1543], batch loss: 0.14809, batch accuracy: 79.50, data load time: 0.28503, step time: 0.02974
epoch: [16], step: [1011/1543], batch loss: 0.22194, batch accuracy: 85.15, data load time: 0.25229, step time: 0.03888
epoch: [16], step: [1111/1543], batch loss: 0.20388, batch accuracy: 85.23, data load time: 0.24673, step time: 0.03811
epoch: [16], step: [1211/1543], batch loss: 0.20153, batch accuracy: 78.81, data load time: 0.26757, step time: 0.03664
epoch: [16], step: [1311/1543], batch loss: 0.15176, batch accuracy: 87.11, data load time: 0.27382, step time: 0.03382
epoch: [16], step: [1411/1543], batch loss: 0.13367, batch accuracy: 88.96, data load time: 0.32782, step time: 0.02982
epoch: [16], step: [1511/1543], batch loss: 0.18239, batch accuracy: 81.86, data load time: 0.28651, step time: 0.03339
epoch: [17], step: [68/1543], batch loss: 0.15091, batch accuracy: 76.02, data load time: 0.24845, step time: 0.02769
epoch: [17], step: [168/1543], batch loss: 0.17023, batch accuracy: 75.19, data load time: 0.41560, step time: 0.03277
epoch: [17], step: [268/1543], batch loss: 0.17314, batch accuracy: 78.13, data load time: 0.22969, step time: 0.03212
epoch: [17], step: [368/1543], batch loss: 0.15082, batch accuracy: 82.78, data load time: 0.21561, step time: 0.03174
epoch: [17], step: [468/1543], batch loss: 0.15984, batch accuracy: 84.67, data load time: 0.22855, step time: 0.03532
epoch: [17], step: [568/1543], batch loss: 0.15187, batch accuracy: 88.89, data load time: 0.27331, step time: 0.03406
epoch: [17], step: [668/1543], batch loss: 0.17257, batch accuracy: 85.25, data load time: 0.32018, step time: 0.03192
epoch: [17], step: [768/1543], batch loss: 0.20259, batch accuracy: 82.58, data load time: 0.21774, step time: 0.03522
epoch: [17], step: [868/1543], batch loss: 0.16028, batch accuracy: 80.97, data load time: 0.32295, step time: 0.03413
epoch: [17], step: [968/1543], batch loss: 0.13290, batch accuracy: 88.11, data load time: 0.26862, step time: 0.03051
epoch: [17], step: [1068/1543], batch loss: 0.17000, batch accuracy: 80.90, data load time: 0.23429, step time: 0.03189
epoch: [17], step: [1168/1543], batch loss: 0.22957, batch accuracy: 74.09, data load time: 0.26568, step time: 0.03684
epoch: [17], step: [1268/1543], batch loss: 0.16590, batch accuracy: 87.44, data load time: 0.26632, step time: 0.03463
epoch: [17], step: [1368/1543], batch loss: 0.16654, batch accuracy: 88.73, data load time: 0.22310, step time: 0.03401
epoch: [17], step: [1468/1543], batch loss: 0.14668, batch accuracy: 83.77, data load time: 0.31820, step time: 0.02901
epoch: [18], step: [25/1543], batch loss: 0.16880, batch accuracy: 79.85, data load time: 0.26052, step time: 0.03272
epoch: [18], step: [125/1543], batch loss: 0.16332, batch accuracy: 81.49, data load time: 0.24657, step time: 0.03187
epoch: [18], step: [225/1543], batch loss: 0.18466, batch accuracy: 85.64, data load time: 0.21858, step time: 0.03619
epoch: [18], step: [325/1543], batch loss: 0.17064, batch accuracy: 92.54, data load time: 0.28983, step time: 0.03252
epoch: [18], step: [425/1543], batch loss: 0.16101, batch accuracy: 88.54, data load time: 0.24540, step time: 0.03398
epoch: [18], step: [525/1543], batch loss: 0.17045, batch accuracy: 82.25, data load time: 0.30200, step time: 0.03618
epoch: [18], step: [625/1543], batch loss: 0.14395, batch accuracy: 91.80, data load time: 0.22593, step time: 0.03408
epoch: [18], step: [725/1543], batch loss: 0.15842, batch accuracy: 87.24, data load time: 0.20663, step time: 0.03258
epoch: [18], step: [825/1543], batch loss: 0.17995, batch accuracy: 85.00, data load time: 0.26161, step time: 0.03321
epoch: [18], step: [925/1543], batch loss: 0.13782, batch accuracy: 83.58, data load time: 0.24614, step time: 0.02967
epoch: [18], step: [1025/1543], batch loss: 0.16010, batch accuracy: 91.61, data load time: 0.26313, step time: 0.03249
epoch: [18], step: [1125/1543], batch loss: 0.10879, batch accuracy: 91.96, data load time: 0.27262, step time: 0.02764
epoch: [18], step: [1225/1543], batch loss: 0.17184, batch accuracy: 83.38, data load time: 0.32969, step time: 0.03267
epoch: [18], step: [1325/1543], batch loss: 0.15729, batch accuracy: 90.46, data load time: 0.26081, step time: 0.03473
epoch: [18], step: [1425/1543], batch loss: 0.23364, batch accuracy: 80.33, data load time: 0.28198, step time: 0.03742
epoch: [18], step: [1525/1543], batch loss: 0.20010, batch accuracy: 79.23, data load time: 0.27605, step time: 0.03319
epoch: [19], step: [82/1543], batch loss: 0.21792, batch accuracy: 89.89, data load time: 0.17340, step time: 0.03834
epoch: [19], step: [182/1543], batch loss: 0.20361, batch accuracy: 82.66, data load time: 0.18981, step time: 0.03185
epoch: [19], step: [282/1543], batch loss: 0.19980, batch accuracy: 78.17, data load time: 0.29371, step time: 0.03388
epoch: [19], step: [382/1543], batch loss: 0.15958, batch accuracy: 82.57, data load time: 0.25622, step time: 0.03116
epoch: [19], step: [482/1543], batch loss: 0.13171, batch accuracy: 91.78, data load time: 0.19174, step time: 0.03256
epoch: [19], step: [582/1543], batch loss: 0.15664, batch accuracy: 88.17, data load time: 0.23431, step time: 0.03255
epoch: [19], step: [682/1543], batch loss: 0.22599, batch accuracy: 81.20, data load time: 0.26246, step time: 0.03894
epoch: [19], step: [782/1543], batch loss: 0.18101, batch accuracy: 82.37, data load time: 0.25205, step time: 0.03337
epoch: [19], step: [882/1543], batch loss: 0.13793, batch accuracy: 89.15, data load time: 0.26407, step time: 0.03250
epoch: [19], step: [982/1543], batch loss: 0.14311, batch accuracy: 85.65, data load time: 0.28430, step time: 0.02898
epoch: [19], step: [1082/1543], batch loss: 0.18838, batch accuracy: 82.20, data load time: 0.27997, step time: 0.03540
epoch: [19], step: [1182/1543], batch loss: 0.18098, batch accuracy: 86.11, data load time: 0.25387, step time: 0.03320
epoch: [19], step: [1282/1543], batch loss: 0.16144, batch accuracy: 88.05, data load time: 0.24030, step time: 0.03487
epoch: [19], step: [1382/1543], batch loss: 0.16429, batch accuracy: 85.77, data load time: 0.28113, step time: 0.02987
epoch: [19], step: [1482/1543], batch loss: 0.19190, batch accuracy: 84.16, data load time: 0.17068, step time: 0.03277
EVALUATION METRICS:
-------------------------------------------------------------

Validation: AUC Score: 0.8304

-------------------------------------------------------------
validation loss: 0.16330, accuracy: 83.04
epoch: [20], step: [39/1543], batch loss: 0.11277, batch accuracy: 85.16, data load time: 0.21566, step time: 0.02710
epoch: [20], step: [139/1543], batch loss: 0.13055, batch accuracy: 87.83, data load time: 0.25871, step time: 0.02967
epoch: [20], step: [239/1543], batch loss: 0.15071, batch accuracy: 85.66, data load time: 0.25262, step time: 0.02991
epoch: [20], step: [339/1543], batch loss: 0.15174, batch accuracy: 76.66, data load time: 0.29585, step time: 0.02889
epoch: [20], step: [439/1543], batch loss: 0.15777, batch accuracy: 80.01, data load time: 0.26861, step time: 0.03110
epoch: [20], step: [539/1543], batch loss: 0.16733, batch accuracy: 69.22, data load time: 0.31748, step time: 0.02934
epoch: [20], step: [639/1543], batch loss: 0.15275, batch accuracy: 87.12, data load time: 0.30174, step time: 0.03174
epoch: [20], step: [739/1543], batch loss: 0.17209, batch accuracy: 79.37, data load time: 0.30122, step time: 0.03511
epoch: [20], step: [839/1543], batch loss: 0.15559, batch accuracy: 87.18, data load time: 0.33658, step time: 0.03458
epoch: [20], step: [939/1543], batch loss: 0.15301, batch accuracy: 77.12, data load time: 0.32730, step time: 0.03133
epoch: [20], step: [1039/1543], batch loss: 0.21607, batch accuracy: 78.02, data load time: 0.24496, step time: 0.03709
epoch: [20], step: [1139/1543], batch loss: 0.14328, batch accuracy: 90.58, data load time: 0.28247, step time: 0.03270
epoch: [20], step: [1239/1543], batch loss: 0.19692, batch accuracy: 74.54, data load time: 0.32204, step time: 0.03442
epoch: [20], step: [1339/1543], batch loss: 0.20629, batch accuracy: 89.61, data load time: 0.30690, step time: 0.03664
epoch: [20], step: [1439/1543], batch loss: 0.15667, batch accuracy: 89.65, data load time: 0.32535, step time: 0.03266
epoch: [20], step: [1539/1543], batch loss: 0.14572, batch accuracy: 81.98, data load time: 0.28966, step time: 0.03045
epoch: [21], step: [96/1543], batch loss: 0.16115, batch accuracy: 77.10, data load time: 0.30179, step time: 0.03129
epoch: [21], step: [196/1543], batch loss: 0.12885, batch accuracy: 87.35, data load time: 0.23254, step time: 0.03047
epoch: [21], step: [296/1543], batch loss: 0.15142, batch accuracy: 86.38, data load time: 0.26525, step time: 0.03394
epoch: [21], step: [396/1543], batch loss: 0.16907, batch accuracy: 90.05, data load time: 0.24541, step time: 0.03458
epoch: [21], step: [496/1543], batch loss: 0.15414, batch accuracy: 89.81, data load time: 0.34742, step time: 0.03538
epoch: [21], step: [596/1543], batch loss: 0.17046, batch accuracy: 90.32, data load time: 0.29165, step time: 0.03400
epoch: [21], step: [696/1543], batch loss: 0.14331, batch accuracy: 84.94, data load time: 0.26234, step time: 0.03104
epoch: [21], step: [796/1543], batch loss: 0.19938, batch accuracy: 74.06, data load time: 0.26410, step time: 0.03451
epoch: [21], step: [896/1543], batch loss: 0.16997, batch accuracy: 86.06, data load time: 0.31126, step time: 0.03539
epoch: [21], step: [996/1543], batch loss: 0.17700, batch accuracy: 85.27, data load time: 0.29818, step time: 0.03521
epoch: [21], step: [1096/1543], batch loss: 0.21721, batch accuracy: 81.66, data load time: 0.32082, step time: 0.03029
epoch: [21], step: [1196/1543], batch loss: 0.14036, batch accuracy: 86.34, data load time: 0.27020, step time: 0.02972
epoch: [21], step: [1296/1543], batch loss: 0.14226, batch accuracy: 87.40, data load time: 0.34430, step time: 0.03071
epoch: [21], step: [1396/1543], batch loss: 0.18113, batch accuracy: 82.07, data load time: 0.34104, step time: 0.03110
epoch: [21], step: [1496/1543], batch loss: 0.14451, batch accuracy: 75.63, data load time: 0.28865, step time: 0.03107
epoch: [22], step: [53/1543], batch loss: 0.12999, batch accuracy: 87.69, data load time: 0.24675, step time: 0.03065
epoch: [22], step: [153/1543], batch loss: 0.14989, batch accuracy: 89.24, data load time: 0.26765, step time: 0.02960
epoch: [22], step: [253/1543], batch loss: 0.21225, batch accuracy: 81.61, data load time: 0.26687, step time: 0.03532
epoch: [22], step: [353/1543], batch loss: 0.20044, batch accuracy: 83.09, data load time: 0.33102, step time: 0.03462
epoch: [22], step: [453/1543], batch loss: 0.13407, batch accuracy: 91.18, data load time: 0.31068, step time: 0.03143
epoch: [22], step: [553/1543], batch loss: 0.13965, batch accuracy: 90.51, data load time: 0.28438, step time: 0.03345
epoch: [22], step: [653/1543], batch loss: 0.16329, batch accuracy: 87.59, data load time: 0.27607, step time: 0.03179
epoch: [22], step: [753/1543], batch loss: 0.19113, batch accuracy: 76.22, data load time: 0.20261, step time: 0.03530
epoch: [22], step: [853/1543], batch loss: 0.15172, batch accuracy: 88.04, data load time: 0.22991, step time: 0.03037
epoch: [22], step: [953/1543], batch loss: 0.17183, batch accuracy: 78.81, data load time: 0.22825, step time: 0.03325
epoch: [22], step: [1053/1543], batch loss: 0.16952, batch accuracy: 89.40, data load time: 0.25982, step time: 0.03398
epoch: [22], step: [1153/1543], batch loss: 0.17429, batch accuracy: 81.00, data load time: 0.26250, step time: 0.03076
epoch: [22], step: [1253/1543], batch loss: 0.18497, batch accuracy: 88.21, data load time: 0.19131, step time: 0.03738
epoch: [22], step: [1353/1543], batch loss: 0.15051, batch accuracy: 89.18, data load time: 0.21479, step time: 0.03184
epoch: [22], step: [1453/1543], batch loss: 0.18289, batch accuracy: 89.36, data load time: 0.20268, step time: 0.03926
epoch: [23], step: [10/1543], batch loss: 0.19212, batch accuracy: 81.48, data load time: 0.24453, step time: 0.03708
epoch: [23], step: [110/1543], batch loss: 0.14415, batch accuracy: 83.75, data load time: 0.31349, step time: 0.02892
epoch: [23], step: [210/1543], batch loss: 0.15845, batch accuracy: 83.60, data load time: 0.28403, step time: 0.03207
epoch: [23], step: [310/1543], batch loss: 0.22532, batch accuracy: 76.36, data load time: 0.29626, step time: 0.03576
epoch: [23], step: [410/1543], batch loss: 0.15491, batch accuracy: 87.08, data load time: 0.27832, step time: 0.03393
epoch: [23], step: [510/1543], batch loss: 0.17536, batch accuracy: 88.01, data load time: 0.27240, step time: 0.03348
epoch: [23], step: [610/1543], batch loss: 0.20033, batch accuracy: 80.94, data load time: 0.26321, step time: 0.03663
epoch: [23], step: [710/1543], batch loss: 0.12873, batch accuracy: 86.84, data load time: 0.36213, step time: 0.02971
epoch: [23], step: [810/1543], batch loss: 0.13703, batch accuracy: 92.59, data load time: 0.30780, step time: 0.02987
epoch: [23], step: [910/1543], batch loss: 0.17488, batch accuracy: 92.13, data load time: 0.29230, step time: 0.03520
epoch: [23], step: [1010/1543], batch loss: 0.16614, batch accuracy: 89.83, data load time: 0.29255, step time: 0.03242
epoch: [23], step: [1110/1543], batch loss: 0.16976, batch accuracy: 87.41, data load time: 0.29102, step time: 0.03332
epoch: [23], step: [1210/1543], batch loss: 0.18872, batch accuracy: 89.98, data load time: 0.28556, step time: 0.03670
epoch: [23], step: [1310/1543], batch loss: 0.19255, batch accuracy: 81.84, data load time: 0.26030, step time: 0.03530
epoch: [23], step: [1410/1543], batch loss: 0.16522, batch accuracy: 89.17, data load time: 0.27736, step time: 0.03518
epoch: [23], step: [1510/1543], batch loss: 0.16023, batch accuracy: 74.36, data load time: 0.24711, step time: 0.02881
epoch: [24], step: [67/1543], batch loss: 0.16367, batch accuracy: 87.51, data load time: 0.22840, step time: 0.03109
epoch: [24], step: [167/1543], batch loss: 0.16285, batch accuracy: 82.70, data load time: 0.30442, step time: 0.03070
epoch: [24], step: [267/1543], batch loss: 0.12463, batch accuracy: 87.52, data load time: 0.22988, step time: 0.02993
epoch: [24], step: [367/1543], batch loss: 0.16583, batch accuracy: 80.69, data load time: 0.30594, step time: 0.03217
epoch: [24], step: [467/1543], batch loss: 0.22147, batch accuracy: 80.96, data load time: 0.32450, step time: 0.03613
epoch: [24], step: [567/1543], batch loss: 0.15000, batch accuracy: 87.88, data load time: 0.38744, step time: 0.03182
epoch: [24], step: [667/1543], batch loss: 0.19407, batch accuracy: 77.53, data load time: 0.33316, step time: 0.03061
epoch: [24], step: [767/1543], batch loss: 0.14520, batch accuracy: 82.90, data load time: 0.25117, step time: 0.03186
epoch: [24], step: [867/1543], batch loss: 0.20521, batch accuracy: 83.24, data load time: 0.26687, step time: 0.03978
epoch: [24], step: [967/1543], batch loss: 0.16408, batch accuracy: 85.79, data load time: 0.26101, step time: 0.03330
epoch: [24], step: [1067/1543], batch loss: 0.14426, batch accuracy: 90.70, data load time: 0.34844, step time: 0.03357
epoch: [24], step: [1167/1543], batch loss: 0.17406, batch accuracy: 84.04, data load time: 0.32385, step time: 0.03486
epoch: [24], step: [1267/1543], batch loss: 0.14047, batch accuracy: 89.75, data load time: 0.24125, step time: 0.03058
epoch: [24], step: [1367/1543], batch loss: 0.18162, batch accuracy: 85.29, data load time: 0.34888, step time: 0.03340
epoch: [24], step: [1467/1543], batch loss: 0.16175, batch accuracy: 75.70, data load time: 0.37734, step time: 0.03123
EVALUATION METRICS:
-------------------------------------------------------------

Validation: AUC Score: 0.8313

-------------------------------------------------------------
validation loss: 0.16389, accuracy: 83.13
EVALUATION METRICS:
-------------------------------------------------------------

Test: AUC Score: 0.8250

-------------------------------------------------------------
validation loss: 0.48405, accuracy: 82.50
