Loading data from /mnt/storage/scratch/ee20947/MagnaTagATune/annotations/train.pkl...
Loading data from /mnt/storage/scratch/ee20947/MagnaTagATune/annotations/train.pkl...
Loading data from /mnt/storage/scratch/ee20947/MagnaTagATune/annotations/val.pkl...
Loading data from /mnt/storage/scratch/ee20947/MagnaTagATune/annotations/test.pkl...
Writing logs to logs/CNN_sgd_momentum=0.93_learning_rate=0.2_conv_length=256_conv_stride=256_batch_size=10_weight_decay=1e-05_run_1
epoch: [0], step: [99/1543], batch loss: 0.28308, batch accuracy: 61.72, data load time: 0.22322, step time: 0.03040
epoch: [0], step: [199/1543], batch loss: 1.88101, batch accuracy: 52.04, data load time: 0.13979, step time: 0.03185
epoch: [0], step: [299/1543], batch loss: 2.77422, batch accuracy: 58.21, data load time: 0.15699, step time: 0.03368
epoch: [0], step: [399/1543], batch loss: 4.13912, batch accuracy: 54.67, data load time: 0.17839, step time: 0.04049
epoch: [0], step: [499/1543], batch loss: 2.68409, batch accuracy: 57.74, data load time: 0.07644, step time: 0.03763
epoch: [0], step: [599/1543], batch loss: 1.99015, batch accuracy: 55.31, data load time: 0.17567, step time: 0.03320
epoch: [0], step: [699/1543], batch loss: 3.14846, batch accuracy: 58.55, data load time: 0.17370, step time: 0.03676
epoch: [0], step: [799/1543], batch loss: 2.81831, batch accuracy: 57.35, data load time: 0.22060, step time: 0.03035
epoch: [0], step: [899/1543], batch loss: 3.31502, batch accuracy: 54.52, data load time: 0.19763, step time: 0.03353
epoch: [0], step: [999/1543], batch loss: 3.85032, batch accuracy: 52.82, data load time: 0.13024, step time: 0.03809
epoch: [0], step: [1099/1543], batch loss: 4.77921, batch accuracy: 57.32, data load time: 0.16647, step time: 0.03594
epoch: [0], step: [1199/1543], batch loss: 4.92861, batch accuracy: 53.29, data load time: 0.12849, step time: 0.04140
epoch: [0], step: [1299/1543], batch loss: 2.19891, batch accuracy: 55.88, data load time: 0.15868, step time: 0.03099
epoch: [0], step: [1399/1543], batch loss: 5.58552, batch accuracy: 61.05, data load time: 0.13480, step time: 0.03734
epoch: [0], step: [1499/1543], batch loss: 6.99367, batch accuracy: 58.70, data load time: 0.12313, step time: 0.03970
epoch: [1], step: [56/1543], batch loss: 6.55717, batch accuracy: 49.61, data load time: 0.18452, step time: 0.03698
epoch: [1], step: [156/1543], batch loss: 6.11637, batch accuracy: 56.06, data load time: 0.10244, step time: 0.03378
epoch: [1], step: [256/1543], batch loss: 5.15306, batch accuracy: 45.49, data load time: 0.08131, step time: 0.03216
epoch: [1], step: [356/1543], batch loss: 8.80048, batch accuracy: 46.06, data load time: 0.11881, step time: 0.03587
epoch: [1], step: [456/1543], batch loss: 8.54672, batch accuracy: 56.79, data load time: 0.09775, step time: 0.04027
epoch: [1], step: [556/1543], batch loss: 7.07300, batch accuracy: 56.35, data load time: 0.10414, step time: 0.03227
epoch: [1], step: [656/1543], batch loss: 7.75704, batch accuracy: 58.09, data load time: 0.20956, step time: 0.03733
epoch: [1], step: [756/1543], batch loss: 4.96332, batch accuracy: 53.18, data load time: 0.21776, step time: 0.03289
epoch: [1], step: [856/1543], batch loss: 5.33928, batch accuracy: 60.33, data load time: 0.19002, step time: 0.03234
epoch: [1], step: [956/1543], batch loss: 5.76085, batch accuracy: 47.81, data load time: 0.13336, step time: 0.03845
epoch: [1], step: [1056/1543], batch loss: 2.96147, batch accuracy: 50.06, data load time: 0.11971, step time: 0.03375
epoch: [1], step: [1156/1543], batch loss: 4.99868, batch accuracy: 52.14, data load time: 0.17905, step time: 0.03802
epoch: [1], step: [1256/1543], batch loss: 2.72242, batch accuracy: 48.12, data load time: 0.12639, step time: 0.03097
epoch: [1], step: [1356/1543], batch loss: 4.13201, batch accuracy: 63.65, data load time: 0.21657, step time: 0.03706
epoch: [1], step: [1456/1543], batch loss: 4.17661, batch accuracy: 49.33, data load time: 0.15960, step time: 0.04010
epoch: [2], step: [13/1543], batch loss: 2.49418, batch accuracy: 57.66, data load time: 0.03174, step time: 0.03546
epoch: [2], step: [113/1543], batch loss: 3.39055, batch accuracy: 52.85, data load time: 0.14596, step time: 0.03814
epoch: [2], step: [213/1543], batch loss: 2.16701, batch accuracy: 53.30, data load time: 0.13731, step time: 0.04294
epoch: [2], step: [313/1543], batch loss: 2.86798, batch accuracy: 53.66, data load time: 0.19598, step time: 0.03524
epoch: [2], step: [413/1543], batch loss: 3.38980, batch accuracy: 46.94, data load time: 0.18303, step time: 0.03579
epoch: [2], step: [513/1543], batch loss: 3.79966, batch accuracy: 58.63, data load time: 0.09470, step time: 0.04035
epoch: [2], step: [613/1543], batch loss: 4.83297, batch accuracy: 58.19, data load time: 0.13180, step time: 0.03893
epoch: [2], step: [713/1543], batch loss: 5.27477, batch accuracy: 51.12, data load time: 0.08858, step time: 0.03807
epoch: [2], step: [813/1543], batch loss: 4.65703, batch accuracy: 46.56, data load time: 0.18272, step time: 0.03816
epoch: [2], step: [913/1543], batch loss: 4.06811, batch accuracy: 55.11, data load time: 0.11382, step time: 0.04202
epoch: [2], step: [1013/1543], batch loss: 3.38578, batch accuracy: 48.07, data load time: 0.14540, step time: 0.03344
epoch: [2], step: [1113/1543], batch loss: 4.15831, batch accuracy: 49.45, data load time: 0.20562, step time: 0.03785
epoch: [2], step: [1213/1543], batch loss: 2.84793, batch accuracy: 54.31, data load time: 0.28998, step time: 0.03694
epoch: [2], step: [1313/1543], batch loss: 2.39343, batch accuracy: 55.32, data load time: 0.25838, step time: 0.03625
epoch: [2], step: [1413/1543], batch loss: 2.25900, batch accuracy: 60.45, data load time: 0.16423, step time: 0.03468
epoch: [2], step: [1513/1543], batch loss: 2.30554, batch accuracy: 48.85, data load time: 0.18707, step time: 0.03539
epoch: [3], step: [70/1543], batch loss: 2.86028, batch accuracy: 47.20, data load time: 0.12490, step time: 0.03954
epoch: [3], step: [170/1543], batch loss: 3.40141, batch accuracy: 51.55, data load time: 0.10172, step time: 0.03960
epoch: [3], step: [270/1543], batch loss: 3.37024, batch accuracy: 54.01, data load time: 0.18340, step time: 0.03657
epoch: [3], step: [370/1543], batch loss: 4.00920, batch accuracy: 49.02, data load time: 0.09602, step time: 0.03740
epoch: [3], step: [470/1543], batch loss: 4.68040, batch accuracy: 51.54, data load time: 0.07270, step time: 0.04230
epoch: [3], step: [570/1543], batch loss: 3.36849, batch accuracy: 61.83, data load time: 0.18903, step time: 0.03816
epoch: [3], step: [670/1543], batch loss: 3.01215, batch accuracy: 42.57, data load time: 0.14609, step time: 0.03308
epoch: [3], step: [770/1543], batch loss: 6.75303, batch accuracy: 50.87, data load time: 0.18195, step time: 0.03697
epoch: [3], step: [870/1543], batch loss: 5.94771, batch accuracy: 56.85, data load time: 0.19646, step time: 0.03366
epoch: [3], step: [970/1543], batch loss: 4.93954, batch accuracy: 57.48, data load time: 0.08510, step time: 0.03389
epoch: [3], step: [1070/1543], batch loss: 5.72098, batch accuracy: 49.08, data load time: 0.15419, step time: 0.03590
epoch: [3], step: [1170/1543], batch loss: 6.34027, batch accuracy: 54.77, data load time: 0.14732, step time: 0.04019
epoch: [3], step: [1270/1543], batch loss: 4.75556, batch accuracy: 48.03, data load time: 0.22676, step time: 0.03078
epoch: [3], step: [1370/1543], batch loss: 5.74959, batch accuracy: 58.62, data load time: 0.10448, step time: 0.03946
epoch: [3], step: [1470/1543], batch loss: 7.43498, batch accuracy: 52.61, data load time: 0.13434, step time: 0.03597
epoch: [4], step: [27/1543], batch loss: 5.95502, batch accuracy: 51.30, data load time: 0.10832, step time: 0.03656
epoch: [4], step: [127/1543], batch loss: 2.46107, batch accuracy: 54.20, data load time: 0.06972, step time: 0.03420
epoch: [4], step: [227/1543], batch loss: 3.94398, batch accuracy: 45.17, data load time: 0.09795, step time: 0.03614
epoch: [4], step: [327/1543], batch loss: 5.54866, batch accuracy: 54.03, data load time: 0.08509, step time: 0.03532
epoch: [4], step: [427/1543], batch loss: 3.87244, batch accuracy: 61.71, data load time: 0.19424, step time: 0.03586
epoch: [4], step: [527/1543], batch loss: 3.73246, batch accuracy: 48.80, data load time: 0.11031, step time: 0.03641
epoch: [4], step: [627/1543], batch loss: 4.55397, batch accuracy: 55.63, data load time: 0.16216, step time: 0.03724
epoch: [4], step: [727/1543], batch loss: 5.14379, batch accuracy: 52.97, data load time: 0.12409, step time: 0.03660
epoch: [4], step: [827/1543], batch loss: 5.22363, batch accuracy: 47.06, data load time: 0.16702, step time: 0.03657
epoch: [4], step: [927/1543], batch loss: 2.32104, batch accuracy: 54.94, data load time: 0.10400, step time: 0.03163
epoch: [4], step: [1027/1543], batch loss: 4.92862, batch accuracy: 49.07, data load time: 0.27375, step time: 0.03807
epoch: [4], step: [1127/1543], batch loss: 4.69109, batch accuracy: 44.57, data load time: 0.05327, step time: 0.03718
epoch: [4], step: [1227/1543], batch loss: 5.24087, batch accuracy: 49.93, data load time: 0.12935, step time: 0.03863
epoch: [4], step: [1327/1543], batch loss: 4.35245, batch accuracy: 48.77, data load time: 0.23372, step time: 0.03277
epoch: [4], step: [1427/1543], batch loss: 5.14404, batch accuracy: 50.89, data load time: 0.14551, step time: 0.03697
epoch: [4], step: [1527/1543], batch loss: 4.20293, batch accuracy: 44.62, data load time: 0.26808, step time: 0.03792
EVALUATION METRICS:
-------------------------------------------------------------

Validation: AUC Score: 0.5035

-------------------------------------------------------------
validation loss: 7.27369, accuracy: 50.35
epoch: [5], step: [84/1543], batch loss: 5.24142, batch accuracy: 47.89, data load time: 0.17909, step time: 0.03860
epoch: [5], step: [184/1543], batch loss: 3.32126, batch accuracy: 48.46, data load time: 0.17656, step time: 0.03446
epoch: [5], step: [284/1543], batch loss: 3.33418, batch accuracy: 62.03, data load time: 0.14060, step time: 0.03693
epoch: [5], step: [384/1543], batch loss: 3.69822, batch accuracy: 39.78, data load time: 0.10327, step time: 0.03202
epoch: [5], step: [484/1543], batch loss: 3.31147, batch accuracy: 58.19, data load time: 0.07935, step time: 0.03660
epoch: [5], step: [584/1543], batch loss: 3.53814, batch accuracy: 48.64, data load time: 0.14114, step time: 0.03094
epoch: [5], step: [684/1543], batch loss: 2.60879, batch accuracy: 54.53, data load time: 0.14908, step time: 0.03464
epoch: [5], step: [784/1543], batch loss: 4.15279, batch accuracy: 42.49, data load time: 0.16517, step time: 0.03599
epoch: [5], step: [884/1543], batch loss: 3.33284, batch accuracy: 60.28, data load time: 0.12956, step time: 0.03404
epoch: [5], step: [984/1543], batch loss: 3.08980, batch accuracy: 49.19, data load time: 0.15591, step time: 0.03530
epoch: [5], step: [1084/1543], batch loss: 3.51156, batch accuracy: 47.39, data load time: 0.14238, step time: 0.03331
epoch: [5], step: [1184/1543], batch loss: 4.74032, batch accuracy: 48.50, data load time: 0.15670, step time: 0.03893
epoch: [5], step: [1284/1543], batch loss: 3.15629, batch accuracy: 50.09, data load time: 0.20577, step time: 0.03791
epoch: [5], step: [1384/1543], batch loss: 4.10928, batch accuracy: 50.46, data load time: 0.17894, step time: 0.03364
epoch: [5], step: [1484/1543], batch loss: 3.34819, batch accuracy: 49.91, data load time: 0.15514, step time: 0.03732
epoch: [6], step: [41/1543], batch loss: 3.95262, batch accuracy: 52.90, data load time: 0.11068, step time: 0.03956
epoch: [6], step: [141/1543], batch loss: 2.33894, batch accuracy: 60.10, data load time: 0.16933, step time: 0.03617
epoch: [6], step: [241/1543], batch loss: 5.73713, batch accuracy: 48.78, data load time: 0.14273, step time: 0.03930
epoch: [6], step: [341/1543], batch loss: 5.15517, batch accuracy: 50.09, data load time: 0.14001, step time: 0.04078
epoch: [6], step: [441/1543], batch loss: 3.75517, batch accuracy: 53.47, data load time: 0.08594, step time: 0.03942
epoch: [6], step: [541/1543], batch loss: 5.16179, batch accuracy: 52.28, data load time: 0.12240, step time: 0.04067
epoch: [6], step: [641/1543], batch loss: 3.95725, batch accuracy: 50.95, data load time: 0.14326, step time: 0.03778
epoch: [6], step: [741/1543], batch loss: 2.50615, batch accuracy: 50.39, data load time: 0.11203, step time: 0.03378
epoch: [6], step: [841/1543], batch loss: 3.08006, batch accuracy: 53.83, data load time: 0.16707, step time: 0.03580
epoch: [6], step: [941/1543], batch loss: 3.96048, batch accuracy: 50.62, data load time: 0.10528, step time: 0.03661
epoch: [6], step: [1041/1543], batch loss: 4.58936, batch accuracy: 50.61, data load time: 0.17616, step time: 0.03645
epoch: [6], step: [1141/1543], batch loss: 3.15427, batch accuracy: 48.37, data load time: 0.12075, step time: 0.03538
epoch: [6], step: [1241/1543], batch loss: 5.55472, batch accuracy: 50.72, data load time: 0.09271, step time: 0.03935
epoch: [6], step: [1341/1543], batch loss: 2.93147, batch accuracy: 54.78, data load time: 0.11465, step time: 0.03306
epoch: [6], step: [1441/1543], batch loss: 3.51804, batch accuracy: 60.31, data load time: 0.10421, step time: 0.03662
epoch: [6], step: [1541/1543], batch loss: 3.97832, batch accuracy: 55.54, data load time: 0.19201, step time: 0.03942
epoch: [7], step: [98/1543], batch loss: 3.04056, batch accuracy: 49.46, data load time: 0.09115, step time: 0.03662
epoch: [7], step: [198/1543], batch loss: 3.64134, batch accuracy: 54.52, data load time: 0.10038, step time: 0.03931
epoch: [7], step: [298/1543], batch loss: 3.53911, batch accuracy: 53.87, data load time: 0.11207, step time: 0.03519
epoch: [7], step: [398/1543], batch loss: 3.21679, batch accuracy: 59.38, data load time: 0.21772, step time: 0.03544
epoch: [7], step: [498/1543], batch loss: 3.62914, batch accuracy: 51.89, data load time: 0.15816, step time: 0.03537
epoch: [7], step: [598/1543], batch loss: 4.15673, batch accuracy: 55.07, data load time: 0.11922, step time: 0.03917
epoch: [7], step: [698/1543], batch loss: 3.73840, batch accuracy: 51.81, data load time: 0.14959, step time: 0.03768
epoch: [7], step: [798/1543], batch loss: 2.48927, batch accuracy: 54.00, data load time: 0.19193, step time: 0.03477
epoch: [7], step: [898/1543], batch loss: 3.40022, batch accuracy: 46.56, data load time: 0.13857, step time: 0.04177
epoch: [7], step: [998/1543], batch loss: 3.34874, batch accuracy: 55.10, data load time: 0.10949, step time: 0.03809
epoch: [7], step: [1098/1543], batch loss: 3.74910, batch accuracy: 52.58, data load time: 0.24888, step time: 0.03919
epoch: [7], step: [1198/1543], batch loss: 2.10084, batch accuracy: 47.91, data load time: 0.14932, step time: 0.03121
epoch: [7], step: [1298/1543], batch loss: 3.78277, batch accuracy: 48.63, data load time: 0.14660, step time: 0.03672
epoch: [7], step: [1398/1543], batch loss: 2.99224, batch accuracy: 55.48, data load time: 0.09314, step time: 0.03731
epoch: [7], step: [1498/1543], batch loss: 2.37360, batch accuracy: 51.92, data load time: 0.11676, step time: 0.03431
epoch: [8], step: [55/1543], batch loss: 5.88673, batch accuracy: 58.41, data load time: 0.16193, step time: 0.04154
epoch: [8], step: [155/1543], batch loss: 3.76622, batch accuracy: 55.69, data load time: 0.06477, step time: 0.03741
epoch: [8], step: [255/1543], batch loss: 4.38563, batch accuracy: 54.77, data load time: 0.11540, step time: 0.03879
epoch: [8], step: [355/1543], batch loss: 2.98663, batch accuracy: 53.40, data load time: 0.14149, step time: 0.03581
epoch: [8], step: [455/1543], batch loss: 2.75598, batch accuracy: 47.48, data load time: 0.06132, step time: 0.03104
epoch: [8], step: [555/1543], batch loss: 2.56903, batch accuracy: 60.77, data load time: 0.13865, step time: 0.03674
epoch: [8], step: [655/1543], batch loss: 3.56439, batch accuracy: 50.08, data load time: 0.20583, step time: 0.03405
epoch: [8], step: [755/1543], batch loss: 2.39843, batch accuracy: 55.49, data load time: 0.10539, step time: 0.03596
epoch: [8], step: [855/1543], batch loss: 3.55971, batch accuracy: 50.69, data load time: 0.17372, step time: 0.03493
epoch: [8], step: [955/1543], batch loss: 3.95231, batch accuracy: 55.85, data load time: 0.13026, step time: 0.03664
epoch: [8], step: [1055/1543], batch loss: 2.26195, batch accuracy: 56.51, data load time: 0.18794, step time: 0.03659
epoch: [8], step: [1155/1543], batch loss: 3.77325, batch accuracy: 52.35, data load time: 0.13737, step time: 0.03608
epoch: [8], step: [1255/1543], batch loss: 2.77484, batch accuracy: 47.26, data load time: 0.18408, step time: 0.03802
epoch: [8], step: [1355/1543], batch loss: 2.35089, batch accuracy: 52.39, data load time: 0.13526, step time: 0.03390
epoch: [8], step: [1455/1543], batch loss: 3.57111, batch accuracy: 47.29, data load time: 0.07278, step time: 0.03810
epoch: [9], step: [12/1543], batch loss: 2.93976, batch accuracy: 56.29, data load time: 0.07270, step time: 0.04633
epoch: [9], step: [112/1543], batch loss: 3.35762, batch accuracy: 62.42, data load time: 0.06767, step time: 0.04580
epoch: [9], step: [212/1543], batch loss: 2.75926, batch accuracy: 67.09, data load time: 0.06116, step time: 0.03674
epoch: [9], step: [312/1543], batch loss: 4.35028, batch accuracy: 51.98, data load time: 0.14498, step time: 0.03088
epoch: [9], step: [412/1543], batch loss: 2.58959, batch accuracy: 53.45, data load time: 0.08800, step time: 0.03319
epoch: [9], step: [512/1543], batch loss: 3.20888, batch accuracy: 51.32, data load time: 0.10495, step time: 0.03595
epoch: [9], step: [612/1543], batch loss: 3.79637, batch accuracy: 50.58, data load time: 0.11958, step time: 0.03884
epoch: [9], step: [712/1543], batch loss: 3.57549, batch accuracy: 55.48, data load time: 0.15139, step time: 0.03389
epoch: [9], step: [812/1543], batch loss: 3.36158, batch accuracy: 54.79, data load time: 0.19255, step time: 0.03539
epoch: [9], step: [912/1543], batch loss: 2.78716, batch accuracy: 60.64, data load time: 0.21015, step time: 0.03942
epoch: [9], step: [1012/1543], batch loss: 4.39476, batch accuracy: 54.03, data load time: 0.14211, step time: 0.03892
epoch: [9], step: [1112/1543], batch loss: 2.55619, batch accuracy: 66.16, data load time: 0.20291, step time: 0.03674
epoch: [9], step: [1212/1543], batch loss: 4.00646, batch accuracy: 55.21, data load time: 0.09139, step time: 0.04444
epoch: [9], step: [1312/1543], batch loss: 2.80337, batch accuracy: 54.39, data load time: 0.19345, step time: 0.03404
epoch: [9], step: [1412/1543], batch loss: 3.56614, batch accuracy: 51.52, data load time: 0.15303, step time: 0.03669
epoch: [9], step: [1512/1543], batch loss: 3.76508, batch accuracy: 50.28, data load time: 0.09458, step time: 0.03816
EVALUATION METRICS:
-------------------------------------------------------------

Validation: AUC Score: 0.5214

-------------------------------------------------------------
validation loss: 6.10169, accuracy: 52.14
epoch: [10], step: [69/1543], batch loss: 2.74357, batch accuracy: 52.41, data load time: 0.10450, step time: 0.03878
epoch: [10], step: [169/1543], batch loss: 2.76013, batch accuracy: 60.10, data load time: 0.15029, step time: 0.03589
epoch: [10], step: [269/1543], batch loss: 3.34126, batch accuracy: 51.85, data load time: 0.11046, step time: 0.03390
epoch: [10], step: [369/1543], batch loss: 3.36336, batch accuracy: 55.49, data load time: 0.13855, step time: 0.03627
epoch: [10], step: [469/1543], batch loss: 4.59940, batch accuracy: 51.45, data load time: 0.18503, step time: 0.03953
epoch: [10], step: [569/1543], batch loss: 2.58659, batch accuracy: 50.81, data load time: 0.12878, step time: 0.03299
epoch: [10], step: [669/1543], batch loss: 4.75950, batch accuracy: 52.46, data load time: 0.20112, step time: 0.04119
epoch: [10], step: [769/1543], batch loss: 4.13279, batch accuracy: 47.84, data load time: 0.15822, step time: 0.03669
epoch: [10], step: [869/1543], batch loss: 2.81134, batch accuracy: 53.59, data load time: 0.13155, step time: 0.03879
epoch: [10], step: [969/1543], batch loss: 3.14461, batch accuracy: 46.37, data load time: 0.18026, step time: 0.03368
epoch: [10], step: [1069/1543], batch loss: 4.62939, batch accuracy: 57.05, data load time: 0.12117, step time: 0.03890
epoch: [10], step: [1169/1543], batch loss: 2.00955, batch accuracy: 50.22, data load time: 0.14756, step time: 0.03451
epoch: [10], step: [1269/1543], batch loss: 4.07811, batch accuracy: 56.28, data load time: 0.06243, step time: 0.04043
epoch: [10], step: [1369/1543], batch loss: 2.37146, batch accuracy: 65.81, data load time: 0.05931, step time: 0.03316
epoch: [10], step: [1469/1543], batch loss: 3.62370, batch accuracy: 48.92, data load time: 0.12218, step time: 0.03456
epoch: [11], step: [26/1543], batch loss: 4.42194, batch accuracy: 55.50, data load time: 0.05133, step time: 0.03717
epoch: [11], step: [126/1543], batch loss: 2.96227, batch accuracy: 57.21, data load time: 0.08261, step time: 0.03675
epoch: [11], step: [226/1543], batch loss: 3.98335, batch accuracy: 54.33, data load time: 0.05640, step time: 0.04158
epoch: [11], step: [326/1543], batch loss: 3.60273, batch accuracy: 52.96, data load time: 0.14457, step time: 0.03955
epoch: [11], step: [426/1543], batch loss: 3.53768, batch accuracy: 47.99, data load time: 0.15893, step time: 0.03516
epoch: [11], step: [526/1543], batch loss: 4.93667, batch accuracy: 53.98, data load time: 0.08069, step time: 0.03354
epoch: [11], step: [626/1543], batch loss: 3.76891, batch accuracy: 49.02, data load time: 0.21862, step time: 0.03637
epoch: [11], step: [726/1543], batch loss: 2.18470, batch accuracy: 57.32, data load time: 0.11203, step time: 0.03666
epoch: [11], step: [826/1543], batch loss: 2.58136, batch accuracy: 61.89, data load time: 0.19778, step time: 0.03769
epoch: [11], step: [926/1543], batch loss: 2.99214, batch accuracy: 51.75, data load time: 0.14098, step time: 0.03421
epoch: [11], step: [1026/1543], batch loss: 4.10222, batch accuracy: 48.97, data load time: 0.07169, step time: 0.03659
epoch: [11], step: [1126/1543], batch loss: 3.17505, batch accuracy: 57.18, data load time: 0.23505, step time: 0.03801
epoch: [11], step: [1226/1543], batch loss: 3.37362, batch accuracy: 55.14, data load time: 0.09823, step time: 0.03593
epoch: [11], step: [1326/1543], batch loss: 2.95460, batch accuracy: 56.04, data load time: 0.11817, step time: 0.03464
epoch: [11], step: [1426/1543], batch loss: 2.90139, batch accuracy: 54.67, data load time: 0.17574, step time: 0.03550
epoch: [11], step: [1526/1543], batch loss: 3.93696, batch accuracy: 46.74, data load time: 0.11579, step time: 0.03668
epoch: [12], step: [83/1543], batch loss: 2.57758, batch accuracy: 57.40, data load time: 0.13807, step time: 0.03463
epoch: [12], step: [183/1543], batch loss: 2.37368, batch accuracy: 52.96, data load time: 0.10659, step time: 0.03986
epoch: [12], step: [283/1543], batch loss: 3.15122, batch accuracy: 60.35, data load time: 0.09855, step time: 0.03598
epoch: [12], step: [383/1543], batch loss: 3.75813, batch accuracy: 54.15, data load time: 0.12364, step time: 0.03728
epoch: [12], step: [483/1543], batch loss: 3.35596, batch accuracy: 59.90, data load time: 0.13617, step time: 0.03664
epoch: [12], step: [583/1543], batch loss: 1.75611, batch accuracy: 51.84, data load time: 0.10289, step time: 0.03247
epoch: [12], step: [683/1543], batch loss: 2.76847, batch accuracy: 56.94, data load time: 0.18685, step time: 0.03601
epoch: [12], step: [783/1543], batch loss: 4.83828, batch accuracy: 49.14, data load time: 0.12734, step time: 0.03840
epoch: [12], step: [883/1543], batch loss: 3.58352, batch accuracy: 57.64, data load time: 0.13247, step time: 0.03574
epoch: [12], step: [983/1543], batch loss: 4.80295, batch accuracy: 51.52, data load time: 0.10651, step time: 0.03795
epoch: [12], step: [1083/1543], batch loss: 4.23151, batch accuracy: 53.36, data load time: 0.18090, step time: 0.04155
epoch: [12], step: [1183/1543], batch loss: 3.64027, batch accuracy: 55.74, data load time: 0.15812, step time: 0.03794
epoch: [12], step: [1283/1543], batch loss: 2.76083, batch accuracy: 60.30, data load time: 0.11706, step time: 0.03451
epoch: [12], step: [1383/1543], batch loss: 3.55627, batch accuracy: 55.73, data load time: 0.13960, step time: 0.03895
epoch: [12], step: [1483/1543], batch loss: 3.92384, batch accuracy: 50.86, data load time: 0.17110, step time: 0.04080
epoch: [13], step: [40/1543], batch loss: 2.94935, batch accuracy: 51.69, data load time: 0.15624, step time: 0.03691
epoch: [13], step: [140/1543], batch loss: 2.73824, batch accuracy: 58.81, data load time: 0.10482, step time: 0.03471
epoch: [13], step: [240/1543], batch loss: 2.27572, batch accuracy: 49.44, data load time: 0.11833, step time: 0.03021
epoch: [13], step: [340/1543], batch loss: 3.15365, batch accuracy: 58.79, data load time: 0.11796, step time: 0.03458
epoch: [13], step: [440/1543], batch loss: 4.14262, batch accuracy: 51.61, data load time: 0.19685, step time: 0.03995
epoch: [13], step: [540/1543], batch loss: 4.71024, batch accuracy: 43.44, data load time: 0.18113, step time: 0.03818
epoch: [13], step: [640/1543], batch loss: 2.42274, batch accuracy: 57.42, data load time: 0.25200, step time: 0.03772
epoch: [13], step: [740/1543], batch loss: 2.57199, batch accuracy: 50.85, data load time: 0.16869, step time: 0.03433
epoch: [13], step: [840/1543], batch loss: 2.54897, batch accuracy: 57.28, data load time: 0.21510, step time: 0.03559
epoch: [13], step: [940/1543], batch loss: 6.36478, batch accuracy: 46.03, data load time: 0.15399, step time: 0.04083
epoch: [13], step: [1040/1543], batch loss: 2.98010, batch accuracy: 47.62, data load time: 0.15868, step time: 0.03591
epoch: [13], step: [1140/1543], batch loss: 4.52412, batch accuracy: 47.99, data load time: 0.09386, step time: 0.03977
epoch: [13], step: [1240/1543], batch loss: 2.77133, batch accuracy: 55.94, data load time: 0.11812, step time: 0.03471
epoch: [13], step: [1340/1543], batch loss: 3.17011, batch accuracy: 53.82, data load time: 0.06844, step time: 0.03426
epoch: [13], step: [1440/1543], batch loss: 4.47751, batch accuracy: 63.22, data load time: 0.16954, step time: 0.04321
epoch: [13], step: [1540/1543], batch loss: 2.20706, batch accuracy: 49.42, data load time: 0.14933, step time: 0.03304
epoch: [14], step: [97/1543], batch loss: 3.35985, batch accuracy: 56.16, data load time: 0.04585, step time: 0.03331
epoch: [14], step: [197/1543], batch loss: 1.85967, batch accuracy: 61.35, data load time: 0.07126, step time: 0.03486
epoch: [14], step: [297/1543], batch loss: 4.94128, batch accuracy: 57.55, data load time: 0.17800, step time: 0.03974
epoch: [14], step: [397/1543], batch loss: 2.36270, batch accuracy: 49.69, data load time: 0.13631, step time: 0.03815
epoch: [14], step: [497/1543], batch loss: 3.94805, batch accuracy: 55.05, data load time: 0.13948, step time: 0.04087
epoch: [14], step: [597/1543], batch loss: 3.36878, batch accuracy: 59.57, data load time: 0.19690, step time: 0.03783
epoch: [14], step: [697/1543], batch loss: 3.56310, batch accuracy: 52.81, data load time: 0.12291, step time: 0.04171
epoch: [14], step: [797/1543], batch loss: 3.56653, batch accuracy: 60.96, data load time: 0.14071, step time: 0.03918
epoch: [14], step: [897/1543], batch loss: 2.95370, batch accuracy: 60.80, data load time: 0.12199, step time: 0.03552
epoch: [14], step: [997/1543], batch loss: 3.09489, batch accuracy: 54.16, data load time: 0.16219, step time: 0.03772
epoch: [14], step: [1097/1543], batch loss: 3.21100, batch accuracy: 53.58, data load time: 0.06919, step time: 0.03536
epoch: [14], step: [1197/1543], batch loss: 3.36054, batch accuracy: 54.10, data load time: 0.19920, step time: 0.03645
epoch: [14], step: [1297/1543], batch loss: 2.79636, batch accuracy: 52.09, data load time: 0.11341, step time: 0.03871
epoch: [14], step: [1397/1543], batch loss: 3.25346, batch accuracy: 51.30, data load time: 0.11183, step time: 0.03895
epoch: [14], step: [1497/1543], batch loss: 3.75759, batch accuracy: 56.64, data load time: 0.14631, step time: 0.03376
EVALUATION METRICS:
-------------------------------------------------------------

Validation: AUC Score: 0.5259

-------------------------------------------------------------
validation loss: 5.96813, accuracy: 52.59
epoch: [15], step: [54/1543], batch loss: 1.78497, batch accuracy: 58.90, data load time: 0.09065, step time: 0.03259
epoch: [15], step: [154/1543], batch loss: 3.17633, batch accuracy: 51.79, data load time: 0.11074, step time: 0.03675
epoch: [15], step: [254/1543], batch loss: 4.99759, batch accuracy: 47.81, data load time: 0.14963, step time: 0.03506
epoch: [15], step: [354/1543], batch loss: 1.60176, batch accuracy: 54.22, data load time: 0.14979, step time: 0.03547
epoch: [15], step: [454/1543], batch loss: 3.39762, batch accuracy: 56.01, data load time: 0.15205, step time: 0.03679
epoch: [15], step: [554/1543], batch loss: 2.78589, batch accuracy: 60.55, data load time: 0.11260, step time: 0.04573
epoch: [15], step: [654/1543], batch loss: 3.97015, batch accuracy: 58.98, data load time: 0.06186, step time: 0.03423
epoch: [15], step: [754/1543], batch loss: 3.36982, batch accuracy: 48.61, data load time: 0.14300, step time: 0.03518
epoch: [15], step: [854/1543], batch loss: 4.20463, batch accuracy: 52.55, data load time: 0.16157, step time: 0.03626
epoch: [15], step: [954/1543], batch loss: 3.58219, batch accuracy: 64.17, data load time: 0.16848, step time: 0.03603
epoch: [15], step: [1054/1543], batch loss: 4.71438, batch accuracy: 53.99, data load time: 0.09476, step time: 0.03736
epoch: [15], step: [1154/1543], batch loss: 3.32336, batch accuracy: 48.84, data load time: 0.16898, step time: 0.03600
epoch: [15], step: [1254/1543], batch loss: 2.68392, batch accuracy: 61.34, data load time: 0.20513, step time: 0.03992
epoch: [15], step: [1354/1543], batch loss: 4.00939, batch accuracy: 47.46, data load time: 0.10379, step time: 0.04057
epoch: [15], step: [1454/1543], batch loss: 4.70388, batch accuracy: 54.16, data load time: 0.11135, step time: 0.04007
epoch: [16], step: [11/1543], batch loss: 4.52332, batch accuracy: 56.82, data load time: 0.13849, step time: 0.03745
epoch: [16], step: [111/1543], batch loss: 3.89429, batch accuracy: 50.29, data load time: 0.08206, step time: 0.03711
epoch: [16], step: [211/1543], batch loss: 2.59699, batch accuracy: 51.22, data load time: 0.03704, step time: 0.04107
epoch: [16], step: [311/1543], batch loss: 3.58419, batch accuracy: 49.75, data load time: 0.11456, step time: 0.03896
epoch: [16], step: [411/1543], batch loss: 3.36975, batch accuracy: 61.09, data load time: 0.07046, step time: 0.03833
epoch: [16], step: [511/1543], batch loss: 3.26830, batch accuracy: 61.36, data load time: 0.10507, step time: 0.03692
epoch: [16], step: [611/1543], batch loss: 4.18597, batch accuracy: 52.42, data load time: 0.12248, step time: 0.03829
epoch: [16], step: [711/1543], batch loss: 2.77456, batch accuracy: 62.39, data load time: 0.18710, step time: 0.04061
epoch: [16], step: [811/1543], batch loss: 3.57462, batch accuracy: 61.72, data load time: 0.16150, step time: 0.03966
epoch: [16], step: [911/1543], batch loss: 2.38346, batch accuracy: 50.99, data load time: 0.13227, step time: 0.03739
epoch: [16], step: [1011/1543], batch loss: 2.36293, batch accuracy: 56.96, data load time: 0.11514, step time: 0.03507
epoch: [16], step: [1111/1543], batch loss: 2.75156, batch accuracy: 55.41, data load time: 0.08852, step time: 0.03643
epoch: [16], step: [1211/1543], batch loss: 3.55653, batch accuracy: 47.12, data load time: 0.14290, step time: 0.03951
epoch: [16], step: [1311/1543], batch loss: 3.56873, batch accuracy: 56.71, data load time: 0.16261, step time: 0.03457
epoch: [16], step: [1411/1543], batch loss: 2.58654, batch accuracy: 59.55, data load time: 0.19616, step time: 0.03746
epoch: [16], step: [1511/1543], batch loss: 1.94218, batch accuracy: 64.43, data load time: 0.10601, step time: 0.03113
epoch: [17], step: [68/1543], batch loss: 4.76812, batch accuracy: 50.27, data load time: 0.03310, step time: 0.03960
epoch: [17], step: [168/1543], batch loss: 3.35535, batch accuracy: 53.53, data load time: 0.13635, step time: 0.03230
epoch: [17], step: [268/1543], batch loss: 3.76562, batch accuracy: 53.97, data load time: 0.14251, step time: 0.03723
epoch: [17], step: [368/1543], batch loss: 1.75373, batch accuracy: 63.62, data load time: 0.07519, step time: 0.03453
epoch: [17], step: [468/1543], batch loss: 3.39816, batch accuracy: 57.17, data load time: 0.11886, step time: 0.05036
epoch: [17], step: [568/1543], batch loss: 4.14913, batch accuracy: 58.81, data load time: 0.05103, step time: 0.03296
epoch: [17], step: [668/1543], batch loss: 3.35852, batch accuracy: 60.83, data load time: 0.11716, step time: 0.03660
epoch: [17], step: [768/1543], batch loss: 3.99690, batch accuracy: 52.64, data load time: 0.07796, step time: 0.03876
epoch: [17], step: [868/1543], batch loss: 4.19253, batch accuracy: 54.47, data load time: 0.17913, step time: 0.03885
epoch: [17], step: [968/1543], batch loss: 2.96174, batch accuracy: 55.12, data load time: 0.11483, step time: 0.03246
epoch: [17], step: [1068/1543], batch loss: 5.16837, batch accuracy: 53.30, data load time: 0.18873, step time: 0.03377
epoch: [17], step: [1168/1543], batch loss: 3.15394, batch accuracy: 51.68, data load time: 0.13610, step time: 0.03464
epoch: [17], step: [1268/1543], batch loss: 0.96723, batch accuracy: 57.03, data load time: 0.18781, step time: 0.03331
epoch: [17], step: [1368/1543], batch loss: 3.11585, batch accuracy: 53.53, data load time: 0.19795, step time: 0.03376
epoch: [17], step: [1468/1543], batch loss: 4.55350, batch accuracy: 48.12, data load time: 0.24698, step time: 0.03713
epoch: [18], step: [25/1543], batch loss: 2.37084, batch accuracy: 55.03, data load time: 0.26413, step time: 0.03735
epoch: [18], step: [125/1543], batch loss: 3.15168, batch accuracy: 54.18, data load time: 0.11479, step time: 0.03851
epoch: [18], step: [225/1543], batch loss: 3.90209, batch accuracy: 53.70, data load time: 0.18962, step time: 0.03890
epoch: [18], step: [325/1543], batch loss: 2.85177, batch accuracy: 63.43, data load time: 0.22191, step time: 0.03473
epoch: [18], step: [425/1543], batch loss: 2.35826, batch accuracy: 59.01, data load time: 0.22222, step time: 0.03682
epoch: [18], step: [525/1543], batch loss: 2.39640, batch accuracy: 57.75, data load time: 0.12796, step time: 0.03538
epoch: [18], step: [625/1543], batch loss: 4.56972, batch accuracy: 55.33, data load time: 0.13495, step time: 0.03883
epoch: [18], step: [725/1543], batch loss: 2.94232, batch accuracy: 43.83, data load time: 0.14871, step time: 0.03025
epoch: [18], step: [825/1543], batch loss: 2.58831, batch accuracy: 53.62, data load time: 0.18818, step time: 0.03688
epoch: [18], step: [925/1543], batch loss: 2.17856, batch accuracy: 55.17, data load time: 0.18444, step time: 0.03338
epoch: [18], step: [1025/1543], batch loss: 2.29054, batch accuracy: 57.77, data load time: 0.20004, step time: 0.03727
epoch: [18], step: [1125/1543], batch loss: 2.62234, batch accuracy: 63.22, data load time: 0.17632, step time: 0.03539
epoch: [18], step: [1225/1543], batch loss: 3.47801, batch accuracy: 55.10, data load time: 0.21688, step time: 0.03425
epoch: [18], step: [1325/1543], batch loss: 3.36613, batch accuracy: 54.45, data load time: 0.24843, step time: 0.03463
epoch: [18], step: [1425/1543], batch loss: 2.35857, batch accuracy: 42.87, data load time: 0.20627, step time: 0.03456
epoch: [18], step: [1525/1543], batch loss: 3.43438, batch accuracy: 59.52, data load time: 0.24626, step time: 0.03615
epoch: [19], step: [82/1543], batch loss: 3.35676, batch accuracy: 53.54, data load time: 0.05241, step time: 0.03178
epoch: [19], step: [182/1543], batch loss: 2.37028, batch accuracy: 50.35, data load time: 0.13686, step time: 0.03684
epoch: [19], step: [282/1543], batch loss: 2.98847, batch accuracy: 54.92, data load time: 0.17626, step time: 0.03737
epoch: [19], step: [382/1543], batch loss: 2.87438, batch accuracy: 54.32, data load time: 0.06493, step time: 0.03501
epoch: [19], step: [482/1543], batch loss: 2.45346, batch accuracy: 55.19, data load time: 0.09962, step time: 0.03531
epoch: [19], step: [582/1543], batch loss: 2.78102, batch accuracy: 56.75, data load time: 0.12165, step time: 0.03888
epoch: [19], step: [682/1543], batch loss: 2.14885, batch accuracy: 70.55, data load time: 0.17421, step time: 0.03387
epoch: [19], step: [782/1543], batch loss: 3.76878, batch accuracy: 60.48, data load time: 0.22242, step time: 0.03758
epoch: [19], step: [882/1543], batch loss: 2.58839, batch accuracy: 53.06, data load time: 0.26533, step time: 0.03609
epoch: [19], step: [982/1543], batch loss: 2.37251, batch accuracy: 52.30, data load time: 0.18397, step time: 0.03597
epoch: [19], step: [1082/1543], batch loss: 2.36725, batch accuracy: 57.19, data load time: 0.24436, step time: 0.03468
epoch: [19], step: [1182/1543], batch loss: 5.00498, batch accuracy: 48.68, data load time: 0.21289, step time: 0.03671
epoch: [19], step: [1282/1543], batch loss: 3.96902, batch accuracy: 55.94, data load time: 0.22009, step time: 0.03685
epoch: [19], step: [1382/1543], batch loss: 4.21865, batch accuracy: 62.15, data load time: 0.24643, step time: 0.03958
epoch: [19], step: [1482/1543], batch loss: 3.74485, batch accuracy: 53.64, data load time: 0.23442, step time: 0.03447
EVALUATION METRICS:
-------------------------------------------------------------

Validation: AUC Score: 0.5283

-------------------------------------------------------------
validation loss: 5.85770, accuracy: 52.83
epoch: [20], step: [39/1543], batch loss: 3.95281, batch accuracy: 56.40, data load time: 0.11032, step time: 0.03594
epoch: [20], step: [139/1543], batch loss: 1.76589, batch accuracy: 63.75, data load time: 0.15152, step time: 0.03247
epoch: [20], step: [239/1543], batch loss: 2.56634, batch accuracy: 58.21, data load time: 0.22333, step time: 0.03784
epoch: [20], step: [339/1543], batch loss: 3.37127, batch accuracy: 54.24, data load time: 0.26248, step time: 0.03805
epoch: [20], step: [439/1543], batch loss: 2.78008, batch accuracy: 56.78, data load time: 0.19828, step time: 0.03972
epoch: [20], step: [539/1543], batch loss: 3.44079, batch accuracy: 47.04, data load time: 0.19137, step time: 0.03755
epoch: [20], step: [639/1543], batch loss: 4.17171, batch accuracy: 58.90, data load time: 0.17074, step time: 0.03868
epoch: [20], step: [739/1543], batch loss: 3.68686, batch accuracy: 50.73, data load time: 0.28781, step time: 0.03379
epoch: [20], step: [839/1543], batch loss: 3.71857, batch accuracy: 43.18, data load time: 0.18396, step time: 0.03798
epoch: [20], step: [939/1543], batch loss: 3.57877, batch accuracy: 47.31, data load time: 0.17369, step time: 0.03877
epoch: [20], step: [1039/1543], batch loss: 2.39760, batch accuracy: 57.07, data load time: 0.19197, step time: 0.03739
epoch: [20], step: [1139/1543], batch loss: 2.89102, batch accuracy: 56.57, data load time: 0.19913, step time: 0.03752
epoch: [20], step: [1239/1543], batch loss: 3.17418, batch accuracy: 62.12, data load time: 0.14899, step time: 0.03753
epoch: [20], step: [1339/1543], batch loss: 3.72023, batch accuracy: 56.28, data load time: 0.25131, step time: 0.03518
epoch: [20], step: [1439/1543], batch loss: 2.37102, batch accuracy: 57.35, data load time: 0.19799, step time: 0.03309
epoch: [20], step: [1539/1543], batch loss: 3.87474, batch accuracy: 49.63, data load time: 0.21008, step time: 0.03648
epoch: [21], step: [96/1543], batch loss: 4.45466, batch accuracy: 50.77, data load time: 0.16610, step time: 0.03953
epoch: [21], step: [196/1543], batch loss: 3.17843, batch accuracy: 55.74, data load time: 0.18133, step time: 0.03655
epoch: [21], step: [296/1543], batch loss: 2.96832, batch accuracy: 56.69, data load time: 0.10105, step time: 0.03676
epoch: [21], step: [396/1543], batch loss: 3.35796, batch accuracy: 57.18, data load time: 0.25748, step time: 0.03314
epoch: [21], step: [496/1543], batch loss: 3.67558, batch accuracy: 62.69, data load time: 0.16807, step time: 0.04090
epoch: [21], step: [596/1543], batch loss: 2.17673, batch accuracy: 64.34, data load time: 0.17076, step time: 0.03835
epoch: [21], step: [696/1543], batch loss: 3.17866, batch accuracy: 46.89, data load time: 0.15704, step time: 0.03453
epoch: [21], step: [796/1543], batch loss: 3.17363, batch accuracy: 54.53, data load time: 0.13313, step time: 0.03667
epoch: [21], step: [896/1543], batch loss: 2.34508, batch accuracy: 59.06, data load time: 0.23389, step time: 0.03675
epoch: [21], step: [996/1543], batch loss: 3.83993, batch accuracy: 53.12, data load time: 0.29350, step time: 0.03743
epoch: [21], step: [1096/1543], batch loss: 2.96327, batch accuracy: 54.43, data load time: 0.25514, step time: 0.03520
epoch: [21], step: [1196/1543], batch loss: 2.77706, batch accuracy: 58.14, data load time: 0.21656, step time: 0.03383
epoch: [21], step: [1296/1543], batch loss: 5.37479, batch accuracy: 53.01, data load time: 0.25549, step time: 0.03936
epoch: [21], step: [1396/1543], batch loss: 3.55041, batch accuracy: 53.28, data load time: 0.17448, step time: 0.03600
epoch: [21], step: [1496/1543], batch loss: 3.55148, batch accuracy: 61.04, data load time: 0.13828, step time: 0.03868
epoch: [22], step: [53/1543], batch loss: 5.63801, batch accuracy: 56.76, data load time: 0.12342, step time: 0.04232
epoch: [22], step: [153/1543], batch loss: 3.57475, batch accuracy: 52.76, data load time: 0.15552, step time: 0.03367
epoch: [22], step: [253/1543], batch loss: 3.55903, batch accuracy: 50.85, data load time: 0.14951, step time: 0.03463
epoch: [22], step: [353/1543], batch loss: 3.16657, batch accuracy: 55.19, data load time: 0.11311, step time: 0.03396
epoch: [22], step: [453/1543], batch loss: 2.72070, batch accuracy: 52.58, data load time: 0.17105, step time: 0.03882
epoch: [22], step: [553/1543], batch loss: 2.02687, batch accuracy: 60.80, data load time: 0.19448, step time: 0.03637
epoch: [22], step: [653/1543], batch loss: 3.66716, batch accuracy: 57.59, data load time: 0.13964, step time: 0.03450
epoch: [22], step: [753/1543], batch loss: 2.75019, batch accuracy: 55.05, data load time: 0.13525, step time: 0.03175
epoch: [22], step: [853/1543], batch loss: 3.75569, batch accuracy: 60.52, data load time: 0.24419, step time: 0.03863
epoch: [22], step: [953/1543], batch loss: 3.05449, batch accuracy: 50.93, data load time: 0.13512, step time: 0.03806
epoch: [22], step: [1053/1543], batch loss: 3.16863, batch accuracy: 57.78, data load time: 0.20388, step time: 0.03568
epoch: [22], step: [1153/1543], batch loss: 3.99565, batch accuracy: 55.62, data load time: 0.20025, step time: 0.03572
epoch: [22], step: [1253/1543], batch loss: 3.79916, batch accuracy: 53.31, data load time: 0.18241, step time: 0.03864
epoch: [22], step: [1353/1543], batch loss: 2.79488, batch accuracy: 49.96, data load time: 0.23972, step time: 0.03737
epoch: [22], step: [1453/1543], batch loss: 3.71904, batch accuracy: 55.65, data load time: 0.24128, step time: 0.03878
epoch: [23], step: [10/1543], batch loss: 3.18586, batch accuracy: 60.27, data load time: 0.39971, step time: 0.04377
epoch: [23], step: [110/1543], batch loss: 3.16251, batch accuracy: 55.86, data load time: 0.13888, step time: 0.03671
epoch: [23], step: [210/1543], batch loss: 3.19024, batch accuracy: 57.06, data load time: 0.11588, step time: 0.03808
epoch: [23], step: [310/1543], batch loss: 2.96661, batch accuracy: 52.30, data load time: 0.13232, step time: 0.03665
epoch: [23], step: [410/1543], batch loss: 4.77108, batch accuracy: 55.71, data load time: 0.24786, step time: 0.03523
epoch: [23], step: [510/1543], batch loss: 5.93022, batch accuracy: 53.37, data load time: 0.21697, step time: 0.04281
epoch: [23], step: [610/1543], batch loss: 2.41159, batch accuracy: 50.96, data load time: 0.12732, step time: 0.03253
epoch: [23], step: [710/1543], batch loss: 3.92691, batch accuracy: 53.92, data load time: 0.14589, step time: 0.03885
epoch: [23], step: [810/1543], batch loss: 3.98896, batch accuracy: 46.67, data load time: 0.13824, step time: 0.03703
epoch: [23], step: [910/1543], batch loss: 3.18922, batch accuracy: 49.13, data load time: 0.26169, step time: 0.03672
epoch: [23], step: [1010/1543], batch loss: 1.96762, batch accuracy: 59.43, data load time: 0.24310, step time: 0.03383
epoch: [23], step: [1110/1543], batch loss: 3.07471, batch accuracy: 63.11, data load time: 0.21297, step time: 0.03677
epoch: [23], step: [1210/1543], batch loss: 3.25738, batch accuracy: 55.00, data load time: 0.23474, step time: 0.03660
epoch: [23], step: [1310/1543], batch loss: 3.36717, batch accuracy: 56.78, data load time: 0.19205, step time: 0.03611
epoch: [23], step: [1410/1543], batch loss: 2.83731, batch accuracy: 58.88, data load time: 0.23541, step time: 0.03696
epoch: [23], step: [1510/1543], batch loss: 2.75965, batch accuracy: 46.02, data load time: 0.19946, step time: 0.03180
epoch: [24], step: [67/1543], batch loss: 3.14905, batch accuracy: 58.77, data load time: 0.07913, step time: 0.03750
epoch: [24], step: [167/1543], batch loss: 2.37022, batch accuracy: 57.13, data load time: 0.10222, step time: 0.03474
epoch: [24], step: [267/1543], batch loss: 3.17226, batch accuracy: 59.21, data load time: 0.09651, step time: 0.03817
epoch: [24], step: [367/1543], batch loss: 3.68398, batch accuracy: 49.34, data load time: 0.11977, step time: 0.03775
epoch: [24], step: [467/1543], batch loss: 3.39778, batch accuracy: 56.43, data load time: 0.20933, step time: 0.03825
epoch: [24], step: [567/1543], batch loss: 2.35721, batch accuracy: 47.80, data load time: 0.14693, step time: 0.03375
epoch: [24], step: [667/1543], batch loss: 4.19391, batch accuracy: 55.32, data load time: 0.19119, step time: 0.04129
epoch: [24], step: [767/1543], batch loss: 2.34593, batch accuracy: 51.75, data load time: 0.22865, step time: 0.03110
epoch: [24], step: [867/1543], batch loss: 3.16569, batch accuracy: 58.85, data load time: 0.18671, step time: 0.03438
epoch: [24], step: [967/1543], batch loss: 3.16771, batch accuracy: 54.57, data load time: 0.22026, step time: 0.03884
epoch: [24], step: [1067/1543], batch loss: 4.78771, batch accuracy: 53.96, data load time: 0.29258, step time: 0.04120
epoch: [24], step: [1167/1543], batch loss: 4.37739, batch accuracy: 53.24, data load time: 0.29159, step time: 0.03875
epoch: [24], step: [1267/1543], batch loss: 1.97303, batch accuracy: 64.43, data load time: 0.24793, step time: 0.03606
epoch: [24], step: [1367/1543], batch loss: 3.33445, batch accuracy: 62.76, data load time: 0.25406, step time: 0.03595
epoch: [24], step: [1467/1543], batch loss: 2.15393, batch accuracy: 55.82, data load time: 0.19971, step time: 0.03031
EVALUATION METRICS:
-------------------------------------------------------------

Validation: AUC Score: 0.5282

-------------------------------------------------------------
validation loss: 5.85599, accuracy: 52.82
EVALUATION METRICS:
-------------------------------------------------------------

Test: AUC Score: 0.5222

-------------------------------------------------------------
validation loss: 16.63973, accuracy: 52.22
