Loading data from trainSpecChunk_dataset
Loading data from valSpecChunk_dataset
Loading data from testSpecChunk_dataset
Writing logs to logs/CNN_sgd_momentum=0.95_learning_rate=0.05_conv_length=256_conv_stride=256_batch_size=10_epochs=20_weight_decay=1e-05_model=ChunkResCNN_run_11
epoch: [0], step: [99/9255], batch loss: 0.22214, batch accuracy: 58.26, data load time: 0.15646, step time: 0.06279
epoch: [0], step: [199/9255], batch loss: 0.20144, batch accuracy: 62.70, data load time: 0.23125, step time: 0.06057
epoch: [0], step: [299/9255], batch loss: 0.19092, batch accuracy: 61.96, data load time: 0.18256, step time: 0.06187
epoch: [0], step: [399/9255], batch loss: 0.22853, batch accuracy: 53.73, data load time: 0.14635, step time: 0.06518
epoch: [0], step: [499/9255], batch loss: 0.18350, batch accuracy: 60.28, data load time: 0.15339, step time: 0.06274
epoch: [0], step: [599/9255], batch loss: 0.19056, batch accuracy: 74.39, data load time: 0.14908, step time: 0.06296
epoch: [0], step: [699/9255], batch loss: 0.19258, batch accuracy: 64.33, data load time: 0.16587, step time: 0.06233
epoch: [0], step: [799/9255], batch loss: 0.14106, batch accuracy: 64.86, data load time: 0.14153, step time: 0.05446
epoch: [0], step: [899/9255], batch loss: 0.21810, batch accuracy: 77.74, data load time: 0.16687, step time: 0.06353
epoch: [0], step: [999/9255], batch loss: 0.16782, batch accuracy: 53.39, data load time: 0.20949, step time: 0.05819
epoch: [0], step: [1099/9255], batch loss: 0.22193, batch accuracy: 63.30, data load time: 0.17624, step time: 0.06562
epoch: [0], step: [1199/9255], batch loss: 0.23143, batch accuracy: 61.29, data load time: 0.16168, step time: 0.06465
epoch: [0], step: [1299/9255], batch loss: 0.20980, batch accuracy: 67.30, data load time: 0.13871, step time: 0.06490
epoch: [0], step: [1399/9255], batch loss: 0.23479, batch accuracy: 67.27, data load time: 0.18421, step time: 0.06411
epoch: [0], step: [1499/9255], batch loss: 0.18280, batch accuracy: 80.47, data load time: 0.16450, step time: 0.06263
epoch: [0], step: [1599/9255], batch loss: 0.19011, batch accuracy: 77.05, data load time: 0.20325, step time: 0.06419
epoch: [0], step: [1699/9255], batch loss: 0.14635, batch accuracy: 62.93, data load time: 0.17364, step time: 0.05793
epoch: [0], step: [1799/9255], batch loss: 0.17398, batch accuracy: 62.00, data load time: 0.17770, step time: 0.06141
epoch: [0], step: [1899/9255], batch loss: 0.23756, batch accuracy: 74.89, data load time: 0.17157, step time: 0.06415
epoch: [0], step: [1999/9255], batch loss: 0.21932, batch accuracy: 72.66, data load time: 0.13142, step time: 0.06331
epoch: [0], step: [2099/9255], batch loss: 0.24844, batch accuracy: 65.47, data load time: 0.15748, step time: 0.06272
epoch: [0], step: [2199/9255], batch loss: 0.22449, batch accuracy: 66.14, data load time: 0.12701, step time: 0.06041
epoch: [0], step: [2299/9255], batch loss: 0.20812, batch accuracy: 59.62, data load time: 0.13929, step time: 0.05895
epoch: [0], step: [2399/9255], batch loss: 0.17710, batch accuracy: 74.46, data load time: 0.13948, step time: 0.06129
epoch: [0], step: [2499/9255], batch loss: 0.25974, batch accuracy: 66.95, data load time: 0.13856, step time: 0.06498
epoch: [0], step: [2599/9255], batch loss: 0.23496, batch accuracy: 71.10, data load time: 0.14434, step time: 0.06901
epoch: [0], step: [2699/9255], batch loss: 0.19274, batch accuracy: 69.38, data load time: 0.13071, step time: 0.06060
epoch: [0], step: [2799/9255], batch loss: 0.19926, batch accuracy: 81.15, data load time: 0.15563, step time: 0.06432
epoch: [0], step: [2899/9255], batch loss: 0.18280, batch accuracy: 60.32, data load time: 0.13486, step time: 0.05887
epoch: [0], step: [2999/9255], batch loss: 0.19676, batch accuracy: 75.48, data load time: 0.15746, step time: 0.06342
epoch: [0], step: [3099/9255], batch loss: 0.23710, batch accuracy: 70.61, data load time: 0.17660, step time: 0.06705
epoch: [0], step: [3199/9255], batch loss: 0.23882, batch accuracy: 70.91, data load time: 0.17073, step time: 0.06342
epoch: [0], step: [3299/9255], batch loss: 0.26585, batch accuracy: 74.90, data load time: 0.14922, step time: 0.07116
epoch: [0], step: [3399/9255], batch loss: 0.22433, batch accuracy: 67.97, data load time: 0.21878, step time: 0.06274
epoch: [0], step: [3499/9255], batch loss: 0.18512, batch accuracy: 75.20, data load time: 0.13915, step time: 0.06142
epoch: [0], step: [3599/9255], batch loss: 0.22494, batch accuracy: 60.91, data load time: 0.20507, step time: 0.06132
epoch: [0], step: [3699/9255], batch loss: 0.19382, batch accuracy: 80.63, data load time: 0.16026, step time: 0.06432
epoch: [0], step: [3799/9255], batch loss: 0.26901, batch accuracy: 73.16, data load time: 0.11636, step time: 0.07007
epoch: [0], step: [3899/9255], batch loss: 0.14716, batch accuracy: 86.23, data load time: 0.15005, step time: 0.06458
epoch: [0], step: [3999/9255], batch loss: 0.13932, batch accuracy: 77.31, data load time: 0.13660, step time: 0.05986
epoch: [0], step: [4099/9255], batch loss: 0.20534, batch accuracy: 65.68, data load time: 0.16169, step time: 0.06200
epoch: [0], step: [4199/9255], batch loss: 0.20169, batch accuracy: 71.06, data load time: 0.15930, step time: 0.06170
epoch: [0], step: [4299/9255], batch loss: 0.21861, batch accuracy: 75.08, data load time: 0.15154, step time: 0.06043
epoch: [0], step: [4399/9255], batch loss: 0.18299, batch accuracy: 86.55, data load time: 0.13286, step time: 0.06187
epoch: [0], step: [4499/9255], batch loss: 0.16955, batch accuracy: 64.86, data load time: 0.18643, step time: 0.05529
epoch: [0], step: [4599/9255], batch loss: 0.18729, batch accuracy: 82.91, data load time: 0.13096, step time: 0.06649
epoch: [0], step: [4699/9255], batch loss: 0.19787, batch accuracy: 74.43, data load time: 0.14011, step time: 0.06477
epoch: [0], step: [4799/9255], batch loss: 0.18109, batch accuracy: 85.48, data load time: 0.15674, step time: 0.06431
epoch: [0], step: [4899/9255], batch loss: 0.18886, batch accuracy: 75.14, data load time: 0.10531, step time: 0.06142
epoch: [0], step: [4999/9255], batch loss: 0.16924, batch accuracy: 83.07, data load time: 0.11302, step time: 0.06060
epoch: [0], step: [5099/9255], batch loss: 0.15294, batch accuracy: 75.93, data load time: 0.11702, step time: 0.05953
epoch: [0], step: [5199/9255], batch loss: 0.25167, batch accuracy: 73.18, data load time: 0.15383, step time: 0.06630
epoch: [0], step: [5299/9255], batch loss: 0.17984, batch accuracy: 89.20, data load time: 0.16133, step time: 0.06500
epoch: [0], step: [5399/9255], batch loss: 0.15566, batch accuracy: 76.66, data load time: 0.12135, step time: 0.05907
epoch: [0], step: [5499/9255], batch loss: 0.14726, batch accuracy: 74.44, data load time: 0.15029, step time: 0.05952
epoch: [0], step: [5599/9255], batch loss: 0.14477, batch accuracy: 77.82, data load time: 0.15570, step time: 0.05840
epoch: [0], step: [5699/9255], batch loss: 0.17179, batch accuracy: 85.30, data load time: 0.14529, step time: 0.06062
epoch: [0], step: [5799/9255], batch loss: 0.14692, batch accuracy: 74.98, data load time: 0.13558, step time: 0.05776
epoch: [0], step: [5899/9255], batch loss: 0.16578, batch accuracy: 84.49, data load time: 0.15235, step time: 0.06375
epoch: [0], step: [5999/9255], batch loss: 0.17328, batch accuracy: 88.11, data load time: 0.12467, step time: 0.06488
epoch: [0], step: [6099/9255], batch loss: 0.15448, batch accuracy: 85.45, data load time: 0.17066, step time: 0.06275
epoch: [0], step: [6199/9255], batch loss: 0.16790, batch accuracy: 75.35, data load time: 0.12380, step time: 0.06186
epoch: [0], step: [6299/9255], batch loss: 0.20075, batch accuracy: 70.21, data load time: 0.16538, step time: 0.06184
epoch: [0], step: [6399/9255], batch loss: 0.18121, batch accuracy: 81.06, data load time: 0.15433, step time: 0.06111
epoch: [0], step: [6499/9255], batch loss: 0.17835, batch accuracy: 78.12, data load time: 0.12104, step time: 0.06564
epoch: [0], step: [6599/9255], batch loss: 0.21788, batch accuracy: 74.72, data load time: 0.15817, step time: 0.06278
epoch: [0], step: [6699/9255], batch loss: 0.15752, batch accuracy: 86.68, data load time: 0.22493, step time: 0.06362
epoch: [0], step: [6799/9255], batch loss: 0.22774, batch accuracy: 82.27, data load time: 0.13384, step time: 0.06425
epoch: [0], step: [6899/9255], batch loss: 0.14905, batch accuracy: 91.59, data load time: 0.13647, step time: 0.06132
epoch: [0], step: [6999/9255], batch loss: 0.20273, batch accuracy: 75.97, data load time: 0.16651, step time: 0.06265
epoch: [0], step: [7099/9255], batch loss: 0.17649, batch accuracy: 90.22, data load time: 0.15770, step time: 0.06835
epoch: [0], step: [7199/9255], batch loss: 0.15293, batch accuracy: 86.21, data load time: 0.14893, step time: 0.06334
epoch: [0], step: [7299/9255], batch loss: 0.21715, batch accuracy: 81.54, data load time: 0.16762, step time: 0.06941
epoch: [0], step: [7399/9255], batch loss: 0.13485, batch accuracy: 85.52, data load time: 0.13793, step time: 0.06144
epoch: [0], step: [7499/9255], batch loss: 0.14907, batch accuracy: 83.77, data load time: 0.17581, step time: 0.06283
epoch: [0], step: [7599/9255], batch loss: 0.17778, batch accuracy: 85.59, data load time: 0.15689, step time: 0.06586
epoch: [0], step: [7699/9255], batch loss: 0.14435, batch accuracy: 81.54, data load time: 0.16887, step time: 0.06009
epoch: [0], step: [7799/9255], batch loss: 0.19993, batch accuracy: 73.51, data load time: 0.20186, step time: 0.06293
epoch: [0], step: [7899/9255], batch loss: 0.19657, batch accuracy: 74.94, data load time: 0.18782, step time: 0.06273
epoch: [0], step: [7999/9255], batch loss: 0.11940, batch accuracy: 91.92, data load time: 0.24261, step time: 0.05835
epoch: [0], step: [8099/9255], batch loss: 0.25146, batch accuracy: 73.15, data load time: 0.22887, step time: 0.06417
epoch: [0], step: [8199/9255], batch loss: 0.20305, batch accuracy: 74.79, data load time: 0.19296, step time: 0.06454
epoch: [0], step: [8299/9255], batch loss: 0.17476, batch accuracy: 81.14, data load time: 0.11385, step time: 0.06436
epoch: [0], step: [8399/9255], batch loss: 0.14206, batch accuracy: 88.86, data load time: 0.18861, step time: 0.06061
epoch: [0], step: [8499/9255], batch loss: 0.20594, batch accuracy: 72.29, data load time: 0.13879, step time: 0.06413
epoch: [0], step: [8599/9255], batch loss: 0.15602, batch accuracy: 79.24, data load time: 0.16732, step time: 0.06140
epoch: [0], step: [8699/9255], batch loss: 0.19439, batch accuracy: 78.86, data load time: 0.17945, step time: 0.06408
epoch: [0], step: [8799/9255], batch loss: 0.16514, batch accuracy: 81.37, data load time: 0.14859, step time: 0.06080
epoch: [0], step: [8899/9255], batch loss: 0.13350, batch accuracy: 81.42, data load time: 0.17953, step time: 0.06066
epoch: [0], step: [8999/9255], batch loss: 0.19712, batch accuracy: 78.55, data load time: 0.19117, step time: 0.06539
epoch: [0], step: [9099/9255], batch loss: 0.15360, batch accuracy: 92.34, data load time: 0.17324, step time: 0.06110
epoch: [0], step: [9199/9255], batch loss: 0.15790, batch accuracy: 83.44, data load time: 0.17828, step time: 0.06186
