Loading data from train_dataset
Loading data from val_dataset
Loading data from test_dataset
Writing logs to logs/CNN_sgd_momentum=0.95_learning_rate=0.05_conv_length=512_conv_stride=256_batch_size=10_epochs=20_weight_decay=1e-05_model=BaseCNN_op=sgd_dropout=0.5_run_0
epoch: [0], step: [99/1543], batch loss: 0.22789, batch accuracy: 64.75, data load time: 0.31569, step time: 0.03784
epoch: [0], step: [199/1543], batch loss: 0.25756, batch accuracy: 65.51, data load time: 0.23802, step time: 0.04058
epoch: [0], step: [299/1543], batch loss: 0.21807, batch accuracy: 66.17, data load time: 0.32194, step time: 0.03634
epoch: [0], step: [399/1543], batch loss: 0.19714, batch accuracy: 69.32, data load time: 0.35550, step time: 0.03258
epoch: [0], step: [499/1543], batch loss: 0.21469, batch accuracy: 79.02, data load time: 0.30672, step time: 0.03627
epoch: [0], step: [599/1543], batch loss: 0.21294, batch accuracy: 61.08, data load time: 0.34234, step time: 0.03550
epoch: [0], step: [699/1543], batch loss: 0.24210, batch accuracy: 72.98, data load time: 0.40855, step time: 0.04186
epoch: [0], step: [799/1543], batch loss: 0.19025, batch accuracy: 72.82, data load time: 0.32663, step time: 0.03335
epoch: [0], step: [899/1543], batch loss: 0.17971, batch accuracy: 75.43, data load time: 0.32019, step time: 0.03333
epoch: [0], step: [999/1543], batch loss: 0.20931, batch accuracy: 77.23, data load time: 0.24606, step time: 0.03418
epoch: [0], step: [1099/1543], batch loss: 0.22754, batch accuracy: 72.24, data load time: 0.33342, step time: 0.03756
epoch: [0], step: [1199/1543], batch loss: 0.21831, batch accuracy: 82.26, data load time: 0.28593, step time: 0.03815
epoch: [0], step: [1299/1543], batch loss: 0.21504, batch accuracy: 79.58, data load time: 0.27835, step time: 0.03662
epoch: [0], step: [1399/1543], batch loss: 0.22900, batch accuracy: 72.09, data load time: 0.34115, step time: 0.03753
epoch: [0], step: [1499/1543], batch loss: 0.23236, batch accuracy: 69.59, data load time: 0.27996, step time: 0.03314
EVALUATION METRICS:
-------------------------------------------------------------

Validation AUC Score: 0.7428

-------------------------------------------------------------
validation loss: 0.19686, accuracy: 74.28
epoch: [1], step: [56/1543], batch loss: 0.27423, batch accuracy: 73.36, data load time: 0.16173, step time: 0.03826
epoch: [1], step: [156/1543], batch loss: 0.18970, batch accuracy: 80.65, data load time: 0.32020, step time: 0.03672
epoch: [1], step: [256/1543], batch loss: 0.18242, batch accuracy: 73.00, data load time: 0.27652, step time: 0.03455
epoch: [1], step: [356/1543], batch loss: 0.18506, batch accuracy: 76.26, data load time: 0.34413, step time: 0.03466
epoch: [1], step: [456/1543], batch loss: 0.17573, batch accuracy: 74.80, data load time: 0.35183, step time: 0.03173
epoch: [1], step: [556/1543], batch loss: 0.19065, batch accuracy: 77.90, data load time: 0.27836, step time: 0.03628
epoch: [1], step: [656/1543], batch loss: 0.22180, batch accuracy: 76.11, data load time: 0.31200, step time: 0.03614
epoch: [1], step: [756/1543], batch loss: 0.18985, batch accuracy: 83.62, data load time: 0.27645, step time: 0.03677
epoch: [1], step: [856/1543], batch loss: 0.19769, batch accuracy: 80.83, data load time: 0.34943, step time: 0.03108
epoch: [1], step: [956/1543], batch loss: 0.16547, batch accuracy: 70.17, data load time: 0.29613, step time: 0.03526
epoch: [1], step: [1056/1543], batch loss: 0.18697, batch accuracy: 84.77, data load time: 0.32359, step time: 0.03492
epoch: [1], step: [1156/1543], batch loss: 0.20409, batch accuracy: 82.61, data load time: 0.32767, step time: 0.03685
epoch: [1], step: [1256/1543], batch loss: 0.19444, batch accuracy: 74.42, data load time: 0.27528, step time: 0.03627
epoch: [1], step: [1356/1543], batch loss: 0.20124, batch accuracy: 77.41, data load time: 0.32852, step time: 0.03680
epoch: [1], step: [1456/1543], batch loss: 0.16795, batch accuracy: 82.31, data load time: 0.31596, step time: 0.03393
EVALUATION METRICS:
-------------------------------------------------------------

Validation AUC Score: 0.7767

-------------------------------------------------------------
validation loss: 0.18785, accuracy: 77.67
epoch: [2], step: [13/1543], batch loss: 0.18765, batch accuracy: 82.82, data load time: 0.19105, step time: 0.03669
epoch: [2], step: [113/1543], batch loss: 0.22198, batch accuracy: 77.20, data load time: 0.15094, step time: 0.03976
epoch: [2], step: [213/1543], batch loss: 0.18845, batch accuracy: 83.12, data load time: 0.17373, step time: 0.04002
epoch: [2], step: [313/1543], batch loss: 0.14483, batch accuracy: 92.74, data load time: 0.26213, step time: 0.03550
epoch: [2], step: [413/1543], batch loss: 0.15640, batch accuracy: 79.44, data load time: 0.21866, step time: 0.03407
epoch: [2], step: [513/1543], batch loss: 0.18354, batch accuracy: 79.22, data load time: 0.27091, step time: 0.03382
epoch: [2], step: [613/1543], batch loss: 0.15572, batch accuracy: 74.11, data load time: 0.53661, step time: 0.03255
epoch: [2], step: [713/1543], batch loss: 0.20315, batch accuracy: 77.46, data load time: 0.21831, step time: 0.03596
epoch: [2], step: [813/1543], batch loss: 0.19254, batch accuracy: 60.12, data load time: 0.25787, step time: 0.03472
epoch: [2], step: [913/1543], batch loss: 0.18035, batch accuracy: 77.57, data load time: 0.18397, step time: 0.03461
epoch: [2], step: [1013/1543], batch loss: 0.20659, batch accuracy: 78.27, data load time: 0.24206, step time: 0.03739
epoch: [2], step: [1113/1543], batch loss: 0.19533, batch accuracy: 77.45, data load time: 0.34889, step time: 0.03556
epoch: [2], step: [1213/1543], batch loss: 0.19015, batch accuracy: 74.55, data load time: 0.30695, step time: 0.03472
epoch: [2], step: [1313/1543], batch loss: 0.18883, batch accuracy: 76.08, data load time: 0.25739, step time: 0.03540
epoch: [2], step: [1413/1543], batch loss: 0.17010, batch accuracy: 85.21, data load time: 0.41483, step time: 0.03254
epoch: [2], step: [1513/1543], batch loss: 0.20581, batch accuracy: 64.74, data load time: 0.51802, step time: 0.03392
EVALUATION METRICS:
-------------------------------------------------------------

Validation AUC Score: 0.7875

-------------------------------------------------------------
validation loss: 0.18359, accuracy: 78.75
epoch: [3], step: [70/1543], batch loss: 0.15222, batch accuracy: 85.78, data load time: 0.05491, step time: 0.03316
epoch: [3], step: [170/1543], batch loss: 0.15832, batch accuracy: 82.97, data load time: 0.13984, step time: 0.03184
epoch: [3], step: [270/1543], batch loss: 0.15511, batch accuracy: 86.33, data load time: 0.12649, step time: 0.03328
epoch: [3], step: [370/1543], batch loss: 0.22524, batch accuracy: 81.04, data load time: 0.15032, step time: 0.03544
epoch: [3], step: [470/1543], batch loss: 0.15766, batch accuracy: 84.30, data load time: 0.17464, step time: 0.03608
epoch: [3], step: [570/1543], batch loss: 0.18808, batch accuracy: 81.91, data load time: 0.40501, step time: 0.03760
epoch: [3], step: [670/1543], batch loss: 0.20272, batch accuracy: 77.21, data load time: 0.16424, step time: 0.03752
epoch: [3], step: [770/1543], batch loss: 0.16969, batch accuracy: 89.06, data load time: 0.39962, step time: 0.03743
epoch: [3], step: [870/1543], batch loss: 0.15666, batch accuracy: 85.85, data load time: 0.38093, step time: 0.03478
epoch: [3], step: [970/1543], batch loss: 0.20391, batch accuracy: 81.19, data load time: 0.24187, step time: 0.03772
epoch: [3], step: [1070/1543], batch loss: 0.15695, batch accuracy: 79.33, data load time: 0.35524, step time: 0.03178
epoch: [3], step: [1170/1543], batch loss: 0.17408, batch accuracy: 83.02, data load time: 0.24847, step time: 0.03474
epoch: [3], step: [1270/1543], batch loss: 0.18484, batch accuracy: 79.86, data load time: 0.27532, step time: 0.03543
epoch: [3], step: [1370/1543], batch loss: 0.13732, batch accuracy: 91.52, data load time: 0.36624, step time: 0.03336
epoch: [3], step: [1470/1543], batch loss: 0.20380, batch accuracy: 82.23, data load time: 0.30640, step time: 0.03629
EVALUATION METRICS:
-------------------------------------------------------------

Validation AUC Score: 0.8029

-------------------------------------------------------------
validation loss: 0.17432, accuracy: 80.29
epoch: [4], step: [27/1543], batch loss: 0.16700, batch accuracy: 83.23, data load time: 0.14346, step time: 0.03274
epoch: [4], step: [127/1543], batch loss: 0.17984, batch accuracy: 73.01, data load time: 0.22932, step time: 0.03556
epoch: [4], step: [227/1543], batch loss: 0.21649, batch accuracy: 79.99, data load time: 0.13747, step time: 0.03338
epoch: [4], step: [327/1543], batch loss: 0.22671, batch accuracy: 78.02, data load time: 0.22559, step time: 0.03898
epoch: [4], step: [427/1543], batch loss: 0.18784, batch accuracy: 77.55, data load time: 0.27282, step time: 0.03629
epoch: [4], step: [527/1543], batch loss: 0.14412, batch accuracy: 88.78, data load time: 0.42378, step time: 0.03334
epoch: [4], step: [627/1543], batch loss: 0.20678, batch accuracy: 74.26, data load time: 0.26593, step time: 0.03768
epoch: [4], step: [727/1543], batch loss: 0.17801, batch accuracy: 73.96, data load time: 0.26818, step time: 0.03405
epoch: [4], step: [827/1543], batch loss: 0.15824, batch accuracy: 85.70, data load time: 0.42480, step time: 0.03409
epoch: [4], step: [927/1543], batch loss: 0.25086, batch accuracy: 73.38, data load time: 0.38787, step time: 0.03911
epoch: [4], step: [1027/1543], batch loss: 0.12601, batch accuracy: 82.20, data load time: 0.27910, step time: 0.02893
epoch: [4], step: [1127/1543], batch loss: 0.13934, batch accuracy: 87.78, data load time: 0.33337, step time: 0.03246
epoch: [4], step: [1227/1543], batch loss: 0.17104, batch accuracy: 70.55, data load time: 0.39559, step time: 0.03266
epoch: [4], step: [1327/1543], batch loss: 0.19341, batch accuracy: 78.73, data load time: 0.26017, step time: 0.03547
epoch: [4], step: [1427/1543], batch loss: 0.16974, batch accuracy: 88.65, data load time: 0.38952, step time: 0.03406
epoch: [4], step: [1527/1543], batch loss: 0.14439, batch accuracy: 82.98, data load time: 0.34677, step time: 0.03464
EVALUATION METRICS:
-------------------------------------------------------------

Validation AUC Score: 0.8116

-------------------------------------------------------------
validation loss: 0.16998, accuracy: 81.16
epoch: [5], step: [84/1543], batch loss: 0.13121, batch accuracy: 92.29, data load time: 0.08581, step time: 0.03463
epoch: [5], step: [184/1543], batch loss: 0.21112, batch accuracy: 86.80, data load time: 0.17735, step time: 0.03708
epoch: [5], step: [284/1543], batch loss: 0.16073, batch accuracy: 85.44, data load time: 0.20882, step time: 0.03428
epoch: [5], step: [384/1543], batch loss: 0.22710, batch accuracy: 83.16, data load time: 0.16557, step time: 0.03767
epoch: [5], step: [484/1543], batch loss: 0.19825, batch accuracy: 83.31, data load time: 0.18439, step time: 0.03774
epoch: [5], step: [584/1543], batch loss: 0.23647, batch accuracy: 75.04, data load time: 0.23399, step time: 0.03628
epoch: [5], step: [684/1543], batch loss: 0.18953, batch accuracy: 77.73, data load time: 0.32178, step time: 0.03688
epoch: [5], step: [784/1543], batch loss: 0.18685, batch accuracy: 80.61, data load time: 0.26730, step time: 0.03699
epoch: [5], step: [884/1543], batch loss: 0.18111, batch accuracy: 77.00, data load time: 0.29121, step time: 0.03270
epoch: [5], step: [984/1543], batch loss: 0.21364, batch accuracy: 75.88, data load time: 0.37649, step time: 0.03767
epoch: [5], step: [1084/1543], batch loss: 0.16242, batch accuracy: 78.52, data load time: 0.32603, step time: 0.03428
epoch: [5], step: [1184/1543], batch loss: 0.17614, batch accuracy: 79.49, data load time: 0.31687, step time: 0.03703
epoch: [5], step: [1284/1543], batch loss: 0.16523, batch accuracy: 82.63, data load time: 0.24738, step time: 0.03274
epoch: [5], step: [1384/1543], batch loss: 0.15032, batch accuracy: 83.97, data load time: 0.29515, step time: 0.03436
epoch: [5], step: [1484/1543], batch loss: 0.12953, batch accuracy: 83.50, data load time: 0.26802, step time: 0.03195
EVALUATION METRICS:
-------------------------------------------------------------

Validation AUC Score: 0.8110

-------------------------------------------------------------
validation loss: 0.16903, accuracy: 81.10
epoch: [6], step: [41/1543], batch loss: 0.17927, batch accuracy: 82.98, data load time: 0.22627, step time: 0.03484
epoch: [6], step: [141/1543], batch loss: 0.16033, batch accuracy: 85.04, data load time: 0.18918, step time: 0.03393
epoch: [6], step: [241/1543], batch loss: 0.18622, batch accuracy: 73.49, data load time: 0.21526, step time: 0.03685
epoch: [6], step: [341/1543], batch loss: 0.18104, batch accuracy: 85.85, data load time: 0.20930, step time: 0.03614
epoch: [6], step: [441/1543], batch loss: 0.15019, batch accuracy: 84.95, data load time: 0.20141, step time: 0.03402
epoch: [6], step: [541/1543], batch loss: 0.20217, batch accuracy: 82.76, data load time: 0.36897, step time: 0.03694
epoch: [6], step: [641/1543], batch loss: 0.14348, batch accuracy: 94.92, data load time: 0.28758, step time: 0.03526
epoch: [6], step: [741/1543], batch loss: 0.16579, batch accuracy: 90.05, data load time: 0.27370, step time: 0.03684
epoch: [6], step: [841/1543], batch loss: 0.18537, batch accuracy: 87.17, data load time: 0.29454, step time: 0.03612
epoch: [6], step: [941/1543], batch loss: 0.18076, batch accuracy: 85.21, data load time: 0.28730, step time: 0.03546
epoch: [6], step: [1041/1543], batch loss: 0.15250, batch accuracy: 84.86, data load time: 0.38125, step time: 0.03495
epoch: [6], step: [1141/1543], batch loss: 0.13982, batch accuracy: 87.13, data load time: 0.26245, step time: 0.03058
epoch: [6], step: [1241/1543], batch loss: 0.16797, batch accuracy: 81.94, data load time: 0.23022, step time: 0.03627
epoch: [6], step: [1341/1543], batch loss: 0.20192, batch accuracy: 87.89, data load time: 0.28911, step time: 0.03760
epoch: [6], step: [1441/1543], batch loss: 0.15298, batch accuracy: 86.57, data load time: 0.28533, step time: 0.03332
epoch: [6], step: [1541/1543], batch loss: 0.19414, batch accuracy: 75.18, data load time: 0.29570, step time: 0.04017
Epoch 00007: reducing learning rate of group 0 to 2.5000e-03.
EVALUATION METRICS:
-------------------------------------------------------------

Validation AUC Score: 0.8115

-------------------------------------------------------------
validation loss: 0.17353, accuracy: 81.15
epoch: [7], step: [98/1543], batch loss: 0.19019, batch accuracy: 85.37, data load time: 0.14803, step time: 0.03899
epoch: [7], step: [198/1543], batch loss: 0.17950, batch accuracy: 69.57, data load time: 0.19781, step time: 0.03491
epoch: [7], step: [298/1543], batch loss: 0.16871, batch accuracy: 87.55, data load time: 0.15299, step time: 0.03846
epoch: [7], step: [398/1543], batch loss: 0.17051, batch accuracy: 79.88, data load time: 0.30224, step time: 0.03559
epoch: [7], step: [498/1543], batch loss: 0.16210, batch accuracy: 82.54, data load time: 0.20487, step time: 0.03341
epoch: [7], step: [598/1543], batch loss: 0.17327, batch accuracy: 84.70, data load time: 0.37363, step time: 0.03692
epoch: [7], step: [698/1543], batch loss: 0.19304, batch accuracy: 86.87, data load time: 0.29447, step time: 0.03777
epoch: [7], step: [798/1543], batch loss: 0.13165, batch accuracy: 90.33, data load time: 0.39961, step time: 0.03268
epoch: [7], step: [898/1543], batch loss: 0.13285, batch accuracy: 88.97, data load time: 0.23582, step time: 0.03330
epoch: [7], step: [998/1543], batch loss: 0.18604, batch accuracy: 85.65, data load time: 0.33468, step time: 0.03746
epoch: [7], step: [1098/1543], batch loss: 0.21196, batch accuracy: 89.21, data load time: 0.31887, step time: 0.04547
epoch: [7], step: [1198/1543], batch loss: 0.13571, batch accuracy: 85.95, data load time: 0.28311, step time: 0.03204
epoch: [7], step: [1298/1543], batch loss: 0.17856, batch accuracy: 86.38, data load time: 0.27578, step time: 0.03549
epoch: [7], step: [1398/1543], batch loss: 0.22102, batch accuracy: 77.12, data load time: 0.38946, step time: 0.03618
epoch: [7], step: [1498/1543], batch loss: 0.12582, batch accuracy: 86.33, data load time: 0.42791, step time: 0.03192
EVALUATION METRICS:
-------------------------------------------------------------

Validation AUC Score: 0.8276

-------------------------------------------------------------
validation loss: 0.16212, accuracy: 82.76
epoch: [8], step: [55/1543], batch loss: 0.12840, batch accuracy: 91.86, data load time: 0.28237, step time: 0.03410
epoch: [8], step: [155/1543], batch loss: 0.13254, batch accuracy: 92.36, data load time: 0.18782, step time: 0.03487
epoch: [8], step: [255/1543], batch loss: 0.13392, batch accuracy: 93.11, data load time: 0.21553, step time: 0.03688
epoch: [8], step: [355/1543], batch loss: 0.12398, batch accuracy: 88.61, data load time: 0.30983, step time: 0.03407
epoch: [8], step: [455/1543], batch loss: 0.13218, batch accuracy: 89.96, data load time: 0.23080, step time: 0.03205
epoch: [8], step: [555/1543], batch loss: 0.12487, batch accuracy: 83.75, data load time: 0.29125, step time: 0.03060
epoch: [8], step: [655/1543], batch loss: 0.16782, batch accuracy: 83.96, data load time: 0.31858, step time: 0.03324
epoch: [8], step: [755/1543], batch loss: 0.14509, batch accuracy: 94.61, data load time: 0.20409, step time: 0.03551
epoch: [8], step: [855/1543], batch loss: 0.12672, batch accuracy: 95.51, data load time: 0.39765, step time: 0.03335
epoch: [8], step: [955/1543], batch loss: 0.17741, batch accuracy: 82.92, data load time: 0.30302, step time: 0.03326
epoch: [8], step: [1055/1543], batch loss: 0.14233, batch accuracy: 92.43, data load time: 0.32503, step time: 0.03915
epoch: [8], step: [1155/1543], batch loss: 0.19801, batch accuracy: 81.99, data load time: 0.40395, step time: 0.03485
epoch: [8], step: [1255/1543], batch loss: 0.13854, batch accuracy: 91.42, data load time: 0.39830, step time: 0.03132
epoch: [8], step: [1355/1543], batch loss: 0.17380, batch accuracy: 73.80, data load time: 0.30388, step time: 0.03180
epoch: [8], step: [1455/1543], batch loss: 0.21612, batch accuracy: 79.50, data load time: 0.36500, step time: 0.03690
EVALUATION METRICS:
-------------------------------------------------------------

Validation AUC Score: 0.8261

-------------------------------------------------------------
validation loss: 0.16225, accuracy: 82.61
epoch: [9], step: [12/1543], batch loss: 0.15356, batch accuracy: 83.07, data load time: 0.24001, step time: 0.03622
epoch: [9], step: [112/1543], batch loss: 0.12133, batch accuracy: 92.01, data load time: 0.21187, step time: 0.03398
epoch: [9], step: [212/1543], batch loss: 0.15404, batch accuracy: 91.46, data load time: 0.26205, step time: 0.03688
epoch: [9], step: [312/1543], batch loss: 0.15234, batch accuracy: 89.95, data load time: 0.30443, step time: 0.03280
epoch: [9], step: [412/1543], batch loss: 0.14369, batch accuracy: 90.59, data load time: 0.19176, step time: 0.03548
epoch: [9], step: [512/1543], batch loss: 0.18002, batch accuracy: 91.27, data load time: 0.19158, step time: 0.03611
epoch: [9], step: [612/1543], batch loss: 0.17031, batch accuracy: 78.04, data load time: 0.22171, step time: 0.03412
epoch: [9], step: [712/1543], batch loss: 0.18705, batch accuracy: 86.81, data load time: 0.30236, step time: 0.03901
epoch: [9], step: [812/1543], batch loss: 0.14512, batch accuracy: 81.98, data load time: 0.32545, step time: 0.03395
epoch: [9], step: [912/1543], batch loss: 0.19325, batch accuracy: 78.77, data load time: 0.33880, step time: 0.03491
epoch: [9], step: [1012/1543], batch loss: 0.18196, batch accuracy: 78.38, data load time: 0.37342, step time: 0.03326
epoch: [9], step: [1112/1543], batch loss: 0.17282, batch accuracy: 84.52, data load time: 0.25558, step time: 0.03762
epoch: [9], step: [1212/1543], batch loss: 0.19190, batch accuracy: 80.85, data load time: 0.39220, step time: 0.03911
epoch: [9], step: [1312/1543], batch loss: 0.18329, batch accuracy: 87.00, data load time: 0.48737, step time: 0.03697
epoch: [9], step: [1412/1543], batch loss: 0.16644, batch accuracy: 81.58, data load time: 0.29063, step time: 0.03322
epoch: [9], step: [1512/1543], batch loss: 0.17771, batch accuracy: 84.96, data load time: 0.29544, step time: 0.03609
Epoch 00010: reducing learning rate of group 0 to 1.2500e-04.
EVALUATION METRICS:
-------------------------------------------------------------

Validation AUC Score: 0.8291

-------------------------------------------------------------
validation loss: 0.16098, accuracy: 82.91
epoch: [10], step: [69/1543], batch loss: 0.16621, batch accuracy: 86.93, data load time: 0.31876, step time: 0.03687
epoch: [10], step: [169/1543], batch loss: 0.13693, batch accuracy: 87.35, data load time: 0.20915, step time: 0.03342
epoch: [10], step: [269/1543], batch loss: 0.20064, batch accuracy: 79.60, data load time: 0.24335, step time: 0.03768
epoch: [10], step: [369/1543], batch loss: 0.21350, batch accuracy: 86.67, data load time: 0.18720, step time: 0.03979
epoch: [10], step: [469/1543], batch loss: 0.18099, batch accuracy: 81.63, data load time: 0.24956, step time: 0.03635
epoch: [10], step: [569/1543], batch loss: 0.18635, batch accuracy: 79.16, data load time: 0.24446, step time: 0.03467
epoch: [10], step: [669/1543], batch loss: 0.14757, batch accuracy: 82.95, data load time: 0.34262, step time: 0.03546
epoch: [10], step: [769/1543], batch loss: 0.20391, batch accuracy: 79.74, data load time: 0.26417, step time: 0.03535
epoch: [10], step: [869/1543], batch loss: 0.14864, batch accuracy: 85.05, data load time: 0.26957, step time: 0.03343
epoch: [10], step: [969/1543], batch loss: 0.14392, batch accuracy: 85.62, data load time: 0.27751, step time: 0.03408
epoch: [10], step: [1069/1543], batch loss: 0.15863, batch accuracy: 81.35, data load time: 0.28092, step time: 0.03406
epoch: [10], step: [1169/1543], batch loss: 0.19642, batch accuracy: 83.40, data load time: 0.26810, step time: 0.03766
epoch: [10], step: [1269/1543], batch loss: 0.18090, batch accuracy: 75.65, data load time: 0.26357, step time: 0.03110
epoch: [10], step: [1369/1543], batch loss: 0.24294, batch accuracy: 84.14, data load time: 0.27779, step time: 0.04276
epoch: [10], step: [1469/1543], batch loss: 0.16048, batch accuracy: 88.56, data load time: 0.34349, step time: 0.03472
EVALUATION METRICS:
-------------------------------------------------------------

Validation AUC Score: 0.8298

-------------------------------------------------------------
validation loss: 0.16142, accuracy: 82.98
epoch: [11], step: [26/1543], batch loss: 0.19141, batch accuracy: 77.66, data load time: 0.19048, step time: 0.03623
epoch: [11], step: [126/1543], batch loss: 0.16750, batch accuracy: 86.63, data load time: 0.24815, step time: 0.03411
epoch: [11], step: [226/1543], batch loss: 0.15953, batch accuracy: 82.07, data load time: 0.26984, step time: 0.03197
epoch: [11], step: [326/1543], batch loss: 0.16848, batch accuracy: 91.36, data load time: 0.21369, step time: 0.03691
epoch: [11], step: [426/1543], batch loss: 0.14793, batch accuracy: 81.96, data load time: 0.26156, step time: 0.03187
epoch: [11], step: [526/1543], batch loss: 0.16248, batch accuracy: 87.60, data load time: 0.41504, step time: 0.03558
epoch: [11], step: [626/1543], batch loss: 0.17392, batch accuracy: 75.23, data load time: 0.31167, step time: 0.03155
epoch: [11], step: [726/1543], batch loss: 0.19781, batch accuracy: 79.48, data load time: 0.22880, step time: 0.03323
epoch: [11], step: [826/1543], batch loss: 0.21635, batch accuracy: 83.99, data load time: 0.30709, step time: 0.03986
epoch: [11], step: [926/1543], batch loss: 0.15793, batch accuracy: 85.02, data load time: 0.34655, step time: 0.03473
epoch: [11], step: [1026/1543], batch loss: 0.17973, batch accuracy: 86.87, data load time: 0.34514, step time: 0.03704
epoch: [11], step: [1126/1543], batch loss: 0.15918, batch accuracy: 91.75, data load time: 0.26194, step time: 0.03537
epoch: [11], step: [1226/1543], batch loss: 0.13021, batch accuracy: 80.70, data load time: 0.31489, step time: 0.02978
epoch: [11], step: [1326/1543], batch loss: 0.17788, batch accuracy: 80.13, data load time: 0.30007, step time: 0.03490
epoch: [11], step: [1426/1543], batch loss: 0.14143, batch accuracy: 88.86, data load time: 0.31427, step time: 0.03466
epoch: [11], step: [1526/1543], batch loss: 0.17735, batch accuracy: 88.06, data load time: 0.41799, step time: 0.03393
EVALUATION METRICS:
-------------------------------------------------------------

Validation AUC Score: 0.8295

-------------------------------------------------------------
validation loss: 0.16030, accuracy: 82.95
epoch: [12], step: [83/1543], batch loss: 0.17998, batch accuracy: 90.77, data load time: 0.12133, step time: 0.03768
epoch: [12], step: [183/1543], batch loss: 0.14604, batch accuracy: 83.94, data load time: 0.20616, step time: 0.03416
epoch: [12], step: [283/1543], batch loss: 0.16061, batch accuracy: 85.52, data load time: 0.17798, step time: 0.03184
epoch: [12], step: [383/1543], batch loss: 0.14492, batch accuracy: 90.44, data load time: 0.27853, step time: 0.03392
epoch: [12], step: [483/1543], batch loss: 0.17085, batch accuracy: 76.05, data load time: 0.23155, step time: 0.03324
epoch: [12], step: [583/1543], batch loss: 0.17749, batch accuracy: 85.96, data load time: 0.28570, step time: 0.03335
epoch: [12], step: [683/1543], batch loss: 0.15174, batch accuracy: 78.90, data load time: 0.26148, step time: 0.02888
epoch: [12], step: [783/1543], batch loss: 0.13271, batch accuracy: 94.19, data load time: 0.30849, step time: 0.03531
epoch: [12], step: [883/1543], batch loss: 0.16556, batch accuracy: 82.72, data load time: 0.22572, step time: 0.03262
epoch: [12], step: [983/1543], batch loss: 0.18443, batch accuracy: 87.95, data load time: 0.32014, step time: 0.03594
epoch: [12], step: [1083/1543], batch loss: 0.14336, batch accuracy: 95.18, data load time: 0.36713, step time: 0.03609
epoch: [12], step: [1183/1543], batch loss: 0.15970, batch accuracy: 77.28, data load time: 0.30734, step time: 0.03179
epoch: [12], step: [1283/1543], batch loss: 0.14065, batch accuracy: 83.30, data load time: 0.32318, step time: 0.03336
epoch: [12], step: [1383/1543], batch loss: 0.11788, batch accuracy: 86.71, data load time: 0.43660, step time: 0.02965
epoch: [12], step: [1483/1543], batch loss: 0.17772, batch accuracy: 88.53, data load time: 0.36796, step time: 0.03811
Epoch 00013: reducing learning rate of group 0 to 6.2500e-06.
EVALUATION METRICS:
-------------------------------------------------------------

Validation AUC Score: 0.8292

-------------------------------------------------------------
validation loss: 0.15990, accuracy: 82.92
epoch: [13], step: [40/1543], batch loss: 0.17744, batch accuracy: 86.22, data load time: 0.23928, step time: 0.03903
epoch: [13], step: [140/1543], batch loss: 0.15178, batch accuracy: 84.95, data load time: 0.17168, step time: 0.03185
epoch: [13], step: [240/1543], batch loss: 0.14742, batch accuracy: 86.82, data load time: 0.17726, step time: 0.03418
epoch: [13], step: [340/1543], batch loss: 0.16072, batch accuracy: 85.69, data load time: 0.28368, step time: 0.03636
epoch: [13], step: [440/1543], batch loss: 0.16456, batch accuracy: 85.51, data load time: 0.21180, step time: 0.03539
epoch: [13], step: [540/1543], batch loss: 0.20226, batch accuracy: 84.74, data load time: 0.17993, step time: 0.03907
epoch: [13], step: [640/1543], batch loss: 0.19068, batch accuracy: 86.92, data load time: 0.30785, step time: 0.03769
epoch: [13], step: [740/1543], batch loss: 0.13709, batch accuracy: 82.68, data load time: 0.24243, step time: 0.03267
epoch: [13], step: [840/1543], batch loss: 0.13354, batch accuracy: 80.49, data load time: 0.38998, step time: 0.03196
epoch: [13], step: [940/1543], batch loss: 0.19356, batch accuracy: 74.81, data load time: 0.35277, step time: 0.03407
epoch: [13], step: [1040/1543], batch loss: 0.17566, batch accuracy: 85.78, data load time: 0.22208, step time: 0.03697
epoch: [13], step: [1140/1543], batch loss: 0.18575, batch accuracy: 83.25, data load time: 0.34644, step time: 0.03720
epoch: [13], step: [1240/1543], batch loss: 0.17127, batch accuracy: 90.41, data load time: 0.31859, step time: 0.03640
epoch: [13], step: [1340/1543], batch loss: 0.13914, batch accuracy: 90.82, data load time: 0.30839, step time: 0.03414
epoch: [13], step: [1440/1543], batch loss: 0.17007, batch accuracy: 91.86, data load time: 0.50278, step time: 0.03609
epoch: [13], step: [1540/1543], batch loss: 0.13710, batch accuracy: 88.89, data load time: 0.33198, step time: 0.03485
EVALUATION METRICS:
-------------------------------------------------------------

Validation AUC Score: 0.8291

-------------------------------------------------------------
validation loss: 0.16131, accuracy: 82.91
epoch: [14], step: [97/1543], batch loss: 0.17300, batch accuracy: 80.00, data load time: 0.20619, step time: 0.03205
epoch: [14], step: [197/1543], batch loss: 0.15609, batch accuracy: 87.04, data load time: 0.21834, step time: 0.03495
epoch: [14], step: [297/1543], batch loss: 0.16704, batch accuracy: 86.93, data load time: 0.22755, step time: 0.03343
epoch: [14], step: [397/1543], batch loss: 0.18007, batch accuracy: 83.65, data load time: 0.21092, step time: 0.03558
epoch: [14], step: [497/1543], batch loss: 0.17567, batch accuracy: 90.41, data load time: 0.34700, step time: 0.03702
epoch: [14], step: [597/1543], batch loss: 0.14970, batch accuracy: 89.96, data load time: 0.15446, step time: 0.03845
epoch: [14], step: [697/1543], batch loss: 0.16142, batch accuracy: 88.63, data load time: 0.24863, step time: 0.03580
epoch: [14], step: [797/1543], batch loss: 0.14327, batch accuracy: 86.97, data load time: 0.29684, step time: 0.02998
epoch: [14], step: [897/1543], batch loss: 0.14808, batch accuracy: 82.35, data load time: 0.37267, step time: 0.03344
epoch: [14], step: [997/1543], batch loss: 0.13576, batch accuracy: 82.92, data load time: 0.24147, step time: 0.03282
epoch: [14], step: [1097/1543], batch loss: 0.16517, batch accuracy: 79.30, data load time: 0.25558, step time: 0.03360
epoch: [14], step: [1197/1543], batch loss: 0.12946, batch accuracy: 89.76, data load time: 0.37096, step time: 0.03195
epoch: [14], step: [1297/1543], batch loss: 0.14942, batch accuracy: 82.34, data load time: 0.27547, step time: 0.03206
epoch: [14], step: [1397/1543], batch loss: 0.15781, batch accuracy: 88.50, data load time: 0.36715, step time: 0.03209
epoch: [14], step: [1497/1543], batch loss: 0.18076, batch accuracy: 82.19, data load time: 0.42040, step time: 0.03632
EVALUATION METRICS:
-------------------------------------------------------------

Validation AUC Score: 0.8289

-------------------------------------------------------------
validation loss: 0.16075, accuracy: 82.89
epoch: [15], step: [54/1543], batch loss: 0.15845, batch accuracy: 78.56, data load time: 0.19897, step time: 0.03343
epoch: [15], step: [154/1543], batch loss: 0.18850, batch accuracy: 83.84, data load time: 0.25257, step time: 0.03708
epoch: [15], step: [254/1543], batch loss: 0.14402, batch accuracy: 88.67, data load time: 0.22448, step time: 0.03352
epoch: [15], step: [354/1543], batch loss: 0.13824, batch accuracy: 91.29, data load time: 0.21950, step time: 0.03401
epoch: [15], step: [454/1543], batch loss: 0.16410, batch accuracy: 88.23, data load time: 0.25105, step time: 0.03846
epoch: [15], step: [554/1543], batch loss: 0.15451, batch accuracy: 87.83, data load time: 0.31513, step time: 0.03471
epoch: [15], step: [654/1543], batch loss: 0.16964, batch accuracy: 84.74, data load time: 0.26871, step time: 0.03482
epoch: [15], step: [754/1543], batch loss: 0.13306, batch accuracy: 87.59, data load time: 0.21466, step time: 0.03340
epoch: [15], step: [854/1543], batch loss: 0.14436, batch accuracy: 89.13, data load time: 0.25667, step time: 0.03474
epoch: [15], step: [954/1543], batch loss: 0.16231, batch accuracy: 80.21, data load time: 0.33725, step time: 0.03477
epoch: [15], step: [1054/1543], batch loss: 0.16465, batch accuracy: 88.56, data load time: 0.37272, step time: 0.03550
epoch: [15], step: [1154/1543], batch loss: 0.14992, batch accuracy: 86.50, data load time: 0.35201, step time: 0.03271
epoch: [15], step: [1254/1543], batch loss: 0.14738, batch accuracy: 84.92, data load time: 0.26351, step time: 0.03254
epoch: [15], step: [1354/1543], batch loss: 0.16649, batch accuracy: 73.87, data load time: 0.29760, step time: 0.03128
epoch: [15], step: [1454/1543], batch loss: 0.16531, batch accuracy: 90.71, data load time: 0.34302, step time: 0.03477
EVALUATION METRICS:
-------------------------------------------------------------

Validation AUC Score: 0.8293

-------------------------------------------------------------
validation loss: 0.16026, accuracy: 82.93
epoch: [16], step: [11/1543], batch loss: 0.15920, batch accuracy: 84.43, data load time: 0.11493, step time: 0.03532
epoch: [16], step: [111/1543], batch loss: 0.12950, batch accuracy: 83.86, data load time: 0.14595, step time: 0.03192
epoch: [16], step: [211/1543], batch loss: 0.15448, batch accuracy: 86.36, data load time: 0.24342, step time: 0.03618
epoch: [16], step: [311/1543], batch loss: 0.12737, batch accuracy: 91.11, data load time: 0.11046, step time: 0.03179
epoch: [16], step: [411/1543], batch loss: 0.15141, batch accuracy: 83.44, data load time: 0.24052, step time: 0.03497
epoch: [16], step: [511/1543], batch loss: 0.15744, batch accuracy: 87.30, data load time: 0.23166, step time: 0.03398
epoch: [16], step: [611/1543], batch loss: 0.17076, batch accuracy: 81.22, data load time: 0.24030, step time: 0.03615
epoch: [16], step: [711/1543], batch loss: 0.20288, batch accuracy: 83.29, data load time: 0.30115, step time: 0.03752
epoch: [16], step: [811/1543], batch loss: 0.17695, batch accuracy: 78.73, data load time: 0.24209, step time: 0.03103
epoch: [16], step: [911/1543], batch loss: 0.17858, batch accuracy: 87.16, data load time: 0.22768, step time: 0.03698
epoch: [16], step: [1011/1543], batch loss: 0.15896, batch accuracy: 86.40, data load time: 0.26445, step time: 0.03541
epoch: [16], step: [1111/1543], batch loss: 0.17206, batch accuracy: 89.62, data load time: 0.28559, step time: 0.03957
epoch: [16], step: [1211/1543], batch loss: 0.12355, batch accuracy: 89.09, data load time: 0.37009, step time: 0.03183
epoch: [16], step: [1311/1543], batch loss: 0.20695, batch accuracy: 80.25, data load time: 0.28995, step time: 0.03819
epoch: [16], step: [1411/1543], batch loss: 0.15635, batch accuracy: 86.65, data load time: 0.23423, step time: 0.03247
epoch: [16], step: [1511/1543], batch loss: 0.13842, batch accuracy: 88.14, data load time: 0.35146, step time: 0.02975
EVALUATION METRICS:
-------------------------------------------------------------

Validation AUC Score: 0.8303

-------------------------------------------------------------
validation loss: 0.15988, accuracy: 83.03
epoch: [17], step: [68/1543], batch loss: 0.18013, batch accuracy: 77.14, data load time: 0.17857, step time: 0.03345
epoch: [17], step: [168/1543], batch loss: 0.12579, batch accuracy: 90.62, data load time: 0.24170, step time: 0.03195
epoch: [17], step: [268/1543], batch loss: 0.15749, batch accuracy: 85.45, data load time: 0.18357, step time: 0.03538
epoch: [17], step: [368/1543], batch loss: 0.15224, batch accuracy: 83.62, data load time: 0.19971, step time: 0.03263
epoch: [17], step: [468/1543], batch loss: 0.14278, batch accuracy: 87.15, data load time: 0.17828, step time: 0.03105
epoch: [17], step: [568/1543], batch loss: 0.15804, batch accuracy: 87.02, data load time: 0.46928, step time: 0.03474
epoch: [17], step: [668/1543], batch loss: 0.17001, batch accuracy: 90.04, data load time: 0.31872, step time: 0.03541
epoch: [17], step: [768/1543], batch loss: 0.13554, batch accuracy: 86.49, data load time: 0.46030, step time: 0.02970
epoch: [17], step: [868/1543], batch loss: 0.17842, batch accuracy: 80.39, data load time: 0.24537, step time: 0.03751
epoch: [17], step: [968/1543], batch loss: 0.14497, batch accuracy: 84.66, data load time: 0.23410, step time: 0.03464
epoch: [17], step: [1068/1543], batch loss: 0.16883, batch accuracy: 77.28, data load time: 0.35861, step time: 0.03268
epoch: [17], step: [1168/1543], batch loss: 0.18981, batch accuracy: 91.57, data load time: 0.33490, step time: 0.03606
epoch: [17], step: [1268/1543], batch loss: 0.12622, batch accuracy: 84.60, data load time: 0.29390, step time: 0.03123
epoch: [17], step: [1368/1543], batch loss: 0.23974, batch accuracy: 77.82, data load time: 0.24797, step time: 0.03838
epoch: [17], step: [1468/1543], batch loss: 0.17241, batch accuracy: 80.82, data load time: 0.34752, step time: 0.03613
EVALUATION METRICS:
-------------------------------------------------------------

Validation AUC Score: 0.8264

-------------------------------------------------------------
validation loss: 0.16281, accuracy: 82.64
epoch: [18], step: [25/1543], batch loss: 0.16483, batch accuracy: 90.64, data load time: 0.07657, step time: 0.03713
epoch: [18], step: [125/1543], batch loss: 0.15800, batch accuracy: 92.11, data load time: 0.17345, step time: 0.03559
epoch: [18], step: [225/1543], batch loss: 0.19339, batch accuracy: 86.46, data load time: 0.17462, step time: 0.03629
epoch: [18], step: [325/1543], batch loss: 0.19768, batch accuracy: 80.69, data load time: 0.21728, step time: 0.03634
epoch: [18], step: [425/1543], batch loss: 0.14422, batch accuracy: 85.11, data load time: 0.18919, step time: 0.03044
epoch: [18], step: [525/1543], batch loss: 0.18298, batch accuracy: 83.61, data load time: 0.21659, step time: 0.03558
epoch: [18], step: [625/1543], batch loss: 0.20009, batch accuracy: 85.95, data load time: 0.20559, step time: 0.03915
epoch: [18], step: [725/1543], batch loss: 0.15205, batch accuracy: 87.57, data load time: 0.17017, step time: 0.03345
epoch: [18], step: [825/1543], batch loss: 0.17806, batch accuracy: 89.44, data load time: 0.33293, step time: 0.03844
epoch: [18], step: [925/1543], batch loss: 0.14604, batch accuracy: 95.50, data load time: 0.25787, step time: 0.03408
epoch: [18], step: [1025/1543], batch loss: 0.20327, batch accuracy: 88.40, data load time: 0.41797, step time: 0.04128
epoch: [18], step: [1125/1543], batch loss: 0.12566, batch accuracy: 84.48, data load time: 0.26440, step time: 0.03390
epoch: [18], step: [1225/1543], batch loss: 0.17215, batch accuracy: 91.40, data load time: 0.30189, step time: 0.03429
epoch: [18], step: [1325/1543], batch loss: 0.15720, batch accuracy: 78.47, data load time: 0.24384, step time: 0.03262
epoch: [18], step: [1425/1543], batch loss: 0.13990, batch accuracy: 92.36, data load time: 0.27493, step time: 0.03555
epoch: [18], step: [1525/1543], batch loss: 0.20540, batch accuracy: 82.38, data load time: 0.28093, step time: 0.03476
Epoch 00019: reducing learning rate of group 0 to 3.1250e-07.
EVALUATION METRICS:
-------------------------------------------------------------

Validation AUC Score: 0.8293

-------------------------------------------------------------
validation loss: 0.16161, accuracy: 82.93
epoch: [19], step: [82/1543], batch loss: 0.16201, batch accuracy: 85.31, data load time: 0.13682, step time: 0.03341
epoch: [19], step: [182/1543], batch loss: 0.19286, batch accuracy: 87.93, data load time: 0.18980, step time: 0.03560
epoch: [19], step: [282/1543], batch loss: 0.18782, batch accuracy: 85.70, data load time: 0.18217, step time: 0.03480
epoch: [19], step: [382/1543], batch loss: 0.18569, batch accuracy: 82.87, data load time: 0.14704, step time: 0.03637
epoch: [19], step: [482/1543], batch loss: 0.19806, batch accuracy: 84.54, data load time: 0.24944, step time: 0.03467
epoch: [19], step: [582/1543], batch loss: 0.12118, batch accuracy: 84.58, data load time: 0.22986, step time: 0.03033
epoch: [19], step: [682/1543], batch loss: 0.16449, batch accuracy: 86.90, data load time: 0.23156, step time: 0.03609
epoch: [19], step: [782/1543], batch loss: 0.10581, batch accuracy: 86.09, data load time: 0.17398, step time: 0.03183
epoch: [19], step: [882/1543], batch loss: 0.19098, batch accuracy: 81.19, data load time: 0.27750, step time: 0.03671
epoch: [19], step: [982/1543], batch loss: 0.14849, batch accuracy: 82.61, data load time: 0.26731, step time: 0.03178
epoch: [19], step: [1082/1543], batch loss: 0.16205, batch accuracy: 84.30, data load time: 0.23054, step time: 0.03616
epoch: [19], step: [1182/1543], batch loss: 0.13005, batch accuracy: 91.88, data load time: 0.23339, step time: 0.03388
epoch: [19], step: [1282/1543], batch loss: 0.16465, batch accuracy: 89.46, data load time: 0.18750, step time: 0.03611
epoch: [19], step: [1382/1543], batch loss: 0.18378, batch accuracy: 84.67, data load time: 0.29653, step time: 0.03601
epoch: [19], step: [1482/1543], batch loss: 0.19034, batch accuracy: 83.50, data load time: 0.24753, step time: 0.03967
EVALUATION METRICS:
-------------------------------------------------------------

Validation AUC Score: 0.8274

-------------------------------------------------------------
validation loss: 0.16330, accuracy: 82.74
EVALUATION METRICS:
-------------------------------------------------------------

Test AUC Score: 0.8292, Class Labels: ambient: 0.8372, baroque: 0.9273, bass: 0.7820, beat: 0.9146, cello: 0.8281, chant: 0.8675, choir: 0.9480, classical: 0.8691, country: 0.8464, dance: 0.9454, drum: 0.8517, eastern: 0.7598, electro: 0.8083, fast: 0.8258, female: 0.7674, flute: 0.8440, folk: 0.8078, foreign: 0.7675, guitar: 0.7990, hard: 0.9653, harp: 0.8739, harpsichord: 0.9398, heavy: 0.9807, india: 0.7502, jazz: 0.8675, loud: 0.9069, male: 0.7884, modern: 0.8098, new age: 0.8005, no beat: 0.6533, no piano: 0.6015, no singer: 0.6119, opera: 0.9263, orchestra: 0.8739, piano: 0.8544, pop: 0.8660, quiet: 0.8831, rock: 0.9719, singer: 0.7660, sitar: 0.7830, slow: 0.7749, soft: 0.7842, solo: 0.8348, strange: 0.7044, string: 0.7784, synth: 0.7446, techno: 0.9272, trance: 0.9012, violin: 0.7788, vocal: 0.7606

-------------------------------------------------------------
validation loss: 0.48590, accuracy: 82.92
