Loading data from trainSpec_dataset
Loading data from valSpec_dataset
Loading data from testSpec_dataset
Writing logs to logs/CNN_sgd_momentum=0.95_learning_rate=0.18_conv_length=256_conv_stride=256_batch_size=10_epochs=35_weight_decay=1e-05_model=ChunkResCNN1_op=sgd_run_0
epoch: [0], step: [99/1543], batch loss: 0.29275, batch accuracy: 61.88, data load time: 0.18032, step time: 0.10144
epoch: [0], step: [199/1543], batch loss: 0.29747, batch accuracy: 58.77, data load time: 0.18634, step time: 0.10312
epoch: [0], step: [299/1543], batch loss: 0.28775, batch accuracy: 62.30, data load time: 0.22628, step time: 0.10424
epoch: [0], step: [399/1543], batch loss: 0.22192, batch accuracy: 68.55, data load time: 0.14074, step time: 0.10072
epoch: [0], step: [499/1543], batch loss: 0.25719, batch accuracy: 69.71, data load time: 0.26440, step time: 0.10496
epoch: [0], step: [599/1543], batch loss: 0.21792, batch accuracy: 70.01, data load time: 0.20036, step time: 0.10239
epoch: [0], step: [699/1543], batch loss: 0.28813, batch accuracy: 54.44, data load time: 0.22619, step time: 0.10458
epoch: [0], step: [799/1543], batch loss: 0.27229, batch accuracy: 71.51, data load time: 0.26080, step time: 0.10530
epoch: [0], step: [899/1543], batch loss: 0.26693, batch accuracy: 64.67, data load time: 0.31482, step time: 0.10414
epoch: [0], step: [999/1543], batch loss: 0.22875, batch accuracy: 65.23, data load time: 0.21871, step time: 0.10458
epoch: [0], step: [1099/1543], batch loss: 0.18330, batch accuracy: 66.73, data load time: 0.26618, step time: 0.09903
epoch: [0], step: [1199/1543], batch loss: 0.17663, batch accuracy: 66.51, data load time: 0.20425, step time: 0.09938
epoch: [0], step: [1299/1543], batch loss: 0.21446, batch accuracy: 70.65, data load time: 0.20974, step time: 0.10149
epoch: [0], step: [1399/1543], batch loss: 0.18404, batch accuracy: 76.31, data load time: 0.17896, step time: 0.09867
epoch: [0], step: [1499/1543], batch loss: 0.20672, batch accuracy: 68.18, data load time: 0.15659, step time: 0.10182
EVALUATION METRICS:
-------------------------------------------------------------

Validation AUC Score: 0.7267

-------------------------------------------------------------
validation loss: 0.20074, accuracy: 72.67
epoch: [1], step: [56/1543], batch loss: 0.17392, batch accuracy: 70.29, data load time: 0.19392, step time: 0.10090
epoch: [1], step: [156/1543], batch loss: 0.18803, batch accuracy: 66.77, data load time: 0.20128, step time: 0.10214
epoch: [1], step: [256/1543], batch loss: 0.17783, batch accuracy: 76.90, data load time: 0.20625, step time: 0.10087
epoch: [1], step: [356/1543], batch loss: 0.15721, batch accuracy: 70.65, data load time: 0.21774, step time: 0.09801
epoch: [1], step: [456/1543], batch loss: 0.18580, batch accuracy: 84.56, data load time: 0.18647, step time: 0.10135
epoch: [1], step: [556/1543], batch loss: 0.16234, batch accuracy: 81.21, data load time: 0.26403, step time: 0.09716
epoch: [1], step: [656/1543], batch loss: 0.19589, batch accuracy: 77.40, data load time: 0.17528, step time: 0.10020
epoch: [1], step: [756/1543], batch loss: 0.20695, batch accuracy: 73.51, data load time: 0.20894, step time: 0.10089
epoch: [1], step: [856/1543], batch loss: 0.17751, batch accuracy: 77.36, data load time: 0.26602, step time: 0.09916
epoch: [1], step: [956/1543], batch loss: 0.21125, batch accuracy: 67.72, data load time: 0.19499, step time: 0.10069
epoch: [1], step: [1056/1543], batch loss: 0.14473, batch accuracy: 85.71, data load time: 0.22660, step time: 0.09783
epoch: [1], step: [1156/1543], batch loss: 0.23421, batch accuracy: 65.39, data load time: 0.14707, step time: 0.10090
epoch: [1], step: [1256/1543], batch loss: 0.24113, batch accuracy: 77.18, data load time: 0.19478, step time: 0.10090
epoch: [1], step: [1356/1543], batch loss: 0.18377, batch accuracy: 68.63, data load time: 0.15157, step time: 0.09934
epoch: [1], step: [1456/1543], batch loss: 0.20882, batch accuracy: 61.57, data load time: 0.13389, step time: 0.10017
EVALUATION METRICS:
-------------------------------------------------------------

Validation AUC Score: 0.7658

-------------------------------------------------------------
validation loss: 0.21604, accuracy: 76.58
epoch: [2], step: [13/1543], batch loss: 0.20286, batch accuracy: 76.63, data load time: 0.20492, step time: 0.10282
epoch: [2], step: [113/1543], batch loss: 0.28070, batch accuracy: 68.01, data load time: 0.25078, step time: 0.10485
epoch: [2], step: [213/1543], batch loss: 0.29112, batch accuracy: 75.21, data load time: 0.17674, step time: 0.10578
epoch: [2], step: [313/1543], batch loss: 0.20149, batch accuracy: 75.65, data load time: 0.12804, step time: 0.09974
epoch: [2], step: [413/1543], batch loss: 0.19176, batch accuracy: 87.17, data load time: 0.17927, step time: 0.10368
epoch: [2], step: [513/1543], batch loss: 0.22764, batch accuracy: 64.41, data load time: 0.22104, step time: 0.10161
epoch: [2], step: [613/1543], batch loss: 0.12166, batch accuracy: 85.73, data load time: 0.24121, step time: 0.09911
epoch: [2], step: [713/1543], batch loss: 0.19559, batch accuracy: 77.99, data load time: 0.20105, step time: 0.09909
epoch: [2], step: [813/1543], batch loss: 0.17087, batch accuracy: 81.68, data load time: 0.17909, step time: 0.10084
epoch: [2], step: [913/1543], batch loss: 0.18654, batch accuracy: 80.00, data load time: 0.21448, step time: 0.10370
epoch: [2], step: [1013/1543], batch loss: 0.17437, batch accuracy: 83.39, data load time: 0.19749, step time: 0.10238
epoch: [2], step: [1113/1543], batch loss: 0.14190, batch accuracy: 84.74, data load time: 0.14571, step time: 0.09854
epoch: [2], step: [1213/1543], batch loss: 0.16963, batch accuracy: 85.81, data load time: 0.17916, step time: 0.10074
epoch: [2], step: [1313/1543], batch loss: 0.15055, batch accuracy: 91.41, data load time: 0.25966, step time: 0.10145
epoch: [2], step: [1413/1543], batch loss: 0.17687, batch accuracy: 78.09, data load time: 0.20282, step time: 0.09989
epoch: [2], step: [1513/1543], batch loss: 0.18273, batch accuracy: 77.54, data load time: 0.19570, step time: 0.10172
EVALUATION METRICS:
-------------------------------------------------------------

Validation AUC Score: 0.7938

-------------------------------------------------------------
validation loss: 0.21923, accuracy: 79.38
epoch: [3], step: [70/1543], batch loss: 0.21535, batch accuracy: 72.26, data load time: 0.15814, step time: 0.10294
epoch: [3], step: [170/1543], batch loss: 0.18492, batch accuracy: 78.36, data load time: 0.24462, step time: 0.09952
epoch: [3], step: [270/1543], batch loss: 0.14735, batch accuracy: 85.76, data load time: 0.18423, step time: 0.09741
epoch: [3], step: [370/1543], batch loss: 0.17282, batch accuracy: 59.62, data load time: 0.20585, step time: 0.09727
epoch: [3], step: [470/1543], batch loss: 0.18323, batch accuracy: 80.22, data load time: 0.18492, step time: 0.10372
epoch: [3], step: [570/1543], batch loss: 0.18636, batch accuracy: 77.94, data load time: 0.16370, step time: 0.10219
epoch: [3], step: [670/1543], batch loss: 0.21056, batch accuracy: 72.83, data load time: 0.24438, step time: 0.10636
epoch: [3], step: [770/1543], batch loss: 0.15315, batch accuracy: 85.46, data load time: 0.18418, step time: 0.09954
epoch: [3], step: [870/1543], batch loss: 0.17489, batch accuracy: 79.07, data load time: 0.13639, step time: 0.10183
epoch: [3], step: [970/1543], batch loss: 0.21675, batch accuracy: 76.50, data load time: 0.11794, step time: 0.10432
epoch: [3], step: [1070/1543], batch loss: 0.19143, batch accuracy: 75.63, data load time: 0.20955, step time: 0.10113
epoch: [3], step: [1170/1543], batch loss: 0.19717, batch accuracy: 81.00, data load time: 0.19227, step time: 0.10264
epoch: [3], step: [1270/1543], batch loss: 0.15064, batch accuracy: 72.18, data load time: 0.35878, step time: 0.09856
epoch: [3], step: [1370/1543], batch loss: 0.17384, batch accuracy: 90.67, data load time: 0.15082, step time: 0.10160
epoch: [3], step: [1470/1543], batch loss: 0.23092, batch accuracy: 76.62, data load time: 0.21226, step time: 0.10236
Epoch 00004: reducing learning rate of group 0 to 9.0000e-03.
EVALUATION METRICS:
-------------------------------------------------------------

Validation AUC Score: 0.8112

-------------------------------------------------------------
validation loss: 0.17655, accuracy: 81.12
epoch: [4], step: [27/1543], batch loss: 0.16744, batch accuracy: 89.28, data load time: 0.20186, step time: 0.10217
epoch: [4], step: [127/1543], batch loss: 0.15499, batch accuracy: 86.60, data load time: 0.19821, step time: 0.10305
epoch: [4], step: [227/1543], batch loss: 0.15924, batch accuracy: 85.22, data load time: 0.19479, step time: 0.10182
epoch: [4], step: [327/1543], batch loss: 0.15076, batch accuracy: 82.01, data load time: 0.24293, step time: 0.09935
epoch: [4], step: [427/1543], batch loss: 0.15345, batch accuracy: 83.34, data load time: 0.20615, step time: 0.10172
epoch: [4], step: [527/1543], batch loss: 0.14744, batch accuracy: 87.04, data load time: 0.26915, step time: 0.10011
epoch: [4], step: [627/1543], batch loss: 0.16643, batch accuracy: 76.11, data load time: 0.20495, step time: 0.09808
epoch: [4], step: [727/1543], batch loss: 0.15377, batch accuracy: 83.33, data load time: 0.20690, step time: 0.10234
epoch: [4], step: [827/1543], batch loss: 0.18367, batch accuracy: 82.14, data load time: 0.18225, step time: 0.10080
epoch: [4], step: [927/1543], batch loss: 0.13731, batch accuracy: 78.87, data load time: 0.22843, step time: 0.09806
epoch: [4], step: [1027/1543], batch loss: 0.19146, batch accuracy: 86.00, data load time: 0.29913, step time: 0.10445
epoch: [4], step: [1127/1543], batch loss: 0.21601, batch accuracy: 88.03, data load time: 0.21804, step time: 0.10421
epoch: [4], step: [1227/1543], batch loss: 0.19839, batch accuracy: 80.87, data load time: 0.11366, step time: 0.10294
epoch: [4], step: [1327/1543], batch loss: 0.17616, batch accuracy: 82.39, data load time: 0.11483, step time: 0.10233
epoch: [4], step: [1427/1543], batch loss: 0.15093, batch accuracy: 88.92, data load time: 0.18724, step time: 0.10293
epoch: [4], step: [1527/1543], batch loss: 0.15509, batch accuracy: 91.51, data load time: 0.18485, step time: 0.10304
EVALUATION METRICS:
-------------------------------------------------------------

Validation AUC Score: 0.8316

-------------------------------------------------------------
validation loss: 0.16638, accuracy: 83.16
epoch: [5], step: [84/1543], batch loss: 0.13083, batch accuracy: 85.76, data load time: 0.24335, step time: 0.09889
epoch: [5], step: [184/1543], batch loss: 0.16823, batch accuracy: 71.71, data load time: 0.26751, step time: 0.09911
epoch: [5], step: [284/1543], batch loss: 0.16118, batch accuracy: 85.73, data load time: 0.18069, step time: 0.10283
epoch: [5], step: [384/1543], batch loss: 0.18606, batch accuracy: 80.53, data load time: 0.28205, step time: 0.10432
epoch: [5], step: [484/1543], batch loss: 0.16600, batch accuracy: 75.24, data load time: 0.13337, step time: 0.09766
epoch: [5], step: [584/1543], batch loss: 0.13158, batch accuracy: 92.92, data load time: 0.21525, step time: 0.10018
epoch: [5], step: [684/1543], batch loss: 0.11559, batch accuracy: 92.22, data load time: 0.23593, step time: 0.09616
epoch: [5], step: [784/1543], batch loss: 0.16966, batch accuracy: 90.13, data load time: 0.11556, step time: 0.10704
epoch: [5], step: [884/1543], batch loss: 0.19107, batch accuracy: 72.69, data load time: 0.20298, step time: 0.10193
epoch: [5], step: [984/1543], batch loss: 0.21589, batch accuracy: 85.13, data load time: 0.23544, step time: 0.10796
epoch: [5], step: [1084/1543], batch loss: 0.15398, batch accuracy: 74.97, data load time: 0.17771, step time: 0.10063
epoch: [5], step: [1184/1543], batch loss: 0.20707, batch accuracy: 67.76, data load time: 0.22077, step time: 0.09914
epoch: [5], step: [1284/1543], batch loss: 0.19115, batch accuracy: 81.69, data load time: 0.20311, step time: 0.09929
epoch: [5], step: [1384/1543], batch loss: 0.13018, batch accuracy: 87.19, data load time: 0.19997, step time: 0.09780
epoch: [5], step: [1484/1543], batch loss: 0.11709, batch accuracy: 91.06, data load time: 0.14093, step time: 0.09768
EVALUATION METRICS:
-------------------------------------------------------------

Validation AUC Score: 0.8315

-------------------------------------------------------------
validation loss: 0.16843, accuracy: 83.15
epoch: [6], step: [41/1543], batch loss: 0.17438, batch accuracy: 87.82, data load time: 0.24889, step time: 0.10115
epoch: [6], step: [141/1543], batch loss: 0.19367, batch accuracy: 78.84, data load time: 0.20230, step time: 0.10428
epoch: [6], step: [241/1543], batch loss: 0.21708, batch accuracy: 69.22, data load time: 0.21219, step time: 0.10173
epoch: [6], step: [341/1543], batch loss: 0.20387, batch accuracy: 83.64, data load time: 0.32187, step time: 0.10171
epoch: [6], step: [441/1543], batch loss: 0.22241, batch accuracy: 76.18, data load time: 0.18342, step time: 0.10551
epoch: [6], step: [541/1543], batch loss: 0.11793, batch accuracy: 91.19, data load time: 0.15086, step time: 0.10021
epoch: [6], step: [641/1543], batch loss: 0.14882, batch accuracy: 87.11, data load time: 0.16304, step time: 0.10220
epoch: [6], step: [741/1543], batch loss: 0.12344, batch accuracy: 86.76, data load time: 0.20132, step time: 0.09834
epoch: [6], step: [841/1543], batch loss: 0.15406, batch accuracy: 89.36, data load time: 0.20048, step time: 0.09939
epoch: [6], step: [941/1543], batch loss: 0.14068, batch accuracy: 89.39, data load time: 0.19862, step time: 0.10059
epoch: [6], step: [1041/1543], batch loss: 0.14590, batch accuracy: 89.14, data load time: 0.17461, step time: 0.10135
epoch: [6], step: [1141/1543], batch loss: 0.16458, batch accuracy: 85.60, data load time: 0.22699, step time: 0.10243
epoch: [6], step: [1241/1543], batch loss: 0.19142, batch accuracy: 75.56, data load time: 0.16790, step time: 0.10071
epoch: [6], step: [1341/1543], batch loss: 0.18943, batch accuracy: 86.54, data load time: 0.19514, step time: 0.10540
epoch: [6], step: [1441/1543], batch loss: 0.13181, batch accuracy: 77.03, data load time: 0.16314, step time: 0.09643
epoch: [6], step: [1541/1543], batch loss: 0.19889, batch accuracy: 81.87, data load time: 0.21373, step time: 0.10391
EVALUATION METRICS:
-------------------------------------------------------------

Validation AUC Score: 0.8383

-------------------------------------------------------------
validation loss: 0.17968, accuracy: 83.83
epoch: [7], step: [98/1543], batch loss: 0.19371, batch accuracy: 84.18, data load time: 0.26532, step time: 0.10195
epoch: [7], step: [198/1543], batch loss: 0.14017, batch accuracy: 91.86, data load time: 0.21891, step time: 0.10550
epoch: [7], step: [298/1543], batch loss: 0.17008, batch accuracy: 81.58, data load time: 0.18562, step time: 0.10414
epoch: [7], step: [398/1543], batch loss: 0.18421, batch accuracy: 86.69, data load time: 0.15821, step time: 0.10427
epoch: [7], step: [498/1543], batch loss: 0.18816, batch accuracy: 77.62, data load time: 0.12148, step time: 0.10129
epoch: [7], step: [598/1543], batch loss: 0.12189, batch accuracy: 86.06, data load time: 0.28577, step time: 0.09730
epoch: [7], step: [698/1543], batch loss: 0.16459, batch accuracy: 87.85, data load time: 0.28823, step time: 0.09868
epoch: [7], step: [798/1543], batch loss: 0.13283, batch accuracy: 86.11, data load time: 0.20642, step time: 0.10049
epoch: [7], step: [898/1543], batch loss: 0.19554, batch accuracy: 81.47, data load time: 0.18782, step time: 0.10961
epoch: [7], step: [998/1543], batch loss: 0.17220, batch accuracy: 82.04, data load time: 0.14417, step time: 0.09943
epoch: [7], step: [1098/1543], batch loss: 0.19290, batch accuracy: 81.56, data load time: 0.29888, step time: 0.10220
epoch: [7], step: [1198/1543], batch loss: 0.15060, batch accuracy: 82.02, data load time: 0.19068, step time: 0.09919
epoch: [7], step: [1298/1543], batch loss: 0.18928, batch accuracy: 84.72, data load time: 0.15771, step time: 0.10305
epoch: [7], step: [1398/1543], batch loss: 0.20223, batch accuracy: 84.90, data load time: 0.20786, step time: 0.10287
epoch: [7], step: [1498/1543], batch loss: 0.18754, batch accuracy: 76.27, data load time: 0.19080, step time: 0.10111
EVALUATION METRICS:
-------------------------------------------------------------

Validation AUC Score: 0.8394

-------------------------------------------------------------
validation loss: 0.16558, accuracy: 83.94
epoch: [8], step: [55/1543], batch loss: 0.14163, batch accuracy: 81.57, data load time: 0.26434, step time: 0.09663
epoch: [8], step: [155/1543], batch loss: 0.17365, batch accuracy: 81.17, data load time: 0.25132, step time: 0.10299
epoch: [8], step: [255/1543], batch loss: 0.18886, batch accuracy: 80.19, data load time: 0.26107, step time: 0.10239
epoch: [8], step: [355/1543], batch loss: 0.16408, batch accuracy: 92.63, data load time: 0.13032, step time: 0.10284
epoch: [8], step: [455/1543], batch loss: 0.18566, batch accuracy: 85.01, data load time: 0.21738, step time: 0.10430
epoch: [8], step: [555/1543], batch loss: 0.16731, batch accuracy: 92.04, data load time: 0.19749, step time: 0.10250
epoch: [8], step: [655/1543], batch loss: 0.18642, batch accuracy: 79.50, data load time: 0.20743, step time: 0.10122
epoch: [8], step: [755/1543], batch loss: 0.13600, batch accuracy: 86.74, data load time: 0.25499, step time: 0.09632
epoch: [8], step: [855/1543], batch loss: 0.17577, batch accuracy: 87.59, data load time: 0.21400, step time: 0.10417
epoch: [8], step: [955/1543], batch loss: 0.18921, batch accuracy: 84.72, data load time: 0.27553, step time: 0.10506
epoch: [8], step: [1055/1543], batch loss: 0.12348, batch accuracy: 91.83, data load time: 0.17281, step time: 0.10064
epoch: [8], step: [1155/1543], batch loss: 0.19354, batch accuracy: 83.99, data load time: 0.15689, step time: 0.10091
epoch: [8], step: [1255/1543], batch loss: 0.14984, batch accuracy: 87.35, data load time: 0.20936, step time: 0.10206
epoch: [8], step: [1355/1543], batch loss: 0.16452, batch accuracy: 86.05, data load time: 0.19235, step time: 0.09893
epoch: [8], step: [1455/1543], batch loss: 0.15129, batch accuracy: 86.95, data load time: 0.14358, step time: 0.10141
EVALUATION METRICS:
-------------------------------------------------------------

Validation AUC Score: 0.8429

-------------------------------------------------------------
validation loss: 0.16754, accuracy: 84.29
epoch: [9], step: [12/1543], batch loss: 0.20446, batch accuracy: 79.06, data load time: 0.18815, step time: 0.10160
epoch: [9], step: [112/1543], batch loss: 0.12244, batch accuracy: 93.69, data load time: 0.21589, step time: 0.09934
epoch: [9], step: [212/1543], batch loss: 0.17498, batch accuracy: 85.56, data load time: 0.32301, step time: 0.10394
epoch: [9], step: [312/1543], batch loss: 0.17216, batch accuracy: 80.31, data load time: 0.17134, step time: 0.10105
epoch: [9], step: [412/1543], batch loss: 0.13658, batch accuracy: 87.71, data load time: 0.23534, step time: 0.09852
epoch: [9], step: [512/1543], batch loss: 0.12738, batch accuracy: 88.91, data load time: 0.13074, step time: 0.09884
epoch: [9], step: [612/1543], batch loss: 0.15170, batch accuracy: 87.60, data load time: 0.19274, step time: 0.10117
epoch: [9], step: [712/1543], batch loss: 0.16228, batch accuracy: 91.35, data load time: 0.21909, step time: 0.10091
epoch: [9], step: [812/1543], batch loss: 0.16945, batch accuracy: 85.50, data load time: 0.16405, step time: 0.10452
epoch: [9], step: [912/1543], batch loss: 0.20739, batch accuracy: 90.82, data load time: 0.20885, step time: 0.10423
epoch: [9], step: [1012/1543], batch loss: 0.14082, batch accuracy: 80.32, data load time: 0.19957, step time: 0.10181
epoch: [9], step: [1112/1543], batch loss: 0.18461, batch accuracy: 84.47, data load time: 0.23757, step time: 0.10507
epoch: [9], step: [1212/1543], batch loss: 0.13138, batch accuracy: 88.36, data load time: 0.14997, step time: 0.09777
epoch: [9], step: [1312/1543], batch loss: 0.15076, batch accuracy: 92.21, data load time: 0.14542, step time: 0.10072
epoch: [9], step: [1412/1543], batch loss: 0.14929, batch accuracy: 90.80, data load time: 0.22718, step time: 0.10571
epoch: [9], step: [1512/1543], batch loss: 0.18900, batch accuracy: 83.80, data load time: 0.20372, step time: 0.10220
EVALUATION METRICS:
-------------------------------------------------------------

Validation AUC Score: 0.8415

-------------------------------------------------------------
validation loss: 0.16160, accuracy: 84.15
epoch: [10], step: [69/1543], batch loss: 0.13211, batch accuracy: 84.59, data load time: 0.18813, step time: 0.09722
epoch: [10], step: [169/1543], batch loss: 0.17384, batch accuracy: 87.30, data load time: 0.15968, step time: 0.09856
epoch: [10], step: [269/1543], batch loss: 0.19579, batch accuracy: 74.95, data load time: 0.17376, step time: 0.10347
epoch: [10], step: [369/1543], batch loss: 0.14621, batch accuracy: 92.91, data load time: 0.16539, step time: 0.10478
epoch: [10], step: [469/1543], batch loss: 0.14291, batch accuracy: 92.14, data load time: 0.18019, step time: 0.10159
epoch: [10], step: [569/1543], batch loss: 0.16939, batch accuracy: 85.16, data load time: 0.26710, step time: 0.10162
epoch: [10], step: [669/1543], batch loss: 0.18460, batch accuracy: 87.77, data load time: 0.16635, step time: 0.10580
epoch: [10], step: [769/1543], batch loss: 0.12597, batch accuracy: 79.41, data load time: 0.16211, step time: 0.09758
epoch: [10], step: [869/1543], batch loss: 0.17468, batch accuracy: 86.04, data load time: 0.13141, step time: 0.10248
epoch: [10], step: [969/1543], batch loss: 0.19781, batch accuracy: 86.95, data load time: 0.17003, step time: 0.10327
epoch: [10], step: [1069/1543], batch loss: 0.15094, batch accuracy: 88.54, data load time: 0.14393, step time: 0.10288
epoch: [10], step: [1169/1543], batch loss: 0.16623, batch accuracy: 85.84, data load time: 0.15494, step time: 0.10623
epoch: [10], step: [1269/1543], batch loss: 0.20833, batch accuracy: 87.90, data load time: 0.18580, step time: 0.10404
epoch: [10], step: [1369/1543], batch loss: 0.19997, batch accuracy: 81.55, data load time: 0.22379, step time: 0.10191
epoch: [10], step: [1469/1543], batch loss: 0.17934, batch accuracy: 81.00, data load time: 0.25034, step time: 0.10049
EVALUATION METRICS:
-------------------------------------------------------------

Validation AUC Score: 0.8461

-------------------------------------------------------------
validation loss: 0.16891, accuracy: 84.61
epoch: [11], step: [26/1543], batch loss: 0.15253, batch accuracy: 84.95, data load time: 0.14086, step time: 0.09934
epoch: [11], step: [126/1543], batch loss: 0.15873, batch accuracy: 91.35, data load time: 0.13804, step time: 0.10295
epoch: [11], step: [226/1543], batch loss: 0.18007, batch accuracy: 82.13, data load time: 0.19145, step time: 0.10228
epoch: [11], step: [326/1543], batch loss: 0.13724, batch accuracy: 83.48, data load time: 0.23199, step time: 0.10046
epoch: [11], step: [426/1543], batch loss: 0.18025, batch accuracy: 89.79, data load time: 0.19379, step time: 0.10380
epoch: [11], step: [526/1543], batch loss: 0.18827, batch accuracy: 80.81, data load time: 0.16553, step time: 0.10365
epoch: [11], step: [626/1543], batch loss: 0.18477, batch accuracy: 87.47, data load time: 0.14165, step time: 0.10857
epoch: [11], step: [726/1543], batch loss: 0.17226, batch accuracy: 87.46, data load time: 0.17834, step time: 0.10266
epoch: [11], step: [826/1543], batch loss: 0.13266, batch accuracy: 92.68, data load time: 0.18687, step time: 0.10133
epoch: [11], step: [926/1543], batch loss: 0.17929, batch accuracy: 79.76, data load time: 0.25585, step time: 0.10251
epoch: [11], step: [1026/1543], batch loss: 0.16263, batch accuracy: 82.12, data load time: 0.17126, step time: 0.10020
epoch: [11], step: [1126/1543], batch loss: 0.20267, batch accuracy: 88.02, data load time: 0.16283, step time: 0.10749
epoch: [11], step: [1226/1543], batch loss: 0.17830, batch accuracy: 88.92, data load time: 0.21233, step time: 0.10362
epoch: [11], step: [1326/1543], batch loss: 0.13541, batch accuracy: 92.46, data load time: 0.15105, step time: 0.10464
epoch: [11], step: [1426/1543], batch loss: 0.12944, batch accuracy: 83.65, data load time: 0.22144, step time: 0.09637
epoch: [11], step: [1526/1543], batch loss: 0.10875, batch accuracy: 98.07, data load time: 0.10801, step time: 0.09858
EVALUATION METRICS:
-------------------------------------------------------------

Validation AUC Score: 0.8463

-------------------------------------------------------------
validation loss: 0.16198, accuracy: 84.63
epoch: [12], step: [83/1543], batch loss: 0.18277, batch accuracy: 84.40, data load time: 0.18517, step time: 0.10132
epoch: [12], step: [183/1543], batch loss: 0.20100, batch accuracy: 86.95, data load time: 0.20312, step time: 0.10430
epoch: [12], step: [283/1543], batch loss: 0.19558, batch accuracy: 87.76, data load time: 0.16527, step time: 0.10370
epoch: [12], step: [383/1543], batch loss: 0.14171, batch accuracy: 87.21, data load time: 0.16737, step time: 0.10133
epoch: [12], step: [483/1543], batch loss: 0.13851, batch accuracy: 88.18, data load time: 0.13879, step time: 0.09803
epoch: [12], step: [583/1543], batch loss: 0.14258, batch accuracy: 89.68, data load time: 0.24582, step time: 0.10109
epoch: [12], step: [683/1543], batch loss: 0.10660, batch accuracy: 96.22, data load time: 0.17829, step time: 0.09995
epoch: [12], step: [783/1543], batch loss: 0.15851, batch accuracy: 85.33, data load time: 0.16218, step time: 0.10078
epoch: [12], step: [883/1543], batch loss: 0.14465, batch accuracy: 90.88, data load time: 0.24353, step time: 0.09527
epoch: [12], step: [983/1543], batch loss: 0.22327, batch accuracy: 71.42, data load time: 0.15564, step time: 0.10384
epoch: [12], step: [1083/1543], batch loss: 0.13615, batch accuracy: 93.33, data load time: 0.27006, step time: 0.10311
epoch: [12], step: [1183/1543], batch loss: 0.13963, batch accuracy: 85.49, data load time: 0.22283, step time: 0.09850
epoch: [12], step: [1283/1543], batch loss: 0.16372, batch accuracy: 78.38, data load time: 0.14943, step time: 0.09846
epoch: [12], step: [1383/1543], batch loss: 0.13429, batch accuracy: 85.03, data load time: 0.24563, step time: 0.10110
epoch: [12], step: [1483/1543], batch loss: 0.14469, batch accuracy: 93.85, data load time: 0.10605, step time: 0.10190
Epoch 00013: reducing learning rate of group 0 to 4.5000e-04.
EVALUATION METRICS:
-------------------------------------------------------------

Validation AUC Score: 0.8471

-------------------------------------------------------------
validation loss: 0.16835, accuracy: 84.71
epoch: [13], step: [40/1543], batch loss: 0.19217, batch accuracy: 83.92, data load time: 0.19503, step time: 0.10536
epoch: [13], step: [140/1543], batch loss: 0.12591, batch accuracy: 83.41, data load time: 0.14702, step time: 0.09688
epoch: [13], step: [240/1543], batch loss: 0.13275, batch accuracy: 93.49, data load time: 0.19054, step time: 0.10151
epoch: [13], step: [340/1543], batch loss: 0.14932, batch accuracy: 90.03, data load time: 0.15425, step time: 0.10273
epoch: [13], step: [440/1543], batch loss: 0.15056, batch accuracy: 85.35, data load time: 0.29337, step time: 0.10062
epoch: [13], step: [540/1543], batch loss: 0.15658, batch accuracy: 83.87, data load time: 0.24066, step time: 0.10137
epoch: [13], step: [640/1543], batch loss: 0.18763, batch accuracy: 76.85, data load time: 0.18264, step time: 0.10377
epoch: [13], step: [740/1543], batch loss: 0.15671, batch accuracy: 81.69, data load time: 0.22109, step time: 0.09786
epoch: [13], step: [840/1543], batch loss: 0.14296, batch accuracy: 90.13, data load time: 0.20149, step time: 0.10532
epoch: [13], step: [940/1543], batch loss: 0.11832, batch accuracy: 82.99, data load time: 0.15783, step time: 0.09696
epoch: [13], step: [1040/1543], batch loss: 0.15104, batch accuracy: 91.82, data load time: 0.31432, step time: 0.10237
epoch: [13], step: [1140/1543], batch loss: 0.19674, batch accuracy: 85.94, data load time: 0.33923, step time: 0.10462
epoch: [13], step: [1240/1543], batch loss: 0.19078, batch accuracy: 83.38, data load time: 0.17500, step time: 0.10508
epoch: [13], step: [1340/1543], batch loss: 0.15496, batch accuracy: 93.53, data load time: 0.14789, step time: 0.10440
epoch: [13], step: [1440/1543], batch loss: 0.18004, batch accuracy: 81.79, data load time: 0.21598, step time: 0.10361
epoch: [13], step: [1540/1543], batch loss: 0.13897, batch accuracy: 89.63, data load time: 0.21523, step time: 0.09901
EVALUATION METRICS:
-------------------------------------------------------------

Validation AUC Score: 0.8504

-------------------------------------------------------------
validation loss: 0.16184, accuracy: 85.04
epoch: [14], step: [97/1543], batch loss: 0.14735, batch accuracy: 87.36, data load time: 0.19457, step time: 0.09758
epoch: [14], step: [197/1543], batch loss: 0.20680, batch accuracy: 84.47, data load time: 0.26992, step time: 0.10272
epoch: [14], step: [297/1543], batch loss: 0.13532, batch accuracy: 87.01, data load time: 0.26961, step time: 0.10137
epoch: [14], step: [397/1543], batch loss: 0.14716, batch accuracy: 91.15, data load time: 0.17376, step time: 0.09858
epoch: [14], step: [497/1543], batch loss: 0.15170, batch accuracy: 92.94, data load time: 0.19447, step time: 0.10590
epoch: [14], step: [597/1543], batch loss: 0.20367, batch accuracy: 79.81, data load time: 0.18675, step time: 0.10352
epoch: [14], step: [697/1543], batch loss: 0.17626, batch accuracy: 90.17, data load time: 0.38618, step time: 0.10435
epoch: [14], step: [797/1543], batch loss: 0.17832, batch accuracy: 86.58, data load time: 0.14492, step time: 0.09987
epoch: [14], step: [897/1543], batch loss: 0.16948, batch accuracy: 83.34, data load time: 0.27882, step time: 0.10250
epoch: [14], step: [997/1543], batch loss: 0.13050, batch accuracy: 87.55, data load time: 0.33735, step time: 0.09996
epoch: [14], step: [1097/1543], batch loss: 0.20288, batch accuracy: 85.49, data load time: 0.25046, step time: 0.10195
epoch: [14], step: [1197/1543], batch loss: 0.13344, batch accuracy: 91.62, data load time: 0.15759, step time: 0.10049
epoch: [14], step: [1297/1543], batch loss: 0.16356, batch accuracy: 89.37, data load time: 0.21553, step time: 0.10459
epoch: [14], step: [1397/1543], batch loss: 0.18290, batch accuracy: 74.61, data load time: 0.13210, step time: 0.10182
epoch: [14], step: [1497/1543], batch loss: 0.12954, batch accuracy: 88.30, data load time: 0.27937, step time: 0.09564
EVALUATION METRICS:
-------------------------------------------------------------

Validation AUC Score: 0.8510

-------------------------------------------------------------
validation loss: 0.17379, accuracy: 85.10
epoch: [15], step: [54/1543], batch loss: 0.16918, batch accuracy: 87.89, data load time: 0.19647, step time: 0.10131
epoch: [15], step: [154/1543], batch loss: 0.16189, batch accuracy: 94.23, data load time: 0.18477, step time: 0.10611
epoch: [15], step: [254/1543], batch loss: 0.17649, batch accuracy: 82.94, data load time: 0.23119, step time: 0.10576
epoch: [15], step: [354/1543], batch loss: 0.19647, batch accuracy: 79.85, data load time: 0.24354, step time: 0.10226
epoch: [15], step: [454/1543], batch loss: 0.14575, batch accuracy: 81.02, data load time: 0.21007, step time: 0.10065
epoch: [15], step: [554/1543], batch loss: 0.13860, batch accuracy: 95.07, data load time: 0.12651, step time: 0.10406
epoch: [15], step: [654/1543], batch loss: 0.17605, batch accuracy: 87.19, data load time: 0.18214, step time: 0.10236
epoch: [15], step: [754/1543], batch loss: 0.16070, batch accuracy: 79.43, data load time: 0.23558, step time: 0.10047
epoch: [15], step: [854/1543], batch loss: 0.15474, batch accuracy: 88.52, data load time: 0.28285, step time: 0.09804
epoch: [15], step: [954/1543], batch loss: 0.15099, batch accuracy: 85.67, data load time: 0.21624, step time: 0.09998
epoch: [15], step: [1054/1543], batch loss: 0.19096, batch accuracy: 90.87, data load time: 0.18225, step time: 0.10492
epoch: [15], step: [1154/1543], batch loss: 0.16292, batch accuracy: 84.31, data load time: 0.28661, step time: 0.09686
epoch: [15], step: [1254/1543], batch loss: 0.12696, batch accuracy: 87.33, data load time: 0.17331, step time: 0.09886
epoch: [15], step: [1354/1543], batch loss: 0.15930, batch accuracy: 90.43, data load time: 0.23146, step time: 0.10232
epoch: [15], step: [1454/1543], batch loss: 0.19846, batch accuracy: 78.50, data load time: 0.21580, step time: 0.10441
Epoch 00016: reducing learning rate of group 0 to 2.2500e-05.
EVALUATION METRICS:
-------------------------------------------------------------

Validation AUC Score: 0.8523

-------------------------------------------------------------
validation loss: 0.15864, accuracy: 85.23
epoch: [16], step: [11/1543], batch loss: 0.18556, batch accuracy: 81.63, data load time: 0.36780, step time: 0.10110
epoch: [16], step: [111/1543], batch loss: 0.14990, batch accuracy: 81.53, data load time: 0.15165, step time: 0.10077
epoch: [16], step: [211/1543], batch loss: 0.17181, batch accuracy: 89.84, data load time: 0.18561, step time: 0.10400
epoch: [16], step: [311/1543], batch loss: 0.17772, batch accuracy: 80.89, data load time: 0.23700, step time: 0.10123
epoch: [16], step: [411/1543], batch loss: 0.14039, batch accuracy: 84.69, data load time: 0.24366, step time: 0.10301
epoch: [16], step: [511/1543], batch loss: 0.16457, batch accuracy: 84.89, data load time: 0.17863, step time: 0.10126
epoch: [16], step: [611/1543], batch loss: 0.18370, batch accuracy: 84.51, data load time: 0.25205, step time: 0.10683
epoch: [16], step: [711/1543], batch loss: 0.15390, batch accuracy: 87.58, data load time: 0.16006, step time: 0.09808
epoch: [16], step: [811/1543], batch loss: 0.10781, batch accuracy: 94.05, data load time: 0.26090, step time: 0.09761
epoch: [16], step: [911/1543], batch loss: 0.14561, batch accuracy: 87.44, data load time: 0.29528, step time: 0.09658
epoch: [16], step: [1011/1543], batch loss: 0.15348, batch accuracy: 87.64, data load time: 0.17209, step time: 0.10260
epoch: [16], step: [1111/1543], batch loss: 0.20747, batch accuracy: 83.44, data load time: 0.17085, step time: 0.10312
epoch: [16], step: [1211/1543], batch loss: 0.16432, batch accuracy: 81.95, data load time: 0.14892, step time: 0.10414
epoch: [16], step: [1311/1543], batch loss: 0.14495, batch accuracy: 87.81, data load time: 0.27507, step time: 0.09971
epoch: [16], step: [1411/1543], batch loss: 0.16262, batch accuracy: 84.46, data load time: 0.20802, step time: 0.10411
epoch: [16], step: [1511/1543], batch loss: 0.13151, batch accuracy: 90.49, data load time: 0.21329, step time: 0.09836
EVALUATION METRICS:
-------------------------------------------------------------

Validation AUC Score: 0.8521

-------------------------------------------------------------
validation loss: 0.16152, accuracy: 85.21
epoch: [17], step: [68/1543], batch loss: 0.18913, batch accuracy: 81.78, data load time: 0.14863, step time: 0.10342
epoch: [17], step: [168/1543], batch loss: 0.16073, batch accuracy: 84.49, data load time: 0.19916, step time: 0.10212
epoch: [17], step: [268/1543], batch loss: 0.16691, batch accuracy: 90.84, data load time: 0.18476, step time: 0.10140
epoch: [17], step: [368/1543], batch loss: 0.15274, batch accuracy: 80.00, data load time: 0.30965, step time: 0.09751
epoch: [17], step: [468/1543], batch loss: 0.14522, batch accuracy: 87.66, data load time: 0.19972, step time: 0.10104
epoch: [17], step: [568/1543], batch loss: 0.15198, batch accuracy: 82.49, data load time: 0.21956, step time: 0.10316
epoch: [17], step: [668/1543], batch loss: 0.21917, batch accuracy: 83.63, data load time: 0.28871, step time: 0.10587
epoch: [17], step: [768/1543], batch loss: 0.16872, batch accuracy: 86.80, data load time: 0.19517, step time: 0.09951
epoch: [17], step: [868/1543], batch loss: 0.13512, batch accuracy: 88.78, data load time: 0.16055, step time: 0.09536
epoch: [17], step: [968/1543], batch loss: 0.17657, batch accuracy: 88.23, data load time: 0.25782, step time: 0.10730
epoch: [17], step: [1068/1543], batch loss: 0.18337, batch accuracy: 82.56, data load time: 0.23042, step time: 0.10355
epoch: [17], step: [1168/1543], batch loss: 0.20629, batch accuracy: 90.20, data load time: 0.20522, step time: 0.10902
epoch: [17], step: [1268/1543], batch loss: 0.13797, batch accuracy: 93.61, data load time: 0.23246, step time: 0.10371
epoch: [17], step: [1368/1543], batch loss: 0.13231, batch accuracy: 92.31, data load time: 0.26728, step time: 0.10045
epoch: [17], step: [1468/1543], batch loss: 0.18285, batch accuracy: 90.22, data load time: 0.24635, step time: 0.10383
EVALUATION METRICS:
-------------------------------------------------------------

Validation AUC Score: 0.8507

-------------------------------------------------------------
validation loss: 0.16772, accuracy: 85.07
epoch: [18], step: [25/1543], batch loss: 0.18300, batch accuracy: 88.09, data load time: 0.14623, step time: 0.10214
epoch: [18], step: [125/1543], batch loss: 0.15417, batch accuracy: 89.31, data load time: 0.23927, step time: 0.10336
epoch: [18], step: [225/1543], batch loss: 0.18403, batch accuracy: 90.74, data load time: 0.21207, step time: 0.10518
epoch: [18], step: [325/1543], batch loss: 0.19078, batch accuracy: 89.92, data load time: 0.19562, step time: 0.10291
epoch: [18], step: [425/1543], batch loss: 0.19865, batch accuracy: 86.69, data load time: 0.18363, step time: 0.10213
epoch: [18], step: [525/1543], batch loss: 0.16060, batch accuracy: 81.39, data load time: 0.17251, step time: 0.09985
epoch: [18], step: [625/1543], batch loss: 0.15010, batch accuracy: 83.97, data load time: 0.28563, step time: 0.10030
epoch: [18], step: [725/1543], batch loss: 0.13412, batch accuracy: 91.99, data load time: 0.22144, step time: 0.10097
epoch: [18], step: [825/1543], batch loss: 0.14940, batch accuracy: 90.40, data load time: 0.21350, step time: 0.09757
epoch: [18], step: [925/1543], batch loss: 0.17689, batch accuracy: 82.06, data load time: 0.19604, step time: 0.10601
epoch: [18], step: [1025/1543], batch loss: 0.18122, batch accuracy: 89.97, data load time: 0.21556, step time: 0.10756
epoch: [18], step: [1125/1543], batch loss: 0.16820, batch accuracy: 82.51, data load time: 0.18763, step time: 0.10059
epoch: [18], step: [1225/1543], batch loss: 0.16494, batch accuracy: 90.08, data load time: 0.22562, step time: 0.10159
epoch: [18], step: [1325/1543], batch loss: 0.16130, batch accuracy: 82.80, data load time: 0.18987, step time: 0.10107
epoch: [18], step: [1425/1543], batch loss: 0.18038, batch accuracy: 83.29, data load time: 0.16075, step time: 0.10440
epoch: [18], step: [1525/1543], batch loss: 0.11735, batch accuracy: 89.68, data load time: 0.31550, step time: 0.09698
Epoch 00019: reducing learning rate of group 0 to 1.1250e-06.
EVALUATION METRICS:
-------------------------------------------------------------

Validation AUC Score: 0.8240

-------------------------------------------------------------
validation loss: 0.17575, accuracy: 82.40
epoch: [19], step: [82/1543], batch loss: 0.15959, batch accuracy: 90.33, data load time: 0.22601, step time: 0.10079
epoch: [19], step: [182/1543], batch loss: 0.15025, batch accuracy: 89.13, data load time: 0.28456, step time: 0.10286
epoch: [19], step: [282/1543], batch loss: 0.19889, batch accuracy: 87.06, data load time: 0.28238, step time: 0.10482
epoch: [19], step: [382/1543], batch loss: 0.20832, batch accuracy: 82.95, data load time: 0.17856, step time: 0.10594
epoch: [19], step: [482/1543], batch loss: 0.18403, batch accuracy: 83.64, data load time: 0.14890, step time: 0.10588
epoch: [19], step: [582/1543], batch loss: 0.16667, batch accuracy: 83.76, data load time: 0.21605, step time: 0.10389
epoch: [19], step: [682/1543], batch loss: 0.18499, batch accuracy: 83.79, data load time: 0.21000, step time: 0.10593
epoch: [19], step: [782/1543], batch loss: 0.16487, batch accuracy: 75.65, data load time: 0.18934, step time: 0.09804
epoch: [19], step: [882/1543], batch loss: 0.11738, batch accuracy: 89.09, data load time: 0.18502, step time: 0.09925
epoch: [19], step: [982/1543], batch loss: 0.13664, batch accuracy: 88.68, data load time: 0.18119, step time: 0.10135
epoch: [19], step: [1082/1543], batch loss: 0.18627, batch accuracy: 87.38, data load time: 0.30001, step time: 0.10361
epoch: [19], step: [1182/1543], batch loss: 0.15919, batch accuracy: 86.58, data load time: 0.21090, step time: 0.09921
epoch: [19], step: [1282/1543], batch loss: 0.20793, batch accuracy: 78.11, data load time: 0.33011, step time: 0.09992
epoch: [19], step: [1382/1543], batch loss: 0.15692, batch accuracy: 86.35, data load time: 0.25366, step time: 0.10126
epoch: [19], step: [1482/1543], batch loss: 0.11529, batch accuracy: 94.41, data load time: 0.16404, step time: 0.09918
EVALUATION METRICS:
-------------------------------------------------------------

Validation AUC Score: 0.8506

-------------------------------------------------------------
validation loss: 0.16329, accuracy: 85.06
