Loading data from /mnt/storage/scratch/ee20947/MagnaTagATune/annotations/train.pkl...
Loading data from /mnt/storage/scratch/ee20947/MagnaTagATune/annotations/val.pkl...
Loading data from /mnt/storage/scratch/ee20947/MagnaTagATune/annotations/test.pkl...
Writing logs to logs/CNN_sgd_momentum=0.95_learning_rate=0.05_conv_length=256_conv_stride=256_batch_size=10_epochs=30_weight_decay=1e-05_extension=CRNN_run_2
epoch: [0], step: [99/1543], batch loss: 0.25734, batch accuracy: 45.46, data load time: 0.07069, step time: 0.07045
epoch: [0], step: [199/1543], batch loss: 0.23013, batch accuracy: 63.69, data load time: 0.04825, step time: 0.07181
epoch: [0], step: [299/1543], batch loss: 0.21541, batch accuracy: 69.21, data load time: 0.05753, step time: 0.07325
epoch: [0], step: [399/1543], batch loss: 0.22606, batch accuracy: 66.51, data load time: 0.05454, step time: 0.07313
epoch: [0], step: [499/1543], batch loss: 0.24426, batch accuracy: 64.48, data load time: 0.08043, step time: 0.07377
epoch: [0], step: [599/1543], batch loss: 0.21198, batch accuracy: 74.56, data load time: 0.04624, step time: 0.07206
epoch: [0], step: [699/1543], batch loss: 0.18288, batch accuracy: 72.64, data load time: 0.03628, step time: 0.06919
epoch: [0], step: [799/1543], batch loss: 0.23862, batch accuracy: 78.35, data load time: 0.03948, step time: 0.07137
epoch: [0], step: [899/1543], batch loss: 0.22160, batch accuracy: 62.34, data load time: 0.06814, step time: 0.07133
epoch: [0], step: [999/1543], batch loss: 0.24591, batch accuracy: 55.84, data load time: 0.06645, step time: 0.07152
epoch: [0], step: [1099/1543], batch loss: 0.23104, batch accuracy: 67.62, data load time: 0.07499, step time: 0.06999
epoch: [0], step: [1199/1543], batch loss: 0.22214, batch accuracy: 77.73, data load time: 0.12150, step time: 0.07062
epoch: [0], step: [1299/1543], batch loss: 0.28007, batch accuracy: 66.06, data load time: 0.09135, step time: 0.07491
epoch: [0], step: [1399/1543], batch loss: 0.19518, batch accuracy: 80.74, data load time: 0.09967, step time: 0.07271
epoch: [0], step: [1499/1543], batch loss: 0.23768, batch accuracy: 70.69, data load time: 0.09425, step time: 0.07355
EVALUATION METRICS:
-------------------------------------------------------------

Validation AUC Score: 0.7651

-------------------------------------------------------------
validation loss: 0.21179, accuracy: 76.51
epoch: [1], step: [56/1543], batch loss: 0.27538, batch accuracy: 72.79, data load time: 0.03221, step time: 0.07393
epoch: [1], step: [156/1543], batch loss: 0.19138, batch accuracy: 72.14, data load time: 0.09255, step time: 0.06622
epoch: [1], step: [256/1543], batch loss: 0.19255, batch accuracy: 74.85, data load time: 0.07678, step time: 0.07031
epoch: [1], step: [356/1543], batch loss: 0.17024, batch accuracy: 76.57, data load time: 0.06039, step time: 0.06606
epoch: [1], step: [456/1543], batch loss: 0.21971, batch accuracy: 59.73, data load time: 0.06691, step time: 0.06860
epoch: [1], step: [556/1543], batch loss: 0.19749, batch accuracy: 74.67, data load time: 0.11177, step time: 0.06991
epoch: [1], step: [656/1543], batch loss: 0.25739, batch accuracy: 69.83, data load time: 0.07657, step time: 0.07424
epoch: [1], step: [756/1543], batch loss: 0.22579, batch accuracy: 78.90, data load time: 0.11017, step time: 0.07355
epoch: [1], step: [856/1543], batch loss: 0.19242, batch accuracy: 61.03, data load time: 0.09418, step time: 0.06769
epoch: [1], step: [956/1543], batch loss: 0.23167, batch accuracy: 65.39, data load time: 0.06657, step time: 0.07264
epoch: [1], step: [1056/1543], batch loss: 0.23017, batch accuracy: 67.79, data load time: 0.10885, step time: 0.07433
epoch: [1], step: [1156/1543], batch loss: 0.19448, batch accuracy: 81.20, data load time: 0.08792, step time: 0.06915
epoch: [1], step: [1256/1543], batch loss: 0.22894, batch accuracy: 73.16, data load time: 0.13240, step time: 0.07261
epoch: [1], step: [1356/1543], batch loss: 0.21699, batch accuracy: 84.06, data load time: 0.10966, step time: 0.07402
epoch: [1], step: [1456/1543], batch loss: 0.14047, batch accuracy: 67.98, data load time: 0.09882, step time: 0.06680
EVALUATION METRICS:
-------------------------------------------------------------

Validation AUC Score: 0.7664

-------------------------------------------------------------
validation loss: 0.18873, accuracy: 76.64
epoch: [2], step: [13/1543], batch loss: 0.18886, batch accuracy: 82.33, data load time: 0.08544, step time: 0.07371
epoch: [2], step: [113/1543], batch loss: 0.18403, batch accuracy: 76.61, data load time: 0.04447, step time: 0.07148
epoch: [2], step: [213/1543], batch loss: 0.13568, batch accuracy: 81.17, data load time: 0.08270, step time: 0.06610
epoch: [2], step: [313/1543], batch loss: 0.17561, batch accuracy: 79.29, data load time: 0.09944, step time: 0.07281
epoch: [2], step: [413/1543], batch loss: 0.18845, batch accuracy: 74.01, data load time: 0.11267, step time: 0.07223
epoch: [2], step: [513/1543], batch loss: 0.18564, batch accuracy: 78.00, data load time: 0.08456, step time: 0.06983
epoch: [2], step: [613/1543], batch loss: 0.21800, batch accuracy: 78.36, data load time: 0.08980, step time: 0.07482
epoch: [2], step: [713/1543], batch loss: 0.15293, batch accuracy: 81.24, data load time: 0.09233, step time: 0.07022
epoch: [2], step: [813/1543], batch loss: 0.19000, batch accuracy: 78.42, data load time: 0.09048, step time: 0.07139
epoch: [2], step: [913/1543], batch loss: 0.21820, batch accuracy: 79.70, data load time: 0.07052, step time: 0.07290
epoch: [2], step: [1013/1543], batch loss: 0.15906, batch accuracy: 77.08, data load time: 0.10918, step time: 0.06870
epoch: [2], step: [1113/1543], batch loss: 0.21062, batch accuracy: 77.15, data load time: 0.12649, step time: 0.07293
epoch: [2], step: [1213/1543], batch loss: 0.19698, batch accuracy: 78.56, data load time: 0.07830, step time: 0.07076
epoch: [2], step: [1313/1543], batch loss: 0.22098, batch accuracy: 76.67, data load time: 0.05740, step time: 0.07284
epoch: [2], step: [1413/1543], batch loss: 0.18689, batch accuracy: 87.82, data load time: 0.05827, step time: 0.06786
epoch: [2], step: [1513/1543], batch loss: 0.16574, batch accuracy: 78.00, data load time: 0.05183, step time: 0.06932
EVALUATION METRICS:
-------------------------------------------------------------

Validation AUC Score: 0.8134

-------------------------------------------------------------
validation loss: 0.17549, accuracy: 81.34
epoch: [3], step: [70/1543], batch loss: 0.21931, batch accuracy: 68.64, data load time: 0.01524, step time: 0.06765
epoch: [3], step: [170/1543], batch loss: 0.16227, batch accuracy: 82.87, data load time: 0.03451, step time: 0.06854
epoch: [3], step: [270/1543], batch loss: 0.18507, batch accuracy: 78.36, data load time: 0.07433, step time: 0.06869
epoch: [3], step: [370/1543], batch loss: 0.18204, batch accuracy: 76.39, data load time: 0.05613, step time: 0.07139
epoch: [3], step: [470/1543], batch loss: 0.17544, batch accuracy: 82.08, data load time: 0.06290, step time: 0.07384
epoch: [3], step: [570/1543], batch loss: 0.17745, batch accuracy: 87.87, data load time: 0.08882, step time: 0.07181
epoch: [3], step: [670/1543], batch loss: 0.20245, batch accuracy: 75.35, data load time: 0.05040, step time: 0.07262
epoch: [3], step: [770/1543], batch loss: 0.15743, batch accuracy: 84.94, data load time: 0.04378, step time: 0.06785
epoch: [3], step: [870/1543], batch loss: 0.19924, batch accuracy: 69.69, data load time: 0.06081, step time: 0.07154
epoch: [3], step: [970/1543], batch loss: 0.22624, batch accuracy: 76.69, data load time: 0.08721, step time: 0.07390
epoch: [3], step: [1070/1543], batch loss: 0.17072, batch accuracy: 76.09, data load time: 0.04764, step time: 0.06752
epoch: [3], step: [1170/1543], batch loss: 0.22179, batch accuracy: 70.31, data load time: 0.07683, step time: 0.07104
epoch: [3], step: [1270/1543], batch loss: 0.27315, batch accuracy: 72.61, data load time: 0.03933, step time: 0.07727
epoch: [3], step: [1370/1543], batch loss: 0.25192, batch accuracy: 80.68, data load time: 0.04554, step time: 0.07498
epoch: [3], step: [1470/1543], batch loss: 0.22469, batch accuracy: 78.10, data load time: 0.03805, step time: 0.07059
EVALUATION METRICS:
-------------------------------------------------------------

Validation AUC Score: 0.8034

-------------------------------------------------------------
validation loss: 0.17956, accuracy: 80.34
epoch: [4], step: [27/1543], batch loss: 0.16636, batch accuracy: 88.10, data load time: 0.01467, step time: 0.06866
epoch: [4], step: [127/1543], batch loss: 0.15994, batch accuracy: 77.27, data load time: 0.04722, step time: 0.06815
epoch: [4], step: [227/1543], batch loss: 0.16943, batch accuracy: 88.40, data load time: 0.01488, step time: 0.07197
epoch: [4], step: [327/1543], batch loss: 0.17102, batch accuracy: 76.92, data load time: 0.02973, step time: 0.06992
epoch: [4], step: [427/1543], batch loss: 0.16503, batch accuracy: 86.96, data load time: 0.04197, step time: 0.07097
epoch: [4], step: [527/1543], batch loss: 0.13931, batch accuracy: 91.99, data load time: 0.05418, step time: 0.07131
epoch: [4], step: [627/1543], batch loss: 0.21866, batch accuracy: 76.93, data load time: 0.03526, step time: 0.07265
epoch: [4], step: [727/1543], batch loss: 0.16800, batch accuracy: 80.60, data load time: 0.03048, step time: 0.06817
epoch: [4], step: [827/1543], batch loss: 0.20361, batch accuracy: 82.82, data load time: 0.04377, step time: 0.07354
epoch: [4], step: [927/1543], batch loss: 0.26921, batch accuracy: 75.59, data load time: 0.04645, step time: 0.07303
epoch: [4], step: [1027/1543], batch loss: 0.19604, batch accuracy: 89.54, data load time: 0.08322, step time: 0.07376
epoch: [4], step: [1127/1543], batch loss: 0.17872, batch accuracy: 89.00, data load time: 0.04180, step time: 0.06929
epoch: [4], step: [1227/1543], batch loss: 0.19145, batch accuracy: 84.21, data load time: 0.09018, step time: 0.07247
epoch: [4], step: [1327/1543], batch loss: 0.20171, batch accuracy: 74.54, data load time: 0.04081, step time: 0.06771
epoch: [4], step: [1427/1543], batch loss: 0.15951, batch accuracy: 81.57, data load time: 0.05772, step time: 0.06987
epoch: [4], step: [1527/1543], batch loss: 0.13450, batch accuracy: 87.27, data load time: 0.04033, step time: 0.06859
EVALUATION METRICS:
-------------------------------------------------------------

Validation AUC Score: 0.8129

-------------------------------------------------------------
validation loss: 0.18021, accuracy: 81.29
epoch: [5], step: [84/1543], batch loss: 0.17731, batch accuracy: 82.98, data load time: 0.06145, step time: 0.06940
epoch: [5], step: [184/1543], batch loss: 0.13190, batch accuracy: 86.51, data load time: 0.01278, step time: 0.06656
epoch: [5], step: [284/1543], batch loss: 0.15402, batch accuracy: 88.32, data load time: 0.05539, step time: 0.07092
epoch: [5], step: [384/1543], batch loss: 0.22720, batch accuracy: 77.78, data load time: 0.06041, step time: 0.07483
epoch: [5], step: [484/1543], batch loss: 0.17463, batch accuracy: 79.44, data load time: 0.07001, step time: 0.06654
epoch: [5], step: [584/1543], batch loss: 0.15139, batch accuracy: 84.37, data load time: 0.09183, step time: 0.06890
epoch: [5], step: [684/1543], batch loss: 0.18791, batch accuracy: 81.74, data load time: 0.07119, step time: 0.07071
epoch: [5], step: [784/1543], batch loss: 0.17359, batch accuracy: 90.08, data load time: 0.10725, step time: 0.07681
epoch: [5], step: [884/1543], batch loss: 0.15962, batch accuracy: 80.43, data load time: 0.10325, step time: 0.06713
epoch: [5], step: [984/1543], batch loss: 0.24301, batch accuracy: 77.82, data load time: 0.07402, step time: 0.07019
epoch: [5], step: [1084/1543], batch loss: 0.13708, batch accuracy: 93.20, data load time: 0.05393, step time: 0.07156
epoch: [5], step: [1184/1543], batch loss: 0.16522, batch accuracy: 86.09, data load time: 0.02972, step time: 0.07112
epoch: [5], step: [1284/1543], batch loss: 0.14995, batch accuracy: 92.55, data load time: 0.10673, step time: 0.07011
epoch: [5], step: [1384/1543], batch loss: 0.13525, batch accuracy: 95.77, data load time: 0.08807, step time: 0.06926
epoch: [5], step: [1484/1543], batch loss: 0.16535, batch accuracy: 84.23, data load time: 0.06615, step time: 0.07144
EVALUATION METRICS:
-------------------------------------------------------------

Validation AUC Score: 0.8411

-------------------------------------------------------------
validation loss: 0.16668, accuracy: 84.11
epoch: [6], step: [41/1543], batch loss: 0.17970, batch accuracy: 84.84, data load time: 0.03257, step time: 0.07168
epoch: [6], step: [141/1543], batch loss: 0.13020, batch accuracy: 86.27, data load time: 0.06169, step time: 0.06728
epoch: [6], step: [241/1543], batch loss: 0.13932, batch accuracy: 84.69, data load time: 0.06834, step time: 0.06687
epoch: [6], step: [341/1543], batch loss: 0.16459, batch accuracy: 90.28, data load time: 0.05496, step time: 0.06848
epoch: [6], step: [441/1543], batch loss: 0.14999, batch accuracy: 87.39, data load time: 0.04692, step time: 0.07207
epoch: [6], step: [541/1543], batch loss: 0.20072, batch accuracy: 85.04, data load time: 0.06815, step time: 0.07268
epoch: [6], step: [641/1543], batch loss: 0.21176, batch accuracy: 86.64, data load time: 0.06677, step time: 0.07213
epoch: [6], step: [741/1543], batch loss: 0.21734, batch accuracy: 82.42, data load time: 0.08241, step time: 0.07350
epoch: [6], step: [841/1543], batch loss: 0.13425, batch accuracy: 89.13, data load time: 0.05734, step time: 0.06985
epoch: [6], step: [941/1543], batch loss: 0.14392, batch accuracy: 90.16, data load time: 0.10978, step time: 0.06857
epoch: [6], step: [1041/1543], batch loss: 0.17927, batch accuracy: 88.38, data load time: 0.07486, step time: 0.07354
epoch: [6], step: [1141/1543], batch loss: 0.15180, batch accuracy: 85.17, data load time: 0.10019, step time: 0.06901
epoch: [6], step: [1241/1543], batch loss: 0.18036, batch accuracy: 82.35, data load time: 0.05329, step time: 0.06797
epoch: [6], step: [1341/1543], batch loss: 0.16032, batch accuracy: 80.72, data load time: 0.09009, step time: 0.06618
epoch: [6], step: [1441/1543], batch loss: 0.18011, batch accuracy: 87.23, data load time: 0.01860, step time: 0.07232
epoch: [6], step: [1541/1543], batch loss: 0.14325, batch accuracy: 87.93, data load time: 0.02731, step time: 0.07054
EVALUATION METRICS:
-------------------------------------------------------------

Validation AUC Score: 0.8408

-------------------------------------------------------------
validation loss: 0.16665, accuracy: 84.08
epoch: [7], step: [98/1543], batch loss: 0.19600, batch accuracy: 85.71, data load time: 0.01420, step time: 0.07053
epoch: [7], step: [198/1543], batch loss: 0.14906, batch accuracy: 88.50, data load time: 0.07429, step time: 0.07144
epoch: [7], step: [298/1543], batch loss: 0.14424, batch accuracy: 91.71, data load time: 0.04439, step time: 0.06643
epoch: [7], step: [398/1543], batch loss: 0.15538, batch accuracy: 85.19, data load time: 0.05408, step time: 0.07027
epoch: [7], step: [498/1543], batch loss: 0.20037, batch accuracy: 71.79, data load time: 0.02465, step time: 0.07115
epoch: [7], step: [598/1543], batch loss: 0.20533, batch accuracy: 83.73, data load time: 0.05550, step time: 0.07266
epoch: [7], step: [698/1543], batch loss: 0.17925, batch accuracy: 84.47, data load time: 0.05464, step time: 0.07000
epoch: [7], step: [798/1543], batch loss: 0.18701, batch accuracy: 84.60, data load time: 0.06163, step time: 0.07200
epoch: [7], step: [898/1543], batch loss: 0.13188, batch accuracy: 92.96, data load time: 0.06076, step time: 0.07293
epoch: [7], step: [998/1543], batch loss: 0.17300, batch accuracy: 94.49, data load time: 0.13302, step time: 0.07123
epoch: [7], step: [1098/1543], batch loss: 0.15032, batch accuracy: 88.04, data load time: 0.06775, step time: 0.07027
epoch: [7], step: [1198/1543], batch loss: 0.11442, batch accuracy: 89.08, data load time: 0.11162, step time: 0.06792
epoch: [7], step: [1298/1543], batch loss: 0.13784, batch accuracy: 92.39, data load time: 0.06482, step time: 0.07052
epoch: [7], step: [1398/1543], batch loss: 0.12340, batch accuracy: 90.84, data load time: 0.07126, step time: 0.06564
epoch: [7], step: [1498/1543], batch loss: 0.14039, batch accuracy: 88.89, data load time: 0.06133, step time: 0.06721
EVALUATION METRICS:
-------------------------------------------------------------

Validation AUC Score: 0.8420

-------------------------------------------------------------
validation loss: 0.17290, accuracy: 84.20
epoch: [8], step: [55/1543], batch loss: 0.11747, batch accuracy: 89.41, data load time: 0.05126, step time: 0.06943
epoch: [8], step: [155/1543], batch loss: 0.15048, batch accuracy: 80.79, data load time: 0.04380, step time: 0.06949
epoch: [8], step: [255/1543], batch loss: 0.14750, batch accuracy: 84.59, data load time: 0.04227, step time: 0.06699
epoch: [8], step: [355/1543], batch loss: 0.16490, batch accuracy: 88.88, data load time: 0.09041, step time: 0.07137
epoch: [8], step: [455/1543], batch loss: 0.12694, batch accuracy: 93.48, data load time: 0.07251, step time: 0.06644
epoch: [8], step: [555/1543], batch loss: 0.14428, batch accuracy: 84.89, data load time: 0.23675, step time: 0.07072
epoch: [8], step: [655/1543], batch loss: 0.13861, batch accuracy: 86.92, data load time: 0.05199, step time: 0.06747
epoch: [8], step: [755/1543], batch loss: 0.12298, batch accuracy: 94.61, data load time: 0.11797, step time: 0.07076
epoch: [8], step: [855/1543], batch loss: 0.15872, batch accuracy: 91.22, data load time: 0.10915, step time: 0.07171
epoch: [8], step: [955/1543], batch loss: 0.14273, batch accuracy: 85.91, data load time: 0.06750, step time: 0.06941
epoch: [8], step: [1055/1543], batch loss: 0.15657, batch accuracy: 86.41, data load time: 0.06982, step time: 0.07342
epoch: [8], step: [1155/1543], batch loss: 0.13590, batch accuracy: 92.10, data load time: 0.07977, step time: 0.06944
epoch: [8], step: [1255/1543], batch loss: 0.13556, batch accuracy: 92.99, data load time: 0.10685, step time: 0.07009
epoch: [8], step: [1355/1543], batch loss: 0.19263, batch accuracy: 78.07, data load time: 0.07127, step time: 0.07154
epoch: [8], step: [1455/1543], batch loss: 0.18186, batch accuracy: 84.56, data load time: 0.08806, step time: 0.07193
EVALUATION METRICS:
-------------------------------------------------------------

Validation AUC Score: 0.8549

-------------------------------------------------------------
validation loss: 0.16133, accuracy: 85.49
epoch: [9], step: [12/1543], batch loss: 0.12625, batch accuracy: 89.33, data load time: 0.06789, step time: 0.07070
epoch: [9], step: [112/1543], batch loss: 0.17232, batch accuracy: 86.77, data load time: 0.08240, step time: 0.07158
epoch: [9], step: [212/1543], batch loss: 0.10926, batch accuracy: 93.58, data load time: 0.04262, step time: 0.06705
epoch: [9], step: [312/1543], batch loss: 0.13879, batch accuracy: 88.73, data load time: 0.06773, step time: 0.06760
epoch: [9], step: [412/1543], batch loss: 0.15703, batch accuracy: 87.50, data load time: 0.08935, step time: 0.07291
epoch: [9], step: [512/1543], batch loss: 0.14824, batch accuracy: 89.60, data load time: 0.11049, step time: 0.06864
epoch: [9], step: [612/1543], batch loss: 0.18805, batch accuracy: 86.00, data load time: 0.06160, step time: 0.07679
epoch: [9], step: [712/1543], batch loss: 0.18162, batch accuracy: 89.42, data load time: 0.05857, step time: 0.07443
epoch: [9], step: [812/1543], batch loss: 0.14025, batch accuracy: 91.70, data load time: 0.08866, step time: 0.06923
epoch: [9], step: [912/1543], batch loss: 0.18128, batch accuracy: 88.06, data load time: 0.05410, step time: 0.07145
epoch: [9], step: [1012/1543], batch loss: 0.15346, batch accuracy: 85.83, data load time: 0.04785, step time: 0.07009
epoch: [9], step: [1112/1543], batch loss: 0.19631, batch accuracy: 72.75, data load time: 0.03259, step time: 0.06792
epoch: [9], step: [1212/1543], batch loss: 0.13793, batch accuracy: 87.87, data load time: 0.03714, step time: 0.06885
epoch: [9], step: [1312/1543], batch loss: 0.19259, batch accuracy: 85.41, data load time: 0.09359, step time: 0.07450
epoch: [9], step: [1412/1543], batch loss: 0.10860, batch accuracy: 94.33, data load time: 0.11106, step time: 0.06925
epoch: [9], step: [1512/1543], batch loss: 0.16371, batch accuracy: 84.49, data load time: 0.08787, step time: 0.07080
EVALUATION METRICS:
-------------------------------------------------------------

Validation AUC Score: 0.8631

-------------------------------------------------------------
validation loss: 0.15021, accuracy: 86.31
epoch: [10], step: [69/1543], batch loss: 0.14756, batch accuracy: 83.31, data load time: 0.04792, step time: 0.06700
epoch: [10], step: [169/1543], batch loss: 0.13697, batch accuracy: 91.06, data load time: 0.04574, step time: 0.06924
epoch: [10], step: [269/1543], batch loss: 0.12740, batch accuracy: 84.85, data load time: 0.06888, step time: 0.06577
epoch: [10], step: [369/1543], batch loss: 0.23522, batch accuracy: 77.78, data load time: 0.05248, step time: 0.07017
epoch: [10], step: [469/1543], batch loss: 0.14847, batch accuracy: 86.15, data load time: 0.02371, step time: 0.06961
epoch: [10], step: [569/1543], batch loss: 0.22483, batch accuracy: 87.97, data load time: 0.03118, step time: 0.07633
epoch: [10], step: [669/1543], batch loss: 0.16686, batch accuracy: 91.03, data load time: 0.05160, step time: 0.07224
epoch: [10], step: [769/1543], batch loss: 0.13969, batch accuracy: 93.14, data load time: 0.07688, step time: 0.06700
epoch: [10], step: [869/1543], batch loss: 0.17424, batch accuracy: 87.43, data load time: 0.03353, step time: 0.06842
epoch: [10], step: [969/1543], batch loss: 0.12666, batch accuracy: 88.34, data load time: 0.10576, step time: 0.06929
epoch: [10], step: [1069/1543], batch loss: 0.14670, batch accuracy: 87.85, data load time: 0.04430, step time: 0.06715
epoch: [10], step: [1169/1543], batch loss: 0.15578, batch accuracy: 84.78, data load time: 0.04471, step time: 0.07140
epoch: [10], step: [1269/1543], batch loss: 0.17325, batch accuracy: 83.48, data load time: 0.04518, step time: 0.07239
epoch: [10], step: [1369/1543], batch loss: 0.15261, batch accuracy: 92.71, data load time: 0.06604, step time: 0.07346
epoch: [10], step: [1469/1543], batch loss: 0.16189, batch accuracy: 85.75, data load time: 0.09660, step time: 0.07142
EVALUATION METRICS:
-------------------------------------------------------------

Validation AUC Score: 0.8426

-------------------------------------------------------------
validation loss: 0.17648, accuracy: 84.26
epoch: [11], step: [26/1543], batch loss: 0.10678, batch accuracy: 92.08, data load time: 0.01381, step time: 0.06932
epoch: [11], step: [126/1543], batch loss: 0.17566, batch accuracy: 90.64, data load time: 0.02608, step time: 0.07340
epoch: [11], step: [226/1543], batch loss: 0.13765, batch accuracy: 89.73, data load time: 0.03726, step time: 0.06987
epoch: [11], step: [326/1543], batch loss: 0.11343, batch accuracy: 91.99, data load time: 0.05488, step time: 0.06649
epoch: [11], step: [426/1543], batch loss: 0.13705, batch accuracy: 91.51, data load time: 0.03091, step time: 0.07197
epoch: [11], step: [526/1543], batch loss: 0.18508, batch accuracy: 79.77, data load time: 0.03222, step time: 0.06837
epoch: [11], step: [626/1543], batch loss: 0.20223, batch accuracy: 86.58, data load time: 0.01601, step time: 0.07558
epoch: [11], step: [726/1543], batch loss: 0.18559, batch accuracy: 85.74, data load time: 0.03289, step time: 0.07277
epoch: [11], step: [826/1543], batch loss: 0.21060, batch accuracy: 82.66, data load time: 0.01877, step time: 0.07462
epoch: [11], step: [926/1543], batch loss: 0.14895, batch accuracy: 91.35, data load time: 0.06463, step time: 0.06984
epoch: [11], step: [1026/1543], batch loss: 0.15406, batch accuracy: 87.59, data load time: 0.03691, step time: 0.07110
epoch: [11], step: [1126/1543], batch loss: 0.11356, batch accuracy: 86.36, data load time: 0.06941, step time: 0.06563
epoch: [11], step: [1226/1543], batch loss: 0.19151, batch accuracy: 81.26, data load time: 0.06361, step time: 0.07280
epoch: [11], step: [1326/1543], batch loss: 0.15020, batch accuracy: 94.24, data load time: 0.04485, step time: 0.07444
epoch: [11], step: [1426/1543], batch loss: 0.14227, batch accuracy: 90.28, data load time: 0.07961, step time: 0.07015
epoch: [11], step: [1526/1543], batch loss: 0.15900, batch accuracy: 87.98, data load time: 0.05964, step time: 0.06861
EVALUATION METRICS:
-------------------------------------------------------------

Validation AUC Score: 0.8524

-------------------------------------------------------------
validation loss: 0.17256, accuracy: 85.24
epoch: [12], step: [83/1543], batch loss: 0.13674, batch accuracy: 92.36, data load time: 0.01073, step time: 0.07255
epoch: [12], step: [183/1543], batch loss: 0.15012, batch accuracy: 86.79, data load time: 0.05839, step time: 0.06961
epoch: [12], step: [283/1543], batch loss: 0.10611, batch accuracy: 94.41, data load time: 0.05333, step time: 0.06866
epoch: [12], step: [383/1543], batch loss: 0.08974, batch accuracy: 94.41, data load time: 0.01658, step time: 0.06852
epoch: [12], step: [483/1543], batch loss: 0.13566, batch accuracy: 87.25, data load time: 0.04754, step time: 0.06724
epoch: [12], step: [583/1543], batch loss: 0.14835, batch accuracy: 94.32, data load time: 0.06111, step time: 0.07140
epoch: [12], step: [683/1543], batch loss: 0.18639, batch accuracy: 88.05, data load time: 0.05074, step time: 0.06790
epoch: [12], step: [783/1543], batch loss: 0.14750, batch accuracy: 88.95, data load time: 0.06573, step time: 0.07001
epoch: [12], step: [883/1543], batch loss: 0.14644, batch accuracy: 90.32, data load time: 0.03055, step time: 0.07272
epoch: [12], step: [983/1543], batch loss: 0.14162, batch accuracy: 93.12, data load time: 0.10990, step time: 0.06992
epoch: [12], step: [1083/1543], batch loss: 0.09498, batch accuracy: 95.14, data load time: 0.05287, step time: 0.06553
epoch: [12], step: [1183/1543], batch loss: 0.10790, batch accuracy: 93.52, data load time: 0.05557, step time: 0.06918
epoch: [12], step: [1283/1543], batch loss: 0.14281, batch accuracy: 93.18, data load time: 0.07828, step time: 0.07055
epoch: [12], step: [1383/1543], batch loss: 0.13718, batch accuracy: 91.44, data load time: 0.09485, step time: 0.07365
epoch: [12], step: [1483/1543], batch loss: 0.16053, batch accuracy: 89.98, data load time: 0.06913, step time: 0.07302
EVALUATION METRICS:
-------------------------------------------------------------

Validation AUC Score: 0.7808

-------------------------------------------------------------
validation loss: 0.27921, accuracy: 78.08
epoch: [13], step: [40/1543], batch loss: 0.14666, batch accuracy: 91.36, data load time: 0.05853, step time: 0.07130
epoch: [13], step: [140/1543], batch loss: 0.12073, batch accuracy: 88.02, data load time: 0.06335, step time: 0.06638
epoch: [13], step: [240/1543], batch loss: 0.12520, batch accuracy: 94.42, data load time: 0.04932, step time: 0.06856
epoch: [13], step: [340/1543], batch loss: 0.15410, batch accuracy: 88.29, data load time: 0.06798, step time: 0.06856
epoch: [13], step: [440/1543], batch loss: 0.10604, batch accuracy: 93.13, data load time: 0.04296, step time: 0.06943
epoch: [13], step: [540/1543], batch loss: 0.14936, batch accuracy: 92.81, data load time: 0.08741, step time: 0.06802
epoch: [13], step: [640/1543], batch loss: 0.18224, batch accuracy: 89.73, data load time: 0.04208, step time: 0.07422
epoch: [13], step: [740/1543], batch loss: 0.14789, batch accuracy: 91.24, data load time: 0.05040, step time: 0.07296
epoch: [13], step: [840/1543], batch loss: 0.12596, batch accuracy: 93.19, data load time: 0.06339, step time: 0.06835
epoch: [13], step: [940/1543], batch loss: 0.17022, batch accuracy: 86.40, data load time: 0.04732, step time: 0.07052
epoch: [13], step: [1040/1543], batch loss: 0.18173, batch accuracy: 90.58, data load time: 0.06017, step time: 0.07300
epoch: [13], step: [1140/1543], batch loss: 0.10168, batch accuracy: 96.11, data load time: 0.06305, step time: 0.06994
epoch: [13], step: [1240/1543], batch loss: 0.18568, batch accuracy: 87.84, data load time: 0.06399, step time: 0.07404
epoch: [13], step: [1340/1543], batch loss: 0.12104, batch accuracy: 82.35, data load time: 0.08977, step time: 0.06347
epoch: [13], step: [1440/1543], batch loss: 0.11744, batch accuracy: 95.06, data load time: 0.09434, step time: 0.06994
epoch: [13], step: [1540/1543], batch loss: 0.16052, batch accuracy: 88.06, data load time: 0.11902, step time: 0.07088
EVALUATION METRICS:
-------------------------------------------------------------

Validation AUC Score: 0.8319

-------------------------------------------------------------
validation loss: 0.17885, accuracy: 83.19
epoch: [14], step: [97/1543], batch loss: 0.14502, batch accuracy: 87.38, data load time: 0.02789, step time: 0.06772
epoch: [14], step: [197/1543], batch loss: 0.13099, batch accuracy: 94.23, data load time: 0.01744, step time: 0.07054
epoch: [14], step: [297/1543], batch loss: 0.14350, batch accuracy: 91.17, data load time: 0.05354, step time: 0.07276
epoch: [14], step: [397/1543], batch loss: 0.12640, batch accuracy: 92.04, data load time: 0.01326, step time: 0.07256
epoch: [14], step: [497/1543], batch loss: 0.11924, batch accuracy: 93.45, data load time: 0.01832, step time: 0.07057
epoch: [14], step: [597/1543], batch loss: 0.15701, batch accuracy: 87.56, data load time: 0.04291, step time: 0.06860
epoch: [14], step: [697/1543], batch loss: 0.20374, batch accuracy: 82.82, data load time: 0.01701, step time: 0.07141
epoch: [14], step: [797/1543], batch loss: 0.13490, batch accuracy: 88.02, data load time: 0.06938, step time: 0.06686
epoch: [14], step: [897/1543], batch loss: 0.14329, batch accuracy: 90.61, data load time: 0.03415, step time: 0.06936
epoch: [14], step: [997/1543], batch loss: 0.14528, batch accuracy: 92.36, data load time: 0.01737, step time: 0.07187
epoch: [14], step: [1097/1543], batch loss: 0.13058, batch accuracy: 91.13, data load time: 0.05826, step time: 0.07149
epoch: [14], step: [1197/1543], batch loss: 0.09548, batch accuracy: 89.06, data load time: 0.08220, step time: 0.06339
epoch: [14], step: [1297/1543], batch loss: 0.11010, batch accuracy: 92.78, data load time: 0.03980, step time: 0.06707
epoch: [14], step: [1397/1543], batch loss: 0.13207, batch accuracy: 88.45, data load time: 0.06348, step time: 0.06964
epoch: [14], step: [1497/1543], batch loss: 0.18795, batch accuracy: 83.18, data load time: 0.04847, step time: 0.06998
EVALUATION METRICS:
-------------------------------------------------------------

Validation AUC Score: 0.8748

-------------------------------------------------------------
validation loss: 0.14597, accuracy: 87.48
epoch: [15], step: [54/1543], batch loss: 0.13092, batch accuracy: 93.47, data load time: 0.05957, step time: 0.06989
epoch: [15], step: [154/1543], batch loss: 0.11845, batch accuracy: 89.02, data load time: 0.06814, step time: 0.06815
epoch: [15], step: [254/1543], batch loss: 0.15220, batch accuracy: 90.60, data load time: 0.01476, step time: 0.06959
epoch: [15], step: [354/1543], batch loss: 0.12259, batch accuracy: 96.53, data load time: 0.09089, step time: 0.06973
epoch: [15], step: [454/1543], batch loss: 0.15852, batch accuracy: 90.25, data load time: 0.05602, step time: 0.07073
epoch: [15], step: [554/1543], batch loss: 0.15258, batch accuracy: 90.89, data load time: 0.03992, step time: 0.07515
epoch: [15], step: [654/1543], batch loss: 0.14583, batch accuracy: 90.83, data load time: 0.02609, step time: 0.07291
epoch: [15], step: [754/1543], batch loss: 0.15292, batch accuracy: 81.98, data load time: 0.03899, step time: 0.07254
epoch: [15], step: [854/1543], batch loss: 0.13784, batch accuracy: 89.67, data load time: 0.07435, step time: 0.07284
epoch: [15], step: [954/1543], batch loss: 0.09849, batch accuracy: 94.44, data load time: 0.04891, step time: 0.06583
epoch: [15], step: [1054/1543], batch loss: 0.16454, batch accuracy: 92.10, data load time: 0.05759, step time: 0.07497
epoch: [15], step: [1154/1543], batch loss: 0.11140, batch accuracy: 94.01, data load time: 0.08738, step time: 0.06941
epoch: [15], step: [1254/1543], batch loss: 0.14208, batch accuracy: 93.62, data load time: 0.06817, step time: 0.07271
epoch: [15], step: [1354/1543], batch loss: 0.17503, batch accuracy: 90.47, data load time: 0.05749, step time: 0.07555
epoch: [15], step: [1454/1543], batch loss: 0.11106, batch accuracy: 94.38, data load time: 0.06356, step time: 0.07060
Epoch 00016: reducing learning rate of group 0 to 2.5000e-03.
EVALUATION METRICS:
-------------------------------------------------------------

Validation AUC Score: 0.8650

-------------------------------------------------------------
validation loss: 0.15152, accuracy: 86.50
epoch: [16], step: [11/1543], batch loss: 0.17063, batch accuracy: 81.25, data load time: 0.03328, step time: 0.06957
epoch: [16], step: [111/1543], batch loss: 0.17913, batch accuracy: 85.51, data load time: 0.03473, step time: 0.07347
epoch: [16], step: [211/1543], batch loss: 0.16692, batch accuracy: 80.45, data load time: 0.06295, step time: 0.07217
epoch: [16], step: [311/1543], batch loss: 0.09087, batch accuracy: 95.56, data load time: 0.12465, step time: 0.06594
epoch: [16], step: [411/1543], batch loss: 0.13754, batch accuracy: 95.03, data load time: 0.06862, step time: 0.07401
epoch: [16], step: [511/1543], batch loss: 0.13357, batch accuracy: 90.96, data load time: 0.09373, step time: 0.07403
epoch: [16], step: [611/1543], batch loss: 0.13135, batch accuracy: 93.87, data load time: 0.07073, step time: 0.07498
epoch: [16], step: [711/1543], batch loss: 0.15902, batch accuracy: 91.03, data load time: 0.08092, step time: 0.07429
epoch: [16], step: [811/1543], batch loss: 0.15551, batch accuracy: 82.41, data load time: 0.07482, step time: 0.07007
epoch: [16], step: [911/1543], batch loss: 0.14941, batch accuracy: 91.16, data load time: 0.11508, step time: 0.07645
epoch: [16], step: [1011/1543], batch loss: 0.12501, batch accuracy: 88.62, data load time: 0.10032, step time: 0.06999
epoch: [16], step: [1111/1543], batch loss: 0.13275, batch accuracy: 88.49, data load time: 0.07504, step time: 0.06630
epoch: [16], step: [1211/1543], batch loss: 0.17752, batch accuracy: 87.64, data load time: 0.11154, step time: 0.07358
epoch: [16], step: [1311/1543], batch loss: 0.15079, batch accuracy: 84.58, data load time: 0.08695, step time: 0.06925
epoch: [16], step: [1411/1543], batch loss: 0.11308, batch accuracy: 95.52, data load time: 0.14328, step time: 0.07244
epoch: [16], step: [1511/1543], batch loss: 0.11866, batch accuracy: 95.11, data load time: 0.04054, step time: 0.07195
EVALUATION METRICS:
-------------------------------------------------------------

Validation AUC Score: 0.8836

-------------------------------------------------------------
validation loss: 0.13579, accuracy: 88.36
epoch: [17], step: [68/1543], batch loss: 0.11133, batch accuracy: 92.08, data load time: 0.05550, step time: 0.06562
epoch: [17], step: [168/1543], batch loss: 0.13485, batch accuracy: 86.86, data load time: 0.07732, step time: 0.06864
epoch: [17], step: [268/1543], batch loss: 0.16441, batch accuracy: 92.10, data load time: 0.07285, step time: 0.07428
epoch: [17], step: [368/1543], batch loss: 0.12710, batch accuracy: 90.92, data load time: 0.03479, step time: 0.07295
epoch: [17], step: [468/1543], batch loss: 0.17560, batch accuracy: 88.31, data load time: 0.07653, step time: 0.07114
epoch: [17], step: [568/1543], batch loss: 0.11074, batch accuracy: 94.44, data load time: 0.11609, step time: 0.07266
epoch: [17], step: [668/1543], batch loss: 0.12509, batch accuracy: 87.04, data load time: 0.05153, step time: 0.07134
epoch: [17], step: [768/1543], batch loss: 0.15226, batch accuracy: 92.47, data load time: 0.03840, step time: 0.07280
epoch: [17], step: [868/1543], batch loss: 0.12241, batch accuracy: 89.93, data load time: 0.09473, step time: 0.07095
epoch: [17], step: [968/1543], batch loss: 0.16068, batch accuracy: 94.81, data load time: 0.05544, step time: 0.07353
epoch: [17], step: [1068/1543], batch loss: 0.14214, batch accuracy: 95.91, data load time: 0.06524, step time: 0.07556
epoch: [17], step: [1168/1543], batch loss: 0.09048, batch accuracy: 95.14, data load time: 0.08729, step time: 0.06763
epoch: [17], step: [1268/1543], batch loss: 0.17079, batch accuracy: 88.62, data load time: 0.05914, step time: 0.07452
epoch: [17], step: [1368/1543], batch loss: 0.11502, batch accuracy: 88.09, data load time: 0.04666, step time: 0.06978
epoch: [17], step: [1468/1543], batch loss: 0.13925, batch accuracy: 94.46, data load time: 0.10696, step time: 0.07483
EVALUATION METRICS:
-------------------------------------------------------------

Validation AUC Score: 0.8843

-------------------------------------------------------------
validation loss: 0.13644, accuracy: 88.43
epoch: [18], step: [25/1543], batch loss: 0.14296, batch accuracy: 89.31, data load time: 0.04158, step time: 0.07128
epoch: [18], step: [125/1543], batch loss: 0.09015, batch accuracy: 95.24, data load time: 0.02075, step time: 0.06601
epoch: [18], step: [225/1543], batch loss: 0.14969, batch accuracy: 93.54, data load time: 0.03371, step time: 0.07420
epoch: [18], step: [325/1543], batch loss: 0.13987, batch accuracy: 91.86, data load time: 0.02394, step time: 0.07125
epoch: [18], step: [425/1543], batch loss: 0.12773, batch accuracy: 95.85, data load time: 0.02326, step time: 0.06999
epoch: [18], step: [525/1543], batch loss: 0.16246, batch accuracy: 89.76, data load time: 0.03678, step time: 0.07419
epoch: [18], step: [625/1543], batch loss: 0.13315, batch accuracy: 91.53, data load time: 0.04121, step time: 0.07213
epoch: [18], step: [725/1543], batch loss: 0.13651, batch accuracy: 93.19, data load time: 0.01694, step time: 0.06834
epoch: [18], step: [825/1543], batch loss: 0.16024, batch accuracy: 93.17, data load time: 0.06208, step time: 0.06831
epoch: [18], step: [925/1543], batch loss: 0.11874, batch accuracy: 92.55, data load time: 0.02030, step time: 0.06970
epoch: [18], step: [1025/1543], batch loss: 0.18637, batch accuracy: 80.24, data load time: 0.02931, step time: 0.07106
epoch: [18], step: [1125/1543], batch loss: 0.12747, batch accuracy: 97.82, data load time: 0.09591, step time: 0.07118
epoch: [18], step: [1225/1543], batch loss: 0.18305, batch accuracy: 92.34, data load time: 0.08181, step time: 0.07400
epoch: [18], step: [1325/1543], batch loss: 0.11799, batch accuracy: 93.78, data load time: 0.08055, step time: 0.06858
epoch: [18], step: [1425/1543], batch loss: 0.10881, batch accuracy: 95.63, data load time: 0.06966, step time: 0.07040
epoch: [18], step: [1525/1543], batch loss: 0.12047, batch accuracy: 88.41, data load time: 0.13999, step time: 0.06707
EVALUATION METRICS:
-------------------------------------------------------------

Validation AUC Score: 0.8850

-------------------------------------------------------------
validation loss: 0.13565, accuracy: 88.50
epoch: [19], step: [82/1543], batch loss: 0.15499, batch accuracy: 90.58, data load time: 0.07040, step time: 0.07209
epoch: [19], step: [182/1543], batch loss: 0.12719, batch accuracy: 93.56, data load time: 0.09237, step time: 0.06628
epoch: [19], step: [282/1543], batch loss: 0.12562, batch accuracy: 97.23, data load time: 0.06495, step time: 0.07274
epoch: [19], step: [382/1543], batch loss: 0.12067, batch accuracy: 94.90, data load time: 0.04906, step time: 0.07478
epoch: [19], step: [482/1543], batch loss: 0.19813, batch accuracy: 88.51, data load time: 0.11634, step time: 0.07684
epoch: [19], step: [582/1543], batch loss: 0.11564, batch accuracy: 93.45, data load time: 0.09163, step time: 0.07465
epoch: [19], step: [682/1543], batch loss: 0.10352, batch accuracy: 96.69, data load time: 0.20711, step time: 0.07105
epoch: [19], step: [782/1543], batch loss: 0.09124, batch accuracy: 97.50, data load time: 0.16464, step time: 0.06956
epoch: [19], step: [882/1543], batch loss: 0.13471, batch accuracy: 92.72, data load time: 0.12235, step time: 0.07353
epoch: [19], step: [982/1543], batch loss: 0.11677, batch accuracy: 93.39, data load time: 0.12537, step time: 0.07357
epoch: [19], step: [1082/1543], batch loss: 0.13136, batch accuracy: 88.30, data load time: 0.12872, step time: 0.06993
epoch: [19], step: [1182/1543], batch loss: 0.11532, batch accuracy: 91.18, data load time: 0.15187, step time: 0.07010
epoch: [19], step: [1282/1543], batch loss: 0.11768, batch accuracy: 88.56, data load time: 0.13737, step time: 0.07415
epoch: [19], step: [1382/1543], batch loss: 0.09648, batch accuracy: 91.96, data load time: 0.13056, step time: 0.07220
epoch: [19], step: [1482/1543], batch loss: 0.14839, batch accuracy: 91.91, data load time: 0.13589, step time: 0.07503
EVALUATION METRICS:
-------------------------------------------------------------

Validation AUC Score: 0.8853

-------------------------------------------------------------
validation loss: 0.13422, accuracy: 88.53
epoch: [20], step: [39/1543], batch loss: 0.11206, batch accuracy: 90.29, data load time: 0.12426, step time: 0.06943
epoch: [20], step: [139/1543], batch loss: 0.09983, batch accuracy: 89.13, data load time: 0.10039, step time: 0.06936
epoch: [20], step: [239/1543], batch loss: 0.13209, batch accuracy: 93.70, data load time: 0.11399, step time: 0.07712
epoch: [20], step: [339/1543], batch loss: 0.19418, batch accuracy: 90.68, data load time: 0.14142, step time: 0.07361
epoch: [20], step: [439/1543], batch loss: 0.12660, batch accuracy: 93.70, data load time: 0.08726, step time: 0.07359
epoch: [20], step: [539/1543], batch loss: 0.12485, batch accuracy: 88.70, data load time: 0.13098, step time: 0.07092
epoch: [20], step: [639/1543], batch loss: 0.10919, batch accuracy: 93.41, data load time: 0.12336, step time: 0.07468
epoch: [20], step: [739/1543], batch loss: 0.16508, batch accuracy: 93.60, data load time: 0.12016, step time: 0.07774
epoch: [20], step: [839/1543], batch loss: 0.10972, batch accuracy: 90.23, data load time: 0.09899, step time: 0.07211
epoch: [20], step: [939/1543], batch loss: 0.13182, batch accuracy: 85.69, data load time: 0.12028, step time: 0.07090
epoch: [20], step: [1039/1543], batch loss: 0.16766, batch accuracy: 91.66, data load time: 0.14223, step time: 0.07648
epoch: [20], step: [1139/1543], batch loss: 0.09641, batch accuracy: 94.57, data load time: 0.10869, step time: 0.06924
epoch: [20], step: [1239/1543], batch loss: 0.14615, batch accuracy: 90.13, data load time: 0.12623, step time: 0.07212
epoch: [20], step: [1339/1543], batch loss: 0.08518, batch accuracy: 96.42, data load time: 0.15916, step time: 0.07156
epoch: [20], step: [1439/1543], batch loss: 0.12532, batch accuracy: 91.14, data load time: 0.14102, step time: 0.07383
epoch: [20], step: [1539/1543], batch loss: 0.11960, batch accuracy: 92.00, data load time: 0.22195, step time: 0.07156
EVALUATION METRICS:
-------------------------------------------------------------

Validation AUC Score: 0.8850

-------------------------------------------------------------
validation loss: 0.13560, accuracy: 88.50
epoch: [21], step: [96/1543], batch loss: 0.11889, batch accuracy: 91.89, data load time: 0.07259, step time: 0.07139
epoch: [21], step: [196/1543], batch loss: 0.16347, batch accuracy: 88.72, data load time: 0.05122, step time: 0.07222
epoch: [21], step: [296/1543], batch loss: 0.12469, batch accuracy: 92.71, data load time: 0.07314, step time: 0.06995
epoch: [21], step: [396/1543], batch loss: 0.13263, batch accuracy: 89.12, data load time: 0.16462, step time: 0.07230
epoch: [21], step: [496/1543], batch loss: 0.10744, batch accuracy: 97.66, data load time: 0.14114, step time: 0.07127
epoch: [21], step: [596/1543], batch loss: 0.11282, batch accuracy: 95.01, data load time: 0.12993, step time: 0.07416
epoch: [21], step: [696/1543], batch loss: 0.13588, batch accuracy: 94.29, data load time: 0.12525, step time: 0.07348
epoch: [21], step: [796/1543], batch loss: 0.11585, batch accuracy: 92.85, data load time: 0.13995, step time: 0.07145
epoch: [21], step: [896/1543], batch loss: 0.13062, batch accuracy: 87.09, data load time: 0.12637, step time: 0.07359
epoch: [21], step: [996/1543], batch loss: 0.11750, batch accuracy: 92.65, data load time: 0.12510, step time: 0.07362
epoch: [21], step: [1096/1543], batch loss: 0.17175, batch accuracy: 84.02, data load time: 0.12578, step time: 0.06904
epoch: [21], step: [1196/1543], batch loss: 0.16156, batch accuracy: 88.92, data load time: 0.12489, step time: 0.07712
epoch: [21], step: [1296/1543], batch loss: 0.09597, batch accuracy: 93.44, data load time: 0.12438, step time: 0.06798
epoch: [21], step: [1396/1543], batch loss: 0.14297, batch accuracy: 89.08, data load time: 0.12987, step time: 0.07230
epoch: [21], step: [1496/1543], batch loss: 0.11617, batch accuracy: 95.91, data load time: 0.14413, step time: 0.06938
Epoch 00022: reducing learning rate of group 0 to 1.2500e-04.
EVALUATION METRICS:
-------------------------------------------------------------

Validation AUC Score: 0.8836

-------------------------------------------------------------
validation loss: 0.13736, accuracy: 88.36
epoch: [22], step: [53/1543], batch loss: 0.12942, batch accuracy: 92.75, data load time: 0.16708, step time: 0.07319
epoch: [22], step: [153/1543], batch loss: 0.15195, batch accuracy: 77.51, data load time: 0.15055, step time: 0.07073
epoch: [22], step: [253/1543], batch loss: 0.11927, batch accuracy: 91.77, data load time: 0.07073, step time: 0.07214
epoch: [22], step: [353/1543], batch loss: 0.10917, batch accuracy: 90.69, data load time: 0.12691, step time: 0.07453
epoch: [22], step: [453/1543], batch loss: 0.12381, batch accuracy: 90.33, data load time: 0.12910, step time: 0.07215
epoch: [22], step: [553/1543], batch loss: 0.15707, batch accuracy: 92.51, data load time: 0.08832, step time: 0.07552
epoch: [22], step: [653/1543], batch loss: 0.12055, batch accuracy: 93.80, data load time: 0.11285, step time: 0.07494
epoch: [22], step: [753/1543], batch loss: 0.09454, batch accuracy: 92.59, data load time: 0.20011, step time: 0.07078
epoch: [22], step: [853/1543], batch loss: 0.11933, batch accuracy: 94.22, data load time: 0.16048, step time: 0.07450
epoch: [22], step: [953/1543], batch loss: 0.08721, batch accuracy: 99.04, data load time: 0.18022, step time: 0.06728
epoch: [22], step: [1053/1543], batch loss: 0.12029, batch accuracy: 94.62, data load time: 0.17459, step time: 0.07505
epoch: [22], step: [1153/1543], batch loss: 0.14166, batch accuracy: 93.69, data load time: 0.11783, step time: 0.07571
epoch: [22], step: [1253/1543], batch loss: 0.12952, batch accuracy: 83.85, data load time: 0.17307, step time: 0.07166
epoch: [22], step: [1353/1543], batch loss: 0.13286, batch accuracy: 95.55, data load time: 0.13495, step time: 0.07822
epoch: [22], step: [1453/1543], batch loss: 0.14469, batch accuracy: 89.56, data load time: 0.17068, step time: 0.07819
EVALUATION METRICS:
-------------------------------------------------------------

Validation AUC Score: 0.8849

-------------------------------------------------------------
validation loss: 0.13642, accuracy: 88.49
epoch: [23], step: [10/1543], batch loss: 0.15676, batch accuracy: 91.06, data load time: 0.09214, step time: 0.07295
epoch: [23], step: [110/1543], batch loss: 0.13178, batch accuracy: 94.48, data load time: 0.14292, step time: 0.07288
epoch: [23], step: [210/1543], batch loss: 0.09234, batch accuracy: 95.75, data load time: 0.12006, step time: 0.06588
epoch: [23], step: [310/1543], batch loss: 0.11785, batch accuracy: 93.92, data load time: 0.12135, step time: 0.07426
epoch: [23], step: [410/1543], batch loss: 0.09120, batch accuracy: 94.05, data load time: 0.06860, step time: 0.07015
epoch: [23], step: [510/1543], batch loss: 0.10853, batch accuracy: 95.39, data load time: 0.11599, step time: 0.07213
epoch: [23], step: [610/1543], batch loss: 0.09280, batch accuracy: 96.16, data load time: 0.10431, step time: 0.07278
epoch: [23], step: [710/1543], batch loss: 0.16427, batch accuracy: 87.81, data load time: 0.12946, step time: 0.07658
epoch: [23], step: [810/1543], batch loss: 0.12134, batch accuracy: 91.35, data load time: 0.14954, step time: 0.07479
epoch: [23], step: [910/1543], batch loss: 0.13873, batch accuracy: 85.66, data load time: 0.13975, step time: 0.07106
epoch: [23], step: [1010/1543], batch loss: 0.12367, batch accuracy: 95.46, data load time: 0.11824, step time: 0.07533
epoch: [23], step: [1110/1543], batch loss: 0.12677, batch accuracy: 90.01, data load time: 0.10936, step time: 0.06836
epoch: [23], step: [1210/1543], batch loss: 0.10720, batch accuracy: 94.51, data load time: 0.17626, step time: 0.07347
epoch: [23], step: [1310/1543], batch loss: 0.15823, batch accuracy: 93.56, data load time: 0.14382, step time: 0.07586
epoch: [23], step: [1410/1543], batch loss: 0.14109, batch accuracy: 90.66, data load time: 0.18107, step time: 0.07454
epoch: [23], step: [1510/1543], batch loss: 0.13603, batch accuracy: 90.21, data load time: 0.15029, step time: 0.07342
EVALUATION METRICS:
-------------------------------------------------------------

Validation AUC Score: 0.8855

-------------------------------------------------------------
validation loss: 0.13585, accuracy: 88.55
epoch: [24], step: [67/1543], batch loss: 0.15456, batch accuracy: 90.89, data load time: 0.07722, step time: 0.07080
epoch: [24], step: [167/1543], batch loss: 0.13935, batch accuracy: 93.35, data load time: 0.08768, step time: 0.07432
epoch: [24], step: [267/1543], batch loss: 0.09281, batch accuracy: 97.13, data load time: 0.07382, step time: 0.07037
epoch: [24], step: [367/1543], batch loss: 0.23399, batch accuracy: 89.99, data load time: 0.10396, step time: 0.07218
epoch: [24], step: [467/1543], batch loss: 0.12104, batch accuracy: 95.24, data load time: 0.11682, step time: 0.07463
epoch: [24], step: [567/1543], batch loss: 0.10368, batch accuracy: 90.30, data load time: 0.12902, step time: 0.06952
epoch: [24], step: [667/1543], batch loss: 0.17538, batch accuracy: 86.36, data load time: 0.13828, step time: 0.07589
epoch: [24], step: [767/1543], batch loss: 0.13862, batch accuracy: 95.19, data load time: 0.13857, step time: 0.07495
epoch: [24], step: [867/1543], batch loss: 0.14747, batch accuracy: 90.85, data load time: 0.12868, step time: 0.07479
epoch: [24], step: [967/1543], batch loss: 0.14331, batch accuracy: 87.69, data load time: 0.17261, step time: 0.07488
epoch: [24], step: [1067/1543], batch loss: 0.13398, batch accuracy: 92.26, data load time: 0.14497, step time: 0.07309
epoch: [24], step: [1167/1543], batch loss: 0.13591, batch accuracy: 89.41, data load time: 0.09685, step time: 0.07159
epoch: [24], step: [1267/1543], batch loss: 0.16485, batch accuracy: 88.13, data load time: 0.11420, step time: 0.07257
epoch: [24], step: [1367/1543], batch loss: 0.11593, batch accuracy: 91.19, data load time: 0.14775, step time: 0.07123
epoch: [24], step: [1467/1543], batch loss: 0.10813, batch accuracy: 93.93, data load time: 0.13844, step time: 0.06967
EVALUATION METRICS:
-------------------------------------------------------------

Validation AUC Score: 0.8836

-------------------------------------------------------------
validation loss: 0.13787, accuracy: 88.36
epoch: [25], step: [24/1543], batch loss: 0.12827, batch accuracy: 89.69, data load time: 0.14745, step time: 0.07223
epoch: [25], step: [124/1543], batch loss: 0.10881, batch accuracy: 93.49, data load time: 0.15111, step time: 0.06965
epoch: [25], step: [224/1543], batch loss: 0.11909, batch accuracy: 92.56, data load time: 0.15637, step time: 0.07182
epoch: [25], step: [324/1543], batch loss: 0.15814, batch accuracy: 93.64, data load time: 0.13209, step time: 0.08386
epoch: [25], step: [424/1543], batch loss: 0.13808, batch accuracy: 90.96, data load time: 0.10103, step time: 0.07088
epoch: [25], step: [524/1543], batch loss: 0.10398, batch accuracy: 94.59, data load time: 0.10770, step time: 0.06921
epoch: [25], step: [624/1543], batch loss: 0.16980, batch accuracy: 89.80, data load time: 0.09397, step time: 0.07953
epoch: [25], step: [724/1543], batch loss: 0.12481, batch accuracy: 93.82, data load time: 0.24728, step time: 0.07375
epoch: [25], step: [824/1543], batch loss: 0.12367, batch accuracy: 90.39, data load time: 0.08547, step time: 0.07517
epoch: [25], step: [924/1543], batch loss: 0.09600, batch accuracy: 96.34, data load time: 0.13006, step time: 0.07438
epoch: [25], step: [1024/1543], batch loss: 0.11721, batch accuracy: 94.83, data load time: 0.13418, step time: 0.07233
epoch: [25], step: [1124/1543], batch loss: 0.09299, batch accuracy: 93.87, data load time: 0.14556, step time: 0.07595
epoch: [25], step: [1224/1543], batch loss: 0.10673, batch accuracy: 95.34, data load time: 0.14749, step time: 0.07154
epoch: [25], step: [1324/1543], batch loss: 0.11873, batch accuracy: 88.23, data load time: 0.13417, step time: 0.07246
epoch: [25], step: [1424/1543], batch loss: 0.14143, batch accuracy: 89.98, data load time: 0.18356, step time: 0.07568
epoch: [25], step: [1524/1543], batch loss: 0.13857, batch accuracy: 90.11, data load time: 0.19084, step time: 0.07666
EVALUATION METRICS:
-------------------------------------------------------------

Validation AUC Score: 0.8850

-------------------------------------------------------------
validation loss: 0.13673, accuracy: 88.50
epoch: [26], step: [81/1543], batch loss: 0.12787, batch accuracy: 93.77, data load time: 0.15925, step time: 0.07449
epoch: [26], step: [181/1543], batch loss: 0.08998, batch accuracy: 90.56, data load time: 0.10073, step time: 0.06905
epoch: [26], step: [281/1543], batch loss: 0.13227, batch accuracy: 92.63, data load time: 0.15049, step time: 0.07318
epoch: [26], step: [381/1543], batch loss: 0.13495, batch accuracy: 94.57, data load time: 0.20590, step time: 0.07573
epoch: [26], step: [481/1543], batch loss: 0.12081, batch accuracy: 95.32, data load time: 0.12362, step time: 0.07784
epoch: [26], step: [581/1543], batch loss: 0.13386, batch accuracy: 94.38, data load time: 0.14129, step time: 0.07907
epoch: [26], step: [681/1543], batch loss: 0.10594, batch accuracy: 92.30, data load time: 0.13696, step time: 0.07188
epoch: [26], step: [781/1543], batch loss: 0.12757, batch accuracy: 88.43, data load time: 0.11982, step time: 0.07455
epoch: [26], step: [881/1543], batch loss: 0.20559, batch accuracy: 82.68, data load time: 0.13663, step time: 0.07139
epoch: [26], step: [981/1543], batch loss: 0.14064, batch accuracy: 91.44, data load time: 0.15745, step time: 0.07684
epoch: [26], step: [1081/1543], batch loss: 0.11509, batch accuracy: 92.18, data load time: 0.15018, step time: 0.07238
epoch: [26], step: [1181/1543], batch loss: 0.09412, batch accuracy: 98.70, data load time: 0.11574, step time: 0.07505
epoch: [26], step: [1281/1543], batch loss: 0.14764, batch accuracy: 91.48, data load time: 0.13481, step time: 0.07657
epoch: [26], step: [1381/1543], batch loss: 0.10862, batch accuracy: 95.07, data load time: 0.09471, step time: 0.07289
epoch: [26], step: [1481/1543], batch loss: 0.11567, batch accuracy: 94.82, data load time: 0.17032, step time: 0.07325
EVALUATION METRICS:
-------------------------------------------------------------

Validation AUC Score: 0.8849

-------------------------------------------------------------
validation loss: 0.13614, accuracy: 88.49
epoch: [27], step: [38/1543], batch loss: 0.11016, batch accuracy: 90.48, data load time: 0.08934, step time: 0.06883
epoch: [27], step: [138/1543], batch loss: 0.13831, batch accuracy: 96.58, data load time: 0.10372, step time: 0.07279
epoch: [27], step: [238/1543], batch loss: 0.09946, batch accuracy: 92.93, data load time: 0.11172, step time: 0.06367
epoch: [27], step: [338/1543], batch loss: 0.17992, batch accuracy: 92.66, data load time: 0.17309, step time: 0.08065
epoch: [27], step: [438/1543], batch loss: 0.10548, batch accuracy: 92.15, data load time: 0.11139, step time: 0.07438
epoch: [27], step: [538/1543], batch loss: 0.13041, batch accuracy: 87.26, data load time: 0.19680, step time: 0.07164
epoch: [27], step: [638/1543], batch loss: 0.12698, batch accuracy: 94.28, data load time: 0.13894, step time: 0.07275
epoch: [27], step: [738/1543], batch loss: 0.15302, batch accuracy: 92.22, data load time: 0.11428, step time: 0.07767
epoch: [27], step: [838/1543], batch loss: 0.14032, batch accuracy: 90.42, data load time: 0.13035, step time: 0.07399
epoch: [27], step: [938/1543], batch loss: 0.12050, batch accuracy: 88.61, data load time: 0.12933, step time: 0.07319
epoch: [27], step: [1038/1543], batch loss: 0.14021, batch accuracy: 91.24, data load time: 0.14729, step time: 0.07254
epoch: [27], step: [1138/1543], batch loss: 0.10556, batch accuracy: 96.38, data load time: 0.10232, step time: 0.07075
epoch: [27], step: [1238/1543], batch loss: 0.13723, batch accuracy: 88.85, data load time: 0.11199, step time: 0.07168
epoch: [27], step: [1338/1543], batch loss: 0.14604, batch accuracy: 90.55, data load time: 0.14345, step time: 0.07467
epoch: [27], step: [1438/1543], batch loss: 0.12771, batch accuracy: 94.82, data load time: 0.12549, step time: 0.07379
epoch: [27], step: [1538/1543], batch loss: 0.13608, batch accuracy: 89.99, data load time: 0.16363, step time: 0.07437
Epoch 00028: reducing learning rate of group 0 to 6.2500e-06.
EVALUATION METRICS:
-------------------------------------------------------------

Validation AUC Score: 0.8848

-------------------------------------------------------------
validation loss: 0.13651, accuracy: 88.48
epoch: [28], step: [95/1543], batch loss: 0.12852, batch accuracy: 90.34, data load time: 0.11261, step time: 0.07454
epoch: [28], step: [195/1543], batch loss: 0.18062, batch accuracy: 89.38, data load time: 0.12836, step time: 0.07739
epoch: [28], step: [295/1543], batch loss: 0.12796, batch accuracy: 94.39, data load time: 0.12957, step time: 0.07366
epoch: [28], step: [395/1543], batch loss: 0.13048, batch accuracy: 91.95, data load time: 0.15308, step time: 0.07229
epoch: [28], step: [495/1543], batch loss: 0.12732, batch accuracy: 95.48, data load time: 0.10599, step time: 0.07296
epoch: [28], step: [595/1543], batch loss: 0.12974, batch accuracy: 94.81, data load time: 0.12721, step time: 0.07313
epoch: [28], step: [695/1543], batch loss: 0.16539, batch accuracy: 89.80, data load time: 0.17564, step time: 0.07668
epoch: [28], step: [795/1543], batch loss: 0.13358, batch accuracy: 90.50, data load time: 0.20337, step time: 0.07508
epoch: [28], step: [895/1543], batch loss: 0.09769, batch accuracy: 96.53, data load time: 0.13429, step time: 0.07261
epoch: [28], step: [995/1543], batch loss: 0.17062, batch accuracy: 91.12, data load time: 0.12919, step time: 0.07537
epoch: [28], step: [1095/1543], batch loss: 0.12745, batch accuracy: 93.81, data load time: 0.10568, step time: 0.07492
epoch: [28], step: [1195/1543], batch loss: 0.11004, batch accuracy: 93.11, data load time: 0.17350, step time: 0.07164
epoch: [28], step: [1295/1543], batch loss: 0.12466, batch accuracy: 90.66, data load time: 0.11742, step time: 0.07368
epoch: [28], step: [1395/1543], batch loss: 0.17306, batch accuracy: 88.06, data load time: 0.12989, step time: 0.07506
epoch: [28], step: [1495/1543], batch loss: 0.10293, batch accuracy: 94.35, data load time: 0.11859, step time: 0.07355
EVALUATION METRICS:
-------------------------------------------------------------

Validation AUC Score: 0.8859

-------------------------------------------------------------
validation loss: 0.13558, accuracy: 88.59
epoch: [29], step: [52/1543], batch loss: 0.09096, batch accuracy: 94.02, data load time: 0.08717, step time: 0.07314
epoch: [29], step: [152/1543], batch loss: 0.13368, batch accuracy: 94.57, data load time: 0.07848, step time: 0.07682
epoch: [29], step: [252/1543], batch loss: 0.13383, batch accuracy: 94.25, data load time: 0.07949, step time: 0.07400
epoch: [29], step: [352/1543], batch loss: 0.16323, batch accuracy: 90.77, data load time: 0.18874, step time: 0.07663
epoch: [29], step: [452/1543], batch loss: 0.14566, batch accuracy: 92.78, data load time: 0.10652, step time: 0.07275
epoch: [29], step: [552/1543], batch loss: 0.10111, batch accuracy: 95.17, data load time: 0.18988, step time: 0.07304
epoch: [29], step: [652/1543], batch loss: 0.09776, batch accuracy: 95.73, data load time: 0.13487, step time: 0.07315
epoch: [29], step: [752/1543], batch loss: 0.15453, batch accuracy: 90.15, data load time: 0.20021, step time: 0.07730
epoch: [29], step: [852/1543], batch loss: 0.17015, batch accuracy: 86.46, data load time: 0.11249, step time: 0.07473
epoch: [29], step: [952/1543], batch loss: 0.11858, batch accuracy: 93.13, data load time: 0.13613, step time: 0.07316
epoch: [29], step: [1052/1543], batch loss: 0.15050, batch accuracy: 94.69, data load time: 0.09246, step time: 0.07372
epoch: [29], step: [1152/1543], batch loss: 0.13892, batch accuracy: 92.59, data load time: 0.17400, step time: 0.07523
epoch: [29], step: [1252/1543], batch loss: 0.13006, batch accuracy: 94.55, data load time: 0.13156, step time: 0.07819
epoch: [29], step: [1352/1543], batch loss: 0.12050, batch accuracy: 94.34, data load time: 0.13670, step time: 0.07249
epoch: [29], step: [1452/1543], batch loss: 0.15057, batch accuracy: 88.05, data load time: 0.15471, step time: 0.07473
EVALUATION METRICS:
-------------------------------------------------------------

Validation AUC Score: 0.8854

-------------------------------------------------------------
validation loss: 0.13710, accuracy: 88.54
EVALUATION METRICS:
-------------------------------------------------------------

Test AUC Score: 0.8971, Class Labels: ambient: 0.9386, baroque: 0.9541, bass: 0.8093, beat: 0.9281, cello: 0.9229, chant: 0.9363, choir: 0.9865, classical: 0.9040, country: 0.9321, dance: 0.9471, drum: 0.8641, eastern: 0.8767, electro: 0.8763, fast: 0.8759, female: 0.9290, flute: 0.9556, folk: 0.9102, foreign: 0.9033, guitar: 0.8938, hard: 0.9749, harp: 0.9352, harpsichord: 0.9749, heavy: 0.9832, india: 0.8579, jazz: 0.9405, loud: 0.9152, male: 0.9270, modern: 0.7909, new age: 0.8612, no beat: 0.7805, no piano: 0.6679, no singer: 0.6815, opera: 0.9762, orchestra: 0.9428, piano: 0.9518, pop: 0.9306, quiet: 0.9161, rock: 0.9837, singer: 0.8784, sitar: 0.9026, slow: 0.8382, soft: 0.8295, solo: 0.8663, strange: 0.7893, string: 0.8825, synth: 0.8478, techno: 0.9565, trance: 0.9245, violin: 0.9353, vocal: 0.8703

-------------------------------------------------------------
validation loss: 0.39067, accuracy: 89.71
