Loading data from /mnt/storage/scratch/ee20947/MagnaTagATune/annotations/train.pkl...
Loading data from /mnt/storage/scratch/ee20947/MagnaTagATune/annotations/val.pkl...
Loading data from /mnt/storage/scratch/ee20947/MagnaTagATune/annotations/test.pkl...
Writing logs to logs/CNN_sgd_momentum=0.93_learning_rate=0.05_conv_length=256_conv_stride=256_batch_size=10_epochs=20_weight_decay=1e-05_extension=ExtraCNN_run_0
epoch: [0], step: [99/1543], batch loss: 0.18119, batch accuracy: 64.83, data load time: 0.31510, step time: 0.07203
epoch: [0], step: [199/1543], batch loss: 0.17210, batch accuracy: 79.59, data load time: 0.10852, step time: 0.07123
epoch: [0], step: [299/1543], batch loss: 0.26208, batch accuracy: 71.18, data load time: 0.15236, step time: 0.07855
epoch: [0], step: [399/1543], batch loss: 0.17332, batch accuracy: 87.11, data load time: 0.17628, step time: 0.07370
epoch: [0], step: [499/1543], batch loss: 0.21392, batch accuracy: 65.04, data load time: 0.14872, step time: 0.07381
epoch: [0], step: [599/1543], batch loss: 0.20925, batch accuracy: 68.13, data load time: 0.15248, step time: 0.07456
epoch: [0], step: [699/1543], batch loss: 0.20888, batch accuracy: 68.36, data load time: 0.12107, step time: 0.07142
epoch: [0], step: [799/1543], batch loss: 0.20452, batch accuracy: 77.26, data load time: 0.14233, step time: 0.07289
epoch: [0], step: [899/1543], batch loss: 0.17675, batch accuracy: 71.68, data load time: 0.15187, step time: 0.07414
epoch: [0], step: [999/1543], batch loss: 0.20944, batch accuracy: 80.91, data load time: 0.20365, step time: 0.07960
epoch: [0], step: [1099/1543], batch loss: 0.17290, batch accuracy: 79.57, data load time: 0.16987, step time: 0.07213
epoch: [0], step: [1199/1543], batch loss: 0.21391, batch accuracy: 73.56, data load time: 0.18710, step time: 0.07317
epoch: [0], step: [1299/1543], batch loss: 0.13025, batch accuracy: 83.33, data load time: 0.09301, step time: 0.07037
epoch: [0], step: [1399/1543], batch loss: 0.20001, batch accuracy: 74.84, data load time: 0.26334, step time: 0.07526
epoch: [0], step: [1499/1543], batch loss: 0.18815, batch accuracy: 72.53, data load time: 0.18092, step time: 0.07270
EVALUATION METRICS:
-------------------------------------------------------------

Validation AUC Score: 0.8077

-------------------------------------------------------------
validation loss: 0.17575, accuracy: 80.77
epoch: [1], step: [56/1543], batch loss: 0.21916, batch accuracy: 65.02, data load time: 0.12703, step time: 0.07105
epoch: [1], step: [156/1543], batch loss: 0.22165, batch accuracy: 78.74, data load time: 0.13165, step time: 0.07683
epoch: [1], step: [256/1543], batch loss: 0.14745, batch accuracy: 86.66, data load time: 0.20641, step time: 0.07246
epoch: [1], step: [356/1543], batch loss: 0.17394, batch accuracy: 88.01, data load time: 0.16141, step time: 0.07695
epoch: [1], step: [456/1543], batch loss: 0.21927, batch accuracy: 81.35, data load time: 0.12740, step time: 0.07669
epoch: [1], step: [556/1543], batch loss: 0.17169, batch accuracy: 82.94, data load time: 0.14495, step time: 0.07602
epoch: [1], step: [656/1543], batch loss: 0.20392, batch accuracy: 83.35, data load time: 0.18521, step time: 0.07718
epoch: [1], step: [756/1543], batch loss: 0.16827, batch accuracy: 75.57, data load time: 0.16482, step time: 0.07748
epoch: [1], step: [856/1543], batch loss: 0.16705, batch accuracy: 83.91, data load time: 0.11617, step time: 0.07617
epoch: [1], step: [956/1543], batch loss: 0.17799, batch accuracy: 80.10, data load time: 0.15703, step time: 0.07464
epoch: [1], step: [1056/1543], batch loss: 0.18851, batch accuracy: 85.69, data load time: 0.16391, step time: 0.07685
epoch: [1], step: [1156/1543], batch loss: 0.15636, batch accuracy: 79.88, data load time: 0.12404, step time: 0.07351
epoch: [1], step: [1256/1543], batch loss: 0.20446, batch accuracy: 87.12, data load time: 0.13255, step time: 0.07473
epoch: [1], step: [1356/1543], batch loss: 0.22272, batch accuracy: 77.64, data load time: 0.09309, step time: 0.07354
epoch: [1], step: [1456/1543], batch loss: 0.15480, batch accuracy: 85.63, data load time: 0.14381, step time: 0.07421
EVALUATION METRICS:
-------------------------------------------------------------

Validation AUC Score: 0.8412

-------------------------------------------------------------
validation loss: 0.16003, accuracy: 84.12
epoch: [2], step: [13/1543], batch loss: 0.18584, batch accuracy: 90.17, data load time: 0.14803, step time: 0.07770
epoch: [2], step: [113/1543], batch loss: 0.17978, batch accuracy: 88.85, data load time: 0.06656, step time: 0.07217
epoch: [2], step: [213/1543], batch loss: 0.24209, batch accuracy: 75.84, data load time: 0.08412, step time: 0.07776
epoch: [2], step: [313/1543], batch loss: 0.14332, batch accuracy: 89.48, data load time: 0.21040, step time: 0.06814
epoch: [2], step: [413/1543], batch loss: 0.12392, batch accuracy: 85.93, data load time: 0.08525, step time: 0.06925
epoch: [2], step: [513/1543], batch loss: 0.13352, batch accuracy: 88.42, data load time: 0.13688, step time: 0.06854
epoch: [2], step: [613/1543], batch loss: 0.15970, batch accuracy: 75.04, data load time: 0.08265, step time: 0.06924
epoch: [2], step: [713/1543], batch loss: 0.15137, batch accuracy: 80.87, data load time: 0.06619, step time: 0.06429
epoch: [2], step: [813/1543], batch loss: 0.24525, batch accuracy: 84.59, data load time: 0.05059, step time: 0.07833
epoch: [2], step: [913/1543], batch loss: 0.14825, batch accuracy: 88.33, data load time: 0.09567, step time: 0.06851
epoch: [2], step: [1013/1543], batch loss: 0.17237, batch accuracy: 88.94, data load time: 0.04541, step time: 0.07433
epoch: [2], step: [1113/1543], batch loss: 0.13463, batch accuracy: 90.13, data load time: 0.04653, step time: 0.07143
epoch: [2], step: [1213/1543], batch loss: 0.12592, batch accuracy: 86.52, data load time: 0.03942, step time: 0.06444
epoch: [2], step: [1313/1543], batch loss: 0.17410, batch accuracy: 89.41, data load time: 0.02941, step time: 0.06802
epoch: [2], step: [1413/1543], batch loss: 0.18194, batch accuracy: 79.20, data load time: 0.07927, step time: 0.06922
epoch: [2], step: [1513/1543], batch loss: 0.15063, batch accuracy: 88.29, data load time: 0.05023, step time: 0.07138
EVALUATION METRICS:
-------------------------------------------------------------

Validation AUC Score: 0.8498

-------------------------------------------------------------
validation loss: 0.15594, accuracy: 84.98
epoch: [3], step: [70/1543], batch loss: 0.16485, batch accuracy: 88.53, data load time: 0.03004, step time: 0.07211
epoch: [3], step: [170/1543], batch loss: 0.22779, batch accuracy: 79.62, data load time: 0.01194, step time: 0.07539
epoch: [3], step: [270/1543], batch loss: 0.11928, batch accuracy: 92.41, data load time: 0.02684, step time: 0.06636
epoch: [3], step: [370/1543], batch loss: 0.17018, batch accuracy: 86.28, data load time: 0.01065, step time: 0.07054
epoch: [3], step: [470/1543], batch loss: 0.11805, batch accuracy: 86.23, data load time: 0.01536, step time: 0.06775
epoch: [3], step: [570/1543], batch loss: 0.12461, batch accuracy: 89.11, data load time: 0.02511, step time: 0.06801
epoch: [3], step: [670/1543], batch loss: 0.16845, batch accuracy: 86.18, data load time: 0.01560, step time: 0.07142
epoch: [3], step: [770/1543], batch loss: 0.12471, batch accuracy: 87.33, data load time: 0.01711, step time: 0.06645
epoch: [3], step: [870/1543], batch loss: 0.11711, batch accuracy: 91.69, data load time: 0.04233, step time: 0.06927
epoch: [3], step: [970/1543], batch loss: 0.14516, batch accuracy: 83.91, data load time: 0.05989, step time: 0.06942
epoch: [3], step: [1070/1543], batch loss: 0.11707, batch accuracy: 89.27, data load time: 0.11380, step time: 0.06989
epoch: [3], step: [1170/1543], batch loss: 0.10953, batch accuracy: 91.11, data load time: 0.13828, step time: 0.07510
epoch: [3], step: [1270/1543], batch loss: 0.16349, batch accuracy: 89.56, data load time: 0.19017, step time: 0.07688
epoch: [3], step: [1370/1543], batch loss: 0.19208, batch accuracy: 89.48, data load time: 0.11939, step time: 0.07734
epoch: [3], step: [1470/1543], batch loss: 0.20406, batch accuracy: 75.69, data load time: 0.16731, step time: 0.07292
EVALUATION METRICS:
-------------------------------------------------------------

Validation AUC Score: 0.8318

-------------------------------------------------------------
validation loss: 0.18293, accuracy: 83.18
epoch: [4], step: [27/1543], batch loss: 0.17324, batch accuracy: 82.34, data load time: 0.11961, step time: 0.07292
epoch: [4], step: [127/1543], batch loss: 0.17451, batch accuracy: 83.71, data load time: 0.11483, step time: 0.07452
epoch: [4], step: [227/1543], batch loss: 0.14272, batch accuracy: 90.36, data load time: 0.22002, step time: 0.07823
epoch: [4], step: [327/1543], batch loss: 0.15509, batch accuracy: 89.42, data load time: 0.17820, step time: 0.08039
epoch: [4], step: [427/1543], batch loss: 0.21012, batch accuracy: 83.22, data load time: 0.27302, step time: 0.07899
epoch: [4], step: [527/1543], batch loss: 0.14056, batch accuracy: 93.08, data load time: 0.10262, step time: 0.07692
epoch: [4], step: [627/1543], batch loss: 0.15676, batch accuracy: 87.57, data load time: 0.13919, step time: 0.07421
epoch: [4], step: [727/1543], batch loss: 0.12846, batch accuracy: 91.05, data load time: 0.15941, step time: 0.07092
epoch: [4], step: [827/1543], batch loss: 0.16899, batch accuracy: 89.24, data load time: 0.11988, step time: 0.07491
epoch: [4], step: [927/1543], batch loss: 0.10736, batch accuracy: 92.70, data load time: 0.14851, step time: 0.07426
epoch: [4], step: [1027/1543], batch loss: 0.11714, batch accuracy: 91.67, data load time: 0.14399, step time: 0.07632
epoch: [4], step: [1127/1543], batch loss: 0.14214, batch accuracy: 80.50, data load time: 0.13288, step time: 0.07227
epoch: [4], step: [1227/1543], batch loss: 0.15015, batch accuracy: 86.78, data load time: 0.20558, step time: 0.07711
epoch: [4], step: [1327/1543], batch loss: 0.17058, batch accuracy: 81.11, data load time: 0.16237, step time: 0.07712
epoch: [4], step: [1427/1543], batch loss: 0.15789, batch accuracy: 90.66, data load time: 0.07222, step time: 0.07358
epoch: [4], step: [1527/1543], batch loss: 0.13767, batch accuracy: 91.48, data load time: 0.10854, step time: 0.07254
EVALUATION METRICS:
-------------------------------------------------------------

Validation AUC Score: 0.8636

-------------------------------------------------------------
validation loss: 0.14790, accuracy: 86.36
epoch: [5], step: [84/1543], batch loss: 0.17152, batch accuracy: 87.47, data load time: 0.18763, step time: 0.07483
epoch: [5], step: [184/1543], batch loss: 0.13774, batch accuracy: 91.65, data load time: 0.09456, step time: 0.07110
epoch: [5], step: [284/1543], batch loss: 0.14305, batch accuracy: 86.32, data load time: 0.15253, step time: 0.07253
epoch: [5], step: [384/1543], batch loss: 0.16186, batch accuracy: 83.06, data load time: 0.16590, step time: 0.06997
epoch: [5], step: [484/1543], batch loss: 0.11965, batch accuracy: 89.30, data load time: 0.15276, step time: 0.06753
epoch: [5], step: [584/1543], batch loss: 0.12079, batch accuracy: 90.83, data load time: 0.08611, step time: 0.06938
epoch: [5], step: [684/1543], batch loss: 0.15170, batch accuracy: 79.53, data load time: 0.10954, step time: 0.06642
epoch: [5], step: [784/1543], batch loss: 0.21254, batch accuracy: 86.28, data load time: 0.06626, step time: 0.07432
epoch: [5], step: [884/1543], batch loss: 0.13707, batch accuracy: 89.61, data load time: 0.04266, step time: 0.07209
epoch: [5], step: [984/1543], batch loss: 0.13477, batch accuracy: 90.68, data load time: 0.03534, step time: 0.06516
epoch: [5], step: [1084/1543], batch loss: 0.11593, batch accuracy: 96.15, data load time: 0.05577, step time: 0.07059
epoch: [5], step: [1184/1543], batch loss: 0.16289, batch accuracy: 86.60, data load time: 0.04032, step time: 0.06784
epoch: [5], step: [1284/1543], batch loss: 0.14409, batch accuracy: 90.02, data load time: 0.01839, step time: 0.07492
epoch: [5], step: [1384/1543], batch loss: 0.12743, batch accuracy: 93.03, data load time: 0.05026, step time: 0.06769
epoch: [5], step: [1484/1543], batch loss: 0.17888, batch accuracy: 89.30, data load time: 0.03386, step time: 0.07433
EVALUATION METRICS:
-------------------------------------------------------------

Validation AUC Score: 0.8522

-------------------------------------------------------------
validation loss: 0.16253, accuracy: 85.22
epoch: [6], step: [41/1543], batch loss: 0.17630, batch accuracy: 86.52, data load time: 0.04824, step time: 0.07689
epoch: [6], step: [141/1543], batch loss: 0.13701, batch accuracy: 91.93, data load time: 0.01209, step time: 0.07064
epoch: [6], step: [241/1543], batch loss: 0.11777, batch accuracy: 91.30, data load time: 0.04007, step time: 0.06884
epoch: [6], step: [341/1543], batch loss: 0.17404, batch accuracy: 92.64, data load time: 0.06582, step time: 0.07000
epoch: [6], step: [441/1543], batch loss: 0.14605, batch accuracy: 94.89, data load time: 0.04624, step time: 0.07292
epoch: [6], step: [541/1543], batch loss: 0.10862, batch accuracy: 95.04, data load time: 0.05577, step time: 0.06521
epoch: [6], step: [641/1543], batch loss: 0.16206, batch accuracy: 90.30, data load time: 0.07205, step time: 0.07206
epoch: [6], step: [741/1543], batch loss: 0.21664, batch accuracy: 84.90, data load time: 0.02320, step time: 0.07358
epoch: [6], step: [841/1543], batch loss: 0.17558, batch accuracy: 89.35, data load time: 0.06053, step time: 0.07491
epoch: [6], step: [941/1543], batch loss: 0.12772, batch accuracy: 92.67, data load time: 0.06252, step time: 0.06784
epoch: [6], step: [1041/1543], batch loss: 0.16413, batch accuracy: 92.28, data load time: 0.07925, step time: 0.07332
epoch: [6], step: [1141/1543], batch loss: 0.16224, batch accuracy: 91.92, data load time: 0.06537, step time: 0.06920
epoch: [6], step: [1241/1543], batch loss: 0.15594, batch accuracy: 85.26, data load time: 0.06682, step time: 0.07065
epoch: [6], step: [1341/1543], batch loss: 0.11597, batch accuracy: 85.11, data load time: 0.04073, step time: 0.06787
epoch: [6], step: [1441/1543], batch loss: 0.22208, batch accuracy: 78.08, data load time: 0.05341, step time: 0.07264
epoch: [6], step: [1541/1543], batch loss: 0.14225, batch accuracy: 91.46, data load time: 0.03726, step time: 0.07202
EVALUATION METRICS:
-------------------------------------------------------------

Validation AUC Score: 0.8696

-------------------------------------------------------------
validation loss: 0.14545, accuracy: 86.96
epoch: [7], step: [98/1543], batch loss: 0.14592, batch accuracy: 88.16, data load time: 0.04393, step time: 0.07264
epoch: [7], step: [198/1543], batch loss: 0.11432, batch accuracy: 91.05, data load time: 0.05916, step time: 0.06920
epoch: [7], step: [298/1543], batch loss: 0.13829, batch accuracy: 90.34, data load time: 0.07164, step time: 0.07192
epoch: [7], step: [398/1543], batch loss: 0.12316, batch accuracy: 86.68, data load time: 0.06831, step time: 0.06694
epoch: [7], step: [498/1543], batch loss: 0.10575, batch accuracy: 95.01, data load time: 0.09056, step time: 0.06618
epoch: [7], step: [598/1543], batch loss: 0.15174, batch accuracy: 92.46, data load time: 0.11183, step time: 0.07301
epoch: [7], step: [698/1543], batch loss: 0.15197, batch accuracy: 87.98, data load time: 0.04667, step time: 0.07162
epoch: [7], step: [798/1543], batch loss: 0.11443, batch accuracy: 96.14, data load time: 0.05938, step time: 0.07472
epoch: [7], step: [898/1543], batch loss: 0.17256, batch accuracy: 91.88, data load time: 0.06982, step time: 0.07626
epoch: [7], step: [998/1543], batch loss: 0.20184, batch accuracy: 84.96, data load time: 0.11419, step time: 0.07168
epoch: [7], step: [1098/1543], batch loss: 0.10121, batch accuracy: 95.44, data load time: 0.05507, step time: 0.06856
epoch: [7], step: [1198/1543], batch loss: 0.14050, batch accuracy: 91.45, data load time: 0.05586, step time: 0.07142
epoch: [7], step: [1298/1543], batch loss: 0.15502, batch accuracy: 86.66, data load time: 0.06405, step time: 0.06894
epoch: [7], step: [1398/1543], batch loss: 0.16783, batch accuracy: 91.21, data load time: 0.06431, step time: 0.07274
epoch: [7], step: [1498/1543], batch loss: 0.15686, batch accuracy: 87.86, data load time: 0.02964, step time: 0.07080
EVALUATION METRICS:
-------------------------------------------------------------

Validation AUC Score: 0.8464

-------------------------------------------------------------
validation loss: 0.17976, accuracy: 84.64
epoch: [8], step: [55/1543], batch loss: 0.18983, batch accuracy: 87.77, data load time: 0.02886, step time: 0.07022
epoch: [8], step: [155/1543], batch loss: 0.14183, batch accuracy: 89.65, data load time: 0.01311, step time: 0.07158
epoch: [8], step: [255/1543], batch loss: 0.13844, batch accuracy: 82.38, data load time: 0.02207, step time: 0.06647
epoch: [8], step: [355/1543], batch loss: 0.15134, batch accuracy: 93.52, data load time: 0.04476, step time: 0.07166
epoch: [8], step: [455/1543], batch loss: 0.14494, batch accuracy: 90.66, data load time: 0.02930, step time: 0.07088
epoch: [8], step: [555/1543], batch loss: 0.15218, batch accuracy: 90.94, data load time: 0.04357, step time: 0.07188
epoch: [8], step: [655/1543], batch loss: 0.13899, batch accuracy: 88.33, data load time: 0.08607, step time: 0.06990
epoch: [8], step: [755/1543], batch loss: 0.11165, batch accuracy: 89.58, data load time: 0.05860, step time: 0.06903
epoch: [8], step: [855/1543], batch loss: 0.14326, batch accuracy: 90.35, data load time: 0.02864, step time: 0.07046
epoch: [8], step: [955/1543], batch loss: 0.11687, batch accuracy: 86.47, data load time: 0.05184, step time: 0.06755
epoch: [8], step: [1055/1543], batch loss: 0.15817, batch accuracy: 87.83, data load time: 0.07527, step time: 0.07277
epoch: [8], step: [1155/1543], batch loss: 0.15770, batch accuracy: 91.13, data load time: 0.04213, step time: 0.07062
epoch: [8], step: [1255/1543], batch loss: 0.13440, batch accuracy: 90.60, data load time: 0.04473, step time: 0.07204
epoch: [8], step: [1355/1543], batch loss: 0.14952, batch accuracy: 87.50, data load time: 0.06232, step time: 0.06920
epoch: [8], step: [1455/1543], batch loss: 0.11404, batch accuracy: 87.93, data load time: 0.10677, step time: 0.06994
EVALUATION METRICS:
-------------------------------------------------------------

Validation AUC Score: 0.8461

-------------------------------------------------------------
validation loss: 0.18157, accuracy: 84.61
epoch: [9], step: [12/1543], batch loss: 0.14081, batch accuracy: 92.02, data load time: 0.05769, step time: 0.07101
epoch: [9], step: [112/1543], batch loss: 0.12959, batch accuracy: 85.80, data load time: 0.03071, step time: 0.06800
epoch: [9], step: [212/1543], batch loss: 0.11508, batch accuracy: 93.78, data load time: 0.02117, step time: 0.06666
epoch: [9], step: [312/1543], batch loss: 0.11424, batch accuracy: 88.26, data load time: 0.10050, step time: 0.06732
epoch: [9], step: [412/1543], batch loss: 0.16362, batch accuracy: 84.14, data load time: 0.05825, step time: 0.06987
epoch: [9], step: [512/1543], batch loss: 0.15029, batch accuracy: 94.34, data load time: 0.06164, step time: 0.07634
epoch: [9], step: [612/1543], batch loss: 0.14001, batch accuracy: 88.69, data load time: 0.07687, step time: 0.07075
epoch: [9], step: [712/1543], batch loss: 0.10947, batch accuracy: 90.39, data load time: 0.12577, step time: 0.06704
epoch: [9], step: [812/1543], batch loss: 0.11749, batch accuracy: 93.69, data load time: 0.03296, step time: 0.07345
epoch: [9], step: [912/1543], batch loss: 0.13346, batch accuracy: 91.09, data load time: 0.06344, step time: 0.06776
epoch: [9], step: [1012/1543], batch loss: 0.11196, batch accuracy: 93.61, data load time: 0.03568, step time: 0.07409
epoch: [9], step: [1112/1543], batch loss: 0.13653, batch accuracy: 93.47, data load time: 0.04449, step time: 0.07127
epoch: [9], step: [1212/1543], batch loss: 0.13471, batch accuracy: 92.28, data load time: 0.04326, step time: 0.07295
epoch: [9], step: [1312/1543], batch loss: 0.13946, batch accuracy: 89.62, data load time: 0.06744, step time: 0.07364
epoch: [9], step: [1412/1543], batch loss: 0.16612, batch accuracy: 89.69, data load time: 0.03718, step time: 0.07290
epoch: [9], step: [1512/1543], batch loss: 0.16127, batch accuracy: 86.38, data load time: 0.04067, step time: 0.06998
EVALUATION METRICS:
-------------------------------------------------------------

Validation AUC Score: 0.8697

-------------------------------------------------------------
validation loss: 0.14840, accuracy: 86.97
epoch: [10], step: [69/1543], batch loss: 0.13852, batch accuracy: 94.21, data load time: 0.02279, step time: 0.06979
epoch: [10], step: [169/1543], batch loss: 0.17453, batch accuracy: 92.00, data load time: 0.02414, step time: 0.07803
epoch: [10], step: [269/1543], batch loss: 0.13694, batch accuracy: 88.41, data load time: 0.03255, step time: 0.07217
epoch: [10], step: [369/1543], batch loss: 0.11554, batch accuracy: 92.70, data load time: 0.04255, step time: 0.07216
epoch: [10], step: [469/1543], batch loss: 0.11838, batch accuracy: 95.39, data load time: 0.01607, step time: 0.06932
epoch: [10], step: [569/1543], batch loss: 0.10607, batch accuracy: 93.28, data load time: 0.04201, step time: 0.07416
epoch: [10], step: [669/1543], batch loss: 0.12619, batch accuracy: 92.78, data load time: 0.01480, step time: 0.06989
epoch: [10], step: [769/1543], batch loss: 0.14492, batch accuracy: 92.25, data load time: 0.03193, step time: 0.07567
epoch: [10], step: [869/1543], batch loss: 0.13950, batch accuracy: 92.84, data load time: 0.01777, step time: 0.07084
epoch: [10], step: [969/1543], batch loss: 0.19421, batch accuracy: 83.08, data load time: 0.03124, step time: 0.07295
epoch: [10], step: [1069/1543], batch loss: 0.11901, batch accuracy: 92.33, data load time: 0.03034, step time: 0.07072
epoch: [10], step: [1169/1543], batch loss: 0.15661, batch accuracy: 89.89, data load time: 0.04768, step time: 0.07358
epoch: [10], step: [1269/1543], batch loss: 0.10911, batch accuracy: 95.31, data load time: 0.04779, step time: 0.07019
epoch: [10], step: [1369/1543], batch loss: 0.17523, batch accuracy: 85.99, data load time: 0.03886, step time: 0.07418
epoch: [10], step: [1469/1543], batch loss: 0.18590, batch accuracy: 82.06, data load time: 0.03627, step time: 0.07137
EVALUATION METRICS:
-------------------------------------------------------------

Validation AUC Score: 0.8745

-------------------------------------------------------------
validation loss: 0.14835, accuracy: 87.45
epoch: [11], step: [26/1543], batch loss: 0.16212, batch accuracy: 91.67, data load time: 0.03512, step time: 0.07232
epoch: [11], step: [126/1543], batch loss: 0.15508, batch accuracy: 93.55, data load time: 0.01440, step time: 0.07606
epoch: [11], step: [226/1543], batch loss: 0.10378, batch accuracy: 94.75, data load time: 0.03115, step time: 0.06863
epoch: [11], step: [326/1543], batch loss: 0.16418, batch accuracy: 86.74, data load time: 0.01394, step time: 0.06938
epoch: [11], step: [426/1543], batch loss: 0.10467, batch accuracy: 93.99, data load time: 0.02801, step time: 0.06986
epoch: [11], step: [526/1543], batch loss: 0.11395, batch accuracy: 87.93, data load time: 0.04605, step time: 0.06840
epoch: [11], step: [626/1543], batch loss: 0.14956, batch accuracy: 87.53, data load time: 0.01538, step time: 0.07405
epoch: [11], step: [726/1543], batch loss: 0.12496, batch accuracy: 95.08, data load time: 0.02964, step time: 0.07078
epoch: [11], step: [826/1543], batch loss: 0.12490, batch accuracy: 89.74, data load time: 0.02731, step time: 0.07008
epoch: [11], step: [926/1543], batch loss: 0.15351, batch accuracy: 86.65, data load time: 0.03467, step time: 0.06959
epoch: [11], step: [1026/1543], batch loss: 0.13324, batch accuracy: 88.00, data load time: 0.03040, step time: 0.07165
epoch: [11], step: [1126/1543], batch loss: 0.13375, batch accuracy: 88.64, data load time: 0.02925, step time: 0.06535
epoch: [11], step: [1226/1543], batch loss: 0.14366, batch accuracy: 91.57, data load time: 0.04736, step time: 0.07295
epoch: [11], step: [1326/1543], batch loss: 0.12081, batch accuracy: 94.78, data load time: 0.04092, step time: 0.07309
epoch: [11], step: [1426/1543], batch loss: 0.17512, batch accuracy: 89.65, data load time: 0.04991, step time: 0.07423
epoch: [11], step: [1526/1543], batch loss: 0.10789, batch accuracy: 93.42, data load time: 0.01549, step time: 0.07061
Epoch 00012: reducing learning rate of group 0 to 2.5000e-03.
EVALUATION METRICS:
-------------------------------------------------------------

Validation AUC Score: 0.8410

-------------------------------------------------------------
validation loss: 0.19511, accuracy: 84.10
epoch: [12], step: [83/1543], batch loss: 0.14079, batch accuracy: 89.33, data load time: 0.00727, step time: 0.06871
epoch: [12], step: [183/1543], batch loss: 0.13132, batch accuracy: 91.06, data load time: 0.01652, step time: 0.07100
epoch: [12], step: [283/1543], batch loss: 0.17237, batch accuracy: 84.99, data load time: 0.01585, step time: 0.07288
epoch: [12], step: [383/1543], batch loss: 0.12607, batch accuracy: 95.11, data load time: 0.01152, step time: 0.07071
epoch: [12], step: [483/1543], batch loss: 0.16878, batch accuracy: 92.31, data load time: 0.04639, step time: 0.07571
epoch: [12], step: [583/1543], batch loss: 0.13530, batch accuracy: 92.96, data load time: 0.01013, step time: 0.07308
epoch: [12], step: [683/1543], batch loss: 0.13983, batch accuracy: 85.20, data load time: 0.01241, step time: 0.07060
epoch: [12], step: [783/1543], batch loss: 0.17213, batch accuracy: 87.77, data load time: 0.07709, step time: 0.07157
epoch: [12], step: [883/1543], batch loss: 0.10683, batch accuracy: 93.14, data load time: 0.02215, step time: 0.06785
epoch: [12], step: [983/1543], batch loss: 0.15700, batch accuracy: 96.28, data load time: 0.01478, step time: 0.07783
epoch: [12], step: [1083/1543], batch loss: 0.10413, batch accuracy: 94.35, data load time: 0.01564, step time: 0.06988
epoch: [12], step: [1183/1543], batch loss: 0.10978, batch accuracy: 95.94, data load time: 0.02255, step time: 0.06938
epoch: [12], step: [1283/1543], batch loss: 0.12979, batch accuracy: 89.55, data load time: 0.04247, step time: 0.07008
epoch: [12], step: [1383/1543], batch loss: 0.10615, batch accuracy: 95.88, data load time: 0.04809, step time: 0.07063
epoch: [12], step: [1483/1543], batch loss: 0.13176, batch accuracy: 96.60, data load time: 0.06028, step time: 0.06943
EVALUATION METRICS:
-------------------------------------------------------------

Validation AUC Score: 0.8914

-------------------------------------------------------------
validation loss: 0.13295, accuracy: 89.14
epoch: [13], step: [40/1543], batch loss: 0.16886, batch accuracy: 93.30, data load time: 0.01098, step time: 0.07277
epoch: [13], step: [140/1543], batch loss: 0.11480, batch accuracy: 90.28, data load time: 0.03034, step time: 0.06922
epoch: [13], step: [240/1543], batch loss: 0.10718, batch accuracy: 94.71, data load time: 0.03047, step time: 0.06849
epoch: [13], step: [340/1543], batch loss: 0.11992, batch accuracy: 90.01, data load time: 0.05425, step time: 0.07272
epoch: [13], step: [440/1543], batch loss: 0.16560, batch accuracy: 91.79, data load time: 0.05183, step time: 0.07409
epoch: [13], step: [540/1543], batch loss: 0.12382, batch accuracy: 89.62, data load time: 0.07610, step time: 0.06837
epoch: [13], step: [640/1543], batch loss: 0.13535, batch accuracy: 90.21, data load time: 0.05828, step time: 0.07044
epoch: [13], step: [740/1543], batch loss: 0.11852, batch accuracy: 96.47, data load time: 0.04268, step time: 0.07257
epoch: [13], step: [840/1543], batch loss: 0.14498, batch accuracy: 94.26, data load time: 0.03551, step time: 0.07267
epoch: [13], step: [940/1543], batch loss: 0.10730, batch accuracy: 95.49, data load time: 0.05194, step time: 0.06995
epoch: [13], step: [1040/1543], batch loss: 0.11422, batch accuracy: 95.38, data load time: 0.03350, step time: 0.06933
epoch: [13], step: [1140/1543], batch loss: 0.12690, batch accuracy: 93.76, data load time: 0.06174, step time: 0.07125
epoch: [13], step: [1240/1543], batch loss: 0.12504, batch accuracy: 90.23, data load time: 0.01614, step time: 0.07002
epoch: [13], step: [1340/1543], batch loss: 0.10926, batch accuracy: 94.36, data load time: 0.01745, step time: 0.06894
epoch: [13], step: [1440/1543], batch loss: 0.12740, batch accuracy: 94.86, data load time: 0.02458, step time: 0.07219
epoch: [13], step: [1540/1543], batch loss: 0.13425, batch accuracy: 89.09, data load time: 0.01656, step time: 0.06846
EVALUATION METRICS:
-------------------------------------------------------------

Validation AUC Score: 0.8910

-------------------------------------------------------------
validation loss: 0.13336, accuracy: 89.10
epoch: [14], step: [97/1543], batch loss: 0.11325, batch accuracy: 94.45, data load time: 0.02757, step time: 0.07003
epoch: [14], step: [197/1543], batch loss: 0.17291, batch accuracy: 92.84, data load time: 0.00760, step time: 0.07441
epoch: [14], step: [297/1543], batch loss: 0.11077, batch accuracy: 95.05, data load time: 0.02856, step time: 0.07134
epoch: [14], step: [397/1543], batch loss: 0.09980, batch accuracy: 97.81, data load time: 0.04840, step time: 0.07551
epoch: [14], step: [497/1543], batch loss: 0.12898, batch accuracy: 92.03, data load time: 0.01987, step time: 0.07542
epoch: [14], step: [597/1543], batch loss: 0.08167, batch accuracy: 96.89, data load time: 0.06681, step time: 0.07265
epoch: [14], step: [697/1543], batch loss: 0.20437, batch accuracy: 92.30, data load time: 0.04911, step time: 0.07696
epoch: [14], step: [797/1543], batch loss: 0.17806, batch accuracy: 88.62, data load time: 0.04359, step time: 0.07653
epoch: [14], step: [897/1543], batch loss: 0.10382, batch accuracy: 96.36, data load time: 0.01498, step time: 0.06935
epoch: [14], step: [997/1543], batch loss: 0.09479, batch accuracy: 98.07, data load time: 0.01686, step time: 0.06786
epoch: [14], step: [1097/1543], batch loss: 0.12000, batch accuracy: 94.01, data load time: 0.06094, step time: 0.06863
epoch: [14], step: [1197/1543], batch loss: 0.14401, batch accuracy: 88.96, data load time: 0.03288, step time: 0.07417
epoch: [14], step: [1297/1543], batch loss: 0.16677, batch accuracy: 90.58, data load time: 0.01602, step time: 0.07428
epoch: [14], step: [1397/1543], batch loss: 0.14105, batch accuracy: 93.27, data load time: 0.03714, step time: 0.07451
epoch: [14], step: [1497/1543], batch loss: 0.13394, batch accuracy: 93.51, data load time: 0.02410, step time: 0.06936
EVALUATION METRICS:
-------------------------------------------------------------

Validation AUC Score: 0.8898

-------------------------------------------------------------
validation loss: 0.13383, accuracy: 88.98
epoch: [15], step: [54/1543], batch loss: 0.08381, batch accuracy: 97.48, data load time: 0.04088, step time: 0.06717
epoch: [15], step: [154/1543], batch loss: 0.13950, batch accuracy: 85.19, data load time: 0.01667, step time: 0.06841
epoch: [15], step: [254/1543], batch loss: 0.13512, batch accuracy: 89.82, data load time: 0.04367, step time: 0.06926
epoch: [15], step: [354/1543], batch loss: 0.13787, batch accuracy: 94.91, data load time: 0.04024, step time: 0.07067
epoch: [15], step: [454/1543], batch loss: 0.12197, batch accuracy: 97.09, data load time: 0.02646, step time: 0.07270
epoch: [15], step: [554/1543], batch loss: 0.14171, batch accuracy: 91.47, data load time: 0.02988, step time: 0.06770
epoch: [15], step: [654/1543], batch loss: 0.15074, batch accuracy: 91.83, data load time: 0.03881, step time: 0.07128
epoch: [15], step: [754/1543], batch loss: 0.12404, batch accuracy: 94.00, data load time: 0.04103, step time: 0.06992
epoch: [15], step: [854/1543], batch loss: 0.09709, batch accuracy: 93.17, data load time: 0.03198, step time: 0.06849
epoch: [15], step: [954/1543], batch loss: 0.12075, batch accuracy: 93.32, data load time: 0.05054, step time: 0.07480
epoch: [15], step: [1054/1543], batch loss: 0.15382, batch accuracy: 87.36, data load time: 0.01614, step time: 0.06859
epoch: [15], step: [1154/1543], batch loss: 0.13716, batch accuracy: 91.04, data load time: 0.02912, step time: 0.07136
epoch: [15], step: [1254/1543], batch loss: 0.08495, batch accuracy: 92.83, data load time: 0.03121, step time: 0.06990
epoch: [15], step: [1354/1543], batch loss: 0.15321, batch accuracy: 92.15, data load time: 0.06004, step time: 0.07415
epoch: [15], step: [1454/1543], batch loss: 0.12799, batch accuracy: 90.49, data load time: 0.04241, step time: 0.06927
EVALUATION METRICS:
-------------------------------------------------------------

Validation AUC Score: 0.8892

-------------------------------------------------------------
validation loss: 0.13381, accuracy: 88.92
epoch: [16], step: [11/1543], batch loss: 0.11784, batch accuracy: 96.74, data load time: 0.02281, step time: 0.07332
epoch: [16], step: [111/1543], batch loss: 0.10478, batch accuracy: 95.10, data load time: 0.00699, step time: 0.07044
epoch: [16], step: [211/1543], batch loss: 0.08778, batch accuracy: 94.44, data load time: 0.00970, step time: 0.07047
epoch: [16], step: [311/1543], batch loss: 0.15378, batch accuracy: 91.16, data load time: 0.00864, step time: 0.07191
epoch: [16], step: [411/1543], batch loss: 0.13280, batch accuracy: 93.65, data load time: 0.04477, step time: 0.07197
epoch: [16], step: [511/1543], batch loss: 0.09672, batch accuracy: 96.71, data load time: 0.03359, step time: 0.07334
epoch: [16], step: [611/1543], batch loss: 0.13281, batch accuracy: 91.34, data load time: 0.05617, step time: 0.07176
epoch: [16], step: [711/1543], batch loss: 0.13070, batch accuracy: 94.48, data load time: 0.06568, step time: 0.07082
epoch: [16], step: [811/1543], batch loss: 0.11781, batch accuracy: 88.38, data load time: 0.04682, step time: 0.06853
epoch: [16], step: [911/1543], batch loss: 0.13359, batch accuracy: 93.39, data load time: 0.02954, step time: 0.07195
epoch: [16], step: [1011/1543], batch loss: 0.13565, batch accuracy: 87.88, data load time: 0.01399, step time: 0.07256
epoch: [16], step: [1111/1543], batch loss: 0.10585, batch accuracy: 94.25, data load time: 0.04779, step time: 0.06941
epoch: [16], step: [1211/1543], batch loss: 0.10377, batch accuracy: 95.17, data load time: 0.06892, step time: 0.06922
epoch: [16], step: [1311/1543], batch loss: 0.10822, batch accuracy: 96.44, data load time: 0.01300, step time: 0.07281
epoch: [16], step: [1411/1543], batch loss: 0.11795, batch accuracy: 91.37, data load time: 0.05492, step time: 0.07116
epoch: [16], step: [1511/1543], batch loss: 0.10952, batch accuracy: 92.04, data load time: 0.03013, step time: 0.06549
EVALUATION METRICS:
-------------------------------------------------------------

Validation AUC Score: 0.8900

-------------------------------------------------------------
validation loss: 0.13350, accuracy: 89.00
epoch: [17], step: [68/1543], batch loss: 0.11885, batch accuracy: 94.54, data load time: 0.08097, step time: 0.06947
epoch: [17], step: [168/1543], batch loss: 0.11437, batch accuracy: 90.52, data load time: 0.06114, step time: 0.06734
epoch: [17], step: [268/1543], batch loss: 0.12233, batch accuracy: 96.23, data load time: 0.09534, step time: 0.07138
epoch: [17], step: [368/1543], batch loss: 0.11058, batch accuracy: 92.25, data load time: 0.09527, step time: 0.06791
epoch: [17], step: [468/1543], batch loss: 0.10107, batch accuracy: 90.79, data load time: 0.11676, step time: 0.06655
epoch: [17], step: [568/1543], batch loss: 0.13087, batch accuracy: 91.06, data load time: 0.09104, step time: 0.07414
epoch: [17], step: [668/1543], batch loss: 0.10853, batch accuracy: 93.62, data load time: 0.10503, step time: 0.07069
epoch: [17], step: [768/1543], batch loss: 0.11919, batch accuracy: 90.21, data load time: 0.09667, step time: 0.07169
epoch: [17], step: [868/1543], batch loss: 0.10237, batch accuracy: 92.73, data load time: 0.05830, step time: 0.06791
epoch: [17], step: [968/1543], batch loss: 0.16289, batch accuracy: 92.09, data load time: 0.10256, step time: 0.07281
epoch: [17], step: [1068/1543], batch loss: 0.11234, batch accuracy: 94.63, data load time: 0.09978, step time: 0.06917
epoch: [17], step: [1168/1543], batch loss: 0.10597, batch accuracy: 91.11, data load time: 0.09822, step time: 0.06707
epoch: [17], step: [1268/1543], batch loss: 0.07265, batch accuracy: 96.84, data load time: 0.11671, step time: 0.06844
epoch: [17], step: [1368/1543], batch loss: 0.12288, batch accuracy: 87.40, data load time: 0.09548, step time: 0.07068
epoch: [17], step: [1468/1543], batch loss: 0.09319, batch accuracy: 94.73, data load time: 0.09904, step time: 0.06364
EVALUATION METRICS:
-------------------------------------------------------------

Validation AUC Score: 0.8891

-------------------------------------------------------------
validation loss: 0.13353, accuracy: 88.91
epoch: [18], step: [25/1543], batch loss: 0.09059, batch accuracy: 97.57, data load time: 0.10387, step time: 0.07056
epoch: [18], step: [125/1543], batch loss: 0.11699, batch accuracy: 93.57, data load time: 0.06172, step time: 0.07142
epoch: [18], step: [225/1543], batch loss: 0.10313, batch accuracy: 97.29, data load time: 0.08462, step time: 0.07062
epoch: [18], step: [325/1543], batch loss: 0.12147, batch accuracy: 93.84, data load time: 0.15555, step time: 0.07070
epoch: [18], step: [425/1543], batch loss: 0.13330, batch accuracy: 95.53, data load time: 0.07297, step time: 0.06852
epoch: [18], step: [525/1543], batch loss: 0.10446, batch accuracy: 92.76, data load time: 0.03447, step time: 0.06989
epoch: [18], step: [625/1543], batch loss: 0.13481, batch accuracy: 93.29, data load time: 0.11449, step time: 0.07409
epoch: [18], step: [725/1543], batch loss: 0.10360, batch accuracy: 93.90, data load time: 0.08737, step time: 0.06992
epoch: [18], step: [825/1543], batch loss: 0.09282, batch accuracy: 95.17, data load time: 0.06366, step time: 0.07196
epoch: [18], step: [925/1543], batch loss: 0.12784, batch accuracy: 89.26, data load time: 0.08601, step time: 0.07150
epoch: [18], step: [1025/1543], batch loss: 0.12248, batch accuracy: 91.26, data load time: 0.12563, step time: 0.07679
epoch: [18], step: [1125/1543], batch loss: 0.08491, batch accuracy: 93.67, data load time: 0.09109, step time: 0.06706
epoch: [18], step: [1225/1543], batch loss: 0.09451, batch accuracy: 95.66, data load time: 0.09865, step time: 0.07265
epoch: [18], step: [1325/1543], batch loss: 0.10434, batch accuracy: 92.49, data load time: 0.08300, step time: 0.06634
epoch: [18], step: [1425/1543], batch loss: 0.08747, batch accuracy: 98.00, data load time: 0.07009, step time: 0.06774
epoch: [18], step: [1525/1543], batch loss: 0.08242, batch accuracy: 99.48, data load time: 0.11004, step time: 0.06357
EVALUATION METRICS:
-------------------------------------------------------------

Validation AUC Score: 0.8863

-------------------------------------------------------------
validation loss: 0.13581, accuracy: 88.63
epoch: [19], step: [82/1543], batch loss: 0.09119, batch accuracy: 96.02, data load time: 0.05197, step time: 0.06506
epoch: [19], step: [182/1543], batch loss: 0.13692, batch accuracy: 92.92, data load time: 0.03099, step time: 0.06997
epoch: [19], step: [282/1543], batch loss: 0.12886, batch accuracy: 88.56, data load time: 0.05369, step time: 0.06861
epoch: [19], step: [382/1543], batch loss: 0.13104, batch accuracy: 95.89, data load time: 0.05754, step time: 0.07208
epoch: [19], step: [482/1543], batch loss: 0.11734, batch accuracy: 96.01, data load time: 0.06753, step time: 0.07293
epoch: [19], step: [582/1543], batch loss: 0.12109, batch accuracy: 94.25, data load time: 0.07804, step time: 0.07275
epoch: [19], step: [682/1543], batch loss: 0.09318, batch accuracy: 94.49, data load time: 0.05698, step time: 0.07050
epoch: [19], step: [782/1543], batch loss: 0.15868, batch accuracy: 96.31, data load time: 0.06704, step time: 0.07639
epoch: [19], step: [882/1543], batch loss: 0.09056, batch accuracy: 92.26, data load time: 0.05885, step time: 0.06705
epoch: [19], step: [982/1543], batch loss: 0.09763, batch accuracy: 96.42, data load time: 0.07833, step time: 0.07277
epoch: [19], step: [1082/1543], batch loss: 0.09338, batch accuracy: 98.04, data load time: 0.06163, step time: 0.07341
epoch: [19], step: [1182/1543], batch loss: 0.14318, batch accuracy: 90.37, data load time: 0.06203, step time: 0.07199
epoch: [19], step: [1282/1543], batch loss: 0.12428, batch accuracy: 93.04, data load time: 0.09265, step time: 0.06931
epoch: [19], step: [1382/1543], batch loss: 0.10615, batch accuracy: 94.97, data load time: 0.08080, step time: 0.07213
epoch: [19], step: [1482/1543], batch loss: 0.10916, batch accuracy: 89.71, data load time: 0.02571, step time: 0.06787
EVALUATION METRICS:
-------------------------------------------------------------

Validation AUC Score: 0.8872

-------------------------------------------------------------
validation loss: 0.13464, accuracy: 88.72
EVALUATION METRICS:
-------------------------------------------------------------


-------------------------------------------------------------
validation loss: 0.38160, accuracy: 89.97
