Loading data from /mnt/storage/scratch/ee20947/MagnaTagATune/annotations/train.pkl...
Loading data from /mnt/storage/scratch/ee20947/MagnaTagATune/annotations/train.pkl...
Loading data from /mnt/storage/scratch/ee20947/MagnaTagATune/annotations/val.pkl...
Loading data from /mnt/storage/scratch/ee20947/MagnaTagATune/annotations/test.pkl...
Writing logs to logs/CNN_sgd_momentum=0.93_learning_rate=0.2_conv_length=256_conv_stride=256_batch_size=10_epochs=30_weight_decay=1e-05_extension=ExtraCNN_run_12
epoch: [0], step: [99/1543], batch loss: 0.16175, batch accuracy: 68.60, data load time: 0.21928, step time: 0.03617
epoch: [0], step: [199/1543], batch loss: 0.21120, batch accuracy: 56.61, data load time: 0.25181, step time: 0.03481
epoch: [0], step: [299/1543], batch loss: 0.18538, batch accuracy: 65.24, data load time: 0.18973, step time: 0.03674
epoch: [0], step: [399/1543], batch loss: 0.21350, batch accuracy: 69.99, data load time: 0.19389, step time: 0.03838
epoch: [0], step: [499/1543], batch loss: 0.23063, batch accuracy: 72.35, data load time: 0.20705, step time: 0.03830
epoch: [0], step: [599/1543], batch loss: 0.22116, batch accuracy: 69.44, data load time: 0.20069, step time: 0.03777
epoch: [0], step: [699/1543], batch loss: 0.15365, batch accuracy: 75.16, data load time: 0.22457, step time: 0.03410
epoch: [0], step: [799/1543], batch loss: 0.16471, batch accuracy: 68.42, data load time: 0.25066, step time: 0.03602
epoch: [0], step: [899/1543], batch loss: 0.24905, batch accuracy: 63.88, data load time: 0.21585, step time: 0.03964
epoch: [0], step: [999/1543], batch loss: 0.19779, batch accuracy: 64.12, data load time: 0.19103, step time: 0.03674
epoch: [0], step: [1099/1543], batch loss: 0.16988, batch accuracy: 69.33, data load time: 0.23033, step time: 0.03375
epoch: [0], step: [1199/1543], batch loss: 0.22128, batch accuracy: 72.92, data load time: 0.22419, step time: 0.03670
epoch: [0], step: [1299/1543], batch loss: 0.17707, batch accuracy: 84.68, data load time: 0.19807, step time: 0.03668
epoch: [0], step: [1399/1543], batch loss: 0.18365, batch accuracy: 73.08, data load time: 0.23233, step time: 0.03602
epoch: [0], step: [1499/1543], batch loss: 0.21441, batch accuracy: 80.70, data load time: 0.23033, step time: 0.04158
epoch: [1], step: [56/1543], batch loss: 0.21048, batch accuracy: 79.72, data load time: 0.13614, step time: 0.03915
epoch: [1], step: [156/1543], batch loss: 0.19414, batch accuracy: 75.75, data load time: 0.13465, step time: 0.03746
epoch: [1], step: [256/1543], batch loss: 0.18667, batch accuracy: 75.39, data load time: 0.11108, step time: 0.03894
epoch: [1], step: [356/1543], batch loss: 0.20609, batch accuracy: 64.65, data load time: 0.11389, step time: 0.03684
epoch: [1], step: [456/1543], batch loss: 0.20008, batch accuracy: 81.81, data load time: 0.24027, step time: 0.03629
epoch: [1], step: [556/1543], batch loss: 0.17668, batch accuracy: 86.68, data load time: 0.19083, step time: 0.03391
epoch: [1], step: [656/1543], batch loss: 0.19369, batch accuracy: 78.44, data load time: 0.19297, step time: 0.03901
epoch: [1], step: [756/1543], batch loss: 0.17347, batch accuracy: 75.33, data load time: 0.20751, step time: 0.03606
epoch: [1], step: [856/1543], batch loss: 0.16663, batch accuracy: 86.04, data load time: 0.16920, step time: 0.03685
epoch: [1], step: [956/1543], batch loss: 0.22288, batch accuracy: 72.06, data load time: 0.24257, step time: 0.03901
epoch: [1], step: [1056/1543], batch loss: 0.24661, batch accuracy: 73.76, data load time: 0.20889, step time: 0.03904
epoch: [1], step: [1156/1543], batch loss: 0.19252, batch accuracy: 68.46, data load time: 0.21940, step time: 0.03963
epoch: [1], step: [1256/1543], batch loss: 0.20678, batch accuracy: 70.99, data load time: 0.21686, step time: 0.03973
epoch: [1], step: [1356/1543], batch loss: 0.18878, batch accuracy: 78.00, data load time: 0.25083, step time: 0.03610
epoch: [1], step: [1456/1543], batch loss: 0.21194, batch accuracy: 69.32, data load time: 0.22414, step time: 0.03988
epoch: [2], step: [13/1543], batch loss: 0.27404, batch accuracy: 75.15, data load time: 0.23435, step time: 0.04552
epoch: [2], step: [113/1543], batch loss: 0.19174, batch accuracy: 78.60, data load time: 0.06262, step time: 0.03545
epoch: [2], step: [213/1543], batch loss: 0.21284, batch accuracy: 81.14, data load time: 0.14508, step time: 0.03973
epoch: [2], step: [313/1543], batch loss: 0.17577, batch accuracy: 78.73, data load time: 0.11279, step time: 0.03696
epoch: [2], step: [413/1543], batch loss: 0.17163, batch accuracy: 70.93, data load time: 0.14989, step time: 0.03771
epoch: [2], step: [513/1543], batch loss: 0.18536, batch accuracy: 84.33, data load time: 0.16341, step time: 0.03756
epoch: [2], step: [613/1543], batch loss: 0.20209, batch accuracy: 69.88, data load time: 0.21240, step time: 0.03829
epoch: [2], step: [713/1543], batch loss: 0.25213, batch accuracy: 62.43, data load time: 0.16557, step time: 0.03823
epoch: [2], step: [813/1543], batch loss: 0.18418, batch accuracy: 76.13, data load time: 0.13009, step time: 0.03891
epoch: [2], step: [913/1543], batch loss: 0.17411, batch accuracy: 81.42, data load time: 0.17027, step time: 0.04068
epoch: [2], step: [1013/1543], batch loss: 0.17010, batch accuracy: 86.23, data load time: 0.23200, step time: 0.03924
epoch: [2], step: [1113/1543], batch loss: 0.14265, batch accuracy: 74.31, data load time: 0.23126, step time: 0.03399
epoch: [2], step: [1213/1543], batch loss: 0.22099, batch accuracy: 76.52, data load time: 0.21815, step time: 0.04077
epoch: [2], step: [1313/1543], batch loss: 0.15202, batch accuracy: 84.54, data load time: 0.21686, step time: 0.03407
epoch: [2], step: [1413/1543], batch loss: 0.13481, batch accuracy: 84.50, data load time: 0.27003, step time: 0.03551
epoch: [2], step: [1513/1543], batch loss: 0.17209, batch accuracy: 84.72, data load time: 0.22745, step time: 0.03842
epoch: [3], step: [70/1543], batch loss: 0.20661, batch accuracy: 71.10, data load time: 0.11654, step time: 0.03540
epoch: [3], step: [170/1543], batch loss: 0.21600, batch accuracy: 80.28, data load time: 0.10712, step time: 0.04056
epoch: [3], step: [270/1543], batch loss: 0.23458, batch accuracy: 76.78, data load time: 0.07144, step time: 0.04061
epoch: [3], step: [370/1543], batch loss: 0.16318, batch accuracy: 82.76, data load time: 0.16976, step time: 0.03539
epoch: [3], step: [470/1543], batch loss: 0.17751, batch accuracy: 80.87, data load time: 0.13524, step time: 0.03904
epoch: [3], step: [570/1543], batch loss: 0.20976, batch accuracy: 77.43, data load time: 0.09431, step time: 0.03954
epoch: [3], step: [670/1543], batch loss: 0.22016, batch accuracy: 61.98, data load time: 0.19177, step time: 0.03688
epoch: [3], step: [770/1543], batch loss: 0.14983, batch accuracy: 88.15, data load time: 0.16782, step time: 0.03780
epoch: [3], step: [870/1543], batch loss: 0.21857, batch accuracy: 76.50, data load time: 0.15514, step time: 0.03901
epoch: [3], step: [970/1543], batch loss: 0.18692, batch accuracy: 79.78, data load time: 0.20982, step time: 0.04089
epoch: [3], step: [1070/1543], batch loss: 0.16032, batch accuracy: 78.47, data load time: 0.19247, step time: 0.03307
epoch: [3], step: [1170/1543], batch loss: 0.18782, batch accuracy: 69.61, data load time: 0.18055, step time: 0.03483
epoch: [3], step: [1270/1543], batch loss: 0.14329, batch accuracy: 85.34, data load time: 0.21148, step time: 0.03759
epoch: [3], step: [1370/1543], batch loss: 0.18909, batch accuracy: 86.34, data load time: 0.20524, step time: 0.04042
epoch: [3], step: [1470/1543], batch loss: 0.15811, batch accuracy: 81.18, data load time: 0.20559, step time: 0.03622
epoch: [4], step: [27/1543], batch loss: 0.18389, batch accuracy: 82.61, data load time: 0.08562, step time: 0.03467
epoch: [4], step: [127/1543], batch loss: 0.17278, batch accuracy: 79.39, data load time: 0.08075, step time: 0.03613
epoch: [4], step: [227/1543], batch loss: 0.17926, batch accuracy: 72.09, data load time: 0.10787, step time: 0.04141
epoch: [4], step: [327/1543], batch loss: 0.18785, batch accuracy: 78.22, data load time: 0.15876, step time: 0.03822
epoch: [4], step: [427/1543], batch loss: 0.17871, batch accuracy: 84.74, data load time: 0.15616, step time: 0.03722
epoch: [4], step: [527/1543], batch loss: 0.13655, batch accuracy: 83.95, data load time: 0.12973, step time: 0.03772
epoch: [4], step: [627/1543], batch loss: 0.17516, batch accuracy: 82.78, data load time: 0.19216, step time: 0.04283
epoch: [4], step: [727/1543], batch loss: 0.20263, batch accuracy: 78.42, data load time: 0.23169, step time: 0.03899
epoch: [4], step: [827/1543], batch loss: 0.17813, batch accuracy: 78.95, data load time: 0.19448, step time: 0.03748
epoch: [4], step: [927/1543], batch loss: 0.17111, batch accuracy: 82.30, data load time: 0.24168, step time: 0.03816
epoch: [4], step: [1027/1543], batch loss: 0.17698, batch accuracy: 86.06, data load time: 0.14804, step time: 0.04112
epoch: [4], step: [1127/1543], batch loss: 0.19792, batch accuracy: 68.78, data load time: 0.20671, step time: 0.04024
epoch: [4], step: [1227/1543], batch loss: 0.18032, batch accuracy: 65.56, data load time: 0.18411, step time: 0.03544
epoch: [4], step: [1327/1543], batch loss: 0.16385, batch accuracy: 89.86, data load time: 0.27868, step time: 0.03888
epoch: [4], step: [1427/1543], batch loss: 0.14393, batch accuracy: 93.60, data load time: 0.28097, step time: 0.03602
epoch: [4], step: [1527/1543], batch loss: 0.11711, batch accuracy: 90.22, data load time: 0.29708, step time: 0.03395
EVALUATION METRICS:
-------------------------------------------------------------

Validation: AUC Score: 0.8195

-------------------------------------------------------------
validation loss: 0.17358, accuracy: 81.95
epoch: [5], step: [84/1543], batch loss: 0.17469, batch accuracy: 79.48, data load time: 0.25817, step time: 0.03752
epoch: [5], step: [184/1543], batch loss: 0.15937, batch accuracy: 86.94, data load time: 0.22508, step time: 0.03695
epoch: [5], step: [284/1543], batch loss: 0.12817, batch accuracy: 86.30, data load time: 0.23983, step time: 0.03250
epoch: [5], step: [384/1543], batch loss: 0.19768, batch accuracy: 73.75, data load time: 0.24590, step time: 0.03671
epoch: [5], step: [484/1543], batch loss: 0.19413, batch accuracy: 82.39, data load time: 0.21835, step time: 0.03666
epoch: [5], step: [584/1543], batch loss: 0.14488, batch accuracy: 86.88, data load time: 0.25693, step time: 0.03319
epoch: [5], step: [684/1543], batch loss: 0.20523, batch accuracy: 80.56, data load time: 0.22377, step time: 0.03970
epoch: [5], step: [784/1543], batch loss: 0.14726, batch accuracy: 82.08, data load time: 0.25172, step time: 0.03945
epoch: [5], step: [884/1543], batch loss: 0.20365, batch accuracy: 82.00, data load time: 0.29502, step time: 0.04124
epoch: [5], step: [984/1543], batch loss: 0.16923, batch accuracy: 84.31, data load time: 0.24693, step time: 0.03820
epoch: [5], step: [1084/1543], batch loss: 0.16587, batch accuracy: 89.92, data load time: 0.22386, step time: 0.04036
epoch: [5], step: [1184/1543], batch loss: 0.15256, batch accuracy: 84.76, data load time: 0.22851, step time: 0.03539
epoch: [5], step: [1284/1543], batch loss: 0.18757, batch accuracy: 74.41, data load time: 0.21720, step time: 0.03996
epoch: [5], step: [1384/1543], batch loss: 0.17308, batch accuracy: 81.62, data load time: 0.23216, step time: 0.04082
epoch: [5], step: [1484/1543], batch loss: 0.18199, batch accuracy: 80.32, data load time: 0.28797, step time: 0.04019
epoch: [6], step: [41/1543], batch loss: 0.20432, batch accuracy: 82.28, data load time: 0.08139, step time: 0.03891
epoch: [6], step: [141/1543], batch loss: 0.12428, batch accuracy: 93.77, data load time: 0.15672, step time: 0.03607
epoch: [6], step: [241/1543], batch loss: 0.15004, batch accuracy: 77.82, data load time: 0.21240, step time: 0.03329
epoch: [6], step: [341/1543], batch loss: 0.18611, batch accuracy: 86.62, data load time: 0.21927, step time: 0.03971
epoch: [6], step: [441/1543], batch loss: 0.15735, batch accuracy: 83.30, data load time: 0.29015, step time: 0.03629
epoch: [6], step: [541/1543], batch loss: 0.17999, batch accuracy: 80.68, data load time: 0.23038, step time: 0.03836
epoch: [6], step: [641/1543], batch loss: 0.17927, batch accuracy: 83.09, data load time: 0.25255, step time: 0.03677
epoch: [6], step: [741/1543], batch loss: 0.17662, batch accuracy: 76.43, data load time: 0.23849, step time: 0.03709
epoch: [6], step: [841/1543], batch loss: 0.16754, batch accuracy: 87.09, data load time: 0.24497, step time: 0.03614
epoch: [6], step: [941/1543], batch loss: 0.13676, batch accuracy: 95.57, data load time: 0.22005, step time: 0.03764
epoch: [6], step: [1041/1543], batch loss: 0.13840, batch accuracy: 82.71, data load time: 0.26064, step time: 0.03325
epoch: [6], step: [1141/1543], batch loss: 0.16056, batch accuracy: 84.11, data load time: 0.22983, step time: 0.03547
epoch: [6], step: [1241/1543], batch loss: 0.15652, batch accuracy: 86.23, data load time: 0.29670, step time: 0.03698
epoch: [6], step: [1341/1543], batch loss: 0.14525, batch accuracy: 86.62, data load time: 0.26313, step time: 0.03831
epoch: [6], step: [1441/1543], batch loss: 0.16772, batch accuracy: 85.51, data load time: 0.23127, step time: 0.03410
epoch: [6], step: [1541/1543], batch loss: 0.21041, batch accuracy: 72.78, data load time: 0.25201, step time: 0.03624
epoch: [7], step: [98/1543], batch loss: 0.18302, batch accuracy: 91.05, data load time: 0.23580, step time: 0.03900
epoch: [7], step: [198/1543], batch loss: 0.19666, batch accuracy: 85.38, data load time: 0.22208, step time: 0.04084
epoch: [7], step: [298/1543], batch loss: 0.13352, batch accuracy: 89.13, data load time: 0.34928, step time: 0.03694
epoch: [7], step: [398/1543], batch loss: 0.22931, batch accuracy: 81.47, data load time: 0.24585, step time: 0.04121
epoch: [7], step: [498/1543], batch loss: 0.14417, batch accuracy: 82.25, data load time: 0.25586, step time: 0.03483
epoch: [7], step: [598/1543], batch loss: 0.19489, batch accuracy: 90.73, data load time: 0.19909, step time: 0.04382
epoch: [7], step: [698/1543], batch loss: 0.15585, batch accuracy: 81.34, data load time: 0.20947, step time: 0.03841
epoch: [7], step: [798/1543], batch loss: 0.18324, batch accuracy: 76.58, data load time: 0.24294, step time: 0.03917
epoch: [7], step: [898/1543], batch loss: 0.13209, batch accuracy: 81.10, data load time: 0.24596, step time: 0.03551
epoch: [7], step: [998/1543], batch loss: 0.18774, batch accuracy: 87.51, data load time: 0.20189, step time: 0.04056
epoch: [7], step: [1098/1543], batch loss: 0.15898, batch accuracy: 86.81, data load time: 0.24702, step time: 0.03897
epoch: [7], step: [1198/1543], batch loss: 0.18165, batch accuracy: 82.42, data load time: 0.24830, step time: 0.04119
epoch: [7], step: [1298/1543], batch loss: 0.14688, batch accuracy: 81.71, data load time: 0.32651, step time: 0.03493
epoch: [7], step: [1398/1543], batch loss: 0.18802, batch accuracy: 81.76, data load time: 0.26834, step time: 0.04049
epoch: [7], step: [1498/1543], batch loss: 0.16861, batch accuracy: 89.36, data load time: 0.21812, step time: 0.03759
epoch: [8], step: [55/1543], batch loss: 0.16510, batch accuracy: 83.81, data load time: 0.22420, step time: 0.03889
epoch: [8], step: [155/1543], batch loss: 0.14298, batch accuracy: 93.22, data load time: 0.21817, step time: 0.03578
epoch: [8], step: [255/1543], batch loss: 0.16748, batch accuracy: 74.71, data load time: 0.24284, step time: 0.03549
epoch: [8], step: [355/1543], batch loss: 0.17036, batch accuracy: 82.64, data load time: 0.22719, step time: 0.03777
epoch: [8], step: [455/1543], batch loss: 0.14587, batch accuracy: 90.05, data load time: 0.23530, step time: 0.03536
epoch: [8], step: [555/1543], batch loss: 0.17008, batch accuracy: 82.39, data load time: 0.22698, step time: 0.03832
epoch: [8], step: [655/1543], batch loss: 0.15058, batch accuracy: 80.64, data load time: 0.22073, step time: 0.03121
epoch: [8], step: [755/1543], batch loss: 0.19883, batch accuracy: 85.22, data load time: 0.22764, step time: 0.04131
epoch: [8], step: [855/1543], batch loss: 0.17553, batch accuracy: 79.89, data load time: 0.24467, step time: 0.03765
epoch: [8], step: [955/1543], batch loss: 0.16742, batch accuracy: 86.82, data load time: 0.21850, step time: 0.03910
epoch: [8], step: [1055/1543], batch loss: 0.15798, batch accuracy: 87.07, data load time: 0.28091, step time: 0.03476
epoch: [8], step: [1155/1543], batch loss: 0.16176, batch accuracy: 82.39, data load time: 0.24615, step time: 0.03840
epoch: [8], step: [1255/1543], batch loss: 0.13762, batch accuracy: 85.46, data load time: 0.27510, step time: 0.03207
epoch: [8], step: [1355/1543], batch loss: 0.19200, batch accuracy: 81.80, data load time: 0.24031, step time: 0.03903
epoch: [8], step: [1455/1543], batch loss: 0.18149, batch accuracy: 83.80, data load time: 0.33788, step time: 0.03829
Epoch 00009: reducing learning rate of group 0 to 1.0000e-02.
epoch: [9], step: [12/1543], batch loss: 0.12294, batch accuracy: 90.66, data load time: 0.26697, step time: 0.03673
epoch: [9], step: [112/1543], batch loss: 0.14299, batch accuracy: 79.60, data load time: 0.19751, step time: 0.03424
epoch: [9], step: [212/1543], batch loss: 0.18782, batch accuracy: 80.85, data load time: 0.29090, step time: 0.03706
epoch: [9], step: [312/1543], batch loss: 0.15212, batch accuracy: 88.10, data load time: 0.22237, step time: 0.03993
epoch: [9], step: [412/1543], batch loss: 0.14194, batch accuracy: 87.50, data load time: 0.24071, step time: 0.03929
epoch: [9], step: [512/1543], batch loss: 0.17666, batch accuracy: 88.95, data load time: 0.23284, step time: 0.03915
epoch: [9], step: [612/1543], batch loss: 0.14625, batch accuracy: 87.58, data load time: 0.21661, step time: 0.03651
epoch: [9], step: [712/1543], batch loss: 0.15039, batch accuracy: 82.97, data load time: 0.23711, step time: 0.03638
epoch: [9], step: [812/1543], batch loss: 0.14654, batch accuracy: 86.56, data load time: 0.22234, step time: 0.03830
epoch: [9], step: [912/1543], batch loss: 0.15790, batch accuracy: 86.34, data load time: 0.22774, step time: 0.03988
epoch: [9], step: [1012/1543], batch loss: 0.19051, batch accuracy: 92.56, data load time: 0.25030, step time: 0.04285
epoch: [9], step: [1112/1543], batch loss: 0.14437, batch accuracy: 89.58, data load time: 0.22357, step time: 0.03844
epoch: [9], step: [1212/1543], batch loss: 0.16014, batch accuracy: 91.39, data load time: 0.23312, step time: 0.04055
epoch: [9], step: [1312/1543], batch loss: 0.23658, batch accuracy: 76.22, data load time: 0.23785, step time: 0.03977
epoch: [9], step: [1412/1543], batch loss: 0.15472, batch accuracy: 86.49, data load time: 0.26267, step time: 0.03982
epoch: [9], step: [1512/1543], batch loss: 0.11800, batch accuracy: 84.60, data load time: 0.23484, step time: 0.03185
EVALUATION METRICS:
-------------------------------------------------------------

Validation: AUC Score: 0.8350

-------------------------------------------------------------
validation loss: 0.16247, accuracy: 83.50
epoch: [10], step: [69/1543], batch loss: 0.15781, batch accuracy: 86.15, data load time: 0.24696, step time: 0.03601
epoch: [10], step: [169/1543], batch loss: 0.15962, batch accuracy: 86.02, data load time: 0.25904, step time: 0.03839
epoch: [10], step: [269/1543], batch loss: 0.17898, batch accuracy: 86.90, data load time: 0.27115, step time: 0.04042
epoch: [10], step: [369/1543], batch loss: 0.18878, batch accuracy: 76.62, data load time: 0.23591, step time: 0.03777
epoch: [10], step: [469/1543], batch loss: 0.19971, batch accuracy: 83.41, data load time: 0.24382, step time: 0.04047
epoch: [10], step: [569/1543], batch loss: 0.18170, batch accuracy: 81.45, data load time: 0.29463, step time: 0.03820
epoch: [10], step: [669/1543], batch loss: 0.15512, batch accuracy: 86.77, data load time: 0.24807, step time: 0.03680
epoch: [10], step: [769/1543], batch loss: 0.19397, batch accuracy: 87.04, data load time: 0.24563, step time: 0.03958
epoch: [10], step: [869/1543], batch loss: 0.16557, batch accuracy: 80.60, data load time: 0.22339, step time: 0.03676
epoch: [10], step: [969/1543], batch loss: 0.16707, batch accuracy: 79.84, data load time: 0.28962, step time: 0.03700
epoch: [10], step: [1069/1543], batch loss: 0.13491, batch accuracy: 93.67, data load time: 0.28961, step time: 0.03606
epoch: [10], step: [1169/1543], batch loss: 0.15146, batch accuracy: 80.71, data load time: 0.24563, step time: 0.03542
epoch: [10], step: [1269/1543], batch loss: 0.16086, batch accuracy: 88.45, data load time: 0.24226, step time: 0.04046
epoch: [10], step: [1369/1543], batch loss: 0.19669, batch accuracy: 88.92, data load time: 0.24453, step time: 0.03895
epoch: [10], step: [1469/1543], batch loss: 0.13661, batch accuracy: 91.26, data load time: 0.26456, step time: 0.03760
epoch: [11], step: [26/1543], batch loss: 0.16416, batch accuracy: 84.89, data load time: 0.19175, step time: 0.04071
epoch: [11], step: [126/1543], batch loss: 0.13498, batch accuracy: 87.34, data load time: 0.26307, step time: 0.03478
epoch: [11], step: [226/1543], batch loss: 0.11793, batch accuracy: 91.75, data load time: 0.27082, step time: 0.03478
epoch: [11], step: [326/1543], batch loss: 0.12063, batch accuracy: 88.85, data load time: 0.23778, step time: 0.03682
epoch: [11], step: [426/1543], batch loss: 0.10912, batch accuracy: 92.44, data load time: 0.21366, step time: 0.03470
epoch: [11], step: [526/1543], batch loss: 0.18509, batch accuracy: 72.60, data load time: 0.23713, step time: 0.03381
epoch: [11], step: [626/1543], batch loss: 0.14672, batch accuracy: 85.03, data load time: 0.31213, step time: 0.03689
epoch: [11], step: [726/1543], batch loss: 0.22130, batch accuracy: 89.89, data load time: 0.22613, step time: 0.04265
epoch: [11], step: [826/1543], batch loss: 0.17985, batch accuracy: 79.07, data load time: 0.21471, step time: 0.03627
epoch: [11], step: [926/1543], batch loss: 0.14675, batch accuracy: 84.49, data load time: 0.24340, step time: 0.03686
epoch: [11], step: [1026/1543], batch loss: 0.16381, batch accuracy: 83.43, data load time: 0.22038, step time: 0.03676
epoch: [11], step: [1126/1543], batch loss: 0.16719, batch accuracy: 89.91, data load time: 0.23432, step time: 0.03895
epoch: [11], step: [1226/1543], batch loss: 0.15498, batch accuracy: 89.87, data load time: 0.24810, step time: 0.03748
epoch: [11], step: [1326/1543], batch loss: 0.13596, batch accuracy: 91.05, data load time: 0.24382, step time: 0.03690
epoch: [11], step: [1426/1543], batch loss: 0.13130, batch accuracy: 93.75, data load time: 0.23727, step time: 0.03677
epoch: [11], step: [1526/1543], batch loss: 0.16694, batch accuracy: 89.86, data load time: 0.25055, step time: 0.04132
epoch: [12], step: [83/1543], batch loss: 0.17764, batch accuracy: 82.02, data load time: 0.22560, step time: 0.03896
epoch: [12], step: [183/1543], batch loss: 0.19848, batch accuracy: 81.44, data load time: 0.24625, step time: 0.04139
epoch: [12], step: [283/1543], batch loss: 0.22253, batch accuracy: 80.21, data load time: 0.32217, step time: 0.04250
epoch: [12], step: [383/1543], batch loss: 0.13399, batch accuracy: 80.43, data load time: 0.28008, step time: 0.03563
epoch: [12], step: [483/1543], batch loss: 0.13292, batch accuracy: 86.74, data load time: 0.27471, step time: 0.03824
epoch: [12], step: [583/1543], batch loss: 0.16781, batch accuracy: 79.86, data load time: 0.25088, step time: 0.03648
epoch: [12], step: [683/1543], batch loss: 0.14455, batch accuracy: 87.21, data load time: 0.23884, step time: 0.03561
epoch: [12], step: [783/1543], batch loss: 0.13358, batch accuracy: 88.51, data load time: 0.23637, step time: 0.03706
epoch: [12], step: [883/1543], batch loss: 0.14292, batch accuracy: 86.17, data load time: 0.23506, step time: 0.03692
epoch: [12], step: [983/1543], batch loss: 0.19561, batch accuracy: 90.69, data load time: 0.22088, step time: 0.04531
epoch: [12], step: [1083/1543], batch loss: 0.15482, batch accuracy: 87.17, data load time: 0.22292, step time: 0.03908
epoch: [12], step: [1183/1543], batch loss: 0.15469, batch accuracy: 89.69, data load time: 0.22761, step time: 0.03694
epoch: [12], step: [1283/1543], batch loss: 0.18169, batch accuracy: 86.35, data load time: 0.24412, step time: 0.03680
epoch: [12], step: [1383/1543], batch loss: 0.16007, batch accuracy: 90.07, data load time: 0.29496, step time: 0.03855
epoch: [12], step: [1483/1543], batch loss: 0.15494, batch accuracy: 90.75, data load time: 0.25115, step time: 0.03862
epoch: [13], step: [40/1543], batch loss: 0.17543, batch accuracy: 81.50, data load time: 0.20417, step time: 0.03936
epoch: [13], step: [140/1543], batch loss: 0.15688, batch accuracy: 88.21, data load time: 0.27886, step time: 0.03581
epoch: [13], step: [240/1543], batch loss: 0.19756, batch accuracy: 87.22, data load time: 0.22140, step time: 0.04140
epoch: [13], step: [340/1543], batch loss: 0.16587, batch accuracy: 81.46, data load time: 0.29213, step time: 0.03633
epoch: [13], step: [440/1543], batch loss: 0.15427, batch accuracy: 88.87, data load time: 0.25711, step time: 0.04004
epoch: [13], step: [540/1543], batch loss: 0.14923, batch accuracy: 88.42, data load time: 0.24243, step time: 0.03842
epoch: [13], step: [640/1543], batch loss: 0.16574, batch accuracy: 87.59, data load time: 0.26881, step time: 0.03781
epoch: [13], step: [740/1543], batch loss: 0.14513, batch accuracy: 80.18, data load time: 0.21808, step time: 0.03870
epoch: [13], step: [840/1543], batch loss: 0.18137, batch accuracy: 84.40, data load time: 0.25509, step time: 0.03834
epoch: [13], step: [940/1543], batch loss: 0.17643, batch accuracy: 85.65, data load time: 0.22718, step time: 0.03840
epoch: [13], step: [1040/1543], batch loss: 0.18116, batch accuracy: 84.18, data load time: 0.25356, step time: 0.04066
epoch: [13], step: [1140/1543], batch loss: 0.11977, batch accuracy: 92.63, data load time: 0.26468, step time: 0.03630
epoch: [13], step: [1240/1543], batch loss: 0.19195, batch accuracy: 84.04, data load time: 0.25792, step time: 0.03762
epoch: [13], step: [1340/1543], batch loss: 0.13049, batch accuracy: 89.34, data load time: 0.23271, step time: 0.03922
epoch: [13], step: [1440/1543], batch loss: 0.13836, batch accuracy: 87.32, data load time: 0.25567, step time: 0.03539
epoch: [13], step: [1540/1543], batch loss: 0.15885, batch accuracy: 84.36, data load time: 0.21296, step time: 0.03955
epoch: [14], step: [97/1543], batch loss: 0.16778, batch accuracy: 85.96, data load time: 0.22848, step time: 0.03646
epoch: [14], step: [197/1543], batch loss: 0.12884, batch accuracy: 90.66, data load time: 0.25572, step time: 0.03567
epoch: [14], step: [297/1543], batch loss: 0.24016, batch accuracy: 76.95, data load time: 0.23896, step time: 0.04344
epoch: [14], step: [397/1543], batch loss: 0.14260, batch accuracy: 88.40, data load time: 0.22087, step time: 0.03714
epoch: [14], step: [497/1543], batch loss: 0.17661, batch accuracy: 76.44, data load time: 0.21937, step time: 0.03652
epoch: [14], step: [597/1543], batch loss: 0.18740, batch accuracy: 83.88, data load time: 0.19932, step time: 0.03995
epoch: [14], step: [697/1543], batch loss: 0.16073, batch accuracy: 88.15, data load time: 0.24627, step time: 0.03778
epoch: [14], step: [797/1543], batch loss: 0.14536, batch accuracy: 87.57, data load time: 0.20627, step time: 0.03736
epoch: [14], step: [897/1543], batch loss: 0.13760, batch accuracy: 91.07, data load time: 0.18120, step time: 0.03336
epoch: [14], step: [997/1543], batch loss: 0.18329, batch accuracy: 79.07, data load time: 0.27372, step time: 0.03842
epoch: [14], step: [1097/1543], batch loss: 0.14451, batch accuracy: 88.40, data load time: 0.26969, step time: 0.03613
epoch: [14], step: [1197/1543], batch loss: 0.19004, batch accuracy: 92.55, data load time: 0.24807, step time: 0.04122
epoch: [14], step: [1297/1543], batch loss: 0.15544, batch accuracy: 82.87, data load time: 0.23951, step time: 0.03844
epoch: [14], step: [1397/1543], batch loss: 0.17445, batch accuracy: 86.63, data load time: 0.23120, step time: 0.03974
epoch: [14], step: [1497/1543], batch loss: 0.15457, batch accuracy: 83.15, data load time: 0.17947, step time: 0.03696
Epoch 00015: reducing learning rate of group 0 to 5.0000e-04.
EVALUATION METRICS:
-------------------------------------------------------------

Validation: AUC Score: 0.8354

-------------------------------------------------------------
validation loss: 0.16863, accuracy: 83.54
epoch: [15], step: [54/1543], batch loss: 0.16856, batch accuracy: 89.38, data load time: 0.11337, step time: 0.03854
epoch: [15], step: [154/1543], batch loss: 0.17111, batch accuracy: 74.34, data load time: 0.15183, step time: 0.03687
epoch: [15], step: [254/1543], batch loss: 0.20155, batch accuracy: 87.60, data load time: 0.14660, step time: 0.04003
epoch: [15], step: [354/1543], batch loss: 0.12897, batch accuracy: 86.81, data load time: 0.19889, step time: 0.03563
epoch: [15], step: [454/1543], batch loss: 0.18243, batch accuracy: 77.25, data load time: 0.22275, step time: 0.03980
epoch: [15], step: [554/1543], batch loss: 0.14488, batch accuracy: 81.92, data load time: 0.19860, step time: 0.03687
epoch: [15], step: [654/1543], batch loss: 0.17758, batch accuracy: 91.01, data load time: 0.19271, step time: 0.04038
epoch: [15], step: [754/1543], batch loss: 0.12971, batch accuracy: 90.66, data load time: 0.23839, step time: 0.03622
epoch: [15], step: [854/1543], batch loss: 0.11990, batch accuracy: 89.35, data load time: 0.24842, step time: 0.03551
epoch: [15], step: [954/1543], batch loss: 0.15088, batch accuracy: 93.00, data load time: 0.21659, step time: 0.03973
epoch: [15], step: [1054/1543], batch loss: 0.19991, batch accuracy: 80.73, data load time: 0.30394, step time: 0.04056
epoch: [15], step: [1154/1543], batch loss: 0.14809, batch accuracy: 90.20, data load time: 0.21630, step time: 0.03897
epoch: [15], step: [1254/1543], batch loss: 0.20305, batch accuracy: 78.53, data load time: 0.23990, step time: 0.03826
epoch: [15], step: [1354/1543], batch loss: 0.19046, batch accuracy: 79.41, data load time: 0.22939, step time: 0.03952
epoch: [15], step: [1454/1543], batch loss: 0.18755, batch accuracy: 91.41, data load time: 0.23252, step time: 0.04026
epoch: [16], step: [11/1543], batch loss: 0.15972, batch accuracy: 90.53, data load time: 0.18849, step time: 0.04590
epoch: [16], step: [111/1543], batch loss: 0.14583, batch accuracy: 84.80, data load time: 0.23283, step time: 0.03906
epoch: [16], step: [211/1543], batch loss: 0.12476, batch accuracy: 81.57, data load time: 0.21173, step time: 0.03445
epoch: [16], step: [311/1543], batch loss: 0.14747, batch accuracy: 91.64, data load time: 0.22439, step time: 0.03549
epoch: [16], step: [411/1543], batch loss: 0.15617, batch accuracy: 89.99, data load time: 0.23905, step time: 0.03903
epoch: [16], step: [511/1543], batch loss: 0.13501, batch accuracy: 86.97, data load time: 0.20520, step time: 0.03420
epoch: [16], step: [611/1543], batch loss: 0.21044, batch accuracy: 86.68, data load time: 0.32041, step time: 0.04392
epoch: [16], step: [711/1543], batch loss: 0.13292, batch accuracy: 79.98, data load time: 0.24354, step time: 0.03491
epoch: [16], step: [811/1543], batch loss: 0.14482, batch accuracy: 88.33, data load time: 0.24337, step time: 0.03560
epoch: [16], step: [911/1543], batch loss: 0.15992, batch accuracy: 93.39, data load time: 0.22750, step time: 0.04209
epoch: [16], step: [1011/1543], batch loss: 0.16257, batch accuracy: 88.97, data load time: 0.21920, step time: 0.03823
epoch: [16], step: [1111/1543], batch loss: 0.14656, batch accuracy: 90.68, data load time: 0.22778, step time: 0.03989
epoch: [16], step: [1211/1543], batch loss: 0.13462, batch accuracy: 87.83, data load time: 0.22384, step time: 0.03402
epoch: [16], step: [1311/1543], batch loss: 0.14001, batch accuracy: 89.46, data load time: 0.21727, step time: 0.03611
epoch: [16], step: [1411/1543], batch loss: 0.12406, batch accuracy: 91.98, data load time: 0.30753, step time: 0.03693
epoch: [16], step: [1511/1543], batch loss: 0.16951, batch accuracy: 89.22, data load time: 0.26617, step time: 0.03832
epoch: [17], step: [68/1543], batch loss: 0.15023, batch accuracy: 88.22, data load time: 0.13864, step time: 0.03761
epoch: [17], step: [168/1543], batch loss: 0.18002, batch accuracy: 86.64, data load time: 0.13089, step time: 0.03988
epoch: [17], step: [268/1543], batch loss: 0.19172, batch accuracy: 86.20, data load time: 0.12136, step time: 0.03934
epoch: [17], step: [368/1543], batch loss: 0.15273, batch accuracy: 91.41, data load time: 0.13990, step time: 0.03773
epoch: [17], step: [468/1543], batch loss: 0.15171, batch accuracy: 89.79, data load time: 0.14165, step time: 0.04358
epoch: [17], step: [568/1543], batch loss: 0.17320, batch accuracy: 82.35, data load time: 0.24623, step time: 0.03751
epoch: [17], step: [668/1543], batch loss: 0.18408, batch accuracy: 80.05, data load time: 0.15913, step time: 0.03979
epoch: [17], step: [768/1543], batch loss: 0.19053, batch accuracy: 86.64, data load time: 0.18487, step time: 0.03977
epoch: [17], step: [868/1543], batch loss: 0.11595, batch accuracy: 84.80, data load time: 0.22470, step time: 0.03477
epoch: [17], step: [968/1543], batch loss: 0.17837, batch accuracy: 82.44, data load time: 0.22776, step time: 0.03676
epoch: [17], step: [1068/1543], batch loss: 0.12774, batch accuracy: 89.73, data load time: 0.16930, step time: 0.03401
epoch: [17], step: [1168/1543], batch loss: 0.13936, batch accuracy: 89.05, data load time: 0.19576, step time: 0.03894
epoch: [17], step: [1268/1543], batch loss: 0.17209, batch accuracy: 82.80, data load time: 0.22410, step time: 0.03748
epoch: [17], step: [1368/1543], batch loss: 0.13347, batch accuracy: 95.67, data load time: 0.26230, step time: 0.03675
epoch: [17], step: [1468/1543], batch loss: 0.13742, batch accuracy: 87.86, data load time: 0.21881, step time: 0.03901
epoch: [18], step: [25/1543], batch loss: 0.15138, batch accuracy: 82.32, data load time: 0.11240, step time: 0.03587
epoch: [18], step: [125/1543], batch loss: 0.16802, batch accuracy: 78.85, data load time: 0.15768, step time: 0.04129
epoch: [18], step: [225/1543], batch loss: 0.16927, batch accuracy: 85.16, data load time: 0.06737, step time: 0.03409
epoch: [18], step: [325/1543], batch loss: 0.17164, batch accuracy: 88.34, data load time: 0.14552, step time: 0.03836
epoch: [18], step: [425/1543], batch loss: 0.14345, batch accuracy: 87.92, data load time: 0.07075, step time: 0.03921
epoch: [18], step: [525/1543], batch loss: 0.18217, batch accuracy: 85.91, data load time: 0.13587, step time: 0.04038
epoch: [18], step: [625/1543], batch loss: 0.16088, batch accuracy: 87.85, data load time: 0.13119, step time: 0.03837
epoch: [18], step: [725/1543], batch loss: 0.20708, batch accuracy: 82.32, data load time: 0.13568, step time: 0.04587
epoch: [18], step: [825/1543], batch loss: 0.15216, batch accuracy: 90.40, data load time: 0.14667, step time: 0.03826
epoch: [18], step: [925/1543], batch loss: 0.12839, batch accuracy: 92.87, data load time: 0.21725, step time: 0.03853
epoch: [18], step: [1025/1543], batch loss: 0.14890, batch accuracy: 90.82, data load time: 0.17681, step time: 0.03820
epoch: [18], step: [1125/1543], batch loss: 0.15033, batch accuracy: 82.39, data load time: 0.19850, step time: 0.03551
epoch: [18], step: [1225/1543], batch loss: 0.12350, batch accuracy: 89.63, data load time: 0.24746, step time: 0.03404
epoch: [18], step: [1325/1543], batch loss: 0.13174, batch accuracy: 88.81, data load time: 0.19957, step time: 0.03626
epoch: [18], step: [1425/1543], batch loss: 0.13634, batch accuracy: 93.06, data load time: 0.24664, step time: 0.03595
epoch: [18], step: [1525/1543], batch loss: 0.17032, batch accuracy: 86.22, data load time: 0.25689, step time: 0.03967
epoch: [19], step: [82/1543], batch loss: 0.11927, batch accuracy: 90.89, data load time: 0.19548, step time: 0.03471
epoch: [19], step: [182/1543], batch loss: 0.18191, batch accuracy: 84.53, data load time: 0.16947, step time: 0.04398
epoch: [19], step: [282/1543], batch loss: 0.16132, batch accuracy: 84.61, data load time: 0.15614, step time: 0.03604
epoch: [19], step: [382/1543], batch loss: 0.13538, batch accuracy: 89.98, data load time: 0.21258, step time: 0.03768
epoch: [19], step: [482/1543], batch loss: 0.13839, batch accuracy: 88.52, data load time: 0.20870, step time: 0.03763
epoch: [19], step: [582/1543], batch loss: 0.16714, batch accuracy: 83.24, data load time: 0.21741, step time: 0.03674
epoch: [19], step: [682/1543], batch loss: 0.13539, batch accuracy: 91.12, data load time: 0.22331, step time: 0.03761
epoch: [19], step: [782/1543], batch loss: 0.16010, batch accuracy: 91.81, data load time: 0.24246, step time: 0.04197
epoch: [19], step: [882/1543], batch loss: 0.14470, batch accuracy: 83.09, data load time: 0.25023, step time: 0.03392
epoch: [19], step: [982/1543], batch loss: 0.15487, batch accuracy: 82.27, data load time: 0.23147, step time: 0.04016
epoch: [19], step: [1082/1543], batch loss: 0.14707, batch accuracy: 87.60, data load time: 0.23538, step time: 0.03797
epoch: [19], step: [1182/1543], batch loss: 0.16979, batch accuracy: 73.05, data load time: 0.23153, step time: 0.03726
epoch: [19], step: [1282/1543], batch loss: 0.14115, batch accuracy: 93.33, data load time: 0.21462, step time: 0.04053
epoch: [19], step: [1382/1543], batch loss: 0.17638, batch accuracy: 91.45, data load time: 0.24592, step time: 0.03961
epoch: [19], step: [1482/1543], batch loss: 0.21232, batch accuracy: 77.14, data load time: 0.24428, step time: 0.03889
EVALUATION METRICS:
-------------------------------------------------------------

Validation: AUC Score: 0.8337

-------------------------------------------------------------
validation loss: 0.16693, accuracy: 83.37
epoch: [20], step: [39/1543], batch loss: 0.18619, batch accuracy: 85.10, data load time: 0.13998, step time: 0.04211
epoch: [20], step: [139/1543], batch loss: 0.15007, batch accuracy: 82.66, data load time: 0.13195, step time: 0.03683
epoch: [20], step: [239/1543], batch loss: 0.16410, batch accuracy: 88.62, data load time: 0.17209, step time: 0.03845
epoch: [20], step: [339/1543], batch loss: 0.11385, batch accuracy: 94.42, data load time: 0.13910, step time: 0.03766
epoch: [20], step: [439/1543], batch loss: 0.13633, batch accuracy: 83.04, data load time: 0.10522, step time: 0.03530
epoch: [20], step: [539/1543], batch loss: 0.17896, batch accuracy: 89.19, data load time: 0.18686, step time: 0.04120
epoch: [20], step: [639/1543], batch loss: 0.17845, batch accuracy: 92.56, data load time: 0.21531, step time: 0.04333
epoch: [20], step: [739/1543], batch loss: 0.12665, batch accuracy: 95.70, data load time: 0.22750, step time: 0.03558
epoch: [20], step: [839/1543], batch loss: 0.11535, batch accuracy: 88.90, data load time: 0.21190, step time: 0.03544
epoch: [20], step: [939/1543], batch loss: 0.12120, batch accuracy: 92.30, data load time: 0.19742, step time: 0.03895
epoch: [20], step: [1039/1543], batch loss: 0.13228, batch accuracy: 85.37, data load time: 0.20145, step time: 0.03613
epoch: [20], step: [1139/1543], batch loss: 0.12730, batch accuracy: 95.31, data load time: 0.21999, step time: 0.03633
epoch: [20], step: [1239/1543], batch loss: 0.16951, batch accuracy: 68.68, data load time: 0.25601, step time: 0.03188
epoch: [20], step: [1339/1543], batch loss: 0.18574, batch accuracy: 89.08, data load time: 0.23561, step time: 0.04037
epoch: [20], step: [1439/1543], batch loss: 0.14252, batch accuracy: 83.18, data load time: 0.26063, step time: 0.03526
epoch: [20], step: [1539/1543], batch loss: 0.13700, batch accuracy: 86.99, data load time: 0.22666, step time: 0.03607
Epoch 00021: reducing learning rate of group 0 to 2.5000e-05.
epoch: [21], step: [96/1543], batch loss: 0.14224, batch accuracy: 87.30, data load time: 0.18389, step time: 0.03435
epoch: [21], step: [196/1543], batch loss: 0.16774, batch accuracy: 89.82, data load time: 0.11391, step time: 0.04055
epoch: [21], step: [296/1543], batch loss: 0.23276, batch accuracy: 85.23, data load time: 0.10544, step time: 0.04460
epoch: [21], step: [396/1543], batch loss: 0.15213, batch accuracy: 84.90, data load time: 0.10975, step time: 0.03633
epoch: [21], step: [496/1543], batch loss: 0.21752, batch accuracy: 83.97, data load time: 0.23351, step time: 0.04191
epoch: [21], step: [596/1543], batch loss: 0.19706, batch accuracy: 82.53, data load time: 0.15775, step time: 0.04119
epoch: [21], step: [696/1543], batch loss: 0.16762, batch accuracy: 82.40, data load time: 0.20567, step time: 0.03703
epoch: [21], step: [796/1543], batch loss: 0.14001, batch accuracy: 82.83, data load time: 0.10124, step time: 0.03480
epoch: [21], step: [896/1543], batch loss: 0.18932, batch accuracy: 86.00, data load time: 0.22584, step time: 0.04116
epoch: [21], step: [996/1543], batch loss: 0.17809, batch accuracy: 86.05, data load time: 0.16538, step time: 0.04138
epoch: [21], step: [1096/1543], batch loss: 0.16745, batch accuracy: 78.91, data load time: 0.24770, step time: 0.03824
epoch: [21], step: [1196/1543], batch loss: 0.18034, batch accuracy: 89.51, data load time: 0.23258, step time: 0.03988
epoch: [21], step: [1296/1543], batch loss: 0.15503, batch accuracy: 87.55, data load time: 0.21265, step time: 0.03902
epoch: [21], step: [1396/1543], batch loss: 0.13265, batch accuracy: 87.66, data load time: 0.25595, step time: 0.03950
epoch: [21], step: [1496/1543], batch loss: 0.16314, batch accuracy: 83.67, data load time: 0.24150, step time: 0.03754
epoch: [22], step: [53/1543], batch loss: 0.19929, batch accuracy: 83.11, data load time: 0.13355, step time: 0.03632
epoch: [22], step: [153/1543], batch loss: 0.14317, batch accuracy: 94.75, data load time: 0.10368, step time: 0.03923
epoch: [22], step: [253/1543], batch loss: 0.14495, batch accuracy: 93.01, data load time: 0.08274, step time: 0.03698
epoch: [22], step: [353/1543], batch loss: 0.16653, batch accuracy: 86.10, data load time: 0.14293, step time: 0.04040
epoch: [22], step: [453/1543], batch loss: 0.14503, batch accuracy: 90.00, data load time: 0.15884, step time: 0.04033
epoch: [22], step: [553/1543], batch loss: 0.22319, batch accuracy: 74.53, data load time: 0.18153, step time: 0.04431
epoch: [22], step: [653/1543], batch loss: 0.17602, batch accuracy: 87.69, data load time: 0.16563, step time: 0.03830
epoch: [22], step: [753/1543], batch loss: 0.16332, batch accuracy: 90.78, data load time: 0.16575, step time: 0.03987
epoch: [22], step: [853/1543], batch loss: 0.17518, batch accuracy: 74.64, data load time: 0.19016, step time: 0.03752
epoch: [22], step: [953/1543], batch loss: 0.13583, batch accuracy: 85.92, data load time: 0.19070, step time: 0.03393
epoch: [22], step: [1053/1543], batch loss: 0.17747, batch accuracy: 90.20, data load time: 0.22912, step time: 0.04032
epoch: [22], step: [1153/1543], batch loss: 0.12232, batch accuracy: 91.38, data load time: 0.19319, step time: 0.03526
epoch: [22], step: [1253/1543], batch loss: 0.19103, batch accuracy: 81.68, data load time: 0.23087, step time: 0.04289
epoch: [22], step: [1353/1543], batch loss: 0.14901, batch accuracy: 78.32, data load time: 0.21756, step time: 0.03325
epoch: [22], step: [1453/1543], batch loss: 0.22520, batch accuracy: 79.61, data load time: 0.21558, step time: 0.04035
epoch: [23], step: [10/1543], batch loss: 0.19844, batch accuracy: 81.97, data load time: 0.06335, step time: 0.03992
epoch: [23], step: [110/1543], batch loss: 0.16469, batch accuracy: 89.94, data load time: 0.16844, step time: 0.03987
epoch: [23], step: [210/1543], batch loss: 0.22994, batch accuracy: 81.70, data load time: 0.11004, step time: 0.03902
epoch: [23], step: [310/1543], batch loss: 0.16558, batch accuracy: 82.96, data load time: 0.14946, step time: 0.03750
epoch: [23], step: [410/1543], batch loss: 0.14949, batch accuracy: 89.27, data load time: 0.22372, step time: 0.03567
epoch: [23], step: [510/1543], batch loss: 0.14308, batch accuracy: 87.52, data load time: 0.25185, step time: 0.03315
epoch: [23], step: [610/1543], batch loss: 0.14162, batch accuracy: 91.60, data load time: 0.24566, step time: 0.03820
epoch: [23], step: [710/1543], batch loss: 0.13470, batch accuracy: 87.47, data load time: 0.24839, step time: 0.03700
epoch: [23], step: [810/1543], batch loss: 0.13898, batch accuracy: 86.32, data load time: 0.21152, step time: 0.03346
epoch: [23], step: [910/1543], batch loss: 0.12566, batch accuracy: 91.85, data load time: 0.33391, step time: 0.03682
epoch: [23], step: [1010/1543], batch loss: 0.14825, batch accuracy: 83.02, data load time: 0.24992, step time: 0.03412
epoch: [23], step: [1110/1543], batch loss: 0.15988, batch accuracy: 87.88, data load time: 0.22591, step time: 0.04000
epoch: [23], step: [1210/1543], batch loss: 0.18218, batch accuracy: 85.38, data load time: 0.21755, step time: 0.03763
epoch: [23], step: [1310/1543], batch loss: 0.12326, batch accuracy: 92.43, data load time: 0.26424, step time: 0.03638
epoch: [23], step: [1410/1543], batch loss: 0.19761, batch accuracy: 88.84, data load time: 0.21190, step time: 0.03668
epoch: [23], step: [1510/1543], batch loss: 0.16942, batch accuracy: 86.06, data load time: 0.25406, step time: 0.04049
epoch: [24], step: [67/1543], batch loss: 0.12401, batch accuracy: 79.71, data load time: 0.21971, step time: 0.03570
epoch: [24], step: [167/1543], batch loss: 0.17105, batch accuracy: 80.24, data load time: 0.26181, step time: 0.03715
epoch: [24], step: [267/1543], batch loss: 0.16081, batch accuracy: 97.14, data load time: 0.22609, step time: 0.03934
epoch: [24], step: [367/1543], batch loss: 0.14172, batch accuracy: 90.99, data load time: 0.23231, step time: 0.03502
epoch: [24], step: [467/1543], batch loss: 0.15115, batch accuracy: 80.26, data load time: 0.22143, step time: 0.03760
epoch: [24], step: [567/1543], batch loss: 0.18340, batch accuracy: 83.08, data load time: 0.21357, step time: 0.03820
epoch: [24], step: [667/1543], batch loss: 0.14466, batch accuracy: 87.55, data load time: 0.31178, step time: 0.03736
epoch: [24], step: [767/1543], batch loss: 0.16597, batch accuracy: 84.81, data load time: 0.21671, step time: 0.03994
epoch: [24], step: [867/1543], batch loss: 0.17617, batch accuracy: 66.31, data load time: 0.24365, step time: 0.03554
epoch: [24], step: [967/1543], batch loss: 0.17579, batch accuracy: 82.17, data load time: 0.23661, step time: 0.03852
epoch: [24], step: [1067/1543], batch loss: 0.13675, batch accuracy: 91.69, data load time: 0.22227, step time: 0.03754
epoch: [24], step: [1167/1543], batch loss: 0.27341, batch accuracy: 85.47, data load time: 0.23217, step time: 0.04503
epoch: [24], step: [1267/1543], batch loss: 0.16154, batch accuracy: 90.49, data load time: 0.23437, step time: 0.03911
epoch: [24], step: [1367/1543], batch loss: 0.13302, batch accuracy: 92.18, data load time: 0.21355, step time: 0.03787
epoch: [24], step: [1467/1543], batch loss: 0.21428, batch accuracy: 78.30, data load time: 0.22978, step time: 0.03827
EVALUATION METRICS:
-------------------------------------------------------------

Validation: AUC Score: 0.8347

-------------------------------------------------------------
validation loss: 0.16693, accuracy: 83.47
epoch: [25], step: [24/1543], batch loss: 0.19623, batch accuracy: 82.98, data load time: 0.24267, step time: 0.04283
epoch: [25], step: [124/1543], batch loss: 0.14449, batch accuracy: 90.32, data load time: 0.18980, step time: 0.03656
epoch: [25], step: [224/1543], batch loss: 0.16916, batch accuracy: 83.37, data load time: 0.20392, step time: 0.03718
epoch: [25], step: [324/1543], batch loss: 0.18487, batch accuracy: 84.54, data load time: 0.23624, step time: 0.04125
epoch: [25], step: [424/1543], batch loss: 0.19341, batch accuracy: 79.82, data load time: 0.43369, step time: 0.04043
epoch: [25], step: [524/1543], batch loss: 0.14332, batch accuracy: 89.42, data load time: 0.23201, step time: 0.03563
epoch: [25], step: [624/1543], batch loss: 0.13174, batch accuracy: 86.09, data load time: 0.25394, step time: 0.03418
epoch: [25], step: [724/1543], batch loss: 0.18408, batch accuracy: 87.45, data load time: 0.22227, step time: 0.04004
epoch: [25], step: [824/1543], batch loss: 0.16178, batch accuracy: 81.48, data load time: 0.24748, step time: 0.03469
epoch: [25], step: [924/1543], batch loss: 0.16661, batch accuracy: 90.98, data load time: 0.23348, step time: 0.03978
epoch: [25], step: [1024/1543], batch loss: 0.17858, batch accuracy: 88.47, data load time: 0.21186, step time: 0.04334
epoch: [25], step: [1124/1543], batch loss: 0.19169, batch accuracy: 84.57, data load time: 0.20802, step time: 0.04391
epoch: [25], step: [1224/1543], batch loss: 0.14953, batch accuracy: 86.11, data load time: 0.28293, step time: 0.03868
epoch: [25], step: [1324/1543], batch loss: 0.22501, batch accuracy: 80.45, data load time: 0.27036, step time: 0.04255
epoch: [25], step: [1424/1543], batch loss: 0.13324, batch accuracy: 92.27, data load time: 0.24752, step time: 0.03708
epoch: [25], step: [1524/1543], batch loss: 0.18219, batch accuracy: 74.31, data load time: 0.24775, step time: 0.03762
epoch: [26], step: [81/1543], batch loss: 0.12406, batch accuracy: 83.98, data load time: 0.26810, step time: 0.03343
epoch: [26], step: [181/1543], batch loss: 0.13056, batch accuracy: 87.09, data load time: 0.20432, step time: 0.03855
epoch: [26], step: [281/1543], batch loss: 0.13447, batch accuracy: 90.06, data load time: 0.23248, step time: 0.03844
epoch: [26], step: [381/1543], batch loss: 0.15735, batch accuracy: 88.40, data load time: 0.25500, step time: 0.03780
epoch: [26], step: [481/1543], batch loss: 0.21866, batch accuracy: 87.92, data load time: 0.25802, step time: 0.04395
epoch: [26], step: [581/1543], batch loss: 0.16944, batch accuracy: 85.32, data load time: 0.23746, step time: 0.03750
epoch: [26], step: [681/1543], batch loss: 0.13344, batch accuracy: 74.87, data load time: 0.25610, step time: 0.03276
epoch: [26], step: [781/1543], batch loss: 0.18123, batch accuracy: 87.78, data load time: 0.21308, step time: 0.04186
epoch: [26], step: [881/1543], batch loss: 0.14314, batch accuracy: 76.91, data load time: 0.25379, step time: 0.03401
epoch: [26], step: [981/1543], batch loss: 0.13752, batch accuracy: 88.85, data load time: 0.22614, step time: 0.03595
epoch: [26], step: [1081/1543], batch loss: 0.13228, batch accuracy: 92.66, data load time: 0.22548, step time: 0.03976
epoch: [26], step: [1181/1543], batch loss: 0.16047, batch accuracy: 83.92, data load time: 0.23499, step time: 0.03628
epoch: [26], step: [1281/1543], batch loss: 0.15950, batch accuracy: 86.75, data load time: 0.21028, step time: 0.03697
epoch: [26], step: [1381/1543], batch loss: 0.16819, batch accuracy: 84.74, data load time: 0.23296, step time: 0.03680
epoch: [26], step: [1481/1543], batch loss: 0.16865, batch accuracy: 78.54, data load time: 0.23594, step time: 0.03687
Epoch 00027: reducing learning rate of group 0 to 1.2500e-06.
