Loading data from /mnt/storage/scratch/ee20947/MagnaTagATune/annotations/train.pkl...
Loading data from /mnt/storage/scratch/ee20947/MagnaTagATune/annotations/train.pkl...
Loading data from /mnt/storage/scratch/ee20947/MagnaTagATune/annotations/val.pkl...
Loading data from /mnt/storage/scratch/ee20947/MagnaTagATune/annotations/test.pkl...
Writing logs to logs/CNN_sgd_momentum=0.93_learning_rate=0.2_conv_length=256_conv_stride=256_weight_decay=1e-05_run_3
epoch: [0], step: [99/1543], batch loss: 0.23469, batch accuracy: 63.61, data load time: 0.23744, step time: 0.08333
epoch: [0], step: [199/1543], batch loss: 0.22268, batch accuracy: 57.46, data load time: 0.25186, step time: 0.08010
epoch: [0], step: [299/1543], batch loss: 0.21916, batch accuracy: 70.14, data load time: 0.26828, step time: 0.08131
epoch: [0], step: [399/1543], batch loss: 0.21047, batch accuracy: 72.45, data load time: 0.34298, step time: 0.07670
epoch: [0], step: [499/1543], batch loss: 0.19207, batch accuracy: 63.90, data load time: 0.30010, step time: 0.07303
epoch: [0], step: [599/1543], batch loss: 0.20470, batch accuracy: 77.13, data load time: 0.27026, step time: 0.07795
epoch: [0], step: [699/1543], batch loss: 0.15509, batch accuracy: 77.05, data load time: 0.30036, step time: 0.07969
epoch: [0], step: [799/1543], batch loss: 0.17454, batch accuracy: 68.07, data load time: 0.34619, step time: 0.07167
epoch: [0], step: [899/1543], batch loss: 0.15480, batch accuracy: 69.32, data load time: 0.27005, step time: 0.06978
epoch: [0], step: [999/1543], batch loss: 0.16101, batch accuracy: 80.39, data load time: 0.26434, step time: 0.07006
epoch: [0], step: [1099/1543], batch loss: 0.17671, batch accuracy: 70.16, data load time: 0.25883, step time: 0.07456
epoch: [0], step: [1199/1543], batch loss: 0.17717, batch accuracy: 68.44, data load time: 0.29145, step time: 0.07862
epoch: [0], step: [1299/1543], batch loss: 0.13576, batch accuracy: 83.33, data load time: 0.26199, step time: 0.06654
epoch: [0], step: [1399/1543], batch loss: 0.15944, batch accuracy: 84.14, data load time: 0.27836, step time: 0.07682
epoch: [0], step: [1499/1543], batch loss: 0.23986, batch accuracy: 68.64, data load time: 0.29856, step time: 0.08029
epoch: [1], step: [56/1543], batch loss: 0.29931, batch accuracy: 75.49, data load time: 0.17551, step time: 0.09756
epoch: [1], step: [156/1543], batch loss: 0.19513, batch accuracy: 79.08, data load time: 0.19521, step time: 0.10041
epoch: [1], step: [256/1543], batch loss: 0.20855, batch accuracy: 80.02, data load time: 0.13153, step time: 0.09541
epoch: [1], step: [356/1543], batch loss: 0.16610, batch accuracy: 81.14, data load time: 0.21295, step time: 0.08319
epoch: [1], step: [456/1543], batch loss: 0.20539, batch accuracy: 75.95, data load time: 0.33208, step time: 0.08889
epoch: [1], step: [556/1543], batch loss: 0.13193, batch accuracy: 82.11, data load time: 0.21746, step time: 0.07436
epoch: [1], step: [656/1543], batch loss: 0.22504, batch accuracy: 78.79, data load time: 0.28189, step time: 0.09174
epoch: [1], step: [756/1543], batch loss: 0.18466, batch accuracy: 76.96, data load time: 0.12387, step time: 0.07854
epoch: [1], step: [856/1543], batch loss: 0.16516, batch accuracy: 78.00, data load time: 0.30223, step time: 0.08155
epoch: [1], step: [956/1543], batch loss: 0.20626, batch accuracy: 71.15, data load time: 0.34615, step time: 0.07304
epoch: [1], step: [1056/1543], batch loss: 0.20125, batch accuracy: 73.70, data load time: 0.31212, step time: 0.08172
epoch: [1], step: [1156/1543], batch loss: 0.20632, batch accuracy: 83.88, data load time: 0.30275, step time: 0.08992
epoch: [1], step: [1256/1543], batch loss: 0.20145, batch accuracy: 79.46, data load time: 0.33820, step time: 0.08589
epoch: [1], step: [1356/1543], batch loss: 0.14051, batch accuracy: 84.44, data load time: 0.29183, step time: 0.06756
epoch: [1], step: [1456/1543], batch loss: 0.16478, batch accuracy: 78.68, data load time: 0.27190, step time: 0.08320
epoch: [2], step: [13/1543], batch loss: 0.15021, batch accuracy: 88.50, data load time: 0.24712, step time: 0.08278
epoch: [2], step: [113/1543], batch loss: 0.21177, batch accuracy: 84.56, data load time: 0.21345, step time: 0.07847
epoch: [2], step: [213/1543], batch loss: 0.22951, batch accuracy: 82.03, data load time: 0.16966, step time: 0.09107
epoch: [2], step: [313/1543], batch loss: 0.17027, batch accuracy: 85.72, data load time: 0.18021, step time: 0.07495
epoch: [2], step: [413/1543], batch loss: 0.20411, batch accuracy: 69.23, data load time: 0.18043, step time: 0.07653
epoch: [2], step: [513/1543], batch loss: 0.17011, batch accuracy: 84.35, data load time: 0.32793, step time: 0.08964
epoch: [2], step: [613/1543], batch loss: 0.16999, batch accuracy: 87.79, data load time: 0.22386, step time: 0.07669
epoch: [2], step: [713/1543], batch loss: 0.20137, batch accuracy: 83.41, data load time: 0.26104, step time: 0.07703
epoch: [2], step: [813/1543], batch loss: 0.19121, batch accuracy: 77.46, data load time: 0.34503, step time: 0.07551
epoch: [2], step: [913/1543], batch loss: 0.16798, batch accuracy: 87.76, data load time: 0.25372, step time: 0.07161
epoch: [2], step: [1013/1543], batch loss: 0.16639, batch accuracy: 84.63, data load time: 0.25877, step time: 0.08367
epoch: [2], step: [1113/1543], batch loss: 0.18168, batch accuracy: 79.65, data load time: 0.27245, step time: 0.07952
epoch: [2], step: [1213/1543], batch loss: 0.18211, batch accuracy: 79.44, data load time: 0.26073, step time: 0.07683
epoch: [2], step: [1313/1543], batch loss: 0.19691, batch accuracy: 85.40, data load time: 0.27467, step time: 0.08339
epoch: [2], step: [1413/1543], batch loss: 0.18819, batch accuracy: 73.27, data load time: 0.29194, step time: 0.07372
epoch: [2], step: [1513/1543], batch loss: 0.19878, batch accuracy: 81.56, data load time: 0.30454, step time: 0.08370
epoch: [3], step: [70/1543], batch loss: 0.17090, batch accuracy: 77.51, data load time: 0.14516, step time: 0.07157
epoch: [3], step: [170/1543], batch loss: 0.16866, batch accuracy: 93.02, data load time: 0.16106, step time: 0.09170
epoch: [3], step: [270/1543], batch loss: 0.17897, batch accuracy: 83.72, data load time: 0.14713, step time: 0.07177
epoch: [3], step: [370/1543], batch loss: 0.19122, batch accuracy: 77.54, data load time: 0.16736, step time: 0.09392
epoch: [3], step: [470/1543], batch loss: 0.17031, batch accuracy: 89.11, data load time: 0.21125, step time: 0.08395
epoch: [3], step: [570/1543], batch loss: 0.18425, batch accuracy: 79.67, data load time: 0.16554, step time: 0.08166
epoch: [3], step: [670/1543], batch loss: 0.17619, batch accuracy: 87.44, data load time: 0.21429, step time: 0.07541
epoch: [3], step: [770/1543], batch loss: 0.13306, batch accuracy: 89.31, data load time: 0.20441, step time: 0.07462
epoch: [3], step: [870/1543], batch loss: 0.16585, batch accuracy: 86.47, data load time: 0.28859, step time: 0.08170
epoch: [3], step: [970/1543], batch loss: 0.21380, batch accuracy: 74.83, data load time: 0.25786, step time: 0.08125
epoch: [3], step: [1070/1543], batch loss: 0.20550, batch accuracy: 80.11, data load time: 0.29632, step time: 0.07513
epoch: [3], step: [1170/1543], batch loss: 0.17561, batch accuracy: 89.26, data load time: 0.28465, step time: 0.08041
epoch: [3], step: [1270/1543], batch loss: 0.16545, batch accuracy: 88.73, data load time: 0.26764, step time: 0.08340
epoch: [3], step: [1370/1543], batch loss: 0.13677, batch accuracy: 87.61, data load time: 0.22590, step time: 0.07874
epoch: [3], step: [1470/1543], batch loss: 0.25487, batch accuracy: 77.17, data load time: 0.23939, step time: 0.08794
epoch: [4], step: [27/1543], batch loss: 0.15198, batch accuracy: 82.93, data load time: 0.21463, step time: 0.08295
epoch: [4], step: [127/1543], batch loss: 0.14079, batch accuracy: 81.71, data load time: 0.10106, step time: 0.07018
epoch: [4], step: [227/1543], batch loss: 0.17768, batch accuracy: 82.68, data load time: 0.14296, step time: 0.07823
epoch: [4], step: [327/1543], batch loss: 0.17186, batch accuracy: 81.77, data load time: 0.14738, step time: 0.09074
epoch: [4], step: [427/1543], batch loss: 0.19940, batch accuracy: 79.69, data load time: 0.26601, step time: 0.08644
epoch: [4], step: [527/1543], batch loss: 0.15424, batch accuracy: 90.54, data load time: 0.19806, step time: 0.08004
epoch: [4], step: [627/1543], batch loss: 0.16220, batch accuracy: 93.86, data load time: 0.19107, step time: 0.08881
epoch: [4], step: [727/1543], batch loss: 0.26647, batch accuracy: 76.13, data load time: 0.23280, step time: 0.09712
epoch: [4], step: [827/1543], batch loss: 0.16389, batch accuracy: 74.37, data load time: 0.24438, step time: 0.06646
epoch: [4], step: [927/1543], batch loss: 0.15133, batch accuracy: 83.27, data load time: 0.23555, step time: 0.07826
epoch: [4], step: [1027/1543], batch loss: 0.20111, batch accuracy: 80.49, data load time: 0.23395, step time: 0.09207
epoch: [4], step: [1127/1543], batch loss: 0.18869, batch accuracy: 79.80, data load time: 0.30643, step time: 0.08626
epoch: [4], step: [1227/1543], batch loss: 0.20602, batch accuracy: 79.55, data load time: 0.31752, step time: 0.07631
epoch: [4], step: [1327/1543], batch loss: 0.14814, batch accuracy: 88.27, data load time: 0.20755, step time: 0.08111
epoch: [4], step: [1427/1543], batch loss: 0.12342, batch accuracy: 85.39, data load time: 0.31936, step time: 0.06484
epoch: [4], step: [1527/1543], batch loss: 0.16111, batch accuracy: 82.61, data load time: 0.27552, step time: 0.08281
EVALUATION METRICS:
-------------------------------------------------------------

Validation: AUC Score: 0.8255

-------------------------------------------------------------
validation loss: 0.16719, accuracy: 82.55
epoch: [5], step: [84/1543], batch loss: 0.15143, batch accuracy: 86.37, data load time: 0.28939, step time: 0.08335
epoch: [5], step: [184/1543], batch loss: 0.20385, batch accuracy: 79.81, data load time: 0.18363, step time: 0.08028
epoch: [5], step: [284/1543], batch loss: 0.19968, batch accuracy: 78.39, data load time: 0.12947, step time: 0.08178
epoch: [5], step: [384/1543], batch loss: 0.19184, batch accuracy: 83.52, data load time: 0.23645, step time: 0.08996
epoch: [5], step: [484/1543], batch loss: 0.13194, batch accuracy: 83.05, data load time: 0.30373, step time: 0.07022
epoch: [5], step: [584/1543], batch loss: 0.11653, batch accuracy: 95.54, data load time: 0.26836, step time: 0.07269
epoch: [5], step: [684/1543], batch loss: 0.18606, batch accuracy: 84.36, data load time: 0.16341, step time: 0.08486
epoch: [5], step: [784/1543], batch loss: 0.19169, batch accuracy: 83.82, data load time: 0.28295, step time: 0.09240
epoch: [5], step: [884/1543], batch loss: 0.17496, batch accuracy: 78.85, data load time: 0.22503, step time: 0.07280
epoch: [5], step: [984/1543], batch loss: 0.30520, batch accuracy: 73.72, data load time: 0.29234, step time: 0.09816
epoch: [5], step: [1084/1543], batch loss: 0.23652, batch accuracy: 81.88, data load time: 0.27020, step time: 0.09328
epoch: [5], step: [1184/1543], batch loss: 0.16054, batch accuracy: 92.63, data load time: 0.35381, step time: 0.07546
epoch: [5], step: [1284/1543], batch loss: 0.14061, batch accuracy: 87.73, data load time: 0.19331, step time: 0.07529
epoch: [5], step: [1384/1543], batch loss: 0.14031, batch accuracy: 93.25, data load time: 0.23104, step time: 0.09473
epoch: [5], step: [1484/1543], batch loss: 0.16376, batch accuracy: 84.70, data load time: 0.27193, step time: 0.08673
epoch: [6], step: [41/1543], batch loss: 0.14075, batch accuracy: 82.10, data load time: 0.20114, step time: 0.08011
epoch: [6], step: [141/1543], batch loss: 0.13593, batch accuracy: 84.36, data load time: 0.11075, step time: 0.07765
epoch: [6], step: [241/1543], batch loss: 0.17815, batch accuracy: 87.75, data load time: 0.18891, step time: 0.09896
epoch: [6], step: [341/1543], batch loss: 0.16729, batch accuracy: 86.17, data load time: 0.25209, step time: 0.07899
epoch: [6], step: [441/1543], batch loss: 0.15662, batch accuracy: 80.59, data load time: 0.20490, step time: 0.07608
epoch: [6], step: [541/1543], batch loss: 0.15707, batch accuracy: 81.73, data load time: 0.23005, step time: 0.07195
epoch: [6], step: [641/1543], batch loss: 0.12643, batch accuracy: 85.05, data load time: 0.26556, step time: 0.07126
epoch: [6], step: [741/1543], batch loss: 0.14601, batch accuracy: 72.55, data load time: 0.26068, step time: 0.07209
epoch: [6], step: [841/1543], batch loss: 0.18764, batch accuracy: 85.26, data load time: 0.22535, step time: 0.08471
epoch: [6], step: [941/1543], batch loss: 0.15793, batch accuracy: 91.38, data load time: 0.23711, step time: 0.07907
epoch: [6], step: [1041/1543], batch loss: 0.17960, batch accuracy: 88.18, data load time: 0.28643, step time: 0.08808
epoch: [6], step: [1141/1543], batch loss: 0.14549, batch accuracy: 83.28, data load time: 0.21788, step time: 0.07338
epoch: [6], step: [1241/1543], batch loss: 0.13771, batch accuracy: 90.88, data load time: 0.30242, step time: 0.07862
epoch: [6], step: [1341/1543], batch loss: 0.15948, batch accuracy: 85.84, data load time: 0.28435, step time: 0.07995
epoch: [6], step: [1441/1543], batch loss: 0.15800, batch accuracy: 89.51, data load time: 0.33490, step time: 0.08444
epoch: [6], step: [1541/1543], batch loss: 0.14593, batch accuracy: 82.57, data load time: 0.29097, step time: 0.07657
epoch: [7], step: [98/1543], batch loss: 0.20897, batch accuracy: 84.95, data load time: 0.18345, step time: 0.08188
epoch: [7], step: [198/1543], batch loss: 0.15305, batch accuracy: 85.30, data load time: 0.24036, step time: 0.08491
epoch: [7], step: [298/1543], batch loss: 0.21370, batch accuracy: 78.42, data load time: 0.13147, step time: 0.08000
epoch: [7], step: [398/1543], batch loss: 0.17483, batch accuracy: 80.91, data load time: 0.18383, step time: 0.08392
epoch: [7], step: [498/1543], batch loss: 0.18457, batch accuracy: 83.67, data load time: 0.22366, step time: 0.08883
epoch: [7], step: [598/1543], batch loss: 0.15463, batch accuracy: 83.18, data load time: 0.25375, step time: 0.07014
epoch: [7], step: [698/1543], batch loss: 0.15465, batch accuracy: 89.55, data load time: 0.23239, step time: 0.07500
epoch: [7], step: [798/1543], batch loss: 0.15993, batch accuracy: 84.02, data load time: 0.25452, step time: 0.08159
epoch: [7], step: [898/1543], batch loss: 0.15393, batch accuracy: 86.11, data load time: 0.19319, step time: 0.07917
epoch: [7], step: [998/1543], batch loss: 0.19546, batch accuracy: 82.12, data load time: 0.21186, step time: 0.07987
epoch: [7], step: [1098/1543], batch loss: 0.15387, batch accuracy: 90.31, data load time: 0.29302, step time: 0.08394
epoch: [7], step: [1198/1543], batch loss: 0.16480, batch accuracy: 81.96, data load time: 0.25610, step time: 0.07656
epoch: [7], step: [1298/1543], batch loss: 0.16056, batch accuracy: 88.63, data load time: 0.24339, step time: 0.08782
epoch: [7], step: [1398/1543], batch loss: 0.14167, batch accuracy: 82.39, data load time: 0.26632, step time: 0.06995
epoch: [7], step: [1498/1543], batch loss: 0.16801, batch accuracy: 85.77, data load time: 0.30523, step time: 0.08364
epoch: [8], step: [55/1543], batch loss: 0.14390, batch accuracy: 86.08, data load time: 0.17512, step time: 0.08037
epoch: [8], step: [155/1543], batch loss: 0.17953, batch accuracy: 88.88, data load time: 0.05206, step time: 0.08226
epoch: [8], step: [255/1543], batch loss: 0.16346, batch accuracy: 90.77, data load time: 0.18937, step time: 0.07680
epoch: [8], step: [355/1543], batch loss: 0.16628, batch accuracy: 88.14, data load time: 0.24484, step time: 0.09800
epoch: [8], step: [455/1543], batch loss: 0.16243, batch accuracy: 83.15, data load time: 0.21134, step time: 0.08006
epoch: [8], step: [555/1543], batch loss: 0.13981, batch accuracy: 78.94, data load time: 0.21138, step time: 0.07746
epoch: [8], step: [655/1543], batch loss: 0.11714, batch accuracy: 95.18, data load time: 0.26368, step time: 0.07176
epoch: [8], step: [755/1543], batch loss: 0.16716, batch accuracy: 84.91, data load time: 0.24517, step time: 0.09095
epoch: [8], step: [855/1543], batch loss: 0.13578, batch accuracy: 87.97, data load time: 0.27644, step time: 0.07524
epoch: [8], step: [955/1543], batch loss: 0.15273, batch accuracy: 89.68, data load time: 0.23266, step time: 0.07847
epoch: [8], step: [1055/1543], batch loss: 0.17520, batch accuracy: 90.07, data load time: 0.24768, step time: 0.08753
epoch: [8], step: [1155/1543], batch loss: 0.11765, batch accuracy: 89.26, data load time: 0.26221, step time: 0.06726
epoch: [8], step: [1255/1543], batch loss: 0.17680, batch accuracy: 82.82, data load time: 0.23278, step time: 0.07499
epoch: [8], step: [1355/1543], batch loss: 0.16070, batch accuracy: 91.31, data load time: 0.22997, step time: 0.07841
epoch: [8], step: [1455/1543], batch loss: 0.20463, batch accuracy: 83.31, data load time: 0.26181, step time: 0.08809
epoch: [9], step: [12/1543], batch loss: 0.14400, batch accuracy: 83.97, data load time: 0.17040, step time: 0.07076
epoch: [9], step: [112/1543], batch loss: 0.15034, batch accuracy: 86.45, data load time: 0.15343, step time: 0.07189
epoch: [9], step: [212/1543], batch loss: 0.18146, batch accuracy: 86.75, data load time: 0.10766, step time: 0.08649
epoch: [9], step: [312/1543], batch loss: 0.14576, batch accuracy: 86.45, data load time: 0.24900, step time: 0.08317
epoch: [9], step: [412/1543], batch loss: 0.15517, batch accuracy: 76.26, data load time: 0.16992, step time: 0.07359
epoch: [9], step: [512/1543], batch loss: 0.16019, batch accuracy: 91.62, data load time: 0.15925, step time: 0.09126
epoch: [9], step: [612/1543], batch loss: 0.12036, batch accuracy: 85.51, data load time: 0.29295, step time: 0.06665
epoch: [9], step: [712/1543], batch loss: 0.11783, batch accuracy: 91.59, data load time: 0.27090, step time: 0.07840
epoch: [9], step: [812/1543], batch loss: 0.18032, batch accuracy: 86.39, data load time: 0.27659, step time: 0.08618
epoch: [9], step: [912/1543], batch loss: 0.19520, batch accuracy: 87.78, data load time: 0.28608, step time: 0.09302
epoch: [9], step: [1012/1543], batch loss: 0.16840, batch accuracy: 90.64, data load time: 0.28727, step time: 0.08534
epoch: [9], step: [1112/1543], batch loss: 0.22848, batch accuracy: 83.47, data load time: 0.24530, step time: 0.09149
epoch: [9], step: [1212/1543], batch loss: 0.13204, batch accuracy: 91.85, data load time: 0.33257, step time: 0.07480
epoch: [9], step: [1312/1543], batch loss: 0.15823, batch accuracy: 83.78, data load time: 0.21314, step time: 0.07014
epoch: [9], step: [1412/1543], batch loss: 0.19868, batch accuracy: 77.48, data load time: 0.42070, step time: 0.06499
epoch: [9], step: [1512/1543], batch loss: 0.12874, batch accuracy: 95.50, data load time: 0.22973, step time: 0.07769
EVALUATION METRICS:
-------------------------------------------------------------

Validation: AUC Score: 0.8404

-------------------------------------------------------------
validation loss: 0.15895, accuracy: 84.04
epoch: [10], step: [69/1543], batch loss: 0.14973, batch accuracy: 90.82, data load time: 0.21813, step time: 0.07817
epoch: [10], step: [169/1543], batch loss: 0.17664, batch accuracy: 80.76, data load time: 0.20219, step time: 0.08095
epoch: [10], step: [269/1543], batch loss: 0.16311, batch accuracy: 89.43, data load time: 0.28111, step time: 0.08271
epoch: [10], step: [369/1543], batch loss: 0.12161, batch accuracy: 92.75, data load time: 0.18021, step time: 0.07191
epoch: [10], step: [469/1543], batch loss: 0.16949, batch accuracy: 93.82, data load time: 0.27094, step time: 0.08698
epoch: [10], step: [569/1543], batch loss: 0.12872, batch accuracy: 88.48, data load time: 0.31332, step time: 0.07026
epoch: [10], step: [669/1543], batch loss: 0.14200, batch accuracy: 88.50, data load time: 0.25702, step time: 0.08129
epoch: [10], step: [769/1543], batch loss: 0.19992, batch accuracy: 81.35, data load time: 0.26914, step time: 0.08660
epoch: [10], step: [869/1543], batch loss: 0.12458, batch accuracy: 93.73, data load time: 0.27231, step time: 0.08049
epoch: [10], step: [969/1543], batch loss: 0.10709, batch accuracy: 96.18, data load time: 0.34092, step time: 0.06483
epoch: [10], step: [1069/1543], batch loss: 0.14008, batch accuracy: 91.79, data load time: 0.31884, step time: 0.08432
epoch: [10], step: [1169/1543], batch loss: 0.13979, batch accuracy: 84.83, data load time: 0.24958, step time: 0.07304
epoch: [10], step: [1269/1543], batch loss: 0.17948, batch accuracy: 81.62, data load time: 0.24081, step time: 0.07325
epoch: [10], step: [1369/1543], batch loss: 0.17155, batch accuracy: 87.38, data load time: 0.35875, step time: 0.09328
epoch: [10], step: [1469/1543], batch loss: 0.16317, batch accuracy: 88.10, data load time: 0.29304, step time: 0.07977
epoch: [11], step: [26/1543], batch loss: 0.15398, batch accuracy: 85.24, data load time: 0.08818, step time: 0.07290
epoch: [11], step: [126/1543], batch loss: 0.17429, batch accuracy: 89.83, data load time: 0.29860, step time: 0.07886
epoch: [11], step: [226/1543], batch loss: 0.13260, batch accuracy: 86.60, data load time: 0.17954, step time: 0.07187
epoch: [11], step: [326/1543], batch loss: 0.12326, batch accuracy: 86.15, data load time: 0.16960, step time: 0.07006
epoch: [11], step: [426/1543], batch loss: 0.14996, batch accuracy: 84.18, data load time: 0.28925, step time: 0.07243
epoch: [11], step: [526/1543], batch loss: 0.14275, batch accuracy: 90.07, data load time: 0.18192, step time: 0.08476
epoch: [11], step: [626/1543], batch loss: 0.20197, batch accuracy: 80.83, data load time: 0.23950, step time: 0.08527
epoch: [11], step: [726/1543], batch loss: 0.15632, batch accuracy: 86.97, data load time: 0.27058, step time: 0.07439
epoch: [11], step: [826/1543], batch loss: 0.14308, batch accuracy: 86.34, data load time: 0.25577, step time: 0.07347
epoch: [11], step: [926/1543], batch loss: 0.19369, batch accuracy: 86.54, data load time: 0.30842, step time: 0.07855
epoch: [11], step: [1026/1543], batch loss: 0.22318, batch accuracy: 74.65, data load time: 0.37330, step time: 0.08153
epoch: [11], step: [1126/1543], batch loss: 0.18928, batch accuracy: 94.20, data load time: 0.32857, step time: 0.08551
epoch: [11], step: [1226/1543], batch loss: 0.14653, batch accuracy: 89.82, data load time: 0.21799, step time: 0.07999
epoch: [11], step: [1326/1543], batch loss: 0.13739, batch accuracy: 86.51, data load time: 0.28662, step time: 0.07834
epoch: [11], step: [1426/1543], batch loss: 0.13455, batch accuracy: 91.64, data load time: 0.28227, step time: 0.07343
epoch: [11], step: [1526/1543], batch loss: 0.15833, batch accuracy: 91.24, data load time: 0.30331, step time: 0.07710
epoch: [12], step: [83/1543], batch loss: 0.15792, batch accuracy: 88.70, data load time: 0.19722, step time: 0.07523
epoch: [12], step: [183/1543], batch loss: 0.16356, batch accuracy: 74.71, data load time: 0.18155, step time: 0.07486
epoch: [12], step: [283/1543], batch loss: 0.14794, batch accuracy: 81.16, data load time: 0.21558, step time: 0.08139
epoch: [12], step: [383/1543], batch loss: 0.16314, batch accuracy: 92.01, data load time: 0.26840, step time: 0.08188
epoch: [12], step: [483/1543], batch loss: 0.18632, batch accuracy: 82.05, data load time: 0.21945, step time: 0.08019
epoch: [12], step: [583/1543], batch loss: 0.16138, batch accuracy: 93.13, data load time: 0.26481, step time: 0.07840
epoch: [12], step: [683/1543], batch loss: 0.13890, batch accuracy: 87.61, data load time: 0.23649, step time: 0.07674
epoch: [12], step: [783/1543], batch loss: 0.18225, batch accuracy: 86.34, data load time: 0.31576, step time: 0.09499
epoch: [12], step: [883/1543], batch loss: 0.15058, batch accuracy: 91.82, data load time: 0.33401, step time: 0.08809
epoch: [12], step: [983/1543], batch loss: 0.17524, batch accuracy: 81.70, data load time: 0.24643, step time: 0.08002
epoch: [12], step: [1083/1543], batch loss: 0.17921, batch accuracy: 86.03, data load time: 0.35390, step time: 0.08141
epoch: [12], step: [1183/1543], batch loss: 0.13607, batch accuracy: 84.52, data load time: 0.32555, step time: 0.07655
epoch: [12], step: [1283/1543], batch loss: 0.12474, batch accuracy: 81.90, data load time: 0.22281, step time: 0.06184
epoch: [12], step: [1383/1543], batch loss: 0.15644, batch accuracy: 81.75, data load time: 0.19641, step time: 0.07872
epoch: [12], step: [1483/1543], batch loss: 0.13995, batch accuracy: 93.55, data load time: 0.26594, step time: 0.08788
epoch: [13], step: [40/1543], batch loss: 0.16325, batch accuracy: 89.72, data load time: 0.23749, step time: 0.09259
epoch: [13], step: [140/1543], batch loss: 0.19866, batch accuracy: 88.85, data load time: 0.25101, step time: 0.08435
epoch: [13], step: [240/1543], batch loss: 0.12779, batch accuracy: 94.34, data load time: 0.11010, step time: 0.07002
epoch: [13], step: [340/1543], batch loss: 0.13132, batch accuracy: 89.57, data load time: 0.20822, step time: 0.09050
epoch: [13], step: [440/1543], batch loss: 0.15483, batch accuracy: 76.98, data load time: 0.16077, step time: 0.08027
epoch: [13], step: [540/1543], batch loss: 0.16754, batch accuracy: 92.54, data load time: 0.29486, step time: 0.08685
epoch: [13], step: [640/1543], batch loss: 0.15642, batch accuracy: 86.47, data load time: 0.32129, step time: 0.07989
epoch: [13], step: [740/1543], batch loss: 0.17210, batch accuracy: 81.18, data load time: 0.18434, step time: 0.07179
epoch: [13], step: [840/1543], batch loss: 0.16313, batch accuracy: 90.83, data load time: 0.24042, step time: 0.09215
epoch: [13], step: [940/1543], batch loss: 0.15727, batch accuracy: 85.45, data load time: 0.27661, step time: 0.07678
epoch: [13], step: [1040/1543], batch loss: 0.12290, batch accuracy: 85.86, data load time: 0.28001, step time: 0.06315
epoch: [13], step: [1140/1543], batch loss: 0.12928, batch accuracy: 89.49, data load time: 0.24133, step time: 0.07652
epoch: [13], step: [1240/1543], batch loss: 0.14123, batch accuracy: 86.19, data load time: 0.24835, step time: 0.07115
epoch: [13], step: [1340/1543], batch loss: 0.17503, batch accuracy: 81.56, data load time: 0.31706, step time: 0.08331
epoch: [13], step: [1440/1543], batch loss: 0.19878, batch accuracy: 79.43, data load time: 0.22509, step time: 0.08476
epoch: [13], step: [1540/1543], batch loss: 0.17020, batch accuracy: 90.00, data load time: 0.32017, step time: 0.08147
epoch: [14], step: [97/1543], batch loss: 0.20056, batch accuracy: 83.46, data load time: 0.27651, step time: 0.08523
epoch: [14], step: [197/1543], batch loss: 0.15648, batch accuracy: 82.76, data load time: 0.17426, step time: 0.08251
epoch: [14], step: [297/1543], batch loss: 0.16168, batch accuracy: 89.71, data load time: 0.22895, step time: 0.08475
epoch: [14], step: [397/1543], batch loss: 0.18170, batch accuracy: 82.24, data load time: 0.21237, step time: 0.08334
epoch: [14], step: [497/1543], batch loss: 0.13611, batch accuracy: 86.58, data load time: 0.12245, step time: 0.08024
epoch: [14], step: [597/1543], batch loss: 0.21694, batch accuracy: 85.38, data load time: 0.29749, step time: 0.08351
epoch: [14], step: [697/1543], batch loss: 0.19624, batch accuracy: 88.63, data load time: 0.22150, step time: 0.08710
epoch: [14], step: [797/1543], batch loss: 0.14462, batch accuracy: 83.17, data load time: 0.14863, step time: 0.07492
epoch: [14], step: [897/1543], batch loss: 0.13040, batch accuracy: 89.75, data load time: 0.29237, step time: 0.07657
epoch: [14], step: [997/1543], batch loss: 0.11872, batch accuracy: 91.30, data load time: 0.35189, step time: 0.07015
epoch: [14], step: [1097/1543], batch loss: 0.16874, batch accuracy: 84.00, data load time: 0.25829, step time: 0.08369
epoch: [14], step: [1197/1543], batch loss: 0.16099, batch accuracy: 86.85, data load time: 0.33391, step time: 0.08628
epoch: [14], step: [1297/1543], batch loss: 0.19978, batch accuracy: 79.48, data load time: 0.27350, step time: 0.08214
epoch: [14], step: [1397/1543], batch loss: 0.14085, batch accuracy: 89.93, data load time: 0.31053, step time: 0.07692
epoch: [14], step: [1497/1543], batch loss: 0.17734, batch accuracy: 82.45, data load time: 0.30471, step time: 0.07164
EVALUATION METRICS:
-------------------------------------------------------------

Validation: AUC Score: 0.8386

-------------------------------------------------------------
validation loss: 0.15930, accuracy: 83.86
epoch: [15], step: [54/1543], batch loss: 0.17132, batch accuracy: 82.75, data load time: 0.27670, step time: 0.07885
epoch: [15], step: [154/1543], batch loss: 0.14808, batch accuracy: 85.89, data load time: 0.19020, step time: 0.07707
epoch: [15], step: [254/1543], batch loss: 0.15128, batch accuracy: 88.41, data load time: 0.25636, step time: 0.08507
epoch: [15], step: [354/1543], batch loss: 0.13587, batch accuracy: 90.37, data load time: 0.22685, step time: 0.07871
epoch: [15], step: [454/1543], batch loss: 0.13937, batch accuracy: 82.00, data load time: 0.25214, step time: 0.07420
epoch: [15], step: [554/1543], batch loss: 0.18983, batch accuracy: 89.52, data load time: 0.30709, step time: 0.09776
epoch: [15], step: [654/1543], batch loss: 0.16868, batch accuracy: 83.78, data load time: 0.34475, step time: 0.08136
epoch: [15], step: [754/1543], batch loss: 0.14974, batch accuracy: 86.86, data load time: 0.30600, step time: 0.08808
epoch: [15], step: [854/1543], batch loss: 0.13444, batch accuracy: 90.57, data load time: 0.34402, step time: 0.07501
epoch: [15], step: [954/1543], batch loss: 0.15549, batch accuracy: 86.90, data load time: 0.29326, step time: 0.07823
epoch: [15], step: [1054/1543], batch loss: 0.14811, batch accuracy: 89.89, data load time: 0.32560, step time: 0.08508
epoch: [15], step: [1154/1543], batch loss: 0.23403, batch accuracy: 82.10, data load time: 0.30925, step time: 0.08523
epoch: [15], step: [1254/1543], batch loss: 0.15664, batch accuracy: 86.86, data load time: 0.28594, step time: 0.07348
epoch: [15], step: [1354/1543], batch loss: 0.16425, batch accuracy: 85.72, data load time: 0.32160, step time: 0.08338
epoch: [15], step: [1454/1543], batch loss: 0.14749, batch accuracy: 88.70, data load time: 0.41530, step time: 0.07459
epoch: [16], step: [11/1543], batch loss: 0.18386, batch accuracy: 89.00, data load time: 0.11548, step time: 0.10624
epoch: [16], step: [111/1543], batch loss: 0.12085, batch accuracy: 89.86, data load time: 0.15602, step time: 0.07971
epoch: [16], step: [211/1543], batch loss: 0.18491, batch accuracy: 77.39, data load time: 0.18770, step time: 0.08284
epoch: [16], step: [311/1543], batch loss: 0.15258, batch accuracy: 82.09, data load time: 0.19195, step time: 0.08133
epoch: [16], step: [411/1543], batch loss: 0.13329, batch accuracy: 78.43, data load time: 0.36879, step time: 0.08424
epoch: [16], step: [511/1543], batch loss: 0.19085, batch accuracy: 91.37, data load time: 0.25694, step time: 0.08173
epoch: [16], step: [611/1543], batch loss: 0.14228, batch accuracy: 81.49, data load time: 0.22966, step time: 0.44561
epoch: [16], step: [711/1543], batch loss: 0.15030, batch accuracy: 86.26, data load time: 0.22441, step time: 0.08699
epoch: [16], step: [811/1543], batch loss: 0.14368, batch accuracy: 90.60, data load time: 0.23672, step time: 0.07348
epoch: [16], step: [911/1543], batch loss: 0.17651, batch accuracy: 82.92, data load time: 0.25436, step time: 0.08676
epoch: [16], step: [1011/1543], batch loss: 0.21092, batch accuracy: 86.19, data load time: 0.25306, step time: 0.08190
epoch: [16], step: [1111/1543], batch loss: 0.14611, batch accuracy: 90.61, data load time: 0.27900, step time: 0.08484
epoch: [16], step: [1211/1543], batch loss: 0.13414, batch accuracy: 91.94, data load time: 0.22241, step time: 0.07765
epoch: [16], step: [1311/1543], batch loss: 0.17675, batch accuracy: 90.59, data load time: 0.29780, step time: 0.08152
epoch: [16], step: [1411/1543], batch loss: 0.13683, batch accuracy: 90.22, data load time: 0.23973, step time: 0.08583
epoch: [16], step: [1511/1543], batch loss: 0.14471, batch accuracy: 91.05, data load time: 0.35954, step time: 0.08472
epoch: [17], step: [68/1543], batch loss: 0.16407, batch accuracy: 83.89, data load time: 0.17992, step time: 0.08993
epoch: [17], step: [168/1543], batch loss: 0.14974, batch accuracy: 93.62, data load time: 0.12260, step time: 0.08842
epoch: [17], step: [268/1543], batch loss: 0.12781, batch accuracy: 87.26, data load time: 0.22990, step time: 0.07529
epoch: [17], step: [368/1543], batch loss: 0.18475, batch accuracy: 83.22, data load time: 0.15830, step time: 0.09214
epoch: [17], step: [468/1543], batch loss: 0.14108, batch accuracy: 96.38, data load time: 0.22067, step time: 0.09064
epoch: [17], step: [568/1543], batch loss: 0.21213, batch accuracy: 79.59, data load time: 0.30456, step time: 0.08167
epoch: [17], step: [668/1543], batch loss: 0.12387, batch accuracy: 94.36, data load time: 0.30581, step time: 0.07459
epoch: [17], step: [768/1543], batch loss: 0.18465, batch accuracy: 89.56, data load time: 0.33461, step time: 0.08786
epoch: [17], step: [868/1543], batch loss: 0.14608, batch accuracy: 91.81, data load time: 0.32338, step time: 0.08467
epoch: [17], step: [968/1543], batch loss: 0.16205, batch accuracy: 87.59, data load time: 0.27791, step time: 0.07701
epoch: [17], step: [1068/1543], batch loss: 0.13976, batch accuracy: 78.24, data load time: 0.31372, step time: 0.06809
epoch: [17], step: [1168/1543], batch loss: 0.13093, batch accuracy: 85.75, data load time: 0.30610, step time: 0.07349
epoch: [17], step: [1268/1543], batch loss: 0.19196, batch accuracy: 82.63, data load time: 0.30566, step time: 0.07631
epoch: [17], step: [1368/1543], batch loss: 0.18674, batch accuracy: 78.94, data load time: 0.32713, step time: 0.08848
epoch: [17], step: [1468/1543], batch loss: 0.14663, batch accuracy: 92.69, data load time: 0.24606, step time: 0.07688
epoch: [18], step: [25/1543], batch loss: 0.16473, batch accuracy: 92.48, data load time: 0.15370, step time: 0.08851
epoch: [18], step: [125/1543], batch loss: 0.15230, batch accuracy: 84.66, data load time: 0.21867, step time: 0.08114
epoch: [18], step: [225/1543], batch loss: 0.14325, batch accuracy: 80.69, data load time: 0.25092, step time: 0.07394
epoch: [18], step: [325/1543], batch loss: 0.26274, batch accuracy: 79.33, data load time: 0.31528, step time: 0.08379
epoch: [18], step: [425/1543], batch loss: 0.13311, batch accuracy: 92.94, data load time: 0.24189, step time: 0.08051
epoch: [18], step: [525/1543], batch loss: 0.14694, batch accuracy: 85.08, data load time: 0.21104, step time: 0.07393
epoch: [18], step: [625/1543], batch loss: 0.12587, batch accuracy: 92.74, data load time: 0.25215, step time: 0.07362
epoch: [18], step: [725/1543], batch loss: 0.19675, batch accuracy: 79.87, data load time: 0.22723, step time: 0.08519
epoch: [18], step: [825/1543], batch loss: 0.10354, batch accuracy: 93.24, data load time: 0.30080, step time: 0.06672
epoch: [18], step: [925/1543], batch loss: 0.14293, batch accuracy: 92.57, data load time: 0.24831, step time: 0.08829
epoch: [18], step: [1025/1543], batch loss: 0.16710, batch accuracy: 91.36, data load time: 0.28998, step time: 0.07857
epoch: [18], step: [1125/1543], batch loss: 0.15795, batch accuracy: 89.34, data load time: 0.33237, step time: 0.08507
epoch: [18], step: [1225/1543], batch loss: 0.20438, batch accuracy: 77.12, data load time: 0.34497, step time: 0.07521
epoch: [18], step: [1325/1543], batch loss: 0.13557, batch accuracy: 85.69, data load time: 0.27404, step time: 0.07966
epoch: [18], step: [1425/1543], batch loss: 0.12527, batch accuracy: 80.82, data load time: 0.32405, step time: 0.07214
epoch: [18], step: [1525/1543], batch loss: 0.17157, batch accuracy: 85.53, data load time: 0.30676, step time: 0.07849
epoch: [19], step: [82/1543], batch loss: 0.14065, batch accuracy: 81.48, data load time: 0.22523, step time: 0.07494
epoch: [19], step: [182/1543], batch loss: 0.17955, batch accuracy: 83.25, data load time: 0.33707, step time: 0.08478
epoch: [19], step: [282/1543], batch loss: 0.16484, batch accuracy: 93.61, data load time: 0.15808, step time: 0.08535
epoch: [19], step: [382/1543], batch loss: 0.18592, batch accuracy: 84.81, data load time: 0.16523, step time: 0.09231
epoch: [19], step: [482/1543], batch loss: 0.15168, batch accuracy: 80.38, data load time: 0.13903, step time: 0.07166
epoch: [19], step: [582/1543], batch loss: 0.15892, batch accuracy: 87.24, data load time: 0.22794, step time: 0.07698
epoch: [19], step: [682/1543], batch loss: 0.13259, batch accuracy: 89.38, data load time: 0.17961, step time: 0.08124
epoch: [19], step: [782/1543], batch loss: 0.16950, batch accuracy: 83.78, data load time: 0.30492, step time: 0.07879
epoch: [19], step: [882/1543], batch loss: 0.19027, batch accuracy: 85.48, data load time: 0.36209, step time: 0.08191
epoch: [19], step: [982/1543], batch loss: 0.16231, batch accuracy: 83.50, data load time: 0.28155, step time: 0.08001
epoch: [19], step: [1082/1543], batch loss: 0.15379, batch accuracy: 82.27, data load time: 0.31382, step time: 0.07651
epoch: [19], step: [1182/1543], batch loss: 0.15433, batch accuracy: 87.41, data load time: 0.35104, step time: 0.08211
epoch: [19], step: [1282/1543], batch loss: 0.18501, batch accuracy: 89.40, data load time: 0.34039, step time: 0.07997
epoch: [19], step: [1382/1543], batch loss: 0.14741, batch accuracy: 87.44, data load time: 0.38578, step time: 0.07842
epoch: [19], step: [1482/1543], batch loss: 0.21145, batch accuracy: 82.27, data load time: 0.32396, step time: 0.09315
EVALUATION METRICS:
-------------------------------------------------------------

Validation: AUC Score: 0.8400

-------------------------------------------------------------
validation loss: 0.15812, accuracy: 84.00
epoch: [20], step: [39/1543], batch loss: 0.14551, batch accuracy: 83.94, data load time: 0.30615, step time: 0.06871
epoch: [20], step: [139/1543], batch loss: 0.19684, batch accuracy: 81.95, data load time: 0.33750, step time: 0.07828
epoch: [20], step: [239/1543], batch loss: 0.15595, batch accuracy: 81.30, data load time: 0.27924, step time: 0.08061
epoch: [20], step: [339/1543], batch loss: 0.11504, batch accuracy: 89.38, data load time: 0.30740, step time: 0.06869
epoch: [20], step: [439/1543], batch loss: 0.20349, batch accuracy: 82.90, data load time: 0.35979, step time: 0.09731
epoch: [20], step: [539/1543], batch loss: 0.13680, batch accuracy: 90.83, data load time: 0.19191, step time: 0.08855
epoch: [20], step: [639/1543], batch loss: 0.17369, batch accuracy: 84.37, data load time: 0.21470, step time: 0.08642
epoch: [20], step: [739/1543], batch loss: 0.14034, batch accuracy: 89.99, data load time: 0.23940, step time: 0.07344
epoch: [20], step: [839/1543], batch loss: 0.20226, batch accuracy: 84.49, data load time: 0.26737, step time: 0.07871
epoch: [20], step: [939/1543], batch loss: 0.15327, batch accuracy: 87.64, data load time: 0.33638, step time: 0.07835
epoch: [20], step: [1039/1543], batch loss: 0.19167, batch accuracy: 87.54, data load time: 0.35253, step time: 0.08833
epoch: [20], step: [1139/1543], batch loss: 0.17053, batch accuracy: 86.92, data load time: 0.30625, step time: 0.07664
epoch: [20], step: [1239/1543], batch loss: 0.16804, batch accuracy: 91.41, data load time: 0.39605, step time: 0.07985
epoch: [20], step: [1339/1543], batch loss: 0.17548, batch accuracy: 82.51, data load time: 0.27326, step time: 0.07804
epoch: [20], step: [1439/1543], batch loss: 0.18117, batch accuracy: 84.73, data load time: 0.31093, step time: 0.08315
epoch: [20], step: [1539/1543], batch loss: 0.12212, batch accuracy: 93.05, data load time: 0.31069, step time: 0.08065
epoch: [21], step: [96/1543], batch loss: 0.16989, batch accuracy: 83.11, data load time: 0.18541, step time: 0.08934
epoch: [21], step: [196/1543], batch loss: 0.17033, batch accuracy: 73.95, data load time: 0.20008, step time: 0.07183
epoch: [21], step: [296/1543], batch loss: 0.16722, batch accuracy: 84.09, data load time: 0.20456, step time: 0.09081
epoch: [21], step: [396/1543], batch loss: 0.16267, batch accuracy: 84.07, data load time: 0.31534, step time: 0.08012
epoch: [21], step: [496/1543], batch loss: 0.27038, batch accuracy: 75.82, data load time: 0.19716, step time: 0.08723
epoch: [21], step: [596/1543], batch loss: 0.13007, batch accuracy: 89.24, data load time: 0.33524, step time: 0.09195
epoch: [21], step: [696/1543], batch loss: 0.16279, batch accuracy: 85.34, data load time: 0.25168, step time: 0.07529
epoch: [21], step: [796/1543], batch loss: 0.15312, batch accuracy: 89.81, data load time: 0.26988, step time: 0.08164
epoch: [21], step: [896/1543], batch loss: 0.18251, batch accuracy: 84.43, data load time: 0.29064, step time: 0.08537
epoch: [21], step: [996/1543], batch loss: 0.15616, batch accuracy: 86.27, data load time: 0.28928, step time: 0.06997
epoch: [21], step: [1096/1543], batch loss: 0.15206, batch accuracy: 81.32, data load time: 0.26537, step time: 0.06649
epoch: [21], step: [1196/1543], batch loss: 0.14088, batch accuracy: 90.15, data load time: 0.31416, step time: 0.08483
epoch: [21], step: [1296/1543], batch loss: 0.19169, batch accuracy: 85.64, data load time: 0.30592, step time: 0.09509
epoch: [21], step: [1396/1543], batch loss: 0.13235, batch accuracy: 80.11, data load time: 0.31095, step time: 0.06997
epoch: [21], step: [1496/1543], batch loss: 0.15097, batch accuracy: 93.79, data load time: 0.29934, step time: 0.08808
epoch: [22], step: [53/1543], batch loss: 0.15812, batch accuracy: 93.85, data load time: 0.18771, step time: 0.08412
epoch: [22], step: [153/1543], batch loss: 0.15640, batch accuracy: 83.63, data load time: 0.18020, step time: 0.08236
epoch: [22], step: [253/1543], batch loss: 0.14966, batch accuracy: 90.77, data load time: 0.14725, step time: 0.08884
epoch: [22], step: [353/1543], batch loss: 0.17805, batch accuracy: 83.66, data load time: 0.19865, step time: 0.07854
epoch: [22], step: [453/1543], batch loss: 0.14486, batch accuracy: 90.77, data load time: 0.24684, step time: 0.07705
epoch: [22], step: [553/1543], batch loss: 0.17621, batch accuracy: 90.71, data load time: 0.26581, step time: 0.09338
epoch: [22], step: [653/1543], batch loss: 0.12089, batch accuracy: 91.40, data load time: 0.31037, step time: 0.07357
epoch: [22], step: [753/1543], batch loss: 0.16046, batch accuracy: 83.76, data load time: 0.21480, step time: 0.08694
epoch: [22], step: [853/1543], batch loss: 0.23005, batch accuracy: 75.73, data load time: 0.27025, step time: 0.07938
epoch: [22], step: [953/1543], batch loss: 0.16220, batch accuracy: 76.91, data load time: 0.23789, step time: 0.07466
epoch: [22], step: [1053/1543], batch loss: 0.19503, batch accuracy: 88.06, data load time: 0.26802, step time: 0.09381
epoch: [22], step: [1153/1543], batch loss: 0.13595, batch accuracy: 89.29, data load time: 0.25852, step time: 0.07816
epoch: [22], step: [1253/1543], batch loss: 0.13797, batch accuracy: 80.26, data load time: 0.24347, step time: 0.06670
epoch: [22], step: [1353/1543], batch loss: 0.16916, batch accuracy: 84.57, data load time: 0.35122, step time: 0.07933
epoch: [22], step: [1453/1543], batch loss: 0.13288, batch accuracy: 88.30, data load time: 0.36677, step time: 0.07523
epoch: [23], step: [10/1543], batch loss: 0.13795, batch accuracy: 89.86, data load time: 0.16406, step time: 0.09783
epoch: [23], step: [110/1543], batch loss: 0.12298, batch accuracy: 90.66, data load time: 0.11149, step time: 0.07806
epoch: [23], step: [210/1543], batch loss: 0.12963, batch accuracy: 88.62, data load time: 0.24289, step time: 0.07713
epoch: [23], step: [310/1543], batch loss: 0.13887, batch accuracy: 86.02, data load time: 0.25952, step time: 0.07752
epoch: [23], step: [410/1543], batch loss: 0.15455, batch accuracy: 85.17, data load time: 0.23704, step time: 0.08680
epoch: [23], step: [510/1543], batch loss: 0.20004, batch accuracy: 81.52, data load time: 0.24153, step time: 0.08174
epoch: [23], step: [610/1543], batch loss: 0.14864, batch accuracy: 92.71, data load time: 0.31484, step time: 0.07708
epoch: [23], step: [710/1543], batch loss: 0.18170, batch accuracy: 87.72, data load time: 0.27291, step time: 0.08425
epoch: [23], step: [810/1543], batch loss: 0.12297, batch accuracy: 89.58, data load time: 0.23675, step time: 0.06159
epoch: [23], step: [910/1543], batch loss: 0.15801, batch accuracy: 89.59, data load time: 0.28172, step time: 0.08661
epoch: [23], step: [1010/1543], batch loss: 0.15341, batch accuracy: 92.66, data load time: 0.29736, step time: 0.09144
epoch: [23], step: [1110/1543], batch loss: 0.13710, batch accuracy: 82.62, data load time: 0.27784, step time: 0.07359
epoch: [23], step: [1210/1543], batch loss: 0.20558, batch accuracy: 83.44, data load time: 0.29291, step time: 0.09485
epoch: [23], step: [1310/1543], batch loss: 0.13212, batch accuracy: 91.61, data load time: 0.34443, step time: 0.08155
epoch: [23], step: [1410/1543], batch loss: 0.17022, batch accuracy: 84.42, data load time: 0.32737, step time: 0.07806
epoch: [23], step: [1510/1543], batch loss: 0.13920, batch accuracy: 91.29, data load time: 0.27766, step time: 0.08203
epoch: [24], step: [67/1543], batch loss: 0.16437, batch accuracy: 81.36, data load time: 0.10682, step time: 0.07197
epoch: [24], step: [167/1543], batch loss: 0.11789, batch accuracy: 88.40, data load time: 0.21699, step time: 0.07742
epoch: [24], step: [267/1543], batch loss: 0.19169, batch accuracy: 82.73, data load time: 0.12430, step time: 0.09543
epoch: [24], step: [367/1543], batch loss: 0.15501, batch accuracy: 88.89, data load time: 0.27907, step time: 0.08131
epoch: [24], step: [467/1543], batch loss: 0.15254, batch accuracy: 87.33, data load time: 0.24231, step time: 0.06835
epoch: [24], step: [567/1543], batch loss: 0.13165, batch accuracy: 87.12, data load time: 0.21663, step time: 0.06862
epoch: [24], step: [667/1543], batch loss: 0.13778, batch accuracy: 90.29, data load time: 0.28741, step time: 0.07687
epoch: [24], step: [767/1543], batch loss: 0.22179, batch accuracy: 88.40, data load time: 0.30737, step time: 0.09310
epoch: [24], step: [867/1543], batch loss: 0.15382, batch accuracy: 92.16, data load time: 0.30498, step time: 0.08607
epoch: [24], step: [967/1543], batch loss: 0.11049, batch accuracy: 85.90, data load time: 0.41913, step time: 0.06779
epoch: [24], step: [1067/1543], batch loss: 0.13869, batch accuracy: 85.82, data load time: 0.33684, step time: 0.07627
epoch: [24], step: [1167/1543], batch loss: 0.18829, batch accuracy: 83.59, data load time: 0.39472, step time: 0.08824
epoch: [24], step: [1267/1543], batch loss: 0.15857, batch accuracy: 83.42, data load time: 0.42553, step time: 0.07997
epoch: [24], step: [1367/1543], batch loss: 0.15632, batch accuracy: 89.75, data load time: 0.32298, step time: 0.07354
epoch: [24], step: [1467/1543], batch loss: 0.14841, batch accuracy: 87.59, data load time: 0.39061, step time: 0.07658
EVALUATION METRICS:
-------------------------------------------------------------

Validation: AUC Score: 0.8400

-------------------------------------------------------------
validation loss: 0.15894, accuracy: 84.00
EVALUATION METRICS:
-------------------------------------------------------------

Test: AUC Score: 0.8416

-------------------------------------------------------------
validation loss: 0.47140, accuracy: 84.16
