Loading data from /mnt/storage/scratch/ee20947/MagnaTagATune/annotations/train.pkl...
Loading data from /mnt/storage/scratch/ee20947/MagnaTagATune/annotations/train.pkl...
Loading data from /mnt/storage/scratch/ee20947/MagnaTagATune/annotations/val.pkl...
Loading data from /mnt/storage/scratch/ee20947/MagnaTagATune/annotations/test.pkl...
Writing logs to logs/CNN_sgd_momentum=0.93_learning_rate=0.2_conv_length=256_conv_stride=256_batch_size=10_epochs=30_weight_decay=1e-05_extension=ExtraCNN_run_4
epoch: [0], step: [99/1543], batch loss: 0.20679, batch accuracy: 60.06, data load time: 0.19701, step time: 0.03416
epoch: [0], step: [199/1543], batch loss: 0.18846, batch accuracy: 69.81, data load time: 0.26472, step time: 0.03688
epoch: [0], step: [299/1543], batch loss: 0.15025, batch accuracy: 73.18, data load time: 0.19599, step time: 0.03080
epoch: [0], step: [399/1543], batch loss: 0.22245, batch accuracy: 68.76, data load time: 0.20997, step time: 0.03623
epoch: [0], step: [499/1543], batch loss: 0.17893, batch accuracy: 73.88, data load time: 0.20967, step time: 0.03350
epoch: [0], step: [599/1543], batch loss: 0.19243, batch accuracy: 80.85, data load time: 0.22024, step time: 0.03779
epoch: [0], step: [699/1543], batch loss: 0.23571, batch accuracy: 62.15, data load time: 0.26244, step time: 0.03562
epoch: [0], step: [799/1543], batch loss: 0.19557, batch accuracy: 66.38, data load time: 0.28080, step time: 0.03432
epoch: [0], step: [899/1543], batch loss: 0.16374, batch accuracy: 71.42, data load time: 0.24065, step time: 0.03476
epoch: [0], step: [999/1543], batch loss: 0.16969, batch accuracy: 72.27, data load time: 0.31417, step time: 0.03296
epoch: [0], step: [1099/1543], batch loss: 0.21967, batch accuracy: 68.44, data load time: 0.27436, step time: 0.03565
epoch: [0], step: [1199/1543], batch loss: 0.17936, batch accuracy: 68.27, data load time: 0.24077, step time: 0.03423
epoch: [0], step: [1299/1543], batch loss: 0.17160, batch accuracy: 82.12, data load time: 0.21365, step time: 0.03521
epoch: [0], step: [1399/1543], batch loss: 0.16465, batch accuracy: 66.26, data load time: 0.24068, step time: 0.03427
epoch: [0], step: [1499/1543], batch loss: 0.18962, batch accuracy: 63.19, data load time: 0.27253, step time: 0.03378
epoch: [1], step: [56/1543], batch loss: 0.18168, batch accuracy: 75.29, data load time: 0.10402, step time: 0.03498
epoch: [1], step: [156/1543], batch loss: 0.17444, batch accuracy: 78.72, data load time: 0.09914, step time: 0.04093
epoch: [1], step: [256/1543], batch loss: 0.26444, batch accuracy: 72.24, data load time: 0.09961, step time: 0.04077
epoch: [1], step: [356/1543], batch loss: 0.16058, batch accuracy: 84.17, data load time: 0.07942, step time: 0.03452
epoch: [1], step: [456/1543], batch loss: 0.18452, batch accuracy: 60.07, data load time: 0.15847, step time: 0.03525
epoch: [1], step: [556/1543], batch loss: 0.20363, batch accuracy: 81.22, data load time: 0.19088, step time: 0.03655
epoch: [1], step: [656/1543], batch loss: 0.19092, batch accuracy: 73.82, data load time: 0.21330, step time: 0.03933
epoch: [1], step: [756/1543], batch loss: 0.19276, batch accuracy: 86.43, data load time: 0.13429, step time: 0.04000
epoch: [1], step: [856/1543], batch loss: 0.22920, batch accuracy: 74.85, data load time: 0.23299, step time: 0.03581
epoch: [1], step: [956/1543], batch loss: 0.18562, batch accuracy: 75.37, data load time: 0.16440, step time: 0.03359
epoch: [1], step: [1056/1543], batch loss: 0.22172, batch accuracy: 74.06, data load time: 0.19095, step time: 0.03587
epoch: [1], step: [1156/1543], batch loss: 0.19596, batch accuracy: 74.35, data load time: 0.18753, step time: 0.03607
epoch: [1], step: [1256/1543], batch loss: 0.20063, batch accuracy: 74.62, data load time: 0.24113, step time: 0.03527
epoch: [1], step: [1356/1543], batch loss: 0.17454, batch accuracy: 84.08, data load time: 0.22162, step time: 0.03721
epoch: [1], step: [1456/1543], batch loss: 0.18926, batch accuracy: 77.67, data load time: 0.19875, step time: 0.03652
epoch: [2], step: [13/1543], batch loss: 0.15043, batch accuracy: 86.30, data load time: 0.10200, step time: 0.03139
epoch: [2], step: [113/1543], batch loss: 0.15889, batch accuracy: 77.43, data load time: 0.22479, step time: 0.03506
epoch: [2], step: [213/1543], batch loss: 0.17233, batch accuracy: 74.20, data load time: 0.12830, step time: 0.03374
epoch: [2], step: [313/1543], batch loss: 0.21147, batch accuracy: 70.23, data load time: 0.10044, step time: 0.03729
epoch: [2], step: [413/1543], batch loss: 0.15988, batch accuracy: 88.57, data load time: 0.09144, step time: 0.03591
epoch: [2], step: [513/1543], batch loss: 0.23349, batch accuracy: 82.80, data load time: 0.14186, step time: 0.04004
epoch: [2], step: [613/1543], batch loss: 0.19077, batch accuracy: 74.20, data load time: 0.18115, step time: 0.03942
epoch: [2], step: [713/1543], batch loss: 0.15105, batch accuracy: 77.73, data load time: 0.12214, step time: 0.03312
epoch: [2], step: [813/1543], batch loss: 0.13257, batch accuracy: 86.42, data load time: 0.15944, step time: 0.03233
epoch: [2], step: [913/1543], batch loss: 0.11200, batch accuracy: 93.45, data load time: 0.17367, step time: 0.03168
epoch: [2], step: [1013/1543], batch loss: 0.17933, batch accuracy: 82.14, data load time: 0.19272, step time: 0.03456
epoch: [2], step: [1113/1543], batch loss: 0.21369, batch accuracy: 92.72, data load time: 0.19857, step time: 0.03934
epoch: [2], step: [1213/1543], batch loss: 0.16760, batch accuracy: 81.18, data load time: 0.16823, step time: 0.03440
epoch: [2], step: [1313/1543], batch loss: 0.16759, batch accuracy: 77.16, data load time: 0.18877, step time: 0.03591
epoch: [2], step: [1413/1543], batch loss: 0.16144, batch accuracy: 73.02, data load time: 0.15354, step time: 0.03299
epoch: [2], step: [1513/1543], batch loss: 0.12409, batch accuracy: 86.40, data load time: 0.25714, step time: 0.03328
epoch: [3], step: [70/1543], batch loss: 0.15449, batch accuracy: 79.35, data load time: 0.25173, step time: 0.03229
epoch: [3], step: [170/1543], batch loss: 0.18004, batch accuracy: 77.01, data load time: 0.20401, step time: 0.03514
epoch: [3], step: [270/1543], batch loss: 0.21122, batch accuracy: 83.79, data load time: 0.20939, step time: 0.03751
epoch: [3], step: [370/1543], batch loss: 0.16661, batch accuracy: 77.10, data load time: 0.25361, step time: 0.03261
epoch: [3], step: [470/1543], batch loss: 0.24890, batch accuracy: 76.27, data load time: 0.25067, step time: 0.04022
epoch: [3], step: [570/1543], batch loss: 0.22865, batch accuracy: 81.71, data load time: 0.29933, step time: 0.04182
epoch: [3], step: [670/1543], batch loss: 0.21536, batch accuracy: 79.77, data load time: 0.22831, step time: 0.03824
epoch: [3], step: [770/1543], batch loss: 0.17696, batch accuracy: 82.62, data load time: 0.21329, step time: 0.03544
epoch: [3], step: [870/1543], batch loss: 0.20354, batch accuracy: 72.75, data load time: 0.25334, step time: 0.03898
epoch: [3], step: [970/1543], batch loss: 0.15951, batch accuracy: 84.53, data load time: 0.19446, step time: 0.03863
epoch: [3], step: [1070/1543], batch loss: 0.17639, batch accuracy: 80.09, data load time: 0.23043, step time: 0.03306
epoch: [3], step: [1170/1543], batch loss: 0.17538, batch accuracy: 78.74, data load time: 0.23833, step time: 0.03601
epoch: [3], step: [1270/1543], batch loss: 0.20193, batch accuracy: 79.64, data load time: 0.21951, step time: 0.03868
epoch: [3], step: [1370/1543], batch loss: 0.19672, batch accuracy: 72.02, data load time: 0.23968, step time: 0.03335
epoch: [3], step: [1470/1543], batch loss: 0.15084, batch accuracy: 94.44, data load time: 0.22763, step time: 0.03889
epoch: [4], step: [27/1543], batch loss: 0.14185, batch accuracy: 89.56, data load time: 0.15304, step time: 0.03476
epoch: [4], step: [127/1543], batch loss: 0.16116, batch accuracy: 73.82, data load time: 0.20077, step time: 0.03321
epoch: [4], step: [227/1543], batch loss: 0.15129, batch accuracy: 87.91, data load time: 0.24228, step time: 0.03443
epoch: [4], step: [327/1543], batch loss: 0.17148, batch accuracy: 90.63, data load time: 0.16653, step time: 0.03808
epoch: [4], step: [427/1543], batch loss: 0.19338, batch accuracy: 77.29, data load time: 0.15764, step time: 0.03794
epoch: [4], step: [527/1543], batch loss: 0.14274, batch accuracy: 89.81, data load time: 0.24894, step time: 0.03705
epoch: [4], step: [627/1543], batch loss: 0.21733, batch accuracy: 78.21, data load time: 0.15445, step time: 0.03957
epoch: [4], step: [727/1543], batch loss: 0.20696, batch accuracy: 80.73, data load time: 0.24235, step time: 0.04100
epoch: [4], step: [827/1543], batch loss: 0.16769, batch accuracy: 80.78, data load time: 0.22884, step time: 0.03609
epoch: [4], step: [927/1543], batch loss: 0.18357, batch accuracy: 90.32, data load time: 0.24858, step time: 0.03878
epoch: [4], step: [1027/1543], batch loss: 0.15815, batch accuracy: 89.05, data load time: 0.21938, step time: 0.03944
epoch: [4], step: [1127/1543], batch loss: 0.21454, batch accuracy: 84.76, data load time: 0.23493, step time: 0.04022
epoch: [4], step: [1227/1543], batch loss: 0.15638, batch accuracy: 79.93, data load time: 0.27574, step time: 0.03652
epoch: [4], step: [1327/1543], batch loss: 0.22933, batch accuracy: 85.61, data load time: 0.26326, step time: 0.04161
epoch: [4], step: [1427/1543], batch loss: 0.19310, batch accuracy: 85.76, data load time: 0.24736, step time: 0.03959
epoch: [4], step: [1527/1543], batch loss: 0.17593, batch accuracy: 79.01, data load time: 0.24068, step time: 0.03694
EVALUATION METRICS:
-------------------------------------------------------------

Validation: AUC Score: 0.8107

-------------------------------------------------------------
validation loss: 0.17470, accuracy: 81.07
epoch: [5], step: [84/1543], batch loss: 0.18616, batch accuracy: 82.46, data load time: 0.21684, step time: 0.03462
epoch: [5], step: [184/1543], batch loss: 0.22365, batch accuracy: 81.09, data load time: 0.18888, step time: 0.03642
epoch: [5], step: [284/1543], batch loss: 0.19041, batch accuracy: 68.12, data load time: 0.27233, step time: 0.03448
epoch: [5], step: [384/1543], batch loss: 0.20059, batch accuracy: 83.82, data load time: 0.21927, step time: 0.03580
epoch: [5], step: [484/1543], batch loss: 0.18069, batch accuracy: 79.58, data load time: 0.21453, step time: 0.04012
epoch: [5], step: [584/1543], batch loss: 0.15077, batch accuracy: 91.36, data load time: 0.22554, step time: 0.03701
epoch: [5], step: [684/1543], batch loss: 0.17453, batch accuracy: 68.39, data load time: 0.27353, step time: 0.03555
epoch: [5], step: [784/1543], batch loss: 0.17944, batch accuracy: 88.01, data load time: 0.21894, step time: 0.04142
epoch: [5], step: [884/1543], batch loss: 0.22863, batch accuracy: 75.12, data load time: 0.19082, step time: 0.03855
epoch: [5], step: [984/1543], batch loss: 0.18371, batch accuracy: 77.72, data load time: 0.22753, step time: 0.03785
epoch: [5], step: [1084/1543], batch loss: 0.16311, batch accuracy: 79.33, data load time: 0.20075, step time: 0.03382
epoch: [5], step: [1184/1543], batch loss: 0.15368, batch accuracy: 84.47, data load time: 0.24524, step time: 0.03492
epoch: [5], step: [1284/1543], batch loss: 0.14606, batch accuracy: 83.92, data load time: 0.18612, step time: 0.03217
epoch: [5], step: [1384/1543], batch loss: 0.14750, batch accuracy: 88.20, data load time: 0.23689, step time: 0.03709
epoch: [5], step: [1484/1543], batch loss: 0.15444, batch accuracy: 77.67, data load time: 0.24449, step time: 0.03500
epoch: [6], step: [41/1543], batch loss: 0.19355, batch accuracy: 78.03, data load time: 0.18852, step time: 0.03517
epoch: [6], step: [141/1543], batch loss: 0.17674, batch accuracy: 71.06, data load time: 0.22966, step time: 0.03363
epoch: [6], step: [241/1543], batch loss: 0.24155, batch accuracy: 83.68, data load time: 0.21072, step time: 0.04220
epoch: [6], step: [341/1543], batch loss: 0.15485, batch accuracy: 80.30, data load time: 0.23693, step time: 0.03425
epoch: [6], step: [441/1543], batch loss: 0.16297, batch accuracy: 83.74, data load time: 0.25915, step time: 0.03663
epoch: [6], step: [541/1543], batch loss: 0.18963, batch accuracy: 89.84, data load time: 0.27058, step time: 0.03804
epoch: [6], step: [641/1543], batch loss: 0.27567, batch accuracy: 70.00, data load time: 0.19848, step time: 0.04006
epoch: [6], step: [741/1543], batch loss: 0.19154, batch accuracy: 85.44, data load time: 0.21952, step time: 0.03859
epoch: [6], step: [841/1543], batch loss: 0.17836, batch accuracy: 82.53, data load time: 0.23200, step time: 0.03877
epoch: [6], step: [941/1543], batch loss: 0.18375, batch accuracy: 76.84, data load time: 0.21409, step time: 0.03716
epoch: [6], step: [1041/1543], batch loss: 0.15636, batch accuracy: 80.13, data load time: 0.23609, step time: 0.03595
epoch: [6], step: [1141/1543], batch loss: 0.14843, batch accuracy: 91.46, data load time: 0.15655, step time: 0.03718
epoch: [6], step: [1241/1543], batch loss: 0.22519, batch accuracy: 65.19, data load time: 0.14609, step time: 0.03503
epoch: [6], step: [1341/1543], batch loss: 0.20535, batch accuracy: 87.31, data load time: 0.21192, step time: 0.04074
epoch: [6], step: [1441/1543], batch loss: 0.17779, batch accuracy: 83.77, data load time: 0.11372, step time: 0.03867
epoch: [6], step: [1541/1543], batch loss: 0.16534, batch accuracy: 80.40, data load time: 0.16090, step time: 0.03304
epoch: [7], step: [98/1543], batch loss: 0.17008, batch accuracy: 67.71, data load time: 0.17701, step time: 0.03076
epoch: [7], step: [198/1543], batch loss: 0.21591, batch accuracy: 76.70, data load time: 0.20852, step time: 0.03581
epoch: [7], step: [298/1543], batch loss: 0.16746, batch accuracy: 89.91, data load time: 0.08866, step time: 0.03579
epoch: [7], step: [398/1543], batch loss: 0.16217, batch accuracy: 88.95, data load time: 0.17507, step time: 0.03791
epoch: [7], step: [498/1543], batch loss: 0.18669, batch accuracy: 88.02, data load time: 0.07910, step time: 0.03924
epoch: [7], step: [598/1543], batch loss: 0.18514, batch accuracy: 82.36, data load time: 0.15442, step time: 0.03792
epoch: [7], step: [698/1543], batch loss: 0.18126, batch accuracy: 79.80, data load time: 0.15731, step time: 0.03702
epoch: [7], step: [798/1543], batch loss: 0.15282, batch accuracy: 88.75, data load time: 0.18472, step time: 0.03366
epoch: [7], step: [898/1543], batch loss: 0.18083, batch accuracy: 88.71, data load time: 0.17730, step time: 0.04113
epoch: [7], step: [998/1543], batch loss: 0.15494, batch accuracy: 82.93, data load time: 0.25954, step time: 0.03445
epoch: [7], step: [1098/1543], batch loss: 0.18908, batch accuracy: 78.51, data load time: 0.14995, step time: 0.04180
epoch: [7], step: [1198/1543], batch loss: 0.13561, batch accuracy: 92.23, data load time: 0.22020, step time: 0.03661
epoch: [7], step: [1298/1543], batch loss: 0.15060, batch accuracy: 85.36, data load time: 0.23272, step time: 0.03305
epoch: [7], step: [1398/1543], batch loss: 0.13999, batch accuracy: 90.26, data load time: 0.14666, step time: 0.03085
epoch: [7], step: [1498/1543], batch loss: 0.18392, batch accuracy: 86.00, data load time: 0.21535, step time: 0.03866
epoch: [8], step: [55/1543], batch loss: 0.17655, batch accuracy: 84.73, data load time: 0.05966, step time: 0.04262
epoch: [8], step: [155/1543], batch loss: 0.17126, batch accuracy: 92.10, data load time: 0.10755, step time: 0.03535
epoch: [8], step: [255/1543], batch loss: 0.14856, batch accuracy: 89.43, data load time: 0.12055, step time: 0.03719
epoch: [8], step: [355/1543], batch loss: 0.21036, batch accuracy: 86.34, data load time: 0.11106, step time: 0.03939
epoch: [8], step: [455/1543], batch loss: 0.19037, batch accuracy: 82.48, data load time: 0.12301, step time: 0.03711
epoch: [8], step: [555/1543], batch loss: 0.22761, batch accuracy: 81.93, data load time: 0.11414, step time: 0.04068
epoch: [8], step: [655/1543], batch loss: 0.17309, batch accuracy: 83.60, data load time: 0.14749, step time: 0.03648
epoch: [8], step: [755/1543], batch loss: 0.22490, batch accuracy: 77.55, data load time: 0.09902, step time: 0.04204
epoch: [8], step: [855/1543], batch loss: 0.16688, batch accuracy: 89.23, data load time: 0.11706, step time: 0.04339
epoch: [8], step: [955/1543], batch loss: 0.14108, batch accuracy: 87.33, data load time: 0.08381, step time: 0.03777
epoch: [8], step: [1055/1543], batch loss: 0.13526, batch accuracy: 91.59, data load time: 0.19159, step time: 0.03584
epoch: [8], step: [1155/1543], batch loss: 0.14679, batch accuracy: 80.21, data load time: 0.15176, step time: 0.03151
epoch: [8], step: [1255/1543], batch loss: 0.16130, batch accuracy: 90.79, data load time: 0.13864, step time: 0.03989
epoch: [8], step: [1355/1543], batch loss: 0.13161, batch accuracy: 85.79, data load time: 0.11622, step time: 0.03154
epoch: [8], step: [1455/1543], batch loss: 0.15487, batch accuracy: 86.33, data load time: 0.22007, step time: 0.03835
Epoch 00009: reducing learning rate of group 0 to 1.0000e-02.
epoch: [9], step: [12/1543], batch loss: 0.23606, batch accuracy: 73.42, data load time: 0.10136, step time: 0.03899
epoch: [9], step: [112/1543], batch loss: 0.14866, batch accuracy: 87.34, data load time: 0.05292, step time: 0.03379
epoch: [9], step: [212/1543], batch loss: 0.17743, batch accuracy: 84.30, data load time: 0.07143, step time: 0.03445
epoch: [9], step: [312/1543], batch loss: 0.15201, batch accuracy: 87.94, data load time: 0.05231, step time: 0.03759
epoch: [9], step: [412/1543], batch loss: 0.13720, batch accuracy: 88.23, data load time: 0.09633, step time: 0.03517
epoch: [9], step: [512/1543], batch loss: 0.15886, batch accuracy: 87.63, data load time: 0.09595, step time: 0.03574
epoch: [9], step: [612/1543], batch loss: 0.18126, batch accuracy: 85.58, data load time: 0.10505, step time: 0.04108
epoch: [9], step: [712/1543], batch loss: 0.16863, batch accuracy: 79.39, data load time: 0.15764, step time: 0.03438
epoch: [9], step: [812/1543], batch loss: 0.15015, batch accuracy: 92.30, data load time: 0.18536, step time: 0.03559
epoch: [9], step: [912/1543], batch loss: 0.14122, batch accuracy: 85.75, data load time: 0.12427, step time: 0.03506
epoch: [9], step: [1012/1543], batch loss: 0.14585, batch accuracy: 86.41, data load time: 0.17741, step time: 0.03725
epoch: [9], step: [1112/1543], batch loss: 0.13994, batch accuracy: 93.85, data load time: 0.14052, step time: 0.03774
epoch: [9], step: [1212/1543], batch loss: 0.15805, batch accuracy: 80.24, data load time: 0.14240, step time: 0.03372
epoch: [9], step: [1312/1543], batch loss: 0.15768, batch accuracy: 87.56, data load time: 0.14289, step time: 0.03897
epoch: [9], step: [1412/1543], batch loss: 0.15325, batch accuracy: 94.47, data load time: 0.26258, step time: 0.03722
epoch: [9], step: [1512/1543], batch loss: 0.15548, batch accuracy: 89.13, data load time: 0.23199, step time: 0.03669
EVALUATION METRICS:
-------------------------------------------------------------

Validation: AUC Score: 0.8392

-------------------------------------------------------------
validation loss: 0.16016, accuracy: 83.92
epoch: [10], step: [69/1543], batch loss: 0.14393, batch accuracy: 87.86, data load time: 0.16139, step time: 0.03659
epoch: [10], step: [169/1543], batch loss: 0.16901, batch accuracy: 85.87, data load time: 0.18178, step time: 0.03892
epoch: [10], step: [269/1543], batch loss: 0.15121, batch accuracy: 83.99, data load time: 0.21737, step time: 0.03474
epoch: [10], step: [369/1543], batch loss: 0.15819, batch accuracy: 92.28, data load time: 0.22961, step time: 0.04247
epoch: [10], step: [469/1543], batch loss: 0.12111, batch accuracy: 91.06, data load time: 0.24685, step time: 0.03869
epoch: [10], step: [569/1543], batch loss: 0.14699, batch accuracy: 87.36, data load time: 0.20300, step time: 0.03528
epoch: [10], step: [669/1543], batch loss: 0.21186, batch accuracy: 82.05, data load time: 0.24309, step time: 0.04092
epoch: [10], step: [769/1543], batch loss: 0.14142, batch accuracy: 87.81, data load time: 0.25999, step time: 0.03713
epoch: [10], step: [869/1543], batch loss: 0.16423, batch accuracy: 92.17, data load time: 0.26681, step time: 0.03958
epoch: [10], step: [969/1543], batch loss: 0.18418, batch accuracy: 87.18, data load time: 0.20223, step time: 0.03700
epoch: [10], step: [1069/1543], batch loss: 0.12244, batch accuracy: 91.09, data load time: 0.24053, step time: 0.03658
epoch: [10], step: [1169/1543], batch loss: 0.11046, batch accuracy: 95.63, data load time: 0.24301, step time: 0.03312
epoch: [10], step: [1269/1543], batch loss: 0.13612, batch accuracy: 94.60, data load time: 0.24527, step time: 0.03610
epoch: [10], step: [1369/1543], batch loss: 0.13045, batch accuracy: 92.19, data load time: 0.24163, step time: 0.03391
epoch: [10], step: [1469/1543], batch loss: 0.15784, batch accuracy: 89.47, data load time: 0.19666, step time: 0.03790
epoch: [11], step: [26/1543], batch loss: 0.14276, batch accuracy: 86.20, data load time: 0.13314, step time: 0.03318
epoch: [11], step: [126/1543], batch loss: 0.15139, batch accuracy: 89.99, data load time: 0.14883, step time: 0.03898
epoch: [11], step: [226/1543], batch loss: 0.16034, batch accuracy: 83.26, data load time: 0.24657, step time: 0.03529
epoch: [11], step: [326/1543], batch loss: 0.12223, batch accuracy: 91.77, data load time: 0.16878, step time: 0.03365
epoch: [11], step: [426/1543], batch loss: 0.14063, batch accuracy: 87.57, data load time: 0.13343, step time: 0.03440
epoch: [11], step: [526/1543], batch loss: 0.18448, batch accuracy: 80.37, data load time: 0.16678, step time: 0.03582
epoch: [11], step: [626/1543], batch loss: 0.16605, batch accuracy: 93.18, data load time: 0.19098, step time: 0.04068
epoch: [11], step: [726/1543], batch loss: 0.14933, batch accuracy: 87.74, data load time: 0.12321, step time: 0.03712
epoch: [11], step: [826/1543], batch loss: 0.12125, batch accuracy: 95.25, data load time: 0.14706, step time: 0.03441
epoch: [11], step: [926/1543], batch loss: 0.17930, batch accuracy: 87.40, data load time: 0.22161, step time: 0.03653
epoch: [11], step: [1026/1543], batch loss: 0.14917, batch accuracy: 93.21, data load time: 0.17846, step time: 0.03640
epoch: [11], step: [1126/1543], batch loss: 0.11371, batch accuracy: 93.83, data load time: 0.17849, step time: 0.03650
epoch: [11], step: [1226/1543], batch loss: 0.14930, batch accuracy: 91.62, data load time: 0.26357, step time: 0.03642
epoch: [11], step: [1326/1543], batch loss: 0.13466, batch accuracy: 95.41, data load time: 0.23514, step time: 0.03809
epoch: [11], step: [1426/1543], batch loss: 0.17741, batch accuracy: 80.51, data load time: 0.22505, step time: 0.03720
epoch: [11], step: [1526/1543], batch loss: 0.13317, batch accuracy: 92.21, data load time: 0.22963, step time: 0.03463
epoch: [12], step: [83/1543], batch loss: 0.15007, batch accuracy: 90.43, data load time: 0.26940, step time: 0.03461
epoch: [12], step: [183/1543], batch loss: 0.14704, batch accuracy: 93.31, data load time: 0.20293, step time: 0.04054
epoch: [12], step: [283/1543], batch loss: 0.17143, batch accuracy: 78.44, data load time: 0.28598, step time: 0.03946
epoch: [12], step: [383/1543], batch loss: 0.17249, batch accuracy: 83.38, data load time: 0.17924, step time: 0.03398
epoch: [12], step: [483/1543], batch loss: 0.14258, batch accuracy: 87.09, data load time: 0.23177, step time: 0.03364
epoch: [12], step: [583/1543], batch loss: 0.14075, batch accuracy: 89.18, data load time: 0.18065, step time: 0.03461
epoch: [12], step: [683/1543], batch loss: 0.13124, batch accuracy: 93.40, data load time: 0.27069, step time: 0.03516
epoch: [12], step: [783/1543], batch loss: 0.18816, batch accuracy: 80.94, data load time: 0.21136, step time: 0.03883
epoch: [12], step: [883/1543], batch loss: 0.20060, batch accuracy: 87.70, data load time: 0.22133, step time: 0.04059
epoch: [12], step: [983/1543], batch loss: 0.14031, batch accuracy: 92.36, data load time: 0.24042, step time: 0.03536
epoch: [12], step: [1083/1543], batch loss: 0.12990, batch accuracy: 89.56, data load time: 0.21586, step time: 0.03521
epoch: [12], step: [1183/1543], batch loss: 0.15794, batch accuracy: 91.31, data load time: 0.21234, step time: 0.03998
epoch: [12], step: [1283/1543], batch loss: 0.14852, batch accuracy: 85.35, data load time: 0.18309, step time: 0.03611
epoch: [12], step: [1383/1543], batch loss: 0.12455, batch accuracy: 93.24, data load time: 0.27074, step time: 0.03188
epoch: [12], step: [1483/1543], batch loss: 0.14018, batch accuracy: 90.36, data load time: 0.18954, step time: 0.03542
epoch: [13], step: [40/1543], batch loss: 0.14576, batch accuracy: 89.35, data load time: 0.18992, step time: 0.03600
epoch: [13], step: [140/1543], batch loss: 0.14660, batch accuracy: 88.43, data load time: 0.22934, step time: 0.03395
epoch: [13], step: [240/1543], batch loss: 0.17778, batch accuracy: 73.17, data load time: 0.24924, step time: 0.03910
epoch: [13], step: [340/1543], batch loss: 0.18467, batch accuracy: 94.82, data load time: 0.24065, step time: 0.03768
epoch: [13], step: [440/1543], batch loss: 0.17105, batch accuracy: 82.26, data load time: 0.17257, step time: 0.03871
epoch: [13], step: [540/1543], batch loss: 0.12147, batch accuracy: 83.63, data load time: 0.20553, step time: 0.03337
epoch: [13], step: [640/1543], batch loss: 0.17142, batch accuracy: 85.42, data load time: 0.19917, step time: 0.03882
epoch: [13], step: [740/1543], batch loss: 0.18879, batch accuracy: 88.91, data load time: 0.24128, step time: 0.03812
epoch: [13], step: [840/1543], batch loss: 0.20317, batch accuracy: 76.21, data load time: 0.21528, step time: 0.03528
epoch: [13], step: [940/1543], batch loss: 0.20268, batch accuracy: 82.24, data load time: 0.20956, step time: 0.03866
epoch: [13], step: [1040/1543], batch loss: 0.14229, batch accuracy: 89.57, data load time: 0.26084, step time: 0.03684
epoch: [13], step: [1140/1543], batch loss: 0.16771, batch accuracy: 75.36, data load time: 0.20777, step time: 0.03251
epoch: [13], step: [1240/1543], batch loss: 0.16698, batch accuracy: 83.18, data load time: 0.22262, step time: 0.03524
epoch: [13], step: [1340/1543], batch loss: 0.15316, batch accuracy: 81.88, data load time: 0.23024, step time: 0.03309
epoch: [13], step: [1440/1543], batch loss: 0.19627, batch accuracy: 84.78, data load time: 0.21777, step time: 0.03869
epoch: [13], step: [1540/1543], batch loss: 0.14360, batch accuracy: 90.68, data load time: 0.18576, step time: 0.03484
epoch: [14], step: [97/1543], batch loss: 0.19322, batch accuracy: 77.37, data load time: 0.16779, step time: 0.03358
epoch: [14], step: [197/1543], batch loss: 0.17027, batch accuracy: 83.67, data load time: 0.14565, step time: 0.03375
epoch: [14], step: [297/1543], batch loss: 0.19600, batch accuracy: 85.15, data load time: 0.09859, step time: 0.03448
epoch: [14], step: [397/1543], batch loss: 0.14341, batch accuracy: 90.68, data load time: 0.17261, step time: 0.03651
epoch: [14], step: [497/1543], batch loss: 0.13180, batch accuracy: 93.40, data load time: 0.13525, step time: 0.03384
epoch: [14], step: [597/1543], batch loss: 0.18457, batch accuracy: 92.37, data load time: 0.21061, step time: 0.03936
epoch: [14], step: [697/1543], batch loss: 0.16721, batch accuracy: 88.82, data load time: 0.24093, step time: 0.03805
epoch: [14], step: [797/1543], batch loss: 0.14816, batch accuracy: 95.87, data load time: 0.21295, step time: 0.03956
epoch: [14], step: [897/1543], batch loss: 0.15974, batch accuracy: 85.78, data load time: 0.25839, step time: 0.03320
epoch: [14], step: [997/1543], batch loss: 0.16685, batch accuracy: 84.50, data load time: 0.20205, step time: 0.03762
epoch: [14], step: [1097/1543], batch loss: 0.14758, batch accuracy: 80.65, data load time: 0.13547, step time: 0.03181
epoch: [14], step: [1197/1543], batch loss: 0.10748, batch accuracy: 93.57, data load time: 0.19541, step time: 0.03510
epoch: [14], step: [1297/1543], batch loss: 0.13864, batch accuracy: 84.20, data load time: 0.13740, step time: 0.03245
epoch: [14], step: [1397/1543], batch loss: 0.12366, batch accuracy: 89.18, data load time: 0.24569, step time: 0.03447
epoch: [14], step: [1497/1543], batch loss: 0.19282, batch accuracy: 81.01, data load time: 0.22282, step time: 0.03670
EVALUATION METRICS:
-------------------------------------------------------------

Validation: AUC Score: 0.8428

-------------------------------------------------------------
validation loss: 0.15927, accuracy: 84.28
epoch: [15], step: [54/1543], batch loss: 0.19402, batch accuracy: 80.72, data load time: 0.19316, step time: 0.03853
epoch: [15], step: [154/1543], batch loss: 0.14512, batch accuracy: 84.82, data load time: 0.20128, step time: 0.03684
epoch: [15], step: [254/1543], batch loss: 0.13240, batch accuracy: 80.73, data load time: 0.20857, step time: 0.03241
epoch: [15], step: [354/1543], batch loss: 0.17634, batch accuracy: 82.38, data load time: 0.23393, step time: 0.03938
epoch: [15], step: [454/1543], batch loss: 0.15432, batch accuracy: 90.55, data load time: 0.22250, step time: 0.03745
epoch: [15], step: [554/1543], batch loss: 0.18991, batch accuracy: 83.72, data load time: 0.20598, step time: 0.03899
epoch: [15], step: [654/1543], batch loss: 0.11948, batch accuracy: 87.35, data load time: 0.20733, step time: 0.03367
epoch: [15], step: [754/1543], batch loss: 0.21928, batch accuracy: 77.93, data load time: 0.16655, step time: 0.03939
epoch: [15], step: [854/1543], batch loss: 0.15107, batch accuracy: 92.42, data load time: 0.13213, step time: 0.03656
epoch: [15], step: [954/1543], batch loss: 0.17553, batch accuracy: 81.57, data load time: 0.17495, step time: 0.03800
epoch: [15], step: [1054/1543], batch loss: 0.16916, batch accuracy: 83.32, data load time: 0.12917, step time: 0.03591
epoch: [15], step: [1154/1543], batch loss: 0.20235, batch accuracy: 79.50, data load time: 0.17176, step time: 0.03929
epoch: [15], step: [1254/1543], batch loss: 0.12854, batch accuracy: 87.45, data load time: 0.21016, step time: 0.03534
epoch: [15], step: [1354/1543], batch loss: 0.13813, batch accuracy: 89.36, data load time: 0.17773, step time: 0.03294
epoch: [15], step: [1454/1543], batch loss: 0.13038, batch accuracy: 79.99, data load time: 0.23059, step time: 0.03177
epoch: [16], step: [11/1543], batch loss: 0.11168, batch accuracy: 91.77, data load time: 0.17665, step time: 0.03541
epoch: [16], step: [111/1543], batch loss: 0.16041, batch accuracy: 82.96, data load time: 0.26591, step time: 0.03392
epoch: [16], step: [211/1543], batch loss: 0.13451, batch accuracy: 88.56, data load time: 0.22112, step time: 0.03292
epoch: [16], step: [311/1543], batch loss: 0.13743, batch accuracy: 91.65, data load time: 0.19164, step time: 0.03452
epoch: [16], step: [411/1543], batch loss: 0.17277, batch accuracy: 83.54, data load time: 0.22275, step time: 0.03729
epoch: [16], step: [511/1543], batch loss: 0.12817, batch accuracy: 84.57, data load time: 0.22758, step time: 0.03392
epoch: [16], step: [611/1543], batch loss: 0.13996, batch accuracy: 80.76, data load time: 0.24907, step time: 0.03507
epoch: [16], step: [711/1543], batch loss: 0.14450, batch accuracy: 84.70, data load time: 0.31888, step time: 0.03526
epoch: [16], step: [811/1543], batch loss: 0.17371, batch accuracy: 83.20, data load time: 0.22968, step time: 0.03676
epoch: [16], step: [911/1543], batch loss: 0.14245, batch accuracy: 93.40, data load time: 0.25936, step time: 0.03730
epoch: [16], step: [1011/1543], batch loss: 0.10588, batch accuracy: 92.67, data load time: 0.17334, step time: 0.03090
epoch: [16], step: [1111/1543], batch loss: 0.17872, batch accuracy: 83.54, data load time: 0.20696, step time: 0.04171
epoch: [16], step: [1211/1543], batch loss: 0.18511, batch accuracy: 80.95, data load time: 0.21402, step time: 0.03509
epoch: [16], step: [1311/1543], batch loss: 0.16573, batch accuracy: 91.70, data load time: 0.19511, step time: 0.03595
epoch: [16], step: [1411/1543], batch loss: 0.21096, batch accuracy: 80.52, data load time: 0.29983, step time: 0.03728
epoch: [16], step: [1511/1543], batch loss: 0.14522, batch accuracy: 94.69, data load time: 0.29557, step time: 0.03978
epoch: [17], step: [68/1543], batch loss: 0.13424, batch accuracy: 93.86, data load time: 0.24184, step time: 0.03425
epoch: [17], step: [168/1543], batch loss: 0.16615, batch accuracy: 88.03, data load time: 0.32454, step time: 0.04054
epoch: [17], step: [268/1543], batch loss: 0.18461, batch accuracy: 81.71, data load time: 0.29137, step time: 0.03500
epoch: [17], step: [368/1543], batch loss: 0.12933, batch accuracy: 95.35, data load time: 0.19371, step time: 0.03789
epoch: [17], step: [468/1543], batch loss: 0.16846, batch accuracy: 93.14, data load time: 0.24589, step time: 0.04059
epoch: [17], step: [568/1543], batch loss: 0.19617, batch accuracy: 86.22, data load time: 0.22512, step time: 0.03653
epoch: [17], step: [668/1543], batch loss: 0.14601, batch accuracy: 88.78, data load time: 0.19998, step time: 0.03680
epoch: [17], step: [768/1543], batch loss: 0.14920, batch accuracy: 91.06, data load time: 0.23580, step time: 0.03665
epoch: [17], step: [868/1543], batch loss: 0.19805, batch accuracy: 83.47, data load time: 0.17404, step time: 0.03888
epoch: [17], step: [968/1543], batch loss: 0.14267, batch accuracy: 89.29, data load time: 0.21108, step time: 0.03446
epoch: [17], step: [1068/1543], batch loss: 0.20559, batch accuracy: 89.79, data load time: 0.24029, step time: 0.04091
epoch: [17], step: [1168/1543], batch loss: 0.17166, batch accuracy: 77.22, data load time: 0.22513, step time: 0.03538
epoch: [17], step: [1268/1543], batch loss: 0.16783, batch accuracy: 90.96, data load time: 0.21822, step time: 0.03790
epoch: [17], step: [1368/1543], batch loss: 0.12735, batch accuracy: 91.08, data load time: 0.23895, step time: 0.03525
epoch: [17], step: [1468/1543], batch loss: 0.14682, batch accuracy: 84.17, data load time: 0.21298, step time: 0.03309
epoch: [18], step: [25/1543], batch loss: 0.13000, batch accuracy: 89.65, data load time: 0.17977, step time: 0.03330
epoch: [18], step: [125/1543], batch loss: 0.17507, batch accuracy: 82.61, data load time: 0.19999, step time: 0.03730
epoch: [18], step: [225/1543], batch loss: 0.20071, batch accuracy: 84.36, data load time: 0.23028, step time: 0.04090
epoch: [18], step: [325/1543], batch loss: 0.17308, batch accuracy: 89.79, data load time: 0.16817, step time: 0.03664
epoch: [18], step: [425/1543], batch loss: 0.16416, batch accuracy: 88.13, data load time: 0.12428, step time: 0.03740
epoch: [18], step: [525/1543], batch loss: 0.13243, batch accuracy: 84.29, data load time: 0.08404, step time: 0.03274
epoch: [18], step: [625/1543], batch loss: 0.21422, batch accuracy: 87.96, data load time: 0.15769, step time: 0.03950
epoch: [18], step: [725/1543], batch loss: 0.17377, batch accuracy: 89.77, data load time: 0.18390, step time: 0.04018
epoch: [18], step: [825/1543], batch loss: 0.19421, batch accuracy: 86.45, data load time: 0.22130, step time: 0.03862
epoch: [18], step: [925/1543], batch loss: 0.14242, batch accuracy: 88.01, data load time: 0.19533, step time: 0.03461
epoch: [18], step: [1025/1543], batch loss: 0.16265, batch accuracy: 87.97, data load time: 0.20125, step time: 0.03387
epoch: [18], step: [1125/1543], batch loss: 0.14806, batch accuracy: 81.94, data load time: 0.16273, step time: 0.03380
epoch: [18], step: [1225/1543], batch loss: 0.11613, batch accuracy: 89.44, data load time: 0.17954, step time: 0.03473
epoch: [18], step: [1325/1543], batch loss: 0.16280, batch accuracy: 87.35, data load time: 0.18422, step time: 0.03543
epoch: [18], step: [1425/1543], batch loss: 0.17833, batch accuracy: 86.94, data load time: 0.19347, step time: 0.03806
epoch: [18], step: [1525/1543], batch loss: 0.19536, batch accuracy: 87.58, data load time: 0.22541, step time: 0.04324
Epoch 00019: reducing learning rate of group 0 to 5.0000e-04.
epoch: [19], step: [82/1543], batch loss: 0.14881, batch accuracy: 94.95, data load time: 0.23316, step time: 0.03801
epoch: [19], step: [182/1543], batch loss: 0.15553, batch accuracy: 87.36, data load time: 0.20364, step time: 0.03468
epoch: [19], step: [282/1543], batch loss: 0.15789, batch accuracy: 87.85, data load time: 0.25829, step time: 0.03725
epoch: [19], step: [382/1543], batch loss: 0.13330, batch accuracy: 83.99, data load time: 0.27318, step time: 0.03397
epoch: [19], step: [482/1543], batch loss: 0.19009, batch accuracy: 85.60, data load time: 0.26233, step time: 0.03531
epoch: [19], step: [582/1543], batch loss: 0.17068, batch accuracy: 85.72, data load time: 0.27330, step time: 0.03695
epoch: [19], step: [682/1543], batch loss: 0.15035, batch accuracy: 84.76, data load time: 0.23902, step time: 0.03453
epoch: [19], step: [782/1543], batch loss: 0.16062, batch accuracy: 87.00, data load time: 0.21254, step time: 0.03612
epoch: [19], step: [882/1543], batch loss: 0.15778, batch accuracy: 88.76, data load time: 0.22936, step time: 0.03318
epoch: [19], step: [982/1543], batch loss: 0.11909, batch accuracy: 90.52, data load time: 0.20720, step time: 0.03352
epoch: [19], step: [1082/1543], batch loss: 0.13516, batch accuracy: 87.59, data load time: 0.25512, step time: 0.03741
epoch: [19], step: [1182/1543], batch loss: 0.13718, batch accuracy: 85.69, data load time: 0.18210, step time: 0.03558
epoch: [19], step: [1282/1543], batch loss: 0.17249, batch accuracy: 84.69, data load time: 0.15526, step time: 0.03536
epoch: [19], step: [1382/1543], batch loss: 0.13480, batch accuracy: 90.88, data load time: 0.19707, step time: 0.03587
epoch: [19], step: [1482/1543], batch loss: 0.14878, batch accuracy: 89.22, data load time: 0.21563, step time: 0.03578
EVALUATION METRICS:
-------------------------------------------------------------

Validation: AUC Score: 0.8444

-------------------------------------------------------------
validation loss: 0.15808, accuracy: 84.44
epoch: [20], step: [39/1543], batch loss: 0.18491, batch accuracy: 72.63, data load time: 0.17071, step time: 0.03297
epoch: [20], step: [139/1543], batch loss: 0.14323, batch accuracy: 90.32, data load time: 0.12090, step time: 0.03509
epoch: [20], step: [239/1543], batch loss: 0.17113, batch accuracy: 90.83, data load time: 0.13699, step time: 0.03805
epoch: [20], step: [339/1543], batch loss: 0.14914, batch accuracy: 86.54, data load time: 0.23112, step time: 0.03392
epoch: [20], step: [439/1543], batch loss: 0.10738, batch accuracy: 92.43, data load time: 0.08866, step time: 0.03093
epoch: [20], step: [539/1543], batch loss: 0.12700, batch accuracy: 88.94, data load time: 0.15459, step time: 0.03362
epoch: [20], step: [639/1543], batch loss: 0.17720, batch accuracy: 87.05, data load time: 0.22975, step time: 0.03849
epoch: [20], step: [739/1543], batch loss: 0.11695, batch accuracy: 90.67, data load time: 0.15813, step time: 0.03431
epoch: [20], step: [839/1543], batch loss: 0.11958, batch accuracy: 91.89, data load time: 0.14908, step time: 0.03225
epoch: [20], step: [939/1543], batch loss: 0.13863, batch accuracy: 88.53, data load time: 0.10060, step time: 0.03580
epoch: [20], step: [1039/1543], batch loss: 0.17013, batch accuracy: 88.75, data load time: 0.13392, step time: 0.03850
epoch: [20], step: [1139/1543], batch loss: 0.17423, batch accuracy: 86.38, data load time: 0.22477, step time: 0.03577
epoch: [20], step: [1239/1543], batch loss: 0.13665, batch accuracy: 92.92, data load time: 0.11875, step time: 0.03506
epoch: [20], step: [1339/1543], batch loss: 0.11479, batch accuracy: 88.11, data load time: 0.21651, step time: 0.03211
epoch: [20], step: [1439/1543], batch loss: 0.19170, batch accuracy: 79.04, data load time: 0.13714, step time: 0.03650
epoch: [20], step: [1539/1543], batch loss: 0.15795, batch accuracy: 84.63, data load time: 0.20802, step time: 0.03714
epoch: [21], step: [96/1543], batch loss: 0.12055, batch accuracy: 91.54, data load time: 0.06372, step time: 0.03308
epoch: [21], step: [196/1543], batch loss: 0.17665, batch accuracy: 89.04, data load time: 0.05713, step time: 0.03997
epoch: [21], step: [296/1543], batch loss: 0.18673, batch accuracy: 81.49, data load time: 0.17696, step time: 0.03584
epoch: [21], step: [396/1543], batch loss: 0.14905, batch accuracy: 84.77, data load time: 0.09006, step time: 0.03680
epoch: [21], step: [496/1543], batch loss: 0.16603, batch accuracy: 88.07, data load time: 0.17774, step time: 0.03861
epoch: [21], step: [596/1543], batch loss: 0.15210, batch accuracy: 92.10, data load time: 0.07524, step time: 0.03633
epoch: [21], step: [696/1543], batch loss: 0.18414, batch accuracy: 86.37, data load time: 0.14964, step time: 0.03671
epoch: [21], step: [796/1543], batch loss: 0.15814, batch accuracy: 80.05, data load time: 0.07893, step time: 0.03425
epoch: [21], step: [896/1543], batch loss: 0.14090, batch accuracy: 91.46, data load time: 0.12649, step time: 0.03490
epoch: [21], step: [996/1543], batch loss: 0.13590, batch accuracy: 94.94, data load time: 0.13615, step time: 0.03727
epoch: [21], step: [1096/1543], batch loss: 0.16941, batch accuracy: 86.04, data load time: 0.17879, step time: 0.03344
epoch: [21], step: [1196/1543], batch loss: 0.16452, batch accuracy: 89.86, data load time: 0.12928, step time: 0.04051
epoch: [21], step: [1296/1543], batch loss: 0.14497, batch accuracy: 84.85, data load time: 0.16096, step time: 0.03305
epoch: [21], step: [1396/1543], batch loss: 0.16327, batch accuracy: 91.11, data load time: 0.20695, step time: 0.03787
epoch: [21], step: [1496/1543], batch loss: 0.19890, batch accuracy: 76.81, data load time: 0.20664, step time: 0.03517
epoch: [22], step: [53/1543], batch loss: 0.16383, batch accuracy: 90.08, data load time: 0.11926, step time: 0.03784
epoch: [22], step: [153/1543], batch loss: 0.15875, batch accuracy: 80.38, data load time: 0.10420, step time: 0.03307
epoch: [22], step: [253/1543], batch loss: 0.11776, batch accuracy: 93.47, data load time: 0.15106, step time: 0.03529
epoch: [22], step: [353/1543], batch loss: 0.14434, batch accuracy: 90.39, data load time: 0.24568, step time: 0.03650
epoch: [22], step: [453/1543], batch loss: 0.14691, batch accuracy: 91.87, data load time: 0.29349, step time: 0.03799
epoch: [22], step: [553/1543], batch loss: 0.14189, batch accuracy: 89.39, data load time: 0.27658, step time: 0.03389
epoch: [22], step: [653/1543], batch loss: 0.10678, batch accuracy: 95.49, data load time: 0.24502, step time: 0.03364
epoch: [22], step: [753/1543], batch loss: 0.19729, batch accuracy: 71.42, data load time: 0.26010, step time: 0.03588
epoch: [22], step: [853/1543], batch loss: 0.18031, batch accuracy: 82.06, data load time: 0.18119, step time: 0.03536
epoch: [22], step: [953/1543], batch loss: 0.16423, batch accuracy: 86.70, data load time: 0.17809, step time: 0.03995
epoch: [22], step: [1053/1543], batch loss: 0.17299, batch accuracy: 85.09, data load time: 0.21846, step time: 0.04090
epoch: [22], step: [1153/1543], batch loss: 0.13115, batch accuracy: 87.17, data load time: 0.33894, step time: 0.03456
epoch: [22], step: [1253/1543], batch loss: 0.17101, batch accuracy: 89.64, data load time: 0.26733, step time: 0.03598
epoch: [22], step: [1353/1543], batch loss: 0.15564, batch accuracy: 89.04, data load time: 0.22889, step time: 0.03394
epoch: [22], step: [1453/1543], batch loss: 0.14960, batch accuracy: 88.27, data load time: 0.20416, step time: 0.03842
epoch: [23], step: [10/1543], batch loss: 0.17669, batch accuracy: 87.97, data load time: 0.13788, step time: 0.04114
epoch: [23], step: [110/1543], batch loss: 0.17281, batch accuracy: 85.35, data load time: 0.25026, step time: 0.04027
epoch: [23], step: [210/1543], batch loss: 0.12509, batch accuracy: 90.11, data load time: 0.24146, step time: 0.03325
epoch: [23], step: [310/1543], batch loss: 0.10309, batch accuracy: 95.66, data load time: 0.20046, step time: 0.03287
epoch: [23], step: [410/1543], batch loss: 0.14786, batch accuracy: 87.00, data load time: 0.22656, step time: 0.03386
epoch: [23], step: [510/1543], batch loss: 0.15724, batch accuracy: 87.69, data load time: 0.23367, step time: 0.03662
epoch: [23], step: [610/1543], batch loss: 0.14778, batch accuracy: 76.30, data load time: 0.22992, step time: 0.03153
epoch: [23], step: [710/1543], batch loss: 0.18998, batch accuracy: 81.48, data load time: 0.20003, step time: 0.03856
epoch: [23], step: [810/1543], batch loss: 0.17640, batch accuracy: 72.12, data load time: 0.22935, step time: 0.03237
epoch: [23], step: [910/1543], batch loss: 0.18374, batch accuracy: 87.51, data load time: 0.14702, step time: 0.03865
epoch: [23], step: [1010/1543], batch loss: 0.14640, batch accuracy: 78.99, data load time: 0.18641, step time: 0.03430
epoch: [23], step: [1110/1543], batch loss: 0.17497, batch accuracy: 84.45, data load time: 0.18549, step time: 0.03712
epoch: [23], step: [1210/1543], batch loss: 0.14651, batch accuracy: 88.99, data load time: 0.17101, step time: 0.03721
epoch: [23], step: [1310/1543], batch loss: 0.13934, batch accuracy: 94.62, data load time: 0.23210, step time: 0.03790
epoch: [23], step: [1410/1543], batch loss: 0.15237, batch accuracy: 85.58, data load time: 0.22642, step time: 0.03382
epoch: [23], step: [1510/1543], batch loss: 0.17805, batch accuracy: 85.55, data load time: 0.18279, step time: 0.03804
epoch: [24], step: [67/1543], batch loss: 0.12426, batch accuracy: 84.65, data load time: 0.08300, step time: 0.03231
epoch: [24], step: [167/1543], batch loss: 0.15553, batch accuracy: 85.08, data load time: 0.13689, step time: 0.03521
epoch: [24], step: [267/1543], batch loss: 0.17479, batch accuracy: 88.18, data load time: 0.14319, step time: 0.03862
epoch: [24], step: [367/1543], batch loss: 0.18897, batch accuracy: 89.76, data load time: 0.13754, step time: 0.04250
epoch: [24], step: [467/1543], batch loss: 0.18141, batch accuracy: 78.98, data load time: 0.19849, step time: 0.03746
epoch: [24], step: [567/1543], batch loss: 0.11493, batch accuracy: 93.59, data load time: 0.21777, step time: 0.03301
epoch: [24], step: [667/1543], batch loss: 0.15266, batch accuracy: 93.45, data load time: 0.23411, step time: 0.04014
epoch: [24], step: [767/1543], batch loss: 0.13719, batch accuracy: 90.40, data load time: 0.19937, step time: 0.03460
epoch: [24], step: [867/1543], batch loss: 0.15437, batch accuracy: 89.58, data load time: 0.29810, step time: 0.03185
epoch: [24], step: [967/1543], batch loss: 0.16660, batch accuracy: 84.74, data load time: 0.18781, step time: 0.03662
epoch: [24], step: [1067/1543], batch loss: 0.16066, batch accuracy: 90.45, data load time: 0.22449, step time: 0.04203
epoch: [24], step: [1167/1543], batch loss: 0.15190, batch accuracy: 91.30, data load time: 0.18639, step time: 0.03714
epoch: [24], step: [1267/1543], batch loss: 0.18647, batch accuracy: 88.93, data load time: 0.25174, step time: 0.04003
epoch: [24], step: [1367/1543], batch loss: 0.13622, batch accuracy: 93.87, data load time: 0.25610, step time: 0.03805
epoch: [24], step: [1467/1543], batch loss: 0.17425, batch accuracy: 87.69, data load time: 0.23204, step time: 0.03600
Epoch 00025: reducing learning rate of group 0 to 2.5000e-05.
EVALUATION METRICS:
-------------------------------------------------------------

Validation: AUC Score: 0.8447

-------------------------------------------------------------
validation loss: 0.15789, accuracy: 84.47
epoch: [25], step: [24/1543], batch loss: 0.16915, batch accuracy: 90.40, data load time: 0.21539, step time: 0.03935
epoch: [25], step: [124/1543], batch loss: 0.14833, batch accuracy: 78.41, data load time: 0.21217, step time: 0.03319
epoch: [25], step: [224/1543], batch loss: 0.13959, batch accuracy: 92.37, data load time: 0.22483, step time: 0.03508
epoch: [25], step: [324/1543], batch loss: 0.14432, batch accuracy: 80.67, data load time: 0.24683, step time: 0.03386
epoch: [25], step: [424/1543], batch loss: 0.19735, batch accuracy: 82.63, data load time: 0.20443, step time: 0.04165
epoch: [25], step: [524/1543], batch loss: 0.17461, batch accuracy: 88.83, data load time: 0.17633, step time: 0.03786
epoch: [25], step: [624/1543], batch loss: 0.18735, batch accuracy: 86.71, data load time: 0.23392, step time: 0.03723
epoch: [25], step: [724/1543], batch loss: 0.14599, batch accuracy: 83.11, data load time: 0.19028, step time: 0.03368
epoch: [25], step: [824/1543], batch loss: 0.15806, batch accuracy: 89.40, data load time: 0.16176, step time: 0.03501
epoch: [25], step: [924/1543], batch loss: 0.13768, batch accuracy: 90.59, data load time: 0.17617, step time: 0.03496
epoch: [25], step: [1024/1543], batch loss: 0.18756, batch accuracy: 79.29, data load time: 0.25813, step time: 0.03642
epoch: [25], step: [1124/1543], batch loss: 0.16477, batch accuracy: 92.70, data load time: 0.15064, step time: 0.03849
epoch: [25], step: [1224/1543], batch loss: 0.12045, batch accuracy: 92.27, data load time: 0.24690, step time: 0.03466
epoch: [25], step: [1324/1543], batch loss: 0.13468, batch accuracy: 83.89, data load time: 0.20346, step time: 0.03512
epoch: [25], step: [1424/1543], batch loss: 0.16140, batch accuracy: 82.56, data load time: 0.21447, step time: 0.03504
epoch: [25], step: [1524/1543], batch loss: 0.18194, batch accuracy: 83.02, data load time: 0.22744, step time: 0.03919
epoch: [26], step: [81/1543], batch loss: 0.15469, batch accuracy: 86.72, data load time: 0.12808, step time: 0.03662
epoch: [26], step: [181/1543], batch loss: 0.16180, batch accuracy: 80.85, data load time: 0.13178, step time: 0.03885
epoch: [26], step: [281/1543], batch loss: 0.16778, batch accuracy: 83.42, data load time: 0.16931, step time: 0.03725
epoch: [26], step: [381/1543], batch loss: 0.16039, batch accuracy: 88.64, data load time: 0.16129, step time: 0.03899
epoch: [26], step: [481/1543], batch loss: 0.16451, batch accuracy: 91.03, data load time: 0.12308, step time: 0.03785
epoch: [26], step: [581/1543], batch loss: 0.18546, batch accuracy: 90.56, data load time: 0.17777, step time: 0.04040
epoch: [26], step: [681/1543], batch loss: 0.13077, batch accuracy: 89.29, data load time: 0.16450, step time: 0.03418
epoch: [26], step: [781/1543], batch loss: 0.14240, batch accuracy: 88.46, data load time: 0.20649, step time: 0.03377
epoch: [26], step: [881/1543], batch loss: 0.12483, batch accuracy: 92.19, data load time: 0.16469, step time: 0.03451
epoch: [26], step: [981/1543], batch loss: 0.17921, batch accuracy: 78.35, data load time: 0.19616, step time: 0.03641
epoch: [26], step: [1081/1543], batch loss: 0.13740, batch accuracy: 92.63, data load time: 0.25018, step time: 0.03637
epoch: [26], step: [1181/1543], batch loss: 0.14389, batch accuracy: 85.25, data load time: 0.21982, step time: 0.03353
epoch: [26], step: [1281/1543], batch loss: 0.17206, batch accuracy: 66.36, data load time: 0.18382, step time: 0.03312
epoch: [26], step: [1381/1543], batch loss: 0.13618, batch accuracy: 94.02, data load time: 0.14241, step time: 0.03721
epoch: [26], step: [1481/1543], batch loss: 0.19855, batch accuracy: 81.96, data load time: 0.25812, step time: 0.03708
epoch: [27], step: [38/1543], batch loss: 0.14137, batch accuracy: 87.60, data load time: 0.15558, step time: 0.03986
epoch: [27], step: [138/1543], batch loss: 0.17294, batch accuracy: 87.13, data load time: 0.12494, step time: 0.03853
epoch: [27], step: [238/1543], batch loss: 0.19867, batch accuracy: 84.39, data load time: 0.20384, step time: 0.03868
epoch: [27], step: [338/1543], batch loss: 0.14927, batch accuracy: 85.88, data load time: 0.13926, step time: 0.03773
epoch: [27], step: [438/1543], batch loss: 0.14660, batch accuracy: 87.06, data load time: 0.18958, step time: 0.03520
epoch: [27], step: [538/1543], batch loss: 0.11066, batch accuracy: 96.12, data load time: 0.11085, step time: 0.03635
epoch: [27], step: [638/1543], batch loss: 0.12299, batch accuracy: 90.74, data load time: 0.15679, step time: 0.03431
epoch: [27], step: [738/1543], batch loss: 0.23602, batch accuracy: 85.58, data load time: 0.23453, step time: 0.04055
epoch: [27], step: [838/1543], batch loss: 0.17033, batch accuracy: 91.13, data load time: 0.17582, step time: 0.04069
epoch: [27], step: [938/1543], batch loss: 0.16157, batch accuracy: 87.00, data load time: 0.20798, step time: 0.03498
epoch: [27], step: [1038/1543], batch loss: 0.13693, batch accuracy: 87.76, data load time: 0.18954, step time: 0.03581
epoch: [27], step: [1138/1543], batch loss: 0.17448, batch accuracy: 86.28, data load time: 0.15648, step time: 0.04297
epoch: [27], step: [1238/1543], batch loss: 0.14062, batch accuracy: 89.89, data load time: 0.18152, step time: 0.03867
epoch: [27], step: [1338/1543], batch loss: 0.17142, batch accuracy: 77.64, data load time: 0.21010, step time: 0.03514
epoch: [27], step: [1438/1543], batch loss: 0.13482, batch accuracy: 87.59, data load time: 0.11484, step time: 0.03805
epoch: [27], step: [1538/1543], batch loss: 0.14061, batch accuracy: 88.69, data load time: 0.17238, step time: 0.03446
epoch: [28], step: [95/1543], batch loss: 0.17428, batch accuracy: 81.63, data load time: 0.08745, step time: 0.03649
epoch: [28], step: [195/1543], batch loss: 0.20100, batch accuracy: 82.58, data load time: 0.02419, step time: 0.03719
epoch: [28], step: [295/1543], batch loss: 0.12837, batch accuracy: 89.58, data load time: 0.06406, step time: 0.03672
epoch: [28], step: [395/1543], batch loss: 0.20898, batch accuracy: 86.59, data load time: 0.06829, step time: 0.03800
epoch: [28], step: [495/1543], batch loss: 0.16368, batch accuracy: 87.83, data load time: 0.08380, step time: 0.03660
epoch: [28], step: [595/1543], batch loss: 0.08739, batch accuracy: 96.73, data load time: 0.15267, step time: 0.03107
epoch: [28], step: [695/1543], batch loss: 0.15041, batch accuracy: 91.19, data load time: 0.15005, step time: 0.03936
epoch: [28], step: [795/1543], batch loss: 0.17155, batch accuracy: 88.25, data load time: 0.17757, step time: 0.04066
epoch: [28], step: [895/1543], batch loss: 0.16945, batch accuracy: 80.84, data load time: 0.20748, step time: 0.04033
epoch: [28], step: [995/1543], batch loss: 0.13814, batch accuracy: 88.79, data load time: 0.23111, step time: 0.03643
epoch: [28], step: [1095/1543], batch loss: 0.14897, batch accuracy: 90.10, data load time: 0.20938, step time: 0.03516
epoch: [28], step: [1195/1543], batch loss: 0.16004, batch accuracy: 83.45, data load time: 0.22367, step time: 0.03450
epoch: [28], step: [1295/1543], batch loss: 0.13036, batch accuracy: 91.67, data load time: 0.24504, step time: 0.03512
epoch: [28], step: [1395/1543], batch loss: 0.15256, batch accuracy: 84.03, data load time: 0.16203, step time: 0.03723
epoch: [28], step: [1495/1543], batch loss: 0.14087, batch accuracy: 89.33, data load time: 0.23329, step time: 0.03588
