Loading data from /mnt/storage/scratch/ee20947/MagnaTagATune/annotations/train.pkl...
Loading data from /mnt/storage/scratch/ee20947/MagnaTagATune/annotations/train.pkl...
Loading data from /mnt/storage/scratch/ee20947/MagnaTagATune/annotations/val.pkl...
Loading data from /mnt/storage/scratch/ee20947/MagnaTagATune/annotations/test.pkl...
Writing logs to logs/CNN_sgd_momentum=0.93_learning_rate=0.2_conv_length=256_conv_stride=256_batch_size=10_epochs=30_weight_decay=1e-05_extension=ExtraCNN_run_8
epoch: [0], step: [99/1543], batch loss: 0.17423, batch accuracy: 76.58, data load time: 0.23941, step time: 0.03711
epoch: [0], step: [199/1543], batch loss: 0.21838, batch accuracy: 55.47, data load time: 0.19273, step time: 0.03534
epoch: [0], step: [299/1543], batch loss: 0.31584, batch accuracy: 67.74, data load time: 0.20315, step time: 0.04200
epoch: [0], step: [399/1543], batch loss: 0.22999, batch accuracy: 69.64, data load time: 0.23281, step time: 0.03661
epoch: [0], step: [499/1543], batch loss: 0.16259, batch accuracy: 80.20, data load time: 0.19825, step time: 0.03311
epoch: [0], step: [599/1543], batch loss: 0.18996, batch accuracy: 73.56, data load time: 0.24138, step time: 0.03187
epoch: [0], step: [699/1543], batch loss: 0.19562, batch accuracy: 71.20, data load time: 0.19436, step time: 0.03535
epoch: [0], step: [799/1543], batch loss: 0.24534, batch accuracy: 67.66, data load time: 0.21319, step time: 0.03674
epoch: [0], step: [899/1543], batch loss: 0.24536, batch accuracy: 79.72, data load time: 0.15777, step time: 0.04080
epoch: [0], step: [999/1543], batch loss: 0.19496, batch accuracy: 77.95, data load time: 0.16671, step time: 0.03246
epoch: [0], step: [1099/1543], batch loss: 0.20033, batch accuracy: 76.55, data load time: 0.20514, step time: 0.03809
epoch: [0], step: [1199/1543], batch loss: 0.24010, batch accuracy: 54.26, data load time: 0.18340, step time: 0.03610
epoch: [0], step: [1299/1543], batch loss: 0.22285, batch accuracy: 55.02, data load time: 0.19583, step time: 0.03740
epoch: [0], step: [1399/1543], batch loss: 0.17003, batch accuracy: 75.65, data load time: 0.17572, step time: 0.03245
epoch: [0], step: [1499/1543], batch loss: 0.20725, batch accuracy: 72.26, data load time: 0.18331, step time: 0.03664
epoch: [1], step: [56/1543], batch loss: 0.20037, batch accuracy: 76.43, data load time: 0.10258, step time: 0.03832
epoch: [1], step: [156/1543], batch loss: 0.16670, batch accuracy: 80.12, data load time: 0.02538, step time: 0.03405
epoch: [1], step: [256/1543], batch loss: 0.17846, batch accuracy: 82.04, data load time: 0.10148, step time: 0.03679
epoch: [1], step: [356/1543], batch loss: 0.20475, batch accuracy: 77.56, data load time: 0.18950, step time: 0.03823
epoch: [1], step: [456/1543], batch loss: 0.20809, batch accuracy: 74.23, data load time: 0.14409, step time: 0.03565
epoch: [1], step: [556/1543], batch loss: 0.23145, batch accuracy: 64.32, data load time: 0.11345, step time: 0.03695
epoch: [1], step: [656/1543], batch loss: 0.18916, batch accuracy: 78.83, data load time: 0.16419, step time: 0.03701
epoch: [1], step: [756/1543], batch loss: 0.21940, batch accuracy: 70.56, data load time: 0.13603, step time: 0.03968
epoch: [1], step: [856/1543], batch loss: 0.18732, batch accuracy: 87.04, data load time: 0.15954, step time: 0.03616
epoch: [1], step: [956/1543], batch loss: 0.17310, batch accuracy: 77.75, data load time: 0.18406, step time: 0.03686
epoch: [1], step: [1056/1543], batch loss: 0.16739, batch accuracy: 80.24, data load time: 0.12084, step time: 0.03477
epoch: [1], step: [1156/1543], batch loss: 0.20175, batch accuracy: 70.51, data load time: 0.20133, step time: 0.03418
epoch: [1], step: [1256/1543], batch loss: 0.26024, batch accuracy: 70.29, data load time: 0.23380, step time: 0.03752
epoch: [1], step: [1356/1543], batch loss: 0.15434, batch accuracy: 86.77, data load time: 0.14899, step time: 0.03420
epoch: [1], step: [1456/1543], batch loss: 0.19859, batch accuracy: 71.62, data load time: 0.21674, step time: 0.03553
epoch: [2], step: [13/1543], batch loss: 0.19690, batch accuracy: 76.51, data load time: 0.08458, step time: 0.03502
epoch: [2], step: [113/1543], batch loss: 0.23627, batch accuracy: 80.34, data load time: 0.06192, step time: 0.04028
epoch: [2], step: [213/1543], batch loss: 0.18701, batch accuracy: 75.26, data load time: 0.07398, step time: 0.04479
epoch: [2], step: [313/1543], batch loss: 0.15451, batch accuracy: 82.25, data load time: 0.11956, step time: 0.03206
epoch: [2], step: [413/1543], batch loss: 0.23528, batch accuracy: 81.59, data load time: 0.12373, step time: 0.03976
epoch: [2], step: [513/1543], batch loss: 0.19776, batch accuracy: 72.38, data load time: 0.09078, step time: 0.03826
epoch: [2], step: [613/1543], batch loss: 0.20142, batch accuracy: 78.67, data load time: 0.10969, step time: 0.03479
epoch: [2], step: [713/1543], batch loss: 0.15012, batch accuracy: 80.34, data load time: 0.14010, step time: 0.03460
epoch: [2], step: [813/1543], batch loss: 0.19889, batch accuracy: 73.69, data load time: 0.19394, step time: 0.03621
epoch: [2], step: [913/1543], batch loss: 0.19134, batch accuracy: 73.23, data load time: 0.14593, step time: 0.03821
epoch: [2], step: [1013/1543], batch loss: 0.21339, batch accuracy: 80.76, data load time: 0.14820, step time: 0.03953
epoch: [2], step: [1113/1543], batch loss: 0.18608, batch accuracy: 69.90, data load time: 0.11173, step time: 0.03549
epoch: [2], step: [1213/1543], batch loss: 0.16988, batch accuracy: 84.78, data load time: 0.16436, step time: 0.04066
epoch: [2], step: [1313/1543], batch loss: 0.18021, batch accuracy: 88.59, data load time: 0.14081, step time: 0.04010
epoch: [2], step: [1413/1543], batch loss: 0.18098, batch accuracy: 84.18, data load time: 0.15223, step time: 0.03907
epoch: [2], step: [1513/1543], batch loss: 0.18509, batch accuracy: 86.51, data load time: 0.15670, step time: 0.03827
epoch: [3], step: [70/1543], batch loss: 0.19838, batch accuracy: 83.68, data load time: 0.08991, step time: 0.03905
epoch: [3], step: [170/1543], batch loss: 0.18309, batch accuracy: 86.09, data load time: 0.04987, step time: 0.03640
epoch: [3], step: [270/1543], batch loss: 0.18354, batch accuracy: 81.72, data load time: 0.07390, step time: 0.03785
epoch: [3], step: [370/1543], batch loss: 0.17968, batch accuracy: 74.08, data load time: 0.08570, step time: 0.03731
epoch: [3], step: [470/1543], batch loss: 0.19723, batch accuracy: 87.01, data load time: 0.17049, step time: 0.04034
epoch: [3], step: [570/1543], batch loss: 0.19961, batch accuracy: 76.59, data load time: 0.11303, step time: 0.04013
epoch: [3], step: [670/1543], batch loss: 0.21617, batch accuracy: 61.06, data load time: 0.13144, step time: 0.03472
epoch: [3], step: [770/1543], batch loss: 0.18642, batch accuracy: 80.36, data load time: 0.16372, step time: 0.03743
epoch: [3], step: [870/1543], batch loss: 0.19082, batch accuracy: 73.64, data load time: 0.11012, step time: 0.03687
epoch: [3], step: [970/1543], batch loss: 0.16932, batch accuracy: 83.33, data load time: 0.16214, step time: 0.03753
epoch: [3], step: [1070/1543], batch loss: 0.19701, batch accuracy: 81.41, data load time: 0.22574, step time: 0.03871
epoch: [3], step: [1170/1543], batch loss: 0.21184, batch accuracy: 82.49, data load time: 0.20799, step time: 0.03884
epoch: [3], step: [1270/1543], batch loss: 0.18632, batch accuracy: 80.86, data load time: 0.25047, step time: 0.03604
epoch: [3], step: [1370/1543], batch loss: 0.16561, batch accuracy: 80.83, data load time: 0.23784, step time: 0.03548
epoch: [3], step: [1470/1543], batch loss: 0.17582, batch accuracy: 82.72, data load time: 0.35415, step time: 0.03409
epoch: [4], step: [27/1543], batch loss: 0.22404, batch accuracy: 74.58, data load time: 0.08701, step time: 0.03662
epoch: [4], step: [127/1543], batch loss: 0.15816, batch accuracy: 77.05, data load time: 0.11875, step time: 0.03250
epoch: [4], step: [227/1543], batch loss: 0.15105, batch accuracy: 86.44, data load time: 0.07174, step time: 0.03058
epoch: [4], step: [327/1543], batch loss: 0.16280, batch accuracy: 87.07, data load time: 0.15900, step time: 0.03636
epoch: [4], step: [427/1543], batch loss: 0.19435, batch accuracy: 75.04, data load time: 0.20885, step time: 0.03673
epoch: [4], step: [527/1543], batch loss: 0.18864, batch accuracy: 79.93, data load time: 0.12902, step time: 0.03826
epoch: [4], step: [627/1543], batch loss: 0.17206, batch accuracy: 87.16, data load time: 0.16013, step time: 0.03612
epoch: [4], step: [727/1543], batch loss: 0.14315, batch accuracy: 85.51, data load time: 0.17006, step time: 0.03729
epoch: [4], step: [827/1543], batch loss: 0.18224, batch accuracy: 76.73, data load time: 0.13028, step time: 0.03335
epoch: [4], step: [927/1543], batch loss: 0.21475, batch accuracy: 76.26, data load time: 0.19277, step time: 0.03821
epoch: [4], step: [1027/1543], batch loss: 0.14514, batch accuracy: 91.88, data load time: 0.23415, step time: 0.03401
epoch: [4], step: [1127/1543], batch loss: 0.16913, batch accuracy: 93.47, data load time: 0.20501, step time: 0.03730
epoch: [4], step: [1227/1543], batch loss: 0.19817, batch accuracy: 81.50, data load time: 0.16915, step time: 0.03748
epoch: [4], step: [1327/1543], batch loss: 0.15664, batch accuracy: 83.33, data load time: 0.22137, step time: 0.03878
epoch: [4], step: [1427/1543], batch loss: 0.14142, batch accuracy: 83.94, data load time: 0.20401, step time: 0.03840
epoch: [4], step: [1527/1543], batch loss: 0.15155, batch accuracy: 89.71, data load time: 0.17468, step time: 0.03865
EVALUATION METRICS:
-------------------------------------------------------------

Validation: AUC Score: 0.8067

-------------------------------------------------------------
validation loss: 0.17376, accuracy: 80.67
epoch: [5], step: [84/1543], batch loss: 0.18044, batch accuracy: 84.07, data load time: 0.10090, step time: 0.04112
epoch: [5], step: [184/1543], batch loss: 0.15002, batch accuracy: 93.27, data load time: 0.13262, step time: 0.03661
epoch: [5], step: [284/1543], batch loss: 0.15087, batch accuracy: 85.68, data load time: 0.09728, step time: 0.03534
epoch: [5], step: [384/1543], batch loss: 0.17390, batch accuracy: 84.20, data load time: 0.15856, step time: 0.03733
epoch: [5], step: [484/1543], batch loss: 0.25668, batch accuracy: 78.87, data load time: 0.11284, step time: 0.04551
epoch: [5], step: [584/1543], batch loss: 0.17847, batch accuracy: 65.55, data load time: 0.16508, step time: 0.03498
epoch: [5], step: [684/1543], batch loss: 0.23386, batch accuracy: 83.35, data load time: 0.08517, step time: 0.04421
epoch: [5], step: [784/1543], batch loss: 0.19224, batch accuracy: 83.91, data load time: 0.09118, step time: 0.03718
epoch: [5], step: [884/1543], batch loss: 0.12594, batch accuracy: 81.66, data load time: 0.13170, step time: 0.03418
epoch: [5], step: [984/1543], batch loss: 0.15343, batch accuracy: 80.88, data load time: 0.17835, step time: 0.03445
epoch: [5], step: [1084/1543], batch loss: 0.13063, batch accuracy: 84.94, data load time: 0.18037, step time: 0.02954
epoch: [5], step: [1184/1543], batch loss: 0.19615, batch accuracy: 85.19, data load time: 0.19742, step time: 0.03512
epoch: [5], step: [1284/1543], batch loss: 0.16232, batch accuracy: 86.03, data load time: 0.20283, step time: 0.03768
epoch: [5], step: [1384/1543], batch loss: 0.15696, batch accuracy: 89.36, data load time: 0.24346, step time: 0.03583
epoch: [5], step: [1484/1543], batch loss: 0.16906, batch accuracy: 86.05, data load time: 0.19615, step time: 0.03592
epoch: [6], step: [41/1543], batch loss: 0.18971, batch accuracy: 85.44, data load time: 0.11346, step time: 0.03726
epoch: [6], step: [141/1543], batch loss: 0.16848, batch accuracy: 81.55, data load time: 0.11406, step time: 0.03651
epoch: [6], step: [241/1543], batch loss: 0.14320, batch accuracy: 89.21, data load time: 0.16349, step time: 0.03516
epoch: [6], step: [341/1543], batch loss: 0.19824, batch accuracy: 79.78, data load time: 0.09155, step time: 0.03867
epoch: [6], step: [441/1543], batch loss: 0.19441, batch accuracy: 74.34, data load time: 0.20305, step time: 0.03449
epoch: [6], step: [541/1543], batch loss: 0.17495, batch accuracy: 82.48, data load time: 0.20414, step time: 0.03958
epoch: [6], step: [641/1543], batch loss: 0.19783, batch accuracy: 67.51, data load time: 0.23671, step time: 0.03462
epoch: [6], step: [741/1543], batch loss: 0.16174, batch accuracy: 88.07, data load time: 0.20619, step time: 0.03597
epoch: [6], step: [841/1543], batch loss: 0.27355, batch accuracy: 75.60, data load time: 0.20460, step time: 0.04214
epoch: [6], step: [941/1543], batch loss: 0.17087, batch accuracy: 87.82, data load time: 0.15621, step time: 0.03939
epoch: [6], step: [1041/1543], batch loss: 0.18814, batch accuracy: 72.60, data load time: 0.21247, step time: 0.03597
epoch: [6], step: [1141/1543], batch loss: 0.17329, batch accuracy: 83.01, data load time: 0.19580, step time: 0.03441
epoch: [6], step: [1241/1543], batch loss: 0.17030, batch accuracy: 79.80, data load time: 0.20370, step time: 0.03580
epoch: [6], step: [1341/1543], batch loss: 0.16074, batch accuracy: 83.53, data load time: 0.18135, step time: 0.03756
epoch: [6], step: [1441/1543], batch loss: 0.14468, batch accuracy: 88.90, data load time: 0.27366, step time: 0.03442
epoch: [6], step: [1541/1543], batch loss: 0.13066, batch accuracy: 86.63, data load time: 0.23046, step time: 0.03168
epoch: [7], step: [98/1543], batch loss: 0.13032, batch accuracy: 87.87, data load time: 0.03835, step time: 0.03251
epoch: [7], step: [198/1543], batch loss: 0.20116, batch accuracy: 85.87, data load time: 0.11599, step time: 0.03745
epoch: [7], step: [298/1543], batch loss: 0.15698, batch accuracy: 82.46, data load time: 0.08236, step time: 0.03407
epoch: [7], step: [398/1543], batch loss: 0.17131, batch accuracy: 82.22, data load time: 0.08314, step time: 0.03533
epoch: [7], step: [498/1543], batch loss: 0.14374, batch accuracy: 90.36, data load time: 0.23626, step time: 0.03882
epoch: [7], step: [598/1543], batch loss: 0.13940, batch accuracy: 83.02, data load time: 0.14582, step time: 0.03393
epoch: [7], step: [698/1543], batch loss: 0.14996, batch accuracy: 89.17, data load time: 0.19450, step time: 0.03532
epoch: [7], step: [798/1543], batch loss: 0.15429, batch accuracy: 83.27, data load time: 0.20873, step time: 0.03614
epoch: [7], step: [898/1543], batch loss: 0.17521, batch accuracy: 84.06, data load time: 0.17429, step time: 0.03186
epoch: [7], step: [998/1543], batch loss: 0.19562, batch accuracy: 83.34, data load time: 0.20533, step time: 0.03665
epoch: [7], step: [1098/1543], batch loss: 0.16847, batch accuracy: 87.73, data load time: 0.21923, step time: 0.03736
epoch: [7], step: [1198/1543], batch loss: 0.20940, batch accuracy: 81.60, data load time: 0.18614, step time: 0.03733
epoch: [7], step: [1298/1543], batch loss: 0.23434, batch accuracy: 82.82, data load time: 0.21126, step time: 0.04069
epoch: [7], step: [1398/1543], batch loss: 0.19338, batch accuracy: 75.86, data load time: 0.22676, step time: 0.03385
epoch: [7], step: [1498/1543], batch loss: 0.18687, batch accuracy: 90.21, data load time: 0.15076, step time: 0.04393
epoch: [8], step: [55/1543], batch loss: 0.16484, batch accuracy: 85.30, data load time: 0.06804, step time: 0.03332
epoch: [8], step: [155/1543], batch loss: 0.18029, batch accuracy: 88.18, data load time: 0.11262, step time: 0.03611
epoch: [8], step: [255/1543], batch loss: 0.19983, batch accuracy: 78.51, data load time: 0.05565, step time: 0.03603
epoch: [8], step: [355/1543], batch loss: 0.17271, batch accuracy: 80.42, data load time: 0.12289, step time: 0.03462
epoch: [8], step: [455/1543], batch loss: 0.17652, batch accuracy: 80.41, data load time: 0.12700, step time: 0.03604
epoch: [8], step: [555/1543], batch loss: 0.20081, batch accuracy: 86.27, data load time: 0.11497, step time: 0.03805
epoch: [8], step: [655/1543], batch loss: 0.12280, batch accuracy: 90.34, data load time: 0.11382, step time: 0.03464
epoch: [8], step: [755/1543], batch loss: 0.21377, batch accuracy: 81.38, data load time: 0.24016, step time: 0.03612
epoch: [8], step: [855/1543], batch loss: 0.14911, batch accuracy: 87.62, data load time: 0.17165, step time: 0.03897
epoch: [8], step: [955/1543], batch loss: 0.18465, batch accuracy: 81.32, data load time: 0.24274, step time: 0.03785
epoch: [8], step: [1055/1543], batch loss: 0.12122, batch accuracy: 94.38, data load time: 0.14762, step time: 0.03328
epoch: [8], step: [1155/1543], batch loss: 0.19982, batch accuracy: 84.02, data load time: 0.21399, step time: 0.03667
epoch: [8], step: [1255/1543], batch loss: 0.18899, batch accuracy: 80.69, data load time: 0.19547, step time: 0.03739
epoch: [8], step: [1355/1543], batch loss: 0.15142, batch accuracy: 81.06, data load time: 0.11998, step time: 0.03339
epoch: [8], step: [1455/1543], batch loss: 0.17955, batch accuracy: 74.20, data load time: 0.18359, step time: 0.03460
Epoch 00009: reducing learning rate of group 0 to 1.0000e-02.
epoch: [9], step: [12/1543], batch loss: 0.18954, batch accuracy: 81.01, data load time: 0.08676, step time: 0.03567
epoch: [9], step: [112/1543], batch loss: 0.14933, batch accuracy: 88.57, data load time: 0.08773, step time: 0.03465
epoch: [9], step: [212/1543], batch loss: 0.14912, batch accuracy: 84.00, data load time: 0.10448, step time: 0.03461
epoch: [9], step: [312/1543], batch loss: 0.15554, batch accuracy: 88.11, data load time: 0.11910, step time: 0.03540
epoch: [9], step: [412/1543], batch loss: 0.15979, batch accuracy: 87.12, data load time: 0.10656, step time: 0.03745
epoch: [9], step: [512/1543], batch loss: 0.16087, batch accuracy: 86.50, data load time: 0.18189, step time: 0.03680
epoch: [9], step: [612/1543], batch loss: 0.13790, batch accuracy: 87.27, data load time: 0.09659, step time: 0.03519
epoch: [9], step: [712/1543], batch loss: 0.15691, batch accuracy: 83.19, data load time: 0.15015, step time: 0.03599
epoch: [9], step: [812/1543], batch loss: 0.16127, batch accuracy: 84.86, data load time: 0.18796, step time: 0.03666
epoch: [9], step: [912/1543], batch loss: 0.15031, batch accuracy: 88.16, data load time: 0.13404, step time: 0.03675
epoch: [9], step: [1012/1543], batch loss: 0.16587, batch accuracy: 79.98, data load time: 0.22216, step time: 0.03338
epoch: [9], step: [1112/1543], batch loss: 0.21794, batch accuracy: 76.09, data load time: 0.18921, step time: 0.04120
epoch: [9], step: [1212/1543], batch loss: 0.14249, batch accuracy: 83.77, data load time: 0.17416, step time: 0.03179
epoch: [9], step: [1312/1543], batch loss: 0.10777, batch accuracy: 88.45, data load time: 0.23378, step time: 0.03262
epoch: [9], step: [1412/1543], batch loss: 0.18416, batch accuracy: 85.47, data load time: 0.22545, step time: 0.04013
epoch: [9], step: [1512/1543], batch loss: 0.13175, batch accuracy: 92.93, data load time: 0.23801, step time: 0.03529
EVALUATION METRICS:
-------------------------------------------------------------

Validation: AUC Score: 0.8334

-------------------------------------------------------------
validation loss: 0.16513, accuracy: 83.34
epoch: [10], step: [69/1543], batch loss: 0.14871, batch accuracy: 88.66, data load time: 0.15513, step time: 0.03496
epoch: [10], step: [169/1543], batch loss: 0.20261, batch accuracy: 79.79, data load time: 0.10532, step time: 0.03764
epoch: [10], step: [269/1543], batch loss: 0.15331, batch accuracy: 84.75, data load time: 0.16600, step time: 0.03600
epoch: [10], step: [369/1543], batch loss: 0.17417, batch accuracy: 87.91, data load time: 0.18228, step time: 0.03735
epoch: [10], step: [469/1543], batch loss: 0.13821, batch accuracy: 90.57, data load time: 0.21810, step time: 0.03470
epoch: [10], step: [569/1543], batch loss: 0.15222, batch accuracy: 85.63, data load time: 0.20035, step time: 0.03484
epoch: [10], step: [669/1543], batch loss: 0.16198, batch accuracy: 85.38, data load time: 0.21488, step time: 0.03744
epoch: [10], step: [769/1543], batch loss: 0.22464, batch accuracy: 81.45, data load time: 0.20148, step time: 0.04168
epoch: [10], step: [869/1543], batch loss: 0.15211, batch accuracy: 86.75, data load time: 0.14978, step time: 0.03890
epoch: [10], step: [969/1543], batch loss: 0.13882, batch accuracy: 81.99, data load time: 0.17448, step time: 0.03108
epoch: [10], step: [1069/1543], batch loss: 0.16150, batch accuracy: 84.74, data load time: 0.20763, step time: 0.03323
epoch: [10], step: [1169/1543], batch loss: 0.17606, batch accuracy: 84.71, data load time: 0.23372, step time: 0.03323
epoch: [10], step: [1269/1543], batch loss: 0.11784, batch accuracy: 91.82, data load time: 0.26682, step time: 0.03326
epoch: [10], step: [1369/1543], batch loss: 0.15745, batch accuracy: 87.16, data load time: 0.19115, step time: 0.03460
epoch: [10], step: [1469/1543], batch loss: 0.16481, batch accuracy: 89.28, data load time: 0.22202, step time: 0.03832
epoch: [11], step: [26/1543], batch loss: 0.17207, batch accuracy: 83.13, data load time: 0.11308, step time: 0.03543
epoch: [11], step: [126/1543], batch loss: 0.14385, batch accuracy: 90.58, data load time: 0.14514, step time: 0.03746
epoch: [11], step: [226/1543], batch loss: 0.15827, batch accuracy: 90.19, data load time: 0.15067, step time: 0.03831
epoch: [11], step: [326/1543], batch loss: 0.19010, batch accuracy: 87.18, data load time: 0.16995, step time: 0.04001
epoch: [11], step: [426/1543], batch loss: 0.18272, batch accuracy: 80.88, data load time: 0.10943, step time: 0.03671
epoch: [11], step: [526/1543], batch loss: 0.13309, batch accuracy: 88.24, data load time: 0.16481, step time: 0.03252
epoch: [11], step: [626/1543], batch loss: 0.17299, batch accuracy: 89.81, data load time: 0.16152, step time: 0.03891
epoch: [11], step: [726/1543], batch loss: 0.13898, batch accuracy: 89.81, data load time: 0.18209, step time: 0.03554
epoch: [11], step: [826/1543], batch loss: 0.14901, batch accuracy: 90.87, data load time: 0.18050, step time: 0.03613
epoch: [11], step: [926/1543], batch loss: 0.15735, batch accuracy: 81.95, data load time: 0.16656, step time: 0.03408
epoch: [11], step: [1026/1543], batch loss: 0.15200, batch accuracy: 90.10, data load time: 0.22555, step time: 0.03736
epoch: [11], step: [1126/1543], batch loss: 0.15765, batch accuracy: 90.00, data load time: 0.23491, step time: 0.03828
epoch: [11], step: [1226/1543], batch loss: 0.20690, batch accuracy: 88.64, data load time: 0.16615, step time: 0.03812
epoch: [11], step: [1326/1543], batch loss: 0.20298, batch accuracy: 83.49, data load time: 0.25367, step time: 0.03806
epoch: [11], step: [1426/1543], batch loss: 0.16121, batch accuracy: 90.43, data load time: 0.20669, step time: 0.03598
epoch: [11], step: [1526/1543], batch loss: 0.21093, batch accuracy: 90.08, data load time: 0.22020, step time: 0.04085
epoch: [12], step: [83/1543], batch loss: 0.16000, batch accuracy: 87.85, data load time: 0.04732, step time: 0.03609
epoch: [12], step: [183/1543], batch loss: 0.17070, batch accuracy: 84.70, data load time: 0.12422, step time: 0.03710
epoch: [12], step: [283/1543], batch loss: 0.17742, batch accuracy: 87.50, data load time: 0.08860, step time: 0.03741
epoch: [12], step: [383/1543], batch loss: 0.17880, batch accuracy: 79.48, data load time: 0.18031, step time: 0.03360
epoch: [12], step: [483/1543], batch loss: 0.15395, batch accuracy: 77.84, data load time: 0.10094, step time: 0.03403
epoch: [12], step: [583/1543], batch loss: 0.12025, batch accuracy: 88.70, data load time: 0.10596, step time: 0.03262
epoch: [12], step: [683/1543], batch loss: 0.15706, batch accuracy: 81.35, data load time: 0.14924, step time: 0.03355
epoch: [12], step: [783/1543], batch loss: 0.20447, batch accuracy: 81.26, data load time: 0.14009, step time: 0.03887
epoch: [12], step: [883/1543], batch loss: 0.15818, batch accuracy: 87.00, data load time: 0.22616, step time: 0.03683
epoch: [12], step: [983/1543], batch loss: 0.15836, batch accuracy: 85.56, data load time: 0.11888, step time: 0.03827
epoch: [12], step: [1083/1543], batch loss: 0.13246, batch accuracy: 89.74, data load time: 0.22286, step time: 0.03316
epoch: [12], step: [1183/1543], batch loss: 0.18052, batch accuracy: 87.89, data load time: 0.20539, step time: 0.03616
epoch: [12], step: [1283/1543], batch loss: 0.10674, batch accuracy: 90.43, data load time: 0.29731, step time: 0.03052
epoch: [12], step: [1383/1543], batch loss: 0.17215, batch accuracy: 83.06, data load time: 0.23485, step time: 0.03481
epoch: [12], step: [1483/1543], batch loss: 0.17627, batch accuracy: 91.78, data load time: 0.35258, step time: 0.03952
epoch: [13], step: [40/1543], batch loss: 0.15771, batch accuracy: 91.27, data load time: 0.12383, step time: 0.03980
epoch: [13], step: [140/1543], batch loss: 0.18121, batch accuracy: 79.81, data load time: 0.08282, step time: 0.03760
epoch: [13], step: [240/1543], batch loss: 0.09779, batch accuracy: 95.03, data load time: 0.10450, step time: 0.02986
epoch: [13], step: [340/1543], batch loss: 0.14565, batch accuracy: 84.26, data load time: 0.07134, step time: 0.03774
epoch: [13], step: [440/1543], batch loss: 0.12301, batch accuracy: 94.15, data load time: 0.06925, step time: 0.03407
epoch: [13], step: [540/1543], batch loss: 0.19005, batch accuracy: 84.79, data load time: 0.12556, step time: 0.03753
epoch: [13], step: [640/1543], batch loss: 0.14722, batch accuracy: 87.82, data load time: 0.10758, step time: 0.03688
epoch: [13], step: [740/1543], batch loss: 0.16877, batch accuracy: 82.21, data load time: 0.17156, step time: 0.03803
epoch: [13], step: [840/1543], batch loss: 0.19007, batch accuracy: 80.30, data load time: 0.16637, step time: 0.03885
epoch: [13], step: [940/1543], batch loss: 0.17598, batch accuracy: 82.95, data load time: 0.15514, step time: 0.03335
epoch: [13], step: [1040/1543], batch loss: 0.18779, batch accuracy: 90.32, data load time: 0.14611, step time: 0.03826
epoch: [13], step: [1140/1543], batch loss: 0.20623, batch accuracy: 84.98, data load time: 0.22441, step time: 0.03811
epoch: [13], step: [1240/1543], batch loss: 0.14270, batch accuracy: 84.73, data load time: 0.16325, step time: 0.03274
epoch: [13], step: [1340/1543], batch loss: 0.17908, batch accuracy: 86.11, data load time: 0.15679, step time: 0.03891
epoch: [13], step: [1440/1543], batch loss: 0.12121, batch accuracy: 86.62, data load time: 0.20838, step time: 0.03529
epoch: [13], step: [1540/1543], batch loss: 0.18831, batch accuracy: 89.50, data load time: 0.11803, step time: 0.03685
epoch: [14], step: [97/1543], batch loss: 0.18336, batch accuracy: 84.52, data load time: 0.08610, step time: 0.03537
epoch: [14], step: [197/1543], batch loss: 0.11890, batch accuracy: 81.21, data load time: 0.09621, step time: 0.03413
epoch: [14], step: [297/1543], batch loss: 0.15118, batch accuracy: 86.57, data load time: 0.14756, step time: 0.03782
epoch: [14], step: [397/1543], batch loss: 0.19029, batch accuracy: 82.58, data load time: 0.09198, step time: 0.04556
epoch: [14], step: [497/1543], batch loss: 0.12042, batch accuracy: 91.22, data load time: 0.11590, step time: 0.03482
epoch: [14], step: [597/1543], batch loss: 0.12365, batch accuracy: 86.30, data load time: 0.12139, step time: 0.03078
epoch: [14], step: [697/1543], batch loss: 0.15670, batch accuracy: 85.42, data load time: 0.16522, step time: 0.03908
epoch: [14], step: [797/1543], batch loss: 0.14599, batch accuracy: 90.88, data load time: 0.10943, step time: 0.03472
epoch: [14], step: [897/1543], batch loss: 0.13014, batch accuracy: 88.23, data load time: 0.05982, step time: 0.03133
epoch: [14], step: [997/1543], batch loss: 0.15396, batch accuracy: 80.12, data load time: 0.14056, step time: 0.03536
epoch: [14], step: [1097/1543], batch loss: 0.11904, batch accuracy: 86.81, data load time: 0.18612, step time: 0.03191
epoch: [14], step: [1197/1543], batch loss: 0.14008, batch accuracy: 83.57, data load time: 0.18006, step time: 0.03391
epoch: [14], step: [1297/1543], batch loss: 0.15502, batch accuracy: 91.33, data load time: 0.16935, step time: 0.03879
epoch: [14], step: [1397/1543], batch loss: 0.21329, batch accuracy: 85.12, data load time: 0.25091, step time: 0.03960
epoch: [14], step: [1497/1543], batch loss: 0.15361, batch accuracy: 91.49, data load time: 0.18816, step time: 0.03658
EVALUATION METRICS:
-------------------------------------------------------------

Validation: AUC Score: 0.8391

-------------------------------------------------------------
validation loss: 0.16314, accuracy: 83.91
epoch: [15], step: [54/1543], batch loss: 0.13801, batch accuracy: 86.28, data load time: 0.07324, step time: 0.03313
epoch: [15], step: [154/1543], batch loss: 0.17201, batch accuracy: 78.84, data load time: 0.23631, step time: 0.03532
epoch: [15], step: [254/1543], batch loss: 0.13780, batch accuracy: 93.34, data load time: 0.22934, step time: 0.03336
epoch: [15], step: [354/1543], batch loss: 0.18331, batch accuracy: 87.79, data load time: 0.17073, step time: 0.04083
epoch: [15], step: [454/1543], batch loss: 0.13645, batch accuracy: 85.05, data load time: 0.16874, step time: 0.03328
epoch: [15], step: [554/1543], batch loss: 0.19682, batch accuracy: 89.73, data load time: 0.15426, step time: 0.04451
epoch: [15], step: [654/1543], batch loss: 0.15774, batch accuracy: 88.98, data load time: 0.09857, step time: 0.03168
epoch: [15], step: [754/1543], batch loss: 0.12690, batch accuracy: 91.93, data load time: 0.17236, step time: 0.03835
epoch: [15], step: [854/1543], batch loss: 0.12857, batch accuracy: 89.87, data load time: 0.23240, step time: 0.03260
epoch: [15], step: [954/1543], batch loss: 0.13568, batch accuracy: 86.38, data load time: 0.20874, step time: 0.03402
epoch: [15], step: [1054/1543], batch loss: 0.17583, batch accuracy: 84.95, data load time: 0.18809, step time: 0.03447
epoch: [15], step: [1154/1543], batch loss: 0.14876, batch accuracy: 82.27, data load time: 0.19539, step time: 0.03259
epoch: [15], step: [1254/1543], batch loss: 0.16553, batch accuracy: 83.41, data load time: 0.16248, step time: 0.03400
epoch: [15], step: [1354/1543], batch loss: 0.20372, batch accuracy: 86.15, data load time: 0.20603, step time: 0.03609
epoch: [15], step: [1454/1543], batch loss: 0.15976, batch accuracy: 85.93, data load time: 0.19194, step time: 0.03463
epoch: [16], step: [11/1543], batch loss: 0.12800, batch accuracy: 92.57, data load time: 0.08258, step time: 0.04814
epoch: [16], step: [111/1543], batch loss: 0.16129, batch accuracy: 82.19, data load time: 0.17533, step time: 0.03459
epoch: [16], step: [211/1543], batch loss: 0.21581, batch accuracy: 87.57, data load time: 0.13239, step time: 0.04014
epoch: [16], step: [311/1543], batch loss: 0.13178, batch accuracy: 82.25, data load time: 0.10788, step time: 0.03335
epoch: [16], step: [411/1543], batch loss: 0.16663, batch accuracy: 83.15, data load time: 0.06177, step time: 0.03406
epoch: [16], step: [511/1543], batch loss: 0.15764, batch accuracy: 87.41, data load time: 0.12061, step time: 0.03618
epoch: [16], step: [611/1543], batch loss: 0.15370, batch accuracy: 82.27, data load time: 0.07051, step time: 0.03547
epoch: [16], step: [711/1543], batch loss: 0.14182, batch accuracy: 84.40, data load time: 0.16385, step time: 0.03401
epoch: [16], step: [811/1543], batch loss: 0.17087, batch accuracy: 84.16, data load time: 0.15363, step time: 0.03323
epoch: [16], step: [911/1543], batch loss: 0.13879, batch accuracy: 87.93, data load time: 0.14383, step time: 0.03390
epoch: [16], step: [1011/1543], batch loss: 0.12211, batch accuracy: 93.92, data load time: 0.12938, step time: 0.03594
epoch: [16], step: [1111/1543], batch loss: 0.17436, batch accuracy: 90.90, data load time: 0.17319, step time: 0.04085
epoch: [16], step: [1211/1543], batch loss: 0.15488, batch accuracy: 90.35, data load time: 0.16388, step time: 0.03813
epoch: [16], step: [1311/1543], batch loss: 0.15582, batch accuracy: 87.03, data load time: 0.16350, step time: 0.03602
epoch: [16], step: [1411/1543], batch loss: 0.13673, batch accuracy: 83.29, data load time: 0.16498, step time: 0.03319
epoch: [16], step: [1511/1543], batch loss: 0.14437, batch accuracy: 92.01, data load time: 0.14732, step time: 0.03849
epoch: [17], step: [68/1543], batch loss: 0.14355, batch accuracy: 84.99, data load time: 0.07525, step time: 0.03784
epoch: [17], step: [168/1543], batch loss: 0.14122, batch accuracy: 90.54, data load time: 0.06884, step time: 0.03707
epoch: [17], step: [268/1543], batch loss: 0.19374, batch accuracy: 88.40, data load time: 0.11049, step time: 0.03820
epoch: [17], step: [368/1543], batch loss: 0.16307, batch accuracy: 82.88, data load time: 0.19101, step time: 0.03677
epoch: [17], step: [468/1543], batch loss: 0.11777, batch accuracy: 91.57, data load time: 0.06778, step time: 0.03622
epoch: [17], step: [568/1543], batch loss: 0.15216, batch accuracy: 95.08, data load time: 0.14189, step time: 0.04219
epoch: [17], step: [668/1543], batch loss: 0.17930, batch accuracy: 85.97, data load time: 0.15639, step time: 0.03851
epoch: [17], step: [768/1543], batch loss: 0.13827, batch accuracy: 89.22, data load time: 0.20130, step time: 0.03404
epoch: [17], step: [868/1543], batch loss: 0.15973, batch accuracy: 84.57, data load time: 0.12772, step time: 0.03201
epoch: [17], step: [968/1543], batch loss: 0.16202, batch accuracy: 84.71, data load time: 0.20955, step time: 0.03257
epoch: [17], step: [1068/1543], batch loss: 0.14168, batch accuracy: 88.00, data load time: 0.21648, step time: 0.03810
epoch: [17], step: [1168/1543], batch loss: 0.15061, batch accuracy: 89.14, data load time: 0.20038, step time: 0.03573
epoch: [17], step: [1268/1543], batch loss: 0.12929, batch accuracy: 88.32, data load time: 0.21089, step time: 0.03561
epoch: [17], step: [1368/1543], batch loss: 0.14495, batch accuracy: 90.88, data load time: 0.17578, step time: 0.03341
epoch: [17], step: [1468/1543], batch loss: 0.21165, batch accuracy: 92.67, data load time: 0.24653, step time: 0.04202
epoch: [18], step: [25/1543], batch loss: 0.16777, batch accuracy: 78.42, data load time: 0.12138, step time: 0.03426
epoch: [18], step: [125/1543], batch loss: 0.18313, batch accuracy: 84.49, data load time: 0.12306, step time: 0.03896
epoch: [18], step: [225/1543], batch loss: 0.15920, batch accuracy: 84.58, data load time: 0.03888, step time: 0.03475
epoch: [18], step: [325/1543], batch loss: 0.14526, batch accuracy: 88.24, data load time: 0.14389, step time: 0.03677
epoch: [18], step: [425/1543], batch loss: 0.17168, batch accuracy: 89.52, data load time: 0.14217, step time: 0.03401
epoch: [18], step: [525/1543], batch loss: 0.16962, batch accuracy: 84.24, data load time: 0.16430, step time: 0.03962
epoch: [18], step: [625/1543], batch loss: 0.17374, batch accuracy: 83.37, data load time: 0.10249, step time: 0.03408
epoch: [18], step: [725/1543], batch loss: 0.16642, batch accuracy: 82.15, data load time: 0.12051, step time: 0.02975
epoch: [18], step: [825/1543], batch loss: 0.16874, batch accuracy: 83.77, data load time: 0.17477, step time: 0.03739
epoch: [18], step: [925/1543], batch loss: 0.16564, batch accuracy: 82.48, data load time: 0.18044, step time: 0.03622
epoch: [18], step: [1025/1543], batch loss: 0.17744, batch accuracy: 85.91, data load time: 0.17834, step time: 0.03817
epoch: [18], step: [1125/1543], batch loss: 0.17366, batch accuracy: 92.56, data load time: 0.18011, step time: 0.04009
epoch: [18], step: [1225/1543], batch loss: 0.13665, batch accuracy: 85.75, data load time: 0.20406, step time: 0.03708
epoch: [18], step: [1325/1543], batch loss: 0.15296, batch accuracy: 84.98, data load time: 0.17916, step time: 0.03618
epoch: [18], step: [1425/1543], batch loss: 0.17597, batch accuracy: 84.33, data load time: 0.19004, step time: 0.03341
epoch: [18], step: [1525/1543], batch loss: 0.15046, batch accuracy: 87.33, data load time: 0.20789, step time: 0.03733
Epoch 00019: reducing learning rate of group 0 to 5.0000e-04.
epoch: [19], step: [82/1543], batch loss: 0.18344, batch accuracy: 87.59, data load time: 0.09089, step time: 0.03890
epoch: [19], step: [182/1543], batch loss: 0.15373, batch accuracy: 87.36, data load time: 0.04248, step time: 0.03551
epoch: [19], step: [282/1543], batch loss: 0.16194, batch accuracy: 90.19, data load time: 0.11914, step time: 0.03614
epoch: [19], step: [382/1543], batch loss: 0.13161, batch accuracy: 95.80, data load time: 0.13636, step time: 0.03780
epoch: [19], step: [482/1543], batch loss: 0.17168, batch accuracy: 84.69, data load time: 0.08902, step time: 0.03480
epoch: [19], step: [582/1543], batch loss: 0.17186, batch accuracy: 89.93, data load time: 0.15708, step time: 0.03836
epoch: [19], step: [682/1543], batch loss: 0.16734, batch accuracy: 86.98, data load time: 0.20146, step time: 0.03625
epoch: [19], step: [782/1543], batch loss: 0.18051, batch accuracy: 82.19, data load time: 0.13876, step time: 0.03690
epoch: [19], step: [882/1543], batch loss: 0.13397, batch accuracy: 84.58, data load time: 0.15108, step time: 0.03109
epoch: [19], step: [982/1543], batch loss: 0.14515, batch accuracy: 86.18, data load time: 0.21495, step time: 0.03683
epoch: [19], step: [1082/1543], batch loss: 0.15236, batch accuracy: 91.59, data load time: 0.12447, step time: 0.03698
epoch: [19], step: [1182/1543], batch loss: 0.16580, batch accuracy: 88.27, data load time: 0.16456, step time: 0.03572
epoch: [19], step: [1282/1543], batch loss: 0.17557, batch accuracy: 87.31, data load time: 0.13865, step time: 0.03759
epoch: [19], step: [1382/1543], batch loss: 0.13955, batch accuracy: 89.98, data load time: 0.20598, step time: 0.03550
epoch: [19], step: [1482/1543], batch loss: 0.20968, batch accuracy: 81.78, data load time: 0.20089, step time: 0.03676
EVALUATION METRICS:
-------------------------------------------------------------

Validation: AUC Score: 0.8387

-------------------------------------------------------------
validation loss: 0.15969, accuracy: 83.87
epoch: [20], step: [39/1543], batch loss: 0.17064, batch accuracy: 86.85, data load time: 0.11519, step time: 0.03467
epoch: [20], step: [139/1543], batch loss: 0.15069, batch accuracy: 80.81, data load time: 0.13162, step time: 0.03691
epoch: [20], step: [239/1543], batch loss: 0.13227, batch accuracy: 85.78, data load time: 0.11099, step time: 0.03693
epoch: [20], step: [339/1543], batch loss: 0.10405, batch accuracy: 95.51, data load time: 0.13500, step time: 0.02977
epoch: [20], step: [439/1543], batch loss: 0.16672, batch accuracy: 83.90, data load time: 0.09346, step time: 0.03599
epoch: [20], step: [539/1543], batch loss: 0.16789, batch accuracy: 85.22, data load time: 0.13705, step time: 0.03457
epoch: [20], step: [639/1543], batch loss: 0.16832, batch accuracy: 93.38, data load time: 0.10142, step time: 0.03521
epoch: [20], step: [739/1543], batch loss: 0.19802, batch accuracy: 87.43, data load time: 0.15562, step time: 0.04067
epoch: [20], step: [839/1543], batch loss: 0.15152, batch accuracy: 88.00, data load time: 0.18889, step time: 0.03658
epoch: [20], step: [939/1543], batch loss: 0.13686, batch accuracy: 87.91, data load time: 0.15956, step time: 0.03397
epoch: [20], step: [1039/1543], batch loss: 0.16903, batch accuracy: 89.48, data load time: 0.23130, step time: 0.03523
epoch: [20], step: [1139/1543], batch loss: 0.16916, batch accuracy: 81.63, data load time: 0.17604, step time: 0.03533
epoch: [20], step: [1239/1543], batch loss: 0.12669, batch accuracy: 92.80, data load time: 0.23017, step time: 0.03727
epoch: [20], step: [1339/1543], batch loss: 0.15206, batch accuracy: 86.54, data load time: 0.18832, step time: 0.03465
epoch: [20], step: [1439/1543], batch loss: 0.16850, batch accuracy: 80.36, data load time: 0.22483, step time: 0.03760
epoch: [20], step: [1539/1543], batch loss: 0.16712, batch accuracy: 80.86, data load time: 0.16888, step time: 0.03407
epoch: [21], step: [96/1543], batch loss: 0.16987, batch accuracy: 83.53, data load time: 0.06731, step time: 0.03310
epoch: [21], step: [196/1543], batch loss: 0.20853, batch accuracy: 85.71, data load time: 0.17285, step time: 0.03665
epoch: [21], step: [296/1543], batch loss: 0.22510, batch accuracy: 80.58, data load time: 0.18482, step time: 0.03591
epoch: [21], step: [396/1543], batch loss: 0.14390, batch accuracy: 91.00, data load time: 0.22023, step time: 0.03670
epoch: [21], step: [496/1543], batch loss: 0.14573, batch accuracy: 91.79, data load time: 0.13581, step time: 0.03596
epoch: [21], step: [596/1543], batch loss: 0.20092, batch accuracy: 88.38, data load time: 0.23470, step time: 0.04068
epoch: [21], step: [696/1543], batch loss: 0.14325, batch accuracy: 82.98, data load time: 0.19990, step time: 0.03104
epoch: [21], step: [796/1543], batch loss: 0.20941, batch accuracy: 79.99, data load time: 0.23480, step time: 0.03600
epoch: [21], step: [896/1543], batch loss: 0.12925, batch accuracy: 89.75, data load time: 0.19934, step time: 0.03514
epoch: [21], step: [996/1543], batch loss: 0.16760, batch accuracy: 84.99, data load time: 0.22743, step time: 0.03478
epoch: [21], step: [1096/1543], batch loss: 0.17220, batch accuracy: 87.91, data load time: 0.17157, step time: 0.03718
epoch: [21], step: [1196/1543], batch loss: 0.14669, batch accuracy: 91.61, data load time: 0.24034, step time: 0.03669
epoch: [21], step: [1296/1543], batch loss: 0.17113, batch accuracy: 86.92, data load time: 0.20242, step time: 0.03803
epoch: [21], step: [1396/1543], batch loss: 0.16771, batch accuracy: 80.49, data load time: 0.20056, step time: 0.03176
epoch: [21], step: [1496/1543], batch loss: 0.15547, batch accuracy: 86.95, data load time: 0.20797, step time: 0.03460
epoch: [22], step: [53/1543], batch loss: 0.18078, batch accuracy: 86.87, data load time: 0.13063, step time: 0.03617
epoch: [22], step: [153/1543], batch loss: 0.14935, batch accuracy: 90.20, data load time: 0.16067, step time: 0.03418
epoch: [22], step: [253/1543], batch loss: 0.13140, batch accuracy: 92.69, data load time: 0.12327, step time: 0.03408
epoch: [22], step: [353/1543], batch loss: 0.16771, batch accuracy: 88.27, data load time: 0.10245, step time: 0.03673
epoch: [22], step: [453/1543], batch loss: 0.12972, batch accuracy: 86.34, data load time: 0.18608, step time: 0.03113
epoch: [22], step: [553/1543], batch loss: 0.16597, batch accuracy: 89.64, data load time: 0.19235, step time: 0.03537
epoch: [22], step: [653/1543], batch loss: 0.14441, batch accuracy: 86.39, data load time: 0.16601, step time: 0.03554
epoch: [22], step: [753/1543], batch loss: 0.16253, batch accuracy: 85.62, data load time: 0.16975, step time: 0.03470
epoch: [22], step: [853/1543], batch loss: 0.13330, batch accuracy: 90.08, data load time: 0.22401, step time: 0.03340
epoch: [22], step: [953/1543], batch loss: 0.23843, batch accuracy: 67.86, data load time: 0.23479, step time: 0.03808
epoch: [22], step: [1053/1543], batch loss: 0.20247, batch accuracy: 83.58, data load time: 0.16605, step time: 0.04022
epoch: [22], step: [1153/1543], batch loss: 0.15711, batch accuracy: 87.61, data load time: 0.14742, step time: 0.03645
epoch: [22], step: [1253/1543], batch loss: 0.18021, batch accuracy: 83.79, data load time: 0.25113, step time: 0.03680
epoch: [22], step: [1353/1543], batch loss: 0.15610, batch accuracy: 87.18, data load time: 0.24690, step time: 0.03746
epoch: [22], step: [1453/1543], batch loss: 0.18116, batch accuracy: 89.53, data load time: 0.18509, step time: 0.03811
epoch: [23], step: [10/1543], batch loss: 0.19165, batch accuracy: 86.09, data load time: 0.20199, step time: 0.04085
epoch: [23], step: [110/1543], batch loss: 0.19456, batch accuracy: 88.55, data load time: 0.20709, step time: 0.03678
epoch: [23], step: [210/1543], batch loss: 0.18054, batch accuracy: 87.42, data load time: 0.21018, step time: 0.03817
epoch: [23], step: [310/1543], batch loss: 0.16291, batch accuracy: 88.54, data load time: 0.17207, step time: 0.03893
epoch: [23], step: [410/1543], batch loss: 0.12429, batch accuracy: 91.48, data load time: 0.17282, step time: 0.03479
epoch: [23], step: [510/1543], batch loss: 0.14747, batch accuracy: 84.83, data load time: 0.20756, step time: 0.03666
epoch: [23], step: [610/1543], batch loss: 0.15800, batch accuracy: 87.79, data load time: 0.21726, step time: 0.03883
epoch: [23], step: [710/1543], batch loss: 0.13885, batch accuracy: 87.08, data load time: 0.15391, step time: 0.03341
epoch: [23], step: [810/1543], batch loss: 0.14257, batch accuracy: 96.13, data load time: 0.22282, step time: 0.03529
epoch: [23], step: [910/1543], batch loss: 0.18603, batch accuracy: 80.49, data load time: 0.18993, step time: 0.03763
epoch: [23], step: [1010/1543], batch loss: 0.12396, batch accuracy: 93.60, data load time: 0.19692, step time: 0.03344
epoch: [23], step: [1110/1543], batch loss: 0.21542, batch accuracy: 83.42, data load time: 0.20642, step time: 0.03795
epoch: [23], step: [1210/1543], batch loss: 0.18923, batch accuracy: 81.48, data load time: 0.19719, step time: 0.03625
epoch: [23], step: [1310/1543], batch loss: 0.15328, batch accuracy: 85.27, data load time: 0.25477, step time: 0.03398
epoch: [23], step: [1410/1543], batch loss: 0.16055, batch accuracy: 88.92, data load time: 0.20855, step time: 0.03681
epoch: [23], step: [1510/1543], batch loss: 0.18258, batch accuracy: 82.67, data load time: 0.19173, step time: 0.03615
epoch: [24], step: [67/1543], batch loss: 0.11748, batch accuracy: 85.46, data load time: 0.16203, step time: 0.03272
epoch: [24], step: [167/1543], batch loss: 0.11775, batch accuracy: 92.63, data load time: 0.17195, step time: 0.03155
epoch: [24], step: [267/1543], batch loss: 0.11880, batch accuracy: 89.03, data load time: 0.14728, step time: 0.03207
epoch: [24], step: [367/1543], batch loss: 0.14591, batch accuracy: 89.29, data load time: 0.15589, step time: 0.03606
epoch: [24], step: [467/1543], batch loss: 0.16785, batch accuracy: 91.85, data load time: 0.18572, step time: 0.03757
epoch: [24], step: [567/1543], batch loss: 0.17530, batch accuracy: 86.03, data load time: 0.18590, step time: 0.03473
epoch: [24], step: [667/1543], batch loss: 0.15157, batch accuracy: 88.28, data load time: 0.18824, step time: 0.03480
epoch: [24], step: [767/1543], batch loss: 0.19998, batch accuracy: 81.97, data load time: 0.20404, step time: 0.03946
epoch: [24], step: [867/1543], batch loss: 0.12480, batch accuracy: 91.50, data load time: 0.17487, step time: 0.03541
epoch: [24], step: [967/1543], batch loss: 0.13746, batch accuracy: 83.74, data load time: 0.19428, step time: 0.03344
epoch: [24], step: [1067/1543], batch loss: 0.14236, batch accuracy: 87.41, data load time: 0.15437, step time: 0.03555
epoch: [24], step: [1167/1543], batch loss: 0.18568, batch accuracy: 80.20, data load time: 0.17537, step time: 0.03553
epoch: [24], step: [1267/1543], batch loss: 0.16864, batch accuracy: 82.81, data load time: 0.20201, step time: 0.03334
epoch: [24], step: [1367/1543], batch loss: 0.15162, batch accuracy: 86.12, data load time: 0.23238, step time: 0.03550
epoch: [24], step: [1467/1543], batch loss: 0.12888, batch accuracy: 91.28, data load time: 0.17994, step time: 0.03181
EVALUATION METRICS:
-------------------------------------------------------------

Validation: AUC Score: 0.8388

-------------------------------------------------------------
validation loss: 0.16140, accuracy: 83.88
epoch: [25], step: [24/1543], batch loss: 0.13240, batch accuracy: 94.96, data load time: 0.14954, step time: 0.03621
epoch: [25], step: [124/1543], batch loss: 0.15927, batch accuracy: 87.82, data load time: 0.19446, step time: 0.03684
epoch: [25], step: [224/1543], batch loss: 0.22256, batch accuracy: 81.04, data load time: 0.14444, step time: 0.03956
epoch: [25], step: [324/1543], batch loss: 0.18350, batch accuracy: 82.50, data load time: 0.16772, step time: 0.03550
epoch: [25], step: [424/1543], batch loss: 0.15841, batch accuracy: 86.54, data load time: 0.21993, step time: 0.03508
epoch: [25], step: [524/1543], batch loss: 0.13924, batch accuracy: 90.80, data load time: 0.15163, step time: 0.03604
epoch: [25], step: [624/1543], batch loss: 0.20673, batch accuracy: 81.58, data load time: 0.18251, step time: 0.03484
epoch: [25], step: [724/1543], batch loss: 0.16491, batch accuracy: 90.95, data load time: 0.20256, step time: 0.03996
epoch: [25], step: [824/1543], batch loss: 0.15449, batch accuracy: 89.25, data load time: 0.17517, step time: 0.03674
epoch: [25], step: [924/1543], batch loss: 0.14270, batch accuracy: 94.52, data load time: 0.19703, step time: 0.03406
epoch: [25], step: [1024/1543], batch loss: 0.14237, batch accuracy: 88.11, data load time: 0.12409, step time: 0.03242
epoch: [25], step: [1124/1543], batch loss: 0.10626, batch accuracy: 92.21, data load time: 0.17708, step time: 0.03123
epoch: [25], step: [1224/1543], batch loss: 0.11606, batch accuracy: 92.40, data load time: 0.16808, step time: 0.03153
epoch: [25], step: [1324/1543], batch loss: 0.17997, batch accuracy: 79.17, data load time: 0.20643, step time: 0.03397
epoch: [25], step: [1424/1543], batch loss: 0.12993, batch accuracy: 89.59, data load time: 0.20005, step time: 0.03406
epoch: [25], step: [1524/1543], batch loss: 0.18885, batch accuracy: 84.22, data load time: 0.15805, step time: 0.03607
epoch: [26], step: [81/1543], batch loss: 0.20029, batch accuracy: 85.13, data load time: 0.17470, step time: 0.03875
epoch: [26], step: [181/1543], batch loss: 0.18749, batch accuracy: 87.90, data load time: 0.17653, step time: 0.03853
epoch: [26], step: [281/1543], batch loss: 0.19731, batch accuracy: 86.66, data load time: 0.16407, step time: 0.03746
epoch: [26], step: [381/1543], batch loss: 0.13317, batch accuracy: 89.07, data load time: 0.21274, step time: 0.03845
epoch: [26], step: [481/1543], batch loss: 0.15855, batch accuracy: 89.29, data load time: 0.20653, step time: 0.03734
epoch: [26], step: [581/1543], batch loss: 0.15035, batch accuracy: 83.75, data load time: 0.17152, step time: 0.03464
epoch: [26], step: [681/1543], batch loss: 0.13920, batch accuracy: 90.57, data load time: 0.18760, step time: 0.03664
epoch: [26], step: [781/1543], batch loss: 0.16203, batch accuracy: 76.61, data load time: 0.21159, step time: 0.03304
epoch: [26], step: [881/1543], batch loss: 0.16373, batch accuracy: 90.79, data load time: 0.25999, step time: 0.03536
epoch: [26], step: [981/1543], batch loss: 0.14887, batch accuracy: 89.74, data load time: 0.21769, step time: 0.03549
epoch: [26], step: [1081/1543], batch loss: 0.13699, batch accuracy: 86.48, data load time: 0.22395, step time: 0.03430
epoch: [26], step: [1181/1543], batch loss: 0.17972, batch accuracy: 78.74, data load time: 0.19914, step time: 0.03766
epoch: [26], step: [1281/1543], batch loss: 0.14457, batch accuracy: 86.26, data load time: 0.25472, step time: 0.03395
epoch: [26], step: [1381/1543], batch loss: 0.20535, batch accuracy: 86.05, data load time: 0.25120, step time: 0.03668
epoch: [26], step: [1481/1543], batch loss: 0.12831, batch accuracy: 88.55, data load time: 0.20135, step time: 0.03323
epoch: [27], step: [38/1543], batch loss: 0.13067, batch accuracy: 90.15, data load time: 0.16856, step time: 0.03480
epoch: [27], step: [138/1543], batch loss: 0.18951, batch accuracy: 87.69, data load time: 0.19334, step time: 0.03553
epoch: [27], step: [238/1543], batch loss: 0.14575, batch accuracy: 89.01, data load time: 0.19054, step time: 0.03277
epoch: [27], step: [338/1543], batch loss: 0.19366, batch accuracy: 83.15, data load time: 0.19419, step time: 0.03812
epoch: [27], step: [438/1543], batch loss: 0.15069, batch accuracy: 83.51, data load time: 0.24223, step time: 0.03472
epoch: [27], step: [538/1543], batch loss: 0.19947, batch accuracy: 85.53, data load time: 0.22996, step time: 0.03757
epoch: [27], step: [638/1543], batch loss: 0.16115, batch accuracy: 91.01, data load time: 0.20112, step time: 0.03760
epoch: [27], step: [738/1543], batch loss: 0.14089, batch accuracy: 86.96, data load time: 0.23853, step time: 0.03327
epoch: [27], step: [838/1543], batch loss: 0.13015, batch accuracy: 84.81, data load time: 0.27167, step time: 0.03162
epoch: [27], step: [938/1543], batch loss: 0.13293, batch accuracy: 89.34, data load time: 0.25128, step time: 0.03474
epoch: [27], step: [1038/1543], batch loss: 0.21558, batch accuracy: 81.96, data load time: 0.23676, step time: 0.03553
epoch: [27], step: [1138/1543], batch loss: 0.13129, batch accuracy: 90.72, data load time: 0.22673, step time: 0.03406
epoch: [27], step: [1238/1543], batch loss: 0.17713, batch accuracy: 88.69, data load time: 0.26020, step time: 0.03957
epoch: [27], step: [1338/1543], batch loss: 0.17219, batch accuracy: 80.79, data load time: 0.22401, step time: 0.03333
epoch: [27], step: [1438/1543], batch loss: 0.19196, batch accuracy: 79.22, data load time: 0.29487, step time: 0.03494
epoch: [27], step: [1538/1543], batch loss: 0.15810, batch accuracy: 85.44, data load time: 0.20931, step time: 0.03412
epoch: [28], step: [95/1543], batch loss: 0.18919, batch accuracy: 89.09, data load time: 0.15510, step time: 0.03672
epoch: [28], step: [195/1543], batch loss: 0.11707, batch accuracy: 90.82, data load time: 0.18800, step time: 0.03040
epoch: [28], step: [295/1543], batch loss: 0.14871, batch accuracy: 73.70, data load time: 0.22948, step time: 0.03187
epoch: [28], step: [395/1543], batch loss: 0.16114, batch accuracy: 83.98, data load time: 0.20924, step time: 0.03267
epoch: [28], step: [495/1543], batch loss: 0.11679, batch accuracy: 89.71, data load time: 0.21374, step time: 0.03610
epoch: [28], step: [595/1543], batch loss: 0.20132, batch accuracy: 77.75, data load time: 0.24307, step time: 0.03461
epoch: [28], step: [695/1543], batch loss: 0.15654, batch accuracy: 87.71, data load time: 0.25652, step time: 0.03632
epoch: [28], step: [795/1543], batch loss: 0.16691, batch accuracy: 90.80, data load time: 0.18261, step time: 0.03675
epoch: [28], step: [895/1543], batch loss: 0.17447, batch accuracy: 81.71, data load time: 0.27456, step time: 0.03461
epoch: [28], step: [995/1543], batch loss: 0.16007, batch accuracy: 83.16, data load time: 0.22584, step time: 0.03548
epoch: [28], step: [1095/1543], batch loss: 0.19193, batch accuracy: 86.77, data load time: 0.22552, step time: 0.04365
epoch: [28], step: [1195/1543], batch loss: 0.15594, batch accuracy: 91.27, data load time: 0.22442, step time: 0.03619
epoch: [28], step: [1295/1543], batch loss: 0.12285, batch accuracy: 83.30, data load time: 0.22322, step time: 0.03267
epoch: [28], step: [1395/1543], batch loss: 0.15997, batch accuracy: 85.53, data load time: 0.21461, step time: 0.03454
epoch: [28], step: [1495/1543], batch loss: 0.14206, batch accuracy: 91.77, data load time: 0.26889, step time: 0.03553
Epoch 00029: reducing learning rate of group 0 to 2.5000e-05.
epoch: [29], step: [52/1543], batch loss: 0.18175, batch accuracy: 83.41, data load time: 0.17742, step time: 0.03839
epoch: [29], step: [152/1543], batch loss: 0.19814, batch accuracy: 86.01, data load time: 0.20424, step time: 0.03768
epoch: [29], step: [252/1543], batch loss: 0.17755, batch accuracy: 88.68, data load time: 0.28843, step time: 0.03770
epoch: [29], step: [352/1543], batch loss: 0.18008, batch accuracy: 86.22, data load time: 0.30374, step time: 0.03700
epoch: [29], step: [452/1543], batch loss: 0.16853, batch accuracy: 90.07, data load time: 0.24700, step time: 0.03695
epoch: [29], step: [552/1543], batch loss: 0.16724, batch accuracy: 85.64, data load time: 0.22458, step time: 0.03415
epoch: [29], step: [652/1543], batch loss: 0.14499, batch accuracy: 86.91, data load time: 0.24165, step time: 0.03501
epoch: [29], step: [752/1543], batch loss: 0.16925, batch accuracy: 77.39, data load time: 0.22987, step time: 0.03565
epoch: [29], step: [852/1543], batch loss: 0.14353, batch accuracy: 89.30, data load time: 0.26947, step time: 0.03551
epoch: [29], step: [952/1543], batch loss: 0.16096, batch accuracy: 85.69, data load time: 0.23572, step time: 0.03685
epoch: [29], step: [1052/1543], batch loss: 0.14373, batch accuracy: 86.39, data load time: 0.24399, step time: 0.03344
epoch: [29], step: [1152/1543], batch loss: 0.23021, batch accuracy: 88.04, data load time: 0.60825, step time: 0.04304
epoch: [29], step: [1252/1543], batch loss: 0.16805, batch accuracy: 85.33, data load time: 0.23380, step time: 0.03686
epoch: [29], step: [1352/1543], batch loss: 0.15850, batch accuracy: 87.93, data load time: 0.20063, step time: 0.03702
epoch: [29], step: [1452/1543], batch loss: 0.11567, batch accuracy: 91.29, data load time: 0.22855, step time: 0.03338
EVALUATION METRICS:
-------------------------------------------------------------

Validation: AUC Score: 0.8387

-------------------------------------------------------------
validation loss: 0.16332, accuracy: 83.87
EVALUATION METRICS:
-------------------------------------------------------------

Test: AUC Score: 0.8414

-------------------------------------------------------------
validation loss: 0.47312, accuracy: 84.14
