Loading data from /mnt/storage/scratch/ee20947/MagnaTagATune/annotations/train.pkl...
Loading data from /mnt/storage/scratch/ee20947/MagnaTagATune/annotations/train.pkl...
Loading data from /mnt/storage/scratch/ee20947/MagnaTagATune/annotations/val.pkl...
Loading data from /mnt/storage/scratch/ee20947/MagnaTagATune/annotations/test.pkl...
Writing logs to logs/CNN_sgd_momentum=0.93_learning_rate=0.2_conv_length=1024_conv_stride=512_batch_size=10_epochs=20_weight_decay=1e-05_extension=ExtraCNN_run_3
epoch: [0], step: [99/1543], batch loss: 0.21362, batch accuracy: 75.60, data load time: 0.24361, step time: 0.03499
epoch: [0], step: [199/1543], batch loss: 0.21133, batch accuracy: 71.54, data load time: 0.26352, step time: 0.03287
epoch: [0], step: [299/1543], batch loss: 0.18753, batch accuracy: 85.44, data load time: 0.28790, step time: 0.03592
epoch: [0], step: [399/1543], batch loss: 0.20595, batch accuracy: 75.13, data load time: 0.22809, step time: 0.03514
epoch: [0], step: [499/1543], batch loss: 0.22172, batch accuracy: 58.50, data load time: 0.25008, step time: 0.03157
epoch: [0], step: [599/1543], batch loss: 0.18784, batch accuracy: 56.42, data load time: 0.40592, step time: 0.03013
epoch: [0], step: [699/1543], batch loss: 0.18884, batch accuracy: 67.57, data load time: 0.32774, step time: 0.03163
epoch: [0], step: [799/1543], batch loss: 0.23224, batch accuracy: 61.78, data load time: 0.31874, step time: 0.03370
epoch: [0], step: [899/1543], batch loss: 0.21127, batch accuracy: 64.46, data load time: 0.27132, step time: 0.03346
epoch: [0], step: [999/1543], batch loss: 0.17352, batch accuracy: 74.13, data load time: 0.23747, step time: 0.03371
epoch: [0], step: [1099/1543], batch loss: 0.19363, batch accuracy: 67.00, data load time: 0.25229, step time: 0.03347
epoch: [0], step: [1199/1543], batch loss: 0.20587, batch accuracy: 69.80, data load time: 0.36128, step time: 0.03520
epoch: [0], step: [1299/1543], batch loss: 0.18944, batch accuracy: 79.37, data load time: 0.32424, step time: 0.03382
epoch: [0], step: [1399/1543], batch loss: 0.18368, batch accuracy: 78.52, data load time: 0.32165, step time: 0.03687
epoch: [0], step: [1499/1543], batch loss: 0.27007, batch accuracy: 67.43, data load time: 0.22848, step time: 0.03932
epoch: [1], step: [56/1543], batch loss: 0.19820, batch accuracy: 80.35, data load time: 0.25778, step time: 0.03302
epoch: [1], step: [156/1543], batch loss: 0.20677, batch accuracy: 76.63, data load time: 0.21848, step time: 0.03514
epoch: [1], step: [256/1543], batch loss: 0.20358, batch accuracy: 78.08, data load time: 0.27520, step time: 0.03648
epoch: [1], step: [356/1543], batch loss: 0.20320, batch accuracy: 60.92, data load time: 0.26613, step time: 0.03171
epoch: [1], step: [456/1543], batch loss: 0.19622, batch accuracy: 77.86, data load time: 0.21349, step time: 0.03648
epoch: [1], step: [556/1543], batch loss: 0.14323, batch accuracy: 88.16, data load time: 0.26636, step time: 0.03214
epoch: [1], step: [656/1543], batch loss: 0.16728, batch accuracy: 80.52, data load time: 0.30982, step time: 0.03312
epoch: [1], step: [756/1543], batch loss: 0.23490, batch accuracy: 63.22, data load time: 0.25255, step time: 0.03367
epoch: [1], step: [856/1543], batch loss: 0.23385, batch accuracy: 79.37, data load time: 0.28456, step time: 0.03936
epoch: [1], step: [956/1543], batch loss: 0.19218, batch accuracy: 75.35, data load time: 0.26093, step time: 0.03361
epoch: [1], step: [1056/1543], batch loss: 0.20014, batch accuracy: 69.78, data load time: 0.27287, step time: 0.03433
epoch: [1], step: [1156/1543], batch loss: 0.17476, batch accuracy: 83.34, data load time: 0.26230, step time: 0.03239
epoch: [1], step: [1256/1543], batch loss: 0.22023, batch accuracy: 80.35, data load time: 0.30400, step time: 0.03658
epoch: [1], step: [1356/1543], batch loss: 0.16450, batch accuracy: 80.12, data load time: 0.20298, step time: 0.03235
epoch: [1], step: [1456/1543], batch loss: 0.21322, batch accuracy: 72.97, data load time: 0.23695, step time: 0.03674
epoch: [2], step: [13/1543], batch loss: 0.13741, batch accuracy: 82.44, data load time: 0.31579, step time: 0.03101
epoch: [2], step: [113/1543], batch loss: 0.16795, batch accuracy: 70.71, data load time: 0.31139, step time: 0.02946
epoch: [2], step: [213/1543], batch loss: 0.20432, batch accuracy: 76.13, data load time: 0.41542, step time: 0.03503
epoch: [2], step: [313/1543], batch loss: 0.19489, batch accuracy: 87.26, data load time: 0.22396, step time: 0.03727
epoch: [2], step: [413/1543], batch loss: 0.18757, batch accuracy: 81.77, data load time: 0.23131, step time: 0.03365
epoch: [2], step: [513/1543], batch loss: 0.14571, batch accuracy: 87.38, data load time: 0.20382, step time: 0.03008
epoch: [2], step: [613/1543], batch loss: 0.19079, batch accuracy: 70.83, data load time: 0.22980, step time: 0.03305
epoch: [2], step: [713/1543], batch loss: 0.28414, batch accuracy: 65.49, data load time: 0.22036, step time: 0.03808
epoch: [2], step: [813/1543], batch loss: 0.15940, batch accuracy: 80.67, data load time: 0.30712, step time: 0.03229
epoch: [2], step: [913/1543], batch loss: 0.17874, batch accuracy: 80.25, data load time: 0.26902, step time: 0.03099
epoch: [2], step: [1013/1543], batch loss: 0.14674, batch accuracy: 86.14, data load time: 0.29339, step time: 0.03316
epoch: [2], step: [1113/1543], batch loss: 0.21084, batch accuracy: 69.24, data load time: 0.26880, step time: 0.03442
epoch: [2], step: [1213/1543], batch loss: 0.15738, batch accuracy: 91.29, data load time: 0.29582, step time: 0.03588
epoch: [2], step: [1313/1543], batch loss: 0.22618, batch accuracy: 64.81, data load time: 0.27385, step time: 0.03569
epoch: [2], step: [1413/1543], batch loss: 0.23186, batch accuracy: 80.08, data load time: 0.27197, step time: 0.03942
epoch: [2], step: [1513/1543], batch loss: 0.14658, batch accuracy: 85.07, data load time: 0.26919, step time: 0.03013
epoch: [3], step: [70/1543], batch loss: 0.10793, batch accuracy: 93.11, data load time: 0.17675, step time: 0.02806
epoch: [3], step: [170/1543], batch loss: 0.15977, batch accuracy: 87.26, data load time: 0.33925, step time: 0.03501
epoch: [3], step: [270/1543], batch loss: 0.12624, batch accuracy: 87.46, data load time: 0.26724, step time: 0.03102
epoch: [3], step: [370/1543], batch loss: 0.17199, batch accuracy: 67.74, data load time: 0.29964, step time: 0.03227
epoch: [3], step: [470/1543], batch loss: 0.21764, batch accuracy: 78.77, data load time: 0.26280, step time: 0.03743
epoch: [3], step: [570/1543], batch loss: 0.16915, batch accuracy: 82.84, data load time: 0.25763, step time: 0.03092
epoch: [3], step: [670/1543], batch loss: 0.26628, batch accuracy: 57.83, data load time: 0.24878, step time: 0.03229
epoch: [3], step: [770/1543], batch loss: 0.16544, batch accuracy: 83.17, data load time: 0.30924, step time: 0.03031
epoch: [3], step: [870/1543], batch loss: 0.20866, batch accuracy: 74.42, data load time: 0.27295, step time: 0.03651
epoch: [3], step: [970/1543], batch loss: 0.25820, batch accuracy: 74.38, data load time: 0.34215, step time: 0.03817
epoch: [3], step: [1070/1543], batch loss: 0.24938, batch accuracy: 76.90, data load time: 0.29264, step time: 0.03781
epoch: [3], step: [1170/1543], batch loss: 0.16411, batch accuracy: 84.15, data load time: 0.24344, step time: 0.03511
epoch: [3], step: [1270/1543], batch loss: 0.16663, batch accuracy: 75.05, data load time: 0.32608, step time: 0.03108
epoch: [3], step: [1370/1543], batch loss: 0.22001, batch accuracy: 80.56, data load time: 0.28078, step time: 0.04074
epoch: [3], step: [1470/1543], batch loss: 0.20593, batch accuracy: 79.84, data load time: 0.29499, step time: 0.03807
epoch: [4], step: [27/1543], batch loss: 0.16657, batch accuracy: 84.23, data load time: 0.20730, step time: 0.03315
epoch: [4], step: [127/1543], batch loss: 0.15867, batch accuracy: 86.50, data load time: 0.19198, step time: 0.03307
epoch: [4], step: [227/1543], batch loss: 0.16085, batch accuracy: 86.18, data load time: 0.28107, step time: 0.03392
epoch: [4], step: [327/1543], batch loss: 0.19629, batch accuracy: 84.00, data load time: 0.35440, step time: 0.03399
epoch: [4], step: [427/1543], batch loss: 0.25076, batch accuracy: 76.02, data load time: 0.34863, step time: 0.03452
epoch: [4], step: [527/1543], batch loss: 0.22583, batch accuracy: 79.98, data load time: 0.32440, step time: 0.03611
epoch: [4], step: [627/1543], batch loss: 0.15926, batch accuracy: 77.22, data load time: 0.26633, step time: 0.03385
epoch: [4], step: [727/1543], batch loss: 0.16760, batch accuracy: 75.23, data load time: 0.23636, step time: 0.03179
epoch: [4], step: [827/1543], batch loss: 0.20696, batch accuracy: 91.64, data load time: 0.35515, step time: 0.03588
epoch: [4], step: [927/1543], batch loss: 0.17376, batch accuracy: 83.47, data load time: 0.32311, step time: 0.03463
epoch: [4], step: [1027/1543], batch loss: 0.20777, batch accuracy: 82.49, data load time: 0.30368, step time: 0.03666
epoch: [4], step: [1127/1543], batch loss: 0.14207, batch accuracy: 87.63, data load time: 0.33612, step time: 0.03210
epoch: [4], step: [1227/1543], batch loss: 0.19534, batch accuracy: 83.18, data load time: 0.28169, step time: 0.03586
epoch: [4], step: [1327/1543], batch loss: 0.20125, batch accuracy: 79.85, data load time: 0.26977, step time: 0.03258
epoch: [4], step: [1427/1543], batch loss: 0.16302, batch accuracy: 91.75, data load time: 0.40397, step time: 0.03535
epoch: [4], step: [1527/1543], batch loss: 0.13561, batch accuracy: 89.60, data load time: 0.24957, step time: 0.03096
EVALUATION METRICS:
-------------------------------------------------------------

Validation: AUC Score: 0.7633

-------------------------------------------------------------
validation loss: 0.21155, accuracy: 76.33
epoch: [5], step: [84/1543], batch loss: 0.20980, batch accuracy: 77.66, data load time: 0.23069, step time: 0.03530
epoch: [5], step: [184/1543], batch loss: 0.16040, batch accuracy: 90.56, data load time: 0.30491, step time: 0.03396
epoch: [5], step: [284/1543], batch loss: 0.15861, batch accuracy: 84.67, data load time: 0.21560, step time: 0.03407
epoch: [5], step: [384/1543], batch loss: 0.18052, batch accuracy: 82.56, data load time: 0.29668, step time: 0.03321
epoch: [5], step: [484/1543], batch loss: 0.19074, batch accuracy: 73.37, data load time: 0.30459, step time: 0.03460
epoch: [5], step: [584/1543], batch loss: 0.16828, batch accuracy: 88.67, data load time: 0.30465, step time: 0.03317
epoch: [5], step: [684/1543], batch loss: 0.13874, batch accuracy: 91.51, data load time: 0.23374, step time: 0.03160
epoch: [5], step: [784/1543], batch loss: 0.16070, batch accuracy: 79.73, data load time: 0.22112, step time: 0.03379
epoch: [5], step: [884/1543], batch loss: 0.21713, batch accuracy: 83.53, data load time: 0.27552, step time: 0.03745
epoch: [5], step: [984/1543], batch loss: 0.13904, batch accuracy: 92.27, data load time: 0.28009, step time: 0.03519
epoch: [5], step: [1084/1543], batch loss: 0.15916, batch accuracy: 77.66, data load time: 0.26429, step time: 0.03178
epoch: [5], step: [1184/1543], batch loss: 0.16855, batch accuracy: 80.56, data load time: 0.28785, step time: 0.03515
epoch: [5], step: [1284/1543], batch loss: 0.14450, batch accuracy: 87.35, data load time: 0.29368, step time: 0.03037
epoch: [5], step: [1384/1543], batch loss: 0.18764, batch accuracy: 81.35, data load time: 0.31066, step time: 0.03602
epoch: [5], step: [1484/1543], batch loss: 0.20464, batch accuracy: 74.82, data load time: 0.27718, step time: 0.03372
epoch: [6], step: [41/1543], batch loss: 0.17415, batch accuracy: 81.00, data load time: 0.30365, step time: 0.03515
epoch: [6], step: [141/1543], batch loss: 0.19593, batch accuracy: 83.79, data load time: 0.34827, step time: 0.03528
epoch: [6], step: [241/1543], batch loss: 0.15179, batch accuracy: 88.13, data load time: 0.32184, step time: 0.03387
epoch: [6], step: [341/1543], batch loss: 0.20578, batch accuracy: 79.91, data load time: 0.30483, step time: 0.03451
epoch: [6], step: [441/1543], batch loss: 0.21036, batch accuracy: 73.09, data load time: 0.32246, step time: 0.03314
epoch: [6], step: [541/1543], batch loss: 0.15180, batch accuracy: 85.99, data load time: 0.34140, step time: 0.03175
epoch: [6], step: [641/1543], batch loss: 0.15404, batch accuracy: 81.84, data load time: 0.26765, step time: 0.03161
epoch: [6], step: [741/1543], batch loss: 0.18557, batch accuracy: 79.86, data load time: 0.30315, step time: 0.03389
epoch: [6], step: [841/1543], batch loss: 0.20097, batch accuracy: 69.03, data load time: 0.25239, step time: 0.03658
epoch: [6], step: [941/1543], batch loss: 0.20343, batch accuracy: 72.66, data load time: 0.28534, step time: 0.03326
epoch: [6], step: [1041/1543], batch loss: 0.16149, batch accuracy: 75.37, data load time: 0.33736, step time: 0.02963
epoch: [6], step: [1141/1543], batch loss: 0.17371, batch accuracy: 87.20, data load time: 0.34411, step time: 0.03452
epoch: [6], step: [1241/1543], batch loss: 0.16392, batch accuracy: 79.19, data load time: 0.22847, step time: 0.03305
epoch: [6], step: [1341/1543], batch loss: 0.16775, batch accuracy: 83.02, data load time: 0.33500, step time: 0.03491
epoch: [6], step: [1441/1543], batch loss: 0.13945, batch accuracy: 83.18, data load time: 0.37995, step time: 0.03165
epoch: [6], step: [1541/1543], batch loss: 0.16277, batch accuracy: 88.71, data load time: 0.36056, step time: 0.03294
epoch: [7], step: [98/1543], batch loss: 0.13241, batch accuracy: 94.38, data load time: 0.29154, step time: 0.03173
epoch: [7], step: [198/1543], batch loss: 0.17402, batch accuracy: 83.60, data load time: 0.31759, step time: 0.03568
epoch: [7], step: [298/1543], batch loss: 0.19011, batch accuracy: 67.29, data load time: 0.24989, step time: 0.03396
epoch: [7], step: [398/1543], batch loss: 0.21579, batch accuracy: 74.61, data load time: 0.30191, step time: 0.03698
epoch: [7], step: [498/1543], batch loss: 0.19021, batch accuracy: 81.11, data load time: 0.31655, step time: 0.03388
epoch: [7], step: [598/1543], batch loss: 0.14995, batch accuracy: 89.59, data load time: 0.21833, step time: 0.03245
epoch: [7], step: [698/1543], batch loss: 0.18574, batch accuracy: 88.12, data load time: 0.36979, step time: 0.03875
epoch: [7], step: [798/1543], batch loss: 0.21850, batch accuracy: 79.86, data load time: 0.33776, step time: 0.03680
epoch: [7], step: [898/1543], batch loss: 0.16259, batch accuracy: 92.92, data load time: 0.24607, step time: 0.03388
epoch: [7], step: [998/1543], batch loss: 0.18992, batch accuracy: 83.48, data load time: 0.26790, step time: 0.03710
epoch: [7], step: [1098/1543], batch loss: 0.19720, batch accuracy: 83.39, data load time: 0.28091, step time: 0.03406
epoch: [7], step: [1198/1543], batch loss: 0.17866, batch accuracy: 93.10, data load time: 0.32397, step time: 0.03536
epoch: [7], step: [1298/1543], batch loss: 0.22174, batch accuracy: 81.02, data load time: 0.29081, step time: 0.03474
epoch: [7], step: [1398/1543], batch loss: 0.19311, batch accuracy: 83.26, data load time: 0.25190, step time: 0.03611
epoch: [7], step: [1498/1543], batch loss: 0.17540, batch accuracy: 82.64, data load time: 0.31141, step time: 0.03373
epoch: [8], step: [55/1543], batch loss: 0.17031, batch accuracy: 82.65, data load time: 0.36108, step time: 0.03275
epoch: [8], step: [155/1543], batch loss: 0.14896, batch accuracy: 85.75, data load time: 0.24815, step time: 0.03251
epoch: [8], step: [255/1543], batch loss: 0.18237, batch accuracy: 79.54, data load time: 0.26034, step time: 0.03192
epoch: [8], step: [355/1543], batch loss: 0.20078, batch accuracy: 76.37, data load time: 0.24953, step time: 0.03313
epoch: [8], step: [455/1543], batch loss: 0.17060, batch accuracy: 91.80, data load time: 0.28219, step time: 0.03720
epoch: [8], step: [555/1543], batch loss: 0.22320, batch accuracy: 75.44, data load time: 0.27798, step time: 0.03715
epoch: [8], step: [655/1543], batch loss: 0.22874, batch accuracy: 87.16, data load time: 0.28212, step time: 0.03742
epoch: [8], step: [755/1543], batch loss: 0.16018, batch accuracy: 87.31, data load time: 0.30115, step time: 0.03454
epoch: [8], step: [855/1543], batch loss: 0.18207, batch accuracy: 89.10, data load time: 0.31871, step time: 0.03603
epoch: [8], step: [955/1543], batch loss: 0.17834, batch accuracy: 92.41, data load time: 0.33873, step time: 0.03734
epoch: [8], step: [1055/1543], batch loss: 0.19463, batch accuracy: 83.15, data load time: 0.24310, step time: 0.03726
epoch: [8], step: [1155/1543], batch loss: 0.15502, batch accuracy: 77.23, data load time: 0.27310, step time: 0.03520
epoch: [8], step: [1255/1543], batch loss: 0.18704, batch accuracy: 86.61, data load time: 0.30572, step time: 0.03445
epoch: [8], step: [1355/1543], batch loss: 0.15618, batch accuracy: 80.39, data load time: 0.25654, step time: 0.03030
epoch: [8], step: [1455/1543], batch loss: 0.22660, batch accuracy: 85.45, data load time: 0.23963, step time: 0.03853
epoch: [9], step: [12/1543], batch loss: 0.19075, batch accuracy: 85.37, data load time: 0.27356, step time: 0.03831
epoch: [9], step: [112/1543], batch loss: 0.18488, batch accuracy: 81.15, data load time: 0.20820, step time: 0.03600
epoch: [9], step: [212/1543], batch loss: 0.15571, batch accuracy: 74.50, data load time: 0.18844, step time: 0.03188
epoch: [9], step: [312/1543], batch loss: 0.15812, batch accuracy: 91.21, data load time: 0.19987, step time: 0.03451
epoch: [9], step: [412/1543], batch loss: 0.21861, batch accuracy: 81.30, data load time: 0.23200, step time: 0.03667
epoch: [9], step: [512/1543], batch loss: 0.14029, batch accuracy: 88.60, data load time: 0.20601, step time: 0.03457
epoch: [9], step: [612/1543], batch loss: 0.14672, batch accuracy: 85.03, data load time: 0.17356, step time: 0.03171
epoch: [9], step: [712/1543], batch loss: 0.15728, batch accuracy: 91.00, data load time: 0.20903, step time: 0.03394
epoch: [9], step: [812/1543], batch loss: 0.19563, batch accuracy: 73.78, data load time: 0.25156, step time: 0.03524
epoch: [9], step: [912/1543], batch loss: 0.14487, batch accuracy: 87.11, data load time: 0.22519, step time: 0.03381
epoch: [9], step: [1012/1543], batch loss: 0.18466, batch accuracy: 80.43, data load time: 0.27940, step time: 0.03254
epoch: [9], step: [1112/1543], batch loss: 0.17741, batch accuracy: 88.88, data load time: 0.22467, step time: 0.03311
epoch: [9], step: [1212/1543], batch loss: 0.20976, batch accuracy: 80.78, data load time: 0.19947, step time: 0.03736
epoch: [9], step: [1312/1543], batch loss: 0.16808, batch accuracy: 86.11, data load time: 0.24365, step time: 0.03311
epoch: [9], step: [1412/1543], batch loss: 0.16429, batch accuracy: 86.55, data load time: 0.30535, step time: 0.03251
epoch: [9], step: [1512/1543], batch loss: 0.14557, batch accuracy: 88.83, data load time: 0.24082, step time: 0.03237
EVALUATION METRICS:
-------------------------------------------------------------

Validation: AUC Score: 0.7737

-------------------------------------------------------------
validation loss: 0.22010, accuracy: 77.37
epoch: [10], step: [69/1543], batch loss: 0.18210, batch accuracy: 85.96, data load time: 0.36936, step time: 0.03668
epoch: [10], step: [169/1543], batch loss: 0.13693, batch accuracy: 87.10, data load time: 0.28912, step time: 0.03540
epoch: [10], step: [269/1543], batch loss: 0.16575, batch accuracy: 87.06, data load time: 0.25811, step time: 0.03518
epoch: [10], step: [369/1543], batch loss: 0.13220, batch accuracy: 91.69, data load time: 0.34060, step time: 0.03624
epoch: [10], step: [469/1543], batch loss: 0.18965, batch accuracy: 75.19, data load time: 0.28982, step time: 0.03614
epoch: [10], step: [569/1543], batch loss: 0.15492, batch accuracy: 85.44, data load time: 0.36914, step time: 0.03222
epoch: [10], step: [669/1543], batch loss: 0.17706, batch accuracy: 88.97, data load time: 0.26108, step time: 0.03749
epoch: [10], step: [769/1543], batch loss: 0.11622, batch accuracy: 93.29, data load time: 0.30325, step time: 0.02952
epoch: [10], step: [869/1543], batch loss: 0.15953, batch accuracy: 82.85, data load time: 0.33761, step time: 0.03455
epoch: [10], step: [969/1543], batch loss: 0.15444, batch accuracy: 76.23, data load time: 0.27476, step time: 0.03105
epoch: [10], step: [1069/1543], batch loss: 0.18443, batch accuracy: 81.70, data load time: 0.31814, step time: 0.03319
epoch: [10], step: [1169/1543], batch loss: 0.16508, batch accuracy: 83.92, data load time: 0.20856, step time: 0.03096
epoch: [10], step: [1269/1543], batch loss: 0.11974, batch accuracy: 85.28, data load time: 0.27762, step time: 0.03186
epoch: [10], step: [1369/1543], batch loss: 0.15311, batch accuracy: 92.36, data load time: 0.31079, step time: 0.03164
epoch: [10], step: [1469/1543], batch loss: 0.19235, batch accuracy: 85.30, data load time: 0.30971, step time: 0.03537
epoch: [11], step: [26/1543], batch loss: 0.16709, batch accuracy: 88.64, data load time: 0.33568, step time: 0.03669
epoch: [11], step: [126/1543], batch loss: 0.16461, batch accuracy: 76.31, data load time: 0.36822, step time: 0.03307
epoch: [11], step: [226/1543], batch loss: 0.14827, batch accuracy: 90.90, data load time: 0.27160, step time: 0.03114
epoch: [11], step: [326/1543], batch loss: 0.19052, batch accuracy: 86.46, data load time: 0.25932, step time: 0.03668
epoch: [11], step: [426/1543], batch loss: 0.17920, batch accuracy: 80.49, data load time: 0.23737, step time: 0.03174
epoch: [11], step: [526/1543], batch loss: 0.18988, batch accuracy: 78.04, data load time: 0.26822, step time: 0.03589
epoch: [11], step: [626/1543], batch loss: 0.21922, batch accuracy: 79.71, data load time: 0.35059, step time: 0.03554
epoch: [11], step: [726/1543], batch loss: 0.23844, batch accuracy: 77.56, data load time: 0.28389, step time: 0.03543
epoch: [11], step: [826/1543], batch loss: 0.19106, batch accuracy: 76.48, data load time: 0.23982, step time: 0.03673
epoch: [11], step: [926/1543], batch loss: 0.17838, batch accuracy: 80.85, data load time: 0.32775, step time: 0.03606
epoch: [11], step: [1026/1543], batch loss: 0.14956, batch accuracy: 79.48, data load time: 0.34094, step time: 0.03106
epoch: [11], step: [1126/1543], batch loss: 0.26911, batch accuracy: 82.59, data load time: 0.27941, step time: 0.04246
epoch: [11], step: [1226/1543], batch loss: 0.18864, batch accuracy: 77.15, data load time: 0.30282, step time: 0.03634
epoch: [11], step: [1326/1543], batch loss: 0.14390, batch accuracy: 91.11, data load time: 0.24553, step time: 0.03385
epoch: [11], step: [1426/1543], batch loss: 0.15702, batch accuracy: 78.13, data load time: 0.24137, step time: 0.03399
epoch: [11], step: [1526/1543], batch loss: 0.19814, batch accuracy: 79.15, data load time: 0.28330, step time: 0.03679
epoch: [12], step: [83/1543], batch loss: 0.18377, batch accuracy: 82.66, data load time: 0.28071, step time: 0.03268
epoch: [12], step: [183/1543], batch loss: 0.13900, batch accuracy: 73.15, data load time: 0.25721, step time: 0.02845
epoch: [12], step: [283/1543], batch loss: 0.17710, batch accuracy: 75.90, data load time: 0.28176, step time: 0.03316
epoch: [12], step: [383/1543], batch loss: 0.17744, batch accuracy: 79.84, data load time: 0.22006, step time: 0.03450
epoch: [12], step: [483/1543], batch loss: 0.14751, batch accuracy: 83.46, data load time: 0.31197, step time: 0.02822
epoch: [12], step: [583/1543], batch loss: 0.18066, batch accuracy: 82.84, data load time: 0.22456, step time: 0.03827
epoch: [12], step: [683/1543], batch loss: 0.15765, batch accuracy: 86.70, data load time: 0.29280, step time: 0.03268
epoch: [12], step: [783/1543], batch loss: 0.14441, batch accuracy: 90.87, data load time: 0.37773, step time: 0.03196
epoch: [12], step: [883/1543], batch loss: 0.15205, batch accuracy: 82.14, data load time: 0.28335, step time: 0.03043
epoch: [12], step: [983/1543], batch loss: 0.19564, batch accuracy: 77.69, data load time: 0.28972, step time: 0.03345
epoch: [12], step: [1083/1543], batch loss: 0.16001, batch accuracy: 82.47, data load time: 0.31500, step time: 0.03317
epoch: [12], step: [1183/1543], batch loss: 0.16704, batch accuracy: 81.70, data load time: 0.23551, step time: 0.03538
epoch: [12], step: [1283/1543], batch loss: 0.15980, batch accuracy: 91.15, data load time: 0.35322, step time: 0.03612
epoch: [12], step: [1383/1543], batch loss: 0.14346, batch accuracy: 91.29, data load time: 0.30409, step time: 0.03462
epoch: [12], step: [1483/1543], batch loss: 0.17642, batch accuracy: 75.41, data load time: 0.25016, step time: 0.03090
epoch: [13], step: [40/1543], batch loss: 0.13291, batch accuracy: 91.48, data load time: 0.15927, step time: 0.03377
epoch: [13], step: [140/1543], batch loss: 0.18018, batch accuracy: 85.95, data load time: 0.19868, step time: 0.03604
epoch: [13], step: [240/1543], batch loss: 0.13676, batch accuracy: 88.84, data load time: 0.23988, step time: 0.03613
epoch: [13], step: [340/1543], batch loss: 0.19741, batch accuracy: 80.64, data load time: 0.22850, step time: 0.03411
epoch: [13], step: [440/1543], batch loss: 0.16807, batch accuracy: 86.48, data load time: 0.25056, step time: 0.03384
epoch: [13], step: [540/1543], batch loss: 0.16324, batch accuracy: 65.39, data load time: 0.22933, step time: 0.02955
epoch: [13], step: [640/1543], batch loss: 0.15503, batch accuracy: 88.10, data load time: 0.21275, step time: 0.03389
epoch: [13], step: [740/1543], batch loss: 0.14829, batch accuracy: 87.21, data load time: 0.25496, step time: 0.03238
epoch: [13], step: [840/1543], batch loss: 0.22422, batch accuracy: 83.33, data load time: 0.28479, step time: 0.04087
epoch: [13], step: [940/1543], batch loss: 0.12777, batch accuracy: 86.48, data load time: 0.31151, step time: 0.02963
epoch: [13], step: [1040/1543], batch loss: 0.16904, batch accuracy: 84.80, data load time: 0.27472, step time: 0.03309
epoch: [13], step: [1140/1543], batch loss: 0.18429, batch accuracy: 88.96, data load time: 0.27734, step time: 0.03667
epoch: [13], step: [1240/1543], batch loss: 0.19735, batch accuracy: 83.44, data load time: 0.26128, step time: 0.03379
epoch: [13], step: [1340/1543], batch loss: 0.16459, batch accuracy: 88.88, data load time: 0.23635, step time: 0.03588
epoch: [13], step: [1440/1543], batch loss: 0.16577, batch accuracy: 88.40, data load time: 0.31409, step time: 0.03677
epoch: [13], step: [1540/1543], batch loss: 0.16903, batch accuracy: 87.89, data load time: 0.32095, step time: 0.03239
epoch: [14], step: [97/1543], batch loss: 0.14705, batch accuracy: 71.03, data load time: 0.24251, step time: 0.02963
epoch: [14], step: [197/1543], batch loss: 0.18738, batch accuracy: 78.22, data load time: 0.23098, step time: 0.03485
epoch: [14], step: [297/1543], batch loss: 0.11551, batch accuracy: 87.31, data load time: 0.25496, step time: 0.02942
epoch: [14], step: [397/1543], batch loss: 0.14700, batch accuracy: 90.79, data load time: 0.29121, step time: 0.03545
epoch: [14], step: [497/1543], batch loss: 0.19956, batch accuracy: 79.68, data load time: 0.27546, step time: 0.03453
epoch: [14], step: [597/1543], batch loss: 0.14034, batch accuracy: 85.26, data load time: 0.34437, step time: 0.03464
epoch: [14], step: [697/1543], batch loss: 0.20286, batch accuracy: 81.56, data load time: 0.23335, step time: 0.03613
epoch: [14], step: [797/1543], batch loss: 0.14809, batch accuracy: 87.67, data load time: 0.24046, step time: 0.03316
epoch: [14], step: [897/1543], batch loss: 0.18129, batch accuracy: 92.20, data load time: 0.25309, step time: 0.03759
epoch: [14], step: [997/1543], batch loss: 0.14876, batch accuracy: 87.38, data load time: 0.27800, step time: 0.03589
epoch: [14], step: [1097/1543], batch loss: 0.19961, batch accuracy: 75.02, data load time: 0.26388, step time: 0.03112
epoch: [14], step: [1197/1543], batch loss: 0.18136, batch accuracy: 80.61, data load time: 0.29215, step time: 0.03235
epoch: [14], step: [1297/1543], batch loss: 0.16609, batch accuracy: 86.10, data load time: 0.23471, step time: 0.03669
epoch: [14], step: [1397/1543], batch loss: 0.18286, batch accuracy: 86.56, data load time: 0.25925, step time: 0.03595
epoch: [14], step: [1497/1543], batch loss: 0.13610, batch accuracy: 88.07, data load time: 0.31764, step time: 0.03459
EVALUATION METRICS:
-------------------------------------------------------------

Validation: AUC Score: 0.7933

-------------------------------------------------------------
validation loss: 0.21518, accuracy: 79.33
epoch: [15], step: [54/1543], batch loss: 0.18612, batch accuracy: 90.20, data load time: 0.22280, step time: 0.03789
epoch: [15], step: [154/1543], batch loss: 0.15773, batch accuracy: 86.67, data load time: 0.21805, step time: 0.03480
epoch: [15], step: [254/1543], batch loss: 0.16465, batch accuracy: 80.99, data load time: 0.15298, step time: 0.03309
epoch: [15], step: [354/1543], batch loss: 0.15002, batch accuracy: 93.54, data load time: 0.21951, step time: 0.03665
epoch: [15], step: [454/1543], batch loss: 0.18057, batch accuracy: 89.47, data load time: 0.21162, step time: 0.03660
epoch: [15], step: [554/1543], batch loss: 0.16467, batch accuracy: 85.45, data load time: 0.25737, step time: 0.03380
epoch: [15], step: [654/1543], batch loss: 0.20168, batch accuracy: 84.69, data load time: 0.21365, step time: 0.03514
epoch: [15], step: [754/1543], batch loss: 0.17385, batch accuracy: 78.08, data load time: 0.32773, step time: 0.03296
epoch: [15], step: [854/1543], batch loss: 0.17321, batch accuracy: 85.93, data load time: 0.23374, step time: 0.03503
epoch: [15], step: [954/1543], batch loss: 0.13927, batch accuracy: 82.10, data load time: 0.25896, step time: 0.03102
epoch: [15], step: [1054/1543], batch loss: 0.17921, batch accuracy: 82.27, data load time: 0.23809, step time: 0.03317
epoch: [15], step: [1154/1543], batch loss: 0.16070, batch accuracy: 78.82, data load time: 0.20208, step time: 0.03180
epoch: [15], step: [1254/1543], batch loss: 0.19245, batch accuracy: 85.48, data load time: 0.24317, step time: 0.03663
epoch: [15], step: [1354/1543], batch loss: 0.18287, batch accuracy: 84.46, data load time: 0.20873, step time: 0.03382
epoch: [15], step: [1454/1543], batch loss: 0.17794, batch accuracy: 86.17, data load time: 0.19348, step time: 0.03316
epoch: [16], step: [11/1543], batch loss: 0.16601, batch accuracy: 87.43, data load time: 0.16741, step time: 0.03635
epoch: [16], step: [111/1543], batch loss: 0.16453, batch accuracy: 83.86, data load time: 0.21252, step time: 0.03380
epoch: [16], step: [211/1543], batch loss: 0.17599, batch accuracy: 85.51, data load time: 0.21513, step time: 0.03639
epoch: [16], step: [311/1543], batch loss: 0.16418, batch accuracy: 83.36, data load time: 0.20086, step time: 0.03661
epoch: [16], step: [411/1543], batch loss: 0.17923, batch accuracy: 75.74, data load time: 0.29485, step time: 0.03021
epoch: [16], step: [511/1543], batch loss: 0.15290, batch accuracy: 84.65, data load time: 0.21925, step time: 0.03380
epoch: [16], step: [611/1543], batch loss: 0.12820, batch accuracy: 83.06, data load time: 0.21514, step time: 0.03261
epoch: [16], step: [711/1543], batch loss: 0.15704, batch accuracy: 79.96, data load time: 0.29454, step time: 0.02943
epoch: [16], step: [811/1543], batch loss: 0.15517, batch accuracy: 87.89, data load time: 0.26398, step time: 0.03579
epoch: [16], step: [911/1543], batch loss: 0.15875, batch accuracy: 87.96, data load time: 0.23429, step time: 0.03299
epoch: [16], step: [1011/1543], batch loss: 0.21051, batch accuracy: 82.76, data load time: 0.25658, step time: 0.03798
epoch: [16], step: [1111/1543], batch loss: 0.13070, batch accuracy: 84.84, data load time: 0.24395, step time: 0.03157
epoch: [16], step: [1211/1543], batch loss: 0.12582, batch accuracy: 92.10, data load time: 0.29110, step time: 0.03379
epoch: [16], step: [1311/1543], batch loss: 0.13632, batch accuracy: 87.77, data load time: 0.23528, step time: 0.03163
epoch: [16], step: [1411/1543], batch loss: 0.16101, batch accuracy: 77.98, data load time: 0.26865, step time: 0.03082
epoch: [16], step: [1511/1543], batch loss: 0.17215, batch accuracy: 80.76, data load time: 0.24870, step time: 0.03249
epoch: [17], step: [68/1543], batch loss: 0.18299, batch accuracy: 76.48, data load time: 0.17170, step time: 0.03095
epoch: [17], step: [168/1543], batch loss: 0.13714, batch accuracy: 85.69, data load time: 0.12281, step time: 0.03154
epoch: [17], step: [268/1543], batch loss: 0.17276, batch accuracy: 81.43, data load time: 0.15275, step time: 0.03249
epoch: [17], step: [368/1543], batch loss: 0.13186, batch accuracy: 90.05, data load time: 0.23104, step time: 0.03159
epoch: [17], step: [468/1543], batch loss: 0.11861, batch accuracy: 92.77, data load time: 0.17536, step time: 0.03109
epoch: [17], step: [568/1543], batch loss: 0.19467, batch accuracy: 82.31, data load time: 0.20636, step time: 0.03385
epoch: [17], step: [668/1543], batch loss: 0.19511, batch accuracy: 80.29, data load time: 0.25384, step time: 0.03383
epoch: [17], step: [768/1543], batch loss: 0.17255, batch accuracy: 83.11, data load time: 0.20700, step time: 0.03301
epoch: [17], step: [868/1543], batch loss: 0.15340, batch accuracy: 85.71, data load time: 0.26839, step time: 0.03225
epoch: [17], step: [968/1543], batch loss: 0.21013, batch accuracy: 80.95, data load time: 0.18062, step time: 0.03680
epoch: [17], step: [1068/1543], batch loss: 0.15475, batch accuracy: 92.22, data load time: 0.24143, step time: 0.03692
epoch: [17], step: [1168/1543], batch loss: 0.19020, batch accuracy: 87.67, data load time: 0.26848, step time: 0.03607
epoch: [17], step: [1268/1543], batch loss: 0.14249, batch accuracy: 88.60, data load time: 0.23664, step time: 0.03241
epoch: [17], step: [1368/1543], batch loss: 0.18908, batch accuracy: 85.68, data load time: 0.22886, step time: 0.03651
epoch: [17], step: [1468/1543], batch loss: 0.25208, batch accuracy: 76.21, data load time: 0.31902, step time: 0.04079
epoch: [18], step: [25/1543], batch loss: 0.15598, batch accuracy: 90.51, data load time: 0.23159, step time: 0.03645
epoch: [18], step: [125/1543], batch loss: 0.14058, batch accuracy: 91.91, data load time: 0.14912, step time: 0.03393
epoch: [18], step: [225/1543], batch loss: 0.17112, batch accuracy: 91.88, data load time: 0.21979, step time: 0.03328
epoch: [18], step: [325/1543], batch loss: 0.14352, batch accuracy: 91.87, data load time: 0.20298, step time: 0.03417
epoch: [18], step: [425/1543], batch loss: 0.15949, batch accuracy: 78.93, data load time: 0.23458, step time: 0.03112
epoch: [18], step: [525/1543], batch loss: 0.16186, batch accuracy: 78.95, data load time: 0.21687, step time: 0.03128
epoch: [18], step: [625/1543], batch loss: 0.12630, batch accuracy: 87.05, data load time: 0.22951, step time: 0.02955
epoch: [18], step: [725/1543], batch loss: 0.16219, batch accuracy: 82.56, data load time: 0.23852, step time: 0.03112
epoch: [18], step: [825/1543], batch loss: 0.22090, batch accuracy: 77.14, data load time: 0.32140, step time: 0.03456
epoch: [18], step: [925/1543], batch loss: 0.20762, batch accuracy: 82.62, data load time: 0.22196, step time: 0.03758
epoch: [18], step: [1025/1543], batch loss: 0.15240, batch accuracy: 88.73, data load time: 0.22948, step time: 0.03619
epoch: [18], step: [1125/1543], batch loss: 0.16633, batch accuracy: 85.39, data load time: 0.28450, step time: 0.03459
epoch: [18], step: [1225/1543], batch loss: 0.18563, batch accuracy: 83.23, data load time: 0.23609, step time: 0.03397
epoch: [18], step: [1325/1543], batch loss: 0.15778, batch accuracy: 87.95, data load time: 0.23631, step time: 0.03392
epoch: [18], step: [1425/1543], batch loss: 0.14352, batch accuracy: 85.12, data load time: 0.25285, step time: 0.03340
epoch: [18], step: [1525/1543], batch loss: 0.17256, batch accuracy: 86.02, data load time: 0.31793, step time: 0.03579
epoch: [19], step: [82/1543], batch loss: 0.18973, batch accuracy: 77.10, data load time: 0.20906, step time: 0.03454
epoch: [19], step: [182/1543], batch loss: 0.15694, batch accuracy: 81.34, data load time: 0.22150, step time: 0.03694
epoch: [19], step: [282/1543], batch loss: 0.16820, batch accuracy: 81.52, data load time: 0.21075, step time: 0.03402
epoch: [19], step: [382/1543], batch loss: 0.14542, batch accuracy: 90.87, data load time: 0.24115, step time: 0.03119
epoch: [19], step: [482/1543], batch loss: 0.11852, batch accuracy: 88.61, data load time: 0.21215, step time: 0.02953
epoch: [19], step: [582/1543], batch loss: 0.17815, batch accuracy: 79.00, data load time: 0.26175, step time: 0.03450
epoch: [19], step: [682/1543], batch loss: 0.24148, batch accuracy: 65.61, data load time: 0.23776, step time: 0.03530
epoch: [19], step: [782/1543], batch loss: 0.17041, batch accuracy: 88.96, data load time: 0.25736, step time: 0.03452
epoch: [19], step: [882/1543], batch loss: 0.17108, batch accuracy: 84.91, data load time: 0.26783, step time: 0.03734
epoch: [19], step: [982/1543], batch loss: 0.18315, batch accuracy: 82.93, data load time: 0.24683, step time: 0.03578
epoch: [19], step: [1082/1543], batch loss: 0.14234, batch accuracy: 92.82, data load time: 0.28916, step time: 0.03399
epoch: [19], step: [1182/1543], batch loss: 0.12386, batch accuracy: 89.68, data load time: 0.26370, step time: 0.03388
epoch: [19], step: [1282/1543], batch loss: 0.16441, batch accuracy: 88.68, data load time: 0.32446, step time: 0.03743
epoch: [19], step: [1382/1543], batch loss: 0.17650, batch accuracy: 79.94, data load time: 0.22680, step time: 0.03317
epoch: [19], step: [1482/1543], batch loss: 0.17882, batch accuracy: 88.33, data load time: 0.25991, step time: 0.03672
EVALUATION METRICS:
-------------------------------------------------------------

Validation: AUC Score: 0.8047

-------------------------------------------------------------
validation loss: 0.19096, accuracy: 80.47
EVALUATION METRICS:
-------------------------------------------------------------

Test: AUC Score: 0.8068

-------------------------------------------------------------
validation loss: 0.58345, accuracy: 80.68
