Loading data from /mnt/storage/scratch/ee20947/MagnaTagATune/annotations/train.pkl...
Loading data from /mnt/storage/scratch/ee20947/MagnaTagATune/annotations/train.pkl...
Loading data from /mnt/storage/scratch/ee20947/MagnaTagATune/annotations/val.pkl...
Loading data from /mnt/storage/scratch/ee20947/MagnaTagATune/annotations/test.pkl...
Writing logs to logs/CNN_sgd_momentum=0.93_learning_rate=0.2_conv_length=1024_conv_stride=512_batch_size=10_epochs=20_weight_decay=1e-05_extension=ExtraCNN_run_6
epoch: [0], step: [99/1543], batch loss: 0.21080, batch accuracy: 70.83, data load time: 0.21110, step time: 0.03416
epoch: [0], step: [199/1543], batch loss: 0.22411, batch accuracy: 73.72, data load time: 0.29127, step time: 0.03183
epoch: [0], step: [299/1543], batch loss: 0.21282, batch accuracy: 68.36, data load time: 0.28896, step time: 0.03329
epoch: [0], step: [399/1543], batch loss: 0.15176, batch accuracy: 67.19, data load time: 0.25313, step time: 0.02995
epoch: [0], step: [499/1543], batch loss: 0.24144, batch accuracy: 67.59, data load time: 0.24547, step time: 0.03821
epoch: [0], step: [599/1543], batch loss: 0.19821, batch accuracy: 66.46, data load time: 0.22840, step time: 0.03383
epoch: [0], step: [699/1543], batch loss: 0.20585, batch accuracy: 72.56, data load time: 0.29059, step time: 0.03536
epoch: [0], step: [799/1543], batch loss: 0.21456, batch accuracy: 78.28, data load time: 0.22831, step time: 0.05679
epoch: [0], step: [899/1543], batch loss: 0.19093, batch accuracy: 91.23, data load time: 0.22925, step time: 0.03810
epoch: [0], step: [999/1543], batch loss: 0.16819, batch accuracy: 80.90, data load time: 0.26687, step time: 0.03127
epoch: [0], step: [1099/1543], batch loss: 0.21222, batch accuracy: 83.85, data load time: 0.22337, step time: 0.03443
epoch: [0], step: [1199/1543], batch loss: 0.20180, batch accuracy: 85.77, data load time: 0.18795, step time: 0.03465
epoch: [0], step: [1299/1543], batch loss: 0.14843, batch accuracy: 84.91, data load time: 0.27572, step time: 0.03117
epoch: [0], step: [1399/1543], batch loss: 0.16375, batch accuracy: 86.10, data load time: 0.27179, step time: 0.03419
epoch: [0], step: [1499/1543], batch loss: 0.18498, batch accuracy: 78.98, data load time: 0.18914, step time: 0.04992
epoch: [1], step: [56/1543], batch loss: 0.22391, batch accuracy: 72.67, data load time: 0.19739, step time: 0.03565
epoch: [1], step: [156/1543], batch loss: 0.14991, batch accuracy: 78.38, data load time: 0.14690, step time: 0.02984
epoch: [1], step: [256/1543], batch loss: 0.20670, batch accuracy: 75.13, data load time: 0.25881, step time: 0.03394
epoch: [1], step: [356/1543], batch loss: 0.19118, batch accuracy: 84.39, data load time: 0.29852, step time: 0.03547
epoch: [1], step: [456/1543], batch loss: 0.19400, batch accuracy: 83.85, data load time: 0.21672, step time: 0.03282
epoch: [1], step: [556/1543], batch loss: 0.18217, batch accuracy: 67.54, data load time: 0.26486, step time: 0.03199
epoch: [1], step: [656/1543], batch loss: 0.18678, batch accuracy: 79.26, data load time: 0.30521, step time: 0.06121
epoch: [1], step: [756/1543], batch loss: 0.14881, batch accuracy: 82.89, data load time: 0.28342, step time: 0.03263
epoch: [1], step: [856/1543], batch loss: 0.16577, batch accuracy: 69.73, data load time: 0.29251, step time: 0.02997
epoch: [1], step: [956/1543], batch loss: 0.15649, batch accuracy: 73.29, data load time: 0.31662, step time: 0.03028
epoch: [1], step: [1056/1543], batch loss: 0.22506, batch accuracy: 77.22, data load time: 0.29610, step time: 0.03814
epoch: [1], step: [1156/1543], batch loss: 0.14819, batch accuracy: 80.74, data load time: 0.26478, step time: 0.02995
epoch: [1], step: [1256/1543], batch loss: 0.17078, batch accuracy: 84.25, data load time: 0.36390, step time: 0.03390
epoch: [1], step: [1356/1543], batch loss: 0.15124, batch accuracy: 85.98, data load time: 0.24467, step time: 0.03048
epoch: [1], step: [1456/1543], batch loss: 0.18904, batch accuracy: 85.65, data load time: 0.28542, step time: 0.03497
epoch: [2], step: [13/1543], batch loss: 0.15892, batch accuracy: 88.86, data load time: 0.27457, step time: 0.03289
epoch: [2], step: [113/1543], batch loss: 0.17368, batch accuracy: 79.51, data load time: 0.22417, step time: 0.03339
epoch: [2], step: [213/1543], batch loss: 0.20092, batch accuracy: 79.49, data load time: 0.31122, step time: 0.03479
epoch: [2], step: [313/1543], batch loss: 0.16527, batch accuracy: 78.30, data load time: 0.29430, step time: 0.03297
epoch: [2], step: [413/1543], batch loss: 0.21380, batch accuracy: 79.98, data load time: 0.26084, step time: 0.03404
epoch: [2], step: [513/1543], batch loss: 0.18651, batch accuracy: 82.17, data load time: 0.25974, step time: 0.03450
epoch: [2], step: [613/1543], batch loss: 0.20328, batch accuracy: 75.85, data load time: 0.25150, step time: 0.03256
epoch: [2], step: [713/1543], batch loss: 0.15105, batch accuracy: 80.63, data load time: 0.31334, step time: 0.03161
epoch: [2], step: [813/1543], batch loss: 0.15912, batch accuracy: 74.04, data load time: 0.30522, step time: 0.03156
epoch: [2], step: [913/1543], batch loss: 0.25665, batch accuracy: 63.12, data load time: 0.23228, step time: 0.03343
epoch: [2], step: [1013/1543], batch loss: 0.18132, batch accuracy: 88.75, data load time: 0.22831, step time: 0.03619
epoch: [2], step: [1113/1543], batch loss: 0.17722, batch accuracy: 86.34, data load time: 0.29768, step time: 0.03558
epoch: [2], step: [1213/1543], batch loss: 0.16034, batch accuracy: 81.56, data load time: 0.26099, step time: 0.03076
epoch: [2], step: [1313/1543], batch loss: 0.19333, batch accuracy: 80.85, data load time: 0.30821, step time: 0.03343
epoch: [2], step: [1413/1543], batch loss: 0.24100, batch accuracy: 67.86, data load time: 0.39953, step time: 0.03339
epoch: [2], step: [1513/1543], batch loss: 0.21127, batch accuracy: 76.74, data load time: 0.21263, step time: 0.03743
epoch: [3], step: [70/1543], batch loss: 0.20153, batch accuracy: 83.68, data load time: 0.22971, step time: 0.03695
epoch: [3], step: [170/1543], batch loss: 0.17340, batch accuracy: 78.59, data load time: 0.20794, step time: 0.03415
epoch: [3], step: [270/1543], batch loss: 0.24322, batch accuracy: 69.50, data load time: 0.32478, step time: 0.03687
epoch: [3], step: [370/1543], batch loss: 0.18332, batch accuracy: 74.51, data load time: 0.36664, step time: 0.03399
epoch: [3], step: [470/1543], batch loss: 0.13511, batch accuracy: 91.57, data load time: 0.22470, step time: 0.03338
epoch: [3], step: [570/1543], batch loss: 0.18089, batch accuracy: 81.21, data load time: 0.25303, step time: 0.03565
epoch: [3], step: [670/1543], batch loss: 0.22118, batch accuracy: 75.55, data load time: 0.32786, step time: 0.03475
epoch: [3], step: [770/1543], batch loss: 0.21316, batch accuracy: 81.17, data load time: 0.28594, step time: 0.03755
epoch: [3], step: [870/1543], batch loss: 0.14861, batch accuracy: 89.90, data load time: 0.23209, step time: 0.03122
epoch: [3], step: [970/1543], batch loss: 0.16029, batch accuracy: 84.76, data load time: 0.21893, step time: 0.03198
epoch: [3], step: [1070/1543], batch loss: 0.20616, batch accuracy: 76.43, data load time: 0.24768, step time: 0.03324
epoch: [3], step: [1170/1543], batch loss: 0.20950, batch accuracy: 74.75, data load time: 0.21921, step time: 0.03346
epoch: [3], step: [1270/1543], batch loss: 0.17322, batch accuracy: 75.97, data load time: 0.23881, step time: 0.03271
epoch: [3], step: [1370/1543], batch loss: 0.16180, batch accuracy: 75.23, data load time: 0.25567, step time: 0.02988
epoch: [3], step: [1470/1543], batch loss: 0.16838, batch accuracy: 83.20, data load time: 0.25366, step time: 0.03209
epoch: [4], step: [27/1543], batch loss: 0.18371, batch accuracy: 88.64, data load time: 0.30987, step time: 0.03892
epoch: [4], step: [127/1543], batch loss: 0.18272, batch accuracy: 86.43, data load time: 0.12870, step time: 0.03745
epoch: [4], step: [227/1543], batch loss: 0.15107, batch accuracy: 86.95, data load time: 0.16233, step time: 0.03128
epoch: [4], step: [327/1543], batch loss: 0.16988, batch accuracy: 85.05, data load time: 0.13760, step time: 0.03060
epoch: [4], step: [427/1543], batch loss: 0.18012, batch accuracy: 84.01, data load time: 0.22849, step time: 0.03140
epoch: [4], step: [527/1543], batch loss: 0.21460, batch accuracy: 81.86, data load time: 0.20247, step time: 0.03888
epoch: [4], step: [627/1543], batch loss: 0.16570, batch accuracy: 75.81, data load time: 0.23468, step time: 0.03073
epoch: [4], step: [727/1543], batch loss: 0.22773, batch accuracy: 73.08, data load time: 0.34917, step time: 0.03645
epoch: [4], step: [827/1543], batch loss: 0.17954, batch accuracy: 71.87, data load time: 0.25621, step time: 0.03219
epoch: [4], step: [927/1543], batch loss: 0.16424, batch accuracy: 88.31, data load time: 0.29630, step time: 0.03619
epoch: [4], step: [1027/1543], batch loss: 0.19016, batch accuracy: 81.25, data load time: 0.26902, step time: 0.03732
epoch: [4], step: [1127/1543], batch loss: 0.19648, batch accuracy: 62.43, data load time: 0.26330, step time: 0.03183
epoch: [4], step: [1227/1543], batch loss: 0.17691, batch accuracy: 70.86, data load time: 0.20150, step time: 0.02917
epoch: [4], step: [1327/1543], batch loss: 0.21810, batch accuracy: 77.88, data load time: 0.28483, step time: 0.03696
epoch: [4], step: [1427/1543], batch loss: 0.17898, batch accuracy: 87.30, data load time: 0.25226, step time: 0.03230
epoch: [4], step: [1527/1543], batch loss: 0.15921, batch accuracy: 81.16, data load time: 0.28690, step time: 0.03084
EVALUATION METRICS:
-------------------------------------------------------------

Validation: AUC Score: 0.8056

-------------------------------------------------------------
validation loss: 0.17868, accuracy: 80.56
epoch: [5], step: [84/1543], batch loss: 0.14460, batch accuracy: 88.75, data load time: 0.15256, step time: 0.03416
epoch: [5], step: [184/1543], batch loss: 0.15212, batch accuracy: 84.58, data load time: 0.15307, step time: 0.02916
epoch: [5], step: [284/1543], batch loss: 0.26406, batch accuracy: 77.27, data load time: 0.17233, step time: 0.03987
epoch: [5], step: [384/1543], batch loss: 0.20179, batch accuracy: 81.34, data load time: 0.11468, step time: 0.03410
epoch: [5], step: [484/1543], batch loss: 0.20966, batch accuracy: 70.03, data load time: 0.15874, step time: 0.03349
epoch: [5], step: [584/1543], batch loss: 0.18226, batch accuracy: 85.54, data load time: 0.16857, step time: 0.03824
epoch: [5], step: [684/1543], batch loss: 0.15469, batch accuracy: 85.95, data load time: 0.19393, step time: 0.03206
epoch: [5], step: [784/1543], batch loss: 0.18117, batch accuracy: 79.34, data load time: 0.12463, step time: 0.03347
epoch: [5], step: [884/1543], batch loss: 0.18760, batch accuracy: 82.66, data load time: 0.20590, step time: 0.03622
epoch: [5], step: [984/1543], batch loss: 0.17668, batch accuracy: 87.22, data load time: 0.18192, step time: 0.03421
epoch: [5], step: [1084/1543], batch loss: 0.20237, batch accuracy: 79.11, data load time: 0.20633, step time: 0.03417
epoch: [5], step: [1184/1543], batch loss: 0.18776, batch accuracy: 86.38, data load time: 0.22320, step time: 0.03640
epoch: [5], step: [1284/1543], batch loss: 0.18588, batch accuracy: 80.93, data load time: 0.25427, step time: 0.03495
epoch: [5], step: [1384/1543], batch loss: 0.22783, batch accuracy: 81.83, data load time: 0.32297, step time: 0.03757
epoch: [5], step: [1484/1543], batch loss: 0.19659, batch accuracy: 81.03, data load time: 0.27450, step time: 0.03481
epoch: [6], step: [41/1543], batch loss: 0.13519, batch accuracy: 90.71, data load time: 0.23317, step time: 0.03140
epoch: [6], step: [141/1543], batch loss: 0.18224, batch accuracy: 83.91, data load time: 0.27706, step time: 0.03537
epoch: [6], step: [241/1543], batch loss: 0.16873, batch accuracy: 83.59, data load time: 0.25770, step time: 0.03419
epoch: [6], step: [341/1543], batch loss: 0.14724, batch accuracy: 83.20, data load time: 0.28693, step time: 0.03356
epoch: [6], step: [441/1543], batch loss: 0.16627, batch accuracy: 80.42, data load time: 0.27811, step time: 0.03140
epoch: [6], step: [541/1543], batch loss: 0.15829, batch accuracy: 88.02, data load time: 0.26073, step time: 0.03279
epoch: [6], step: [641/1543], batch loss: 0.17423, batch accuracy: 76.06, data load time: 0.23684, step time: 0.03271
epoch: [6], step: [741/1543], batch loss: 0.16959, batch accuracy: 88.98, data load time: 0.27445, step time: 0.03492
epoch: [6], step: [841/1543], batch loss: 0.20426, batch accuracy: 79.29, data load time: 0.25401, step time: 0.03413
epoch: [6], step: [941/1543], batch loss: 0.17942, batch accuracy: 85.38, data load time: 0.16872, step time: 0.03491
epoch: [6], step: [1041/1543], batch loss: 0.13724, batch accuracy: 81.36, data load time: 0.26455, step time: 0.02717
epoch: [6], step: [1141/1543], batch loss: 0.18214, batch accuracy: 82.03, data load time: 0.26949, step time: 0.03765
epoch: [6], step: [1241/1543], batch loss: 0.16329, batch accuracy: 83.75, data load time: 0.23885, step time: 0.03532
epoch: [6], step: [1341/1543], batch loss: 0.18350, batch accuracy: 73.34, data load time: 0.25002, step time: 0.03262
epoch: [6], step: [1441/1543], batch loss: 0.15499, batch accuracy: 83.99, data load time: 0.17680, step time: 0.03281
epoch: [6], step: [1541/1543], batch loss: 0.15896, batch accuracy: 82.32, data load time: 0.26162, step time: 0.03490
epoch: [7], step: [98/1543], batch loss: 0.15636, batch accuracy: 72.64, data load time: 0.25105, step time: 0.03011
epoch: [7], step: [198/1543], batch loss: 0.17941, batch accuracy: 76.99, data load time: 0.18682, step time: 0.03818
epoch: [7], step: [298/1543], batch loss: 0.17387, batch accuracy: 86.46, data load time: 0.17480, step time: 0.03197
epoch: [7], step: [398/1543], batch loss: 0.17217, batch accuracy: 83.14, data load time: 0.25515, step time: 0.03581
epoch: [7], step: [498/1543], batch loss: 0.13844, batch accuracy: 78.99, data load time: 0.20935, step time: 0.02995
epoch: [7], step: [598/1543], batch loss: 0.16881, batch accuracy: 80.01, data load time: 0.25354, step time: 0.03482
epoch: [7], step: [698/1543], batch loss: 0.17276, batch accuracy: 80.15, data load time: 0.24182, step time: 0.03430
epoch: [7], step: [798/1543], batch loss: 0.12695, batch accuracy: 87.25, data load time: 0.27845, step time: 0.03204
epoch: [7], step: [898/1543], batch loss: 0.21105, batch accuracy: 81.75, data load time: 0.22532, step time: 0.03898
epoch: [7], step: [998/1543], batch loss: 0.18710, batch accuracy: 83.76, data load time: 0.22848, step time: 0.03703
epoch: [7], step: [1098/1543], batch loss: 0.16931, batch accuracy: 89.04, data load time: 0.23967, step time: 0.03415
epoch: [7], step: [1198/1543], batch loss: 0.18740, batch accuracy: 85.94, data load time: 0.21509, step time: 0.03427
epoch: [7], step: [1298/1543], batch loss: 0.15553, batch accuracy: 92.87, data load time: 0.22185, step time: 0.03350
epoch: [7], step: [1398/1543], batch loss: 0.18265, batch accuracy: 82.60, data load time: 0.24257, step time: 0.03353
epoch: [7], step: [1498/1543], batch loss: 0.15576, batch accuracy: 83.12, data load time: 0.24689, step time: 0.03492
epoch: [8], step: [55/1543], batch loss: 0.16714, batch accuracy: 86.89, data load time: 0.24384, step time: 0.03299
epoch: [8], step: [155/1543], batch loss: 0.15338, batch accuracy: 87.21, data load time: 0.23208, step time: 0.03300
epoch: [8], step: [255/1543], batch loss: 0.19808, batch accuracy: 83.47, data load time: 0.27772, step time: 0.03575
epoch: [8], step: [355/1543], batch loss: 0.18539, batch accuracy: 78.34, data load time: 0.25000, step time: 0.03429
epoch: [8], step: [455/1543], batch loss: 0.16798, batch accuracy: 87.00, data load time: 0.22039, step time: 0.03473
epoch: [8], step: [555/1543], batch loss: 0.14911, batch accuracy: 84.17, data load time: 0.26869, step time: 0.03274
epoch: [8], step: [655/1543], batch loss: 0.19756, batch accuracy: 74.00, data load time: 0.24256, step time: 0.03548
epoch: [8], step: [755/1543], batch loss: 0.11862, batch accuracy: 92.52, data load time: 0.25363, step time: 0.03140
epoch: [8], step: [855/1543], batch loss: 0.21541, batch accuracy: 87.17, data load time: 0.26671, step time: 0.03902
epoch: [8], step: [955/1543], batch loss: 0.13887, batch accuracy: 90.24, data load time: 0.18249, step time: 0.03268
epoch: [8], step: [1055/1543], batch loss: 0.20158, batch accuracy: 73.98, data load time: 0.24154, step time: 0.03698
epoch: [8], step: [1155/1543], batch loss: 0.16327, batch accuracy: 82.44, data load time: 0.25942, step time: 0.03493
epoch: [8], step: [1255/1543], batch loss: 0.19306, batch accuracy: 90.18, data load time: 0.22094, step time: 0.04107
epoch: [8], step: [1355/1543], batch loss: 0.19602, batch accuracy: 83.33, data load time: 0.23469, step time: 0.03555
epoch: [8], step: [1455/1543], batch loss: 0.19842, batch accuracy: 86.94, data load time: 0.24760, step time: 0.03734
epoch: [9], step: [12/1543], batch loss: 0.17013, batch accuracy: 85.36, data load time: 0.16692, step time: 0.03478
epoch: [9], step: [112/1543], batch loss: 0.18171, batch accuracy: 86.15, data load time: 0.22766, step time: 0.03496
epoch: [9], step: [212/1543], batch loss: 0.14117, batch accuracy: 88.10, data load time: 0.26047, step time: 0.03223
epoch: [9], step: [312/1543], batch loss: 0.15275, batch accuracy: 88.54, data load time: 0.24205, step time: 0.03422
epoch: [9], step: [412/1543], batch loss: 0.18107, batch accuracy: 80.21, data load time: 0.25831, step time: 0.03274
epoch: [9], step: [512/1543], batch loss: 0.20020, batch accuracy: 75.52, data load time: 0.25335, step time: 0.03498
epoch: [9], step: [612/1543], batch loss: 0.16253, batch accuracy: 86.71, data load time: 0.25791, step time: 0.03441
epoch: [9], step: [712/1543], batch loss: 0.15713, batch accuracy: 90.33, data load time: 0.23293, step time: 0.03639
epoch: [9], step: [812/1543], batch loss: 0.16068, batch accuracy: 84.25, data load time: 0.25322, step time: 0.03213
epoch: [9], step: [912/1543], batch loss: 0.14432, batch accuracy: 92.63, data load time: 0.30762, step time: 0.03522
epoch: [9], step: [1012/1543], batch loss: 0.13519, batch accuracy: 88.58, data load time: 0.22679, step time: 0.03150
epoch: [9], step: [1112/1543], batch loss: 0.14600, batch accuracy: 91.71, data load time: 0.27582, step time: 0.03428
epoch: [9], step: [1212/1543], batch loss: 0.14364, batch accuracy: 94.60, data load time: 0.33832, step time: 0.03494
epoch: [9], step: [1312/1543], batch loss: 0.15750, batch accuracy: 79.73, data load time: 0.25041, step time: 0.03070
epoch: [9], step: [1412/1543], batch loss: 0.14959, batch accuracy: 80.47, data load time: 0.29555, step time: 0.03065
epoch: [9], step: [1512/1543], batch loss: 0.14910, batch accuracy: 67.08, data load time: 0.22638, step time: 0.02852
EVALUATION METRICS:
-------------------------------------------------------------

Validation: AUC Score: 0.5000

-------------------------------------------------------------
validation loss: 9.84903, accuracy: 50.00
epoch: [10], step: [69/1543], batch loss: 0.21034, batch accuracy: 87.70, data load time: 0.22565, step time: 0.03779
epoch: [10], step: [169/1543], batch loss: 0.21154, batch accuracy: 74.84, data load time: 0.28131, step time: 0.03785
epoch: [10], step: [269/1543], batch loss: 0.14506, batch accuracy: 83.92, data load time: 0.24691, step time: 0.03421
epoch: [10], step: [369/1543], batch loss: 0.22025, batch accuracy: 79.61, data load time: 0.20823, step time: 0.03561
epoch: [10], step: [469/1543], batch loss: 0.20195, batch accuracy: 75.72, data load time: 0.22522, step time: 0.03483
epoch: [10], step: [569/1543], batch loss: 0.11630, batch accuracy: 93.42, data load time: 0.27271, step time: 0.03203
epoch: [10], step: [669/1543], batch loss: 0.21978, batch accuracy: 79.93, data load time: 0.22640, step time: 0.03479
epoch: [10], step: [769/1543], batch loss: 0.18178, batch accuracy: 79.66, data load time: 0.25802, step time: 0.03351
epoch: [10], step: [869/1543], batch loss: 0.13459, batch accuracy: 92.92, data load time: 0.23662, step time: 0.03491
epoch: [10], step: [969/1543], batch loss: 0.13666, batch accuracy: 84.80, data load time: 0.21696, step time: 0.02979
epoch: [10], step: [1069/1543], batch loss: 0.15324, batch accuracy: 92.33, data load time: 0.21960, step time: 0.03394
epoch: [10], step: [1169/1543], batch loss: 0.25847, batch accuracy: 76.34, data load time: 0.23939, step time: 0.03323
epoch: [10], step: [1269/1543], batch loss: 0.16940, batch accuracy: 79.78, data load time: 0.23616, step time: 0.03123
epoch: [10], step: [1369/1543], batch loss: 0.15060, batch accuracy: 87.15, data load time: 0.26143, step time: 0.02999
epoch: [10], step: [1469/1543], batch loss: 0.14711, batch accuracy: 88.70, data load time: 0.17244, step time: 0.03322
epoch: [11], step: [26/1543], batch loss: 0.19388, batch accuracy: 85.66, data load time: 0.23068, step time: 0.03705
epoch: [11], step: [126/1543], batch loss: 0.15467, batch accuracy: 90.20, data load time: 0.29754, step time: 0.03364
epoch: [11], step: [226/1543], batch loss: 0.17474, batch accuracy: 85.75, data load time: 0.28036, step time: 0.03559
epoch: [11], step: [326/1543], batch loss: 0.16734, batch accuracy: 77.66, data load time: 0.19762, step time: 0.03393
epoch: [11], step: [426/1543], batch loss: 0.25500, batch accuracy: 73.98, data load time: 0.24069, step time: 0.03359
epoch: [11], step: [526/1543], batch loss: 0.16812, batch accuracy: 87.56, data load time: 0.27279, step time: 0.03491
epoch: [11], step: [626/1543], batch loss: 0.18514, batch accuracy: 77.57, data load time: 0.22310, step time: 0.03370
epoch: [11], step: [726/1543], batch loss: 0.16299, batch accuracy: 82.61, data load time: 0.24118, step time: 0.03370
epoch: [11], step: [826/1543], batch loss: 0.13406, batch accuracy: 88.23, data load time: 0.25081, step time: 0.03449
epoch: [11], step: [926/1543], batch loss: 0.15185, batch accuracy: 82.78, data load time: 0.19175, step time: 0.03525
epoch: [11], step: [1026/1543], batch loss: 0.17384, batch accuracy: 82.74, data load time: 0.24945, step time: 0.03352
epoch: [11], step: [1126/1543], batch loss: 0.20359, batch accuracy: 83.73, data load time: 0.28527, step time: 0.03745
epoch: [11], step: [1226/1543], batch loss: 0.18266, batch accuracy: 85.96, data load time: 0.21689, step time: 0.03507
epoch: [11], step: [1326/1543], batch loss: 0.15740, batch accuracy: 87.17, data load time: 0.20012, step time: 0.03216
epoch: [11], step: [1426/1543], batch loss: 0.15985, batch accuracy: 81.91, data load time: 0.28061, step time: 0.03311
epoch: [11], step: [1526/1543], batch loss: 0.20612, batch accuracy: 79.06, data load time: 0.22904, step time: 0.03635
Epoch 00012: reducing learning rate of group 0 to 1.0000e-02.
epoch: [12], step: [83/1543], batch loss: 0.15154, batch accuracy: 91.89, data load time: 0.24707, step time: 0.03569
epoch: [12], step: [183/1543], batch loss: 0.11637, batch accuracy: 96.33, data load time: 0.24936, step time: 0.03153
epoch: [12], step: [283/1543], batch loss: 0.11413, batch accuracy: 91.36, data load time: 0.23092, step time: 0.02801
epoch: [12], step: [383/1543], batch loss: 0.18137, batch accuracy: 84.05, data load time: 0.25631, step time: 0.03292
epoch: [12], step: [483/1543], batch loss: 0.16256, batch accuracy: 79.94, data load time: 0.30309, step time: 0.03359
epoch: [12], step: [583/1543], batch loss: 0.16709, batch accuracy: 78.96, data load time: 0.26651, step time: 0.03085
epoch: [12], step: [683/1543], batch loss: 0.14840, batch accuracy: 84.33, data load time: 0.21549, step time: 0.03349
epoch: [12], step: [783/1543], batch loss: 0.16979, batch accuracy: 87.12, data load time: 0.27110, step time: 0.03225
epoch: [12], step: [883/1543], batch loss: 0.16970, batch accuracy: 88.27, data load time: 0.23842, step time: 0.03835
epoch: [12], step: [983/1543], batch loss: 0.19898, batch accuracy: 79.97, data load time: 0.25274, step time: 0.03569
epoch: [12], step: [1083/1543], batch loss: 0.14776, batch accuracy: 85.92, data load time: 0.25702, step time: 0.03289
epoch: [12], step: [1183/1543], batch loss: 0.12731, batch accuracy: 77.90, data load time: 0.26513, step time: 0.02933
epoch: [12], step: [1283/1543], batch loss: 0.16089, batch accuracy: 91.74, data load time: 0.20788, step time: 0.03361
epoch: [12], step: [1383/1543], batch loss: 0.13754, batch accuracy: 91.57, data load time: 0.29384, step time: 0.03497
epoch: [12], step: [1483/1543], batch loss: 0.15030, batch accuracy: 86.84, data load time: 0.23243, step time: 0.03589
epoch: [13], step: [40/1543], batch loss: 0.10323, batch accuracy: 93.66, data load time: 0.20375, step time: 0.03013
epoch: [13], step: [140/1543], batch loss: 0.17687, batch accuracy: 79.70, data load time: 0.23316, step time: 0.03424
epoch: [13], step: [240/1543], batch loss: 0.15914, batch accuracy: 80.83, data load time: 0.31899, step time: 0.03151
epoch: [13], step: [340/1543], batch loss: 0.17242, batch accuracy: 80.74, data load time: 0.26523, step time: 0.03645
epoch: [13], step: [440/1543], batch loss: 0.16058, batch accuracy: 85.49, data load time: 0.22607, step time: 0.03145
epoch: [13], step: [540/1543], batch loss: 0.16884, batch accuracy: 86.08, data load time: 0.28980, step time: 0.03569
epoch: [13], step: [640/1543], batch loss: 0.15013, batch accuracy: 93.33, data load time: 0.21955, step time: 0.03510
epoch: [13], step: [740/1543], batch loss: 0.20489, batch accuracy: 84.35, data load time: 0.26415, step time: 0.03711
epoch: [13], step: [840/1543], batch loss: 0.14278, batch accuracy: 80.53, data load time: 0.24529, step time: 0.03153
epoch: [13], step: [940/1543], batch loss: 0.19995, batch accuracy: 80.61, data load time: 0.29307, step time: 0.03519
epoch: [13], step: [1040/1543], batch loss: 0.18235, batch accuracy: 84.40, data load time: 0.24777, step time: 0.03502
epoch: [13], step: [1140/1543], batch loss: 0.20091, batch accuracy: 88.30, data load time: 0.24056, step time: 0.03412
epoch: [13], step: [1240/1543], batch loss: 0.19967, batch accuracy: 84.94, data load time: 0.27296, step time: 0.03614
epoch: [13], step: [1340/1543], batch loss: 0.14419, batch accuracy: 85.20, data load time: 0.28914, step time: 0.03016
epoch: [13], step: [1440/1543], batch loss: 0.15371, batch accuracy: 92.04, data load time: 0.32508, step time: 0.03551
epoch: [13], step: [1540/1543], batch loss: 0.15356, batch accuracy: 84.69, data load time: 0.24615, step time: 0.03446
epoch: [14], step: [97/1543], batch loss: 0.14194, batch accuracy: 86.02, data load time: 0.23244, step time: 0.03363
epoch: [14], step: [197/1543], batch loss: 0.14882, batch accuracy: 78.35, data load time: 0.21376, step time: 0.03050
epoch: [14], step: [297/1543], batch loss: 0.14305, batch accuracy: 89.83, data load time: 0.21988, step time: 0.03358
epoch: [14], step: [397/1543], batch loss: 0.14325, batch accuracy: 82.65, data load time: 0.27511, step time: 0.03088
epoch: [14], step: [497/1543], batch loss: 0.12388, batch accuracy: 89.87, data load time: 0.22200, step time: 0.03078
epoch: [14], step: [597/1543], batch loss: 0.14488, batch accuracy: 81.76, data load time: 0.25032, step time: 0.03349
epoch: [14], step: [697/1543], batch loss: 0.15411, batch accuracy: 84.12, data load time: 0.25485, step time: 0.03235
epoch: [14], step: [797/1543], batch loss: 0.15426, batch accuracy: 87.63, data load time: 0.23905, step time: 0.03518
epoch: [14], step: [897/1543], batch loss: 0.13011, batch accuracy: 84.55, data load time: 0.22663, step time: 0.03088
epoch: [14], step: [997/1543], batch loss: 0.12507, batch accuracy: 91.29, data load time: 0.28098, step time: 0.03375
epoch: [14], step: [1097/1543], batch loss: 0.18046, batch accuracy: 90.08, data load time: 0.23108, step time: 0.03570
epoch: [14], step: [1197/1543], batch loss: 0.16680, batch accuracy: 89.37, data load time: 0.25320, step time: 0.03215
epoch: [14], step: [1297/1543], batch loss: 0.19500, batch accuracy: 86.13, data load time: 0.30398, step time: 0.03692
epoch: [14], step: [1397/1543], batch loss: 0.16705, batch accuracy: 87.41, data load time: 0.23497, step time: 0.03633
epoch: [14], step: [1497/1543], batch loss: 0.16320, batch accuracy: 90.36, data load time: 0.22136, step time: 0.03429
EVALUATION METRICS:
-------------------------------------------------------------

Validation: AUC Score: 0.5000

-------------------------------------------------------------
validation loss: 9.84903, accuracy: 50.00
epoch: [15], step: [54/1543], batch loss: 0.21366, batch accuracy: 83.07, data load time: 0.23183, step time: 0.03703
epoch: [15], step: [154/1543], batch loss: 0.13017, batch accuracy: 84.64, data load time: 0.23982, step time: 0.03017
epoch: [15], step: [254/1543], batch loss: 0.15994, batch accuracy: 86.91, data load time: 0.19225, step time: 0.03342
epoch: [15], step: [354/1543], batch loss: 0.14671, batch accuracy: 91.36, data load time: 0.23826, step time: 0.03768
epoch: [15], step: [454/1543], batch loss: 0.16568, batch accuracy: 91.86, data load time: 0.21706, step time: 0.03616
epoch: [15], step: [554/1543], batch loss: 0.16442, batch accuracy: 85.84, data load time: 0.29279, step time: 0.03618
epoch: [15], step: [654/1543], batch loss: 0.14143, batch accuracy: 92.73, data load time: 0.29160, step time: 0.03393
epoch: [15], step: [754/1543], batch loss: 0.14820, batch accuracy: 91.54, data load time: 0.27156, step time: 0.03264
epoch: [15], step: [854/1543], batch loss: 0.20833, batch accuracy: 87.92, data load time: 0.24981, step time: 0.04063
epoch: [15], step: [954/1543], batch loss: 0.15859, batch accuracy: 84.48, data load time: 0.20719, step time: 0.03464
epoch: [15], step: [1054/1543], batch loss: 0.14948, batch accuracy: 87.81, data load time: 0.30458, step time: 0.03183
epoch: [15], step: [1154/1543], batch loss: 0.13441, batch accuracy: 93.14, data load time: 0.24645, step time: 0.03273
epoch: [15], step: [1254/1543], batch loss: 0.19983, batch accuracy: 80.41, data load time: 0.19989, step time: 0.03680
epoch: [15], step: [1354/1543], batch loss: 0.12936, batch accuracy: 89.78, data load time: 0.25247, step time: 0.03320
epoch: [15], step: [1454/1543], batch loss: 0.10847, batch accuracy: 93.19, data load time: 0.22228, step time: 0.03016
epoch: [16], step: [11/1543], batch loss: 0.19794, batch accuracy: 83.64, data load time: 0.24836, step time: 0.03862
epoch: [16], step: [111/1543], batch loss: 0.18960, batch accuracy: 84.92, data load time: 0.21457, step time: 0.03930
epoch: [16], step: [211/1543], batch loss: 0.19179, batch accuracy: 85.83, data load time: 0.23735, step time: 0.03750
epoch: [16], step: [311/1543], batch loss: 0.15977, batch accuracy: 91.36, data load time: 0.34494, step time: 0.03443
epoch: [16], step: [411/1543], batch loss: 0.18424, batch accuracy: 74.06, data load time: 0.24117, step time: 0.03500
epoch: [16], step: [511/1543], batch loss: 0.17008, batch accuracy: 85.77, data load time: 0.25939, step time: 0.03266
epoch: [16], step: [611/1543], batch loss: 0.15598, batch accuracy: 90.49, data load time: 0.25307, step time: 0.03463
epoch: [16], step: [711/1543], batch loss: 0.18917, batch accuracy: 79.56, data load time: 0.25137, step time: 0.03975
epoch: [16], step: [811/1543], batch loss: 0.18150, batch accuracy: 84.87, data load time: 0.25870, step time: 0.03335
epoch: [16], step: [911/1543], batch loss: 0.12417, batch accuracy: 95.27, data load time: 0.23225, step time: 0.03476
epoch: [16], step: [1011/1543], batch loss: 0.15823, batch accuracy: 82.72, data load time: 0.25303, step time: 0.03266
epoch: [16], step: [1111/1543], batch loss: 0.10810, batch accuracy: 94.10, data load time: 0.22787, step time: 0.03200
epoch: [16], step: [1211/1543], batch loss: 0.18538, batch accuracy: 79.48, data load time: 0.25663, step time: 0.03706
epoch: [16], step: [1311/1543], batch loss: 0.14568, batch accuracy: 89.62, data load time: 0.21327, step time: 0.03351
epoch: [16], step: [1411/1543], batch loss: 0.14004, batch accuracy: 92.46, data load time: 0.23685, step time: 0.03414
epoch: [16], step: [1511/1543], batch loss: 0.14677, batch accuracy: 85.22, data load time: 0.22519, step time: 0.03347
epoch: [17], step: [68/1543], batch loss: 0.18020, batch accuracy: 80.59, data load time: 0.22466, step time: 0.04018
epoch: [17], step: [168/1543], batch loss: 0.18350, batch accuracy: 84.23, data load time: 0.26773, step time: 0.03335
epoch: [17], step: [268/1543], batch loss: 0.11403, batch accuracy: 85.46, data load time: 0.21069, step time: 0.03070
epoch: [17], step: [368/1543], batch loss: 0.13486, batch accuracy: 83.81, data load time: 0.27356, step time: 0.03221
epoch: [17], step: [468/1543], batch loss: 0.17540, batch accuracy: 86.72, data load time: 0.25365, step time: 0.03433
epoch: [17], step: [568/1543], batch loss: 0.13675, batch accuracy: 95.42, data load time: 0.21471, step time: 0.03549
epoch: [17], step: [668/1543], batch loss: 0.18406, batch accuracy: 87.53, data load time: 0.25817, step time: 0.03704
epoch: [17], step: [768/1543], batch loss: 0.18797, batch accuracy: 86.13, data load time: 0.20629, step time: 0.03413
epoch: [17], step: [868/1543], batch loss: 0.17730, batch accuracy: 81.61, data load time: 0.29588, step time: 0.03632
epoch: [17], step: [968/1543], batch loss: 0.15111, batch accuracy: 89.92, data load time: 0.26418, step time: 0.03439
epoch: [17], step: [1068/1543], batch loss: 0.16641, batch accuracy: 93.30, data load time: 0.22533, step time: 0.03570
epoch: [17], step: [1168/1543], batch loss: 0.13531, batch accuracy: 78.47, data load time: 0.21579, step time: 0.02856
epoch: [17], step: [1268/1543], batch loss: 0.15633, batch accuracy: 83.73, data load time: 0.23346, step time: 0.03744
epoch: [17], step: [1368/1543], batch loss: 0.16145, batch accuracy: 85.08, data load time: 0.19396, step time: 0.03430
epoch: [17], step: [1468/1543], batch loss: 0.23009, batch accuracy: 86.05, data load time: 0.24270, step time: 0.03900
Epoch 00018: reducing learning rate of group 0 to 5.0000e-04.
epoch: [18], step: [25/1543], batch loss: 0.18162, batch accuracy: 89.73, data load time: 0.23180, step time: 0.03706
epoch: [18], step: [125/1543], batch loss: 0.12274, batch accuracy: 93.34, data load time: 0.27600, step time: 0.03627
epoch: [18], step: [225/1543], batch loss: 0.20902, batch accuracy: 86.60, data load time: 0.21216, step time: 0.03629
epoch: [18], step: [325/1543], batch loss: 0.19193, batch accuracy: 88.51, data load time: 0.24416, step time: 0.03854
epoch: [18], step: [425/1543], batch loss: 0.17752, batch accuracy: 91.55, data load time: 0.20485, step time: 0.03579
epoch: [18], step: [525/1543], batch loss: 0.14651, batch accuracy: 86.74, data load time: 0.25854, step time: 0.03212
epoch: [18], step: [625/1543], batch loss: 0.13089, batch accuracy: 89.70, data load time: 0.24738, step time: 0.03163
epoch: [18], step: [725/1543], batch loss: 0.14753, batch accuracy: 85.77, data load time: 0.23653, step time: 0.03289
epoch: [18], step: [825/1543], batch loss: 0.16173, batch accuracy: 82.85, data load time: 0.24746, step time: 0.03267
epoch: [18], step: [925/1543], batch loss: 0.14179, batch accuracy: 90.36, data load time: 0.20418, step time: 0.03287
epoch: [18], step: [1025/1543], batch loss: 0.15728, batch accuracy: 85.20, data load time: 0.24202, step time: 0.03417
epoch: [18], step: [1125/1543], batch loss: 0.15132, batch accuracy: 83.29, data load time: 0.19371, step time: 0.03150
epoch: [18], step: [1225/1543], batch loss: 0.18358, batch accuracy: 90.67, data load time: 0.24174, step time: 0.03680
epoch: [18], step: [1325/1543], batch loss: 0.14296, batch accuracy: 91.95, data load time: 0.25951, step time: 0.03501
epoch: [18], step: [1425/1543], batch loss: 0.13545, batch accuracy: 92.03, data load time: 0.28902, step time: 0.03503
epoch: [18], step: [1525/1543], batch loss: 0.18152, batch accuracy: 85.36, data load time: 0.32422, step time: 0.03663
epoch: [19], step: [82/1543], batch loss: 0.16893, batch accuracy: 87.39, data load time: 0.26620, step time: 0.03409
epoch: [19], step: [182/1543], batch loss: 0.16888, batch accuracy: 85.40, data load time: 0.24836, step time: 0.03357
epoch: [19], step: [282/1543], batch loss: 0.14274, batch accuracy: 90.11, data load time: 0.23515, step time: 0.03425
epoch: [19], step: [382/1543], batch loss: 0.17246, batch accuracy: 87.65, data load time: 0.25167, step time: 0.03524
epoch: [19], step: [482/1543], batch loss: 0.14211, batch accuracy: 89.92, data load time: 0.28991, step time: 0.03804
epoch: [19], step: [582/1543], batch loss: 0.12106, batch accuracy: 89.80, data load time: 0.24814, step time: 0.03343
epoch: [19], step: [682/1543], batch loss: 0.16301, batch accuracy: 88.35, data load time: 0.25196, step time: 0.03420
epoch: [19], step: [782/1543], batch loss: 0.21727, batch accuracy: 87.23, data load time: 0.22909, step time: 0.03633
epoch: [19], step: [882/1543], batch loss: 0.16492, batch accuracy: 91.88, data load time: 0.21446, step time: 0.03399
epoch: [19], step: [982/1543], batch loss: 0.13702, batch accuracy: 85.06, data load time: 0.24113, step time: 0.02868
epoch: [19], step: [1082/1543], batch loss: 0.13357, batch accuracy: 80.15, data load time: 0.24180, step time: 0.03067
epoch: [19], step: [1182/1543], batch loss: 0.12637, batch accuracy: 89.58, data load time: 0.22417, step time: 0.03215
epoch: [19], step: [1282/1543], batch loss: 0.17815, batch accuracy: 87.85, data load time: 0.24675, step time: 0.03327
epoch: [19], step: [1382/1543], batch loss: 0.14404, batch accuracy: 89.31, data load time: 0.23077, step time: 0.03489
epoch: [19], step: [1482/1543], batch loss: 0.16409, batch accuracy: 92.02, data load time: 0.22877, step time: 0.03276
EVALUATION METRICS:
-------------------------------------------------------------

Validation: AUC Score: 0.5000

-------------------------------------------------------------
validation loss: 9.84903, accuracy: 50.00
EVALUATION METRICS:
-------------------------------------------------------------

Test: AUC Score: 0.5000

-------------------------------------------------------------
validation loss: 26.92211, accuracy: 50.00
