Loading data from trainSpec_dataset
Loading data from valSpec_dataset
Loading data from testSpec_dataset
Writing logs to logs/CNN_sgd_momentum=0.2_learning_rate=0.2_conv_length=256_conv_stride=256_batch_size=10_epochs=20_weight_decay=1e-05_model=ChunkResCNN1_op=sgd_dropout=0.1_run_0
epoch: [0], step: [99/1543], batch loss: 0.52986, batch accuracy: 66.93, data load time: 0.05268, step time: 0.10341
epoch: [0], step: [199/1543], batch loss: 0.29732, batch accuracy: 52.17, data load time: 0.06305, step time: 0.10007
epoch: [0], step: [299/1543], batch loss: 0.27457, batch accuracy: 54.19, data load time: 0.04434, step time: 0.10340
epoch: [0], step: [399/1543], batch loss: 0.22435, batch accuracy: 51.99, data load time: 0.03501, step time: 0.09985
epoch: [0], step: [499/1543], batch loss: 0.18257, batch accuracy: 70.90, data load time: 0.04922, step time: 0.10118
epoch: [0], step: [599/1543], batch loss: 0.18686, batch accuracy: 64.84, data load time: 0.06269, step time: 0.09611
epoch: [0], step: [699/1543], batch loss: 0.21849, batch accuracy: 70.72, data load time: 0.07940, step time: 0.10188
epoch: [0], step: [799/1543], batch loss: 0.21417, batch accuracy: 77.57, data load time: 0.02513, step time: 0.10268
epoch: [0], step: [899/1543], batch loss: 0.19342, batch accuracy: 76.18, data load time: 0.04532, step time: 0.09760
epoch: [0], step: [999/1543], batch loss: 0.18001, batch accuracy: 78.17, data load time: 0.08474, step time: 0.10116
epoch: [0], step: [1099/1543], batch loss: 0.22344, batch accuracy: 65.49, data load time: 0.09000, step time: 0.10062
epoch: [0], step: [1199/1543], batch loss: 0.20803, batch accuracy: 69.44, data load time: 0.09530, step time: 0.10057
epoch: [0], step: [1299/1543], batch loss: 0.18867, batch accuracy: 79.45, data load time: 0.04156, step time: 0.10212
epoch: [0], step: [1399/1543], batch loss: 0.19113, batch accuracy: 77.02, data load time: 0.04754, step time: 0.09902
epoch: [0], step: [1499/1543], batch loss: 0.16478, batch accuracy: 77.80, data load time: 0.05004, step time: 0.09607
EVALUATION METRICS:
-------------------------------------------------------------

Validation AUC Score: 0.7732

-------------------------------------------------------------
validation loss: 0.27568, accuracy: 77.32
epoch: [1], step: [56/1543], batch loss: 0.14853, batch accuracy: 87.42, data load time: 0.06195, step time: 0.09833
epoch: [1], step: [156/1543], batch loss: 0.17422, batch accuracy: 81.17, data load time: 0.01570, step time: 0.09813
epoch: [1], step: [256/1543], batch loss: 0.25019, batch accuracy: 81.13, data load time: 0.01490, step time: 0.10603
epoch: [1], step: [356/1543], batch loss: 0.23164, batch accuracy: 78.12, data load time: 0.05555, step time: 0.10272
epoch: [1], step: [456/1543], batch loss: 0.18007, batch accuracy: 82.79, data load time: 0.04759, step time: 0.09984
epoch: [1], step: [556/1543], batch loss: 0.19776, batch accuracy: 87.63, data load time: 0.07650, step time: 0.10346
epoch: [1], step: [656/1543], batch loss: 0.22372, batch accuracy: 86.09, data load time: 0.07992, step time: 0.09977
epoch: [1], step: [756/1543], batch loss: 0.16934, batch accuracy: 78.04, data load time: 0.05429, step time: 0.09912
epoch: [1], step: [856/1543], batch loss: 0.13949, batch accuracy: 90.72, data load time: 0.12941, step time: 0.10127
epoch: [1], step: [956/1543], batch loss: 0.16897, batch accuracy: 81.03, data load time: 0.09928, step time: 0.09832
epoch: [1], step: [1056/1543], batch loss: 0.17101, batch accuracy: 72.24, data load time: 0.08052, step time: 0.09870
epoch: [1], step: [1156/1543], batch loss: 0.14704, batch accuracy: 93.28, data load time: 0.14077, step time: 0.10145
epoch: [1], step: [1256/1543], batch loss: 0.21578, batch accuracy: 82.41, data load time: 0.09564, step time: 0.10419
epoch: [1], step: [1356/1543], batch loss: 0.13730, batch accuracy: 92.12, data load time: 0.17366, step time: 0.10163
epoch: [1], step: [1456/1543], batch loss: 0.19632, batch accuracy: 78.73, data load time: 0.18348, step time: 0.09749
EVALUATION METRICS:
-------------------------------------------------------------

Validation AUC Score: 0.8404

-------------------------------------------------------------
validation loss: 0.16404, accuracy: 84.04
epoch: [2], step: [13/1543], batch loss: 0.18627, batch accuracy: 89.10, data load time: 0.09259, step time: 0.10697
epoch: [2], step: [113/1543], batch loss: 0.15276, batch accuracy: 88.74, data load time: 0.05615, step time: 0.09867
epoch: [2], step: [213/1543], batch loss: 0.13726, batch accuracy: 89.49, data load time: 0.01428, step time: 0.09962
epoch: [2], step: [313/1543], batch loss: 0.13596, batch accuracy: 88.68, data load time: 0.04802, step time: 0.09955
epoch: [2], step: [413/1543], batch loss: 0.13526, batch accuracy: 87.29, data load time: 0.11084, step time: 0.09828
epoch: [2], step: [513/1543], batch loss: 0.14390, batch accuracy: 88.99, data load time: 0.06494, step time: 0.09911
epoch: [2], step: [613/1543], batch loss: 0.15482, batch accuracy: 90.01, data load time: 0.03172, step time: 0.10104
epoch: [2], step: [713/1543], batch loss: 0.17386, batch accuracy: 82.63, data load time: 0.04455, step time: 0.09973
epoch: [2], step: [813/1543], batch loss: 0.17653, batch accuracy: 90.13, data load time: 0.07187, step time: 0.10173
epoch: [2], step: [913/1543], batch loss: 0.17586, batch accuracy: 87.06, data load time: 0.03317, step time: 0.10470
epoch: [2], step: [1013/1543], batch loss: 0.13479, batch accuracy: 88.68, data load time: 0.11247, step time: 0.10183
epoch: [2], step: [1113/1543], batch loss: 0.18321, batch accuracy: 81.53, data load time: 0.03252, step time: 0.10211
epoch: [2], step: [1213/1543], batch loss: 0.13276, batch accuracy: 88.06, data load time: 0.03035, step time: 0.09991
epoch: [2], step: [1313/1543], batch loss: 0.11018, batch accuracy: 89.83, data load time: 0.03930, step time: 0.09739
epoch: [2], step: [1413/1543], batch loss: 0.17177, batch accuracy: 90.42, data load time: 0.13265, step time: 0.10052
epoch: [2], step: [1513/1543], batch loss: 0.19525, batch accuracy: 84.93, data load time: 0.06502, step time: 0.10369
EVALUATION METRICS:
-------------------------------------------------------------

Validation AUC Score: 0.8528

-------------------------------------------------------------
validation loss: 0.16178, accuracy: 85.28
epoch: [3], step: [70/1543], batch loss: 0.17354, batch accuracy: 86.86, data load time: 0.04605, step time: 0.10328
epoch: [3], step: [170/1543], batch loss: 0.17257, batch accuracy: 85.09, data load time: 0.03843, step time: 0.10429
epoch: [3], step: [270/1543], batch loss: 0.18940, batch accuracy: 78.36, data load time: 0.02357, step time: 0.10051
epoch: [3], step: [370/1543], batch loss: 0.15707, batch accuracy: 85.09, data load time: 0.01539, step time: 0.09910
epoch: [3], step: [470/1543], batch loss: 0.11756, batch accuracy: 84.72, data load time: 0.01818, step time: 0.09983
epoch: [3], step: [570/1543], batch loss: 0.14044, batch accuracy: 87.07, data load time: 0.03157, step time: 0.10182
epoch: [3], step: [670/1543], batch loss: 0.19875, batch accuracy: 84.36, data load time: 0.03914, step time: 0.10403
epoch: [3], step: [770/1543], batch loss: 0.13531, batch accuracy: 91.27, data load time: 0.03166, step time: 0.10054
epoch: [3], step: [870/1543], batch loss: 0.14840, batch accuracy: 89.62, data load time: 0.03694, step time: 0.10263
epoch: [3], step: [970/1543], batch loss: 0.13748, batch accuracy: 86.75, data load time: 0.05029, step time: 0.09673
epoch: [3], step: [1070/1543], batch loss: 0.21049, batch accuracy: 83.00, data load time: 0.03647, step time: 0.10488
epoch: [3], step: [1170/1543], batch loss: 0.18889, batch accuracy: 88.53, data load time: 0.01801, step time: 0.10482
epoch: [3], step: [1270/1543], batch loss: 0.17793, batch accuracy: 84.56, data load time: 0.02011, step time: 0.10071
epoch: [3], step: [1370/1543], batch loss: 0.14550, batch accuracy: 89.97, data load time: 0.01690, step time: 0.09979
epoch: [3], step: [1470/1543], batch loss: 0.15397, batch accuracy: 87.44, data load time: 0.02054, step time: 0.09675
EVALUATION METRICS:
-------------------------------------------------------------

Validation AUC Score: 0.8614

-------------------------------------------------------------
validation loss: 0.14840, accuracy: 86.14
epoch: [4], step: [27/1543], batch loss: 0.11891, batch accuracy: 93.39, data load time: 0.00362, step time: 0.09744
epoch: [4], step: [127/1543], batch loss: 0.15837, batch accuracy: 91.38, data load time: 0.01984, step time: 0.10111
epoch: [4], step: [227/1543], batch loss: 0.12009, batch accuracy: 94.85, data load time: 0.02744, step time: 0.10467
epoch: [4], step: [327/1543], batch loss: 0.16575, batch accuracy: 88.11, data load time: 0.02072, step time: 0.10043
epoch: [4], step: [427/1543], batch loss: 0.16037, batch accuracy: 88.83, data load time: 0.01747, step time: 0.10187
epoch: [4], step: [527/1543], batch loss: 0.14010, batch accuracy: 85.51, data load time: 0.01829, step time: 0.10163
epoch: [4], step: [627/1543], batch loss: 0.12658, batch accuracy: 90.45, data load time: 0.01834, step time: 0.09609
epoch: [4], step: [727/1543], batch loss: 0.18238, batch accuracy: 89.72, data load time: 0.01743, step time: 0.09803
epoch: [4], step: [827/1543], batch loss: 0.12549, batch accuracy: 88.67, data load time: 0.01988, step time: 0.09756
epoch: [4], step: [927/1543], batch loss: 0.16650, batch accuracy: 88.21, data load time: 0.01759, step time: 0.10332
epoch: [4], step: [1027/1543], batch loss: 0.11752, batch accuracy: 88.97, data load time: 0.01946, step time: 0.10211
epoch: [4], step: [1127/1543], batch loss: 0.14533, batch accuracy: 88.05, data load time: 0.02090, step time: 0.09849
epoch: [4], step: [1227/1543], batch loss: 0.18332, batch accuracy: 89.05, data load time: 0.02030, step time: 0.09962
epoch: [4], step: [1327/1543], batch loss: 0.11611, batch accuracy: 92.98, data load time: 0.02101, step time: 0.09924
epoch: [4], step: [1427/1543], batch loss: 0.18184, batch accuracy: 76.71, data load time: 0.01935, step time: 0.09756
epoch: [4], step: [1527/1543], batch loss: 0.13140, batch accuracy: 90.16, data load time: 0.02099, step time: 0.09822
EVALUATION METRICS:
-------------------------------------------------------------

Validation AUC Score: 0.8733

-------------------------------------------------------------
validation loss: 0.14485, accuracy: 87.33
epoch: [5], step: [84/1543], batch loss: 0.11855, batch accuracy: 92.62, data load time: 0.01767, step time: 0.09920
epoch: [5], step: [184/1543], batch loss: 0.10054, batch accuracy: 97.37, data load time: 0.01969, step time: 0.10222
epoch: [5], step: [284/1543], batch loss: 0.21788, batch accuracy: 80.24, data load time: 0.11901, step time: 0.10644
epoch: [5], step: [384/1543], batch loss: 0.11758, batch accuracy: 86.51, data load time: 0.05621, step time: 0.09979
epoch: [5], step: [484/1543], batch loss: 0.15487, batch accuracy: 92.37, data load time: 0.04589, step time: 0.10307
epoch: [5], step: [584/1543], batch loss: 0.15374, batch accuracy: 88.92, data load time: 0.07595, step time: 0.10551
epoch: [5], step: [684/1543], batch loss: 0.14300, batch accuracy: 90.74, data load time: 0.08345, step time: 0.10045
epoch: [5], step: [784/1543], batch loss: 0.17805, batch accuracy: 84.21, data load time: 0.03635, step time: 0.10203
epoch: [5], step: [884/1543], batch loss: 0.12005, batch accuracy: 86.07, data load time: 0.06897, step time: 0.09675
epoch: [5], step: [984/1543], batch loss: 0.14774, batch accuracy: 84.25, data load time: 0.23437, step time: 0.09948
epoch: [5], step: [1084/1543], batch loss: 0.17169, batch accuracy: 87.50, data load time: 0.11019, step time: 0.10328
epoch: [5], step: [1184/1543], batch loss: 0.13934, batch accuracy: 86.03, data load time: 0.08616, step time: 0.09847
epoch: [5], step: [1284/1543], batch loss: 0.11739, batch accuracy: 95.11, data load time: 0.07323, step time: 0.10032
epoch: [5], step: [1384/1543], batch loss: 0.13782, batch accuracy: 88.03, data load time: 0.04473, step time: 0.10186
epoch: [5], step: [1484/1543], batch loss: 0.17190, batch accuracy: 94.10, data load time: 0.02081, step time: 0.10268
EVALUATION METRICS:
-------------------------------------------------------------

Validation AUC Score: 0.8621

-------------------------------------------------------------
validation loss: 0.16318, accuracy: 86.21
epoch: [6], step: [41/1543], batch loss: 0.18605, batch accuracy: 90.39, data load time: 0.05050, step time: 0.10603
epoch: [6], step: [141/1543], batch loss: 0.11444, batch accuracy: 90.60, data load time: 0.06022, step time: 0.09767
epoch: [6], step: [241/1543], batch loss: 0.10579, batch accuracy: 95.90, data load time: 0.04214, step time: 0.09880
epoch: [6], step: [341/1543], batch loss: 0.13800, batch accuracy: 91.86, data load time: 0.04103, step time: 0.09901
epoch: [6], step: [441/1543], batch loss: 0.11415, batch accuracy: 95.49, data load time: 0.05119, step time: 0.09818
epoch: [6], step: [541/1543], batch loss: 0.10703, batch accuracy: 87.95, data load time: 0.09140, step time: 0.09755
epoch: [6], step: [641/1543], batch loss: 0.14767, batch accuracy: 90.17, data load time: 0.04607, step time: 0.09901
epoch: [6], step: [741/1543], batch loss: 0.12281, batch accuracy: 90.74, data load time: 0.02920, step time: 0.10046
epoch: [6], step: [841/1543], batch loss: 0.11354, batch accuracy: 92.76, data load time: 0.05271, step time: 0.10143
epoch: [6], step: [941/1543], batch loss: 0.19600, batch accuracy: 89.19, data load time: 0.09019, step time: 0.10276
epoch: [6], step: [1041/1543], batch loss: 0.18407, batch accuracy: 91.41, data load time: 0.03963, step time: 0.10556
epoch: [6], step: [1141/1543], batch loss: 0.13220, batch accuracy: 90.97, data load time: 0.03119, step time: 0.10059
epoch: [6], step: [1241/1543], batch loss: 0.11128, batch accuracy: 94.61, data load time: 0.03102, step time: 0.10267
epoch: [6], step: [1341/1543], batch loss: 0.16233, batch accuracy: 91.56, data load time: 0.05804, step time: 0.10289
epoch: [6], step: [1441/1543], batch loss: 0.17350, batch accuracy: 91.90, data load time: 0.06987, step time: 0.10685
epoch: [6], step: [1541/1543], batch loss: 0.15944, batch accuracy: 87.36, data load time: 0.04879, step time: 0.10252
EVALUATION METRICS:
-------------------------------------------------------------

Validation AUC Score: 0.8781

-------------------------------------------------------------
validation loss: 0.14519, accuracy: 87.81
epoch: [7], step: [98/1543], batch loss: 0.08757, batch accuracy: 97.89, data load time: 0.03626, step time: 0.09776
epoch: [7], step: [198/1543], batch loss: 0.12605, batch accuracy: 91.18, data load time: 0.01488, step time: 0.09900
epoch: [7], step: [298/1543], batch loss: 0.15542, batch accuracy: 88.15, data load time: 0.01689, step time: 0.10246
epoch: [7], step: [398/1543], batch loss: 0.17514, batch accuracy: 90.77, data load time: 0.01348, step time: 0.10477
epoch: [7], step: [498/1543], batch loss: 0.12705, batch accuracy: 93.03, data load time: 0.01598, step time: 0.10054
epoch: [7], step: [598/1543], batch loss: 0.16329, batch accuracy: 88.01, data load time: 0.02008, step time: 0.10123
epoch: [7], step: [698/1543], batch loss: 0.14064, batch accuracy: 91.08, data load time: 0.02014, step time: 0.10121
epoch: [7], step: [798/1543], batch loss: 0.17872, batch accuracy: 85.12, data load time: 0.01992, step time: 0.10189
epoch: [7], step: [898/1543], batch loss: 0.17660, batch accuracy: 84.15, data load time: 0.01795, step time: 0.10052
epoch: [7], step: [998/1543], batch loss: 0.12356, batch accuracy: 92.63, data load time: 0.03810, step time: 0.10217
epoch: [7], step: [1098/1543], batch loss: 0.14128, batch accuracy: 93.12, data load time: 0.03129, step time: 0.09965
epoch: [7], step: [1198/1543], batch loss: 0.15021, batch accuracy: 92.87, data load time: 0.01780, step time: 0.10488
epoch: [7], step: [1298/1543], batch loss: 0.14615, batch accuracy: 88.51, data load time: 0.02097, step time: 0.10334
epoch: [7], step: [1398/1543], batch loss: 0.12375, batch accuracy: 92.09, data load time: 0.02060, step time: 0.10596
epoch: [7], step: [1498/1543], batch loss: 0.13053, batch accuracy: 93.62, data load time: 0.02027, step time: 0.10398
Epoch 00008: reducing learning rate of group 0 to 1.0000e-02.
EVALUATION METRICS:
-------------------------------------------------------------

Validation AUC Score: 0.8556

-------------------------------------------------------------
validation loss: 0.16787, accuracy: 85.56
epoch: [8], step: [55/1543], batch loss: 0.12076, batch accuracy: 89.06, data load time: 0.01729, step time: 0.09823
epoch: [8], step: [155/1543], batch loss: 0.10032, batch accuracy: 95.11, data load time: 0.01132, step time: 0.10190
epoch: [8], step: [255/1543], batch loss: 0.09745, batch accuracy: 95.97, data load time: 0.01524, step time: 0.09806
epoch: [8], step: [355/1543], batch loss: 0.11301, batch accuracy: 92.32, data load time: 0.01771, step time: 0.10008
epoch: [8], step: [455/1543], batch loss: 0.12821, batch accuracy: 94.34, data load time: 0.01739, step time: 0.09981
epoch: [8], step: [555/1543], batch loss: 0.09832, batch accuracy: 96.33, data load time: 0.01794, step time: 0.09758
epoch: [8], step: [655/1543], batch loss: 0.10444, batch accuracy: 85.03, data load time: 0.03855, step time: 0.09617
epoch: [8], step: [755/1543], batch loss: 0.13626, batch accuracy: 93.68, data load time: 0.10173, step time: 0.10135
epoch: [8], step: [855/1543], batch loss: 0.10539, batch accuracy: 95.11, data load time: 0.03002, step time: 0.10197
epoch: [8], step: [955/1543], batch loss: 0.12547, batch accuracy: 85.42, data load time: 0.01864, step time: 0.09597
epoch: [8], step: [1055/1543], batch loss: 0.11802, batch accuracy: 93.81, data load time: 0.04294, step time: 0.10269
epoch: [8], step: [1155/1543], batch loss: 0.11772, batch accuracy: 95.90, data load time: 0.03206, step time: 0.10457
epoch: [8], step: [1255/1543], batch loss: 0.10876, batch accuracy: 92.95, data load time: 0.03264, step time: 0.09833
epoch: [8], step: [1355/1543], batch loss: 0.14638, batch accuracy: 89.47, data load time: 0.02039, step time: 0.10450
epoch: [8], step: [1455/1543], batch loss: 0.13627, batch accuracy: 91.70, data load time: 0.01772, step time: 0.09968
EVALUATION METRICS:
-------------------------------------------------------------

Validation AUC Score: 0.8860

-------------------------------------------------------------
validation loss: 0.13647, accuracy: 88.60
epoch: [9], step: [12/1543], batch loss: 0.09413, batch accuracy: 97.53, data load time: 0.03869, step time: 0.10406
epoch: [9], step: [112/1543], batch loss: 0.16306, batch accuracy: 91.04, data load time: 0.04753, step time: 0.10394
epoch: [9], step: [212/1543], batch loss: 0.12679, batch accuracy: 90.18, data load time: 0.01431, step time: 0.09832
epoch: [9], step: [312/1543], batch loss: 0.14544, batch accuracy: 93.48, data load time: 0.04678, step time: 0.10346
epoch: [9], step: [412/1543], batch loss: 0.10595, batch accuracy: 95.32, data load time: 0.04440, step time: 0.10101
epoch: [9], step: [512/1543], batch loss: 0.10017, batch accuracy: 96.98, data load time: 0.05306, step time: 0.10111
epoch: [9], step: [612/1543], batch loss: 0.12861, batch accuracy: 94.50, data load time: 0.03611, step time: 0.09976
epoch: [9], step: [712/1543], batch loss: 0.11637, batch accuracy: 95.83, data load time: 0.03712, step time: 0.10131
epoch: [9], step: [812/1543], batch loss: 0.16464, batch accuracy: 94.73, data load time: 0.03264, step time: 0.10180
epoch: [9], step: [912/1543], batch loss: 0.13228, batch accuracy: 95.54, data load time: 0.08096, step time: 0.09689
epoch: [9], step: [1012/1543], batch loss: 0.09481, batch accuracy: 95.91, data load time: 0.09832, step time: 0.09900
epoch: [9], step: [1112/1543], batch loss: 0.09765, batch accuracy: 94.46, data load time: 0.03999, step time: 0.09830
epoch: [9], step: [1212/1543], batch loss: 0.13717, batch accuracy: 95.53, data load time: 0.08743, step time: 0.10833
epoch: [9], step: [1312/1543], batch loss: 0.15033, batch accuracy: 92.30, data load time: 0.20007, step time: 0.10349
epoch: [9], step: [1412/1543], batch loss: 0.11002, batch accuracy: 95.50, data load time: 0.05295, step time: 0.10345
epoch: [9], step: [1512/1543], batch loss: 0.12567, batch accuracy: 93.23, data load time: 0.08130, step time: 0.09985
EVALUATION METRICS:
-------------------------------------------------------------

Validation AUC Score: 0.8856

-------------------------------------------------------------
validation loss: 0.13614, accuracy: 88.56
epoch: [10], step: [69/1543], batch loss: 0.11336, batch accuracy: 93.30, data load time: 0.01367, step time: 0.09680
epoch: [10], step: [169/1543], batch loss: 0.12093, batch accuracy: 97.37, data load time: 0.03403, step time: 0.10207
epoch: [10], step: [269/1543], batch loss: 0.10216, batch accuracy: 93.75, data load time: 0.07192, step time: 0.10140
epoch: [10], step: [369/1543], batch loss: 0.14674, batch accuracy: 93.35, data load time: 0.03123, step time: 0.10136
epoch: [10], step: [469/1543], batch loss: 0.11731, batch accuracy: 92.54, data load time: 0.03281, step time: 0.10262
epoch: [10], step: [569/1543], batch loss: 0.12676, batch accuracy: 86.96, data load time: 0.02110, step time: 0.09845
epoch: [10], step: [669/1543], batch loss: 0.12643, batch accuracy: 89.11, data load time: 0.02151, step time: 0.10012
epoch: [10], step: [769/1543], batch loss: 0.11965, batch accuracy: 89.12, data load time: 0.01794, step time: 0.10368
epoch: [10], step: [869/1543], batch loss: 0.10998, batch accuracy: 97.52, data load time: 0.03304, step time: 0.10122
epoch: [10], step: [969/1543], batch loss: 0.10011, batch accuracy: 95.98, data load time: 0.03692, step time: 0.10566
epoch: [10], step: [1069/1543], batch loss: 0.08962, batch accuracy: 95.32, data load time: 0.02278, step time: 0.10220
epoch: [10], step: [1169/1543], batch loss: 0.12026, batch accuracy: 96.18, data load time: 0.02033, step time: 0.10160
epoch: [10], step: [1269/1543], batch loss: 0.12719, batch accuracy: 86.52, data load time: 0.01899, step time: 0.10369
epoch: [10], step: [1369/1543], batch loss: 0.17873, batch accuracy: 92.45, data load time: 0.02096, step time: 0.10591
epoch: [10], step: [1469/1543], batch loss: 0.15561, batch accuracy: 93.43, data load time: 0.02167, step time: 0.10646
EVALUATION METRICS:
-------------------------------------------------------------

Validation AUC Score: 0.8853

-------------------------------------------------------------
validation loss: 0.13697, accuracy: 88.53
epoch: [11], step: [26/1543], batch loss: 0.14803, batch accuracy: 88.69, data load time: 0.01984, step time: 0.10047
epoch: [11], step: [126/1543], batch loss: 0.12541, batch accuracy: 96.45, data load time: 0.01359, step time: 0.10255
epoch: [11], step: [226/1543], batch loss: 0.10175, batch accuracy: 93.70, data load time: 0.01693, step time: 0.09902
epoch: [11], step: [326/1543], batch loss: 0.17785, batch accuracy: 85.11, data load time: 0.01355, step time: 0.09876
epoch: [11], step: [426/1543], batch loss: 0.09316, batch accuracy: 96.49, data load time: 0.01692, step time: 0.09818
epoch: [11], step: [526/1543], batch loss: 0.13030, batch accuracy: 95.76, data load time: 0.02082, step time: 0.09960
epoch: [11], step: [626/1543], batch loss: 0.09195, batch accuracy: 96.12, data load time: 0.01925, step time: 0.09928
epoch: [11], step: [726/1543], batch loss: 0.10795, batch accuracy: 95.32, data load time: 0.01911, step time: 0.09980
epoch: [11], step: [826/1543], batch loss: 0.09387, batch accuracy: 94.10, data load time: 0.02040, step time: 0.09681
epoch: [11], step: [926/1543], batch loss: 0.10537, batch accuracy: 96.73, data load time: 0.02748, step time: 0.09680
epoch: [11], step: [1026/1543], batch loss: 0.11044, batch accuracy: 95.60, data load time: 0.03522, step time: 0.10208
epoch: [11], step: [1126/1543], batch loss: 0.14381, batch accuracy: 91.39, data load time: 0.01856, step time: 0.09604
epoch: [11], step: [1226/1543], batch loss: 0.14589, batch accuracy: 87.19, data load time: 0.03427, step time: 0.10123
epoch: [11], step: [1326/1543], batch loss: 0.11583, batch accuracy: 91.85, data load time: 0.01936, step time: 0.09973
epoch: [11], step: [1426/1543], batch loss: 0.14353, batch accuracy: 94.02, data load time: 0.03305, step time: 0.10107
epoch: [11], step: [1526/1543], batch loss: 0.12647, batch accuracy: 95.38, data load time: 0.03147, step time: 0.10410
EVALUATION METRICS:
-------------------------------------------------------------

Validation AUC Score: 0.8841

-------------------------------------------------------------
validation loss: 0.13783, accuracy: 88.41
epoch: [12], step: [83/1543], batch loss: 0.12442, batch accuracy: 95.94, data load time: 0.01147, step time: 0.10105
epoch: [12], step: [183/1543], batch loss: 0.10777, batch accuracy: 96.40, data load time: 0.04540, step time: 0.10107
epoch: [12], step: [283/1543], batch loss: 0.10512, batch accuracy: 86.59, data load time: 0.05348, step time: 0.09322
epoch: [12], step: [383/1543], batch loss: 0.15692, batch accuracy: 94.35, data load time: 0.03311, step time: 0.10573
epoch: [12], step: [483/1543], batch loss: 0.09963, batch accuracy: 95.54, data load time: 0.05321, step time: 0.09957
epoch: [12], step: [583/1543], batch loss: 0.09936, batch accuracy: 96.41, data load time: 0.05384, step time: 0.10263
epoch: [12], step: [683/1543], batch loss: 0.12952, batch accuracy: 95.70, data load time: 0.03482, step time: 0.10624
epoch: [12], step: [783/1543], batch loss: 0.12369, batch accuracy: 98.17, data load time: 0.07758, step time: 0.10248
epoch: [12], step: [883/1543], batch loss: 0.10423, batch accuracy: 95.87, data load time: 0.03615, step time: 0.09668
epoch: [12], step: [983/1543], batch loss: 0.15279, batch accuracy: 90.90, data load time: 0.14125, step time: 0.10185
epoch: [12], step: [1083/1543], batch loss: 0.10868, batch accuracy: 99.38, data load time: 0.03437, step time: 0.09738
epoch: [12], step: [1183/1543], batch loss: 0.09532, batch accuracy: 94.37, data load time: 0.01833, step time: 0.09777
epoch: [12], step: [1283/1543], batch loss: 0.10761, batch accuracy: 95.93, data load time: 0.07192, step time: 0.10112
epoch: [12], step: [1383/1543], batch loss: 0.11169, batch accuracy: 94.58, data load time: 0.04215, step time: 0.09977
epoch: [12], step: [1483/1543], batch loss: 0.10476, batch accuracy: 96.83, data load time: 0.03730, step time: 0.09963
EVALUATION METRICS:
-------------------------------------------------------------

Validation AUC Score: 0.8831

-------------------------------------------------------------
validation loss: 0.13903, accuracy: 88.31
epoch: [13], step: [40/1543], batch loss: 0.09917, batch accuracy: 96.34, data load time: 0.03299, step time: 0.10276
epoch: [13], step: [140/1543], batch loss: 0.11506, batch accuracy: 95.46, data load time: 0.03481, step time: 0.09539
epoch: [13], step: [240/1543], batch loss: 0.10012, batch accuracy: 96.58, data load time: 0.02806, step time: 0.10495
epoch: [13], step: [340/1543], batch loss: 0.11439, batch accuracy: 96.49, data load time: 0.02823, step time: 0.10576
epoch: [13], step: [440/1543], batch loss: 0.12360, batch accuracy: 91.47, data load time: 0.04865, step time: 0.09734
epoch: [13], step: [540/1543], batch loss: 0.13260, batch accuracy: 97.17, data load time: 0.01660, step time: 0.10558
epoch: [13], step: [640/1543], batch loss: 0.14935, batch accuracy: 92.36, data load time: 0.04510, step time: 0.10399
epoch: [13], step: [740/1543], batch loss: 0.12321, batch accuracy: 95.19, data load time: 0.05639, step time: 0.10264
epoch: [13], step: [840/1543], batch loss: 0.11655, batch accuracy: 95.42, data load time: 0.03784, step time: 0.09889
epoch: [13], step: [940/1543], batch loss: 0.10074, batch accuracy: 93.10, data load time: 0.03972, step time: 0.09674
epoch: [13], step: [1040/1543], batch loss: 0.14392, batch accuracy: 90.22, data load time: 0.02014, step time: 0.10332
epoch: [13], step: [1140/1543], batch loss: 0.10572, batch accuracy: 93.37, data load time: 0.03569, step time: 0.10106
epoch: [13], step: [1240/1543], batch loss: 0.11135, batch accuracy: 94.30, data load time: 0.02022, step time: 0.10192
epoch: [13], step: [1340/1543], batch loss: 0.08797, batch accuracy: 93.46, data load time: 0.01797, step time: 0.09682
epoch: [13], step: [1440/1543], batch loss: 0.13392, batch accuracy: 91.57, data load time: 0.03989, step time: 0.09964
epoch: [13], step: [1540/1543], batch loss: 0.10225, batch accuracy: 95.51, data load time: 0.05344, step time: 0.09682
EVALUATION METRICS:
-------------------------------------------------------------

Validation AUC Score: 0.8805

-------------------------------------------------------------
validation loss: 0.14067, accuracy: 88.05
epoch: [14], step: [97/1543], batch loss: 0.08360, batch accuracy: 95.24, data load time: 0.01919, step time: 0.10117
epoch: [14], step: [197/1543], batch loss: 0.12719, batch accuracy: 95.65, data load time: 0.01187, step time: 0.10045
epoch: [14], step: [297/1543], batch loss: 0.12831, batch accuracy: 98.58, data load time: 0.01989, step time: 0.10698
epoch: [14], step: [397/1543], batch loss: 0.14169, batch accuracy: 95.21, data load time: 0.01323, step time: 0.10533
epoch: [14], step: [497/1543], batch loss: 0.09957, batch accuracy: 97.38, data load time: 0.02955, step time: 0.10330
epoch: [14], step: [597/1543], batch loss: 0.10186, batch accuracy: 98.42, data load time: 0.01704, step time: 0.10324
epoch: [14], step: [697/1543], batch loss: 0.14917, batch accuracy: 93.80, data load time: 0.03212, step time: 0.10247
epoch: [14], step: [797/1543], batch loss: 0.12049, batch accuracy: 91.40, data load time: 0.02138, step time: 0.09963
epoch: [14], step: [897/1543], batch loss: 0.13510, batch accuracy: 96.10, data load time: 0.02060, step time: 0.09897
epoch: [14], step: [997/1543], batch loss: 0.10658, batch accuracy: 96.21, data load time: 0.02103, step time: 0.10092
epoch: [14], step: [1097/1543], batch loss: 0.11571, batch accuracy: 91.54, data load time: 0.01861, step time: 0.10133
epoch: [14], step: [1197/1543], batch loss: 0.11023, batch accuracy: 93.72, data load time: 0.03764, step time: 0.09975
epoch: [14], step: [1297/1543], batch loss: 0.11393, batch accuracy: 94.37, data load time: 0.01910, step time: 0.09889
epoch: [14], step: [1397/1543], batch loss: 0.08160, batch accuracy: 97.41, data load time: 0.01949, step time: 0.09879
epoch: [14], step: [1497/1543], batch loss: 0.09910, batch accuracy: 97.59, data load time: 0.03581, step time: 0.09810
Epoch 00015: reducing learning rate of group 0 to 5.0000e-04.
EVALUATION METRICS:
-------------------------------------------------------------

Validation AUC Score: 0.8802

-------------------------------------------------------------
validation loss: 0.14163, accuracy: 88.02
epoch: [15], step: [54/1543], batch loss: 0.13484, batch accuracy: 91.46, data load time: 0.01736, step time: 0.10109
epoch: [15], step: [154/1543], batch loss: 0.13700, batch accuracy: 92.58, data load time: 0.01448, step time: 0.09754
epoch: [15], step: [254/1543], batch loss: 0.09969, batch accuracy: 98.14, data load time: 0.01941, step time: 0.10256
epoch: [15], step: [354/1543], batch loss: 0.10058, batch accuracy: 98.53, data load time: 0.02473, step time: 0.10445
epoch: [15], step: [454/1543], batch loss: 0.08638, batch accuracy: 94.38, data load time: 0.01956, step time: 0.09890
epoch: [15], step: [554/1543], batch loss: 0.12951, batch accuracy: 88.57, data load time: 0.01621, step time: 0.10112
epoch: [15], step: [654/1543], batch loss: 0.14329, batch accuracy: 95.37, data load time: 0.01837, step time: 0.10527
epoch: [15], step: [754/1543], batch loss: 0.12607, batch accuracy: 94.26, data load time: 0.03803, step time: 0.09740
epoch: [15], step: [854/1543], batch loss: 0.14287, batch accuracy: 85.23, data load time: 0.03439, step time: 0.10446
epoch: [15], step: [954/1543], batch loss: 0.09144, batch accuracy: 96.18, data load time: 0.05131, step time: 0.09821
epoch: [15], step: [1054/1543], batch loss: 0.09854, batch accuracy: 93.69, data load time: 0.08187, step time: 0.09878
epoch: [15], step: [1154/1543], batch loss: 0.12231, batch accuracy: 96.06, data load time: 0.04432, step time: 0.10617
epoch: [15], step: [1254/1543], batch loss: 0.14610, batch accuracy: 93.78, data load time: 0.05130, step time: 0.10103
epoch: [15], step: [1354/1543], batch loss: 0.10324, batch accuracy: 97.11, data load time: 0.02027, step time: 0.10174
epoch: [15], step: [1454/1543], batch loss: 0.10118, batch accuracy: 96.68, data load time: 0.04338, step time: 0.09955
EVALUATION METRICS:
-------------------------------------------------------------

Validation AUC Score: 0.8806

-------------------------------------------------------------
validation loss: 0.14116, accuracy: 88.06
epoch: [16], step: [11/1543], batch loss: 0.08183, batch accuracy: 95.36, data load time: 0.08501, step time: 0.09888
epoch: [16], step: [111/1543], batch loss: 0.08364, batch accuracy: 96.53, data load time: 0.01518, step time: 0.09685
epoch: [16], step: [211/1543], batch loss: 0.11410, batch accuracy: 93.69, data load time: 0.04971, step time: 0.09897
epoch: [16], step: [311/1543], batch loss: 0.10866, batch accuracy: 96.44, data load time: 0.04946, step time: 0.10317
epoch: [16], step: [411/1543], batch loss: 0.11629, batch accuracy: 95.95, data load time: 0.03276, step time: 0.10339
epoch: [16], step: [511/1543], batch loss: 0.08845, batch accuracy: 95.10, data load time: 0.05493, step time: 0.10038
epoch: [16], step: [611/1543], batch loss: 0.10730, batch accuracy: 94.03, data load time: 0.07682, step time: 0.10110
epoch: [16], step: [711/1543], batch loss: 0.09625, batch accuracy: 92.09, data load time: 0.06975, step time: 0.09957
epoch: [16], step: [811/1543], batch loss: 0.10572, batch accuracy: 93.98, data load time: 0.06326, step time: 0.09970
epoch: [16], step: [911/1543], batch loss: 0.07613, batch accuracy: 98.31, data load time: 0.05657, step time: 0.09386
epoch: [16], step: [1011/1543], batch loss: 0.09785, batch accuracy: 95.46, data load time: 0.06444, step time: 0.10034
epoch: [16], step: [1111/1543], batch loss: 0.12317, batch accuracy: 95.85, data load time: 0.06874, step time: 0.09953
epoch: [16], step: [1211/1543], batch loss: 0.09902, batch accuracy: 96.10, data load time: 0.01984, step time: 0.10107
epoch: [16], step: [1311/1543], batch loss: 0.08338, batch accuracy: 95.77, data load time: 0.04536, step time: 0.09757
epoch: [16], step: [1411/1543], batch loss: 0.10304, batch accuracy: 96.04, data load time: 0.02121, step time: 0.09908
epoch: [16], step: [1511/1543], batch loss: 0.18064, batch accuracy: 92.13, data load time: 0.05537, step time: 0.10395
EVALUATION METRICS:
-------------------------------------------------------------

Validation AUC Score: 0.8798

-------------------------------------------------------------
validation loss: 0.14107, accuracy: 87.98
epoch: [17], step: [68/1543], batch loss: 0.17467, batch accuracy: 89.65, data load time: 0.01379, step time: 0.10312
epoch: [17], step: [168/1543], batch loss: 0.12105, batch accuracy: 88.68, data load time: 0.04967, step time: 0.09905
epoch: [17], step: [268/1543], batch loss: 0.09127, batch accuracy: 97.11, data load time: 0.04472, step time: 0.09956
epoch: [17], step: [368/1543], batch loss: 0.09538, batch accuracy: 94.91, data load time: 0.01612, step time: 0.10336
epoch: [17], step: [468/1543], batch loss: 0.11863, batch accuracy: 94.97, data load time: 0.01943, step time: 0.10391
epoch: [17], step: [568/1543], batch loss: 0.13731, batch accuracy: 91.52, data load time: 0.01782, step time: 0.10099
epoch: [17], step: [668/1543], batch loss: 0.07600, batch accuracy: 97.53, data load time: 0.01670, step time: 0.09819
epoch: [17], step: [768/1543], batch loss: 0.11427, batch accuracy: 96.11, data load time: 0.01980, step time: 0.10601
epoch: [17], step: [868/1543], batch loss: 0.16305, batch accuracy: 92.03, data load time: 0.02061, step time: 0.10678
epoch: [17], step: [968/1543], batch loss: 0.12890, batch accuracy: 94.92, data load time: 0.01855, step time: 0.10035
epoch: [17], step: [1068/1543], batch loss: 0.09589, batch accuracy: 96.21, data load time: 0.03281, step time: 0.10110
epoch: [17], step: [1168/1543], batch loss: 0.09254, batch accuracy: 95.85, data load time: 0.02150, step time: 0.09943
epoch: [17], step: [1268/1543], batch loss: 0.10180, batch accuracy: 95.34, data load time: 0.02054, step time: 0.10058
epoch: [17], step: [1368/1543], batch loss: 0.10655, batch accuracy: 93.13, data load time: 0.02015, step time: 0.09902
epoch: [17], step: [1468/1543], batch loss: 0.09499, batch accuracy: 92.23, data load time: 0.01977, step time: 0.09899
Epoch 00018: reducing learning rate of group 0 to 2.5000e-05.
EVALUATION METRICS:
-------------------------------------------------------------

Validation AUC Score: 0.8803

-------------------------------------------------------------
validation loss: 0.14062, accuracy: 88.03
epoch: [18], step: [25/1543], batch loss: 0.11665, batch accuracy: 95.92, data load time: 0.05437, step time: 0.10537
epoch: [18], step: [125/1543], batch loss: 0.09771, batch accuracy: 96.55, data load time: 0.05693, step time: 0.09979
epoch: [18], step: [225/1543], batch loss: 0.06795, batch accuracy: 99.49, data load time: 0.05966, step time: 0.10097
epoch: [18], step: [325/1543], batch loss: 0.11015, batch accuracy: 94.81, data load time: 0.06582, step time: 0.09950
epoch: [18], step: [425/1543], batch loss: 0.08944, batch accuracy: 94.74, data load time: 0.01422, step time: 0.09810
epoch: [18], step: [525/1543], batch loss: 0.08293, batch accuracy: 97.79, data load time: 0.17392, step time: 0.10171
epoch: [18], step: [625/1543], batch loss: 0.09865, batch accuracy: 94.93, data load time: 0.08084, step time: 0.09969
epoch: [18], step: [725/1543], batch loss: 0.08055, batch accuracy: 98.14, data load time: 0.09361, step time: 0.10066
epoch: [18], step: [825/1543], batch loss: 0.10860, batch accuracy: 97.02, data load time: 0.06136, step time: 0.10174
epoch: [18], step: [925/1543], batch loss: 0.09765, batch accuracy: 93.43, data load time: 0.05695, step time: 0.10013
epoch: [18], step: [1025/1543], batch loss: 0.09080, batch accuracy: 98.03, data load time: 0.07928, step time: 0.10072
epoch: [18], step: [1125/1543], batch loss: 0.10385, batch accuracy: 96.20, data load time: 0.05210, step time: 0.10257
epoch: [18], step: [1225/1543], batch loss: 0.13057, batch accuracy: 90.27, data load time: 0.06722, step time: 0.09787
epoch: [18], step: [1325/1543], batch loss: 0.08042, batch accuracy: 97.45, data load time: 0.04563, step time: 0.10030
epoch: [18], step: [1425/1543], batch loss: 0.10043, batch accuracy: 94.79, data load time: 0.06952, step time: 0.10017
epoch: [18], step: [1525/1543], batch loss: 0.11996, batch accuracy: 94.27, data load time: 0.03711, step time: 0.10388
EVALUATION METRICS:
-------------------------------------------------------------

Validation AUC Score: 0.8796

-------------------------------------------------------------
validation loss: 0.14111, accuracy: 87.96
epoch: [19], step: [82/1543], batch loss: 0.12449, batch accuracy: 89.27, data load time: 0.06093, step time: 0.09876
epoch: [19], step: [182/1543], batch loss: 0.09460, batch accuracy: 93.34, data load time: 0.03486, step time: 0.10034
epoch: [19], step: [282/1543], batch loss: 0.11099, batch accuracy: 96.56, data load time: 0.06957, step time: 0.09850
epoch: [19], step: [382/1543], batch loss: 0.07014, batch accuracy: 98.17, data load time: 0.03868, step time: 0.09955
epoch: [19], step: [482/1543], batch loss: 0.11516, batch accuracy: 90.33, data load time: 0.03229, step time: 0.10077
epoch: [19], step: [582/1543], batch loss: 0.10691, batch accuracy: 95.66, data load time: 0.01130, step time: 0.09880
epoch: [19], step: [682/1543], batch loss: 0.12630, batch accuracy: 94.16, data load time: 0.02136, step time: 0.10185
epoch: [19], step: [782/1543], batch loss: 0.11073, batch accuracy: 95.17, data load time: 0.01435, step time: 0.10024
epoch: [19], step: [882/1543], batch loss: 0.11594, batch accuracy: 96.93, data load time: 0.02730, step time: 0.10466
epoch: [19], step: [982/1543], batch loss: 0.10467, batch accuracy: 97.88, data load time: 0.01763, step time: 0.10013
epoch: [19], step: [1082/1543], batch loss: 0.14199, batch accuracy: 96.23, data load time: 0.03673, step time: 0.10324
epoch: [19], step: [1182/1543], batch loss: 0.11482, batch accuracy: 90.76, data load time: 0.01998, step time: 0.10269
epoch: [19], step: [1282/1543], batch loss: 0.12708, batch accuracy: 91.27, data load time: 0.02048, step time: 0.09951
epoch: [19], step: [1382/1543], batch loss: 0.12682, batch accuracy: 93.97, data load time: 0.03568, step time: 0.10332
epoch: [19], step: [1482/1543], batch loss: 0.11842, batch accuracy: 94.61, data load time: 0.05338, step time: 0.10167
EVALUATION METRICS:
-------------------------------------------------------------

Validation AUC Score: 0.8801

-------------------------------------------------------------
validation loss: 0.14041, accuracy: 88.01
EVALUATION METRICS:
-------------------------------------------------------------

Test AUC Score: 0.8892, Class Labels: ambient: 0.9294, baroque: 0.9491, bass: 0.8057, beat: 0.9174, cello: 0.9175, chant: 0.9406, choir: 0.9887, classical: 0.8896, country: 0.9270, dance: 0.9513, drum: 0.8657, eastern: 0.8727, electro: 0.8555, fast: 0.8752, female: 0.9285, flute: 0.9426, folk: 0.8809, foreign: 0.9017, guitar: 0.8920, hard: 0.9734, harp: 0.9283, harpsichord: 0.9779, heavy: 0.9837, india: 0.8654, jazz: 0.9376, loud: 0.9010, male: 0.9336, modern: 0.7507, new age: 0.8519, no beat: 0.7175, no piano: 0.6560, no singer: 0.6598, opera: 0.9725, orchestra: 0.9331, piano: 0.9479, pop: 0.9375, quiet: 0.8996, rock: 0.9812, singer: 0.8805, sitar: 0.9122, slow: 0.8216, soft: 0.8278, solo: 0.8757, strange: 0.7639, string: 0.8619, synth: 0.8388, techno: 0.9481, trance: 0.9051, violin: 0.9135, vocal: 0.8688

-------------------------------------------------------------
validation loss: 0.40181, accuracy: 88.92
