Loading data from trainSpec_dataset
Loading data from valSpec_dataset
Loading data from testSpec_dataset
Writing logs to logs/CNN_sgd_momentum=0.8_learning_rate=0.01_conv_length=256_conv_stride=256_batch_size=10_epochs=20_weight_decay=1e-05_model=ChunkResCNN1_op=adam_dropout=0.1_run_0
epoch: [0], step: [99/1543], batch loss: 0.22299, batch accuracy: 68.28, data load time: 0.12657, step time: 0.09926
epoch: [0], step: [199/1543], batch loss: 0.21189, batch accuracy: 54.01, data load time: 0.16399, step time: 0.09881
epoch: [0], step: [299/1543], batch loss: 0.22894, batch accuracy: 74.21, data load time: 0.14759, step time: 0.10265
epoch: [0], step: [399/1543], batch loss: 0.26727, batch accuracy: 66.50, data load time: 0.25147, step time: 0.10316
epoch: [0], step: [499/1543], batch loss: 0.26482, batch accuracy: 69.53, data load time: 0.20556, step time: 0.10292
epoch: [0], step: [599/1543], batch loss: 0.17184, batch accuracy: 82.92, data load time: 0.23461, step time: 0.09749
epoch: [0], step: [699/1543], batch loss: 0.21176, batch accuracy: 68.12, data load time: 0.15223, step time: 0.10019
epoch: [0], step: [799/1543], batch loss: 0.21207, batch accuracy: 76.20, data load time: 0.30452, step time: 0.10301
epoch: [0], step: [899/1543], batch loss: 0.18910, batch accuracy: 79.97, data load time: 0.17080, step time: 0.09968
epoch: [0], step: [999/1543], batch loss: 0.26187, batch accuracy: 70.32, data load time: 0.13562, step time: 0.10067
epoch: [0], step: [1099/1543], batch loss: 0.29735, batch accuracy: 53.13, data load time: 0.17444, step time: 0.09932
epoch: [0], step: [1199/1543], batch loss: 0.21809, batch accuracy: 79.17, data load time: 0.18089, step time: 0.10272
epoch: [0], step: [1299/1543], batch loss: 0.19956, batch accuracy: 83.24, data load time: 0.18857, step time: 0.10408
epoch: [0], step: [1399/1543], batch loss: 0.21475, batch accuracy: 76.45, data load time: 0.15120, step time: 0.10224
epoch: [0], step: [1499/1543], batch loss: 0.15215, batch accuracy: 71.23, data load time: 0.23849, step time: 0.09724
EVALUATION METRICS:
-------------------------------------------------------------

Validation AUC Score: 0.7304

-------------------------------------------------------------
validation loss: 0.33201, accuracy: 73.04
epoch: [1], step: [56/1543], batch loss: 0.17964, batch accuracy: 80.49, data load time: 0.15752, step time: 0.10227
epoch: [1], step: [156/1543], batch loss: 0.23608, batch accuracy: 81.98, data load time: 0.08596, step time: 0.10413
epoch: [1], step: [256/1543], batch loss: 0.20590, batch accuracy: 67.40, data load time: 0.16951, step time: 0.09937
epoch: [1], step: [356/1543], batch loss: 0.17405, batch accuracy: 75.71, data load time: 0.06816, step time: 0.09924
epoch: [1], step: [456/1543], batch loss: 0.16359, batch accuracy: 89.51, data load time: 0.15071, step time: 0.10153
epoch: [1], step: [556/1543], batch loss: 0.17247, batch accuracy: 85.20, data load time: 0.08783, step time: 0.10104
epoch: [1], step: [656/1543], batch loss: 0.26980, batch accuracy: 66.19, data load time: 0.14695, step time: 0.10417
epoch: [1], step: [756/1543], batch loss: 0.23454, batch accuracy: 75.65, data load time: 0.10030, step time: 0.10102
epoch: [1], step: [856/1543], batch loss: 0.17453, batch accuracy: 78.97, data load time: 0.16252, step time: 0.09913
epoch: [1], step: [956/1543], batch loss: 0.13452, batch accuracy: 85.07, data load time: 0.11019, step time: 0.09949
epoch: [1], step: [1056/1543], batch loss: 0.21088, batch accuracy: 75.19, data load time: 0.21739, step time: 0.10297
epoch: [1], step: [1156/1543], batch loss: 0.31046, batch accuracy: 77.57, data load time: 0.14685, step time: 0.10583
epoch: [1], step: [1256/1543], batch loss: 0.17631, batch accuracy: 84.69, data load time: 0.14574, step time: 0.10075
epoch: [1], step: [1356/1543], batch loss: 0.20431, batch accuracy: 69.86, data load time: 0.17269, step time: 0.10303
epoch: [1], step: [1456/1543], batch loss: 0.25904, batch accuracy: 75.45, data load time: 0.14267, step time: 0.10630
EVALUATION METRICS:
-------------------------------------------------------------

Validation AUC Score: 0.7755

-------------------------------------------------------------
validation loss: 0.28828, accuracy: 77.55
epoch: [2], step: [13/1543], batch loss: 0.15017, batch accuracy: 71.65, data load time: 0.06680, step time: 0.09920
epoch: [2], step: [113/1543], batch loss: 0.16310, batch accuracy: 81.78, data load time: 0.15051, step time: 0.10350
epoch: [2], step: [213/1543], batch loss: 0.19810, batch accuracy: 71.01, data load time: 0.08952, step time: 0.10080
epoch: [2], step: [313/1543], batch loss: 0.14056, batch accuracy: 86.01, data load time: 0.10877, step time: 0.09810
epoch: [2], step: [413/1543], batch loss: 0.24533, batch accuracy: 77.55, data load time: 0.07501, step time: 0.10363
epoch: [2], step: [513/1543], batch loss: 0.23567, batch accuracy: 70.30, data load time: 0.16711, step time: 0.10517
epoch: [2], step: [613/1543], batch loss: 0.23684, batch accuracy: 60.18, data load time: 0.14817, step time: 0.10015
epoch: [2], step: [713/1543], batch loss: 0.16374, batch accuracy: 83.17, data load time: 0.08077, step time: 0.10018
epoch: [2], step: [813/1543], batch loss: 0.18714, batch accuracy: 80.63, data load time: 0.16036, step time: 0.10285
epoch: [2], step: [913/1543], batch loss: 0.17376, batch accuracy: 65.17, data load time: 0.19131, step time: 0.09434
epoch: [2], step: [1013/1543], batch loss: 0.21607, batch accuracy: 70.72, data load time: 0.28035, step time: 0.10012
epoch: [2], step: [1113/1543], batch loss: 0.20434, batch accuracy: 83.46, data load time: 0.13656, step time: 0.10141
epoch: [2], step: [1213/1543], batch loss: 0.23442, batch accuracy: 81.29, data load time: 0.11386, step time: 0.10213
epoch: [2], step: [1313/1543], batch loss: 0.18973, batch accuracy: 75.75, data load time: 0.15691, step time: 0.09864
epoch: [2], step: [1413/1543], batch loss: 0.19695, batch accuracy: 76.17, data load time: 0.13853, step time: 0.10324
epoch: [2], step: [1513/1543], batch loss: 0.14464, batch accuracy: 79.21, data load time: 0.16837, step time: 0.09848
EVALUATION METRICS:
-------------------------------------------------------------

Validation AUC Score: 0.7711

-------------------------------------------------------------
validation loss: 0.18872, accuracy: 77.11
epoch: [3], step: [70/1543], batch loss: 0.24139, batch accuracy: 64.00, data load time: 0.17375, step time: 0.10318
epoch: [3], step: [170/1543], batch loss: 0.17315, batch accuracy: 78.88, data load time: 0.11258, step time: 0.10372
epoch: [3], step: [270/1543], batch loss: 0.24883, batch accuracy: 72.47, data load time: 0.20090, step time: 0.10068
epoch: [3], step: [370/1543], batch loss: 0.18304, batch accuracy: 72.88, data load time: 0.13502, step time: 0.10651
epoch: [3], step: [470/1543], batch loss: 0.18843, batch accuracy: 72.89, data load time: 0.13755, step time: 0.09788
epoch: [3], step: [570/1543], batch loss: 0.21396, batch accuracy: 72.36, data load time: 0.07131, step time: 0.09995
epoch: [3], step: [670/1543], batch loss: 0.20265, batch accuracy: 65.38, data load time: 0.17307, step time: 0.10000
epoch: [3], step: [770/1543], batch loss: 0.16351, batch accuracy: 83.10, data load time: 0.12757, step time: 0.09891
epoch: [3], step: [870/1543], batch loss: 0.17689, batch accuracy: 75.85, data load time: 0.18088, step time: 0.09857
epoch: [3], step: [970/1543], batch loss: 0.23002, batch accuracy: 57.01, data load time: 0.17726, step time: 0.09800
epoch: [3], step: [1070/1543], batch loss: 0.18371, batch accuracy: 76.88, data load time: 0.13744, step time: 0.09999
epoch: [3], step: [1170/1543], batch loss: 0.21240, batch accuracy: 84.15, data load time: 0.14575, step time: 0.10430
epoch: [3], step: [1270/1543], batch loss: 0.16836, batch accuracy: 83.09, data load time: 0.14872, step time: 0.10074
epoch: [3], step: [1370/1543], batch loss: 0.18349, batch accuracy: 85.05, data load time: 0.22893, step time: 0.09911
epoch: [3], step: [1470/1543], batch loss: 0.18767, batch accuracy: 86.11, data load time: 0.14245, step time: 0.10013
EVALUATION METRICS:
-------------------------------------------------------------

Validation AUC Score: 0.8065

-------------------------------------------------------------
validation loss: 0.21531, accuracy: 80.65
epoch: [4], step: [27/1543], batch loss: 0.19796, batch accuracy: 72.10, data load time: 0.08448, step time: 0.10157
epoch: [4], step: [127/1543], batch loss: 0.20389, batch accuracy: 84.53, data load time: 0.24226, step time: 0.10370
epoch: [4], step: [227/1543], batch loss: 0.16389, batch accuracy: 79.10, data load time: 0.08869, step time: 0.09799
epoch: [4], step: [327/1543], batch loss: 0.19938, batch accuracy: 84.53, data load time: 0.17395, step time: 0.10494
epoch: [4], step: [427/1543], batch loss: 0.21679, batch accuracy: 88.22, data load time: 0.09324, step time: 0.10440
epoch: [4], step: [527/1543], batch loss: 0.18558, batch accuracy: 79.50, data load time: 0.13420, step time: 0.10274
epoch: [4], step: [627/1543], batch loss: 0.18302, batch accuracy: 71.31, data load time: 0.18681, step time: 0.10132
epoch: [4], step: [727/1543], batch loss: 0.15883, batch accuracy: 76.01, data load time: 0.16884, step time: 0.10000
epoch: [4], step: [827/1543], batch loss: 0.19223, batch accuracy: 68.79, data load time: 0.12748, step time: 0.10143
epoch: [4], step: [927/1543], batch loss: 0.21021, batch accuracy: 65.92, data load time: 0.11086, step time: 0.09997
epoch: [4], step: [1027/1543], batch loss: 0.19094, batch accuracy: 76.14, data load time: 0.32071, step time: 0.10287
epoch: [4], step: [1127/1543], batch loss: 0.19194, batch accuracy: 79.30, data load time: 0.11008, step time: 0.10209
epoch: [4], step: [1227/1543], batch loss: 0.21811, batch accuracy: 79.64, data load time: 0.16275, step time: 0.10067
epoch: [4], step: [1327/1543], batch loss: 0.20852, batch accuracy: 85.37, data load time: 0.16765, step time: 0.10496
epoch: [4], step: [1427/1543], batch loss: 0.23484, batch accuracy: 70.82, data load time: 0.15382, step time: 0.10346
epoch: [4], step: [1527/1543], batch loss: 0.16743, batch accuracy: 69.96, data load time: 0.16833, step time: 0.09904
EVALUATION METRICS:
-------------------------------------------------------------

Validation AUC Score: 0.7995

-------------------------------------------------------------
validation loss: 0.32076, accuracy: 79.95
epoch: [5], step: [84/1543], batch loss: 0.16274, batch accuracy: 89.99, data load time: 0.07191, step time: 0.09934
epoch: [5], step: [184/1543], batch loss: 0.13379, batch accuracy: 86.36, data load time: 0.11135, step time: 0.10003
epoch: [5], step: [284/1543], batch loss: 0.23260, batch accuracy: 71.52, data load time: 0.15462, step time: 0.10214
epoch: [5], step: [384/1543], batch loss: 0.18549, batch accuracy: 81.91, data load time: 0.16395, step time: 0.10224
epoch: [5], step: [484/1543], batch loss: 0.16352, batch accuracy: 75.73, data load time: 0.08217, step time: 0.09854
epoch: [5], step: [584/1543], batch loss: 0.22394, batch accuracy: 77.95, data load time: 0.22820, step time: 0.10284
epoch: [5], step: [684/1543], batch loss: 0.18775, batch accuracy: 65.70, data load time: 0.13468, step time: 0.09873
epoch: [5], step: [784/1543], batch loss: 0.18054, batch accuracy: 86.52, data load time: 0.13528, step time: 0.10336
epoch: [5], step: [884/1543], batch loss: 0.18372, batch accuracy: 81.53, data load time: 0.15114, step time: 0.09918
epoch: [5], step: [984/1543], batch loss: 0.21835, batch accuracy: 87.43, data load time: 0.17532, step time: 0.10717
epoch: [5], step: [1084/1543], batch loss: 0.13311, batch accuracy: 78.58, data load time: 0.13815, step time: 0.09989
epoch: [5], step: [1184/1543], batch loss: 0.19565, batch accuracy: 77.71, data load time: 0.18032, step time: 0.10092
epoch: [5], step: [1284/1543], batch loss: 0.25518, batch accuracy: 76.75, data load time: 0.18600, step time: 0.10563
epoch: [5], step: [1384/1543], batch loss: 0.15595, batch accuracy: 69.40, data load time: 0.14685, step time: 0.09666
epoch: [5], step: [1484/1543], batch loss: 0.22845, batch accuracy: 81.09, data load time: 0.18176, step time: 0.10407
EVALUATION METRICS:
-------------------------------------------------------------

Validation AUC Score: 0.8036

-------------------------------------------------------------
validation loss: 0.18149, accuracy: 80.36
epoch: [6], step: [41/1543], batch loss: 0.17629, batch accuracy: 85.25, data load time: 0.05414, step time: 0.10430
epoch: [6], step: [141/1543], batch loss: 0.21199, batch accuracy: 80.76, data load time: 0.05861, step time: 0.10269
epoch: [6], step: [241/1543], batch loss: 0.17497, batch accuracy: 81.98, data load time: 0.09546, step time: 0.09804
epoch: [6], step: [341/1543], batch loss: 0.17826, batch accuracy: 79.51, data load time: 0.22453, step time: 0.09924
epoch: [6], step: [441/1543], batch loss: 0.14714, batch accuracy: 86.33, data load time: 0.21290, step time: 0.09795
epoch: [6], step: [541/1543], batch loss: 0.15133, batch accuracy: 82.71, data load time: 0.15970, step time: 0.09939
epoch: [6], step: [641/1543], batch loss: 0.19547, batch accuracy: 74.40, data load time: 0.19360, step time: 0.10225
epoch: [6], step: [741/1543], batch loss: 0.19394, batch accuracy: 84.40, data load time: 0.26371, step time: 0.10303
epoch: [6], step: [841/1543], batch loss: 0.13597, batch accuracy: 82.17, data load time: 0.17376, step time: 0.09724
epoch: [6], step: [941/1543], batch loss: 0.13750, batch accuracy: 87.13, data load time: 0.24116, step time: 0.09597
epoch: [6], step: [1041/1543], batch loss: 0.13426, batch accuracy: 83.47, data load time: 0.20120, step time: 0.09575
epoch: [6], step: [1141/1543], batch loss: 0.23285, batch accuracy: 78.95, data load time: 0.16839, step time: 0.10786
epoch: [6], step: [1241/1543], batch loss: 0.19484, batch accuracy: 77.70, data load time: 0.12780, step time: 0.10349
epoch: [6], step: [1341/1543], batch loss: 0.14775, batch accuracy: 81.17, data load time: 0.18819, step time: 0.09963
epoch: [6], step: [1441/1543], batch loss: 0.19570, batch accuracy: 83.43, data load time: 0.17936, step time: 0.09919
epoch: [6], step: [1541/1543], batch loss: 0.20910, batch accuracy: 67.53, data load time: 0.16087, step time: 0.10071
Epoch 00007: reducing learning rate of group 0 to 2.5000e-04.
EVALUATION METRICS:
-------------------------------------------------------------

Validation AUC Score: 0.7924

-------------------------------------------------------------
validation loss: 0.17934, accuracy: 79.24
epoch: [7], step: [98/1543], batch loss: 0.23181, batch accuracy: 74.81, data load time: 0.10201, step time: 0.10417
epoch: [7], step: [198/1543], batch loss: 0.19084, batch accuracy: 71.58, data load time: 0.12877, step time: 0.10135
epoch: [7], step: [298/1543], batch loss: 0.16920, batch accuracy: 88.09, data load time: 0.18654, step time: 0.10132
epoch: [7], step: [398/1543], batch loss: 0.16607, batch accuracy: 71.65, data load time: 0.08367, step time: 0.09551
epoch: [7], step: [498/1543], batch loss: 0.21314, batch accuracy: 78.91, data load time: 0.07092, step time: 0.10055
epoch: [7], step: [598/1543], batch loss: 0.17285, batch accuracy: 83.16, data load time: 0.15967, step time: 0.10210
epoch: [7], step: [698/1543], batch loss: 0.14490, batch accuracy: 89.35, data load time: 0.17899, step time: 0.09861
epoch: [7], step: [798/1543], batch loss: 0.19631, batch accuracy: 80.94, data load time: 0.21587, step time: 0.10144
epoch: [7], step: [898/1543], batch loss: 0.18953, batch accuracy: 83.47, data load time: 0.13615, step time: 0.10077
epoch: [7], step: [998/1543], batch loss: 0.16343, batch accuracy: 74.07, data load time: 0.16460, step time: 0.09874
epoch: [7], step: [1098/1543], batch loss: 0.19394, batch accuracy: 75.22, data load time: 0.11697, step time: 0.09711
epoch: [7], step: [1198/1543], batch loss: 0.16793, batch accuracy: 87.07, data load time: 0.08125, step time: 0.09704
epoch: [7], step: [1298/1543], batch loss: 0.16327, batch accuracy: 87.73, data load time: 0.13045, step time: 0.10147
epoch: [7], step: [1398/1543], batch loss: 0.16925, batch accuracy: 82.96, data load time: 0.15775, step time: 0.09923
epoch: [7], step: [1498/1543], batch loss: 0.17849, batch accuracy: 80.35, data load time: 0.16780, step time: 0.09937
EVALUATION METRICS:
-------------------------------------------------------------

Validation AUC Score: 0.8186

-------------------------------------------------------------
validation loss: 0.18288, accuracy: 81.86
epoch: [8], step: [55/1543], batch loss: 0.20398, batch accuracy: 80.50, data load time: 0.06980, step time: 0.10411
epoch: [8], step: [155/1543], batch loss: 0.17366, batch accuracy: 84.77, data load time: 0.18696, step time: 0.10008
epoch: [8], step: [255/1543], batch loss: 0.17887, batch accuracy: 83.18, data load time: 0.05582, step time: 0.10210
epoch: [8], step: [355/1543], batch loss: 0.20151, batch accuracy: 87.47, data load time: 0.16255, step time: 0.10285
epoch: [8], step: [455/1543], batch loss: 0.17334, batch accuracy: 88.83, data load time: 0.11203, step time: 0.10204
epoch: [8], step: [555/1543], batch loss: 0.19495, batch accuracy: 82.01, data load time: 0.13474, step time: 0.10013
epoch: [8], step: [655/1543], batch loss: 0.18457, batch accuracy: 82.63, data load time: 0.16843, step time: 0.10269
epoch: [8], step: [755/1543], batch loss: 0.19157, batch accuracy: 84.55, data load time: 0.13318, step time: 0.10153
epoch: [8], step: [855/1543], batch loss: 0.17274, batch accuracy: 86.89, data load time: 0.13987, step time: 0.10213
epoch: [8], step: [955/1543], batch loss: 0.13518, batch accuracy: 82.49, data load time: 0.07474, step time: 0.09676
epoch: [8], step: [1055/1543], batch loss: 0.17901, batch accuracy: 84.03, data load time: 0.18370, step time: 0.10075
epoch: [8], step: [1155/1543], batch loss: 0.18057, batch accuracy: 79.71, data load time: 0.18737, step time: 0.09924
epoch: [8], step: [1255/1543], batch loss: 0.14468, batch accuracy: 88.08, data load time: 0.20348, step time: 0.09787
epoch: [8], step: [1355/1543], batch loss: 0.20381, batch accuracy: 82.30, data load time: 0.15952, step time: 0.10429
epoch: [8], step: [1455/1543], batch loss: 0.14556, batch accuracy: 81.34, data load time: 0.19964, step time: 0.09866
EVALUATION METRICS:
-------------------------------------------------------------

Validation AUC Score: 0.8287

-------------------------------------------------------------
validation loss: 0.17331, accuracy: 82.87
epoch: [9], step: [12/1543], batch loss: 0.12075, batch accuracy: 75.89, data load time: 0.07002, step time: 0.09363
epoch: [9], step: [112/1543], batch loss: 0.16474, batch accuracy: 83.20, data load time: 0.14217, step time: 0.10022
epoch: [9], step: [212/1543], batch loss: 0.16121, batch accuracy: 83.41, data load time: 0.09979, step time: 0.10077
epoch: [9], step: [312/1543], batch loss: 0.20813, batch accuracy: 84.99, data load time: 0.16090, step time: 0.10213
epoch: [9], step: [412/1543], batch loss: 0.14486, batch accuracy: 86.77, data load time: 0.10096, step time: 0.09872
epoch: [9], step: [512/1543], batch loss: 0.15484, batch accuracy: 91.51, data load time: 0.08223, step time: 0.10225
epoch: [9], step: [612/1543], batch loss: 0.21640, batch accuracy: 79.33, data load time: 0.12251, step time: 0.10499
epoch: [9], step: [712/1543], batch loss: 0.13427, batch accuracy: 94.75, data load time: 0.11615, step time: 0.09855
epoch: [9], step: [812/1543], batch loss: 0.17523, batch accuracy: 82.69, data load time: 0.11385, step time: 0.10223
epoch: [9], step: [912/1543], batch loss: 0.23443, batch accuracy: 87.41, data load time: 0.11012, step time: 0.10624
epoch: [9], step: [1012/1543], batch loss: 0.23246, batch accuracy: 70.55, data load time: 0.12838, step time: 0.10087
epoch: [9], step: [1112/1543], batch loss: 0.20473, batch accuracy: 85.23, data load time: 0.13338, step time: 0.10357
epoch: [9], step: [1212/1543], batch loss: 0.19150, batch accuracy: 76.97, data load time: 0.12208, step time: 0.10135
epoch: [9], step: [1312/1543], batch loss: 0.16502, batch accuracy: 85.73, data load time: 0.13631, step time: 0.09951
epoch: [9], step: [1412/1543], batch loss: 0.16057, batch accuracy: 89.25, data load time: 0.17842, step time: 0.10361
epoch: [9], step: [1512/1543], batch loss: 0.18149, batch accuracy: 84.29, data load time: 0.15864, step time: 0.10419
EVALUATION METRICS:
-------------------------------------------------------------

Validation AUC Score: 0.8249

-------------------------------------------------------------
validation loss: 0.35424, accuracy: 82.49
epoch: [10], step: [69/1543], batch loss: 0.21458, batch accuracy: 79.20, data load time: 0.07741, step time: 0.10138
epoch: [10], step: [169/1543], batch loss: 0.16363, batch accuracy: 84.61, data load time: 0.14013, step time: 0.10005
epoch: [10], step: [269/1543], batch loss: 0.19429, batch accuracy: 76.23, data load time: 0.11040, step time: 0.10071
epoch: [10], step: [369/1543], batch loss: 0.15665, batch accuracy: 89.28, data load time: 0.04797, step time: 0.10143
epoch: [10], step: [469/1543], batch loss: 0.12148, batch accuracy: 90.48, data load time: 0.07382, step time: 0.09938
epoch: [10], step: [569/1543], batch loss: 0.13638, batch accuracy: 84.89, data load time: 0.16995, step time: 0.09856
epoch: [10], step: [669/1543], batch loss: 0.17165, batch accuracy: 86.56, data load time: 0.21093, step time: 0.10155
epoch: [10], step: [769/1543], batch loss: 0.19375, batch accuracy: 86.32, data load time: 0.17937, step time: 0.10282
epoch: [10], step: [869/1543], batch loss: 0.16164, batch accuracy: 85.70, data load time: 0.14366, step time: 0.10072
epoch: [10], step: [969/1543], batch loss: 0.14042, batch accuracy: 93.72, data load time: 0.12798, step time: 0.10411
epoch: [10], step: [1069/1543], batch loss: 0.11637, batch accuracy: 97.19, data load time: 0.09515, step time: 0.09854
epoch: [10], step: [1169/1543], batch loss: 0.16046, batch accuracy: 83.50, data load time: 0.15336, step time: 0.09789
epoch: [10], step: [1269/1543], batch loss: 0.12465, batch accuracy: 81.51, data load time: 0.11033, step time: 0.09568
epoch: [10], step: [1369/1543], batch loss: 0.12858, batch accuracy: 87.34, data load time: 0.10234, step time: 0.09774
epoch: [10], step: [1469/1543], batch loss: 0.15786, batch accuracy: 85.97, data load time: 0.13919, step time: 0.10058
EVALUATION METRICS:
-------------------------------------------------------------

Validation AUC Score: 0.8380

-------------------------------------------------------------
validation loss: 0.16230, accuracy: 83.80
epoch: [11], step: [26/1543], batch loss: 0.16560, batch accuracy: 87.76, data load time: 0.10635, step time: 0.10576
epoch: [11], step: [126/1543], batch loss: 0.15222, batch accuracy: 80.78, data load time: 0.08995, step time: 0.09701
epoch: [11], step: [226/1543], batch loss: 0.14582, batch accuracy: 92.77, data load time: 0.09421, step time: 0.10016
epoch: [11], step: [326/1543], batch loss: 0.13370, batch accuracy: 92.27, data load time: 0.09503, step time: 0.10218
epoch: [11], step: [426/1543], batch loss: 0.12101, batch accuracy: 84.03, data load time: 0.04221, step time: 0.09722
epoch: [11], step: [526/1543], batch loss: 0.17399, batch accuracy: 81.09, data load time: 0.09147, step time: 0.10067
epoch: [11], step: [626/1543], batch loss: 0.12576, batch accuracy: 83.77, data load time: 0.05517, step time: 0.09778
epoch: [11], step: [726/1543], batch loss: 0.16509, batch accuracy: 78.96, data load time: 0.14140, step time: 0.10295
epoch: [11], step: [826/1543], batch loss: 0.16267, batch accuracy: 90.67, data load time: 0.09047, step time: 0.10350
epoch: [11], step: [926/1543], batch loss: 0.22808, batch accuracy: 71.77, data load time: 0.13169, step time: 0.10135
epoch: [11], step: [1026/1543], batch loss: 0.18406, batch accuracy: 86.79, data load time: 0.12124, step time: 0.10066
epoch: [11], step: [1126/1543], batch loss: 0.16000, batch accuracy: 84.81, data load time: 0.19820, step time: 0.10270
epoch: [11], step: [1226/1543], batch loss: 0.17169, batch accuracy: 86.17, data load time: 0.13668, step time: 0.10037
epoch: [11], step: [1326/1543], batch loss: 0.17474, batch accuracy: 83.16, data load time: 0.17550, step time: 0.09935
epoch: [11], step: [1426/1543], batch loss: 0.17195, batch accuracy: 86.76, data load time: 0.21723, step time: 0.10440
epoch: [11], step: [1526/1543], batch loss: 0.14352, batch accuracy: 89.61, data load time: 0.11357, step time: 0.10117
EVALUATION METRICS:
-------------------------------------------------------------

Validation AUC Score: 0.8368

-------------------------------------------------------------
validation loss: 0.17172, accuracy: 83.68
epoch: [12], step: [83/1543], batch loss: 0.11921, batch accuracy: 91.59, data load time: 0.02530, step time: 0.09682
epoch: [12], step: [183/1543], batch loss: 0.16443, batch accuracy: 81.64, data load time: 0.05015, step time: 0.09999
epoch: [12], step: [283/1543], batch loss: 0.12829, batch accuracy: 88.16, data load time: 0.08413, step time: 0.09761
epoch: [12], step: [383/1543], batch loss: 0.19389, batch accuracy: 78.54, data load time: 0.12564, step time: 0.09989
epoch: [12], step: [483/1543], batch loss: 0.14841, batch accuracy: 86.14, data load time: 0.06499, step time: 0.10002
epoch: [12], step: [583/1543], batch loss: 0.12853, batch accuracy: 91.38, data load time: 0.12779, step time: 0.09897
epoch: [12], step: [683/1543], batch loss: 0.18328, batch accuracy: 75.44, data load time: 0.07178, step time: 0.09855
epoch: [12], step: [783/1543], batch loss: 0.24336, batch accuracy: 80.84, data load time: 0.09320, step time: 0.10531
epoch: [12], step: [883/1543], batch loss: 0.15568, batch accuracy: 87.34, data load time: 0.08455, step time: 0.10186
epoch: [12], step: [983/1543], batch loss: 0.17149, batch accuracy: 87.93, data load time: 0.15837, step time: 0.10111
epoch: [12], step: [1083/1543], batch loss: 0.19283, batch accuracy: 86.23, data load time: 0.11991, step time: 0.10440
epoch: [12], step: [1183/1543], batch loss: 0.16444, batch accuracy: 78.64, data load time: 0.15048, step time: 0.09774
epoch: [12], step: [1283/1543], batch loss: 0.17700, batch accuracy: 82.33, data load time: 0.11768, step time: 0.10269
epoch: [12], step: [1383/1543], batch loss: 0.16630, batch accuracy: 90.03, data load time: 0.15132, step time: 0.10082
epoch: [12], step: [1483/1543], batch loss: 0.15328, batch accuracy: 85.56, data load time: 0.10850, step time: 0.09858
Epoch 00013: reducing learning rate of group 0 to 1.2500e-05.
EVALUATION METRICS:
-------------------------------------------------------------

Validation AUC Score: 0.8396

-------------------------------------------------------------
validation loss: 0.15829, accuracy: 83.96
epoch: [13], step: [40/1543], batch loss: 0.18391, batch accuracy: 87.94, data load time: 0.07151, step time: 0.10354
epoch: [13], step: [140/1543], batch loss: 0.18778, batch accuracy: 87.24, data load time: 0.07769, step time: 0.10593
epoch: [13], step: [240/1543], batch loss: 0.19981, batch accuracy: 84.85, data load time: 0.09111, step time: 0.10203
epoch: [13], step: [340/1543], batch loss: 0.25623, batch accuracy: 69.75, data load time: 0.06333, step time: 0.10354
epoch: [13], step: [440/1543], batch loss: 0.17000, batch accuracy: 86.88, data load time: 0.14053, step time: 0.10002
epoch: [13], step: [540/1543], batch loss: 0.15361, batch accuracy: 88.00, data load time: 0.09047, step time: 0.10073
epoch: [13], step: [640/1543], batch loss: 0.15035, batch accuracy: 91.45, data load time: 0.15584, step time: 0.10216
epoch: [13], step: [740/1543], batch loss: 0.21103, batch accuracy: 79.27, data load time: 0.14957, step time: 0.10268
epoch: [13], step: [840/1543], batch loss: 0.15320, batch accuracy: 87.14, data load time: 0.21409, step time: 0.10270
epoch: [13], step: [940/1543], batch loss: 0.14787, batch accuracy: 80.39, data load time: 0.18289, step time: 0.09877
epoch: [13], step: [1040/1543], batch loss: 0.15832, batch accuracy: 90.34, data load time: 0.17430, step time: 0.10148
epoch: [13], step: [1140/1543], batch loss: 0.17129, batch accuracy: 78.63, data load time: 0.15898, step time: 0.10067
epoch: [13], step: [1240/1543], batch loss: 0.15607, batch accuracy: 82.92, data load time: 0.18473, step time: 0.09675
epoch: [13], step: [1340/1543], batch loss: 0.18598, batch accuracy: 82.27, data load time: 0.12010, step time: 0.10211
epoch: [13], step: [1440/1543], batch loss: 0.15634, batch accuracy: 85.07, data load time: 0.20125, step time: 0.10015
epoch: [13], step: [1540/1543], batch loss: 0.16712, batch accuracy: 84.29, data load time: 0.16544, step time: 0.10505
EVALUATION METRICS:
-------------------------------------------------------------

Validation AUC Score: 0.8395

-------------------------------------------------------------
validation loss: 0.15961, accuracy: 83.95
epoch: [14], step: [97/1543], batch loss: 0.15267, batch accuracy: 89.34, data load time: 0.11750, step time: 0.10122
epoch: [14], step: [197/1543], batch loss: 0.18408, batch accuracy: 84.44, data load time: 0.07482, step time: 0.10201
epoch: [14], step: [297/1543], batch loss: 0.16025, batch accuracy: 81.75, data load time: 0.10737, step time: 0.09997
epoch: [14], step: [397/1543], batch loss: 0.22826, batch accuracy: 79.74, data load time: 0.12227, step time: 0.10183
epoch: [14], step: [497/1543], batch loss: 0.13977, batch accuracy: 89.76, data load time: 0.15778, step time: 0.10270
epoch: [14], step: [597/1543], batch loss: 0.18937, batch accuracy: 88.03, data load time: 0.13012, step time: 0.10701
epoch: [14], step: [697/1543], batch loss: 0.13917, batch accuracy: 89.61, data load time: 0.15100, step time: 0.09988
epoch: [14], step: [797/1543], batch loss: 0.19094, batch accuracy: 89.59, data load time: 0.13278, step time: 0.11289
epoch: [14], step: [897/1543], batch loss: 0.19756, batch accuracy: 88.17, data load time: 0.15521, step time: 0.10647
epoch: [14], step: [997/1543], batch loss: 0.19908, batch accuracy: 71.80, data load time: 0.19214, step time: 0.09924
epoch: [14], step: [1097/1543], batch loss: 0.19287, batch accuracy: 83.76, data load time: 0.12145, step time: 0.10122
epoch: [14], step: [1197/1543], batch loss: 0.16485, batch accuracy: 86.07, data load time: 0.14953, step time: 0.09924
epoch: [14], step: [1297/1543], batch loss: 0.11543, batch accuracy: 90.65, data load time: 0.14579, step time: 0.09568
epoch: [14], step: [1397/1543], batch loss: 0.12838, batch accuracy: 88.89, data load time: 0.14597, step time: 0.09848
epoch: [14], step: [1497/1543], batch loss: 0.16873, batch accuracy: 81.50, data load time: 0.14619, step time: 0.10209
EVALUATION METRICS:
-------------------------------------------------------------

Validation AUC Score: 0.8433

-------------------------------------------------------------
validation loss: 0.15684, accuracy: 84.33
epoch: [15], step: [54/1543], batch loss: 0.14025, batch accuracy: 87.39, data load time: 0.04212, step time: 0.10133
epoch: [15], step: [154/1543], batch loss: 0.17162, batch accuracy: 88.15, data load time: 0.09149, step time: 0.10215
epoch: [15], step: [254/1543], batch loss: 0.22965, batch accuracy: 80.82, data load time: 0.07635, step time: 0.10125
epoch: [15], step: [354/1543], batch loss: 0.15198, batch accuracy: 86.18, data load time: 0.02343, step time: 0.10110
epoch: [15], step: [454/1543], batch loss: 0.14131, batch accuracy: 81.74, data load time: 0.19764, step time: 0.09772
epoch: [15], step: [554/1543], batch loss: 0.16517, batch accuracy: 83.57, data load time: 0.09864, step time: 0.09990
epoch: [15], step: [654/1543], batch loss: 0.22701, batch accuracy: 81.47, data load time: 0.11795, step time: 0.10502
epoch: [15], step: [754/1543], batch loss: 0.22564, batch accuracy: 76.26, data load time: 0.16867, step time: 0.09930
epoch: [15], step: [854/1543], batch loss: 0.15690, batch accuracy: 90.10, data load time: 0.14641, step time: 0.10294
epoch: [15], step: [954/1543], batch loss: 0.16762, batch accuracy: 87.43, data load time: 0.14982, step time: 0.10119
epoch: [15], step: [1054/1543], batch loss: 0.12852, batch accuracy: 93.28, data load time: 0.17332, step time: 0.10072
epoch: [15], step: [1154/1543], batch loss: 0.24652, batch accuracy: 76.12, data load time: 0.21020, step time: 0.10473
epoch: [15], step: [1254/1543], batch loss: 0.20429, batch accuracy: 90.79, data load time: 0.14249, step time: 0.10705
epoch: [15], step: [1354/1543], batch loss: 0.14984, batch accuracy: 87.17, data load time: 0.09758, step time: 0.10021
epoch: [15], step: [1454/1543], batch loss: 0.16516, batch accuracy: 84.76, data load time: 0.19607, step time: 0.09978
Epoch 00016: reducing learning rate of group 0 to 6.2500e-07.
EVALUATION METRICS:
-------------------------------------------------------------

Validation AUC Score: 0.8385

-------------------------------------------------------------
validation loss: 0.16203, accuracy: 83.85
epoch: [16], step: [11/1543], batch loss: 0.14943, batch accuracy: 81.94, data load time: 0.08994, step time: 0.09767
epoch: [16], step: [111/1543], batch loss: 0.20902, batch accuracy: 92.64, data load time: 0.07882, step time: 0.10896
epoch: [16], step: [211/1543], batch loss: 0.13831, batch accuracy: 89.17, data load time: 0.06047, step time: 0.09788
epoch: [16], step: [311/1543], batch loss: 0.19244, batch accuracy: 82.78, data load time: 0.07190, step time: 0.10202
epoch: [16], step: [411/1543], batch loss: 0.21581, batch accuracy: 78.10, data load time: 0.12181, step time: 0.10419
epoch: [16], step: [511/1543], batch loss: 0.11938, batch accuracy: 90.78, data load time: 0.06756, step time: 0.09803
epoch: [16], step: [611/1543], batch loss: 0.16617, batch accuracy: 89.90, data load time: 0.12048, step time: 0.10066
epoch: [16], step: [711/1543], batch loss: 0.13407, batch accuracy: 89.60, data load time: 0.09676, step time: 0.09819
epoch: [16], step: [811/1543], batch loss: 0.12200, batch accuracy: 90.31, data load time: 0.10581, step time: 0.10016
epoch: [16], step: [911/1543], batch loss: 0.17365, batch accuracy: 87.47, data load time: 0.09891, step time: 0.10069
epoch: [16], step: [1011/1543], batch loss: 0.19198, batch accuracy: 86.64, data load time: 0.21948, step time: 0.10148
epoch: [16], step: [1111/1543], batch loss: 0.18000, batch accuracy: 84.68, data load time: 0.15591, step time: 0.10346
epoch: [16], step: [1211/1543], batch loss: 0.11137, batch accuracy: 90.75, data load time: 0.15143, step time: 0.09940
epoch: [16], step: [1311/1543], batch loss: 0.14682, batch accuracy: 88.29, data load time: 0.12277, step time: 0.09663
epoch: [16], step: [1411/1543], batch loss: 0.19125, batch accuracy: 76.74, data load time: 0.12372, step time: 0.09998
epoch: [16], step: [1511/1543], batch loss: 0.28932, batch accuracy: 76.59, data load time: 0.14424, step time: 0.10860
EVALUATION METRICS:
-------------------------------------------------------------

Validation AUC Score: 0.8432

-------------------------------------------------------------
validation loss: 0.15660, accuracy: 84.32
epoch: [17], step: [68/1543], batch loss: 0.12947, batch accuracy: 91.92, data load time: 0.05028, step time: 0.09849
epoch: [17], step: [168/1543], batch loss: 0.13122, batch accuracy: 91.15, data load time: 0.11887, step time: 0.10050
epoch: [17], step: [268/1543], batch loss: 0.22278, batch accuracy: 76.18, data load time: 0.18078, step time: 0.10319
epoch: [17], step: [368/1543], batch loss: 0.11377, batch accuracy: 87.80, data load time: 0.10512, step time: 0.09486
epoch: [17], step: [468/1543], batch loss: 0.14240, batch accuracy: 86.81, data load time: 0.10899, step time: 0.09952
epoch: [17], step: [568/1543], batch loss: 0.18738, batch accuracy: 77.84, data load time: 0.08621, step time: 0.10105
epoch: [17], step: [668/1543], batch loss: 0.15000, batch accuracy: 86.91, data load time: 0.13698, step time: 0.10258
epoch: [17], step: [768/1543], batch loss: 0.18842, batch accuracy: 79.07, data load time: 0.15403, step time: 0.09985
epoch: [17], step: [868/1543], batch loss: 0.13278, batch accuracy: 88.34, data load time: 0.12709, step time: 0.09904
epoch: [17], step: [968/1543], batch loss: 0.19224, batch accuracy: 83.50, data load time: 0.14278, step time: 0.10477
epoch: [17], step: [1068/1543], batch loss: 0.17343, batch accuracy: 91.98, data load time: 0.15613, step time: 0.10339
epoch: [17], step: [1168/1543], batch loss: 0.20626, batch accuracy: 82.50, data load time: 0.16023, step time: 0.10191
epoch: [17], step: [1268/1543], batch loss: 0.15082, batch accuracy: 94.15, data load time: 0.14323, step time: 0.09974
epoch: [17], step: [1368/1543], batch loss: 0.17672, batch accuracy: 80.65, data load time: 0.13512, step time: 0.10188
epoch: [17], step: [1468/1543], batch loss: 0.16807, batch accuracy: 82.13, data load time: 0.15757, step time: 0.09762
EVALUATION METRICS:
-------------------------------------------------------------

Validation AUC Score: 0.8408

-------------------------------------------------------------
validation loss: 0.15874, accuracy: 84.08
epoch: [18], step: [25/1543], batch loss: 0.13908, batch accuracy: 85.42, data load time: 0.05135, step time: 0.09977
epoch: [18], step: [125/1543], batch loss: 0.16071, batch accuracy: 80.36, data load time: 0.03433, step time: 0.09923
epoch: [18], step: [225/1543], batch loss: 0.15832, batch accuracy: 85.74, data load time: 0.10429, step time: 0.10201
epoch: [18], step: [325/1543], batch loss: 0.16900, batch accuracy: 85.35, data load time: 0.06527, step time: 0.10186
epoch: [18], step: [425/1543], batch loss: 0.14858, batch accuracy: 82.23, data load time: 0.15420, step time: 0.09789
epoch: [18], step: [525/1543], batch loss: 0.12512, batch accuracy: 87.93, data load time: 0.14160, step time: 0.09487
epoch: [18], step: [625/1543], batch loss: 0.12425, batch accuracy: 84.18, data load time: 0.11055, step time: 0.09270
epoch: [18], step: [725/1543], batch loss: 0.13731, batch accuracy: 85.60, data load time: 0.07185, step time: 0.09984
epoch: [18], step: [825/1543], batch loss: 0.20097, batch accuracy: 85.03, data load time: 0.13425, step time: 0.10130
epoch: [18], step: [925/1543], batch loss: 0.20911, batch accuracy: 84.33, data load time: 0.11436, step time: 0.10255
epoch: [18], step: [1025/1543], batch loss: 0.13458, batch accuracy: 88.65, data load time: 0.08960, step time: 0.10051
epoch: [18], step: [1125/1543], batch loss: 0.20701, batch accuracy: 83.98, data load time: 0.16576, step time: 0.10332
epoch: [18], step: [1225/1543], batch loss: 0.17224, batch accuracy: 85.17, data load time: 0.09829, step time: 0.09951
epoch: [18], step: [1325/1543], batch loss: 0.17484, batch accuracy: 81.38, data load time: 0.11691, step time: 0.10239
epoch: [18], step: [1425/1543], batch loss: 0.13720, batch accuracy: 82.33, data load time: 0.12707, step time: 0.09555
epoch: [18], step: [1525/1543], batch loss: 0.15260, batch accuracy: 87.26, data load time: 0.15503, step time: 0.10396
Epoch 00019: reducing learning rate of group 0 to 3.1250e-08.
EVALUATION METRICS:
-------------------------------------------------------------

Validation AUC Score: 0.8407

-------------------------------------------------------------
validation loss: 0.15815, accuracy: 84.07
epoch: [19], step: [82/1543], batch loss: 0.15889, batch accuracy: 87.08, data load time: 0.07069, step time: 0.10230
epoch: [19], step: [182/1543], batch loss: 0.17754, batch accuracy: 84.96, data load time: 0.09723, step time: 0.10212
epoch: [19], step: [282/1543], batch loss: 0.19388, batch accuracy: 87.82, data load time: 0.09697, step time: 0.10998
epoch: [19], step: [382/1543], batch loss: 0.12990, batch accuracy: 92.46, data load time: 0.07617, step time: 0.10049
epoch: [19], step: [482/1543], batch loss: 0.14092, batch accuracy: 92.45, data load time: 0.12037, step time: 0.10056
epoch: [19], step: [582/1543], batch loss: 0.18577, batch accuracy: 89.92, data load time: 0.09903, step time: 0.10190
epoch: [19], step: [682/1543], batch loss: 0.15140, batch accuracy: 81.69, data load time: 0.14949, step time: 0.10052
epoch: [19], step: [782/1543], batch loss: 0.12492, batch accuracy: 83.85, data load time: 0.18137, step time: 0.09622
epoch: [19], step: [882/1543], batch loss: 0.16405, batch accuracy: 80.86, data load time: 0.12264, step time: 0.10000
epoch: [19], step: [982/1543], batch loss: 0.14606, batch accuracy: 82.35, data load time: 0.15991, step time: 0.10225
epoch: [19], step: [1082/1543], batch loss: 0.17189, batch accuracy: 79.56, data load time: 0.20641, step time: 0.09921
epoch: [19], step: [1182/1543], batch loss: 0.14289, batch accuracy: 82.65, data load time: 0.15397, step time: 0.09933
epoch: [19], step: [1282/1543], batch loss: 0.12718, batch accuracy: 89.16, data load time: 0.15233, step time: 0.09933
epoch: [19], step: [1382/1543], batch loss: 0.17657, batch accuracy: 89.88, data load time: 0.13477, step time: 0.10557
epoch: [19], step: [1482/1543], batch loss: 0.14599, batch accuracy: 91.65, data load time: 0.12630, step time: 0.10115
EVALUATION METRICS:
-------------------------------------------------------------

Validation AUC Score: 0.8418

-------------------------------------------------------------
validation loss: 0.15809, accuracy: 84.18
EVALUATION METRICS:
-------------------------------------------------------------

Test AUC Score: 0.8546, Class Labels: ambient: 0.8915, baroque: 0.9195, bass: 0.7744, beat: 0.9121, cello: 0.8867, chant: 0.9092, choir: 0.9834, classical: 0.8698, country: 0.8860, dance: 0.9444, drum: 0.8251, eastern: 0.7950, electro: 0.8284, fast: 0.8171, female: 0.8777, flute: 0.8857, folk: 0.8377, foreign: 0.8340, guitar: 0.8434, hard: 0.9721, harp: 0.9081, harpsichord: 0.9749, heavy: 0.9772, india: 0.7862, jazz: 0.8645, loud: 0.9099, male: 0.8261, modern: 0.8079, new age: 0.8361, no beat: 0.6967, no piano: 0.6117, no singer: 0.6411, opera: 0.9583, orchestra: 0.8962, piano: 0.8916, pop: 0.9018, quiet: 0.8938, rock: 0.9767, singer: 0.8315, sitar: 0.7938, slow: 0.8008, soft: 0.8244, solo: 0.8319, strange: 0.7266, string: 0.8236, synth: 0.7827, techno: 0.9317, trance: 0.8672, violin: 0.8589, vocal: 0.8022

-------------------------------------------------------------
validation loss: 0.44818, accuracy: 85.46
