Loading data from train_dataset
Loading data from val_dataset
Loading data from test_dataset
Writing logs to logs/CNN_sgd_momentum=0.95_learning_rate=0.05_conv_length=256_conv_stride=256_batch_size=10_epochs=20_weight_decay=1e-05_model=BaseCNNNonInitialised_run_1
epoch: [0], step: [99/1543], batch loss: 0.24982, batch accuracy: 53.74, data load time: 0.29100, step time: 0.03679
epoch: [0], step: [199/1543], batch loss: 0.21550, batch accuracy: 68.63, data load time: 0.28457, step time: 0.03744
epoch: [0], step: [299/1543], batch loss: 0.18323, batch accuracy: 69.43, data load time: 0.26176, step time: 0.03473
epoch: [0], step: [399/1543], batch loss: 0.17584, batch accuracy: 73.84, data load time: 0.30413, step time: 0.03690
epoch: [0], step: [499/1543], batch loss: 0.24472, batch accuracy: 66.94, data load time: 0.22447, step time: 0.03948
epoch: [0], step: [599/1543], batch loss: 0.17247, batch accuracy: 75.65, data load time: 0.34953, step time: 0.03767
epoch: [0], step: [699/1543], batch loss: 0.18536, batch accuracy: 77.15, data load time: 0.31432, step time: 0.03610
epoch: [0], step: [799/1543], batch loss: 0.23373, batch accuracy: 83.24, data load time: 0.29614, step time: 0.04237
epoch: [0], step: [899/1543], batch loss: 0.22821, batch accuracy: 72.93, data load time: 0.28053, step time: 0.04065
epoch: [0], step: [999/1543], batch loss: 0.16871, batch accuracy: 73.53, data load time: 0.30827, step time: 0.03416
epoch: [0], step: [1099/1543], batch loss: 0.21855, batch accuracy: 68.94, data load time: 0.26762, step time: 0.04203
epoch: [0], step: [1199/1543], batch loss: 0.19901, batch accuracy: 73.79, data load time: 0.24067, step time: 0.03532
epoch: [0], step: [1299/1543], batch loss: 0.19292, batch accuracy: 69.98, data load time: 0.32162, step time: 0.03456
epoch: [0], step: [1399/1543], batch loss: 0.16813, batch accuracy: 83.57, data load time: 0.27350, step time: 0.03668
epoch: [0], step: [1499/1543], batch loss: 0.20919, batch accuracy: 69.52, data load time: 0.29348, step time: 0.03675
EVALUATION METRICS:
-------------------------------------------------------------

Validation AUC Score: 0.7391

-------------------------------------------------------------
validation loss: 0.19576, accuracy: 73.91
epoch: [1], step: [56/1543], batch loss: 0.20154, batch accuracy: 74.80, data load time: 0.28778, step time: 0.03805
epoch: [1], step: [156/1543], batch loss: 0.17353, batch accuracy: 82.52, data load time: 0.28163, step time: 0.03476
epoch: [1], step: [256/1543], batch loss: 0.22865, batch accuracy: 74.92, data load time: 0.27525, step time: 0.04423
epoch: [1], step: [356/1543], batch loss: 0.21224, batch accuracy: 70.64, data load time: 0.28343, step time: 0.03595
epoch: [1], step: [456/1543], batch loss: 0.16133, batch accuracy: 71.40, data load time: 0.30240, step time: 0.03103
epoch: [1], step: [556/1543], batch loss: 0.19258, batch accuracy: 82.16, data load time: 0.32992, step time: 0.03469
epoch: [1], step: [656/1543], batch loss: 0.18298, batch accuracy: 74.89, data load time: 0.24244, step time: 0.03465
epoch: [1], step: [756/1543], batch loss: 0.14114, batch accuracy: 78.84, data load time: 0.26726, step time: 0.03344
epoch: [1], step: [856/1543], batch loss: 0.17807, batch accuracy: 85.03, data load time: 0.25811, step time: 0.03684
epoch: [1], step: [956/1543], batch loss: 0.19080, batch accuracy: 69.37, data load time: 0.29773, step time: 0.03481
epoch: [1], step: [1056/1543], batch loss: 0.17854, batch accuracy: 79.13, data load time: 0.29852, step time: 0.03677
epoch: [1], step: [1156/1543], batch loss: 0.17309, batch accuracy: 87.75, data load time: 0.27103, step time: 0.03478
epoch: [1], step: [1256/1543], batch loss: 0.22128, batch accuracy: 62.08, data load time: 0.31911, step time: 0.03684
epoch: [1], step: [1356/1543], batch loss: 0.16781, batch accuracy: 82.03, data load time: 0.25313, step time: 0.03688
epoch: [1], step: [1456/1543], batch loss: 0.18681, batch accuracy: 82.48, data load time: 0.36413, step time: 0.03954
EVALUATION METRICS:
-------------------------------------------------------------

Validation AUC Score: 0.7700

-------------------------------------------------------------
validation loss: 0.18514, accuracy: 77.00
epoch: [2], step: [13/1543], batch loss: 0.16284, batch accuracy: 74.81, data load time: 0.25076, step time: 0.03169
epoch: [2], step: [113/1543], batch loss: 0.17478, batch accuracy: 88.34, data load time: 0.25493, step time: 0.03812
epoch: [2], step: [213/1543], batch loss: 0.18973, batch accuracy: 79.04, data load time: 0.26293, step time: 0.03665
epoch: [2], step: [313/1543], batch loss: 0.21501, batch accuracy: 83.87, data load time: 0.28248, step time: 0.04152
epoch: [2], step: [413/1543], batch loss: 0.21159, batch accuracy: 78.55, data load time: 0.26737, step time: 0.03674
epoch: [2], step: [513/1543], batch loss: 0.21014, batch accuracy: 82.15, data load time: 0.31580, step time: 0.03669
epoch: [2], step: [613/1543], batch loss: 0.19951, batch accuracy: 87.03, data load time: 0.27250, step time: 0.03936
epoch: [2], step: [713/1543], batch loss: 0.24873, batch accuracy: 80.81, data load time: 0.26388, step time: 0.04280
epoch: [2], step: [813/1543], batch loss: 0.21899, batch accuracy: 80.96, data load time: 0.24523, step time: 0.03874
epoch: [2], step: [913/1543], batch loss: 0.18179, batch accuracy: 87.57, data load time: 0.29166, step time: 0.03802
epoch: [2], step: [1013/1543], batch loss: 0.22028, batch accuracy: 77.99, data load time: 0.29824, step time: 0.03805
epoch: [2], step: [1113/1543], batch loss: 0.20014, batch accuracy: 79.76, data load time: 0.28742, step time: 0.03879
epoch: [2], step: [1213/1543], batch loss: 0.15778, batch accuracy: 86.74, data load time: 0.27730, step time: 0.03544
epoch: [2], step: [1313/1543], batch loss: 0.15813, batch accuracy: 85.27, data load time: 0.30669, step time: 0.03604
epoch: [2], step: [1413/1543], batch loss: 0.19619, batch accuracy: 83.85, data load time: 0.25873, step time: 0.03827
epoch: [2], step: [1513/1543], batch loss: 0.14786, batch accuracy: 86.70, data load time: 0.26102, step time: 0.03388
EVALUATION METRICS:
-------------------------------------------------------------

Validation AUC Score: 0.7929

-------------------------------------------------------------
validation loss: 0.17905, accuracy: 79.29
epoch: [3], step: [70/1543], batch loss: 0.19661, batch accuracy: 75.00, data load time: 0.26100, step time: 0.03748
epoch: [3], step: [170/1543], batch loss: 0.21803, batch accuracy: 72.47, data load time: 0.29467, step time: 0.03763
epoch: [3], step: [270/1543], batch loss: 0.20478, batch accuracy: 76.05, data load time: 0.22878, step time: 0.03767
epoch: [3], step: [370/1543], batch loss: 0.15647, batch accuracy: 86.09, data load time: 0.28145, step time: 0.03555
epoch: [3], step: [470/1543], batch loss: 0.19249, batch accuracy: 78.14, data load time: 0.23135, step time: 0.03552
epoch: [3], step: [570/1543], batch loss: 0.19080, batch accuracy: 77.00, data load time: 0.32669, step time: 0.03822
epoch: [3], step: [670/1543], batch loss: 0.15234, batch accuracy: 79.48, data load time: 0.31774, step time: 0.03252
epoch: [3], step: [770/1543], batch loss: 0.16020, batch accuracy: 84.49, data load time: 0.25149, step time: 0.03605
epoch: [3], step: [870/1543], batch loss: 0.19302, batch accuracy: 87.43, data load time: 0.23660, step time: 0.03635
epoch: [3], step: [970/1543], batch loss: 0.13767, batch accuracy: 88.73, data load time: 0.22319, step time: 0.03471
epoch: [3], step: [1070/1543], batch loss: 0.17102, batch accuracy: 75.99, data load time: 0.27281, step time: 0.03553
epoch: [3], step: [1170/1543], batch loss: 0.17524, batch accuracy: 69.89, data load time: 0.25745, step time: 0.03597
epoch: [3], step: [1270/1543], batch loss: 0.18922, batch accuracy: 82.56, data load time: 0.32679, step time: 0.03543
epoch: [3], step: [1370/1543], batch loss: 0.21080, batch accuracy: 83.52, data load time: 0.31077, step time: 0.04038
epoch: [3], step: [1470/1543], batch loss: 0.16939, batch accuracy: 76.94, data load time: 0.24875, step time: 0.03952
EVALUATION METRICS:
-------------------------------------------------------------

Validation AUC Score: 0.8036

-------------------------------------------------------------
validation loss: 0.17271, accuracy: 80.36
epoch: [4], step: [27/1543], batch loss: 0.23603, batch accuracy: 72.41, data load time: 0.23232, step time: 0.03467
epoch: [4], step: [127/1543], batch loss: 0.21805, batch accuracy: 74.06, data load time: 0.22511, step time: 0.04029
epoch: [4], step: [227/1543], batch loss: 0.16086, batch accuracy: 88.78, data load time: 0.24977, step time: 0.03536
epoch: [4], step: [327/1543], batch loss: 0.16251, batch accuracy: 81.54, data load time: 0.22508, step time: 0.03324
epoch: [4], step: [427/1543], batch loss: 0.13085, batch accuracy: 84.68, data load time: 0.23428, step time: 0.03236
epoch: [4], step: [527/1543], batch loss: 0.16462, batch accuracy: 89.89, data load time: 0.29190, step time: 0.03826
epoch: [4], step: [627/1543], batch loss: 0.19147, batch accuracy: 78.80, data load time: 0.29588, step time: 0.04017
epoch: [4], step: [727/1543], batch loss: 0.22014, batch accuracy: 75.19, data load time: 0.23402, step time: 0.03740
epoch: [4], step: [827/1543], batch loss: 0.20563, batch accuracy: 85.54, data load time: 0.29706, step time: 0.04226
epoch: [4], step: [927/1543], batch loss: 0.15879, batch accuracy: 84.64, data load time: 0.27914, step time: 0.03325
epoch: [4], step: [1027/1543], batch loss: 0.22673, batch accuracy: 82.00, data load time: 0.66781, step time: 0.03806
epoch: [4], step: [1127/1543], batch loss: 0.19094, batch accuracy: 86.37, data load time: 0.23770, step time: 0.03885
epoch: [4], step: [1227/1543], batch loss: 0.19749, batch accuracy: 82.06, data load time: 0.30695, step time: 0.04121
epoch: [4], step: [1327/1543], batch loss: 0.18979, batch accuracy: 79.49, data load time: 0.31587, step time: 0.03953
epoch: [4], step: [1427/1543], batch loss: 0.17011, batch accuracy: 82.91, data load time: 0.26920, step time: 0.03736
epoch: [4], step: [1527/1543], batch loss: 0.17471, batch accuracy: 84.56, data load time: 0.28839, step time: 0.03667
EVALUATION METRICS:
-------------------------------------------------------------

Validation AUC Score: 0.8115

-------------------------------------------------------------
validation loss: 0.17421, accuracy: 81.15
epoch: [5], step: [84/1543], batch loss: 0.18804, batch accuracy: 82.18, data load time: 0.26439, step time: 0.04223
epoch: [5], step: [184/1543], batch loss: 0.18533, batch accuracy: 67.98, data load time: 0.24229, step time: 0.03412
epoch: [5], step: [284/1543], batch loss: 0.12437, batch accuracy: 88.32, data load time: 0.24155, step time: 0.03124
epoch: [5], step: [384/1543], batch loss: 0.15779, batch accuracy: 86.66, data load time: 0.22495, step time: 0.03265
epoch: [5], step: [484/1543], batch loss: 0.12489, batch accuracy: 87.81, data load time: 0.27609, step time: 0.03058
epoch: [5], step: [584/1543], batch loss: 0.14322, batch accuracy: 91.32, data load time: 0.23020, step time: 0.03404
epoch: [5], step: [684/1543], batch loss: 0.20268, batch accuracy: 81.85, data load time: 0.22432, step time: 0.04183
epoch: [5], step: [784/1543], batch loss: 0.16799, batch accuracy: 82.99, data load time: 0.20910, step time: 0.03551
epoch: [5], step: [884/1543], batch loss: 0.17169, batch accuracy: 77.17, data load time: 0.21019, step time: 0.03765
epoch: [5], step: [984/1543], batch loss: 0.19036, batch accuracy: 78.85, data load time: 0.28412, step time: 0.03621
epoch: [5], step: [1084/1543], batch loss: 0.16545, batch accuracy: 84.20, data load time: 0.28612, step time: 0.03894
epoch: [5], step: [1184/1543], batch loss: 0.15572, batch accuracy: 84.97, data load time: 0.22350, step time: 0.03544
epoch: [5], step: [1284/1543], batch loss: 0.17063, batch accuracy: 84.26, data load time: 0.22198, step time: 0.04078
epoch: [5], step: [1384/1543], batch loss: 0.21158, batch accuracy: 70.76, data load time: 0.21337, step time: 0.03691
epoch: [5], step: [1484/1543], batch loss: 0.17341, batch accuracy: 78.60, data load time: 0.23681, step time: 0.03543
EVALUATION METRICS:
-------------------------------------------------------------

Validation AUC Score: 0.8125

-------------------------------------------------------------
validation loss: 0.17147, accuracy: 81.25
epoch: [6], step: [41/1543], batch loss: 0.18487, batch accuracy: 84.25, data load time: 0.21054, step time: 0.03693
epoch: [6], step: [141/1543], batch loss: 0.11868, batch accuracy: 84.47, data load time: 0.23943, step time: 0.03259
epoch: [6], step: [241/1543], batch loss: 0.18087, batch accuracy: 68.95, data load time: 0.23689, step time: 0.03491
epoch: [6], step: [341/1543], batch loss: 0.21603, batch accuracy: 79.69, data load time: 0.25829, step time: 0.04341
epoch: [6], step: [441/1543], batch loss: 0.20200, batch accuracy: 92.77, data load time: 0.23280, step time: 0.04229
epoch: [6], step: [541/1543], batch loss: 0.13662, batch accuracy: 86.07, data load time: 0.25007, step time: 0.03319
epoch: [6], step: [641/1543], batch loss: 0.15093, batch accuracy: 85.80, data load time: 0.22622, step time: 0.03686
epoch: [6], step: [741/1543], batch loss: 0.17477, batch accuracy: 83.73, data load time: 0.24920, step time: 0.03751
epoch: [6], step: [841/1543], batch loss: 0.23245, batch accuracy: 83.44, data load time: 0.29452, step time: 0.03815
epoch: [6], step: [941/1543], batch loss: 0.17820, batch accuracy: 75.45, data load time: 0.24616, step time: 0.03185
epoch: [6], step: [1041/1543], batch loss: 0.15898, batch accuracy: 85.87, data load time: 0.28014, step time: 0.03395
epoch: [6], step: [1141/1543], batch loss: 0.16524, batch accuracy: 81.03, data load time: 0.27694, step time: 0.03738
epoch: [6], step: [1241/1543], batch loss: 0.11743, batch accuracy: 89.25, data load time: 0.22389, step time: 0.03475
epoch: [6], step: [1341/1543], batch loss: 0.18273, batch accuracy: 70.71, data load time: 0.23543, step time: 0.03747
epoch: [6], step: [1441/1543], batch loss: 0.14156, batch accuracy: 86.89, data load time: 0.23786, step time: 0.03251
epoch: [6], step: [1541/1543], batch loss: 0.19510, batch accuracy: 84.40, data load time: 0.28327, step time: 0.03896
EVALUATION METRICS:
-------------------------------------------------------------

Validation AUC Score: 0.8272

-------------------------------------------------------------
validation loss: 0.16579, accuracy: 82.72
epoch: [7], step: [98/1543], batch loss: 0.14310, batch accuracy: 85.64, data load time: 0.13979, step time: 0.03601
epoch: [7], step: [198/1543], batch loss: 0.16840, batch accuracy: 81.48, data load time: 0.21849, step time: 0.03463
epoch: [7], step: [298/1543], batch loss: 0.18247, batch accuracy: 82.96, data load time: 0.21084, step time: 0.03608
epoch: [7], step: [398/1543], batch loss: 0.11740, batch accuracy: 84.76, data load time: 0.23763, step time: 0.03389
epoch: [7], step: [498/1543], batch loss: 0.20615, batch accuracy: 87.62, data load time: 0.20143, step time: 0.03668
epoch: [7], step: [598/1543], batch loss: 0.20697, batch accuracy: 83.50, data load time: 0.21768, step time: 0.03865
epoch: [7], step: [698/1543], batch loss: 0.19697, batch accuracy: 89.71, data load time: 0.19594, step time: 0.04136
epoch: [7], step: [798/1543], batch loss: 0.20194, batch accuracy: 80.28, data load time: 0.29974, step time: 0.03658
epoch: [7], step: [898/1543], batch loss: 0.15204, batch accuracy: 79.75, data load time: 0.38348, step time: 0.03376
epoch: [7], step: [998/1543], batch loss: 0.13630, batch accuracy: 89.69, data load time: 0.28062, step time: 0.03631
epoch: [7], step: [1098/1543], batch loss: 0.23826, batch accuracy: 86.30, data load time: 0.27150, step time: 0.04237
epoch: [7], step: [1198/1543], batch loss: 0.17138, batch accuracy: 85.56, data load time: 0.28673, step time: 0.03890
epoch: [7], step: [1298/1543], batch loss: 0.15004, batch accuracy: 89.47, data load time: 0.33101, step time: 0.03690
epoch: [7], step: [1398/1543], batch loss: 0.15241, batch accuracy: 86.04, data load time: 0.27543, step time: 0.03545
epoch: [7], step: [1498/1543], batch loss: 0.15443, batch accuracy: 90.70, data load time: 0.31771, step time: 0.03824
EVALUATION METRICS:
-------------------------------------------------------------

Validation AUC Score: 0.8217

-------------------------------------------------------------
validation loss: 0.17205, accuracy: 82.17
epoch: [8], step: [55/1543], batch loss: 0.19169, batch accuracy: 84.75, data load time: 0.34212, step time: 0.03920
epoch: [8], step: [155/1543], batch loss: 0.17227, batch accuracy: 82.71, data load time: 0.25608, step time: 0.03565
epoch: [8], step: [255/1543], batch loss: 0.17532, batch accuracy: 85.05, data load time: 0.26961, step time: 0.03604
epoch: [8], step: [355/1543], batch loss: 0.17360, batch accuracy: 87.05, data load time: 0.22468, step time: 0.03478
epoch: [8], step: [455/1543], batch loss: 0.22822, batch accuracy: 79.85, data load time: 0.37077, step time: 0.03852
epoch: [8], step: [555/1543], batch loss: 0.13547, batch accuracy: 90.18, data load time: 0.33956, step time: 0.03492
epoch: [8], step: [655/1543], batch loss: 0.15277, batch accuracy: 92.87, data load time: 0.28638, step time: 0.03565
epoch: [8], step: [755/1543], batch loss: 0.17889, batch accuracy: 72.92, data load time: 0.24567, step time: 0.03349
epoch: [8], step: [855/1543], batch loss: 0.20216, batch accuracy: 81.75, data load time: 0.23027, step time: 0.03966
epoch: [8], step: [955/1543], batch loss: 0.14451, batch accuracy: 85.39, data load time: 0.27955, step time: 0.03207
epoch: [8], step: [1055/1543], batch loss: 0.20665, batch accuracy: 87.73, data load time: 0.26543, step time: 0.04239
epoch: [8], step: [1155/1543], batch loss: 0.13803, batch accuracy: 90.68, data load time: 0.30237, step time: 0.03358
epoch: [8], step: [1255/1543], batch loss: 0.16338, batch accuracy: 85.39, data load time: 0.29229, step time: 0.03504
epoch: [8], step: [1355/1543], batch loss: 0.17980, batch accuracy: 88.83, data load time: 0.29459, step time: 0.04164
epoch: [8], step: [1455/1543], batch loss: 0.16357, batch accuracy: 88.68, data load time: 0.22425, step time: 0.03848
EVALUATION METRICS:
-------------------------------------------------------------

Validation AUC Score: 0.8295

-------------------------------------------------------------
validation loss: 0.16538, accuracy: 82.95
epoch: [9], step: [12/1543], batch loss: 0.17788, batch accuracy: 81.85, data load time: 0.28425, step time: 0.03594
epoch: [9], step: [112/1543], batch loss: 0.19885, batch accuracy: 81.52, data load time: 0.25054, step time: 0.04319
epoch: [9], step: [212/1543], batch loss: 0.17005, batch accuracy: 88.13, data load time: 0.25335, step time: 0.03563
epoch: [9], step: [312/1543], batch loss: 0.18855, batch accuracy: 83.54, data load time: 0.34496, step time: 0.04138
epoch: [9], step: [412/1543], batch loss: 0.13731, batch accuracy: 89.95, data load time: 0.23668, step time: 0.03626
epoch: [9], step: [512/1543], batch loss: 0.18871, batch accuracy: 79.89, data load time: 0.28707, step time: 0.03550
epoch: [9], step: [612/1543], batch loss: 0.16468, batch accuracy: 91.23, data load time: 0.30570, step time: 0.03834
epoch: [9], step: [712/1543], batch loss: 0.15396, batch accuracy: 85.48, data load time: 0.28965, step time: 0.03693
epoch: [9], step: [812/1543], batch loss: 0.24036, batch accuracy: 81.71, data load time: 0.25740, step time: 0.04116
epoch: [9], step: [912/1543], batch loss: 0.21102, batch accuracy: 79.24, data load time: 0.23064, step time: 0.03972
epoch: [9], step: [1012/1543], batch loss: 0.18597, batch accuracy: 83.07, data load time: 0.28892, step time: 0.03627
epoch: [9], step: [1112/1543], batch loss: 0.27680, batch accuracy: 70.69, data load time: 0.25906, step time: 0.04234
epoch: [9], step: [1212/1543], batch loss: 0.20631, batch accuracy: 78.78, data load time: 0.29272, step time: 0.03778
epoch: [9], step: [1312/1543], batch loss: 0.18348, batch accuracy: 80.60, data load time: 0.36458, step time: 0.03769
epoch: [9], step: [1412/1543], batch loss: 0.15995, batch accuracy: 92.29, data load time: 0.30653, step time: 0.03910
epoch: [9], step: [1512/1543], batch loss: 0.17695, batch accuracy: 85.30, data load time: 0.30067, step time: 0.03475
EVALUATION METRICS:
-------------------------------------------------------------

Validation AUC Score: 0.8309

-------------------------------------------------------------
validation loss: 0.16423, accuracy: 83.09
epoch: [10], step: [69/1543], batch loss: 0.16166, batch accuracy: 80.95, data load time: 0.34120, step time: 0.03564
epoch: [10], step: [169/1543], batch loss: 0.17625, batch accuracy: 87.56, data load time: 0.27557, step time: 0.04261
epoch: [10], step: [269/1543], batch loss: 0.17729, batch accuracy: 88.57, data load time: 0.30688, step time: 0.03773
epoch: [10], step: [369/1543], batch loss: 0.22207, batch accuracy: 84.43, data load time: 0.21648, step time: 0.03617
epoch: [10], step: [469/1543], batch loss: 0.15956, batch accuracy: 80.81, data load time: 0.22558, step time: 0.03708
epoch: [10], step: [569/1543], batch loss: 0.14727, batch accuracy: 81.76, data load time: 0.28678, step time: 0.03284
epoch: [10], step: [669/1543], batch loss: 0.14436, batch accuracy: 88.29, data load time: 0.28559, step time: 0.03674
epoch: [10], step: [769/1543], batch loss: 0.18914, batch accuracy: 90.24, data load time: 0.29497, step time: 0.04065
epoch: [10], step: [869/1543], batch loss: 0.15667, batch accuracy: 82.70, data load time: 0.26565, step time: 0.03689
epoch: [10], step: [969/1543], batch loss: 0.15828, batch accuracy: 85.54, data load time: 0.24966, step time: 0.03351
epoch: [10], step: [1069/1543], batch loss: 0.13742, batch accuracy: 90.70, data load time: 0.30794, step time: 0.03336
epoch: [10], step: [1169/1543], batch loss: 0.13434, batch accuracy: 83.61, data load time: 0.30928, step time: 0.03257
epoch: [10], step: [1269/1543], batch loss: 0.17557, batch accuracy: 86.46, data load time: 0.23989, step time: 0.03671
epoch: [10], step: [1369/1543], batch loss: 0.17619, batch accuracy: 75.46, data load time: 0.32376, step time: 0.03463
epoch: [10], step: [1469/1543], batch loss: 0.23597, batch accuracy: 79.14, data load time: 0.28343, step time: 0.03826
EVALUATION METRICS:
-------------------------------------------------------------

Validation AUC Score: 0.8251

-------------------------------------------------------------
validation loss: 0.16942, accuracy: 82.51
epoch: [11], step: [26/1543], batch loss: 0.14849, batch accuracy: 81.87, data load time: 0.29521, step time: 0.03479
epoch: [11], step: [126/1543], batch loss: 0.18137, batch accuracy: 80.36, data load time: 0.29327, step time: 0.03921
epoch: [11], step: [226/1543], batch loss: 0.14277, batch accuracy: 85.35, data load time: 0.29084, step time: 0.03566
epoch: [11], step: [326/1543], batch loss: 0.13943, batch accuracy: 88.03, data load time: 0.29097, step time: 0.03202
epoch: [11], step: [426/1543], batch loss: 0.19724, batch accuracy: 89.59, data load time: 0.30522, step time: 0.04199
epoch: [11], step: [526/1543], batch loss: 0.15224, batch accuracy: 87.57, data load time: 0.23132, step time: 0.03696
epoch: [11], step: [626/1543], batch loss: 0.13508, batch accuracy: 88.39, data load time: 0.26145, step time: 0.03619
epoch: [11], step: [726/1543], batch loss: 0.18384, batch accuracy: 79.33, data load time: 0.33342, step time: 0.03685
epoch: [11], step: [826/1543], batch loss: 0.13725, batch accuracy: 94.55, data load time: 0.21568, step time: 0.03692
epoch: [11], step: [926/1543], batch loss: 0.21186, batch accuracy: 86.71, data load time: 0.26708, step time: 0.03636
epoch: [11], step: [1026/1543], batch loss: 0.14165, batch accuracy: 90.00, data load time: 0.24094, step time: 0.03592
epoch: [11], step: [1126/1543], batch loss: 0.21968, batch accuracy: 80.36, data load time: 0.34127, step time: 0.03747
epoch: [11], step: [1226/1543], batch loss: 0.17652, batch accuracy: 83.27, data load time: 0.32840, step time: 0.03756
epoch: [11], step: [1326/1543], batch loss: 0.17244, batch accuracy: 84.13, data load time: 0.27573, step time: 0.03421
epoch: [11], step: [1426/1543], batch loss: 0.13773, batch accuracy: 85.23, data load time: 0.28877, step time: 0.03405
epoch: [11], step: [1526/1543], batch loss: 0.23151, batch accuracy: 80.93, data load time: 0.26993, step time: 0.04099
Epoch 00012: reducing learning rate of group 0 to 2.5000e-03.
EVALUATION METRICS:
-------------------------------------------------------------

Validation AUC Score: 0.8338

-------------------------------------------------------------
validation loss: 0.16911, accuracy: 83.38
epoch: [12], step: [83/1543], batch loss: 0.15656, batch accuracy: 83.60, data load time: 0.27491, step time: 0.03780
epoch: [12], step: [183/1543], batch loss: 0.17148, batch accuracy: 82.67, data load time: 0.27630, step time: 0.03904
epoch: [12], step: [283/1543], batch loss: 0.15125, batch accuracy: 86.83, data load time: 0.27643, step time: 0.03424
epoch: [12], step: [383/1543], batch loss: 0.15082, batch accuracy: 87.57, data load time: 0.33617, step time: 0.03671
epoch: [12], step: [483/1543], batch loss: 0.18954, batch accuracy: 80.47, data load time: 0.25214, step time: 0.03834
epoch: [12], step: [583/1543], batch loss: 0.20914, batch accuracy: 78.30, data load time: 0.24399, step time: 0.03789
epoch: [12], step: [683/1543], batch loss: 0.13878, batch accuracy: 82.58, data load time: 0.23018, step time: 0.03357
epoch: [12], step: [783/1543], batch loss: 0.13167, batch accuracy: 85.23, data load time: 0.29819, step time: 0.03516
epoch: [12], step: [883/1543], batch loss: 0.16626, batch accuracy: 86.18, data load time: 0.27022, step time: 0.03992
epoch: [12], step: [983/1543], batch loss: 0.16847, batch accuracy: 83.83, data load time: 0.27188, step time: 0.03424
epoch: [12], step: [1083/1543], batch loss: 0.20841, batch accuracy: 84.65, data load time: 0.34849, step time: 0.03978
epoch: [12], step: [1183/1543], batch loss: 0.15317, batch accuracy: 79.78, data load time: 0.26098, step time: 0.03355
epoch: [12], step: [1283/1543], batch loss: 0.26982, batch accuracy: 79.26, data load time: 0.31800, step time: 0.04129
epoch: [12], step: [1383/1543], batch loss: 0.16395, batch accuracy: 94.17, data load time: 0.23153, step time: 0.04187
epoch: [12], step: [1483/1543], batch loss: 0.17617, batch accuracy: 86.86, data load time: 0.25207, step time: 0.03832
EVALUATION METRICS:
-------------------------------------------------------------

Validation AUC Score: 0.8396

-------------------------------------------------------------
validation loss: 0.15724, accuracy: 83.96
epoch: [13], step: [40/1543], batch loss: 0.14979, batch accuracy: 85.06, data load time: 0.21923, step time: 0.03694
epoch: [13], step: [140/1543], batch loss: 0.20218, batch accuracy: 77.89, data load time: 0.27361, step time: 0.03698
epoch: [13], step: [240/1543], batch loss: 0.16286, batch accuracy: 84.96, data load time: 0.27913, step time: 0.04072
epoch: [13], step: [340/1543], batch loss: 0.14036, batch accuracy: 85.89, data load time: 0.26029, step time: 0.03694
epoch: [13], step: [440/1543], batch loss: 0.15108, batch accuracy: 88.07, data load time: 0.27195, step time: 0.03679
epoch: [13], step: [540/1543], batch loss: 0.15206, batch accuracy: 88.22, data load time: 0.30427, step time: 0.03471
epoch: [13], step: [640/1543], batch loss: 0.18965, batch accuracy: 91.39, data load time: 0.27969, step time: 0.04180
epoch: [13], step: [740/1543], batch loss: 0.12185, batch accuracy: 92.05, data load time: 0.22696, step time: 0.03570
epoch: [13], step: [840/1543], batch loss: 0.17003, batch accuracy: 80.92, data load time: 0.34924, step time: 0.03614
epoch: [13], step: [940/1543], batch loss: 0.16406, batch accuracy: 86.32, data load time: 0.31707, step time: 0.03633
epoch: [13], step: [1040/1543], batch loss: 0.18648, batch accuracy: 89.26, data load time: 0.26243, step time: 0.04036
epoch: [13], step: [1140/1543], batch loss: 0.14587, batch accuracy: 80.14, data load time: 0.34411, step time: 0.03422
epoch: [13], step: [1240/1543], batch loss: 0.17373, batch accuracy: 88.22, data load time: 0.27533, step time: 0.03886
epoch: [13], step: [1340/1543], batch loss: 0.19939, batch accuracy: 80.09, data load time: 0.30009, step time: 0.03996
epoch: [13], step: [1440/1543], batch loss: 0.16938, batch accuracy: 89.83, data load time: 0.21348, step time: 0.03605
epoch: [13], step: [1540/1543], batch loss: 0.14143, batch accuracy: 95.47, data load time: 0.29491, step time: 0.03620
EVALUATION METRICS:
-------------------------------------------------------------

Validation AUC Score: 0.8386

-------------------------------------------------------------
validation loss: 0.15842, accuracy: 83.86
epoch: [14], step: [97/1543], batch loss: 0.19330, batch accuracy: 86.65, data load time: 0.26074, step time: 0.04264
epoch: [14], step: [197/1543], batch loss: 0.18044, batch accuracy: 81.57, data load time: 0.26148, step time: 0.03691
epoch: [14], step: [297/1543], batch loss: 0.13671, batch accuracy: 91.48, data load time: 0.31181, step time: 0.03430
epoch: [14], step: [397/1543], batch loss: 0.16663, batch accuracy: 87.12, data load time: 0.26645, step time: 0.03673
epoch: [14], step: [497/1543], batch loss: 0.13563, batch accuracy: 86.84, data load time: 0.22705, step time: 0.03383
epoch: [14], step: [597/1543], batch loss: 0.10271, batch accuracy: 87.44, data load time: 0.25355, step time: 0.02968
epoch: [14], step: [697/1543], batch loss: 0.16966, batch accuracy: 92.72, data load time: 0.26768, step time: 0.03808
epoch: [14], step: [797/1543], batch loss: 0.12528, batch accuracy: 92.86, data load time: 0.21978, step time: 0.03587
epoch: [14], step: [897/1543], batch loss: 0.17049, batch accuracy: 88.99, data load time: 0.37207, step time: 0.03873
epoch: [14], step: [997/1543], batch loss: 0.20021, batch accuracy: 84.09, data load time: 0.23444, step time: 0.03954
epoch: [14], step: [1097/1543], batch loss: 0.23106, batch accuracy: 88.29, data load time: 0.25226, step time: 0.04151
epoch: [14], step: [1197/1543], batch loss: 0.13993, batch accuracy: 92.90, data load time: 0.28444, step time: 0.03950
epoch: [14], step: [1297/1543], batch loss: 0.14353, batch accuracy: 90.64, data load time: 0.24523, step time: 0.03914
epoch: [14], step: [1397/1543], batch loss: 0.15622, batch accuracy: 91.05, data load time: 0.17348, step time: 0.03795
epoch: [14], step: [1497/1543], batch loss: 0.15436, batch accuracy: 85.36, data load time: 0.20293, step time: 0.03440
EVALUATION METRICS:
-------------------------------------------------------------

Validation AUC Score: 0.8386

-------------------------------------------------------------
validation loss: 0.15868, accuracy: 83.86
epoch: [15], step: [54/1543], batch loss: 0.10913, batch accuracy: 93.44, data load time: 0.21010, step time: 0.03280
epoch: [15], step: [154/1543], batch loss: 0.12091, batch accuracy: 88.56, data load time: 0.24732, step time: 0.03318
epoch: [15], step: [254/1543], batch loss: 0.09736, batch accuracy: 89.31, data load time: 0.19283, step time: 0.03108
epoch: [15], step: [354/1543], batch loss: 0.14849, batch accuracy: 90.25, data load time: 0.26520, step time: 0.03661
epoch: [15], step: [454/1543], batch loss: 0.20348, batch accuracy: 84.92, data load time: 0.24005, step time: 0.03806
epoch: [15], step: [554/1543], batch loss: 0.15464, batch accuracy: 87.50, data load time: 0.25077, step time: 0.04015
epoch: [15], step: [654/1543], batch loss: 0.13800, batch accuracy: 87.16, data load time: 0.25917, step time: 0.03533
epoch: [15], step: [754/1543], batch loss: 0.17069, batch accuracy: 82.99, data load time: 0.26410, step time: 0.03966
epoch: [15], step: [854/1543], batch loss: 0.14427, batch accuracy: 85.87, data load time: 0.22708, step time: 0.03469
epoch: [15], step: [954/1543], batch loss: 0.15970, batch accuracy: 80.97, data load time: 0.28461, step time: 0.03668
epoch: [15], step: [1054/1543], batch loss: 0.12017, batch accuracy: 82.83, data load time: 0.25316, step time: 0.03172
epoch: [15], step: [1154/1543], batch loss: 0.16066, batch accuracy: 89.42, data load time: 0.23191, step time: 0.03671
epoch: [15], step: [1254/1543], batch loss: 0.15691, batch accuracy: 89.11, data load time: 0.23477, step time: 0.03896
epoch: [15], step: [1354/1543], batch loss: 0.15214, batch accuracy: 91.01, data load time: 0.30076, step time: 0.03590
epoch: [15], step: [1454/1543], batch loss: 0.15662, batch accuracy: 79.14, data load time: 0.27408, step time: 0.03332
EVALUATION METRICS:
-------------------------------------------------------------

Validation AUC Score: 0.8416

-------------------------------------------------------------
validation loss: 0.15796, accuracy: 84.16
epoch: [16], step: [11/1543], batch loss: 0.14475, batch accuracy: 92.67, data load time: 0.23986, step time: 0.03912
epoch: [16], step: [111/1543], batch loss: 0.19686, batch accuracy: 90.24, data load time: 0.29859, step time: 0.04015
epoch: [16], step: [211/1543], batch loss: 0.19140, batch accuracy: 89.27, data load time: 0.32737, step time: 0.04087
epoch: [16], step: [311/1543], batch loss: 0.14769, batch accuracy: 81.96, data load time: 0.25693, step time: 0.03481
epoch: [16], step: [411/1543], batch loss: 0.21214, batch accuracy: 88.51, data load time: 0.29450, step time: 0.04085
epoch: [16], step: [511/1543], batch loss: 0.11764, batch accuracy: 92.80, data load time: 0.30333, step time: 0.03393
epoch: [16], step: [611/1543], batch loss: 0.16158, batch accuracy: 88.67, data load time: 0.42427, step time: 0.03984
epoch: [16], step: [711/1543], batch loss: 0.16588, batch accuracy: 85.48, data load time: 0.27584, step time: 0.03677
epoch: [16], step: [811/1543], batch loss: 0.16200, batch accuracy: 88.42, data load time: 0.24299, step time: 0.04115
epoch: [16], step: [911/1543], batch loss: 0.15855, batch accuracy: 94.75, data load time: 0.31494, step time: 0.03823
epoch: [16], step: [1011/1543], batch loss: 0.16336, batch accuracy: 82.12, data load time: 0.34654, step time: 0.03675
epoch: [16], step: [1111/1543], batch loss: 0.16376, batch accuracy: 77.89, data load time: 0.32899, step time: 0.03255
epoch: [16], step: [1211/1543], batch loss: 0.14721, batch accuracy: 87.90, data load time: 0.26425, step time: 0.03734
epoch: [16], step: [1311/1543], batch loss: 0.14257, batch accuracy: 89.95, data load time: 0.29909, step time: 0.03374
epoch: [16], step: [1411/1543], batch loss: 0.16385, batch accuracy: 85.42, data load time: 0.26081, step time: 0.03674
epoch: [16], step: [1511/1543], batch loss: 0.18616, batch accuracy: 92.26, data load time: 0.28803, step time: 0.04188
EVALUATION METRICS:
-------------------------------------------------------------

Validation AUC Score: 0.8410

-------------------------------------------------------------
validation loss: 0.15782, accuracy: 84.10
epoch: [17], step: [68/1543], batch loss: 0.16472, batch accuracy: 90.00, data load time: 0.20738, step time: 0.03401
epoch: [17], step: [168/1543], batch loss: 0.17096, batch accuracy: 82.41, data load time: 0.33812, step time: 0.03824
epoch: [17], step: [268/1543], batch loss: 0.17156, batch accuracy: 91.10, data load time: 0.27889, step time: 0.03331
epoch: [17], step: [368/1543], batch loss: 0.14175, batch accuracy: 84.07, data load time: 0.29278, step time: 0.03524
epoch: [17], step: [468/1543], batch loss: 0.18911, batch accuracy: 79.22, data load time: 0.30261, step time: 0.03602
epoch: [17], step: [568/1543], batch loss: 0.18530, batch accuracy: 83.84, data load time: 0.28881, step time: 0.03947
epoch: [17], step: [668/1543], batch loss: 0.13979, batch accuracy: 88.38, data load time: 0.38358, step time: 0.03723
epoch: [17], step: [768/1543], batch loss: 0.14842, batch accuracy: 76.74, data load time: 0.32622, step time: 0.03398
epoch: [17], step: [868/1543], batch loss: 0.17225, batch accuracy: 87.82, data load time: 0.26099, step time: 0.03660
epoch: [17], step: [968/1543], batch loss: 0.13528, batch accuracy: 90.11, data load time: 0.29861, step time: 0.03586
epoch: [17], step: [1068/1543], batch loss: 0.14173, batch accuracy: 93.46, data load time: 0.36626, step time: 0.03731
epoch: [17], step: [1168/1543], batch loss: 0.14839, batch accuracy: 89.36, data load time: 0.29966, step time: 0.03451
epoch: [17], step: [1268/1543], batch loss: 0.14292, batch accuracy: 91.60, data load time: 0.33003, step time: 0.03754
epoch: [17], step: [1368/1543], batch loss: 0.16518, batch accuracy: 80.63, data load time: 0.30344, step time: 0.03321
epoch: [17], step: [1468/1543], batch loss: 0.15919, batch accuracy: 94.76, data load time: 0.29656, step time: 0.03819
EVALUATION METRICS:
-------------------------------------------------------------

Validation AUC Score: 0.8395

-------------------------------------------------------------
validation loss: 0.15917, accuracy: 83.95
epoch: [18], step: [25/1543], batch loss: 0.14792, batch accuracy: 85.89, data load time: 0.28725, step time: 0.03555
epoch: [18], step: [125/1543], batch loss: 0.16700, batch accuracy: 90.25, data load time: 0.33156, step time: 0.04100
epoch: [18], step: [225/1543], batch loss: 0.15258, batch accuracy: 93.90, data load time: 0.30175, step time: 0.03674
epoch: [18], step: [325/1543], batch loss: 0.17162, batch accuracy: 83.82, data load time: 0.28422, step time: 0.03817
epoch: [18], step: [425/1543], batch loss: 0.18873, batch accuracy: 87.65, data load time: 0.29244, step time: 0.03819
epoch: [18], step: [525/1543], batch loss: 0.13688, batch accuracy: 90.07, data load time: 0.44826, step time: 0.03782
epoch: [18], step: [625/1543], batch loss: 0.16576, batch accuracy: 83.93, data load time: 0.27269, step time: 0.03409
epoch: [18], step: [725/1543], batch loss: 0.18386, batch accuracy: 75.66, data load time: 0.31152, step time: 0.03626
epoch: [18], step: [825/1543], batch loss: 0.14106, batch accuracy: 90.72, data load time: 0.35017, step time: 0.03739
epoch: [18], step: [925/1543], batch loss: 0.19142, batch accuracy: 81.43, data load time: 0.24844, step time: 0.03744
epoch: [18], step: [1025/1543], batch loss: 0.16088, batch accuracy: 95.89, data load time: 0.29870, step time: 0.03730
epoch: [18], step: [1125/1543], batch loss: 0.11312, batch accuracy: 93.33, data load time: 0.30664, step time: 0.03396
epoch: [18], step: [1225/1543], batch loss: 0.15041, batch accuracy: 89.60, data load time: 0.29950, step time: 0.03761
epoch: [18], step: [1325/1543], batch loss: 0.21913, batch accuracy: 85.33, data load time: 0.28025, step time: 0.03958
epoch: [18], step: [1425/1543], batch loss: 0.14825, batch accuracy: 86.64, data load time: 0.28060, step time: 0.03325
epoch: [18], step: [1525/1543], batch loss: 0.13989, batch accuracy: 86.75, data load time: 0.29309, step time: 0.03664
EVALUATION METRICS:
-------------------------------------------------------------

Validation AUC Score: 0.8405

-------------------------------------------------------------
validation loss: 0.15760, accuracy: 84.05
epoch: [19], step: [82/1543], batch loss: 0.13032, batch accuracy: 93.68, data load time: 0.22693, step time: 0.03695
epoch: [19], step: [182/1543], batch loss: 0.16472, batch accuracy: 83.41, data load time: 0.22841, step time: 0.03681
epoch: [19], step: [282/1543], batch loss: 0.14256, batch accuracy: 90.23, data load time: 0.26032, step time: 0.03464
epoch: [19], step: [382/1543], batch loss: 0.14092, batch accuracy: 93.26, data load time: 0.30635, step time: 0.03691
epoch: [19], step: [482/1543], batch loss: 0.16091, batch accuracy: 85.11, data load time: 0.30508, step time: 0.04019
epoch: [19], step: [582/1543], batch loss: 0.14477, batch accuracy: 82.01, data load time: 0.25323, step time: 0.03457
epoch: [19], step: [682/1543], batch loss: 0.17554, batch accuracy: 83.12, data load time: 0.30153, step time: 0.03873
epoch: [19], step: [782/1543], batch loss: 0.20888, batch accuracy: 72.96, data load time: 0.45534, step time: 0.03593
epoch: [19], step: [882/1543], batch loss: 0.14425, batch accuracy: 86.08, data load time: 0.26525, step time: 0.03526
epoch: [19], step: [982/1543], batch loss: 0.16746, batch accuracy: 87.27, data load time: 0.31078, step time: 0.03466
epoch: [19], step: [1082/1543], batch loss: 0.13818, batch accuracy: 91.28, data load time: 0.33235, step time: 0.03619
epoch: [19], step: [1182/1543], batch loss: 0.14786, batch accuracy: 87.74, data load time: 0.29786, step time: 0.03533
epoch: [19], step: [1282/1543], batch loss: 0.13715, batch accuracy: 83.99, data load time: 0.38171, step time: 0.03597
epoch: [19], step: [1382/1543], batch loss: 0.17518, batch accuracy: 83.67, data load time: 0.27682, step time: 0.03312
epoch: [19], step: [1482/1543], batch loss: 0.16970, batch accuracy: 90.37, data load time: 0.35313, step time: 0.04021
EVALUATION METRICS:
-------------------------------------------------------------

Validation AUC Score: 0.8417

-------------------------------------------------------------
validation loss: 0.15651, accuracy: 84.17
