Loading data from /mnt/storage/scratch/ee20947/MagnaTagATune/annotations/train.pkl...
Loading data from /mnt/storage/scratch/ee20947/MagnaTagATune/annotations/val.pkl...
Loading data from /mnt/storage/scratch/ee20947/MagnaTagATune/annotations/test.pkl...
Writing logs to logs/CNN_sgd_momentum=0.95_learning_rate=0.05_conv_length=256_conv_stride=256_batch_size=10_epochs=30_weight_decay=1e-05_extension=CRNN_run_1
epoch: [0], step: [99/1543], batch loss: 0.23105, batch accuracy: 63.49, data load time: 0.11285, step time: 0.07232
epoch: [0], step: [199/1543], batch loss: 0.20694, batch accuracy: 54.94, data load time: 0.07080, step time: 0.07018
epoch: [0], step: [299/1543], batch loss: 0.19118, batch accuracy: 75.89, data load time: 0.14735, step time: 0.07102
epoch: [0], step: [399/1543], batch loss: 0.27338, batch accuracy: 64.90, data load time: 0.11571, step time: 0.07316
epoch: [0], step: [499/1543], batch loss: 0.18629, batch accuracy: 66.07, data load time: 0.08452, step time: 0.07030
epoch: [0], step: [599/1543], batch loss: 0.25358, batch accuracy: 72.47, data load time: 0.11122, step time: 0.07449
epoch: [0], step: [699/1543], batch loss: 0.24300, batch accuracy: 64.69, data load time: 0.08838, step time: 0.07091
epoch: [0], step: [799/1543], batch loss: 0.15453, batch accuracy: 76.67, data load time: 0.09295, step time: 0.06836
epoch: [0], step: [899/1543], batch loss: 0.22392, batch accuracy: 56.54, data load time: 0.11560, step time: 0.07308
epoch: [0], step: [999/1543], batch loss: 0.20542, batch accuracy: 73.71, data load time: 0.09707, step time: 0.07231
epoch: [0], step: [1099/1543], batch loss: 0.19655, batch accuracy: 72.66, data load time: 0.06508, step time: 0.07106
epoch: [0], step: [1199/1543], batch loss: 0.21546, batch accuracy: 67.56, data load time: 0.04531, step time: 0.07083
epoch: [0], step: [1299/1543], batch loss: 0.20156, batch accuracy: 77.67, data load time: 0.06387, step time: 0.06819
epoch: [0], step: [1399/1543], batch loss: 0.23846, batch accuracy: 55.60, data load time: 0.12719, step time: 0.07104
epoch: [0], step: [1499/1543], batch loss: 0.18732, batch accuracy: 65.62, data load time: 0.10363, step time: 0.06968
EVALUATION METRICS:
-------------------------------------------------------------

Validation AUC Score: 0.7067

-------------------------------------------------------------
validation loss: 0.24876, accuracy: 70.67
epoch: [1], step: [56/1543], batch loss: 0.25836, batch accuracy: 65.73, data load time: 0.02358, step time: 0.07306
epoch: [1], step: [156/1543], batch loss: 0.23842, batch accuracy: 60.96, data load time: 0.02651, step time: 0.07108
epoch: [1], step: [256/1543], batch loss: 0.25501, batch accuracy: 64.07, data load time: 0.02127, step time: 0.07239
epoch: [1], step: [356/1543], batch loss: 0.20018, batch accuracy: 82.29, data load time: 0.04868, step time: 0.07178
epoch: [1], step: [456/1543], batch loss: 0.18430, batch accuracy: 80.28, data load time: 0.04194, step time: 0.06915
epoch: [1], step: [556/1543], batch loss: 0.27808, batch accuracy: 71.87, data load time: 0.06432, step time: 0.07311
epoch: [1], step: [656/1543], batch loss: 0.18765, batch accuracy: 72.23, data load time: 0.10209, step time: 0.06890
epoch: [1], step: [756/1543], batch loss: 0.27890, batch accuracy: 66.75, data load time: 0.05839, step time: 0.07654
epoch: [1], step: [856/1543], batch loss: 0.19204, batch accuracy: 79.29, data load time: 0.07218, step time: 0.07047
epoch: [1], step: [956/1543], batch loss: 0.22150, batch accuracy: 65.76, data load time: 0.08708, step time: 0.07250
epoch: [1], step: [1056/1543], batch loss: 0.17300, batch accuracy: 89.12, data load time: 0.05373, step time: 0.06984
epoch: [1], step: [1156/1543], batch loss: 0.15844, batch accuracy: 76.81, data load time: 0.08002, step time: 0.06607
epoch: [1], step: [1256/1543], batch loss: 0.22368, batch accuracy: 58.91, data load time: 0.12137, step time: 0.06823
epoch: [1], step: [1356/1543], batch loss: 0.24315, batch accuracy: 70.21, data load time: 0.07539, step time: 0.07525
epoch: [1], step: [1456/1543], batch loss: 0.28045, batch accuracy: 65.76, data load time: 0.06295, step time: 0.06957
EVALUATION METRICS:
-------------------------------------------------------------

Validation AUC Score: 0.7408

-------------------------------------------------------------
validation loss: 0.34479, accuracy: 74.08
epoch: [2], step: [13/1543], batch loss: 0.20601, batch accuracy: 63.03, data load time: 0.02203, step time: 0.07225
epoch: [2], step: [113/1543], batch loss: 0.21768, batch accuracy: 61.74, data load time: 0.06271, step time: 0.07051
epoch: [2], step: [213/1543], batch loss: 0.16772, batch accuracy: 85.69, data load time: 0.02577, step time: 0.07373
epoch: [2], step: [313/1543], batch loss: 0.23189, batch accuracy: 68.74, data load time: 0.07503, step time: 0.07390
epoch: [2], step: [413/1543], batch loss: 0.19244, batch accuracy: 75.50, data load time: 0.07165, step time: 0.06972
epoch: [2], step: [513/1543], batch loss: 0.19436, batch accuracy: 67.74, data load time: 0.08537, step time: 0.06909
epoch: [2], step: [613/1543], batch loss: 0.27179, batch accuracy: 69.77, data load time: 0.07534, step time: 0.07375
epoch: [2], step: [713/1543], batch loss: 0.17155, batch accuracy: 73.71, data load time: 0.06906, step time: 0.06865
epoch: [2], step: [813/1543], batch loss: 0.23732, batch accuracy: 80.72, data load time: 0.07112, step time: 0.07665
epoch: [2], step: [913/1543], batch loss: 0.20643, batch accuracy: 80.28, data load time: 0.03202, step time: 0.07109
epoch: [2], step: [1013/1543], batch loss: 0.20391, batch accuracy: 80.01, data load time: 0.08656, step time: 0.06904
epoch: [2], step: [1113/1543], batch loss: 0.15379, batch accuracy: 77.73, data load time: 0.11474, step time: 0.06967
epoch: [2], step: [1213/1543], batch loss: 0.20556, batch accuracy: 81.67, data load time: 0.09190, step time: 0.07031
epoch: [2], step: [1313/1543], batch loss: 0.19716, batch accuracy: 70.37, data load time: 0.08667, step time: 0.06335
epoch: [2], step: [1413/1543], batch loss: 0.23387, batch accuracy: 76.44, data load time: 0.05233, step time: 0.07124
epoch: [2], step: [1513/1543], batch loss: 0.16063, batch accuracy: 84.07, data load time: 0.09374, step time: 0.06884
EVALUATION METRICS:
-------------------------------------------------------------

Validation AUC Score: 0.7630

-------------------------------------------------------------
validation loss: 0.30877, accuracy: 76.30
epoch: [3], step: [70/1543], batch loss: 0.19578, batch accuracy: 72.04, data load time: 0.04350, step time: 0.06687
epoch: [3], step: [170/1543], batch loss: 0.14595, batch accuracy: 69.40, data load time: 0.04939, step time: 0.06553
epoch: [3], step: [270/1543], batch loss: 0.12706, batch accuracy: 83.10, data load time: 0.02847, step time: 0.06538
epoch: [3], step: [370/1543], batch loss: 0.15914, batch accuracy: 81.58, data load time: 0.09122, step time: 0.06821
epoch: [3], step: [470/1543], batch loss: 0.20169, batch accuracy: 79.89, data load time: 0.01839, step time: 0.07040
epoch: [3], step: [570/1543], batch loss: 0.18155, batch accuracy: 66.00, data load time: 0.04560, step time: 0.06977
epoch: [3], step: [670/1543], batch loss: 0.22480, batch accuracy: 73.59, data load time: 0.06662, step time: 0.07131
epoch: [3], step: [770/1543], batch loss: 0.21278, batch accuracy: 76.71, data load time: 0.06777, step time: 0.07315
epoch: [3], step: [870/1543], batch loss: 0.21532, batch accuracy: 71.33, data load time: 0.07812, step time: 0.07108
epoch: [3], step: [970/1543], batch loss: 0.18602, batch accuracy: 75.32, data load time: 0.04626, step time: 0.06972
epoch: [3], step: [1070/1543], batch loss: 0.22202, batch accuracy: 71.40, data load time: 0.07878, step time: 0.07187
epoch: [3], step: [1170/1543], batch loss: 0.21230, batch accuracy: 57.22, data load time: 0.08203, step time: 0.06637
epoch: [3], step: [1270/1543], batch loss: 0.18626, batch accuracy: 79.35, data load time: 0.05998, step time: 0.06904
epoch: [3], step: [1370/1543], batch loss: 0.21596, batch accuracy: 76.60, data load time: 0.06993, step time: 0.07535
epoch: [3], step: [1470/1543], batch loss: 0.16298, batch accuracy: 87.53, data load time: 0.05743, step time: 0.07138
EVALUATION METRICS:
-------------------------------------------------------------

Validation AUC Score: 0.7852

-------------------------------------------------------------
validation loss: 0.22293, accuracy: 78.52
epoch: [4], step: [27/1543], batch loss: 0.23959, batch accuracy: 81.99, data load time: 0.00690, step time: 0.07459
epoch: [4], step: [127/1543], batch loss: 0.17241, batch accuracy: 76.66, data load time: 0.02332, step time: 0.06839
epoch: [4], step: [227/1543], batch loss: 0.16961, batch accuracy: 85.65, data load time: 0.02777, step time: 0.07196
epoch: [4], step: [327/1543], batch loss: 0.22725, batch accuracy: 67.81, data load time: 0.03119, step time: 0.07192
epoch: [4], step: [427/1543], batch loss: 0.17072, batch accuracy: 76.66, data load time: 0.01082, step time: 0.07114
epoch: [4], step: [527/1543], batch loss: 0.16832, batch accuracy: 83.41, data load time: 0.04085, step time: 0.07266
epoch: [4], step: [627/1543], batch loss: 0.19094, batch accuracy: 79.15, data load time: 0.03654, step time: 0.07321
epoch: [4], step: [727/1543], batch loss: 0.18565, batch accuracy: 88.19, data load time: 0.02956, step time: 0.07393
epoch: [4], step: [827/1543], batch loss: 0.18917, batch accuracy: 75.69, data load time: 0.03811, step time: 0.07054
epoch: [4], step: [927/1543], batch loss: 0.15262, batch accuracy: 81.57, data load time: 0.04837, step time: 0.06967
epoch: [4], step: [1027/1543], batch loss: 0.16348, batch accuracy: 87.33, data load time: 0.04837, step time: 0.07115
epoch: [4], step: [1127/1543], batch loss: 0.15619, batch accuracy: 76.47, data load time: 0.05122, step time: 0.06824
epoch: [4], step: [1227/1543], batch loss: 0.15574, batch accuracy: 88.96, data load time: 0.08448, step time: 0.07036
epoch: [4], step: [1327/1543], batch loss: 0.17949, batch accuracy: 82.06, data load time: 0.05482, step time: 0.06969
epoch: [4], step: [1427/1543], batch loss: 0.16567, batch accuracy: 90.61, data load time: 0.07023, step time: 0.07109
epoch: [4], step: [1527/1543], batch loss: 0.17158, batch accuracy: 80.65, data load time: 0.07954, step time: 0.06668
EVALUATION METRICS:
-------------------------------------------------------------

Validation AUC Score: 0.7811

-------------------------------------------------------------
validation loss: 0.28635, accuracy: 78.11
epoch: [5], step: [84/1543], batch loss: 0.16362, batch accuracy: 89.31, data load time: 0.03232, step time: 0.07169
epoch: [5], step: [184/1543], batch loss: 0.14868, batch accuracy: 80.23, data load time: 0.00686, step time: 0.06689
epoch: [5], step: [284/1543], batch loss: 0.12363, batch accuracy: 84.05, data load time: 0.02802, step time: 0.06609
epoch: [5], step: [384/1543], batch loss: 0.15552, batch accuracy: 87.12, data load time: 0.01160, step time: 0.07096
epoch: [5], step: [484/1543], batch loss: 0.17474, batch accuracy: 79.24, data load time: 0.01244, step time: 0.06756
epoch: [5], step: [584/1543], batch loss: 0.18899, batch accuracy: 80.41, data load time: 0.01609, step time: 0.07044
epoch: [5], step: [684/1543], batch loss: 0.14446, batch accuracy: 93.30, data load time: 0.01384, step time: 0.06988
epoch: [5], step: [784/1543], batch loss: 0.22811, batch accuracy: 73.38, data load time: 0.03509, step time: 0.07332
epoch: [5], step: [884/1543], batch loss: 0.18279, batch accuracy: 74.79, data load time: 0.05742, step time: 0.06916
epoch: [5], step: [984/1543], batch loss: 0.11198, batch accuracy: 89.33, data load time: 0.06074, step time: 0.06907
epoch: [5], step: [1084/1543], batch loss: 0.21203, batch accuracy: 80.89, data load time: 0.05476, step time: 0.07538
epoch: [5], step: [1184/1543], batch loss: 0.14164, batch accuracy: 91.58, data load time: 0.05340, step time: 0.06771
epoch: [5], step: [1284/1543], batch loss: 0.18573, batch accuracy: 83.50, data load time: 0.07874, step time: 0.06911
epoch: [5], step: [1384/1543], batch loss: 0.18749, batch accuracy: 86.08, data load time: 0.07210, step time: 0.07413
epoch: [5], step: [1484/1543], batch loss: 0.16343, batch accuracy: 86.93, data load time: 0.07304, step time: 0.07102
EVALUATION METRICS:
-------------------------------------------------------------

Validation AUC Score: 0.7681

-------------------------------------------------------------
validation loss: 0.29994, accuracy: 76.81
epoch: [6], step: [41/1543], batch loss: 0.16484, batch accuracy: 81.38, data load time: 0.01831, step time: 0.07075
epoch: [6], step: [141/1543], batch loss: 0.14581, batch accuracy: 89.17, data load time: 0.02772, step time: 0.07043
epoch: [6], step: [241/1543], batch loss: 0.15529, batch accuracy: 82.49, data load time: 0.02935, step time: 0.07479
epoch: [6], step: [341/1543], batch loss: 0.14373, batch accuracy: 91.60, data load time: 0.05895, step time: 0.06765
epoch: [6], step: [441/1543], batch loss: 0.15259, batch accuracy: 90.08, data load time: 0.11569, step time: 0.07054
epoch: [6], step: [541/1543], batch loss: 0.14503, batch accuracy: 89.26, data load time: 0.02856, step time: 0.06752
epoch: [6], step: [641/1543], batch loss: 0.20533, batch accuracy: 77.20, data load time: 0.08046, step time: 0.06771
epoch: [6], step: [741/1543], batch loss: 0.14868, batch accuracy: 83.45, data load time: 0.02879, step time: 0.06812
epoch: [6], step: [841/1543], batch loss: 0.18195, batch accuracy: 76.98, data load time: 0.05493, step time: 0.06986
epoch: [6], step: [941/1543], batch loss: 0.18385, batch accuracy: 78.10, data load time: 0.02176, step time: 0.07226
epoch: [6], step: [1041/1543], batch loss: 0.16048, batch accuracy: 86.37, data load time: 0.08040, step time: 0.07191
epoch: [6], step: [1141/1543], batch loss: 0.14604, batch accuracy: 91.85, data load time: 0.13261, step time: 0.06904
epoch: [6], step: [1241/1543], batch loss: 0.18660, batch accuracy: 72.70, data load time: 0.08908, step time: 0.07051
epoch: [6], step: [1341/1543], batch loss: 0.18297, batch accuracy: 88.83, data load time: 0.10321, step time: 0.07270
epoch: [6], step: [1441/1543], batch loss: 0.14322, batch accuracy: 86.63, data load time: 0.03066, step time: 0.06977
epoch: [6], step: [1541/1543], batch loss: 0.14597, batch accuracy: 89.13, data load time: 0.07003, step time: 0.06881
EVALUATION METRICS:
-------------------------------------------------------------

Validation AUC Score: 0.7843

-------------------------------------------------------------
validation loss: 0.24071, accuracy: 78.43
epoch: [7], step: [98/1543], batch loss: 0.15824, batch accuracy: 88.00, data load time: 0.04396, step time: 0.07300
epoch: [7], step: [198/1543], batch loss: 0.13390, batch accuracy: 82.63, data load time: 0.04037, step time: 0.06536
epoch: [7], step: [298/1543], batch loss: 0.19708, batch accuracy: 81.47, data load time: 0.01185, step time: 0.07178
epoch: [7], step: [398/1543], batch loss: 0.16492, batch accuracy: 81.67, data load time: 0.01257, step time: 0.07038
epoch: [7], step: [498/1543], batch loss: 0.20573, batch accuracy: 80.42, data load time: 0.02910, step time: 0.07468
epoch: [7], step: [598/1543], batch loss: 0.13697, batch accuracy: 85.65, data load time: 0.04535, step time: 0.06826
epoch: [7], step: [698/1543], batch loss: 0.18720, batch accuracy: 77.42, data load time: 0.04655, step time: 0.07110
epoch: [7], step: [798/1543], batch loss: 0.17045, batch accuracy: 81.26, data load time: 0.06589, step time: 0.06899
epoch: [7], step: [898/1543], batch loss: 0.19784, batch accuracy: 80.43, data load time: 0.06991, step time: 0.07115
epoch: [7], step: [998/1543], batch loss: 0.13026, batch accuracy: 87.59, data load time: 0.05109, step time: 0.06849
epoch: [7], step: [1098/1543], batch loss: 0.19349, batch accuracy: 82.66, data load time: 0.05518, step time: 0.06967
epoch: [7], step: [1198/1543], batch loss: 0.16989, batch accuracy: 87.43, data load time: 0.05687, step time: 0.06828
epoch: [7], step: [1298/1543], batch loss: 0.21639, batch accuracy: 70.36, data load time: 0.07722, step time: 0.07388
epoch: [7], step: [1398/1543], batch loss: 0.13559, batch accuracy: 87.00, data load time: 0.07582, step time: 0.06547
epoch: [7], step: [1498/1543], batch loss: 0.20003, batch accuracy: 74.36, data load time: 0.04714, step time: 0.07321
EVALUATION METRICS:
-------------------------------------------------------------

Validation AUC Score: 0.8254

-------------------------------------------------------------
validation loss: 0.21911, accuracy: 82.54
epoch: [8], step: [55/1543], batch loss: 0.16021, batch accuracy: 83.70, data load time: 0.01521, step time: 0.06891
epoch: [8], step: [155/1543], batch loss: 0.13098, batch accuracy: 87.94, data load time: 0.06333, step time: 0.06982
epoch: [8], step: [255/1543], batch loss: 0.23058, batch accuracy: 82.71, data load time: 0.05118, step time: 0.07602
epoch: [8], step: [355/1543], batch loss: 0.22402, batch accuracy: 84.46, data load time: 0.01069, step time: 0.07827
epoch: [8], step: [455/1543], batch loss: 0.13417, batch accuracy: 85.74, data load time: 0.06046, step time: 0.06766
epoch: [8], step: [555/1543], batch loss: 0.13421, batch accuracy: 89.69, data load time: 0.02808, step time: 0.06900
epoch: [8], step: [655/1543], batch loss: 0.16374, batch accuracy: 82.88, data load time: 0.05041, step time: 0.06688
epoch: [8], step: [755/1543], batch loss: 0.14609, batch accuracy: 82.31, data load time: 0.07317, step time: 0.06760
epoch: [8], step: [855/1543], batch loss: 0.17974, batch accuracy: 76.89, data load time: 0.05924, step time: 0.06769
epoch: [8], step: [955/1543], batch loss: 0.22378, batch accuracy: 76.01, data load time: 0.06174, step time: 0.06981
epoch: [8], step: [1055/1543], batch loss: 0.20257, batch accuracy: 83.07, data load time: 0.04876, step time: 0.07189
epoch: [8], step: [1155/1543], batch loss: 0.17330, batch accuracy: 80.86, data load time: 0.03004, step time: 0.07109
epoch: [8], step: [1255/1543], batch loss: 0.19025, batch accuracy: 71.08, data load time: 0.06082, step time: 0.06913
epoch: [8], step: [1355/1543], batch loss: 0.12510, batch accuracy: 89.44, data load time: 0.09308, step time: 0.06540
epoch: [8], step: [1455/1543], batch loss: 0.12475, batch accuracy: 93.97, data load time: 0.07748, step time: 0.06836
EVALUATION METRICS:
-------------------------------------------------------------

Validation AUC Score: 0.8249

-------------------------------------------------------------
validation loss: 0.30813, accuracy: 82.49
epoch: [9], step: [12/1543], batch loss: 0.17352, batch accuracy: 85.32, data load time: 0.02353, step time: 0.07296
epoch: [9], step: [112/1543], batch loss: 0.17259, batch accuracy: 83.35, data load time: 0.04499, step time: 0.07272
epoch: [9], step: [212/1543], batch loss: 0.11580, batch accuracy: 92.20, data load time: 0.07091, step time: 0.06901
epoch: [9], step: [312/1543], batch loss: 0.17825, batch accuracy: 84.63, data load time: 0.03806, step time: 0.07459
epoch: [9], step: [412/1543], batch loss: 0.16400, batch accuracy: 84.67, data load time: 0.05586, step time: 0.07113
epoch: [9], step: [512/1543], batch loss: 0.10441, batch accuracy: 94.69, data load time: 0.09552, step time: 0.06674
epoch: [9], step: [612/1543], batch loss: 0.17710, batch accuracy: 86.33, data load time: 0.06463, step time: 0.07177
epoch: [9], step: [712/1543], batch loss: 0.15220, batch accuracy: 87.85, data load time: 0.11024, step time: 0.07089
epoch: [9], step: [812/1543], batch loss: 0.15445, batch accuracy: 82.48, data load time: 0.05578, step time: 0.06824
epoch: [9], step: [912/1543], batch loss: 0.18331, batch accuracy: 80.09, data load time: 0.04055, step time: 0.06896
epoch: [9], step: [1012/1543], batch loss: 0.18597, batch accuracy: 88.48, data load time: 0.09377, step time: 0.07382
epoch: [9], step: [1112/1543], batch loss: 0.16496, batch accuracy: 85.16, data load time: 0.08249, step time: 0.07120
epoch: [9], step: [1212/1543], batch loss: 0.20630, batch accuracy: 84.14, data load time: 0.11547, step time: 0.07452
epoch: [9], step: [1312/1543], batch loss: 0.14755, batch accuracy: 87.34, data load time: 0.07644, step time: 0.07174
epoch: [9], step: [1412/1543], batch loss: 0.12839, batch accuracy: 88.65, data load time: 0.11307, step time: 0.06811
epoch: [9], step: [1512/1543], batch loss: 0.20163, batch accuracy: 86.03, data load time: 0.05983, step time: 0.07027
EVALUATION METRICS:
-------------------------------------------------------------

Validation AUC Score: 0.8401

-------------------------------------------------------------
validation loss: 0.33403, accuracy: 84.01
epoch: [10], step: [69/1543], batch loss: 0.17949, batch accuracy: 90.98, data load time: 0.00860, step time: 0.07021
epoch: [10], step: [169/1543], batch loss: 0.16102, batch accuracy: 88.23, data load time: 0.05739, step time: 0.07361
epoch: [10], step: [269/1543], batch loss: 0.15310, batch accuracy: 87.33, data load time: 0.02689, step time: 0.07266
epoch: [10], step: [369/1543], batch loss: 0.11827, batch accuracy: 92.67, data load time: 0.07641, step time: 0.06936
epoch: [10], step: [469/1543], batch loss: 0.13334, batch accuracy: 91.62, data load time: 0.03635, step time: 0.06834
epoch: [10], step: [569/1543], batch loss: 0.15152, batch accuracy: 89.70, data load time: 0.10689, step time: 0.07176
epoch: [10], step: [669/1543], batch loss: 0.16350, batch accuracy: 74.62, data load time: 0.05589, step time: 0.06741
epoch: [10], step: [769/1543], batch loss: 0.14667, batch accuracy: 81.68, data load time: 0.04362, step time: 0.06746
epoch: [10], step: [869/1543], batch loss: 0.16709, batch accuracy: 92.85, data load time: 0.06311, step time: 0.07107
epoch: [10], step: [969/1543], batch loss: 0.18462, batch accuracy: 81.80, data load time: 0.12382, step time: 0.07456
epoch: [10], step: [1069/1543], batch loss: 0.12278, batch accuracy: 87.00, data load time: 0.10220, step time: 0.06974
epoch: [10], step: [1169/1543], batch loss: 0.14089, batch accuracy: 81.96, data load time: 0.04901, step time: 0.06680
epoch: [10], step: [1269/1543], batch loss: 0.16193, batch accuracy: 92.08, data load time: 0.11133, step time: 0.07440
epoch: [10], step: [1369/1543], batch loss: 0.14497, batch accuracy: 89.17, data load time: 0.11141, step time: 0.07112
epoch: [10], step: [1469/1543], batch loss: 0.14462, batch accuracy: 86.33, data load time: 0.07076, step time: 0.06950
EVALUATION METRICS:
-------------------------------------------------------------

Validation AUC Score: 0.7425

-------------------------------------------------------------
validation loss: 0.53340, accuracy: 74.25
epoch: [11], step: [26/1543], batch loss: 0.13212, batch accuracy: 85.88, data load time: 0.04407, step time: 0.07029
epoch: [11], step: [126/1543], batch loss: 0.18870, batch accuracy: 86.42, data load time: 0.09419, step time: 0.07229
epoch: [11], step: [226/1543], batch loss: 0.15861, batch accuracy: 88.97, data load time: 0.02529, step time: 0.07093
epoch: [11], step: [326/1543], batch loss: 0.21482, batch accuracy: 77.67, data load time: 0.04522, step time: 0.07385
epoch: [11], step: [426/1543], batch loss: 0.15353, batch accuracy: 87.86, data load time: 0.01242, step time: 0.07081
epoch: [11], step: [526/1543], batch loss: 0.15944, batch accuracy: 93.42, data load time: 0.05582, step time: 0.07163
epoch: [11], step: [626/1543], batch loss: 0.15805, batch accuracy: 85.23, data load time: 0.04115, step time: 0.06681
epoch: [11], step: [726/1543], batch loss: 0.17756, batch accuracy: 89.13, data load time: 0.04166, step time: 0.07383
epoch: [11], step: [826/1543], batch loss: 0.16154, batch accuracy: 87.16, data load time: 0.06511, step time: 0.07022
epoch: [11], step: [926/1543], batch loss: 0.16057, batch accuracy: 90.40, data load time: 0.09650, step time: 0.07024
epoch: [11], step: [1026/1543], batch loss: 0.12820, batch accuracy: 94.30, data load time: 0.06644, step time: 0.06893
epoch: [11], step: [1126/1543], batch loss: 0.17345, batch accuracy: 86.01, data load time: 0.06709, step time: 0.07290
epoch: [11], step: [1226/1543], batch loss: 0.16511, batch accuracy: 86.99, data load time: 0.07584, step time: 0.07444
epoch: [11], step: [1326/1543], batch loss: 0.17529, batch accuracy: 84.95, data load time: 0.09168, step time: 0.07239
epoch: [11], step: [1426/1543], batch loss: 0.17561, batch accuracy: 76.26, data load time: 0.05846, step time: 0.07136
epoch: [11], step: [1526/1543], batch loss: 0.17964, batch accuracy: 80.29, data load time: 0.03262, step time: 0.06977
EVALUATION METRICS:
-------------------------------------------------------------

Validation AUC Score: 0.8446

-------------------------------------------------------------
validation loss: 0.23699, accuracy: 84.46
epoch: [12], step: [83/1543], batch loss: 0.12281, batch accuracy: 89.94, data load time: 0.01066, step time: 0.06765
epoch: [12], step: [183/1543], batch loss: 0.16717, batch accuracy: 83.75, data load time: 0.00716, step time: 0.06974
epoch: [12], step: [283/1543], batch loss: 0.15042, batch accuracy: 87.40, data load time: 0.03437, step time: 0.06989
epoch: [12], step: [383/1543], batch loss: 0.17073, batch accuracy: 88.41, data load time: 0.01288, step time: 0.07176
epoch: [12], step: [483/1543], batch loss: 0.12855, batch accuracy: 89.72, data load time: 0.05438, step time: 0.07096
epoch: [12], step: [583/1543], batch loss: 0.18490, batch accuracy: 83.18, data load time: 0.04660, step time: 0.07316
epoch: [12], step: [683/1543], batch loss: 0.14974, batch accuracy: 91.68, data load time: 0.01369, step time: 0.06894
epoch: [12], step: [783/1543], batch loss: 0.17357, batch accuracy: 83.78, data load time: 0.06538, step time: 0.07379
epoch: [12], step: [883/1543], batch loss: 0.18807, batch accuracy: 84.92, data load time: 0.04326, step time: 0.07389
epoch: [12], step: [983/1543], batch loss: 0.20295, batch accuracy: 88.52, data load time: 0.06552, step time: 0.07310
epoch: [12], step: [1083/1543], batch loss: 0.11088, batch accuracy: 90.05, data load time: 0.01462, step time: 0.06544
epoch: [12], step: [1183/1543], batch loss: 0.14453, batch accuracy: 85.88, data load time: 0.04173, step time: 0.06568
epoch: [12], step: [1283/1543], batch loss: 0.13246, batch accuracy: 93.02, data load time: 0.04709, step time: 0.07118
epoch: [12], step: [1383/1543], batch loss: 0.13585, batch accuracy: 96.02, data load time: 0.04420, step time: 0.06911
epoch: [12], step: [1483/1543], batch loss: 0.15136, batch accuracy: 81.88, data load time: 0.04693, step time: 0.07012
EVALUATION METRICS:
-------------------------------------------------------------

Validation AUC Score: 0.8551

-------------------------------------------------------------
validation loss: 0.22723, accuracy: 85.51
epoch: [13], step: [40/1543], batch loss: 0.17022, batch accuracy: 89.22, data load time: 0.02926, step time: 0.07376
epoch: [13], step: [140/1543], batch loss: 0.17321, batch accuracy: 90.26, data load time: 0.01796, step time: 0.07445
epoch: [13], step: [240/1543], batch loss: 0.12108, batch accuracy: 92.24, data load time: 0.00212, step time: 0.07043
epoch: [13], step: [340/1543], batch loss: 0.17118, batch accuracy: 89.50, data load time: 0.01270, step time: 0.07176
epoch: [13], step: [440/1543], batch loss: 0.11726, batch accuracy: 92.34, data load time: 0.01411, step time: 0.06483
epoch: [13], step: [540/1543], batch loss: 0.18635, batch accuracy: 94.75, data load time: 0.02035, step time: 0.07577
epoch: [13], step: [640/1543], batch loss: 0.26453, batch accuracy: 69.16, data load time: 0.03328, step time: 0.07326
epoch: [13], step: [740/1543], batch loss: 0.21037, batch accuracy: 89.15, data load time: 0.03152, step time: 0.07291
epoch: [13], step: [840/1543], batch loss: 0.16081, batch accuracy: 87.64, data load time: 0.07943, step time: 0.06965
epoch: [13], step: [940/1543], batch loss: 0.16624, batch accuracy: 89.52, data load time: 0.03282, step time: 0.07104
epoch: [13], step: [1040/1543], batch loss: 0.16845, batch accuracy: 86.30, data load time: 0.08335, step time: 0.07168
epoch: [13], step: [1140/1543], batch loss: 0.11840, batch accuracy: 89.09, data load time: 0.06180, step time: 0.06971
epoch: [13], step: [1240/1543], batch loss: 0.14989, batch accuracy: 90.86, data load time: 0.02963, step time: 0.06952
epoch: [13], step: [1340/1543], batch loss: 0.14913, batch accuracy: 85.74, data load time: 0.03047, step time: 0.07370
epoch: [13], step: [1440/1543], batch loss: 0.13005, batch accuracy: 89.99, data load time: 0.08928, step time: 0.06835
epoch: [13], step: [1540/1543], batch loss: 0.13158, batch accuracy: 91.91, data load time: 0.01541, step time: 0.06735
EVALUATION METRICS:
-------------------------------------------------------------

Validation AUC Score: 0.8553

-------------------------------------------------------------
validation loss: 0.15918, accuracy: 85.53
epoch: [14], step: [97/1543], batch loss: 0.14205, batch accuracy: 88.75, data load time: 0.00901, step time: 0.06912
epoch: [14], step: [197/1543], batch loss: 0.15327, batch accuracy: 89.69, data load time: 0.01138, step time: 0.07520
epoch: [14], step: [297/1543], batch loss: 0.13271, batch accuracy: 86.93, data load time: 0.00286, step time: 0.06880
epoch: [14], step: [397/1543], batch loss: 0.09801, batch accuracy: 90.89, data load time: 0.06010, step time: 0.06898
epoch: [14], step: [497/1543], batch loss: 0.13257, batch accuracy: 94.95, data load time: 0.03109, step time: 0.06959
epoch: [14], step: [597/1543], batch loss: 0.14676, batch accuracy: 89.96, data load time: 0.05428, step time: 0.06896
epoch: [14], step: [697/1543], batch loss: 0.13817, batch accuracy: 93.17, data load time: 0.05092, step time: 0.06969
epoch: [14], step: [797/1543], batch loss: 0.15447, batch accuracy: 87.40, data load time: 0.10006, step time: 0.07251
epoch: [14], step: [897/1543], batch loss: 0.13303, batch accuracy: 85.97, data load time: 0.03742, step time: 0.06902
epoch: [14], step: [997/1543], batch loss: 0.12334, batch accuracy: 94.15, data load time: 0.10616, step time: 0.07026
epoch: [14], step: [1097/1543], batch loss: 0.17157, batch accuracy: 81.62, data load time: 0.05675, step time: 0.06755
epoch: [14], step: [1197/1543], batch loss: 0.14750, batch accuracy: 91.22, data load time: 0.08906, step time: 0.06892
epoch: [14], step: [1297/1543], batch loss: 0.16859, batch accuracy: 91.06, data load time: 0.10116, step time: 0.07313
epoch: [14], step: [1397/1543], batch loss: 0.13105, batch accuracy: 88.53, data load time: 0.12410, step time: 0.06979
epoch: [14], step: [1497/1543], batch loss: 0.14975, batch accuracy: 85.11, data load time: 0.04681, step time: 0.06706
EVALUATION METRICS:
-------------------------------------------------------------

Validation AUC Score: 0.8366

-------------------------------------------------------------
validation loss: 0.18866, accuracy: 83.66
epoch: [15], step: [54/1543], batch loss: 0.12250, batch accuracy: 93.26, data load time: 0.03018, step time: 0.06763
epoch: [15], step: [154/1543], batch loss: 0.16879, batch accuracy: 83.86, data load time: 0.02866, step time: 0.06775
epoch: [15], step: [254/1543], batch loss: 0.18470, batch accuracy: 86.88, data load time: 0.02470, step time: 0.07399
epoch: [15], step: [354/1543], batch loss: 0.14586, batch accuracy: 90.73, data load time: 0.06798, step time: 0.06847
epoch: [15], step: [454/1543], batch loss: 0.16517, batch accuracy: 82.48, data load time: 0.02928, step time: 0.06974
epoch: [15], step: [554/1543], batch loss: 0.18010, batch accuracy: 83.05, data load time: 0.04092, step time: 0.07268
epoch: [15], step: [654/1543], batch loss: 0.14457, batch accuracy: 87.20, data load time: 0.05756, step time: 0.06982
epoch: [15], step: [754/1543], batch loss: 0.14104, batch accuracy: 80.88, data load time: 0.04562, step time: 0.06400
epoch: [15], step: [854/1543], batch loss: 0.17396, batch accuracy: 83.59, data load time: 0.03472, step time: 0.07066
epoch: [15], step: [954/1543], batch loss: 0.14482, batch accuracy: 88.36, data load time: 0.05728, step time: 0.07052
epoch: [15], step: [1054/1543], batch loss: 0.14701, batch accuracy: 85.45, data load time: 0.08425, step time: 0.06971
epoch: [15], step: [1154/1543], batch loss: 0.15033, batch accuracy: 85.52, data load time: 0.05242, step time: 0.07152
epoch: [15], step: [1254/1543], batch loss: 0.18069, batch accuracy: 88.32, data load time: 0.04351, step time: 0.07473
epoch: [15], step: [1354/1543], batch loss: 0.13618, batch accuracy: 90.59, data load time: 0.06787, step time: 0.06955
epoch: [15], step: [1454/1543], batch loss: 0.19874, batch accuracy: 83.11, data load time: 0.02901, step time: 0.07284
EVALUATION METRICS:
-------------------------------------------------------------

Validation AUC Score: 0.8611

-------------------------------------------------------------
validation loss: 0.15086, accuracy: 86.11
epoch: [16], step: [11/1543], batch loss: 0.14572, batch accuracy: 92.22, data load time: 0.01342, step time: 0.07163
epoch: [16], step: [111/1543], batch loss: 0.14556, batch accuracy: 83.72, data load time: 0.01752, step time: 0.07031
epoch: [16], step: [211/1543], batch loss: 0.19989, batch accuracy: 87.38, data load time: 0.01222, step time: 0.07411
epoch: [16], step: [311/1543], batch loss: 0.18338, batch accuracy: 86.00, data load time: 0.02569, step time: 0.07024
epoch: [16], step: [411/1543], batch loss: 0.15867, batch accuracy: 92.54, data load time: 0.05960, step time: 0.07031
epoch: [16], step: [511/1543], batch loss: 0.15791, batch accuracy: 92.81, data load time: 0.02874, step time: 0.07131
epoch: [16], step: [611/1543], batch loss: 0.13966, batch accuracy: 93.96, data load time: 0.06645, step time: 0.06482
epoch: [16], step: [711/1543], batch loss: 0.16534, batch accuracy: 86.21, data load time: 0.04536, step time: 0.07097
epoch: [16], step: [811/1543], batch loss: 0.11603, batch accuracy: 90.32, data load time: 0.04696, step time: 0.06830
epoch: [16], step: [911/1543], batch loss: 0.18821, batch accuracy: 80.47, data load time: 0.06182, step time: 0.06961
epoch: [16], step: [1011/1543], batch loss: 0.14374, batch accuracy: 92.51, data load time: 0.05308, step time: 0.07099
epoch: [16], step: [1111/1543], batch loss: 0.14888, batch accuracy: 93.42, data load time: 0.08900, step time: 0.07187
epoch: [16], step: [1211/1543], batch loss: 0.15190, batch accuracy: 84.27, data load time: 0.06844, step time: 0.07384
epoch: [16], step: [1311/1543], batch loss: 0.12568, batch accuracy: 88.58, data load time: 0.04794, step time: 0.06606
epoch: [16], step: [1411/1543], batch loss: 0.16458, batch accuracy: 89.99, data load time: 0.05706, step time: 0.07384
epoch: [16], step: [1511/1543], batch loss: 0.10732, batch accuracy: 91.83, data load time: 0.05991, step time: 0.06694
Epoch 00017: reducing learning rate of group 0 to 2.5000e-03.
EVALUATION METRICS:
-------------------------------------------------------------

Validation AUC Score: 0.7914

-------------------------------------------------------------
validation loss: 0.26729, accuracy: 79.14
epoch: [17], step: [68/1543], batch loss: 0.14085, batch accuracy: 87.56, data load time: 0.04988, step time: 0.07262
epoch: [17], step: [168/1543], batch loss: 0.10257, batch accuracy: 87.96, data load time: 0.07400, step time: 0.06670
epoch: [17], step: [268/1543], batch loss: 0.18319, batch accuracy: 89.24, data load time: 0.04748, step time: 0.07866
epoch: [17], step: [368/1543], batch loss: 0.16842, batch accuracy: 90.67, data load time: 0.07714, step time: 0.07524
epoch: [17], step: [468/1543], batch loss: 0.11228, batch accuracy: 95.09, data load time: 0.12872, step time: 0.07317
epoch: [17], step: [568/1543], batch loss: 0.15688, batch accuracy: 89.02, data load time: 0.07794, step time: 0.07027
epoch: [17], step: [668/1543], batch loss: 0.15401, batch accuracy: 86.49, data load time: 0.12061, step time: 0.06946
epoch: [17], step: [768/1543], batch loss: 0.13823, batch accuracy: 87.43, data load time: 0.04521, step time: 0.06545
epoch: [17], step: [868/1543], batch loss: 0.19922, batch accuracy: 79.97, data load time: 0.08213, step time: 0.07579
epoch: [17], step: [968/1543], batch loss: 0.13134, batch accuracy: 93.03, data load time: 0.09775, step time: 0.06810
epoch: [17], step: [1068/1543], batch loss: 0.15106, batch accuracy: 85.99, data load time: 0.04482, step time: 0.06908
epoch: [17], step: [1168/1543], batch loss: 0.16129, batch accuracy: 89.57, data load time: 0.06062, step time: 0.07110
epoch: [17], step: [1268/1543], batch loss: 0.13594, batch accuracy: 86.97, data load time: 0.10061, step time: 0.06826
epoch: [17], step: [1368/1543], batch loss: 0.17070, batch accuracy: 86.97, data load time: 0.08614, step time: 0.07308
epoch: [17], step: [1468/1543], batch loss: 0.15799, batch accuracy: 91.54, data load time: 0.07496, step time: 0.07385
EVALUATION METRICS:
-------------------------------------------------------------

Validation AUC Score: 0.8724

-------------------------------------------------------------
validation loss: 0.17686, accuracy: 87.24
epoch: [18], step: [25/1543], batch loss: 0.10858, batch accuracy: 92.69, data load time: 0.07138, step time: 0.07404
epoch: [18], step: [125/1543], batch loss: 0.13508, batch accuracy: 89.38, data load time: 0.04867, step time: 0.06908
epoch: [18], step: [225/1543], batch loss: 0.13853, batch accuracy: 91.09, data load time: 0.04950, step time: 0.06660
epoch: [18], step: [325/1543], batch loss: 0.14048, batch accuracy: 84.94, data load time: 0.04635, step time: 0.06742
epoch: [18], step: [425/1543], batch loss: 0.11431, batch accuracy: 92.75, data load time: 0.03320, step time: 0.06739
epoch: [18], step: [525/1543], batch loss: 0.14587, batch accuracy: 92.79, data load time: 0.06328, step time: 0.07314
epoch: [18], step: [625/1543], batch loss: 0.18946, batch accuracy: 94.00, data load time: 0.07015, step time: 0.07111
epoch: [18], step: [725/1543], batch loss: 0.14138, batch accuracy: 91.95, data load time: 0.12490, step time: 0.07028
epoch: [18], step: [825/1543], batch loss: 0.18300, batch accuracy: 87.89, data load time: 0.11673, step time: 0.07511
epoch: [18], step: [925/1543], batch loss: 0.23771, batch accuracy: 88.53, data load time: 0.06717, step time: 0.07144
epoch: [18], step: [1025/1543], batch loss: 0.12926, batch accuracy: 93.00, data load time: 0.07765, step time: 0.07091
epoch: [18], step: [1125/1543], batch loss: 0.20289, batch accuracy: 80.41, data load time: 0.07575, step time: 0.07463
epoch: [18], step: [1225/1543], batch loss: 0.17149, batch accuracy: 91.17, data load time: 0.09061, step time: 0.07446
epoch: [18], step: [1325/1543], batch loss: 0.18820, batch accuracy: 89.01, data load time: 0.06383, step time: 0.07260
epoch: [18], step: [1425/1543], batch loss: 0.19829, batch accuracy: 88.55, data load time: 0.10018, step time: 0.07298
epoch: [18], step: [1525/1543], batch loss: 0.18762, batch accuracy: 89.16, data load time: 0.09775, step time: 0.06906
EVALUATION METRICS:
-------------------------------------------------------------

Validation AUC Score: 0.8738

-------------------------------------------------------------
validation loss: 0.14805, accuracy: 87.38
epoch: [19], step: [82/1543], batch loss: 0.12486, batch accuracy: 91.65, data load time: 0.02925, step time: 0.07244
epoch: [19], step: [182/1543], batch loss: 0.15039, batch accuracy: 88.71, data load time: 0.04990, step time: 0.07168
epoch: [19], step: [282/1543], batch loss: 0.13029, batch accuracy: 86.07, data load time: 0.03428, step time: 0.06961
epoch: [19], step: [382/1543], batch loss: 0.12149, batch accuracy: 94.08, data load time: 0.02837, step time: 0.07246
epoch: [19], step: [482/1543], batch loss: 0.13342, batch accuracy: 89.89, data load time: 0.08479, step time: 0.06948
epoch: [19], step: [582/1543], batch loss: 0.14827, batch accuracy: 92.63, data load time: 0.03774, step time: 0.07030
epoch: [19], step: [682/1543], batch loss: 0.09048, batch accuracy: 91.41, data load time: 0.02651, step time: 0.06876
epoch: [19], step: [782/1543], batch loss: 0.13409, batch accuracy: 85.43, data load time: 0.04568, step time: 0.06682
epoch: [19], step: [882/1543], batch loss: 0.11027, batch accuracy: 95.96, data load time: 0.01120, step time: 0.06754
epoch: [19], step: [982/1543], batch loss: 0.14315, batch accuracy: 88.19, data load time: 0.06194, step time: 0.07019
epoch: [19], step: [1082/1543], batch loss: 0.12704, batch accuracy: 91.18, data load time: 0.10159, step time: 0.06618
epoch: [19], step: [1182/1543], batch loss: 0.19501, batch accuracy: 87.48, data load time: 0.03908, step time: 0.07682
epoch: [19], step: [1282/1543], batch loss: 0.14774, batch accuracy: 85.65, data load time: 0.04867, step time: 0.06967
epoch: [19], step: [1382/1543], batch loss: 0.13580, batch accuracy: 87.07, data load time: 0.06835, step time: 0.07153
epoch: [19], step: [1482/1543], batch loss: 0.10718, batch accuracy: 93.68, data load time: 0.05065, step time: 0.06892
EVALUATION METRICS:
-------------------------------------------------------------

Validation AUC Score: 0.8756

-------------------------------------------------------------
validation loss: 0.16046, accuracy: 87.56
epoch: [20], step: [39/1543], batch loss: 0.15997, batch accuracy: 94.87, data load time: 0.01768, step time: 0.07453
epoch: [20], step: [139/1543], batch loss: 0.14468, batch accuracy: 95.58, data load time: 0.04845, step time: 0.07254
epoch: [20], step: [239/1543], batch loss: 0.19632, batch accuracy: 85.04, data load time: 0.02407, step time: 0.07595
epoch: [20], step: [339/1543], batch loss: 0.11247, batch accuracy: 90.83, data load time: 0.05454, step time: 0.06898
epoch: [20], step: [439/1543], batch loss: 0.14752, batch accuracy: 93.23, data load time: 0.02792, step time: 0.07244
epoch: [20], step: [539/1543], batch loss: 0.12724, batch accuracy: 91.14, data load time: 0.01313, step time: 0.06900
epoch: [20], step: [639/1543], batch loss: 0.18285, batch accuracy: 89.93, data load time: 0.04465, step time: 0.07390
epoch: [20], step: [739/1543], batch loss: 0.14395, batch accuracy: 91.10, data load time: 0.05227, step time: 0.06743
epoch: [20], step: [839/1543], batch loss: 0.16156, batch accuracy: 87.23, data load time: 0.06377, step time: 0.07103
epoch: [20], step: [939/1543], batch loss: 0.12028, batch accuracy: 92.56, data load time: 0.04229, step time: 0.07193
epoch: [20], step: [1039/1543], batch loss: 0.17064, batch accuracy: 86.65, data load time: 0.10918, step time: 0.06868
epoch: [20], step: [1139/1543], batch loss: 0.12399, batch accuracy: 91.41, data load time: 0.06840, step time: 0.07421
epoch: [20], step: [1239/1543], batch loss: 0.13591, batch accuracy: 90.76, data load time: 0.15275, step time: 0.07239
epoch: [20], step: [1339/1543], batch loss: 0.12006, batch accuracy: 95.10, data load time: 0.10905, step time: 0.07292
epoch: [20], step: [1439/1543], batch loss: 0.12327, batch accuracy: 89.08, data load time: 0.12914, step time: 0.07166
epoch: [20], step: [1539/1543], batch loss: 0.16361, batch accuracy: 87.37, data load time: 0.13861, step time: 0.07431
EVALUATION METRICS:
-------------------------------------------------------------

Validation AUC Score: 0.8728

-------------------------------------------------------------
validation loss: 0.14642, accuracy: 87.28
epoch: [21], step: [96/1543], batch loss: 0.12924, batch accuracy: 95.03, data load time: 0.16947, step time: 0.07372
epoch: [21], step: [196/1543], batch loss: 0.12495, batch accuracy: 90.72, data load time: 0.15824, step time: 0.06909
epoch: [21], step: [296/1543], batch loss: 0.11156, batch accuracy: 91.47, data load time: 0.12366, step time: 0.07136
epoch: [21], step: [396/1543], batch loss: 0.14610, batch accuracy: 84.63, data load time: 0.17848, step time: 0.07145
epoch: [21], step: [496/1543], batch loss: 0.12244, batch accuracy: 89.93, data load time: 0.13230, step time: 0.07153
epoch: [21], step: [596/1543], batch loss: 0.12312, batch accuracy: 90.99, data load time: 0.24976, step time: 0.06993
epoch: [21], step: [696/1543], batch loss: 0.12222, batch accuracy: 89.00, data load time: 0.13221, step time: 0.07314
epoch: [21], step: [796/1543], batch loss: 0.17163, batch accuracy: 90.69, data load time: 0.17127, step time: 0.07508
epoch: [21], step: [896/1543], batch loss: 0.19800, batch accuracy: 91.16, data load time: 0.21483, step time: 0.08154
epoch: [21], step: [996/1543], batch loss: 0.11474, batch accuracy: 93.03, data load time: 0.15448, step time: 0.07427
epoch: [21], step: [1096/1543], batch loss: 0.16341, batch accuracy: 94.20, data load time: 0.16752, step time: 0.07918
epoch: [21], step: [1196/1543], batch loss: 0.16708, batch accuracy: 88.93, data load time: 0.12693, step time: 0.07304
epoch: [21], step: [1296/1543], batch loss: 0.18978, batch accuracy: 90.55, data load time: 0.21432, step time: 0.07663
epoch: [21], step: [1396/1543], batch loss: 0.10734, batch accuracy: 89.67, data load time: 0.15812, step time: 0.07179
epoch: [21], step: [1496/1543], batch loss: 0.13889, batch accuracy: 89.07, data load time: 0.17376, step time: 0.07635
EVALUATION METRICS:
-------------------------------------------------------------

Validation AUC Score: 0.8744

-------------------------------------------------------------
validation loss: 0.14656, accuracy: 87.44
epoch: [22], step: [53/1543], batch loss: 0.14401, batch accuracy: 91.03, data load time: 0.15460, step time: 0.07462
epoch: [22], step: [153/1543], batch loss: 0.13896, batch accuracy: 92.47, data load time: 0.15723, step time: 0.07098
epoch: [22], step: [253/1543], batch loss: 0.13720, batch accuracy: 91.87, data load time: 0.13337, step time: 0.07171
epoch: [22], step: [353/1543], batch loss: 0.14992, batch accuracy: 87.86, data load time: 0.12332, step time: 0.07283
epoch: [22], step: [453/1543], batch loss: 0.12586, batch accuracy: 89.22, data load time: 0.19994, step time: 0.07397
epoch: [22], step: [553/1543], batch loss: 0.14597, batch accuracy: 86.72, data load time: 0.13912, step time: 0.07478
epoch: [22], step: [653/1543], batch loss: 0.11344, batch accuracy: 91.69, data load time: 0.12188, step time: 0.07322
epoch: [22], step: [753/1543], batch loss: 0.14870, batch accuracy: 92.16, data load time: 0.12381, step time: 0.07304
epoch: [22], step: [853/1543], batch loss: 0.17717, batch accuracy: 89.67, data load time: 0.11754, step time: 0.07720
epoch: [22], step: [953/1543], batch loss: 0.16067, batch accuracy: 93.07, data load time: 0.13759, step time: 0.07790
epoch: [22], step: [1053/1543], batch loss: 0.17546, batch accuracy: 89.53, data load time: 0.15164, step time: 0.07429
epoch: [22], step: [1153/1543], batch loss: 0.10067, batch accuracy: 94.77, data load time: 0.15982, step time: 0.07098
epoch: [22], step: [1253/1543], batch loss: 0.15460, batch accuracy: 87.04, data load time: 0.14347, step time: 0.07674
epoch: [22], step: [1353/1543], batch loss: 0.11460, batch accuracy: 94.70, data load time: 0.16367, step time: 0.07590
epoch: [22], step: [1453/1543], batch loss: 0.14559, batch accuracy: 91.91, data load time: 0.11451, step time: 0.07967
EVALUATION METRICS:
-------------------------------------------------------------

Validation AUC Score: 0.8756

-------------------------------------------------------------
validation loss: 0.16010, accuracy: 87.56
epoch: [23], step: [10/1543], batch loss: 0.13612, batch accuracy: 90.57, data load time: 0.17265, step time: 0.07456
epoch: [23], step: [110/1543], batch loss: 0.12583, batch accuracy: 92.90, data load time: 0.10702, step time: 0.07328
epoch: [23], step: [210/1543], batch loss: 0.17391, batch accuracy: 85.40, data load time: 0.18934, step time: 0.07714
epoch: [23], step: [310/1543], batch loss: 0.14787, batch accuracy: 87.83, data load time: 0.19443, step time: 0.07429
epoch: [23], step: [410/1543], batch loss: 0.11345, batch accuracy: 92.25, data load time: 0.16960, step time: 0.07743
epoch: [23], step: [510/1543], batch loss: 0.13983, batch accuracy: 90.98, data load time: 0.16424, step time: 0.07277
epoch: [23], step: [610/1543], batch loss: 0.12885, batch accuracy: 88.99, data load time: 0.11057, step time: 0.07304
epoch: [23], step: [710/1543], batch loss: 0.12808, batch accuracy: 86.68, data load time: 0.16690, step time: 0.07015
epoch: [23], step: [810/1543], batch loss: 0.20316, batch accuracy: 79.50, data load time: 0.16761, step time: 0.07470
epoch: [23], step: [910/1543], batch loss: 0.14701, batch accuracy: 94.19, data load time: 0.18361, step time: 0.07568
epoch: [23], step: [1010/1543], batch loss: 0.12808, batch accuracy: 90.14, data load time: 0.15911, step time: 0.07268
epoch: [23], step: [1110/1543], batch loss: 0.13351, batch accuracy: 93.59, data load time: 0.14814, step time: 0.07084
epoch: [23], step: [1210/1543], batch loss: 0.14751, batch accuracy: 87.08, data load time: 0.12151, step time: 0.07298
epoch: [23], step: [1310/1543], batch loss: 0.16250, batch accuracy: 87.26, data load time: 0.13342, step time: 0.07377
epoch: [23], step: [1410/1543], batch loss: 0.12684, batch accuracy: 96.20, data load time: 0.12697, step time: 0.07772
epoch: [23], step: [1510/1543], batch loss: 0.17054, batch accuracy: 87.76, data load time: 0.14821, step time: 0.07273
EVALUATION METRICS:
-------------------------------------------------------------

Validation AUC Score: 0.8743

-------------------------------------------------------------
validation loss: 0.15791, accuracy: 87.43
epoch: [24], step: [67/1543], batch loss: 0.18096, batch accuracy: 86.82, data load time: 0.15354, step time: 0.07866
epoch: [24], step: [167/1543], batch loss: 0.14843, batch accuracy: 95.82, data load time: 0.17984, step time: 0.07496
epoch: [24], step: [267/1543], batch loss: 0.12313, batch accuracy: 92.85, data load time: 0.12392, step time: 0.07420
epoch: [24], step: [367/1543], batch loss: 0.11145, batch accuracy: 90.01, data load time: 0.13156, step time: 0.07106
epoch: [24], step: [467/1543], batch loss: 0.21686, batch accuracy: 86.54, data load time: 0.16795, step time: 0.07694
epoch: [24], step: [567/1543], batch loss: 0.13382, batch accuracy: 93.04, data load time: 0.19359, step time: 0.07545
epoch: [24], step: [667/1543], batch loss: 0.16154, batch accuracy: 92.13, data load time: 0.11228, step time: 0.07491
epoch: [24], step: [767/1543], batch loss: 0.20043, batch accuracy: 87.29, data load time: 0.14065, step time: 0.07693
epoch: [24], step: [867/1543], batch loss: 0.18327, batch accuracy: 89.01, data load time: 0.11964, step time: 0.07348
epoch: [24], step: [967/1543], batch loss: 0.10598, batch accuracy: 91.77, data load time: 0.20745, step time: 0.07390
epoch: [24], step: [1067/1543], batch loss: 0.13682, batch accuracy: 89.13, data load time: 0.15401, step time: 0.07504
epoch: [24], step: [1167/1543], batch loss: 0.16855, batch accuracy: 84.09, data load time: 0.15582, step time: 0.07678
epoch: [24], step: [1267/1543], batch loss: 0.09839, batch accuracy: 90.13, data load time: 0.14927, step time: 0.07185
epoch: [24], step: [1367/1543], batch loss: 0.14731, batch accuracy: 89.64, data load time: 0.14202, step time: 0.07579
epoch: [24], step: [1467/1543], batch loss: 0.16224, batch accuracy: 82.86, data load time: 0.11918, step time: 0.07114
EVALUATION METRICS:
-------------------------------------------------------------

Validation AUC Score: 0.8758

-------------------------------------------------------------
validation loss: 0.15202, accuracy: 87.58
epoch: [25], step: [24/1543], batch loss: 0.16916, batch accuracy: 85.30, data load time: 0.15014, step time: 0.07368
epoch: [25], step: [124/1543], batch loss: 0.13126, batch accuracy: 96.07, data load time: 0.11492, step time: 0.07918
epoch: [25], step: [224/1543], batch loss: 0.15098, batch accuracy: 90.30, data load time: 0.18983, step time: 0.07449
epoch: [25], step: [324/1543], batch loss: 0.12395, batch accuracy: 93.26, data load time: 0.13591, step time: 0.07368
epoch: [25], step: [424/1543], batch loss: 0.16725, batch accuracy: 91.23, data load time: 0.10979, step time: 0.07758
epoch: [25], step: [524/1543], batch loss: 0.13149, batch accuracy: 92.24, data load time: 0.13795, step time: 0.07615
epoch: [25], step: [624/1543], batch loss: 0.11458, batch accuracy: 90.55, data load time: 0.12920, step time: 0.07203
epoch: [25], step: [724/1543], batch loss: 0.16666, batch accuracy: 88.80, data load time: 0.08142, step time: 0.07814
epoch: [25], step: [824/1543], batch loss: 0.10897, batch accuracy: 95.59, data load time: 0.15858, step time: 0.07309
epoch: [25], step: [924/1543], batch loss: 0.16002, batch accuracy: 92.90, data load time: 0.15606, step time: 0.07671
epoch: [25], step: [1024/1543], batch loss: 0.14448, batch accuracy: 94.50, data load time: 0.08484, step time: 0.07341
epoch: [25], step: [1124/1543], batch loss: 0.13723, batch accuracy: 89.83, data load time: 0.10607, step time: 0.07198
epoch: [25], step: [1224/1543], batch loss: 0.11793, batch accuracy: 93.71, data load time: 0.10764, step time: 0.07291
epoch: [25], step: [1324/1543], batch loss: 0.13010, batch accuracy: 94.39, data load time: 0.12880, step time: 0.07727
epoch: [25], step: [1424/1543], batch loss: 0.13257, batch accuracy: 90.15, data load time: 0.16784, step time: 0.07350
epoch: [25], step: [1524/1543], batch loss: 0.16701, batch accuracy: 87.78, data load time: 0.19981, step time: 0.07813
EVALUATION METRICS:
-------------------------------------------------------------

Validation AUC Score: 0.8751

-------------------------------------------------------------
validation loss: 0.14604, accuracy: 87.51
epoch: [26], step: [81/1543], batch loss: 0.15667, batch accuracy: 91.37, data load time: 0.16166, step time: 0.07645
epoch: [26], step: [181/1543], batch loss: 0.14044, batch accuracy: 86.92, data load time: 0.12792, step time: 0.07405
epoch: [26], step: [281/1543], batch loss: 0.11258, batch accuracy: 91.14, data load time: 0.12978, step time: 0.07162
epoch: [26], step: [381/1543], batch loss: 0.14606, batch accuracy: 89.92, data load time: 0.15695, step time: 0.07384
epoch: [26], step: [481/1543], batch loss: 0.15510, batch accuracy: 92.67, data load time: 0.15997, step time: 0.07445
epoch: [26], step: [581/1543], batch loss: 0.13429, batch accuracy: 92.41, data load time: 0.10781, step time: 0.07374
epoch: [26], step: [681/1543], batch loss: 0.13755, batch accuracy: 92.24, data load time: 0.20905, step time: 0.07313
epoch: [26], step: [781/1543], batch loss: 0.13959, batch accuracy: 94.46, data load time: 0.14175, step time: 0.07571
epoch: [26], step: [881/1543], batch loss: 0.14067, batch accuracy: 87.83, data load time: 0.17825, step time: 0.07353
epoch: [26], step: [981/1543], batch loss: 0.14544, batch accuracy: 88.70, data load time: 0.16351, step time: 0.07689
epoch: [26], step: [1081/1543], batch loss: 0.15249, batch accuracy: 86.43, data load time: 0.10752, step time: 0.07461
epoch: [26], step: [1181/1543], batch loss: 0.10624, batch accuracy: 92.99, data load time: 0.20162, step time: 0.07111
epoch: [26], step: [1281/1543], batch loss: 0.18315, batch accuracy: 88.76, data load time: 0.10591, step time: 0.07896
epoch: [26], step: [1381/1543], batch loss: 0.13318, batch accuracy: 92.39, data load time: 0.16653, step time: 0.07813
epoch: [26], step: [1481/1543], batch loss: 0.14265, batch accuracy: 89.73, data load time: 0.15458, step time: 0.07240
EVALUATION METRICS:
-------------------------------------------------------------

Validation AUC Score: 0.8755

-------------------------------------------------------------
validation loss: 0.16663, accuracy: 87.55
epoch: [27], step: [38/1543], batch loss: 0.12385, batch accuracy: 91.56, data load time: 0.21944, step time: 0.07157
epoch: [27], step: [138/1543], batch loss: 0.14241, batch accuracy: 92.63, data load time: 0.15451, step time: 0.07265
epoch: [27], step: [238/1543], batch loss: 0.14738, batch accuracy: 92.72, data load time: 0.11836, step time: 0.07662
epoch: [27], step: [338/1543], batch loss: 0.12542, batch accuracy: 91.62, data load time: 0.11567, step time: 0.07323
epoch: [27], step: [438/1543], batch loss: 0.09298, batch accuracy: 95.56, data load time: 0.12680, step time: 0.07115
epoch: [27], step: [538/1543], batch loss: 0.12936, batch accuracy: 91.61, data load time: 0.10632, step time: 0.07512
epoch: [27], step: [638/1543], batch loss: 0.12524, batch accuracy: 84.24, data load time: 0.14759, step time: 0.07024
epoch: [27], step: [738/1543], batch loss: 0.14191, batch accuracy: 85.47, data load time: 0.13540, step time: 0.07421
epoch: [27], step: [838/1543], batch loss: 0.15501, batch accuracy: 87.24, data load time: 0.13816, step time: 0.07485
epoch: [27], step: [938/1543], batch loss: 0.12451, batch accuracy: 80.11, data load time: 0.11190, step time: 0.06994
epoch: [27], step: [1038/1543], batch loss: 0.12237, batch accuracy: 94.00, data load time: 0.13319, step time: 0.07696
epoch: [27], step: [1138/1543], batch loss: 0.16122, batch accuracy: 80.43, data load time: 0.14831, step time: 0.07339
epoch: [27], step: [1238/1543], batch loss: 0.14123, batch accuracy: 92.74, data load time: 0.12646, step time: 0.07715
epoch: [27], step: [1338/1543], batch loss: 0.13794, batch accuracy: 88.84, data load time: 0.11216, step time: 0.07563
epoch: [27], step: [1438/1543], batch loss: 0.11950, batch accuracy: 95.69, data load time: 0.12824, step time: 0.07255
epoch: [27], step: [1538/1543], batch loss: 0.11993, batch accuracy: 92.00, data load time: 0.10131, step time: 0.07393
EVALUATION METRICS:
-------------------------------------------------------------

Validation AUC Score: 0.8758

-------------------------------------------------------------
validation loss: 0.16488, accuracy: 87.58
epoch: [28], step: [95/1543], batch loss: 0.13508, batch accuracy: 89.26, data load time: 0.13816, step time: 0.07257
epoch: [28], step: [195/1543], batch loss: 0.12027, batch accuracy: 93.73, data load time: 0.20394, step time: 0.07426
epoch: [28], step: [295/1543], batch loss: 0.12453, batch accuracy: 92.78, data load time: 0.13789, step time: 0.07307
epoch: [28], step: [395/1543], batch loss: 0.14529, batch accuracy: 90.64, data load time: 0.24695, step time: 0.07468
epoch: [28], step: [495/1543], batch loss: 0.19091, batch accuracy: 94.46, data load time: 0.12673, step time: 0.08032
epoch: [28], step: [595/1543], batch loss: 0.12473, batch accuracy: 94.97, data load time: 0.15210, step time: 0.07489
epoch: [28], step: [695/1543], batch loss: 0.10080, batch accuracy: 91.47, data load time: 0.11467, step time: 0.07167
epoch: [28], step: [795/1543], batch loss: 0.16472, batch accuracy: 90.25, data load time: 0.19348, step time: 0.07792
epoch: [28], step: [895/1543], batch loss: 0.15384, batch accuracy: 86.95, data load time: 0.19734, step time: 0.07295
epoch: [28], step: [995/1543], batch loss: 0.12157, batch accuracy: 87.30, data load time: 0.21667, step time: 0.07179
epoch: [28], step: [1095/1543], batch loss: 0.18594, batch accuracy: 77.28, data load time: 0.15149, step time: 0.07193
epoch: [28], step: [1195/1543], batch loss: 0.16599, batch accuracy: 84.93, data load time: 0.12293, step time: 0.07213
epoch: [28], step: [1295/1543], batch loss: 0.13911, batch accuracy: 85.25, data load time: 0.13505, step time: 0.07425
epoch: [28], step: [1395/1543], batch loss: 0.12956, batch accuracy: 85.50, data load time: 0.14693, step time: 0.07123
epoch: [28], step: [1495/1543], batch loss: 0.09770, batch accuracy: 91.98, data load time: 0.15868, step time: 0.07174
EVALUATION METRICS:
-------------------------------------------------------------

Validation AUC Score: 0.8763

-------------------------------------------------------------
validation loss: 0.14225, accuracy: 87.63
epoch: [29], step: [52/1543], batch loss: 0.14133, batch accuracy: 85.58, data load time: 0.14276, step time: 0.07467
epoch: [29], step: [152/1543], batch loss: 0.14488, batch accuracy: 89.97, data load time: 0.15804, step time: 0.07220
epoch: [29], step: [252/1543], batch loss: 0.13196, batch accuracy: 91.61, data load time: 0.13857, step time: 0.07757
epoch: [29], step: [352/1543], batch loss: 0.13461, batch accuracy: 90.81, data load time: 0.15472, step time: 0.07366
epoch: [29], step: [452/1543], batch loss: 0.14648, batch accuracy: 90.65, data load time: 0.17197, step time: 0.07641
epoch: [29], step: [552/1543], batch loss: 0.12148, batch accuracy: 95.49, data load time: 0.10605, step time: 0.07428
epoch: [29], step: [652/1543], batch loss: 0.17073, batch accuracy: 94.77, data load time: 0.09436, step time: 0.07842
epoch: [29], step: [752/1543], batch loss: 0.18117, batch accuracy: 86.61, data load time: 0.10588, step time: 0.07944
epoch: [29], step: [852/1543], batch loss: 0.15024, batch accuracy: 87.92, data load time: 0.11758, step time: 0.07322
epoch: [29], step: [952/1543], batch loss: 0.13061, batch accuracy: 90.05, data load time: 0.15908, step time: 0.07287
epoch: [29], step: [1052/1543], batch loss: 0.14335, batch accuracy: 91.32, data load time: 0.10774, step time: 0.07732
epoch: [29], step: [1152/1543], batch loss: 0.10647, batch accuracy: 92.79, data load time: 0.17377, step time: 0.07228
epoch: [29], step: [1252/1543], batch loss: 0.10420, batch accuracy: 91.60, data load time: 0.14536, step time: 0.07098
epoch: [29], step: [1352/1543], batch loss: 0.13180, batch accuracy: 88.36, data load time: 0.11408, step time: 0.07608
epoch: [29], step: [1452/1543], batch loss: 0.10814, batch accuracy: 95.61, data load time: 0.15230, step time: 0.07432
EVALUATION METRICS:
-------------------------------------------------------------

Validation AUC Score: 0.8754

-------------------------------------------------------------
validation loss: 0.16684, accuracy: 87.54
EVALUATION METRICS:
-------------------------------------------------------------

Test AUC Score: 0.8874, Class Labels: ambient: 0.9366, baroque: 0.9341, bass: 0.7879, beat: 0.9219, cello: 0.9343, chant: 0.9454, choir: 0.9790, classical: 0.8830, country: 0.9193, dance: 0.9487, drum: 0.8502, eastern: 0.8800, electro: 0.8727, fast: 0.8706, female: 0.9143, flute: 0.9301, folk: 0.8863, foreign: 0.9026, guitar: 0.8729, hard: 0.9717, harp: 0.9127, harpsichord: 0.9786, heavy: 0.9823, india: 0.8312, jazz: 0.9103, loud: 0.9094, male: 0.9074, modern: 0.8103, new age: 0.8661, no beat: 0.7620, no piano: 0.6645, no singer: 0.6576, opera: 0.9688, orchestra: 0.9118, piano: 0.9399, pop: 0.9284, quiet: 0.9154, rock: 0.9809, singer: 0.8730, sitar: 0.8694, slow: 0.8295, soft: 0.8343, solo: 0.8615, strange: 0.7793, string: 0.8609, synth: 0.8425, techno: 0.9552, trance: 0.9112, violin: 0.9190, vocal: 0.8554

-------------------------------------------------------------
validation loss: 0.43967, accuracy: 88.74
