Loading data from /mnt/storage/scratch/ee20947/MagnaTagATune/annotations/train.pkl...
Loading data from /mnt/storage/scratch/ee20947/MagnaTagATune/annotations/train.pkl...
Loading data from /mnt/storage/scratch/ee20947/MagnaTagATune/annotations/val.pkl...
Loading data from /mnt/storage/scratch/ee20947/MagnaTagATune/annotations/test.pkl...
Writing logs to logs/CNN_sgd_momentum=0.93_learning_rate=0.2_conv_length=1024_conv_stride=512_batch_size=10_epochs=20_weight_decay=1e-05_extension=ExtraCNN_run_1
epoch: [0], step: [99/1543], batch loss: 0.18241, batch accuracy: 75.39, data load time: 0.29048, step time: 0.03375
epoch: [0], step: [199/1543], batch loss: 0.17762, batch accuracy: 73.91, data load time: 0.24293, step time: 0.03353
epoch: [0], step: [299/1543], batch loss: 0.20790, batch accuracy: 53.30, data load time: 0.25878, step time: 0.03650
epoch: [0], step: [399/1543], batch loss: 0.21454, batch accuracy: 73.19, data load time: 0.23104, step time: 0.03574
epoch: [0], step: [499/1543], batch loss: 0.19659, batch accuracy: 65.66, data load time: 0.27640, step time: 0.03572
epoch: [0], step: [599/1543], batch loss: 0.30745, batch accuracy: 64.18, data load time: 0.24814, step time: 0.03994
epoch: [0], step: [699/1543], batch loss: 0.25810, batch accuracy: 79.37, data load time: 0.25196, step time: 0.03559
epoch: [0], step: [799/1543], batch loss: 0.18975, batch accuracy: 83.51, data load time: 0.23194, step time: 0.03709
epoch: [0], step: [899/1543], batch loss: 0.26909, batch accuracy: 62.09, data load time: 0.27577, step time: 0.03892
epoch: [0], step: [999/1543], batch loss: 0.19765, batch accuracy: 72.07, data load time: 0.27712, step time: 0.03496
epoch: [0], step: [1099/1543], batch loss: 0.22904, batch accuracy: 69.85, data load time: 0.22808, step time: 0.03768
epoch: [0], step: [1199/1543], batch loss: 0.16494, batch accuracy: 76.86, data load time: 0.21756, step time: 0.03216
epoch: [0], step: [1299/1543], batch loss: 0.17636, batch accuracy: 72.90, data load time: 0.28472, step time: 0.03369
epoch: [0], step: [1399/1543], batch loss: 0.18280, batch accuracy: 89.96, data load time: 0.31188, step time: 0.03628
epoch: [0], step: [1499/1543], batch loss: 0.18438, batch accuracy: 78.52, data load time: 0.26858, step time: 0.03437
epoch: [1], step: [56/1543], batch loss: 0.22093, batch accuracy: 68.56, data load time: 0.25199, step time: 0.03447
epoch: [1], step: [156/1543], batch loss: 0.19884, batch accuracy: 75.67, data load time: 0.20547, step time: 0.03594
epoch: [1], step: [256/1543], batch loss: 0.21715, batch accuracy: 82.60, data load time: 0.21652, step time: 0.03642
epoch: [1], step: [356/1543], batch loss: 0.19473, batch accuracy: 55.05, data load time: 0.20868, step time: 0.03127
epoch: [1], step: [456/1543], batch loss: 0.20967, batch accuracy: 79.44, data load time: 0.29407, step time: 0.03329
epoch: [1], step: [556/1543], batch loss: 0.22046, batch accuracy: 73.60, data load time: 0.20696, step time: 0.03737
epoch: [1], step: [656/1543], batch loss: 0.19572, batch accuracy: 77.65, data load time: 0.29225, step time: 0.03325
epoch: [1], step: [756/1543], batch loss: 0.15183, batch accuracy: 89.27, data load time: 0.25224, step time: 0.03445
epoch: [1], step: [856/1543], batch loss: 0.25194, batch accuracy: 73.68, data load time: 0.25301, step time: 0.04156
epoch: [1], step: [956/1543], batch loss: 0.24269, batch accuracy: 75.99, data load time: 0.33634, step time: 0.03800
epoch: [1], step: [1056/1543], batch loss: 0.16978, batch accuracy: 60.65, data load time: 0.22837, step time: 0.03335
epoch: [1], step: [1156/1543], batch loss: 0.15140, batch accuracy: 80.96, data load time: 0.29073, step time: 0.03266
epoch: [1], step: [1256/1543], batch loss: 0.18707, batch accuracy: 71.70, data load time: 0.29818, step time: 0.03453
epoch: [1], step: [1356/1543], batch loss: 0.15340, batch accuracy: 79.46, data load time: 0.26036, step time: 0.03167
epoch: [1], step: [1456/1543], batch loss: 0.15840, batch accuracy: 77.29, data load time: 0.36671, step time: 0.03118
epoch: [2], step: [13/1543], batch loss: 0.18740, batch accuracy: 68.94, data load time: 0.18436, step time: 0.03614
epoch: [2], step: [113/1543], batch loss: 0.17251, batch accuracy: 87.37, data load time: 0.20583, step time: 0.03330
epoch: [2], step: [213/1543], batch loss: 0.13445, batch accuracy: 76.98, data load time: 0.22055, step time: 0.02965
epoch: [2], step: [313/1543], batch loss: 0.15156, batch accuracy: 80.86, data load time: 0.23057, step time: 0.03280
epoch: [2], step: [413/1543], batch loss: 0.21616, batch accuracy: 69.95, data load time: 0.21441, step time: 0.03262
epoch: [2], step: [513/1543], batch loss: 0.22467, batch accuracy: 68.94, data load time: 0.19750, step time: 0.03599
epoch: [2], step: [613/1543], batch loss: 0.22996, batch accuracy: 76.16, data load time: 0.22290, step time: 0.04014
epoch: [2], step: [713/1543], batch loss: 0.19060, batch accuracy: 77.09, data load time: 0.24066, step time: 0.03555
epoch: [2], step: [813/1543], batch loss: 0.15930, batch accuracy: 76.19, data load time: 0.26701, step time: 0.03115
epoch: [2], step: [913/1543], batch loss: 0.21431, batch accuracy: 67.04, data load time: 0.29766, step time: 0.03617
epoch: [2], step: [1013/1543], batch loss: 0.17207, batch accuracy: 88.13, data load time: 0.22844, step time: 0.03998
epoch: [2], step: [1113/1543], batch loss: 0.21577, batch accuracy: 80.36, data load time: 0.25355, step time: 0.03467
epoch: [2], step: [1213/1543], batch loss: 0.19765, batch accuracy: 81.50, data load time: 0.27750, step time: 0.03735
epoch: [2], step: [1313/1543], batch loss: 0.15217, batch accuracy: 86.41, data load time: 0.26529, step time: 0.03535
epoch: [2], step: [1413/1543], batch loss: 0.15111, batch accuracy: 80.53, data load time: 0.29152, step time: 0.03400
epoch: [2], step: [1513/1543], batch loss: 0.17495, batch accuracy: 75.53, data load time: 0.25341, step time: 0.03182
epoch: [3], step: [70/1543], batch loss: 0.24490, batch accuracy: 67.99, data load time: 0.10001, step time: 0.03800
epoch: [3], step: [170/1543], batch loss: 0.18030, batch accuracy: 87.89, data load time: 0.23365, step time: 0.03532
epoch: [3], step: [270/1543], batch loss: 0.22103, batch accuracy: 86.57, data load time: 0.30597, step time: 0.04081
epoch: [3], step: [370/1543], batch loss: 0.19103, batch accuracy: 79.89, data load time: 0.28043, step time: 0.03470
epoch: [3], step: [470/1543], batch loss: 0.21037, batch accuracy: 85.36, data load time: 0.25667, step time: 0.03659
epoch: [3], step: [570/1543], batch loss: 0.14039, batch accuracy: 86.60, data load time: 0.25500, step time: 0.03171
epoch: [3], step: [670/1543], batch loss: 0.14758, batch accuracy: 92.57, data load time: 0.25601, step time: 0.03534
epoch: [3], step: [770/1543], batch loss: 0.16669, batch accuracy: 80.37, data load time: 0.29486, step time: 0.03584
epoch: [3], step: [870/1543], batch loss: 0.18398, batch accuracy: 74.60, data load time: 0.35603, step time: 0.03256
epoch: [3], step: [970/1543], batch loss: 0.16907, batch accuracy: 79.86, data load time: 0.27400, step time: 0.03382
epoch: [3], step: [1070/1543], batch loss: 0.15830, batch accuracy: 90.58, data load time: 0.25793, step time: 0.03670
epoch: [3], step: [1170/1543], batch loss: 0.19190, batch accuracy: 77.85, data load time: 0.30071, step time: 0.03673
epoch: [3], step: [1270/1543], batch loss: 0.24063, batch accuracy: 74.88, data load time: 0.29957, step time: 0.04015
epoch: [3], step: [1370/1543], batch loss: 0.16260, batch accuracy: 85.37, data load time: 0.28194, step time: 0.03469
epoch: [3], step: [1470/1543], batch loss: 0.13196, batch accuracy: 82.55, data load time: 0.26460, step time: 0.03038
epoch: [4], step: [27/1543], batch loss: 0.18393, batch accuracy: 76.38, data load time: 0.23149, step time: 0.03611
epoch: [4], step: [127/1543], batch loss: 0.13940, batch accuracy: 80.34, data load time: 0.25862, step time: 0.03163
epoch: [4], step: [227/1543], batch loss: 0.18900, batch accuracy: 90.37, data load time: 0.21931, step time: 0.03592
epoch: [4], step: [327/1543], batch loss: 0.17634, batch accuracy: 77.09, data load time: 0.28803, step time: 0.03612
epoch: [4], step: [427/1543], batch loss: 0.19869, batch accuracy: 81.57, data load time: 0.26673, step time: 0.04000
epoch: [4], step: [527/1543], batch loss: 0.10335, batch accuracy: 86.30, data load time: 0.34429, step time: 0.02896
epoch: [4], step: [627/1543], batch loss: 0.20496, batch accuracy: 81.06, data load time: 0.29360, step time: 0.03739
epoch: [4], step: [727/1543], batch loss: 0.13140, batch accuracy: 89.63, data load time: 0.21426, step time: 0.03201
epoch: [4], step: [827/1543], batch loss: 0.15514, batch accuracy: 83.77, data load time: 0.27114, step time: 0.03536
epoch: [4], step: [927/1543], batch loss: 0.15325, batch accuracy: 73.53, data load time: 0.21661, step time: 0.02979
epoch: [4], step: [1027/1543], batch loss: 0.15178, batch accuracy: 86.76, data load time: 0.25558, step time: 0.03397
epoch: [4], step: [1127/1543], batch loss: 0.19330, batch accuracy: 78.48, data load time: 0.28872, step time: 0.03294
epoch: [4], step: [1227/1543], batch loss: 0.19609, batch accuracy: 80.59, data load time: 0.28650, step time: 0.03737
epoch: [4], step: [1327/1543], batch loss: 0.23406, batch accuracy: 76.37, data load time: 0.25248, step time: 0.03861
epoch: [4], step: [1427/1543], batch loss: 0.18069, batch accuracy: 78.81, data load time: 0.34100, step time: 0.03652
epoch: [4], step: [1527/1543], batch loss: 0.13575, batch accuracy: 82.35, data load time: 0.39909, step time: 0.03188
EVALUATION METRICS:
-------------------------------------------------------------

Validation: AUC Score: 0.7850

-------------------------------------------------------------
validation loss: 0.18900, accuracy: 78.50
epoch: [5], step: [84/1543], batch loss: 0.17434, batch accuracy: 87.52, data load time: 0.27332, step time: 0.03520
epoch: [5], step: [184/1543], batch loss: 0.20062, batch accuracy: 71.47, data load time: 0.20488, step time: 0.03537
epoch: [5], step: [284/1543], batch loss: 0.18579, batch accuracy: 84.70, data load time: 0.20520, step time: 0.03661
epoch: [5], step: [384/1543], batch loss: 0.16627, batch accuracy: 89.89, data load time: 0.23865, step time: 0.03669
epoch: [5], step: [484/1543], batch loss: 0.15406, batch accuracy: 79.70, data load time: 0.32243, step time: 0.03230
epoch: [5], step: [584/1543], batch loss: 0.18130, batch accuracy: 86.33, data load time: 0.25285, step time: 0.03450
epoch: [5], step: [684/1543], batch loss: 0.13948, batch accuracy: 79.89, data load time: 0.27452, step time: 0.03525
epoch: [5], step: [784/1543], batch loss: 0.17538, batch accuracy: 76.88, data load time: 0.25459, step time: 0.03263
epoch: [5], step: [884/1543], batch loss: 0.16482, batch accuracy: 88.46, data load time: 0.29915, step time: 0.03798
epoch: [5], step: [984/1543], batch loss: 0.16049, batch accuracy: 81.95, data load time: 0.29964, step time: 0.03453
epoch: [5], step: [1084/1543], batch loss: 0.20389, batch accuracy: 83.49, data load time: 0.23294, step time: 0.03996
epoch: [5], step: [1184/1543], batch loss: 0.14068, batch accuracy: 83.97, data load time: 0.27730, step time: 0.03176
epoch: [5], step: [1284/1543], batch loss: 0.14891, batch accuracy: 85.96, data load time: 0.32588, step time: 0.03320
epoch: [5], step: [1384/1543], batch loss: 0.19256, batch accuracy: 77.55, data load time: 0.31091, step time: 0.03447
epoch: [5], step: [1484/1543], batch loss: 0.17110, batch accuracy: 78.58, data load time: 0.30758, step time: 0.03445
epoch: [6], step: [41/1543], batch loss: 0.16429, batch accuracy: 91.74, data load time: 0.17688, step time: 0.03919
epoch: [6], step: [141/1543], batch loss: 0.17988, batch accuracy: 82.50, data load time: 0.27550, step time: 0.03515
epoch: [6], step: [241/1543], batch loss: 0.14153, batch accuracy: 77.25, data load time: 0.27531, step time: 0.03252
epoch: [6], step: [341/1543], batch loss: 0.11255, batch accuracy: 94.49, data load time: 0.21566, step time: 0.03037
epoch: [6], step: [441/1543], batch loss: 0.16814, batch accuracy: 83.14, data load time: 0.18385, step time: 0.03512
epoch: [6], step: [541/1543], batch loss: 0.13249, batch accuracy: 91.22, data load time: 0.31911, step time: 0.03482
epoch: [6], step: [641/1543], batch loss: 0.20205, batch accuracy: 86.66, data load time: 0.27141, step time: 0.03772
epoch: [6], step: [741/1543], batch loss: 0.18055, batch accuracy: 85.35, data load time: 0.28279, step time: 0.03503
epoch: [6], step: [841/1543], batch loss: 0.17678, batch accuracy: 81.68, data load time: 0.35824, step time: 0.03716
epoch: [6], step: [941/1543], batch loss: 0.15716, batch accuracy: 81.35, data load time: 0.38794, step time: 0.03448
epoch: [6], step: [1041/1543], batch loss: 0.23287, batch accuracy: 82.87, data load time: 0.35578, step time: 0.03984
epoch: [6], step: [1141/1543], batch loss: 0.23086, batch accuracy: 78.18, data load time: 0.30448, step time: 0.03441
epoch: [6], step: [1241/1543], batch loss: 0.17198, batch accuracy: 76.50, data load time: 0.22338, step time: 0.03361
epoch: [6], step: [1341/1543], batch loss: 0.17415, batch accuracy: 89.18, data load time: 0.27349, step time: 0.03795
epoch: [6], step: [1441/1543], batch loss: 0.14919, batch accuracy: 85.45, data load time: 0.27873, step time: 0.03581
epoch: [6], step: [1541/1543], batch loss: 0.16079, batch accuracy: 78.44, data load time: 0.28816, step time: 0.03375
epoch: [7], step: [98/1543], batch loss: 0.16648, batch accuracy: 83.95, data load time: 0.19027, step time: 0.03594
epoch: [7], step: [198/1543], batch loss: 0.14230, batch accuracy: 82.47, data load time: 0.25673, step time: 0.03197
epoch: [7], step: [298/1543], batch loss: 0.16897, batch accuracy: 83.72, data load time: 0.17901, step time: 0.03518
epoch: [7], step: [398/1543], batch loss: 0.13198, batch accuracy: 90.51, data load time: 0.24635, step time: 0.03328
epoch: [7], step: [498/1543], batch loss: 0.15905, batch accuracy: 85.05, data load time: 0.31574, step time: 0.03599
epoch: [7], step: [598/1543], batch loss: 0.13177, batch accuracy: 84.61, data load time: 0.27487, step time: 0.03375
epoch: [7], step: [698/1543], batch loss: 0.15252, batch accuracy: 86.13, data load time: 0.26190, step time: 0.03465
epoch: [7], step: [798/1543], batch loss: 0.17335, batch accuracy: 84.00, data load time: 0.30707, step time: 0.03935
epoch: [7], step: [898/1543], batch loss: 0.14425, batch accuracy: 79.44, data load time: 0.22715, step time: 0.03302
epoch: [7], step: [998/1543], batch loss: 0.16450, batch accuracy: 74.25, data load time: 0.23251, step time: 0.03259
epoch: [7], step: [1098/1543], batch loss: 0.18042, batch accuracy: 86.04, data load time: 0.24844, step time: 0.03659
epoch: [7], step: [1198/1543], batch loss: 0.15172, batch accuracy: 83.57, data load time: 0.22164, step time: 0.03521
epoch: [7], step: [1298/1543], batch loss: 0.21077, batch accuracy: 83.98, data load time: 0.25489, step time: 0.04066
epoch: [7], step: [1398/1543], batch loss: 0.17722, batch accuracy: 81.79, data load time: 0.26100, step time: 0.03443
epoch: [7], step: [1498/1543], batch loss: 0.24128, batch accuracy: 77.31, data load time: 0.31134, step time: 0.03730
epoch: [8], step: [55/1543], batch loss: 0.16842, batch accuracy: 82.60, data load time: 0.18320, step time: 0.03654
epoch: [8], step: [155/1543], batch loss: 0.20764, batch accuracy: 85.28, data load time: 0.23002, step time: 0.04213
epoch: [8], step: [255/1543], batch loss: 0.12487, batch accuracy: 88.60, data load time: 0.23546, step time: 0.03521
epoch: [8], step: [355/1543], batch loss: 0.15239, batch accuracy: 89.02, data load time: 0.35187, step time: 0.03587
epoch: [8], step: [455/1543], batch loss: 0.14273, batch accuracy: 90.38, data load time: 0.24200, step time: 0.03450
epoch: [8], step: [555/1543], batch loss: 0.16883, batch accuracy: 84.24, data load time: 0.18673, step time: 0.03935
epoch: [8], step: [655/1543], batch loss: 0.16555, batch accuracy: 88.41, data load time: 0.29032, step time: 0.03804
epoch: [8], step: [755/1543], batch loss: 0.15432, batch accuracy: 67.36, data load time: 0.34856, step time: 0.03178
epoch: [8], step: [855/1543], batch loss: 0.15521, batch accuracy: 87.34, data load time: 0.25071, step time: 0.03320
epoch: [8], step: [955/1543], batch loss: 0.14802, batch accuracy: 92.52, data load time: 0.26618, step time: 0.03630
epoch: [8], step: [1055/1543], batch loss: 0.19346, batch accuracy: 82.56, data load time: 0.26876, step time: 0.03794
epoch: [8], step: [1155/1543], batch loss: 0.22394, batch accuracy: 85.74, data load time: 0.26219, step time: 0.04230
epoch: [8], step: [1255/1543], batch loss: 0.12827, batch accuracy: 88.63, data load time: 0.25246, step time: 0.03197
epoch: [8], step: [1355/1543], batch loss: 0.16120, batch accuracy: 88.42, data load time: 0.29885, step time: 0.03792
epoch: [8], step: [1455/1543], batch loss: 0.16618, batch accuracy: 82.70, data load time: 0.30011, step time: 0.03663
epoch: [9], step: [12/1543], batch loss: 0.20777, batch accuracy: 78.24, data load time: 0.31479, step time: 0.03898
epoch: [9], step: [112/1543], batch loss: 0.17988, batch accuracy: 73.83, data load time: 0.19450, step time: 0.03389
epoch: [9], step: [212/1543], batch loss: 0.11969, batch accuracy: 96.73, data load time: 0.24023, step time: 0.03533
epoch: [9], step: [312/1543], batch loss: 0.14263, batch accuracy: 90.58, data load time: 0.20844, step time: 0.03465
epoch: [9], step: [412/1543], batch loss: 0.16294, batch accuracy: 88.67, data load time: 0.23941, step time: 0.03595
epoch: [9], step: [512/1543], batch loss: 0.14210, batch accuracy: 90.28, data load time: 0.27855, step time: 0.03448
epoch: [9], step: [612/1543], batch loss: 0.15744, batch accuracy: 84.42, data load time: 0.31430, step time: 0.03263
epoch: [9], step: [712/1543], batch loss: 0.12155, batch accuracy: 94.12, data load time: 0.24895, step time: 0.03384
epoch: [9], step: [812/1543], batch loss: 0.16228, batch accuracy: 89.29, data load time: 0.23465, step time: 0.04186
epoch: [9], step: [912/1543], batch loss: 0.16404, batch accuracy: 85.19, data load time: 0.26959, step time: 0.03663
epoch: [9], step: [1012/1543], batch loss: 0.24036, batch accuracy: 78.59, data load time: 0.32257, step time: 0.03257
epoch: [9], step: [1112/1543], batch loss: 0.21627, batch accuracy: 81.44, data load time: 0.25178, step time: 0.03671
epoch: [9], step: [1212/1543], batch loss: 0.15444, batch accuracy: 90.06, data load time: 0.28732, step time: 0.03541
epoch: [9], step: [1312/1543], batch loss: 0.20401, batch accuracy: 74.88, data load time: 0.25707, step time: 0.03661
epoch: [9], step: [1412/1543], batch loss: 0.14956, batch accuracy: 86.57, data load time: 0.25376, step time: 0.03773
epoch: [9], step: [1512/1543], batch loss: 0.15392, batch accuracy: 78.97, data load time: 0.26767, step time: 0.03313
EVALUATION METRICS:
-------------------------------------------------------------

Validation: AUC Score: 0.8109

-------------------------------------------------------------
validation loss: 0.17444, accuracy: 81.09
epoch: [10], step: [69/1543], batch loss: 0.16725, batch accuracy: 88.01, data load time: 0.20111, step time: 0.03597
epoch: [10], step: [169/1543], batch loss: 0.14829, batch accuracy: 87.26, data load time: 0.21662, step time: 0.03448
epoch: [10], step: [269/1543], batch loss: 0.22295, batch accuracy: 86.33, data load time: 0.24762, step time: 0.04119
epoch: [10], step: [369/1543], batch loss: 0.21815, batch accuracy: 79.52, data load time: 0.30262, step time: 0.04005
epoch: [10], step: [469/1543], batch loss: 0.16152, batch accuracy: 78.46, data load time: 0.25322, step time: 0.03319
epoch: [10], step: [569/1543], batch loss: 0.14990, batch accuracy: 87.40, data load time: 0.25913, step time: 0.03528
epoch: [10], step: [669/1543], batch loss: 0.15303, batch accuracy: 83.15, data load time: 0.24928, step time: 0.03326
epoch: [10], step: [769/1543], batch loss: 0.17964, batch accuracy: 81.09, data load time: 0.26654, step time: 0.03520
epoch: [10], step: [869/1543], batch loss: 0.16758, batch accuracy: 79.53, data load time: 0.27470, step time: 0.03301
epoch: [10], step: [969/1543], batch loss: 0.17812, batch accuracy: 89.10, data load time: 0.22670, step time: 0.03703
epoch: [10], step: [1069/1543], batch loss: 0.13417, batch accuracy: 93.43, data load time: 0.31059, step time: 0.03301
epoch: [10], step: [1169/1543], batch loss: 0.16977, batch accuracy: 86.92, data load time: 0.27209, step time: 0.03449
epoch: [10], step: [1269/1543], batch loss: 0.16721, batch accuracy: 83.24, data load time: 0.31787, step time: 0.03115
epoch: [10], step: [1369/1543], batch loss: 0.21609, batch accuracy: 78.12, data load time: 0.21210, step time: 0.03784
epoch: [10], step: [1469/1543], batch loss: 0.21187, batch accuracy: 85.35, data load time: 0.23935, step time: 0.03729
epoch: [11], step: [26/1543], batch loss: 0.14559, batch accuracy: 88.76, data load time: 0.19943, step time: 0.03534
epoch: [11], step: [126/1543], batch loss: 0.19315, batch accuracy: 84.76, data load time: 0.19430, step time: 0.03866
epoch: [11], step: [226/1543], batch loss: 0.14930, batch accuracy: 81.75, data load time: 0.27890, step time: 0.03345
epoch: [11], step: [326/1543], batch loss: 0.17345, batch accuracy: 85.30, data load time: 0.13955, step time: 0.03705
epoch: [11], step: [426/1543], batch loss: 0.19216, batch accuracy: 86.53, data load time: 0.25474, step time: 0.03907
epoch: [11], step: [526/1543], batch loss: 0.14709, batch accuracy: 87.60, data load time: 0.27072, step time: 0.03379
epoch: [11], step: [626/1543], batch loss: 0.15182, batch accuracy: 82.67, data load time: 0.23245, step time: 0.03607
epoch: [11], step: [726/1543], batch loss: 0.15492, batch accuracy: 90.05, data load time: 0.22374, step time: 0.03461
epoch: [11], step: [826/1543], batch loss: 0.18000, batch accuracy: 83.76, data load time: 0.30545, step time: 0.03246
epoch: [11], step: [926/1543], batch loss: 0.17691, batch accuracy: 86.71, data load time: 0.30128, step time: 0.03662
epoch: [11], step: [1026/1543], batch loss: 0.21422, batch accuracy: 86.81, data load time: 0.29183, step time: 0.03911
epoch: [11], step: [1126/1543], batch loss: 0.15410, batch accuracy: 82.01, data load time: 0.29229, step time: 0.03346
epoch: [11], step: [1226/1543], batch loss: 0.18161, batch accuracy: 91.29, data load time: 0.28887, step time: 0.04140
epoch: [11], step: [1326/1543], batch loss: 0.17287, batch accuracy: 85.72, data load time: 0.25607, step time: 0.03532
epoch: [11], step: [1426/1543], batch loss: 0.16152, batch accuracy: 75.51, data load time: 0.22329, step time: 0.03253
epoch: [11], step: [1526/1543], batch loss: 0.16532, batch accuracy: 83.49, data load time: 0.31131, step time: 0.03303
Epoch 00012: reducing learning rate of group 0 to 1.0000e-02.
epoch: [12], step: [83/1543], batch loss: 0.14168, batch accuracy: 87.63, data load time: 0.15508, step time: 0.03368
epoch: [12], step: [183/1543], batch loss: 0.14265, batch accuracy: 90.70, data load time: 0.22738, step time: 0.03603
epoch: [12], step: [283/1543], batch loss: 0.20537, batch accuracy: 85.83, data load time: 0.26485, step time: 0.03733
epoch: [12], step: [383/1543], batch loss: 0.14456, batch accuracy: 89.74, data load time: 0.22631, step time: 0.03566
epoch: [12], step: [483/1543], batch loss: 0.15402, batch accuracy: 88.24, data load time: 0.20156, step time: 0.03380
epoch: [12], step: [583/1543], batch loss: 0.19523, batch accuracy: 85.84, data load time: 0.28413, step time: 0.03858
epoch: [12], step: [683/1543], batch loss: 0.18762, batch accuracy: 87.66, data load time: 0.20676, step time: 0.03928
epoch: [12], step: [783/1543], batch loss: 0.11604, batch accuracy: 91.23, data load time: 0.28020, step time: 0.03258
epoch: [12], step: [883/1543], batch loss: 0.18661, batch accuracy: 81.86, data load time: 0.24252, step time: 0.03736
epoch: [12], step: [983/1543], batch loss: 0.17910, batch accuracy: 90.02, data load time: 0.26931, step time: 0.03670
epoch: [12], step: [1083/1543], batch loss: 0.13699, batch accuracy: 85.93, data load time: 0.22363, step time: 0.03105
epoch: [12], step: [1183/1543], batch loss: 0.16933, batch accuracy: 91.53, data load time: 0.28071, step time: 0.03589
epoch: [12], step: [1283/1543], batch loss: 0.16387, batch accuracy: 86.97, data load time: 0.20211, step time: 0.03594
epoch: [12], step: [1383/1543], batch loss: 0.14806, batch accuracy: 86.18, data load time: 0.27782, step time: 0.03529
epoch: [12], step: [1483/1543], batch loss: 0.29968, batch accuracy: 72.95, data load time: 0.27356, step time: 0.04646
epoch: [13], step: [40/1543], batch loss: 0.20331, batch accuracy: 80.70, data load time: 0.20843, step time: 0.03745
epoch: [13], step: [140/1543], batch loss: 0.20318, batch accuracy: 89.26, data load time: 0.23288, step time: 0.04269
epoch: [13], step: [240/1543], batch loss: 0.12673, batch accuracy: 88.41, data load time: 0.21902, step time: 0.03203
epoch: [13], step: [340/1543], batch loss: 0.14249, batch accuracy: 78.71, data load time: 0.24683, step time: 0.03182
epoch: [13], step: [440/1543], batch loss: 0.17844, batch accuracy: 81.39, data load time: 0.19617, step time: 0.03601
epoch: [13], step: [540/1543], batch loss: 0.17409, batch accuracy: 85.91, data load time: 0.23562, step time: 0.03796
epoch: [13], step: [640/1543], batch loss: 0.15036, batch accuracy: 87.78, data load time: 0.27137, step time: 0.03516
epoch: [13], step: [740/1543], batch loss: 0.15581, batch accuracy: 84.89, data load time: 0.25283, step time: 0.03320
epoch: [13], step: [840/1543], batch loss: 0.15220, batch accuracy: 85.49, data load time: 0.19585, step time: 0.03325
epoch: [13], step: [940/1543], batch loss: 0.14743, batch accuracy: 90.85, data load time: 0.21906, step time: 0.03750
epoch: [13], step: [1040/1543], batch loss: 0.15627, batch accuracy: 87.71, data load time: 0.32980, step time: 0.03514
epoch: [13], step: [1140/1543], batch loss: 0.14647, batch accuracy: 87.20, data load time: 0.32800, step time: 0.03314
epoch: [13], step: [1240/1543], batch loss: 0.18833, batch accuracy: 82.67, data load time: 0.26717, step time: 0.03657
epoch: [13], step: [1340/1543], batch loss: 0.16341, batch accuracy: 83.56, data load time: 0.25816, step time: 0.03520
epoch: [13], step: [1440/1543], batch loss: 0.16396, batch accuracy: 88.37, data load time: 0.25632, step time: 0.03729
epoch: [13], step: [1540/1543], batch loss: 0.13110, batch accuracy: 83.24, data load time: 0.24077, step time: 0.03119
epoch: [14], step: [97/1543], batch loss: 0.14819, batch accuracy: 80.79, data load time: 0.29881, step time: 0.03253
epoch: [14], step: [197/1543], batch loss: 0.19659, batch accuracy: 86.46, data load time: 0.23349, step time: 0.04102
epoch: [14], step: [297/1543], batch loss: 0.13709, batch accuracy: 90.73, data load time: 0.28585, step time: 0.03603
epoch: [14], step: [397/1543], batch loss: 0.16960, batch accuracy: 75.35, data load time: 0.31598, step time: 0.03517
epoch: [14], step: [497/1543], batch loss: 0.16715, batch accuracy: 82.33, data load time: 0.25410, step time: 0.03442
epoch: [14], step: [597/1543], batch loss: 0.16918, batch accuracy: 83.09, data load time: 0.27881, step time: 0.03603
epoch: [14], step: [697/1543], batch loss: 0.16476, batch accuracy: 87.50, data load time: 0.25152, step time: 0.03671
epoch: [14], step: [797/1543], batch loss: 0.16987, batch accuracy: 88.25, data load time: 0.28217, step time: 0.03875
epoch: [14], step: [897/1543], batch loss: 0.16911, batch accuracy: 80.51, data load time: 0.30753, step time: 0.03599
epoch: [14], step: [997/1543], batch loss: 0.21870, batch accuracy: 83.69, data load time: 0.27071, step time: 0.03802
epoch: [14], step: [1097/1543], batch loss: 0.21242, batch accuracy: 80.77, data load time: 0.27633, step time: 0.03654
epoch: [14], step: [1197/1543], batch loss: 0.14859, batch accuracy: 88.15, data load time: 0.29694, step time: 0.03787
epoch: [14], step: [1297/1543], batch loss: 0.11624, batch accuracy: 88.03, data load time: 0.30848, step time: 0.03177
epoch: [14], step: [1397/1543], batch loss: 0.19448, batch accuracy: 78.77, data load time: 0.29149, step time: 0.03728
epoch: [14], step: [1497/1543], batch loss: 0.18848, batch accuracy: 88.97, data load time: 0.25494, step time: 0.03792
EVALUATION METRICS:
-------------------------------------------------------------

Validation: AUC Score: 0.8216

-------------------------------------------------------------
validation loss: 0.17024, accuracy: 82.16
epoch: [15], step: [54/1543], batch loss: 0.16012, batch accuracy: 88.03, data load time: 0.17429, step time: 0.03681
epoch: [15], step: [154/1543], batch loss: 0.12637, batch accuracy: 87.95, data load time: 0.16845, step time: 0.03253
epoch: [15], step: [254/1543], batch loss: 0.15284, batch accuracy: 73.25, data load time: 0.26605, step time: 0.03124
epoch: [15], step: [354/1543], batch loss: 0.15209, batch accuracy: 90.16, data load time: 0.27335, step time: 0.04115
epoch: [15], step: [454/1543], batch loss: 0.17833, batch accuracy: 85.74, data load time: 0.25392, step time: 0.03684
epoch: [15], step: [554/1543], batch loss: 0.18350, batch accuracy: 87.43, data load time: 0.32381, step time: 0.03939
epoch: [15], step: [654/1543], batch loss: 0.13198, batch accuracy: 84.17, data load time: 0.22910, step time: 0.03128
epoch: [15], step: [754/1543], batch loss: 0.10190, batch accuracy: 95.40, data load time: 0.24062, step time: 0.03057
epoch: [15], step: [854/1543], batch loss: 0.17759, batch accuracy: 73.93, data load time: 0.24295, step time: 0.03598
epoch: [15], step: [954/1543], batch loss: 0.24186, batch accuracy: 74.14, data load time: 0.30957, step time: 0.03949
epoch: [15], step: [1054/1543], batch loss: 0.14387, batch accuracy: 78.47, data load time: 0.35987, step time: 0.03005
epoch: [15], step: [1154/1543], batch loss: 0.21154, batch accuracy: 88.66, data load time: 0.28715, step time: 0.04011
epoch: [15], step: [1254/1543], batch loss: 0.13832, batch accuracy: 83.18, data load time: 0.28107, step time: 0.03325
epoch: [15], step: [1354/1543], batch loss: 0.18618, batch accuracy: 79.26, data load time: 0.25768, step time: 0.03183
epoch: [15], step: [1454/1543], batch loss: 0.13248, batch accuracy: 87.78, data load time: 0.24345, step time: 0.03464
epoch: [16], step: [11/1543], batch loss: 0.14220, batch accuracy: 87.53, data load time: 0.24071, step time: 0.03813
epoch: [16], step: [111/1543], batch loss: 0.21087, batch accuracy: 83.42, data load time: 0.16397, step time: 0.03709
epoch: [16], step: [211/1543], batch loss: 0.16227, batch accuracy: 86.12, data load time: 0.21720, step time: 0.03606
epoch: [16], step: [311/1543], batch loss: 0.14663, batch accuracy: 93.94, data load time: 0.16367, step time: 0.03868
epoch: [16], step: [411/1543], batch loss: 0.16634, batch accuracy: 94.06, data load time: 0.24206, step time: 0.03684
epoch: [16], step: [511/1543], batch loss: 0.12192, batch accuracy: 91.84, data load time: 0.23239, step time: 0.03387
epoch: [16], step: [611/1543], batch loss: 0.18250, batch accuracy: 77.11, data load time: 0.32168, step time: 0.03642
epoch: [16], step: [711/1543], batch loss: 0.12475, batch accuracy: 96.21, data load time: 0.25060, step time: 0.03389
epoch: [16], step: [811/1543], batch loss: 0.10723, batch accuracy: 89.63, data load time: 0.27515, step time: 0.03103
epoch: [16], step: [911/1543], batch loss: 0.14797, batch accuracy: 93.28, data load time: 0.26764, step time: 0.03801
epoch: [16], step: [1011/1543], batch loss: 0.19760, batch accuracy: 89.27, data load time: 0.29922, step time: 0.03809
epoch: [16], step: [1111/1543], batch loss: 0.16337, batch accuracy: 88.90, data load time: 0.36868, step time: 0.03720
epoch: [16], step: [1211/1543], batch loss: 0.11348, batch accuracy: 90.02, data load time: 0.26490, step time: 0.03515
epoch: [16], step: [1311/1543], batch loss: 0.20256, batch accuracy: 77.44, data load time: 0.25106, step time: 0.03464
epoch: [16], step: [1411/1543], batch loss: 0.15561, batch accuracy: 84.66, data load time: 0.23993, step time: 0.03579
epoch: [16], step: [1511/1543], batch loss: 0.15331, batch accuracy: 90.49, data load time: 0.30407, step time: 0.03656
epoch: [17], step: [68/1543], batch loss: 0.15340, batch accuracy: 87.80, data load time: 0.18937, step time: 0.03952
epoch: [17], step: [168/1543], batch loss: 0.14745, batch accuracy: 90.90, data load time: 0.18510, step time: 0.03601
epoch: [17], step: [268/1543], batch loss: 0.15191, batch accuracy: 91.13, data load time: 0.21995, step time: 0.03528
epoch: [17], step: [368/1543], batch loss: 0.14919, batch accuracy: 82.89, data load time: 0.18989, step time: 0.03392
epoch: [17], step: [468/1543], batch loss: 0.15663, batch accuracy: 89.12, data load time: 0.25147, step time: 0.03964
epoch: [17], step: [568/1543], batch loss: 0.20054, batch accuracy: 81.45, data load time: 0.28362, step time: 0.03819
epoch: [17], step: [668/1543], batch loss: 0.15884, batch accuracy: 86.87, data load time: 0.28034, step time: 0.03540
epoch: [17], step: [768/1543], batch loss: 0.13409, batch accuracy: 83.33, data load time: 0.24912, step time: 0.03321
epoch: [17], step: [868/1543], batch loss: 0.18540, batch accuracy: 83.45, data load time: 0.22009, step time: 0.03594
epoch: [17], step: [968/1543], batch loss: 0.18661, batch accuracy: 82.17, data load time: 0.26460, step time: 0.03807
epoch: [17], step: [1068/1543], batch loss: 0.14613, batch accuracy: 93.38, data load time: 0.28404, step time: 0.03867
epoch: [17], step: [1168/1543], batch loss: 0.14616, batch accuracy: 88.38, data load time: 0.26432, step time: 0.03599
epoch: [17], step: [1268/1543], batch loss: 0.15607, batch accuracy: 88.01, data load time: 0.30259, step time: 0.03743
epoch: [17], step: [1368/1543], batch loss: 0.13613, batch accuracy: 90.88, data load time: 0.31102, step time: 0.03455
epoch: [17], step: [1468/1543], batch loss: 0.16165, batch accuracy: 86.59, data load time: 0.28780, step time: 0.03657
Epoch 00018: reducing learning rate of group 0 to 5.0000e-04.
epoch: [18], step: [25/1543], batch loss: 0.15963, batch accuracy: 91.45, data load time: 0.20501, step time: 0.03748
epoch: [18], step: [125/1543], batch loss: 0.14142, batch accuracy: 89.37, data load time: 0.17709, step time: 0.03373
epoch: [18], step: [225/1543], batch loss: 0.12588, batch accuracy: 90.56, data load time: 0.16075, step time: 0.03117
epoch: [18], step: [325/1543], batch loss: 0.19035, batch accuracy: 76.28, data load time: 0.10441, step time: 0.03460
epoch: [18], step: [425/1543], batch loss: 0.15141, batch accuracy: 89.88, data load time: 0.17828, step time: 0.03462
epoch: [18], step: [525/1543], batch loss: 0.14359, batch accuracy: 87.70, data load time: 0.15015, step time: 0.03250
epoch: [18], step: [625/1543], batch loss: 0.13250, batch accuracy: 89.68, data load time: 0.10198, step time: 0.03597
epoch: [18], step: [725/1543], batch loss: 0.15528, batch accuracy: 83.12, data load time: 0.21313, step time: 0.03445
epoch: [18], step: [825/1543], batch loss: 0.14998, batch accuracy: 76.38, data load time: 0.26001, step time: 0.03229
epoch: [18], step: [925/1543], batch loss: 0.15255, batch accuracy: 78.98, data load time: 0.24550, step time: 0.03298
epoch: [18], step: [1025/1543], batch loss: 0.14862, batch accuracy: 88.90, data load time: 0.21770, step time: 0.03460
epoch: [18], step: [1125/1543], batch loss: 0.16448, batch accuracy: 84.72, data load time: 0.28846, step time: 0.03432
epoch: [18], step: [1225/1543], batch loss: 0.12410, batch accuracy: 93.59, data load time: 0.23237, step time: 0.03299
epoch: [18], step: [1325/1543], batch loss: 0.15654, batch accuracy: 89.24, data load time: 0.25413, step time: 0.03518
epoch: [18], step: [1425/1543], batch loss: 0.12879, batch accuracy: 86.09, data load time: 0.26535, step time: 0.03175
epoch: [18], step: [1525/1543], batch loss: 0.12286, batch accuracy: 92.02, data load time: 0.25358, step time: 0.03635
epoch: [19], step: [82/1543], batch loss: 0.14661, batch accuracy: 94.11, data load time: 0.03250, step time: 0.03803
epoch: [19], step: [182/1543], batch loss: 0.13098, batch accuracy: 90.44, data load time: 0.12915, step time: 0.03468
epoch: [19], step: [282/1543], batch loss: 0.15858, batch accuracy: 75.56, data load time: 0.11292, step time: 0.03527
epoch: [19], step: [382/1543], batch loss: 0.11796, batch accuracy: 90.62, data load time: 0.21526, step time: 0.03330
epoch: [19], step: [482/1543], batch loss: 0.13714, batch accuracy: 85.35, data load time: 0.17167, step time: 0.03313
epoch: [19], step: [582/1543], batch loss: 0.11537, batch accuracy: 89.35, data load time: 0.19272, step time: 0.03515
epoch: [19], step: [682/1543], batch loss: 0.11631, batch accuracy: 91.01, data load time: 0.23303, step time: 0.03397
epoch: [19], step: [782/1543], batch loss: 0.13338, batch accuracy: 88.23, data load time: 0.21089, step time: 0.03457
epoch: [19], step: [882/1543], batch loss: 0.15503, batch accuracy: 90.82, data load time: 0.24719, step time: 0.03629
epoch: [19], step: [982/1543], batch loss: 0.12135, batch accuracy: 92.00, data load time: 0.24835, step time: 0.03514
epoch: [19], step: [1082/1543], batch loss: 0.16108, batch accuracy: 91.88, data load time: 0.24355, step time: 0.03463
epoch: [19], step: [1182/1543], batch loss: 0.13280, batch accuracy: 87.78, data load time: 0.28814, step time: 0.03459
epoch: [19], step: [1282/1543], batch loss: 0.13701, batch accuracy: 89.54, data load time: 0.25630, step time: 0.03589
epoch: [19], step: [1382/1543], batch loss: 0.15982, batch accuracy: 81.06, data load time: 0.25046, step time: 0.03379
epoch: [19], step: [1482/1543], batch loss: 0.14588, batch accuracy: 88.45, data load time: 0.15907, step time: 0.03251
EVALUATION METRICS:
-------------------------------------------------------------

Validation: AUC Score: 0.8225

-------------------------------------------------------------
validation loss: 0.16991, accuracy: 82.25
EVALUATION METRICS:
-------------------------------------------------------------

Test: AUC Score: 0.8296

-------------------------------------------------------------
validation loss: 0.49308, accuracy: 82.96
