Loading data from trainSpecChunk_dataset
Loading data from valSpecChunk_dataset
Loading data from testSpecChunk_dataset
Writing logs to logs/CNN_sgd_momentum=0.93_learning_rate=0.2_conv_length=256_conv_stride=256_batch_size=10_epochs=10_weight_decay=1e-05_model=ChunkResCNN2_op=sgd_dropout=0.5_data_mode=5.0_scheduler=1.0_run_3
epoch: [0], step: [99/9255], batch loss: 0.27603, batch accuracy: 47.27, data load time: 0.12107, step time: 0.06287
epoch: [0], step: [199/9255], batch loss: 0.29329, batch accuracy: 57.13, data load time: 0.09926, step time: 0.06567
epoch: [0], step: [299/9255], batch loss: 0.26590, batch accuracy: 63.12, data load time: 0.15193, step time: 0.06130
epoch: [0], step: [399/9255], batch loss: 0.24517, batch accuracy: 70.05, data load time: 0.15520, step time: 0.06449
epoch: [0], step: [499/9255], batch loss: 0.21824, batch accuracy: 56.58, data load time: 0.14667, step time: 0.06453
epoch: [0], step: [599/9255], batch loss: 0.14649, batch accuracy: 66.51, data load time: 0.12225, step time: 0.05768
epoch: [0], step: [699/9255], batch loss: 0.17661, batch accuracy: 71.02, data load time: 0.14724, step time: 0.06139
epoch: [0], step: [799/9255], batch loss: 0.21218, batch accuracy: 70.71, data load time: 0.16815, step time: 0.06421
epoch: [0], step: [899/9255], batch loss: 0.23517, batch accuracy: 35.35, data load time: 0.14010, step time: 0.05715
epoch: [0], step: [999/9255], batch loss: 0.20067, batch accuracy: 60.79, data load time: 0.13326, step time: 0.06194
epoch: [0], step: [1099/9255], batch loss: 0.21152, batch accuracy: 66.79, data load time: 0.12629, step time: 0.06274
epoch: [0], step: [1199/9255], batch loss: 0.19969, batch accuracy: 70.91, data load time: 0.12584, step time: 0.06397
epoch: [0], step: [1299/9255], batch loss: 0.20504, batch accuracy: 77.48, data load time: 0.13029, step time: 0.06482
epoch: [0], step: [1399/9255], batch loss: 0.18960, batch accuracy: 68.85, data load time: 0.15064, step time: 0.06131
epoch: [0], step: [1499/9255], batch loss: 0.19494, batch accuracy: 68.74, data load time: 0.13396, step time: 0.06139
epoch: [0], step: [1599/9255], batch loss: 0.17052, batch accuracy: 58.20, data load time: 0.17628, step time: 0.05833
epoch: [0], step: [1699/9255], batch loss: 0.18944, batch accuracy: 74.79, data load time: 0.16530, step time: 0.06135
epoch: [0], step: [1799/9255], batch loss: 0.17700, batch accuracy: 84.76, data load time: 0.16242, step time: 0.06145
epoch: [0], step: [1899/9255], batch loss: 0.17079, batch accuracy: 71.88, data load time: 0.16583, step time: 0.05985
epoch: [0], step: [1999/9255], batch loss: 0.17944, batch accuracy: 76.25, data load time: 0.13457, step time: 0.06016
epoch: [0], step: [2099/9255], batch loss: 0.16775, batch accuracy: 74.30, data load time: 0.14612, step time: 0.06068
epoch: [0], step: [2199/9255], batch loss: 0.22176, batch accuracy: 65.82, data load time: 0.12232, step time: 0.06215
epoch: [0], step: [2299/9255], batch loss: 0.24052, batch accuracy: 65.62, data load time: 0.19601, step time: 0.06563
epoch: [0], step: [2399/9255], batch loss: 0.19672, batch accuracy: 75.07, data load time: 0.15599, step time: 0.06222
epoch: [0], step: [2499/9255], batch loss: 0.20084, batch accuracy: 64.48, data load time: 0.15227, step time: 0.06356
epoch: [0], step: [2599/9255], batch loss: 0.23200, batch accuracy: 69.62, data load time: 0.18961, step time: 0.06283
epoch: [0], step: [2699/9255], batch loss: 0.21976, batch accuracy: 60.97, data load time: 0.19465, step time: 0.06357
epoch: [0], step: [2799/9255], batch loss: 0.24172, batch accuracy: 81.22, data load time: 0.10347, step time: 0.06723
epoch: [0], step: [2899/9255], batch loss: 0.25082, batch accuracy: 73.83, data load time: 0.14474, step time: 0.06484
epoch: [0], step: [2999/9255], batch loss: 0.22810, batch accuracy: 75.39, data load time: 0.11888, step time: 0.06566
epoch: [0], step: [3099/9255], batch loss: 0.19055, batch accuracy: 79.43, data load time: 0.15553, step time: 0.06170
epoch: [0], step: [3199/9255], batch loss: 0.21085, batch accuracy: 79.77, data load time: 0.15759, step time: 0.06623
epoch: [0], step: [3299/9255], batch loss: 0.18212, batch accuracy: 70.93, data load time: 0.18940, step time: 0.06352
epoch: [0], step: [3399/9255], batch loss: 0.16128, batch accuracy: 82.23, data load time: 0.22226, step time: 0.05920
epoch: [0], step: [3499/9255], batch loss: 0.26394, batch accuracy: 80.73, data load time: 0.17444, step time: 0.07294
epoch: [0], step: [3599/9255], batch loss: 0.15193, batch accuracy: 63.52, data load time: 0.15087, step time: 0.05761
epoch: [0], step: [3699/9255], batch loss: 0.21326, batch accuracy: 69.67, data load time: 0.17963, step time: 0.06249
epoch: [0], step: [3799/9255], batch loss: 0.19043, batch accuracy: 84.25, data load time: 0.17526, step time: 0.06510
epoch: [0], step: [3899/9255], batch loss: 0.20209, batch accuracy: 63.70, data load time: 0.18697, step time: 0.05900
epoch: [0], step: [3999/9255], batch loss: 0.17703, batch accuracy: 76.18, data load time: 0.13800, step time: 0.06120
epoch: [0], step: [4099/9255], batch loss: 0.19054, batch accuracy: 73.37, data load time: 0.13465, step time: 0.06041
epoch: [0], step: [4199/9255], batch loss: 0.23881, batch accuracy: 72.76, data load time: 0.15731, step time: 0.06500
epoch: [0], step: [4299/9255], batch loss: 0.22187, batch accuracy: 73.57, data load time: 0.16181, step time: 0.06353
epoch: [0], step: [4399/9255], batch loss: 0.18877, batch accuracy: 75.76, data load time: 0.12448, step time: 0.06215
epoch: [0], step: [4499/9255], batch loss: 0.19307, batch accuracy: 70.26, data load time: 0.16863, step time: 0.07769
epoch: [0], step: [4599/9255], batch loss: 0.27430, batch accuracy: 74.23, data load time: 0.14132, step time: 0.06849
epoch: [0], step: [4699/9255], batch loss: 0.22517, batch accuracy: 67.40, data load time: 0.17239, step time: 0.06197
epoch: [0], step: [4799/9255], batch loss: 0.17869, batch accuracy: 77.62, data load time: 0.17028, step time: 0.06267
epoch: [0], step: [4899/9255], batch loss: 0.18050, batch accuracy: 84.39, data load time: 0.13992, step time: 0.06285
epoch: [0], step: [4999/9255], batch loss: 0.18890, batch accuracy: 77.08, data load time: 0.16898, step time: 0.06280
epoch: [0], step: [5099/9255], batch loss: 0.23615, batch accuracy: 73.53, data load time: 0.14539, step time: 0.06286
epoch: [0], step: [5199/9255], batch loss: 0.20266, batch accuracy: 82.61, data load time: 0.17341, step time: 0.06262
epoch: [0], step: [5299/9255], batch loss: 0.19883, batch accuracy: 76.53, data load time: 0.15774, step time: 0.05971
epoch: [0], step: [5399/9255], batch loss: 0.19943, batch accuracy: 62.18, data load time: 0.17888, step time: 0.06276
epoch: [0], step: [5499/9255], batch loss: 0.21185, batch accuracy: 84.79, data load time: 0.14838, step time: 0.06279
epoch: [0], step: [5599/9255], batch loss: 0.22306, batch accuracy: 81.98, data load time: 0.16160, step time: 0.06274
epoch: [0], step: [5699/9255], batch loss: 0.19868, batch accuracy: 78.26, data load time: 0.13117, step time: 0.06344
epoch: [0], step: [5799/9255], batch loss: 0.21745, batch accuracy: 76.91, data load time: 0.13439, step time: 0.06341
epoch: [0], step: [5899/9255], batch loss: 0.25107, batch accuracy: 60.83, data load time: 0.16388, step time: 0.06485
epoch: [0], step: [5999/9255], batch loss: 0.20897, batch accuracy: 70.37, data load time: 0.18760, step time: 0.06491
epoch: [0], step: [6099/9255], batch loss: 0.16215, batch accuracy: 75.16, data load time: 0.16909, step time: 0.05699
epoch: [0], step: [6199/9255], batch loss: 0.16457, batch accuracy: 88.62, data load time: 0.23248, step time: 0.06052
epoch: [0], step: [6299/9255], batch loss: 0.18495, batch accuracy: 76.98, data load time: 0.16827, step time: 0.06287
epoch: [0], step: [6399/9255], batch loss: 0.22482, batch accuracy: 73.04, data load time: 0.11361, step time: 0.06429
epoch: [0], step: [6499/9255], batch loss: 0.18824, batch accuracy: 76.95, data load time: 0.23375, step time: 0.06201
epoch: [0], step: [6599/9255], batch loss: 0.19823, batch accuracy: 73.18, data load time: 0.12037, step time: 0.06350
epoch: [0], step: [6699/9255], batch loss: 0.20201, batch accuracy: 76.06, data load time: 0.12172, step time: 0.06449
epoch: [0], step: [6799/9255], batch loss: 0.17412, batch accuracy: 79.55, data load time: 0.16966, step time: 0.06207
epoch: [0], step: [6899/9255], batch loss: 0.17404, batch accuracy: 70.99, data load time: 0.20400, step time: 0.05922
epoch: [0], step: [6999/9255], batch loss: 0.20121, batch accuracy: 75.50, data load time: 0.18922, step time: 0.06339
epoch: [0], step: [7099/9255], batch loss: 0.13391, batch accuracy: 78.10, data load time: 0.18329, step time: 0.05626
epoch: [0], step: [7199/9255], batch loss: 0.17115, batch accuracy: 77.51, data load time: 0.16172, step time: 0.06225
epoch: [0], step: [7299/9255], batch loss: 0.19009, batch accuracy: 78.72, data load time: 0.15866, step time: 0.06354
epoch: [0], step: [7399/9255], batch loss: 0.25431, batch accuracy: 70.69, data load time: 0.19185, step time: 0.06621
epoch: [0], step: [7499/9255], batch loss: 0.28106, batch accuracy: 71.21, data load time: 0.20662, step time: 0.06498
epoch: [0], step: [7599/9255], batch loss: 0.14531, batch accuracy: 75.51, data load time: 0.16682, step time: 0.05763
epoch: [0], step: [7699/9255], batch loss: 0.18163, batch accuracy: 72.67, data load time: 0.11226, step time: 0.06190
epoch: [0], step: [7799/9255], batch loss: 0.18113, batch accuracy: 85.81, data load time: 0.16512, step time: 0.06345
epoch: [0], step: [7899/9255], batch loss: 0.17707, batch accuracy: 80.87, data load time: 0.19509, step time: 0.06140
epoch: [0], step: [7999/9255], batch loss: 0.16945, batch accuracy: 69.64, data load time: 0.12574, step time: 0.05990
epoch: [0], step: [8099/9255], batch loss: 0.18650, batch accuracy: 78.23, data load time: 0.15371, step time: 0.06267
epoch: [0], step: [8199/9255], batch loss: 0.16858, batch accuracy: 80.97, data load time: 0.16614, step time: 0.05919
epoch: [0], step: [8299/9255], batch loss: 0.19428, batch accuracy: 74.78, data load time: 0.16453, step time: 0.06501
epoch: [0], step: [8399/9255], batch loss: 0.18479, batch accuracy: 73.36, data load time: 0.13349, step time: 0.05904
epoch: [0], step: [8499/9255], batch loss: 0.17941, batch accuracy: 75.80, data load time: 0.17639, step time: 0.06127
epoch: [0], step: [8599/9255], batch loss: 0.22127, batch accuracy: 61.90, data load time: 0.23000, step time: 0.06214
epoch: [0], step: [8699/9255], batch loss: 0.22442, batch accuracy: 77.47, data load time: 0.14334, step time: 0.06663
epoch: [0], step: [8799/9255], batch loss: 0.23109, batch accuracy: 79.59, data load time: 0.18333, step time: 0.06490
epoch: [0], step: [8899/9255], batch loss: 0.17867, batch accuracy: 71.41, data load time: 0.19761, step time: 0.06139
epoch: [0], step: [8999/9255], batch loss: 0.25440, batch accuracy: 67.48, data load time: 0.16136, step time: 0.06585
epoch: [0], step: [9099/9255], batch loss: 0.16048, batch accuracy: 80.26, data load time: 0.15200, step time: 0.05942
epoch: [0], step: [9199/9255], batch loss: 0.27599, batch accuracy: 69.72, data load time: 0.20521, step time: 0.06351
EVALUATION METRICS:
-------------------------------------------------------------

Validation AUC Score: 0.7789

-------------------------------------------------------------
validation loss: 0.18959, accuracy: 77.89
epoch: [1], step: [44/9255], batch loss: 0.16732, batch accuracy: 79.38, data load time: 0.16514, step time: 0.06154
epoch: [1], step: [144/9255], batch loss: 0.16868, batch accuracy: 83.88, data load time: 0.13567, step time: 0.06146
epoch: [1], step: [244/9255], batch loss: 0.20707, batch accuracy: 76.61, data load time: 0.16787, step time: 0.06807
epoch: [1], step: [344/9255], batch loss: 0.17119, batch accuracy: 78.13, data load time: 0.16409, step time: 0.06295
epoch: [1], step: [444/9255], batch loss: 0.23529, batch accuracy: 77.96, data load time: 0.19928, step time: 0.06892
epoch: [1], step: [544/9255], batch loss: 0.14996, batch accuracy: 83.52, data load time: 0.16720, step time: 0.06363
epoch: [1], step: [644/9255], batch loss: 0.24477, batch accuracy: 65.89, data load time: 0.14708, step time: 0.06487
epoch: [1], step: [744/9255], batch loss: 0.17398, batch accuracy: 88.14, data load time: 0.12893, step time: 0.06146
epoch: [1], step: [844/9255], batch loss: 0.17254, batch accuracy: 86.85, data load time: 0.15137, step time: 0.06545
epoch: [1], step: [944/9255], batch loss: 0.11608, batch accuracy: 91.23, data load time: 0.16423, step time: 0.05710
epoch: [1], step: [1044/9255], batch loss: 0.18535, batch accuracy: 86.46, data load time: 0.16961, step time: 0.06499
epoch: [1], step: [1144/9255], batch loss: 0.21764, batch accuracy: 72.29, data load time: 0.18439, step time: 0.06285
epoch: [1], step: [1244/9255], batch loss: 0.11513, batch accuracy: 90.87, data load time: 0.20858, step time: 0.05625
epoch: [1], step: [1344/9255], batch loss: 0.15918, batch accuracy: 81.93, data load time: 0.14495, step time: 0.06006
epoch: [1], step: [1444/9255], batch loss: 0.17314, batch accuracy: 86.88, data load time: 0.15611, step time: 0.06354
epoch: [1], step: [1544/9255], batch loss: 0.15102, batch accuracy: 90.22, data load time: 0.21830, step time: 0.06222
epoch: [1], step: [1644/9255], batch loss: 0.17480, batch accuracy: 64.79, data load time: 0.20482, step time: 0.05922
epoch: [1], step: [1744/9255], batch loss: 0.16781, batch accuracy: 82.07, data load time: 0.13693, step time: 0.06275
epoch: [1], step: [1844/9255], batch loss: 0.14420, batch accuracy: 84.22, data load time: 0.14314, step time: 0.05757
epoch: [1], step: [1944/9255], batch loss: 0.17127, batch accuracy: 76.84, data load time: 0.13386, step time: 0.06217
epoch: [1], step: [2044/9255], batch loss: 0.11477, batch accuracy: 91.45, data load time: 0.22275, step time: 0.06002
epoch: [1], step: [2144/9255], batch loss: 0.19858, batch accuracy: 79.95, data load time: 0.24067, step time: 0.06485
epoch: [1], step: [2244/9255], batch loss: 0.13605, batch accuracy: 84.53, data load time: 0.15177, step time: 0.06004
epoch: [1], step: [2344/9255], batch loss: 0.19062, batch accuracy: 79.20, data load time: 0.15152, step time: 0.06352
epoch: [1], step: [2444/9255], batch loss: 0.18873, batch accuracy: 73.04, data load time: 0.17114, step time: 0.06343
epoch: [1], step: [2544/9255], batch loss: 0.17550, batch accuracy: 73.96, data load time: 0.22165, step time: 0.06277
epoch: [1], step: [2644/9255], batch loss: 0.18814, batch accuracy: 77.37, data load time: 0.23205, step time: 0.06482
epoch: [1], step: [2744/9255], batch loss: 0.15835, batch accuracy: 78.13, data load time: 0.16162, step time: 0.06006
epoch: [1], step: [2844/9255], batch loss: 0.20170, batch accuracy: 83.69, data load time: 0.12353, step time: 0.06576
epoch: [1], step: [2944/9255], batch loss: 0.15383, batch accuracy: 82.42, data load time: 0.14739, step time: 0.06069
epoch: [1], step: [3044/9255], batch loss: 0.17466, batch accuracy: 75.00, data load time: 0.19918, step time: 0.06130
epoch: [1], step: [3144/9255], batch loss: 0.18451, batch accuracy: 75.37, data load time: 0.15630, step time: 0.06359
epoch: [1], step: [3244/9255], batch loss: 0.13082, batch accuracy: 89.88, data load time: 0.13895, step time: 0.05850
epoch: [1], step: [3344/9255], batch loss: 0.18937, batch accuracy: 80.34, data load time: 0.17561, step time: 0.06569
epoch: [1], step: [3444/9255], batch loss: 0.21982, batch accuracy: 75.71, data load time: 0.18288, step time: 0.06541
epoch: [1], step: [3544/9255], batch loss: 0.23242, batch accuracy: 82.71, data load time: 0.20322, step time: 0.06425
epoch: [1], step: [3644/9255], batch loss: 0.14461, batch accuracy: 83.36, data load time: 0.15956, step time: 0.05999
epoch: [1], step: [3744/9255], batch loss: 0.14146, batch accuracy: 81.13, data load time: 0.14145, step time: 0.05838
epoch: [1], step: [3844/9255], batch loss: 0.19977, batch accuracy: 79.22, data load time: 0.14330, step time: 0.06482
epoch: [1], step: [3944/9255], batch loss: 0.20519, batch accuracy: 71.92, data load time: 0.15258, step time: 0.06289
epoch: [1], step: [4044/9255], batch loss: 0.16159, batch accuracy: 76.16, data load time: 0.16434, step time: 0.06144
epoch: [1], step: [4144/9255], batch loss: 0.18293, batch accuracy: 84.34, data load time: 0.14178, step time: 0.06203
epoch: [1], step: [4244/9255], batch loss: 0.22106, batch accuracy: 83.15, data load time: 0.13661, step time: 0.06654
epoch: [1], step: [4344/9255], batch loss: 0.15277, batch accuracy: 88.76, data load time: 0.14341, step time: 0.05920
epoch: [1], step: [4444/9255], batch loss: 0.17248, batch accuracy: 89.58, data load time: 0.19171, step time: 0.06730
epoch: [1], step: [4544/9255], batch loss: 0.19508, batch accuracy: 74.67, data load time: 0.18756, step time: 0.06515
epoch: [1], step: [4644/9255], batch loss: 0.15470, batch accuracy: 79.86, data load time: 0.13148, step time: 0.05699
epoch: [1], step: [4744/9255], batch loss: 0.16457, batch accuracy: 84.61, data load time: 0.14867, step time: 0.06143
epoch: [1], step: [4844/9255], batch loss: 0.14495, batch accuracy: 87.73, data load time: 0.15275, step time: 0.06218
epoch: [1], step: [4944/9255], batch loss: 0.15535, batch accuracy: 86.65, data load time: 0.13527, step time: 0.06425
epoch: [1], step: [5044/9255], batch loss: 0.13025, batch accuracy: 91.17, data load time: 0.16346, step time: 0.06124
epoch: [1], step: [5144/9255], batch loss: 0.17579, batch accuracy: 77.32, data load time: 0.16807, step time: 0.06063
epoch: [1], step: [5244/9255], batch loss: 0.16740, batch accuracy: 76.75, data load time: 0.15680, step time: 0.06128
epoch: [1], step: [5344/9255], batch loss: 0.17209, batch accuracy: 78.70, data load time: 0.15457, step time: 0.06274
epoch: [1], step: [5444/9255], batch loss: 0.20298, batch accuracy: 82.57, data load time: 0.16141, step time: 0.06668
epoch: [1], step: [5544/9255], batch loss: 0.21345, batch accuracy: 77.38, data load time: 0.17158, step time: 0.06408
epoch: [1], step: [5644/9255], batch loss: 0.20257, batch accuracy: 78.78, data load time: 0.13992, step time: 0.06431
epoch: [1], step: [5744/9255], batch loss: 0.16402, batch accuracy: 90.94, data load time: 0.14504, step time: 0.06344
epoch: [1], step: [5844/9255], batch loss: 0.19358, batch accuracy: 85.99, data load time: 0.16672, step time: 0.06284
epoch: [1], step: [5944/9255], batch loss: 0.22169, batch accuracy: 82.34, data load time: 0.17643, step time: 0.06735
epoch: [1], step: [6044/9255], batch loss: 0.19382, batch accuracy: 86.54, data load time: 0.18984, step time: 0.06582
epoch: [1], step: [6144/9255], batch loss: 0.19400, batch accuracy: 74.85, data load time: 0.13961, step time: 0.06379
epoch: [1], step: [6244/9255], batch loss: 0.17835, batch accuracy: 79.41, data load time: 0.22396, step time: 0.06208
epoch: [1], step: [6344/9255], batch loss: 0.16884, batch accuracy: 91.89, data load time: 0.15680, step time: 0.06426
epoch: [1], step: [6444/9255], batch loss: 0.17659, batch accuracy: 78.63, data load time: 0.19196, step time: 0.06499
epoch: [1], step: [6544/9255], batch loss: 0.16319, batch accuracy: 72.85, data load time: 0.13683, step time: 0.05837
epoch: [1], step: [6644/9255], batch loss: 0.21242, batch accuracy: 79.85, data load time: 0.13766, step time: 0.06489
epoch: [1], step: [6744/9255], batch loss: 0.21544, batch accuracy: 77.47, data load time: 0.17069, step time: 0.06288
epoch: [1], step: [6844/9255], batch loss: 0.18690, batch accuracy: 75.74, data load time: 0.19901, step time: 0.06432
epoch: [1], step: [6944/9255], batch loss: 0.21195, batch accuracy: 84.27, data load time: 0.13585, step time: 0.06504
epoch: [1], step: [7044/9255], batch loss: 0.20702, batch accuracy: 83.96, data load time: 0.20969, step time: 0.06579
epoch: [1], step: [7144/9255], batch loss: 0.16497, batch accuracy: 82.64, data load time: 0.15856, step time: 0.06379
epoch: [1], step: [7244/9255], batch loss: 0.16355, batch accuracy: 82.43, data load time: 0.17703, step time: 0.06279
epoch: [1], step: [7344/9255], batch loss: 0.18076, batch accuracy: 80.52, data load time: 0.24728, step time: 0.06178
epoch: [1], step: [7444/9255], batch loss: 0.17022, batch accuracy: 88.85, data load time: 0.22137, step time: 0.06641
epoch: [1], step: [7544/9255], batch loss: 0.15731, batch accuracy: 88.60, data load time: 0.23115, step time: 0.06200
epoch: [1], step: [7644/9255], batch loss: 0.22693, batch accuracy: 87.05, data load time: 0.17493, step time: 0.07691
epoch: [1], step: [7744/9255], batch loss: 0.16393, batch accuracy: 81.82, data load time: 0.22924, step time: 0.05761
epoch: [1], step: [7844/9255], batch loss: 0.13721, batch accuracy: 86.80, data load time: 0.16226, step time: 0.06166
epoch: [1], step: [7944/9255], batch loss: 0.14983, batch accuracy: 82.78, data load time: 0.16407, step time: 0.06293
epoch: [1], step: [8044/9255], batch loss: 0.17975, batch accuracy: 78.20, data load time: 0.13528, step time: 0.06216
epoch: [1], step: [8144/9255], batch loss: 0.15534, batch accuracy: 84.62, data load time: 0.16076, step time: 0.06128
epoch: [1], step: [8244/9255], batch loss: 0.17843, batch accuracy: 78.84, data load time: 0.15314, step time: 0.06199
epoch: [1], step: [8344/9255], batch loss: 0.18103, batch accuracy: 87.28, data load time: 0.19408, step time: 0.06451
epoch: [1], step: [8444/9255], batch loss: 0.16281, batch accuracy: 92.40, data load time: 0.17401, step time: 0.06424
epoch: [1], step: [8544/9255], batch loss: 0.24214, batch accuracy: 72.91, data load time: 0.15741, step time: 0.06496
epoch: [1], step: [8644/9255], batch loss: 0.16595, batch accuracy: 82.19, data load time: 0.16050, step time: 0.05995
epoch: [1], step: [8744/9255], batch loss: 0.22168, batch accuracy: 77.99, data load time: 0.17325, step time: 0.06233
epoch: [1], step: [8844/9255], batch loss: 0.21770, batch accuracy: 82.11, data load time: 0.14584, step time: 0.06212
epoch: [1], step: [8944/9255], batch loss: 0.15538, batch accuracy: 82.59, data load time: 0.13770, step time: 0.06064
epoch: [1], step: [9044/9255], batch loss: 0.14043, batch accuracy: 89.94, data load time: 0.15293, step time: 0.06371
epoch: [1], step: [9144/9255], batch loss: 0.23945, batch accuracy: 80.18, data load time: 0.20187, step time: 0.06722
epoch: [1], step: [9244/9255], batch loss: 0.14798, batch accuracy: 82.56, data load time: 0.12266, step time: 0.05994
EVALUATION METRICS:
-------------------------------------------------------------

Validation AUC Score: 0.8251

-------------------------------------------------------------
validation loss: 0.17366, accuracy: 82.51
epoch: [2], step: [89/9255], batch loss: 0.20885, batch accuracy: 79.54, data load time: 0.10354, step time: 0.06567
epoch: [2], step: [189/9255], batch loss: 0.19431, batch accuracy: 78.84, data load time: 0.14575, step time: 0.06304
epoch: [2], step: [289/9255], batch loss: 0.17375, batch accuracy: 81.91, data load time: 0.15907, step time: 0.06152
epoch: [2], step: [389/9255], batch loss: 0.13973, batch accuracy: 90.62, data load time: 0.16937, step time: 0.06156
epoch: [2], step: [489/9255], batch loss: 0.15679, batch accuracy: 89.69, data load time: 0.15111, step time: 0.06460
epoch: [2], step: [589/9255], batch loss: 0.17946, batch accuracy: 84.84, data load time: 0.17315, step time: 0.06286
epoch: [2], step: [689/9255], batch loss: 0.18165, batch accuracy: 83.58, data load time: 0.13392, step time: 0.06147
epoch: [2], step: [789/9255], batch loss: 0.17291, batch accuracy: 90.90, data load time: 0.15274, step time: 0.06452
epoch: [2], step: [889/9255], batch loss: 0.15049, batch accuracy: 90.44, data load time: 0.17860, step time: 0.06220
epoch: [2], step: [989/9255], batch loss: 0.15989, batch accuracy: 88.69, data load time: 0.18790, step time: 0.06162
epoch: [2], step: [1089/9255], batch loss: 0.16595, batch accuracy: 85.14, data load time: 0.16755, step time: 0.06362
epoch: [2], step: [1189/9255], batch loss: 0.16878, batch accuracy: 80.49, data load time: 0.18371, step time: 0.06341
epoch: [2], step: [1289/9255], batch loss: 0.17215, batch accuracy: 87.84, data load time: 0.11175, step time: 0.06345
epoch: [2], step: [1389/9255], batch loss: 0.17012, batch accuracy: 86.89, data load time: 0.16553, step time: 0.06145
epoch: [2], step: [1489/9255], batch loss: 0.11425, batch accuracy: 88.41, data load time: 0.17256, step time: 0.06091
epoch: [2], step: [1589/9255], batch loss: 0.18489, batch accuracy: 82.37, data load time: 0.19583, step time: 0.06583
epoch: [2], step: [1689/9255], batch loss: 0.17184, batch accuracy: 94.03, data load time: 0.20934, step time: 0.06588
epoch: [2], step: [1789/9255], batch loss: 0.20442, batch accuracy: 81.72, data load time: 0.15215, step time: 0.06512
epoch: [2], step: [1889/9255], batch loss: 0.22018, batch accuracy: 83.21, data load time: 0.22087, step time: 0.06224
epoch: [2], step: [1989/9255], batch loss: 0.19948, batch accuracy: 77.97, data load time: 0.18877, step time: 0.06223
epoch: [2], step: [2089/9255], batch loss: 0.13453, batch accuracy: 89.54, data load time: 0.16109, step time: 0.06166
epoch: [2], step: [2189/9255], batch loss: 0.18743, batch accuracy: 85.34, data load time: 0.15732, step time: 0.06304
epoch: [2], step: [2289/9255], batch loss: 0.19521, batch accuracy: 84.00, data load time: 0.17249, step time: 0.06639
epoch: [2], step: [2389/9255], batch loss: 0.13890, batch accuracy: 91.10, data load time: 0.21901, step time: 0.05945
epoch: [2], step: [2489/9255], batch loss: 0.17243, batch accuracy: 79.41, data load time: 0.19781, step time: 0.06284
epoch: [2], step: [2589/9255], batch loss: 0.14211, batch accuracy: 83.37, data load time: 0.18132, step time: 0.06140
epoch: [2], step: [2689/9255], batch loss: 0.18241, batch accuracy: 83.14, data load time: 0.20864, step time: 0.06298
epoch: [2], step: [2789/9255], batch loss: 0.18278, batch accuracy: 90.90, data load time: 0.16485, step time: 0.06228
epoch: [2], step: [2889/9255], batch loss: 0.16675, batch accuracy: 88.21, data load time: 0.17751, step time: 0.06359
epoch: [2], step: [2989/9255], batch loss: 0.15705, batch accuracy: 91.12, data load time: 0.21774, step time: 0.06374
epoch: [2], step: [3089/9255], batch loss: 0.17445, batch accuracy: 83.40, data load time: 0.14619, step time: 0.06326
epoch: [2], step: [3189/9255], batch loss: 0.12492, batch accuracy: 91.02, data load time: 0.18082, step time: 0.06015
epoch: [2], step: [3289/9255], batch loss: 0.19527, batch accuracy: 73.46, data load time: 0.17712, step time: 0.06438
epoch: [2], step: [3389/9255], batch loss: 0.14017, batch accuracy: 92.21, data load time: 0.18145, step time: 0.06510
epoch: [2], step: [3489/9255], batch loss: 0.12788, batch accuracy: 86.62, data load time: 0.20221, step time: 0.06217
epoch: [2], step: [3589/9255], batch loss: 0.17548, batch accuracy: 85.71, data load time: 0.18203, step time: 0.06440
epoch: [2], step: [3689/9255], batch loss: 0.17937, batch accuracy: 89.55, data load time: 0.20505, step time: 0.06494
epoch: [2], step: [3789/9255], batch loss: 0.18761, batch accuracy: 89.70, data load time: 0.19107, step time: 0.06519
epoch: [2], step: [3889/9255], batch loss: 0.21795, batch accuracy: 85.90, data load time: 0.16128, step time: 0.06515
epoch: [2], step: [3989/9255], batch loss: 0.22179, batch accuracy: 74.54, data load time: 0.13888, step time: 0.06368
epoch: [2], step: [4089/9255], batch loss: 0.17568, batch accuracy: 88.19, data load time: 0.20450, step time: 0.06439
epoch: [2], step: [4189/9255], batch loss: 0.14251, batch accuracy: 90.94, data load time: 0.21774, step time: 0.06368
epoch: [2], step: [4289/9255], batch loss: 0.17233, batch accuracy: 81.04, data load time: 0.15433, step time: 0.06360
epoch: [2], step: [4389/9255], batch loss: 0.16400, batch accuracy: 85.11, data load time: 0.15423, step time: 0.06095
epoch: [2], step: [4489/9255], batch loss: 0.13934, batch accuracy: 92.65, data load time: 0.18503, step time: 0.06524
epoch: [2], step: [4589/9255], batch loss: 0.14479, batch accuracy: 88.74, data load time: 0.17859, step time: 0.06132
epoch: [2], step: [4689/9255], batch loss: 0.12206, batch accuracy: 86.32, data load time: 0.15686, step time: 0.06023
epoch: [2], step: [4789/9255], batch loss: 0.16512, batch accuracy: 87.20, data load time: 0.14038, step time: 0.06362
epoch: [2], step: [4889/9255], batch loss: 0.14343, batch accuracy: 89.12, data load time: 0.16457, step time: 0.05997
epoch: [2], step: [4989/9255], batch loss: 0.19236, batch accuracy: 85.63, data load time: 0.11424, step time: 0.06568
epoch: [2], step: [5089/9255], batch loss: 0.15782, batch accuracy: 89.09, data load time: 0.31378, step time: 0.06347
epoch: [2], step: [5189/9255], batch loss: 0.18314, batch accuracy: 83.84, data load time: 0.21190, step time: 0.06588
epoch: [2], step: [5289/9255], batch loss: 0.16746, batch accuracy: 81.19, data load time: 0.21701, step time: 0.06146
epoch: [2], step: [5389/9255], batch loss: 0.13397, batch accuracy: 89.59, data load time: 0.18565, step time: 0.06020
epoch: [2], step: [5489/9255], batch loss: 0.13573, batch accuracy: 90.27, data load time: 0.18384, step time: 0.06072
epoch: [2], step: [5589/9255], batch loss: 0.13734, batch accuracy: 90.49, data load time: 0.14224, step time: 0.06278
epoch: [2], step: [5689/9255], batch loss: 0.14107, batch accuracy: 88.22, data load time: 0.19554, step time: 0.06506
epoch: [2], step: [5789/9255], batch loss: 0.18356, batch accuracy: 80.80, data load time: 0.18508, step time: 0.06442
epoch: [2], step: [5889/9255], batch loss: 0.14246, batch accuracy: 80.84, data load time: 0.20800, step time: 0.06010
epoch: [2], step: [5989/9255], batch loss: 0.13914, batch accuracy: 88.08, data load time: 0.18896, step time: 0.06271
epoch: [2], step: [6089/9255], batch loss: 0.18448, batch accuracy: 86.96, data load time: 0.21034, step time: 0.06359
epoch: [2], step: [6189/9255], batch loss: 0.18817, batch accuracy: 77.54, data load time: 0.17469, step time: 0.06084
epoch: [2], step: [6289/9255], batch loss: 0.11957, batch accuracy: 86.55, data load time: 0.26378, step time: 0.06073
epoch: [2], step: [6389/9255], batch loss: 0.16343, batch accuracy: 81.20, data load time: 0.15400, step time: 0.06011
epoch: [2], step: [6489/9255], batch loss: 0.17696, batch accuracy: 83.98, data load time: 0.15458, step time: 0.06443
epoch: [2], step: [6589/9255], batch loss: 0.17118, batch accuracy: 80.56, data load time: 0.12882, step time: 0.06302
epoch: [2], step: [6689/9255], batch loss: 0.19720, batch accuracy: 88.88, data load time: 0.16535, step time: 0.06724
epoch: [2], step: [6789/9255], batch loss: 0.15209, batch accuracy: 90.65, data load time: 0.17812, step time: 0.06231
epoch: [2], step: [6889/9255], batch loss: 0.14691, batch accuracy: 86.97, data load time: 0.19822, step time: 0.06523
epoch: [2], step: [6989/9255], batch loss: 0.19336, batch accuracy: 94.02, data load time: 0.18784, step time: 0.06588
epoch: [2], step: [7089/9255], batch loss: 0.18200, batch accuracy: 81.18, data load time: 0.18018, step time: 0.06303
epoch: [2], step: [7189/9255], batch loss: 0.15155, batch accuracy: 86.67, data load time: 0.15152, step time: 0.06220
epoch: [2], step: [7289/9255], batch loss: 0.16238, batch accuracy: 83.93, data load time: 0.14774, step time: 0.06372
epoch: [2], step: [7389/9255], batch loss: 0.17008, batch accuracy: 83.10, data load time: 0.27443, step time: 0.05912
epoch: [2], step: [7489/9255], batch loss: 0.20771, batch accuracy: 78.32, data load time: 0.23232, step time: 0.06419
epoch: [2], step: [7589/9255], batch loss: 0.16723, batch accuracy: 84.44, data load time: 0.13547, step time: 0.06289
epoch: [2], step: [7689/9255], batch loss: 0.22937, batch accuracy: 80.85, data load time: 0.17711, step time: 0.06657
epoch: [2], step: [7789/9255], batch loss: 0.15416, batch accuracy: 87.71, data load time: 0.18362, step time: 0.06146
epoch: [2], step: [7889/9255], batch loss: 0.19727, batch accuracy: 83.43, data load time: 0.18758, step time: 0.06654
epoch: [2], step: [7989/9255], batch loss: 0.12361, batch accuracy: 92.92, data load time: 0.13340, step time: 0.05920
epoch: [2], step: [8089/9255], batch loss: 0.20788, batch accuracy: 79.09, data load time: 0.19479, step time: 0.06600
epoch: [2], step: [8189/9255], batch loss: 0.12535, batch accuracy: 88.99, data load time: 0.19052, step time: 0.05996
epoch: [2], step: [8289/9255], batch loss: 0.13850, batch accuracy: 86.70, data load time: 0.12084, step time: 0.06064
epoch: [2], step: [8389/9255], batch loss: 0.15931, batch accuracy: 84.54, data load time: 0.20963, step time: 0.06057
epoch: [2], step: [8489/9255], batch loss: 0.22455, batch accuracy: 83.97, data load time: 0.15660, step time: 0.06378
epoch: [2], step: [8589/9255], batch loss: 0.17389, batch accuracy: 82.00, data load time: 0.15408, step time: 0.06510
epoch: [2], step: [8689/9255], batch loss: 0.15239, batch accuracy: 83.48, data load time: 0.25049, step time: 0.05833
epoch: [2], step: [8789/9255], batch loss: 0.13907, batch accuracy: 91.06, data load time: 0.18643, step time: 0.06136
epoch: [2], step: [8889/9255], batch loss: 0.20085, batch accuracy: 86.69, data load time: 0.17419, step time: 0.06728
epoch: [2], step: [8989/9255], batch loss: 0.13959, batch accuracy: 90.28, data load time: 0.23761, step time: 0.06368
epoch: [2], step: [9089/9255], batch loss: 0.17936, batch accuracy: 87.05, data load time: 0.22289, step time: 0.06365
epoch: [2], step: [9189/9255], batch loss: 0.14974, batch accuracy: 89.69, data load time: 0.12465, step time: 0.06368
EVALUATION METRICS:
-------------------------------------------------------------

Validation AUC Score: 0.8435

-------------------------------------------------------------
validation loss: 0.16115, accuracy: 84.35
epoch: [3], step: [34/9255], batch loss: 0.14428, batch accuracy: 88.57, data load time: 0.16747, step time: 0.06061
epoch: [3], step: [134/9255], batch loss: 0.13437, batch accuracy: 90.08, data load time: 0.14586, step time: 0.06389
epoch: [3], step: [234/9255], batch loss: 0.15647, batch accuracy: 72.33, data load time: 0.12094, step time: 0.06018
epoch: [3], step: [334/9255], batch loss: 0.13533, batch accuracy: 90.66, data load time: 0.16086, step time: 0.06137
epoch: [3], step: [434/9255], batch loss: 0.16535, batch accuracy: 84.99, data load time: 0.18682, step time: 0.06128
epoch: [3], step: [534/9255], batch loss: 0.14026, batch accuracy: 86.74, data load time: 0.14307, step time: 0.06152
epoch: [3], step: [634/9255], batch loss: 0.20485, batch accuracy: 84.15, data load time: 0.15063, step time: 0.06638
epoch: [3], step: [734/9255], batch loss: 0.16202, batch accuracy: 82.20, data load time: 0.16249, step time: 0.06221
epoch: [3], step: [834/9255], batch loss: 0.16109, batch accuracy: 91.96, data load time: 0.11288, step time: 0.06361
epoch: [3], step: [934/9255], batch loss: 0.22891, batch accuracy: 81.27, data load time: 0.17342, step time: 0.06577
epoch: [3], step: [1034/9255], batch loss: 0.15034, batch accuracy: 84.62, data load time: 0.15963, step time: 0.06068
epoch: [3], step: [1134/9255], batch loss: 0.12496, batch accuracy: 90.66, data load time: 0.16014, step time: 0.06263
epoch: [3], step: [1234/9255], batch loss: 0.17547, batch accuracy: 73.94, data load time: 0.15683, step time: 0.06089
epoch: [3], step: [1334/9255], batch loss: 0.17363, batch accuracy: 89.66, data load time: 0.11043, step time: 0.06146
epoch: [3], step: [1434/9255], batch loss: 0.17883, batch accuracy: 83.77, data load time: 0.13522, step time: 0.06559
epoch: [3], step: [1534/9255], batch loss: 0.14651, batch accuracy: 89.48, data load time: 0.12849, step time: 0.06355
epoch: [3], step: [1634/9255], batch loss: 0.23825, batch accuracy: 87.30, data load time: 0.13282, step time: 0.06589
epoch: [3], step: [1734/9255], batch loss: 0.11875, batch accuracy: 92.40, data load time: 0.14842, step time: 0.06215
epoch: [3], step: [1834/9255], batch loss: 0.15575, batch accuracy: 80.87, data load time: 0.17378, step time: 0.06416
epoch: [3], step: [1934/9255], batch loss: 0.13174, batch accuracy: 91.11, data load time: 0.11488, step time: 0.06137
epoch: [3], step: [2034/9255], batch loss: 0.16285, batch accuracy: 91.63, data load time: 0.17628, step time: 0.06504
epoch: [3], step: [2134/9255], batch loss: 0.14542, batch accuracy: 92.56, data load time: 0.18029, step time: 0.06488
epoch: [3], step: [2234/9255], batch loss: 0.17156, batch accuracy: 84.08, data load time: 0.14805, step time: 0.06648
epoch: [3], step: [2334/9255], batch loss: 0.14070, batch accuracy: 89.91, data load time: 0.16514, step time: 0.06433
epoch: [3], step: [2434/9255], batch loss: 0.15848, batch accuracy: 75.96, data load time: 0.12909, step time: 0.06189
epoch: [3], step: [2534/9255], batch loss: 0.12287, batch accuracy: 89.24, data load time: 0.15701, step time: 0.05861
epoch: [3], step: [2634/9255], batch loss: 0.19864, batch accuracy: 83.10, data load time: 0.13936, step time: 0.06523
epoch: [3], step: [2734/9255], batch loss: 0.16695, batch accuracy: 75.48, data load time: 0.11762, step time: 0.05841
epoch: [3], step: [2834/9255], batch loss: 0.19601, batch accuracy: 84.50, data load time: 0.13660, step time: 0.06284
epoch: [3], step: [2934/9255], batch loss: 0.16430, batch accuracy: 88.72, data load time: 0.16319, step time: 0.06392
epoch: [3], step: [3034/9255], batch loss: 0.15162, batch accuracy: 89.79, data load time: 0.11256, step time: 0.06206
epoch: [3], step: [3134/9255], batch loss: 0.12480, batch accuracy: 88.68, data load time: 0.13753, step time: 0.05964
epoch: [3], step: [3234/9255], batch loss: 0.17066, batch accuracy: 80.59, data load time: 0.12870, step time: 0.06217
epoch: [3], step: [3334/9255], batch loss: 0.16500, batch accuracy: 95.25, data load time: 0.16124, step time: 0.06196
epoch: [3], step: [3434/9255], batch loss: 0.14273, batch accuracy: 88.26, data load time: 0.16826, step time: 0.05977
epoch: [3], step: [3534/9255], batch loss: 0.13907, batch accuracy: 90.45, data load time: 0.13743, step time: 0.06349
epoch: [3], step: [3634/9255], batch loss: 0.11095, batch accuracy: 94.11, data load time: 0.12796, step time: 0.06207
epoch: [3], step: [3734/9255], batch loss: 0.22055, batch accuracy: 78.12, data load time: 0.15391, step time: 0.06569
epoch: [3], step: [3834/9255], batch loss: 0.26919, batch accuracy: 79.88, data load time: 0.16981, step time: 0.06808
epoch: [3], step: [3934/9255], batch loss: 0.20055, batch accuracy: 87.04, data load time: 0.17920, step time: 0.06520
epoch: [3], step: [4034/9255], batch loss: 0.18350, batch accuracy: 82.68, data load time: 0.19422, step time: 0.06082
epoch: [3], step: [4134/9255], batch loss: 0.14589, batch accuracy: 90.51, data load time: 0.18639, step time: 0.06337
epoch: [3], step: [4234/9255], batch loss: 0.18938, batch accuracy: 89.02, data load time: 0.11738, step time: 0.06418
epoch: [3], step: [4334/9255], batch loss: 0.16503, batch accuracy: 91.73, data load time: 0.15591, step time: 0.06205
epoch: [3], step: [4434/9255], batch loss: 0.16397, batch accuracy: 92.06, data load time: 0.15907, step time: 0.06424
epoch: [3], step: [4534/9255], batch loss: 0.16999, batch accuracy: 76.25, data load time: 0.18338, step time: 0.06281
epoch: [3], step: [4634/9255], batch loss: 0.14945, batch accuracy: 82.79, data load time: 0.14387, step time: 0.05978
epoch: [3], step: [4734/9255], batch loss: 0.13108, batch accuracy: 95.12, data load time: 0.15131, step time: 0.05812
epoch: [3], step: [4834/9255], batch loss: 0.13279, batch accuracy: 89.38, data load time: 0.14901, step time: 0.05891
epoch: [3], step: [4934/9255], batch loss: 0.21360, batch accuracy: 76.34, data load time: 0.18170, step time: 0.06284
epoch: [3], step: [5034/9255], batch loss: 0.14136, batch accuracy: 86.49, data load time: 0.15558, step time: 0.06082
epoch: [3], step: [5134/9255], batch loss: 0.15408, batch accuracy: 84.61, data load time: 0.13571, step time: 0.06344
epoch: [3], step: [5234/9255], batch loss: 0.16302, batch accuracy: 84.42, data load time: 0.15460, step time: 0.06318
epoch: [3], step: [5334/9255], batch loss: 0.16513, batch accuracy: 87.82, data load time: 0.14672, step time: 0.06355
epoch: [3], step: [5434/9255], batch loss: 0.19226, batch accuracy: 80.93, data load time: 0.16278, step time: 0.06427
epoch: [3], step: [5534/9255], batch loss: 0.12143, batch accuracy: 93.42, data load time: 0.13761, step time: 0.06270
epoch: [3], step: [5634/9255], batch loss: 0.12593, batch accuracy: 94.24, data load time: 0.13161, step time: 0.06399
epoch: [3], step: [5734/9255], batch loss: 0.14663, batch accuracy: 90.10, data load time: 0.17473, step time: 0.06147
epoch: [3], step: [5834/9255], batch loss: 0.14752, batch accuracy: 90.92, data load time: 0.17216, step time: 0.06214
epoch: [3], step: [5934/9255], batch loss: 0.15838, batch accuracy: 91.28, data load time: 0.12465, step time: 0.06363
epoch: [3], step: [6034/9255], batch loss: 0.17241, batch accuracy: 91.24, data load time: 0.12951, step time: 0.06782
epoch: [3], step: [6134/9255], batch loss: 0.20634, batch accuracy: 83.39, data load time: 0.18036, step time: 0.06714
epoch: [3], step: [6234/9255], batch loss: 0.15771, batch accuracy: 88.72, data load time: 0.12063, step time: 0.06468
epoch: [3], step: [6334/9255], batch loss: 0.17327, batch accuracy: 87.47, data load time: 0.17057, step time: 0.06357
epoch: [3], step: [6434/9255], batch loss: 0.14056, batch accuracy: 89.04, data load time: 0.16010, step time: 0.06483
epoch: [3], step: [6534/9255], batch loss: 0.22760, batch accuracy: 85.91, data load time: 0.13294, step time: 0.07070
epoch: [3], step: [6634/9255], batch loss: 0.13398, batch accuracy: 93.43, data load time: 0.15982, step time: 0.06645
epoch: [3], step: [6734/9255], batch loss: 0.15359, batch accuracy: 77.63, data load time: 0.12765, step time: 0.05906
epoch: [3], step: [6834/9255], batch loss: 0.09843, batch accuracy: 97.18, data load time: 0.14201, step time: 0.05982
epoch: [3], step: [6934/9255], batch loss: 0.20462, batch accuracy: 80.11, data load time: 0.12827, step time: 0.06640
epoch: [3], step: [7034/9255], batch loss: 0.14945, batch accuracy: 89.44, data load time: 0.13445, step time: 0.06070
epoch: [3], step: [7134/9255], batch loss: 0.13811, batch accuracy: 88.78, data load time: 0.13296, step time: 0.06126
epoch: [3], step: [7234/9255], batch loss: 0.20417, batch accuracy: 79.65, data load time: 0.15863, step time: 0.06509
epoch: [3], step: [7334/9255], batch loss: 0.20925, batch accuracy: 77.23, data load time: 0.16905, step time: 0.06414
epoch: [3], step: [7434/9255], batch loss: 0.17292, batch accuracy: 85.17, data load time: 0.16214, step time: 0.06421
epoch: [3], step: [7534/9255], batch loss: 0.15916, batch accuracy: 85.71, data load time: 0.19420, step time: 0.06281
epoch: [3], step: [7634/9255], batch loss: 0.15251, batch accuracy: 85.38, data load time: 0.14151, step time: 0.06216
epoch: [3], step: [7734/9255], batch loss: 0.13271, batch accuracy: 88.07, data load time: 0.15413, step time: 0.06213
epoch: [3], step: [7834/9255], batch loss: 0.13284, batch accuracy: 91.94, data load time: 0.13260, step time: 0.06221
epoch: [3], step: [7934/9255], batch loss: 0.16440, batch accuracy: 82.69, data load time: 0.19510, step time: 0.06069
epoch: [3], step: [8034/9255], batch loss: 0.16576, batch accuracy: 90.19, data load time: 0.14713, step time: 0.06202
epoch: [3], step: [8134/9255], batch loss: 0.14781, batch accuracy: 84.35, data load time: 0.16116, step time: 0.05999
epoch: [3], step: [8234/9255], batch loss: 0.13388, batch accuracy: 90.80, data load time: 0.13491, step time: 0.06199
epoch: [3], step: [8334/9255], batch loss: 0.21328, batch accuracy: 78.42, data load time: 0.18627, step time: 0.06502
epoch: [3], step: [8434/9255], batch loss: 0.10855, batch accuracy: 93.46, data load time: 0.16191, step time: 0.05923
epoch: [3], step: [8534/9255], batch loss: 0.16319, batch accuracy: 79.83, data load time: 0.15638, step time: 0.06368
epoch: [3], step: [8634/9255], batch loss: 0.14430, batch accuracy: 91.74, data load time: 0.18475, step time: 0.06460
epoch: [3], step: [8734/9255], batch loss: 0.14303, batch accuracy: 92.74, data load time: 0.15818, step time: 0.06200
epoch: [3], step: [8834/9255], batch loss: 0.16312, batch accuracy: 85.09, data load time: 0.13078, step time: 0.06213
epoch: [3], step: [8934/9255], batch loss: 0.17652, batch accuracy: 85.49, data load time: 0.16298, step time: 0.06500
epoch: [3], step: [9034/9255], batch loss: 0.15975, batch accuracy: 87.59, data load time: 0.15962, step time: 0.06434
epoch: [3], step: [9134/9255], batch loss: 0.20027, batch accuracy: 88.87, data load time: 0.13686, step time: 0.06512
epoch: [3], step: [9234/9255], batch loss: 0.13666, batch accuracy: 94.45, data load time: 0.15498, step time: 0.06064
EVALUATION METRICS:
-------------------------------------------------------------

Validation AUC Score: 0.8623

-------------------------------------------------------------
validation loss: 0.14966, accuracy: 86.23
