Loading data from trainSpec_dataset
Loading data from valSpec_dataset
Loading data from testSpec_dataset
Writing logs to logs/CNN_sgd_momentum=0.5_learning_rate=0.2_conv_length=256_conv_stride=256_batch_size=10_epochs=20_weight_decay=1e-05_model=ChunkResCNN1_op=adam_dropout=0.5_run_0
epoch: [0], step: [99/1543], batch loss: 0.21104, batch accuracy: 66.88, data load time: 0.20978, step time: 0.10235
epoch: [0], step: [199/1543], batch loss: 0.25253, batch accuracy: 59.67, data load time: 0.17831, step time: 0.10329
epoch: [0], step: [299/1543], batch loss: 0.24871, batch accuracy: 65.49, data load time: 0.17646, step time: 0.10192
epoch: [0], step: [399/1543], batch loss: 0.20819, batch accuracy: 61.95, data load time: 0.13855, step time: 0.10252
epoch: [0], step: [499/1543], batch loss: 0.18872, batch accuracy: 69.58, data load time: 0.17976, step time: 0.10329
epoch: [0], step: [599/1543], batch loss: 0.24012, batch accuracy: 72.86, data load time: 0.19319, step time: 0.10632
epoch: [0], step: [699/1543], batch loss: 0.21773, batch accuracy: 77.09, data load time: 0.18054, step time: 0.10656
epoch: [0], step: [799/1543], batch loss: 0.24975, batch accuracy: 70.05, data load time: 0.17602, step time: 0.10735
epoch: [0], step: [899/1543], batch loss: 0.22120, batch accuracy: 63.40, data load time: 0.08501, step time: 0.10385
epoch: [0], step: [999/1543], batch loss: 0.18125, batch accuracy: 73.09, data load time: 0.14929, step time: 0.10088
epoch: [0], step: [1099/1543], batch loss: 0.14399, batch accuracy: 83.92, data load time: 0.13906, step time: 0.09879
epoch: [0], step: [1199/1543], batch loss: 0.22943, batch accuracy: 78.13, data load time: 0.14894, step time: 0.10543
epoch: [0], step: [1299/1543], batch loss: 0.22031, batch accuracy: 65.91, data load time: 0.15461, step time: 0.10552
epoch: [0], step: [1399/1543], batch loss: 0.14840, batch accuracy: 82.12, data load time: 0.15439, step time: 0.10252
epoch: [0], step: [1499/1543], batch loss: 0.16172, batch accuracy: 78.46, data load time: 0.16331, step time: 0.09624
EVALUATION METRICS:
-------------------------------------------------------------

Validation AUC Score: 0.6746

-------------------------------------------------------------
validation loss: 0.44950, accuracy: 67.46
epoch: [1], step: [56/1543], batch loss: 0.16795, batch accuracy: 83.22, data load time: 0.05064, step time: 0.10243
epoch: [1], step: [156/1543], batch loss: 0.21024, batch accuracy: 64.79, data load time: 0.07127, step time: 0.10178
epoch: [1], step: [256/1543], batch loss: 0.18336, batch accuracy: 67.80, data load time: 0.17351, step time: 0.09781
epoch: [1], step: [356/1543], batch loss: 0.21541, batch accuracy: 68.20, data load time: 0.13083, step time: 0.10211
epoch: [1], step: [456/1543], batch loss: 0.16157, batch accuracy: 79.14, data load time: 0.13736, step time: 0.09890
epoch: [1], step: [556/1543], batch loss: 0.17775, batch accuracy: 73.78, data load time: 0.07196, step time: 0.10279
epoch: [1], step: [656/1543], batch loss: 0.19440, batch accuracy: 67.84, data load time: 0.08146, step time: 0.10169
epoch: [1], step: [756/1543], batch loss: 0.19431, batch accuracy: 81.41, data load time: 0.16257, step time: 0.10568
epoch: [1], step: [856/1543], batch loss: 0.15336, batch accuracy: 71.08, data load time: 0.24692, step time: 0.09862
epoch: [1], step: [956/1543], batch loss: 0.17563, batch accuracy: 86.95, data load time: 0.09416, step time: 0.10182
epoch: [1], step: [1056/1543], batch loss: 0.15882, batch accuracy: 80.03, data load time: 0.13172, step time: 0.10096
epoch: [1], step: [1156/1543], batch loss: 0.15792, batch accuracy: 86.11, data load time: 0.12943, step time: 0.10359
epoch: [1], step: [1256/1543], batch loss: 0.23768, batch accuracy: 84.70, data load time: 0.14744, step time: 0.10542
epoch: [1], step: [1356/1543], batch loss: 0.18427, batch accuracy: 69.03, data load time: 0.20374, step time: 0.09976
epoch: [1], step: [1456/1543], batch loss: 0.22162, batch accuracy: 65.54, data load time: 0.17110, step time: 0.10474
EVALUATION METRICS:
-------------------------------------------------------------

Validation AUC Score: 0.7714

-------------------------------------------------------------
validation loss: 0.19634, accuracy: 77.14
epoch: [2], step: [13/1543], batch loss: 0.17274, batch accuracy: 85.43, data load time: 0.02785, step time: 0.09940
epoch: [2], step: [113/1543], batch loss: 0.15341, batch accuracy: 88.00, data load time: 0.07872, step time: 0.10761
epoch: [2], step: [213/1543], batch loss: 0.23448, batch accuracy: 64.64, data load time: 0.06449, step time: 0.10624
epoch: [2], step: [313/1543], batch loss: 0.16747, batch accuracy: 86.97, data load time: 0.04785, step time: 0.10261
epoch: [2], step: [413/1543], batch loss: 0.22415, batch accuracy: 69.32, data load time: 0.03662, step time: 0.10036
epoch: [2], step: [513/1543], batch loss: 0.20621, batch accuracy: 79.55, data load time: 0.11067, step time: 0.10319
epoch: [2], step: [613/1543], batch loss: 0.17948, batch accuracy: 85.15, data load time: 0.13472, step time: 0.10177
epoch: [2], step: [713/1543], batch loss: 0.18213, batch accuracy: 88.38, data load time: 0.11036, step time: 0.10708
epoch: [2], step: [813/1543], batch loss: 0.14007, batch accuracy: 87.62, data load time: 0.12529, step time: 0.10102
epoch: [2], step: [913/1543], batch loss: 0.16843, batch accuracy: 86.34, data load time: 0.10646, step time: 0.10550
epoch: [2], step: [1013/1543], batch loss: 0.19264, batch accuracy: 90.92, data load time: 0.11889, step time: 0.10314
epoch: [2], step: [1113/1543], batch loss: 0.14635, batch accuracy: 86.88, data load time: 0.15891, step time: 0.10169
epoch: [2], step: [1213/1543], batch loss: 0.14520, batch accuracy: 82.47, data load time: 0.18984, step time: 0.10167
epoch: [2], step: [1313/1543], batch loss: 0.19520, batch accuracy: 83.73, data load time: 0.18089, step time: 0.10338
epoch: [2], step: [1413/1543], batch loss: 0.25535, batch accuracy: 64.34, data load time: 0.13968, step time: 0.10476
epoch: [2], step: [1513/1543], batch loss: 0.21916, batch accuracy: 75.51, data load time: 0.11868, step time: 0.10312
EVALUATION METRICS:
-------------------------------------------------------------

Validation AUC Score: 0.7961

-------------------------------------------------------------
validation loss: 0.22437, accuracy: 79.61
epoch: [3], step: [70/1543], batch loss: 0.15687, batch accuracy: 78.87, data load time: 0.04535, step time: 0.10251
epoch: [3], step: [170/1543], batch loss: 0.18219, batch accuracy: 86.46, data load time: 0.05886, step time: 0.10245
epoch: [3], step: [270/1543], batch loss: 0.15388, batch accuracy: 81.36, data load time: 0.12850, step time: 0.10302
epoch: [3], step: [370/1543], batch loss: 0.14830, batch accuracy: 84.40, data load time: 0.06255, step time: 0.09949
epoch: [3], step: [470/1543], batch loss: 0.19333, batch accuracy: 76.62, data load time: 0.12041, step time: 0.10247
epoch: [3], step: [570/1543], batch loss: 0.12863, batch accuracy: 90.68, data load time: 0.16386, step time: 0.10232
epoch: [3], step: [670/1543], batch loss: 0.16535, batch accuracy: 79.18, data load time: 0.12236, step time: 0.10510
epoch: [3], step: [770/1543], batch loss: 0.19251, batch accuracy: 86.58, data load time: 0.13342, step time: 0.10788
epoch: [3], step: [870/1543], batch loss: 0.17630, batch accuracy: 76.78, data load time: 0.12584, step time: 0.10488
epoch: [3], step: [970/1543], batch loss: 0.17022, batch accuracy: 69.72, data load time: 0.09280, step time: 0.10208
epoch: [3], step: [1070/1543], batch loss: 0.21572, batch accuracy: 81.84, data load time: 0.12236, step time: 0.10185
epoch: [3], step: [1170/1543], batch loss: 0.12498, batch accuracy: 76.91, data load time: 0.21529, step time: 0.09788
epoch: [3], step: [1270/1543], batch loss: 0.22487, batch accuracy: 64.78, data load time: 0.15907, step time: 0.10565
epoch: [3], step: [1370/1543], batch loss: 0.15158, batch accuracy: 86.34, data load time: 0.16811, step time: 0.10122
epoch: [3], step: [1470/1543], batch loss: 0.19844, batch accuracy: 80.78, data load time: 0.13793, step time: 0.10642
Epoch 00004: reducing learning rate of group 0 to 2.5000e-04.
EVALUATION METRICS:
-------------------------------------------------------------

Validation AUC Score: 0.7917

-------------------------------------------------------------
validation loss: 0.42909, accuracy: 79.17
epoch: [4], step: [27/1543], batch loss: 0.14065, batch accuracy: 77.39, data load time: 0.08366, step time: 0.10133
epoch: [4], step: [127/1543], batch loss: 0.20941, batch accuracy: 76.68, data load time: 0.06871, step time: 0.10420
epoch: [4], step: [227/1543], batch loss: 0.19642, batch accuracy: 67.40, data load time: 0.07057, step time: 0.09805
epoch: [4], step: [327/1543], batch loss: 0.19292, batch accuracy: 78.10, data load time: 0.03368, step time: 0.10401
epoch: [4], step: [427/1543], batch loss: 0.18970, batch accuracy: 82.68, data load time: 0.09503, step time: 0.10398
epoch: [4], step: [527/1543], batch loss: 0.16106, batch accuracy: 85.00, data load time: 0.09738, step time: 0.10428
epoch: [4], step: [627/1543], batch loss: 0.16835, batch accuracy: 84.66, data load time: 0.09342, step time: 0.10333
epoch: [4], step: [727/1543], batch loss: 0.15712, batch accuracy: 73.94, data load time: 0.13554, step time: 0.09957
epoch: [4], step: [827/1543], batch loss: 0.15316, batch accuracy: 88.13, data load time: 0.15617, step time: 0.10488
epoch: [4], step: [927/1543], batch loss: 0.25202, batch accuracy: 71.18, data load time: 0.12460, step time: 0.10436
epoch: [4], step: [1027/1543], batch loss: 0.18566, batch accuracy: 88.10, data load time: 0.14158, step time: 0.10334
epoch: [4], step: [1127/1543], batch loss: 0.20952, batch accuracy: 83.73, data load time: 0.13460, step time: 0.10564
epoch: [4], step: [1227/1543], batch loss: 0.15472, batch accuracy: 85.77, data load time: 0.12924, step time: 0.10105
epoch: [4], step: [1327/1543], batch loss: 0.22129, batch accuracy: 71.74, data load time: 0.17750, step time: 0.10401
epoch: [4], step: [1427/1543], batch loss: 0.14265, batch accuracy: 83.81, data load time: 0.20279, step time: 0.09952
epoch: [4], step: [1527/1543], batch loss: 0.17508, batch accuracy: 90.13, data load time: 0.11655, step time: 0.10536
EVALUATION METRICS:
-------------------------------------------------------------

Validation AUC Score: 0.8136

-------------------------------------------------------------
validation loss: 0.28637, accuracy: 81.36
epoch: [5], step: [84/1543], batch loss: 0.20063, batch accuracy: 83.52, data load time: 0.09530, step time: 0.10394
epoch: [5], step: [184/1543], batch loss: 0.17623, batch accuracy: 76.13, data load time: 0.04125, step time: 0.10388
epoch: [5], step: [284/1543], batch loss: 0.18810, batch accuracy: 81.95, data load time: 0.07326, step time: 0.10767
epoch: [5], step: [384/1543], batch loss: 0.21306, batch accuracy: 73.82, data load time: 0.11039, step time: 0.10484
epoch: [5], step: [484/1543], batch loss: 0.18811, batch accuracy: 85.77, data load time: 0.16293, step time: 0.10402
epoch: [5], step: [584/1543], batch loss: 0.20406, batch accuracy: 83.38, data load time: 0.06388, step time: 0.10555
epoch: [5], step: [684/1543], batch loss: 0.15297, batch accuracy: 83.81, data load time: 0.11716, step time: 0.10188
epoch: [5], step: [784/1543], batch loss: 0.17809, batch accuracy: 82.79, data load time: 0.15648, step time: 0.10195
epoch: [5], step: [884/1543], batch loss: 0.13461, batch accuracy: 88.72, data load time: 0.16256, step time: 0.10186
epoch: [5], step: [984/1543], batch loss: 0.20890, batch accuracy: 84.30, data load time: 0.16653, step time: 0.10782
epoch: [5], step: [1084/1543], batch loss: 0.18809, batch accuracy: 82.17, data load time: 0.11101, step time: 0.10341
epoch: [5], step: [1184/1543], batch loss: 0.22627, batch accuracy: 82.54, data load time: 0.13893, step time: 0.10776
epoch: [5], step: [1284/1543], batch loss: 0.09974, batch accuracy: 96.19, data load time: 0.16487, step time: 0.09491
epoch: [5], step: [1384/1543], batch loss: 0.15965, batch accuracy: 82.91, data load time: 0.14689, step time: 0.10104
epoch: [5], step: [1484/1543], batch loss: 0.22095, batch accuracy: 73.74, data load time: 0.11517, step time: 0.10409
EVALUATION METRICS:
-------------------------------------------------------------

Validation AUC Score: 0.8175

-------------------------------------------------------------
validation loss: 0.25121, accuracy: 81.75
epoch: [6], step: [41/1543], batch loss: 0.20589, batch accuracy: 80.40, data load time: 0.05770, step time: 0.10645
epoch: [6], step: [141/1543], batch loss: 0.13856, batch accuracy: 83.12, data load time: 0.11933, step time: 0.10175
epoch: [6], step: [241/1543], batch loss: 0.17374, batch accuracy: 84.25, data load time: 0.08667, step time: 0.10333
epoch: [6], step: [341/1543], batch loss: 0.17919, batch accuracy: 78.21, data load time: 0.12580, step time: 0.09963
epoch: [6], step: [441/1543], batch loss: 0.22303, batch accuracy: 79.50, data load time: 0.10272, step time: 0.10622
epoch: [6], step: [541/1543], batch loss: 0.14644, batch accuracy: 82.82, data load time: 0.11537, step time: 0.10341
epoch: [6], step: [641/1543], batch loss: 0.19618, batch accuracy: 73.39, data load time: 0.11119, step time: 0.10492
epoch: [6], step: [741/1543], batch loss: 0.14567, batch accuracy: 79.45, data load time: 0.09343, step time: 0.10068
epoch: [6], step: [841/1543], batch loss: 0.17011, batch accuracy: 80.98, data load time: 0.11258, step time: 0.10331
epoch: [6], step: [941/1543], batch loss: 0.16344, batch accuracy: 83.73, data load time: 0.15450, step time: 0.10307
epoch: [6], step: [1041/1543], batch loss: 0.20189, batch accuracy: 86.37, data load time: 0.10749, step time: 0.10806
epoch: [6], step: [1141/1543], batch loss: 0.19563, batch accuracy: 87.34, data load time: 0.12713, step time: 0.10705
epoch: [6], step: [1241/1543], batch loss: 0.15836, batch accuracy: 89.11, data load time: 0.16667, step time: 0.10259
epoch: [6], step: [1341/1543], batch loss: 0.14713, batch accuracy: 80.36, data load time: 0.14591, step time: 0.10045
epoch: [6], step: [1441/1543], batch loss: 0.15355, batch accuracy: 80.77, data load time: 0.17375, step time: 0.10028
epoch: [6], step: [1541/1543], batch loss: 0.12229, batch accuracy: 90.83, data load time: 0.15629, step time: 0.10099
Epoch 00007: reducing learning rate of group 0 to 1.2500e-05.
EVALUATION METRICS:
-------------------------------------------------------------

Validation AUC Score: 0.8132

-------------------------------------------------------------
validation loss: 0.45024, accuracy: 81.32
epoch: [7], step: [98/1543], batch loss: 0.18339, batch accuracy: 88.29, data load time: 0.05472, step time: 0.10407
epoch: [7], step: [198/1543], batch loss: 0.14616, batch accuracy: 91.75, data load time: 0.10275, step time: 0.10486
epoch: [7], step: [298/1543], batch loss: 0.12194, batch accuracy: 86.84, data load time: 0.10878, step time: 0.10342
epoch: [7], step: [398/1543], batch loss: 0.13834, batch accuracy: 83.56, data load time: 0.09241, step time: 0.09802
epoch: [7], step: [498/1543], batch loss: 0.16884, batch accuracy: 79.41, data load time: 0.11854, step time: 0.10188
epoch: [7], step: [598/1543], batch loss: 0.15721, batch accuracy: 91.01, data load time: 0.12263, step time: 0.10492
epoch: [7], step: [698/1543], batch loss: 0.12651, batch accuracy: 85.97, data load time: 0.09152, step time: 0.09882
epoch: [7], step: [798/1543], batch loss: 0.20313, batch accuracy: 81.99, data load time: 0.11038, step time: 0.10501
epoch: [7], step: [898/1543], batch loss: 0.20278, batch accuracy: 86.45, data load time: 0.13850, step time: 0.10630
epoch: [7], step: [998/1543], batch loss: 0.18697, batch accuracy: 75.32, data load time: 0.13551, step time: 0.10191
epoch: [7], step: [1098/1543], batch loss: 0.13824, batch accuracy: 88.93, data load time: 0.13461, step time: 0.10165
epoch: [7], step: [1198/1543], batch loss: 0.13225, batch accuracy: 93.47, data load time: 0.17340, step time: 0.10293
epoch: [7], step: [1298/1543], batch loss: 0.16760, batch accuracy: 82.87, data load time: 0.11651, step time: 0.10326
epoch: [7], step: [1398/1543], batch loss: 0.15134, batch accuracy: 85.72, data load time: 0.11927, step time: 0.10157
epoch: [7], step: [1498/1543], batch loss: 0.24044, batch accuracy: 60.04, data load time: 0.14692, step time: 0.10408
EVALUATION METRICS:
-------------------------------------------------------------

Validation AUC Score: 0.8230

-------------------------------------------------------------
validation loss: 0.24363, accuracy: 82.30
epoch: [8], step: [55/1543], batch loss: 0.15590, batch accuracy: 90.82, data load time: 0.06315, step time: 0.10391
epoch: [8], step: [155/1543], batch loss: 0.18549, batch accuracy: 91.66, data load time: 0.06870, step time: 0.10566
epoch: [8], step: [255/1543], batch loss: 0.13227, batch accuracy: 82.04, data load time: 0.06887, step time: 0.09777
epoch: [8], step: [355/1543], batch loss: 0.17080, batch accuracy: 84.20, data load time: 0.07080, step time: 0.10169
epoch: [8], step: [455/1543], batch loss: 0.17494, batch accuracy: 87.52, data load time: 0.13803, step time: 0.10313
epoch: [8], step: [555/1543], batch loss: 0.15348, batch accuracy: 90.04, data load time: 0.19079, step time: 0.10590
epoch: [8], step: [655/1543], batch loss: 0.20187, batch accuracy: 87.41, data load time: 0.08953, step time: 0.10834
epoch: [8], step: [755/1543], batch loss: 0.16719, batch accuracy: 91.96, data load time: 0.11763, step time: 0.10390
epoch: [8], step: [855/1543], batch loss: 0.16178, batch accuracy: 90.99, data load time: 0.20267, step time: 0.10034
epoch: [8], step: [955/1543], batch loss: 0.20107, batch accuracy: 88.20, data load time: 0.11448, step time: 0.10762
epoch: [8], step: [1055/1543], batch loss: 0.17430, batch accuracy: 79.94, data load time: 0.11619, step time: 0.10117
epoch: [8], step: [1155/1543], batch loss: 0.17024, batch accuracy: 87.50, data load time: 0.07877, step time: 0.10323
epoch: [8], step: [1255/1543], batch loss: 0.15662, batch accuracy: 88.64, data load time: 0.09922, step time: 0.10323
epoch: [8], step: [1355/1543], batch loss: 0.17976, batch accuracy: 82.93, data load time: 0.11264, step time: 0.10605
epoch: [8], step: [1455/1543], batch loss: 0.13378, batch accuracy: 89.51, data load time: 0.17762, step time: 0.10089
EVALUATION METRICS:
-------------------------------------------------------------

Validation AUC Score: 0.8242

-------------------------------------------------------------
validation loss: 0.24516, accuracy: 82.42
epoch: [9], step: [12/1543], batch loss: 0.17547, batch accuracy: 82.27, data load time: 0.10151, step time: 0.10568
epoch: [9], step: [112/1543], batch loss: 0.18594, batch accuracy: 84.44, data load time: 0.07021, step time: 0.10727
epoch: [9], step: [212/1543], batch loss: 0.15136, batch accuracy: 85.17, data load time: 0.06238, step time: 0.10228
epoch: [9], step: [312/1543], batch loss: 0.15072, batch accuracy: 89.24, data load time: 0.07768, step time: 0.10256
epoch: [9], step: [412/1543], batch loss: 0.20944, batch accuracy: 80.77, data load time: 0.05996, step time: 0.10471
epoch: [9], step: [512/1543], batch loss: 0.12214, batch accuracy: 84.40, data load time: 0.08255, step time: 0.09675
epoch: [9], step: [612/1543], batch loss: 0.18246, batch accuracy: 72.41, data load time: 0.10593, step time: 0.10334
epoch: [9], step: [712/1543], batch loss: 0.21571, batch accuracy: 69.62, data load time: 0.13773, step time: 0.10333
epoch: [9], step: [812/1543], batch loss: 0.13523, batch accuracy: 92.93, data load time: 0.09162, step time: 0.10288
epoch: [9], step: [912/1543], batch loss: 0.17375, batch accuracy: 83.83, data load time: 0.14912, step time: 0.10408
epoch: [9], step: [1012/1543], batch loss: 0.18660, batch accuracy: 77.81, data load time: 0.16334, step time: 0.10182
epoch: [9], step: [1112/1543], batch loss: 0.10747, batch accuracy: 94.84, data load time: 0.19025, step time: 0.09968
epoch: [9], step: [1212/1543], batch loss: 0.14204, batch accuracy: 90.40, data load time: 0.13964, step time: 0.10404
epoch: [9], step: [1312/1543], batch loss: 0.14519, batch accuracy: 85.45, data load time: 0.15847, step time: 0.10179
epoch: [9], step: [1412/1543], batch loss: 0.16077, batch accuracy: 85.76, data load time: 0.13188, step time: 0.10280
epoch: [9], step: [1512/1543], batch loss: 0.14855, batch accuracy: 91.37, data load time: 0.13450, step time: 0.10035
EVALUATION METRICS:
-------------------------------------------------------------

Validation AUC Score: 0.8254

-------------------------------------------------------------
validation loss: 0.32025, accuracy: 82.54
epoch: [10], step: [69/1543], batch loss: 0.16275, batch accuracy: 84.88, data load time: 0.06561, step time: 0.10385
epoch: [10], step: [169/1543], batch loss: 0.15913, batch accuracy: 79.96, data load time: 0.04143, step time: 0.10373
epoch: [10], step: [269/1543], batch loss: 0.13250, batch accuracy: 89.35, data load time: 0.06757, step time: 0.10321
epoch: [10], step: [369/1543], batch loss: 0.14432, batch accuracy: 93.42, data load time: 0.09033, step time: 0.10099
epoch: [10], step: [469/1543], batch loss: 0.17947, batch accuracy: 81.52, data load time: 0.16373, step time: 0.10177
epoch: [10], step: [569/1543], batch loss: 0.16552, batch accuracy: 89.48, data load time: 0.06916, step time: 0.10154
epoch: [10], step: [669/1543], batch loss: 0.19355, batch accuracy: 79.27, data load time: 0.10375, step time: 0.10492
epoch: [10], step: [769/1543], batch loss: 0.17201, batch accuracy: 83.03, data load time: 0.13265, step time: 0.10688
epoch: [10], step: [869/1543], batch loss: 0.15986, batch accuracy: 86.88, data load time: 0.08916, step time: 0.10327
epoch: [10], step: [969/1543], batch loss: 0.21275, batch accuracy: 63.80, data load time: 0.16493, step time: 0.10534
epoch: [10], step: [1069/1543], batch loss: 0.16674, batch accuracy: 85.42, data load time: 0.10819, step time: 0.10708
epoch: [10], step: [1169/1543], batch loss: 0.21140, batch accuracy: 82.82, data load time: 0.17149, step time: 0.10533
epoch: [10], step: [1269/1543], batch loss: 0.19141, batch accuracy: 76.92, data load time: 0.10010, step time: 0.10625
epoch: [10], step: [1369/1543], batch loss: 0.16093, batch accuracy: 87.57, data load time: 0.10108, step time: 0.10398
epoch: [10], step: [1469/1543], batch loss: 0.21117, batch accuracy: 81.16, data load time: 0.17212, step time: 0.10491
EVALUATION METRICS:
-------------------------------------------------------------

Validation AUC Score: 0.8251

-------------------------------------------------------------
validation loss: 0.24540, accuracy: 82.51
epoch: [11], step: [26/1543], batch loss: 0.14627, batch accuracy: 83.67, data load time: 0.03542, step time: 0.10016
epoch: [11], step: [126/1543], batch loss: 0.20108, batch accuracy: 80.47, data load time: 0.04022, step time: 0.10556
epoch: [11], step: [226/1543], batch loss: 0.14735, batch accuracy: 85.61, data load time: 0.10340, step time: 0.10465
epoch: [11], step: [326/1543], batch loss: 0.15221, batch accuracy: 82.95, data load time: 0.14243, step time: 0.10393
epoch: [11], step: [426/1543], batch loss: 0.14285, batch accuracy: 86.61, data load time: 0.08315, step time: 0.10193
epoch: [11], step: [526/1543], batch loss: 0.13733, batch accuracy: 89.50, data load time: 0.07539, step time: 0.10635
epoch: [11], step: [626/1543], batch loss: 0.14855, batch accuracy: 93.02, data load time: 0.08678, step time: 0.10330
epoch: [11], step: [726/1543], batch loss: 0.13960, batch accuracy: 93.68, data load time: 0.09784, step time: 0.10388
epoch: [11], step: [826/1543], batch loss: 0.15807, batch accuracy: 84.79, data load time: 0.13698, step time: 0.10488
epoch: [11], step: [926/1543], batch loss: 0.17659, batch accuracy: 86.74, data load time: 0.20926, step time: 0.10407
epoch: [11], step: [1026/1543], batch loss: 0.18157, batch accuracy: 84.59, data load time: 0.11731, step time: 0.10272
epoch: [11], step: [1126/1543], batch loss: 0.18451, batch accuracy: 82.66, data load time: 0.13109, step time: 0.10262
epoch: [11], step: [1226/1543], batch loss: 0.15659, batch accuracy: 87.04, data load time: 0.12070, step time: 0.10250
epoch: [11], step: [1326/1543], batch loss: 0.16215, batch accuracy: 85.94, data load time: 0.18893, step time: 0.10250
epoch: [11], step: [1426/1543], batch loss: 0.18153, batch accuracy: 75.60, data load time: 0.16647, step time: 0.10248
epoch: [11], step: [1526/1543], batch loss: 0.23812, batch accuracy: 69.63, data load time: 0.11296, step time: 0.10394
EVALUATION METRICS:
-------------------------------------------------------------

Validation AUC Score: 0.8140

-------------------------------------------------------------
validation loss: 0.62912, accuracy: 81.40
epoch: [12], step: [83/1543], batch loss: 0.19773, batch accuracy: 78.41, data load time: 0.05109, step time: 0.10562
epoch: [12], step: [183/1543], batch loss: 0.23964, batch accuracy: 80.28, data load time: 0.06676, step time: 0.10803
epoch: [12], step: [283/1543], batch loss: 0.13479, batch accuracy: 83.30, data load time: 0.06943, step time: 0.10168
epoch: [12], step: [383/1543], batch loss: 0.16372, batch accuracy: 82.10, data load time: 0.07885, step time: 0.10554
epoch: [12], step: [483/1543], batch loss: 0.16940, batch accuracy: 85.31, data load time: 0.08462, step time: 0.10398
epoch: [12], step: [583/1543], batch loss: 0.18214, batch accuracy: 80.39, data load time: 0.10979, step time: 0.10354
epoch: [12], step: [683/1543], batch loss: 0.15852, batch accuracy: 87.08, data load time: 0.16424, step time: 0.10078
epoch: [12], step: [783/1543], batch loss: 0.13927, batch accuracy: 84.05, data load time: 0.16778, step time: 0.09862
epoch: [12], step: [883/1543], batch loss: 0.21317, batch accuracy: 88.39, data load time: 0.14310, step time: 0.10684
epoch: [12], step: [983/1543], batch loss: 0.19954, batch accuracy: 72.34, data load time: 0.11230, step time: 0.10479
epoch: [12], step: [1083/1543], batch loss: 0.18478, batch accuracy: 82.22, data load time: 0.12594, step time: 0.10497
epoch: [12], step: [1183/1543], batch loss: 0.18019, batch accuracy: 86.94, data load time: 0.18940, step time: 0.10532
epoch: [12], step: [1283/1543], batch loss: 0.13649, batch accuracy: 89.83, data load time: 0.11524, step time: 0.10034
epoch: [12], step: [1383/1543], batch loss: 0.14723, batch accuracy: 89.76, data load time: 0.11950, step time: 0.10564
epoch: [12], step: [1483/1543], batch loss: 0.17392, batch accuracy: 79.02, data load time: 0.17996, step time: 0.10337
Epoch 00013: reducing learning rate of group 0 to 6.2500e-07.
EVALUATION METRICS:
-------------------------------------------------------------

Validation AUC Score: 0.8309

-------------------------------------------------------------
validation loss: 0.20990, accuracy: 83.09
epoch: [13], step: [40/1543], batch loss: 0.18136, batch accuracy: 83.81, data load time: 0.10206, step time: 0.10328
epoch: [13], step: [140/1543], batch loss: 0.17125, batch accuracy: 91.42, data load time: 0.20228, step time: 0.10853
epoch: [13], step: [240/1543], batch loss: 0.19508, batch accuracy: 63.61, data load time: 0.09462, step time: 0.10178
epoch: [13], step: [340/1543], batch loss: 0.13559, batch accuracy: 89.49, data load time: 0.10214, step time: 0.10468
epoch: [13], step: [440/1543], batch loss: 0.25197, batch accuracy: 85.42, data load time: 0.07556, step time: 0.10869
epoch: [13], step: [540/1543], batch loss: 0.19500, batch accuracy: 89.43, data load time: 0.06545, step time: 0.10546
epoch: [13], step: [640/1543], batch loss: 0.17185, batch accuracy: 88.82, data load time: 0.12361, step time: 0.10701
epoch: [13], step: [740/1543], batch loss: 0.19666, batch accuracy: 82.17, data load time: 0.10239, step time: 0.10636
epoch: [13], step: [840/1543], batch loss: 0.15477, batch accuracy: 86.28, data load time: 0.14320, step time: 0.10320
epoch: [13], step: [940/1543], batch loss: 0.13646, batch accuracy: 91.87, data load time: 0.16314, step time: 0.10326
epoch: [13], step: [1040/1543], batch loss: 0.23298, batch accuracy: 71.67, data load time: 0.09388, step time: 0.10386
epoch: [13], step: [1140/1543], batch loss: 0.15731, batch accuracy: 77.28, data load time: 0.15403, step time: 0.10019
epoch: [13], step: [1240/1543], batch loss: 0.14182, batch accuracy: 91.48, data load time: 0.23020, step time: 0.09879
epoch: [13], step: [1340/1543], batch loss: 0.13874, batch accuracy: 88.16, data load time: 0.09920, step time: 0.10026
epoch: [13], step: [1440/1543], batch loss: 0.14868, batch accuracy: 78.25, data load time: 0.14223, step time: 0.09718
epoch: [13], step: [1540/1543], batch loss: 0.20500, batch accuracy: 83.43, data load time: 0.20666, step time: 0.10845
EVALUATION METRICS:
-------------------------------------------------------------

Validation AUC Score: 0.8287

-------------------------------------------------------------
validation loss: 0.23524, accuracy: 82.87
epoch: [14], step: [97/1543], batch loss: 0.20846, batch accuracy: 83.31, data load time: 0.10355, step time: 0.11345
epoch: [14], step: [197/1543], batch loss: 0.18753, batch accuracy: 73.41, data load time: 0.09356, step time: 0.10175
epoch: [14], step: [297/1543], batch loss: 0.13684, batch accuracy: 92.75, data load time: 0.02368, step time: 0.09967
epoch: [14], step: [397/1543], batch loss: 0.16653, batch accuracy: 84.36, data load time: 0.12501, step time: 0.10042
epoch: [14], step: [497/1543], batch loss: 0.21468, batch accuracy: 88.02, data load time: 0.12491, step time: 0.10573
epoch: [14], step: [597/1543], batch loss: 0.21766, batch accuracy: 77.50, data load time: 0.12561, step time: 0.10706
epoch: [14], step: [697/1543], batch loss: 0.16582, batch accuracy: 82.27, data load time: 0.18392, step time: 0.10412
epoch: [14], step: [797/1543], batch loss: 0.20162, batch accuracy: 81.81, data load time: 0.07062, step time: 0.10471
epoch: [14], step: [897/1543], batch loss: 0.17011, batch accuracy: 76.07, data load time: 0.11645, step time: 0.10319
epoch: [14], step: [997/1543], batch loss: 0.17934, batch accuracy: 89.37, data load time: 0.15842, step time: 0.10621
epoch: [14], step: [1097/1543], batch loss: 0.12038, batch accuracy: 89.22, data load time: 0.14944, step time: 0.10155
epoch: [14], step: [1197/1543], batch loss: 0.14907, batch accuracy: 82.51, data load time: 0.14454, step time: 0.09843
epoch: [14], step: [1297/1543], batch loss: 0.16951, batch accuracy: 93.15, data load time: 0.13383, step time: 0.10472
epoch: [14], step: [1397/1543], batch loss: 0.20420, batch accuracy: 87.84, data load time: 0.15074, step time: 0.10153
epoch: [14], step: [1497/1543], batch loss: 0.14944, batch accuracy: 88.93, data load time: 0.14298, step time: 0.10072
EVALUATION METRICS:
-------------------------------------------------------------

Validation AUC Score: 0.8306

-------------------------------------------------------------
validation loss: 0.22290, accuracy: 83.06
epoch: [15], step: [54/1543], batch loss: 0.17416, batch accuracy: 82.75, data load time: 0.03195, step time: 0.10394
epoch: [15], step: [154/1543], batch loss: 0.14171, batch accuracy: 82.40, data load time: 0.12219, step time: 0.10194
epoch: [15], step: [254/1543], batch loss: 0.19995, batch accuracy: 73.97, data load time: 0.08249, step time: 0.10240
epoch: [15], step: [354/1543], batch loss: 0.13515, batch accuracy: 87.94, data load time: 0.10710, step time: 0.10237
epoch: [15], step: [454/1543], batch loss: 0.17591, batch accuracy: 80.85, data load time: 0.08220, step time: 0.10094
epoch: [15], step: [554/1543], batch loss: 0.12827, batch accuracy: 92.42, data load time: 0.14334, step time: 0.10403
epoch: [15], step: [654/1543], batch loss: 0.16129, batch accuracy: 74.59, data load time: 0.09779, step time: 0.09941
epoch: [15], step: [754/1543], batch loss: 0.13439, batch accuracy: 84.62, data load time: 0.10677, step time: 0.10413
epoch: [15], step: [854/1543], batch loss: 0.13856, batch accuracy: 89.57, data load time: 0.14938, step time: 0.10174
epoch: [15], step: [954/1543], batch loss: 0.13095, batch accuracy: 88.81, data load time: 0.16267, step time: 0.10258
epoch: [15], step: [1054/1543], batch loss: 0.19796, batch accuracy: 73.57, data load time: 0.14510, step time: 0.10270
epoch: [15], step: [1154/1543], batch loss: 0.19539, batch accuracy: 72.91, data load time: 0.16580, step time: 0.10089
epoch: [15], step: [1254/1543], batch loss: 0.13941, batch accuracy: 88.90, data load time: 0.13659, step time: 0.10006
epoch: [15], step: [1354/1543], batch loss: 0.19847, batch accuracy: 84.98, data load time: 0.13413, step time: 0.10631
epoch: [15], step: [1454/1543], batch loss: 0.21636, batch accuracy: 85.53, data load time: 0.21266, step time: 0.10679
EVALUATION METRICS:
-------------------------------------------------------------

Validation AUC Score: 0.8323

-------------------------------------------------------------
validation loss: 0.22000, accuracy: 83.23
epoch: [16], step: [11/1543], batch loss: 0.17938, batch accuracy: 92.80, data load time: 0.05355, step time: 0.10605
epoch: [16], step: [111/1543], batch loss: 0.16938, batch accuracy: 78.92, data load time: 0.08841, step time: 0.10471
epoch: [16], step: [211/1543], batch loss: 0.24505, batch accuracy: 73.89, data load time: 0.05477, step time: 0.10689
epoch: [16], step: [311/1543], batch loss: 0.21327, batch accuracy: 70.23, data load time: 0.11070, step time: 0.10603
epoch: [16], step: [411/1543], batch loss: 0.13882, batch accuracy: 90.77, data load time: 0.09562, step time: 0.10096
epoch: [16], step: [511/1543], batch loss: 0.15970, batch accuracy: 92.36, data load time: 0.11868, step time: 0.10703
epoch: [16], step: [611/1543], batch loss: 0.22614, batch accuracy: 88.19, data load time: 0.09289, step time: 0.11227
epoch: [16], step: [711/1543], batch loss: 0.17065, batch accuracy: 87.32, data load time: 0.09337, step time: 0.10440
epoch: [16], step: [811/1543], batch loss: 0.20907, batch accuracy: 90.17, data load time: 0.12807, step time: 0.10629
epoch: [16], step: [911/1543], batch loss: 0.18451, batch accuracy: 83.83, data load time: 0.17630, step time: 0.10371
epoch: [16], step: [1011/1543], batch loss: 0.15945, batch accuracy: 87.25, data load time: 0.12863, step time: 0.10377
epoch: [16], step: [1111/1543], batch loss: 0.15814, batch accuracy: 80.54, data load time: 0.13989, step time: 0.09767
epoch: [16], step: [1211/1543], batch loss: 0.20900, batch accuracy: 76.35, data load time: 0.17049, step time: 0.10153
epoch: [16], step: [1311/1543], batch loss: 0.16363, batch accuracy: 79.07, data load time: 0.23801, step time: 0.10075
epoch: [16], step: [1411/1543], batch loss: 0.15301, batch accuracy: 86.63, data load time: 0.15958, step time: 0.10148
epoch: [16], step: [1511/1543], batch loss: 0.16555, batch accuracy: 88.98, data load time: 0.15318, step time: 0.10375
EVALUATION METRICS:
-------------------------------------------------------------

Validation AUC Score: 0.8244

-------------------------------------------------------------
validation loss: 0.17824, accuracy: 82.44
epoch: [17], step: [68/1543], batch loss: 0.15606, batch accuracy: 86.30, data load time: 0.04972, step time: 0.10395
epoch: [17], step: [168/1543], batch loss: 0.13592, batch accuracy: 87.76, data load time: 0.07294, step time: 0.09935
epoch: [17], step: [268/1543], batch loss: 0.16085, batch accuracy: 83.51, data load time: 0.02467, step time: 0.10138
epoch: [17], step: [368/1543], batch loss: 0.16271, batch accuracy: 87.42, data load time: 0.04159, step time: 0.10229
epoch: [17], step: [468/1543], batch loss: 0.18325, batch accuracy: 86.32, data load time: 0.13125, step time: 0.10529
epoch: [17], step: [568/1543], batch loss: 0.18768, batch accuracy: 90.15, data load time: 0.10354, step time: 0.10911
epoch: [17], step: [668/1543], batch loss: 0.18194, batch accuracy: 79.20, data load time: 0.08570, step time: 0.10320
epoch: [17], step: [768/1543], batch loss: 0.19872, batch accuracy: 80.51, data load time: 0.18042, step time: 0.10616
epoch: [17], step: [868/1543], batch loss: 0.15039, batch accuracy: 83.30, data load time: 0.13807, step time: 0.10096
epoch: [17], step: [968/1543], batch loss: 0.15545, batch accuracy: 81.08, data load time: 0.09698, step time: 0.10081
epoch: [17], step: [1068/1543], batch loss: 0.22568, batch accuracy: 80.27, data load time: 0.14775, step time: 0.10687
epoch: [17], step: [1168/1543], batch loss: 0.18182, batch accuracy: 87.28, data load time: 0.11744, step time: 0.10600
epoch: [17], step: [1268/1543], batch loss: 0.24294, batch accuracy: 71.50, data load time: 0.12581, step time: 0.10461
epoch: [17], step: [1368/1543], batch loss: 0.21699, batch accuracy: 78.17, data load time: 0.13935, step time: 0.10395
epoch: [17], step: [1468/1543], batch loss: 0.13655, batch accuracy: 90.63, data load time: 0.12830, step time: 0.10471
Epoch 00018: reducing learning rate of group 0 to 3.1250e-08.
EVALUATION METRICS:
-------------------------------------------------------------

Validation AUC Score: 0.8321

-------------------------------------------------------------
validation loss: 0.22484, accuracy: 83.21
epoch: [18], step: [25/1543], batch loss: 0.14853, batch accuracy: 84.66, data load time: 0.03032, step time: 0.10245
epoch: [18], step: [125/1543], batch loss: 0.18299, batch accuracy: 80.37, data load time: 0.07819, step time: 0.10348
epoch: [18], step: [225/1543], batch loss: 0.16043, batch accuracy: 92.67, data load time: 0.09869, step time: 0.10842
epoch: [18], step: [325/1543], batch loss: 0.20833, batch accuracy: 70.91, data load time: 0.05605, step time: 0.10424
epoch: [18], step: [425/1543], batch loss: 0.18459, batch accuracy: 88.29, data load time: 0.13146, step time: 0.10556
epoch: [18], step: [525/1543], batch loss: 0.16724, batch accuracy: 74.25, data load time: 0.08004, step time: 0.10314
epoch: [18], step: [625/1543], batch loss: 0.13720, batch accuracy: 83.91, data load time: 0.10823, step time: 0.09720
epoch: [18], step: [725/1543], batch loss: 0.18059, batch accuracy: 81.90, data load time: 0.11603, step time: 0.10670
epoch: [18], step: [825/1543], batch loss: 0.12678, batch accuracy: 92.08, data load time: 0.13677, step time: 0.10269
epoch: [18], step: [925/1543], batch loss: 0.16450, batch accuracy: 88.77, data load time: 0.13980, step time: 0.10375
epoch: [18], step: [1025/1543], batch loss: 0.21968, batch accuracy: 73.87, data load time: 0.16672, step time: 0.10756
epoch: [18], step: [1125/1543], batch loss: 0.18537, batch accuracy: 74.06, data load time: 0.13014, step time: 0.10308
epoch: [18], step: [1225/1543], batch loss: 0.19973, batch accuracy: 80.90, data load time: 0.13368, step time: 0.10382
epoch: [18], step: [1325/1543], batch loss: 0.17609, batch accuracy: 88.47, data load time: 0.14169, step time: 0.10615
epoch: [18], step: [1425/1543], batch loss: 0.16413, batch accuracy: 75.00, data load time: 0.14577, step time: 0.10239
epoch: [18], step: [1525/1543], batch loss: 0.19681, batch accuracy: 87.13, data load time: 0.20381, step time: 0.10763
EVALUATION METRICS:
-------------------------------------------------------------

Validation AUC Score: 0.8270

-------------------------------------------------------------
validation loss: 0.22798, accuracy: 82.70
epoch: [19], step: [82/1543], batch loss: 0.18233, batch accuracy: 83.91, data load time: 0.03236, step time: 0.10546
epoch: [19], step: [182/1543], batch loss: 0.18843, batch accuracy: 85.88, data load time: 0.05807, step time: 0.10484
epoch: [19], step: [282/1543], batch loss: 0.15963, batch accuracy: 87.04, data load time: 0.06433, step time: 0.10253
epoch: [19], step: [382/1543], batch loss: 0.15711, batch accuracy: 85.48, data load time: 0.11892, step time: 0.10778
epoch: [19], step: [482/1543], batch loss: 0.19556, batch accuracy: 84.21, data load time: 0.12471, step time: 0.10380
epoch: [19], step: [582/1543], batch loss: 0.15196, batch accuracy: 80.13, data load time: 0.07523, step time: 0.10165
epoch: [19], step: [682/1543], batch loss: 0.18603, batch accuracy: 84.83, data load time: 0.08945, step time: 0.10840
epoch: [19], step: [782/1543], batch loss: 0.22145, batch accuracy: 88.63, data load time: 0.14966, step time: 0.11275
epoch: [19], step: [882/1543], batch loss: 0.14135, batch accuracy: 88.06, data load time: 0.12539, step time: 0.10264
epoch: [19], step: [982/1543], batch loss: 0.15047, batch accuracy: 85.40, data load time: 0.11173, step time: 0.10245
epoch: [19], step: [1082/1543], batch loss: 0.20406, batch accuracy: 84.11, data load time: 0.12012, step time: 0.10614
epoch: [19], step: [1182/1543], batch loss: 0.23637, batch accuracy: 68.14, data load time: 0.12927, step time: 0.10367
epoch: [19], step: [1282/1543], batch loss: 0.15879, batch accuracy: 75.12, data load time: 0.12319, step time: 0.10004
epoch: [19], step: [1382/1543], batch loss: 0.15113, batch accuracy: 84.84, data load time: 0.20994, step time: 0.10245
epoch: [19], step: [1482/1543], batch loss: 0.19425, batch accuracy: 85.58, data load time: 0.12273, step time: 0.10848
EVALUATION METRICS:
-------------------------------------------------------------

Validation AUC Score: 0.8283

-------------------------------------------------------------
validation loss: 0.25341, accuracy: 82.83
EVALUATION METRICS:
-------------------------------------------------------------

Test AUC Score: 0.8339, Class Labels: ambient: 0.8851, baroque: 0.9008, bass: 0.7413, beat: 0.9112, cello: 0.8193, chant: 0.8913, choir: 0.9384, classical: 0.8346, country: 0.8582, dance: 0.9387, drum: 0.7928, eastern: 0.8215, electro: 0.8267, fast: 0.8075, female: 0.8135, flute: 0.8351, folk: 0.8022, foreign: 0.8387, guitar: 0.7936, hard: 0.8025, harp: 0.8601, harpsichord: 0.9675, heavy: 0.9669, india: 0.7902, jazz: 0.8612, loud: 0.8671, male: 0.7992, modern: 0.8171, new age: 0.8187, no beat: 0.6889, no piano: 0.6582, no singer: 0.6142, opera: 0.9314, orchestra: 0.9021, piano: 0.8566, pop: 0.8855, quiet: 0.8682, rock: 0.9721, singer: 0.8035, sitar: 0.8122, slow: 0.7898, soft: 0.8174, solo: 0.8217, strange: 0.7248, string: 0.7841, synth: 0.7632, techno: 0.9281, trance: 0.8786, violin: 0.8194, vocal: 0.7752

-------------------------------------------------------------
validation loss: 0.92629, accuracy: 83.39
