Loading data from /mnt/storage/scratch/ee20947/MagnaTagATune/annotations/train.pkl...
Loading data from /mnt/storage/scratch/ee20947/MagnaTagATune/annotations/train.pkl...
Loading data from /mnt/storage/scratch/ee20947/MagnaTagATune/annotations/val.pkl...
Loading data from /mnt/storage/scratch/ee20947/MagnaTagATune/annotations/test.pkl...
Writing logs to logs/CNN_sgd_momentum=0.95_learning_rate=0.07_conv_length=256_conv_stride=256_weight_decay=1e-05_run_0
epoch: [0], step: [99/1543], batch loss: 0.22177, batch accuracy: 58.35, data load time: 0.14332, step time: 0.03361
epoch: [0], step: [199/1543], batch loss: 0.24858, batch accuracy: 63.89, data load time: 0.22874, step time: 0.03426
epoch: [0], step: [299/1543], batch loss: 0.17879, batch accuracy: 62.32, data load time: 0.19090, step time: 0.03143
epoch: [0], step: [399/1543], batch loss: 0.22944, batch accuracy: 63.11, data load time: 0.17480, step time: 0.03358
epoch: [0], step: [499/1543], batch loss: 0.24483, batch accuracy: 77.61, data load time: 0.12745, step time: 0.03716
epoch: [0], step: [599/1543], batch loss: 0.16625, batch accuracy: 69.32, data load time: 0.21182, step time: 0.02933
epoch: [0], step: [699/1543], batch loss: 0.22747, batch accuracy: 68.07, data load time: 0.20804, step time: 0.03634
epoch: [0], step: [799/1543], batch loss: 0.19002, batch accuracy: 78.70, data load time: 0.22123, step time: 0.03300
epoch: [0], step: [899/1543], batch loss: 0.20253, batch accuracy: 76.94, data load time: 0.15637, step time: 0.03485
epoch: [0], step: [999/1543], batch loss: 0.24320, batch accuracy: 71.71, data load time: 0.21724, step time: 0.03439
epoch: [0], step: [1099/1543], batch loss: 0.17724, batch accuracy: 85.70, data load time: 0.21343, step time: 0.03630
epoch: [0], step: [1199/1543], batch loss: 0.22961, batch accuracy: 74.11, data load time: 0.20789, step time: 0.03289
epoch: [0], step: [1299/1543], batch loss: 0.19759, batch accuracy: 67.12, data load time: 0.19450, step time: 0.03154
epoch: [0], step: [1399/1543], batch loss: 0.19735, batch accuracy: 60.05, data load time: 0.19759, step time: 0.03149
epoch: [0], step: [1499/1543], batch loss: 0.19977, batch accuracy: 59.80, data load time: 0.24937, step time: 0.03009
epoch: [1], step: [56/1543], batch loss: 0.17245, batch accuracy: 78.34, data load time: 0.12549, step time: 0.03217
epoch: [1], step: [156/1543], batch loss: 0.22441, batch accuracy: 78.87, data load time: 0.09189, step time: 0.03446
epoch: [1], step: [256/1543], batch loss: 0.15597, batch accuracy: 79.36, data load time: 0.11248, step time: 0.02969
epoch: [1], step: [356/1543], batch loss: 0.19032, batch accuracy: 72.35, data load time: 0.11981, step time: 0.03515
epoch: [1], step: [456/1543], batch loss: 0.18370, batch accuracy: 74.37, data load time: 0.12445, step time: 0.03159
epoch: [1], step: [556/1543], batch loss: 0.15761, batch accuracy: 82.86, data load time: 0.13308, step time: 0.03154
epoch: [1], step: [656/1543], batch loss: 0.19033, batch accuracy: 74.40, data load time: 0.11846, step time: 0.03370
epoch: [1], step: [756/1543], batch loss: 0.20924, batch accuracy: 83.96, data load time: 0.18232, step time: 0.03525
epoch: [1], step: [856/1543], batch loss: 0.19191, batch accuracy: 75.36, data load time: 0.20818, step time: 0.03375
epoch: [1], step: [956/1543], batch loss: 0.19020, batch accuracy: 79.89, data load time: 0.26117, step time: 0.03220
epoch: [1], step: [1056/1543], batch loss: 0.15396, batch accuracy: 74.11, data load time: 0.13465, step time: 0.03032
epoch: [1], step: [1156/1543], batch loss: 0.19627, batch accuracy: 79.42, data load time: 0.16258, step time: 0.03796
epoch: [1], step: [1256/1543], batch loss: 0.18103, batch accuracy: 79.76, data load time: 0.19189, step time: 0.03461
epoch: [1], step: [1356/1543], batch loss: 0.15560, batch accuracy: 77.24, data load time: 0.14445, step time: 0.02949
epoch: [1], step: [1456/1543], batch loss: 0.28156, batch accuracy: 73.00, data load time: 0.09535, step time: 0.03528
epoch: [2], step: [13/1543], batch loss: 0.16490, batch accuracy: 86.75, data load time: 0.11084, step time: 0.03387
epoch: [2], step: [113/1543], batch loss: 0.16533, batch accuracy: 80.62, data load time: 0.07023, step time: 0.02899
epoch: [2], step: [213/1543], batch loss: 0.17434, batch accuracy: 73.50, data load time: 0.09025, step time: 0.03326
epoch: [2], step: [313/1543], batch loss: 0.23228, batch accuracy: 75.02, data load time: 0.15728, step time: 0.03735
epoch: [2], step: [413/1543], batch loss: 0.20545, batch accuracy: 73.80, data load time: 0.12476, step time: 0.03116
epoch: [2], step: [513/1543], batch loss: 0.23881, batch accuracy: 70.49, data load time: 0.07960, step time: 0.03375
epoch: [2], step: [613/1543], batch loss: 0.17654, batch accuracy: 78.98, data load time: 0.18741, step time: 0.03383
epoch: [2], step: [713/1543], batch loss: 0.31889, batch accuracy: 73.70, data load time: 0.22820, step time: 0.04086
epoch: [2], step: [813/1543], batch loss: 0.24629, batch accuracy: 69.59, data load time: 0.14076, step time: 0.03596
epoch: [2], step: [913/1543], batch loss: 0.16621, batch accuracy: 78.63, data load time: 0.17917, step time: 0.03309
epoch: [2], step: [1013/1543], batch loss: 0.24900, batch accuracy: 78.94, data load time: 0.12268, step time: 0.03731
epoch: [2], step: [1113/1543], batch loss: 0.17207, batch accuracy: 86.12, data load time: 0.18123, step time: 0.03306
epoch: [2], step: [1213/1543], batch loss: 0.24282, batch accuracy: 77.63, data load time: 0.15438, step time: 0.04120
epoch: [2], step: [1313/1543], batch loss: 0.16065, batch accuracy: 72.95, data load time: 0.19327, step time: 0.03305
epoch: [2], step: [1413/1543], batch loss: 0.22081, batch accuracy: 79.94, data load time: 0.21144, step time: 0.03580
epoch: [2], step: [1513/1543], batch loss: 0.19005, batch accuracy: 69.39, data load time: 0.15365, step time: 0.03161
epoch: [3], step: [70/1543], batch loss: 0.17390, batch accuracy: 88.84, data load time: 0.09014, step time: 0.03113
epoch: [3], step: [170/1543], batch loss: 0.21037, batch accuracy: 81.41, data load time: 0.05625, step time: 0.03599
epoch: [3], step: [270/1543], batch loss: 0.14352, batch accuracy: 84.16, data load time: 0.14217, step time: 0.02889
epoch: [3], step: [370/1543], batch loss: 0.19782, batch accuracy: 76.16, data load time: 0.07093, step time: 0.03602
epoch: [3], step: [470/1543], batch loss: 0.18564, batch accuracy: 82.80, data load time: 0.15799, step time: 0.03679
epoch: [3], step: [570/1543], batch loss: 0.17796, batch accuracy: 75.52, data load time: 0.16731, step time: 0.03531
epoch: [3], step: [670/1543], batch loss: 0.20410, batch accuracy: 76.15, data load time: 0.14632, step time: 0.03505
epoch: [3], step: [770/1543], batch loss: 0.23323, batch accuracy: 71.75, data load time: 0.13384, step time: 0.03458
epoch: [3], step: [870/1543], batch loss: 0.20602, batch accuracy: 76.22, data load time: 0.12820, step time: 0.03606
epoch: [3], step: [970/1543], batch loss: 0.14539, batch accuracy: 83.20, data load time: 0.20992, step time: 0.02686
epoch: [3], step: [1070/1543], batch loss: 0.17039, batch accuracy: 78.81, data load time: 0.15865, step time: 0.03317
epoch: [3], step: [1170/1543], batch loss: 0.23073, batch accuracy: 67.89, data load time: 0.16146, step time: 0.03531
epoch: [3], step: [1270/1543], batch loss: 0.22083, batch accuracy: 74.38, data load time: 0.20270, step time: 0.03102
epoch: [3], step: [1370/1543], batch loss: 0.13704, batch accuracy: 90.05, data load time: 0.20071, step time: 0.03045
epoch: [3], step: [1470/1543], batch loss: 0.20462, batch accuracy: 79.33, data load time: 0.17018, step time: 0.03543
epoch: [4], step: [27/1543], batch loss: 0.20169, batch accuracy: 71.33, data load time: 0.12184, step time: 0.03652
epoch: [4], step: [127/1543], batch loss: 0.17879, batch accuracy: 82.72, data load time: 0.14817, step time: 0.03959
epoch: [4], step: [227/1543], batch loss: 0.16555, batch accuracy: 83.64, data load time: 0.13100, step time: 0.03385
epoch: [4], step: [327/1543], batch loss: 0.16735, batch accuracy: 77.63, data load time: 0.09083, step time: 0.03411
epoch: [4], step: [427/1543], batch loss: 0.15352, batch accuracy: 80.42, data load time: 0.14410, step time: 0.03103
epoch: [4], step: [527/1543], batch loss: 0.14073, batch accuracy: 89.97, data load time: 0.10425, step time: 0.03021
epoch: [4], step: [627/1543], batch loss: 0.15237, batch accuracy: 90.79, data load time: 0.13558, step time: 0.03306
epoch: [4], step: [727/1543], batch loss: 0.18965, batch accuracy: 84.49, data load time: 0.12772, step time: 0.02948
epoch: [4], step: [827/1543], batch loss: 0.15261, batch accuracy: 85.58, data load time: 0.14551, step time: 0.02952
epoch: [4], step: [927/1543], batch loss: 0.19690, batch accuracy: 85.92, data load time: 0.12075, step time: 0.03730
epoch: [4], step: [1027/1543], batch loss: 0.14692, batch accuracy: 79.59, data load time: 0.16351, step time: 0.02807
epoch: [4], step: [1127/1543], batch loss: 0.12986, batch accuracy: 87.69, data load time: 0.18259, step time: 0.02812
epoch: [4], step: [1227/1543], batch loss: 0.17199, batch accuracy: 83.73, data load time: 0.22585, step time: 0.03368
epoch: [4], step: [1327/1543], batch loss: 0.16032, batch accuracy: 84.61, data load time: 0.20492, step time: 0.03131
epoch: [4], step: [1427/1543], batch loss: 0.23180, batch accuracy: 80.09, data load time: 0.17133, step time: 0.03657
epoch: [4], step: [1527/1543], batch loss: 0.18777, batch accuracy: 83.18, data load time: 0.18408, step time: 0.03164
EVALUATION METRICS:
-------------------------------------------------------------

Validation: AUC Score: 0.8060

-------------------------------------------------------------
validation loss: 0.17652, accuracy: 80.60
epoch: [5], step: [84/1543], batch loss: 0.14668, batch accuracy: 78.68, data load time: 0.15706, step time: 0.02939
epoch: [5], step: [184/1543], batch loss: 0.19289, batch accuracy: 82.31, data load time: 0.10762, step time: 0.02949
epoch: [5], step: [284/1543], batch loss: 0.15359, batch accuracy: 79.39, data load time: 0.10684, step time: 0.03091
epoch: [5], step: [384/1543], batch loss: 0.23951, batch accuracy: 80.15, data load time: 0.16141, step time: 0.03665
epoch: [5], step: [484/1543], batch loss: 0.18521, batch accuracy: 70.48, data load time: 0.14564, step time: 0.03007
epoch: [5], step: [584/1543], batch loss: 0.16853, batch accuracy: 75.82, data load time: 0.22242, step time: 0.03072
epoch: [5], step: [684/1543], batch loss: 0.17190, batch accuracy: 80.62, data load time: 0.26499, step time: 0.03295
epoch: [5], step: [784/1543], batch loss: 0.15971, batch accuracy: 84.41, data load time: 0.19964, step time: 0.03096
epoch: [5], step: [884/1543], batch loss: 0.16276, batch accuracy: 81.32, data load time: 0.19476, step time: 0.03231
epoch: [5], step: [984/1543], batch loss: 0.21133, batch accuracy: 69.11, data load time: 0.15678, step time: 0.03222
epoch: [5], step: [1084/1543], batch loss: 0.17179, batch accuracy: 71.13, data load time: 0.22483, step time: 0.03462
epoch: [5], step: [1184/1543], batch loss: 0.15909, batch accuracy: 81.40, data load time: 0.20943, step time: 0.02942
epoch: [5], step: [1284/1543], batch loss: 0.15086, batch accuracy: 73.44, data load time: 0.20711, step time: 0.02866
epoch: [5], step: [1384/1543], batch loss: 0.20099, batch accuracy: 85.42, data load time: 0.16805, step time: 0.03568
epoch: [5], step: [1484/1543], batch loss: 0.12364, batch accuracy: 88.07, data load time: 0.19042, step time: 0.02941
epoch: [6], step: [41/1543], batch loss: 0.16051, batch accuracy: 77.78, data load time: 0.08979, step time: 0.03643
epoch: [6], step: [141/1543], batch loss: 0.15667, batch accuracy: 75.38, data load time: 0.10013, step time: 0.03111
epoch: [6], step: [241/1543], batch loss: 0.14857, batch accuracy: 87.76, data load time: 0.09200, step time: 0.03111
epoch: [6], step: [341/1543], batch loss: 0.15083, batch accuracy: 82.95, data load time: 0.16645, step time: 0.03119
epoch: [6], step: [441/1543], batch loss: 0.19273, batch accuracy: 86.28, data load time: 0.11936, step time: 0.03392
epoch: [6], step: [541/1543], batch loss: 0.21291, batch accuracy: 88.07, data load time: 0.12978, step time: 0.03729
epoch: [6], step: [641/1543], batch loss: 0.15107, batch accuracy: 94.81, data load time: 0.10315, step time: 0.03516
epoch: [6], step: [741/1543], batch loss: 0.12915, batch accuracy: 88.85, data load time: 0.10395, step time: 0.03035
epoch: [6], step: [841/1543], batch loss: 0.22495, batch accuracy: 84.79, data load time: 0.16945, step time: 0.03867
epoch: [6], step: [941/1543], batch loss: 0.18959, batch accuracy: 87.48, data load time: 0.20234, step time: 0.03191
epoch: [6], step: [1041/1543], batch loss: 0.17561, batch accuracy: 80.26, data load time: 0.18914, step time: 0.03678
epoch: [6], step: [1141/1543], batch loss: 0.19319, batch accuracy: 83.33, data load time: 0.15746, step time: 0.03451
epoch: [6], step: [1241/1543], batch loss: 0.17472, batch accuracy: 84.66, data load time: 0.15538, step time: 0.03034
epoch: [6], step: [1341/1543], batch loss: 0.16987, batch accuracy: 82.28, data load time: 0.16110, step time: 0.03020
epoch: [6], step: [1441/1543], batch loss: 0.16217, batch accuracy: 82.55, data load time: 0.18999, step time: 0.03093
epoch: [6], step: [1541/1543], batch loss: 0.14134, batch accuracy: 89.06, data load time: 0.18458, step time: 0.03436
epoch: [7], step: [98/1543], batch loss: 0.19055, batch accuracy: 81.13, data load time: 0.11649, step time: 0.04125
epoch: [7], step: [198/1543], batch loss: 0.13820, batch accuracy: 86.54, data load time: 0.18145, step time: 0.06200
epoch: [7], step: [298/1543], batch loss: 0.17795, batch accuracy: 87.47, data load time: 0.08434, step time: 0.03458
epoch: [7], step: [398/1543], batch loss: 0.16918, batch accuracy: 83.09, data load time: 0.16544, step time: 0.03645
epoch: [7], step: [498/1543], batch loss: 0.17273, batch accuracy: 79.95, data load time: 0.10582, step time: 0.03860
epoch: [7], step: [598/1543], batch loss: 0.18472, batch accuracy: 86.41, data load time: 0.23810, step time: 0.03519
epoch: [7], step: [698/1543], batch loss: 0.15980, batch accuracy: 88.52, data load time: 0.17841, step time: 0.03432
epoch: [7], step: [798/1543], batch loss: 0.16560, batch accuracy: 91.60, data load time: 0.10225, step time: 0.03301
epoch: [7], step: [898/1543], batch loss: 0.20785, batch accuracy: 76.96, data load time: 0.18349, step time: 0.03522
epoch: [7], step: [998/1543], batch loss: 0.20511, batch accuracy: 75.69, data load time: 0.25223, step time: 0.03502
epoch: [7], step: [1098/1543], batch loss: 0.11603, batch accuracy: 87.94, data load time: 0.17725, step time: 0.02901
epoch: [7], step: [1198/1543], batch loss: 0.15694, batch accuracy: 84.62, data load time: 0.22662, step time: 0.03095
epoch: [7], step: [1298/1543], batch loss: 0.17790, batch accuracy: 82.58, data load time: 0.15719, step time: 0.03391
epoch: [7], step: [1398/1543], batch loss: 0.15887, batch accuracy: 82.94, data load time: 0.14838, step time: 0.02950
epoch: [7], step: [1498/1543], batch loss: 0.16828, batch accuracy: 80.42, data load time: 0.16763, step time: 0.03320
epoch: [8], step: [55/1543], batch loss: 0.16301, batch accuracy: 79.69, data load time: 0.07397, step time: 0.03204
epoch: [8], step: [155/1543], batch loss: 0.18466, batch accuracy: 86.11, data load time: 0.18809, step time: 0.03105
epoch: [8], step: [255/1543], batch loss: 0.18555, batch accuracy: 86.75, data load time: 0.13721, step time: 0.03384
epoch: [8], step: [355/1543], batch loss: 0.15935, batch accuracy: 77.96, data load time: 0.11195, step time: 0.03097
epoch: [8], step: [455/1543], batch loss: 0.22475, batch accuracy: 83.70, data load time: 0.17371, step time: 0.03811
epoch: [8], step: [555/1543], batch loss: 0.12867, batch accuracy: 81.75, data load time: 0.16296, step time: 0.02895
epoch: [8], step: [655/1543], batch loss: 0.20715, batch accuracy: 84.98, data load time: 0.11041, step time: 0.03386
epoch: [8], step: [755/1543], batch loss: 0.16591, batch accuracy: 81.15, data load time: 0.18170, step time: 0.02958
epoch: [8], step: [855/1543], batch loss: 0.22433, batch accuracy: 83.51, data load time: 0.21865, step time: 0.03732
epoch: [8], step: [955/1543], batch loss: 0.14351, batch accuracy: 86.02, data load time: 0.25064, step time: 0.02742
epoch: [8], step: [1055/1543], batch loss: 0.15858, batch accuracy: 89.96, data load time: 0.14816, step time: 0.02955
epoch: [8], step: [1155/1543], batch loss: 0.19244, batch accuracy: 77.37, data load time: 0.18244, step time: 0.03646
epoch: [8], step: [1255/1543], batch loss: 0.19005, batch accuracy: 70.80, data load time: 0.23577, step time: 0.03173
epoch: [8], step: [1355/1543], batch loss: 0.14510, batch accuracy: 91.49, data load time: 0.15911, step time: 0.03512
epoch: [8], step: [1455/1543], batch loss: 0.15387, batch accuracy: 77.72, data load time: 0.24898, step time: 0.02820
epoch: [9], step: [12/1543], batch loss: 0.17193, batch accuracy: 74.42, data load time: 0.15817, step time: 0.03280
epoch: [9], step: [112/1543], batch loss: 0.13810, batch accuracy: 85.30, data load time: 0.12993, step time: 0.03167
epoch: [9], step: [212/1543], batch loss: 0.16286, batch accuracy: 78.12, data load time: 0.12450, step time: 0.03401
epoch: [9], step: [312/1543], batch loss: 0.19176, batch accuracy: 82.10, data load time: 0.16560, step time: 0.03456
epoch: [9], step: [412/1543], batch loss: 0.17343, batch accuracy: 80.32, data load time: 0.10182, step time: 0.03242
epoch: [9], step: [512/1543], batch loss: 0.16893, batch accuracy: 85.78, data load time: 0.10529, step time: 0.03238
epoch: [9], step: [612/1543], batch loss: 0.22080, batch accuracy: 79.09, data load time: 0.16704, step time: 0.03444
epoch: [9], step: [712/1543], batch loss: 0.12139, batch accuracy: 95.38, data load time: 0.10153, step time: 0.03382
epoch: [9], step: [812/1543], batch loss: 0.14340, batch accuracy: 90.86, data load time: 0.18770, step time: 0.03372
epoch: [9], step: [912/1543], batch loss: 0.13928, batch accuracy: 78.59, data load time: 0.14037, step time: 0.02973
epoch: [9], step: [1012/1543], batch loss: 0.15335, batch accuracy: 81.84, data load time: 0.19014, step time: 0.03033
epoch: [9], step: [1112/1543], batch loss: 0.16515, batch accuracy: 84.45, data load time: 0.12594, step time: 0.03455
epoch: [9], step: [1212/1543], batch loss: 0.17852, batch accuracy: 85.68, data load time: 0.17287, step time: 0.03449
epoch: [9], step: [1312/1543], batch loss: 0.16882, batch accuracy: 85.11, data load time: 0.19476, step time: 0.03387
epoch: [9], step: [1412/1543], batch loss: 0.19869, batch accuracy: 81.85, data load time: 0.19525, step time: 0.03733
epoch: [9], step: [1512/1543], batch loss: 0.16022, batch accuracy: 86.60, data load time: 0.19049, step time: 0.03025
EVALUATION METRICS:
-------------------------------------------------------------

Validation: AUC Score: 0.8175

-------------------------------------------------------------
validation loss: 0.16629, accuracy: 81.75
epoch: [10], step: [69/1543], batch loss: 0.17365, batch accuracy: 82.37, data load time: 0.14862, step time: 0.03434
epoch: [10], step: [169/1543], batch loss: 0.17920, batch accuracy: 86.12, data load time: 0.10248, step time: 0.03745
epoch: [10], step: [269/1543], batch loss: 0.18862, batch accuracy: 86.86, data load time: 0.05149, step time: 0.03652
epoch: [10], step: [369/1543], batch loss: 0.15456, batch accuracy: 77.68, data load time: 0.15863, step time: 0.03226
epoch: [10], step: [469/1543], batch loss: 0.15861, batch accuracy: 85.45, data load time: 0.14735, step time: 0.03161
epoch: [10], step: [569/1543], batch loss: 0.19300, batch accuracy: 76.02, data load time: 0.14331, step time: 0.03162
epoch: [10], step: [669/1543], batch loss: 0.13575, batch accuracy: 80.69, data load time: 0.16278, step time: 0.02814
epoch: [10], step: [769/1543], batch loss: 0.18651, batch accuracy: 82.32, data load time: 0.23120, step time: 0.03728
epoch: [10], step: [869/1543], batch loss: 0.18894, batch accuracy: 86.30, data load time: 0.18679, step time: 0.03382
epoch: [10], step: [969/1543], batch loss: 0.16669, batch accuracy: 90.18, data load time: 0.22558, step time: 0.03140
epoch: [10], step: [1069/1543], batch loss: 0.16781, batch accuracy: 81.54, data load time: 0.14307, step time: 0.03154
epoch: [10], step: [1169/1543], batch loss: 0.17049, batch accuracy: 82.88, data load time: 0.21920, step time: 0.03368
epoch: [10], step: [1269/1543], batch loss: 0.12374, batch accuracy: 89.93, data load time: 0.22944, step time: 0.02886
epoch: [10], step: [1369/1543], batch loss: 0.21329, batch accuracy: 83.25, data load time: 0.15808, step time: 0.03655
epoch: [10], step: [1469/1543], batch loss: 0.20200, batch accuracy: 72.21, data load time: 0.18986, step time: 0.03314
epoch: [11], step: [26/1543], batch loss: 0.18460, batch accuracy: 83.36, data load time: 0.05284, step time: 0.03437
epoch: [11], step: [126/1543], batch loss: 0.15641, batch accuracy: 84.37, data load time: 0.12029, step time: 0.02947
epoch: [11], step: [226/1543], batch loss: 0.18532, batch accuracy: 84.31, data load time: 0.08497, step time: 0.03217
epoch: [11], step: [326/1543], batch loss: 0.16743, batch accuracy: 88.98, data load time: 0.11166, step time: 0.03287
epoch: [11], step: [426/1543], batch loss: 0.16414, batch accuracy: 85.47, data load time: 0.05019, step time: 0.03437
epoch: [11], step: [526/1543], batch loss: 0.19752, batch accuracy: 84.20, data load time: 0.19719, step time: 0.03565
epoch: [11], step: [626/1543], batch loss: 0.19203, batch accuracy: 79.69, data load time: 0.12899, step time: 0.03438
epoch: [11], step: [726/1543], batch loss: 0.15118, batch accuracy: 82.74, data load time: 0.14635, step time: 0.03085
epoch: [11], step: [826/1543], batch loss: 0.19759, batch accuracy: 79.89, data load time: 0.21932, step time: 0.03282
epoch: [11], step: [926/1543], batch loss: 0.15998, batch accuracy: 88.65, data load time: 0.15333, step time: 0.03522
epoch: [11], step: [1026/1543], batch loss: 0.16273, batch accuracy: 82.27, data load time: 0.17048, step time: 0.03081
epoch: [11], step: [1126/1543], batch loss: 0.16706, batch accuracy: 86.58, data load time: 0.08171, step time: 0.03517
epoch: [11], step: [1226/1543], batch loss: 0.17493, batch accuracy: 85.82, data load time: 0.20879, step time: 0.03510
epoch: [11], step: [1326/1543], batch loss: 0.19624, batch accuracy: 78.53, data load time: 0.15507, step time: 0.03362
epoch: [11], step: [1426/1543], batch loss: 0.17170, batch accuracy: 81.53, data load time: 0.16721, step time: 0.03016
epoch: [11], step: [1526/1543], batch loss: 0.13513, batch accuracy: 80.96, data load time: 0.16325, step time: 0.03343
epoch: [12], step: [83/1543], batch loss: 0.15327, batch accuracy: 84.30, data load time: 0.06179, step time: 0.03018
epoch: [12], step: [183/1543], batch loss: 0.12587, batch accuracy: 86.56, data load time: 0.16386, step time: 0.03156
epoch: [12], step: [283/1543], batch loss: 0.18574, batch accuracy: 83.69, data load time: 0.08036, step time: 0.03360
epoch: [12], step: [383/1543], batch loss: 0.21905, batch accuracy: 74.34, data load time: 0.11984, step time: 0.03335
epoch: [12], step: [483/1543], batch loss: 0.14187, batch accuracy: 80.51, data load time: 0.14352, step time: 0.02880
epoch: [12], step: [583/1543], batch loss: 0.18002, batch accuracy: 80.88, data load time: 0.11641, step time: 0.03358
epoch: [12], step: [683/1543], batch loss: 0.16901, batch accuracy: 82.13, data load time: 0.16385, step time: 0.03949
epoch: [12], step: [783/1543], batch loss: 0.17335, batch accuracy: 86.73, data load time: 0.16143, step time: 0.03774
epoch: [12], step: [883/1543], batch loss: 0.12345, batch accuracy: 90.95, data load time: 0.15248, step time: 0.02945
epoch: [12], step: [983/1543], batch loss: 0.13885, batch accuracy: 87.41, data load time: 0.09525, step time: 0.02872
epoch: [12], step: [1083/1543], batch loss: 0.14596, batch accuracy: 91.89, data load time: 0.15485, step time: 0.03291
epoch: [12], step: [1183/1543], batch loss: 0.14918, batch accuracy: 78.57, data load time: 0.20810, step time: 0.03240
epoch: [12], step: [1283/1543], batch loss: 0.17430, batch accuracy: 84.19, data load time: 0.19759, step time: 0.03393
epoch: [12], step: [1383/1543], batch loss: 0.14931, batch accuracy: 89.93, data load time: 0.13484, step time: 0.03374
epoch: [12], step: [1483/1543], batch loss: 0.15143, batch accuracy: 83.11, data load time: 0.19037, step time: 0.03310
epoch: [13], step: [40/1543], batch loss: 0.18636, batch accuracy: 86.76, data load time: 0.06724, step time: 0.03802
epoch: [13], step: [140/1543], batch loss: 0.13219, batch accuracy: 88.62, data load time: 0.17310, step time: 0.03664
epoch: [13], step: [240/1543], batch loss: 0.16638, batch accuracy: 76.79, data load time: 0.09717, step time: 0.03019
epoch: [13], step: [340/1543], batch loss: 0.19805, batch accuracy: 82.01, data load time: 0.11195, step time: 0.03597
epoch: [13], step: [440/1543], batch loss: 0.14702, batch accuracy: 79.69, data load time: 0.15071, step time: 0.02805
epoch: [13], step: [540/1543], batch loss: 0.12820, batch accuracy: 89.08, data load time: 0.13518, step time: 0.03091
epoch: [13], step: [640/1543], batch loss: 0.17280, batch accuracy: 90.32, data load time: 0.16672, step time: 0.03889
epoch: [13], step: [740/1543], batch loss: 0.15556, batch accuracy: 92.70, data load time: 0.13721, step time: 0.03584
epoch: [13], step: [840/1543], batch loss: 0.17523, batch accuracy: 76.75, data load time: 0.08910, step time: 0.03037
epoch: [13], step: [940/1543], batch loss: 0.20072, batch accuracy: 83.44, data load time: 0.17454, step time: 0.03493
epoch: [13], step: [1040/1543], batch loss: 0.17716, batch accuracy: 83.70, data load time: 0.17207, step time: 0.03506
epoch: [13], step: [1140/1543], batch loss: 0.15973, batch accuracy: 84.59, data load time: 0.19686, step time: 0.03153
epoch: [13], step: [1240/1543], batch loss: 0.14488, batch accuracy: 82.74, data load time: 0.19104, step time: 0.02885
epoch: [13], step: [1340/1543], batch loss: 0.14096, batch accuracy: 84.50, data load time: 0.17583, step time: 0.03308
epoch: [13], step: [1440/1543], batch loss: 0.15510, batch accuracy: 79.98, data load time: 0.07178, step time: 0.03099
epoch: [13], step: [1540/1543], batch loss: 0.15745, batch accuracy: 90.51, data load time: 0.19804, step time: 0.03433
epoch: [14], step: [97/1543], batch loss: 0.19442, batch accuracy: 81.17, data load time: 0.18181, step time: 0.03509
epoch: [14], step: [197/1543], batch loss: 0.20263, batch accuracy: 84.68, data load time: 0.09505, step time: 0.03821
epoch: [14], step: [297/1543], batch loss: 0.18668, batch accuracy: 80.85, data load time: 0.13237, step time: 0.03436
epoch: [14], step: [397/1543], batch loss: 0.13738, batch accuracy: 84.44, data load time: 0.10906, step time: 0.02958
epoch: [14], step: [497/1543], batch loss: 0.17500, batch accuracy: 80.05, data load time: 0.07468, step time: 0.03366
epoch: [14], step: [597/1543], batch loss: 0.26158, batch accuracy: 61.72, data load time: 0.15596, step time: 0.03571
epoch: [14], step: [697/1543], batch loss: 0.18914, batch accuracy: 89.70, data load time: 0.17229, step time: 0.04238
epoch: [14], step: [797/1543], batch loss: 0.20231, batch accuracy: 77.79, data load time: 0.18059, step time: 0.03243
epoch: [14], step: [897/1543], batch loss: 0.26386, batch accuracy: 80.62, data load time: 0.15934, step time: 0.04280
epoch: [14], step: [997/1543], batch loss: 0.18286, batch accuracy: 75.79, data load time: 0.13173, step time: 0.03159
epoch: [14], step: [1097/1543], batch loss: 0.19520, batch accuracy: 75.35, data load time: 0.15989, step time: 0.03382
epoch: [14], step: [1197/1543], batch loss: 0.14058, batch accuracy: 88.12, data load time: 0.16561, step time: 0.02889
epoch: [14], step: [1297/1543], batch loss: 0.17534, batch accuracy: 81.25, data load time: 0.17851, step time: 0.03233
epoch: [14], step: [1397/1543], batch loss: 0.18076, batch accuracy: 81.56, data load time: 0.15532, step time: 0.03505
epoch: [14], step: [1497/1543], batch loss: 0.14891, batch accuracy: 87.91, data load time: 0.17644, step time: 0.03536
EVALUATION METRICS:
-------------------------------------------------------------

Validation: AUC Score: 0.8201

-------------------------------------------------------------
validation loss: 0.16619, accuracy: 82.01
epoch: [15], step: [54/1543], batch loss: 0.15761, batch accuracy: 86.98, data load time: 0.06413, step time: 0.03408
epoch: [15], step: [154/1543], batch loss: 0.19464, batch accuracy: 81.93, data load time: 0.11057, step time: 0.03554
epoch: [15], step: [254/1543], batch loss: 0.18778, batch accuracy: 86.23, data load time: 0.11666, step time: 0.03442
epoch: [15], step: [354/1543], batch loss: 0.19354, batch accuracy: 87.68, data load time: 0.11465, step time: 0.03239
epoch: [15], step: [454/1543], batch loss: 0.18892, batch accuracy: 83.58, data load time: 0.08328, step time: 0.03659
epoch: [15], step: [554/1543], batch loss: 0.14653, batch accuracy: 89.93, data load time: 0.16393, step time: 0.02898
epoch: [15], step: [654/1543], batch loss: 0.14690, batch accuracy: 75.51, data load time: 0.19463, step time: 0.03103
epoch: [15], step: [754/1543], batch loss: 0.17182, batch accuracy: 84.86, data load time: 0.14039, step time: 0.03310
epoch: [15], step: [854/1543], batch loss: 0.16839, batch accuracy: 82.35, data load time: 0.19535, step time: 0.03033
epoch: [15], step: [954/1543], batch loss: 0.16709, batch accuracy: 88.22, data load time: 0.18003, step time: 0.03515
epoch: [15], step: [1054/1543], batch loss: 0.14850, batch accuracy: 87.35, data load time: 0.16918, step time: 0.02964
epoch: [15], step: [1154/1543], batch loss: 0.20758, batch accuracy: 87.29, data load time: 0.21068, step time: 0.03522
epoch: [15], step: [1254/1543], batch loss: 0.19834, batch accuracy: 77.62, data load time: 0.19263, step time: 0.03175
epoch: [15], step: [1354/1543], batch loss: 0.19386, batch accuracy: 82.68, data load time: 0.18438, step time: 0.03227
epoch: [15], step: [1454/1543], batch loss: 0.13373, batch accuracy: 88.81, data load time: 0.23206, step time: 0.03028
epoch: [16], step: [11/1543], batch loss: 0.14397, batch accuracy: 89.20, data load time: 0.13320, step time: 0.03384
epoch: [16], step: [111/1543], batch loss: 0.14486, batch accuracy: 93.67, data load time: 0.05613, step time: 0.03241
epoch: [16], step: [211/1543], batch loss: 0.17861, batch accuracy: 89.54, data load time: 0.13352, step time: 0.03696
epoch: [16], step: [311/1543], batch loss: 0.17501, batch accuracy: 79.90, data load time: 0.08498, step time: 0.03187
epoch: [16], step: [411/1543], batch loss: 0.16200, batch accuracy: 87.65, data load time: 0.11068, step time: 0.03454
epoch: [16], step: [511/1543], batch loss: 0.18122, batch accuracy: 82.44, data load time: 0.12920, step time: 0.03181
epoch: [16], step: [611/1543], batch loss: 0.17717, batch accuracy: 83.52, data load time: 0.08419, step time: 0.21902
epoch: [16], step: [711/1543], batch loss: 0.16617, batch accuracy: 84.62, data load time: 0.22134, step time: 0.03030
epoch: [16], step: [811/1543], batch loss: 0.24716, batch accuracy: 71.69, data load time: 0.21999, step time: 0.03596
epoch: [16], step: [911/1543], batch loss: 0.16627, batch accuracy: 80.13, data load time: 0.16552, step time: 0.03585
epoch: [16], step: [1011/1543], batch loss: 0.15757, batch accuracy: 85.98, data load time: 0.18376, step time: 0.03164
epoch: [16], step: [1111/1543], batch loss: 0.17259, batch accuracy: 82.42, data load time: 0.13062, step time: 0.03280
epoch: [16], step: [1211/1543], batch loss: 0.15497, batch accuracy: 88.80, data load time: 0.14192, step time: 0.03104
epoch: [16], step: [1311/1543], batch loss: 0.12484, batch accuracy: 83.42, data load time: 0.19339, step time: 0.03171
epoch: [16], step: [1411/1543], batch loss: 0.17057, batch accuracy: 83.50, data load time: 0.14248, step time: 0.03021
epoch: [16], step: [1511/1543], batch loss: 0.18196, batch accuracy: 84.41, data load time: 0.14076, step time: 0.03263
epoch: [17], step: [68/1543], batch loss: 0.14891, batch accuracy: 83.35, data load time: 0.10530, step time: 0.02969
epoch: [17], step: [168/1543], batch loss: 0.20004, batch accuracy: 88.67, data load time: 0.11680, step time: 0.03587
epoch: [17], step: [268/1543], batch loss: 0.16453, batch accuracy: 91.98, data load time: 0.05545, step time: 0.03172
epoch: [17], step: [368/1543], batch loss: 0.15004, batch accuracy: 87.70, data load time: 0.15516, step time: 0.03247
epoch: [17], step: [468/1543], batch loss: 0.24451, batch accuracy: 74.26, data load time: 0.08166, step time: 0.03788
epoch: [17], step: [568/1543], batch loss: 0.20425, batch accuracy: 77.45, data load time: 0.10373, step time: 0.03715
epoch: [17], step: [668/1543], batch loss: 0.18295, batch accuracy: 74.92, data load time: 0.16737, step time: 0.03540
epoch: [17], step: [768/1543], batch loss: 0.16674, batch accuracy: 78.80, data load time: 0.08356, step time: 0.02954
epoch: [17], step: [868/1543], batch loss: 0.18987, batch accuracy: 91.50, data load time: 0.18484, step time: 0.03805
epoch: [17], step: [968/1543], batch loss: 0.20215, batch accuracy: 76.34, data load time: 0.10999, step time: 0.02969
epoch: [17], step: [1068/1543], batch loss: 0.18811, batch accuracy: 84.63, data load time: 0.12403, step time: 0.03857
epoch: [17], step: [1168/1543], batch loss: 0.17415, batch accuracy: 74.52, data load time: 0.16449, step time: 0.03395
epoch: [17], step: [1268/1543], batch loss: 0.12748, batch accuracy: 91.38, data load time: 0.12682, step time: 0.02822
epoch: [17], step: [1368/1543], batch loss: 0.19884, batch accuracy: 80.44, data load time: 0.11575, step time: 0.03609
epoch: [17], step: [1468/1543], batch loss: 0.14176, batch accuracy: 85.08, data load time: 0.12252, step time: 0.03396
epoch: [18], step: [25/1543], batch loss: 0.13069, batch accuracy: 87.71, data load time: 0.06724, step time: 0.02967
epoch: [18], step: [125/1543], batch loss: 0.13071, batch accuracy: 92.47, data load time: 0.12241, step time: 0.03496
epoch: [18], step: [225/1543], batch loss: 0.21011, batch accuracy: 69.36, data load time: 0.10473, step time: 0.03567
epoch: [18], step: [325/1543], batch loss: 0.22309, batch accuracy: 75.55, data load time: 0.10801, step time: 0.03197
epoch: [18], step: [425/1543], batch loss: 0.17744, batch accuracy: 81.43, data load time: 0.03145, step time: 0.03793
epoch: [18], step: [525/1543], batch loss: 0.22443, batch accuracy: 79.10, data load time: 0.13439, step time: 0.03618
epoch: [18], step: [625/1543], batch loss: 0.20066, batch accuracy: 75.36, data load time: 0.15066, step time: 0.03646
epoch: [18], step: [725/1543], batch loss: 0.15936, batch accuracy: 84.44, data load time: 0.17184, step time: 0.03387
epoch: [18], step: [825/1543], batch loss: 0.21242, batch accuracy: 80.49, data load time: 0.12766, step time: 0.03374
epoch: [18], step: [925/1543], batch loss: 0.18885, batch accuracy: 71.71, data load time: 0.12423, step time: 0.03378
epoch: [18], step: [1025/1543], batch loss: 0.16110, batch accuracy: 82.71, data load time: 0.13425, step time: 0.03101
epoch: [18], step: [1125/1543], batch loss: 0.14995, batch accuracy: 83.44, data load time: 0.17730, step time: 0.03167
epoch: [18], step: [1225/1543], batch loss: 0.14884, batch accuracy: 76.47, data load time: 0.17739, step time: 0.03173
epoch: [18], step: [1325/1543], batch loss: 0.14253, batch accuracy: 81.17, data load time: 0.23091, step time: 0.03041
epoch: [18], step: [1425/1543], batch loss: 0.19407, batch accuracy: 87.34, data load time: 0.22062, step time: 0.03661
epoch: [18], step: [1525/1543], batch loss: 0.14967, batch accuracy: 89.80, data load time: 0.18177, step time: 0.03377
epoch: [19], step: [82/1543], batch loss: 0.15820, batch accuracy: 80.03, data load time: 0.08181, step time: 0.03195
epoch: [19], step: [182/1543], batch loss: 0.15754, batch accuracy: 82.78, data load time: 0.09817, step time: 0.03508
epoch: [19], step: [282/1543], batch loss: 0.21812, batch accuracy: 86.66, data load time: 0.10197, step time: 0.03377
epoch: [19], step: [382/1543], batch loss: 0.14296, batch accuracy: 84.51, data load time: 0.10592, step time: 0.03095
epoch: [19], step: [482/1543], batch loss: 0.17747, batch accuracy: 83.99, data load time: 0.11768, step time: 0.03526
epoch: [19], step: [582/1543], batch loss: 0.20205, batch accuracy: 79.49, data load time: 0.19528, step time: 0.03734
epoch: [19], step: [682/1543], batch loss: 0.15126, batch accuracy: 81.48, data load time: 0.19677, step time: 0.03043
epoch: [19], step: [782/1543], batch loss: 0.13899, batch accuracy: 74.95, data load time: 0.07835, step time: 0.02675
epoch: [19], step: [882/1543], batch loss: 0.14321, batch accuracy: 95.05, data load time: 0.12324, step time: 0.03293
epoch: [19], step: [982/1543], batch loss: 0.16319, batch accuracy: 89.38, data load time: 0.15787, step time: 0.03306
epoch: [19], step: [1082/1543], batch loss: 0.15372, batch accuracy: 89.32, data load time: 0.25282, step time: 0.03540
epoch: [19], step: [1182/1543], batch loss: 0.17816, batch accuracy: 86.21, data load time: 0.17885, step time: 0.02888
epoch: [19], step: [1282/1543], batch loss: 0.16207, batch accuracy: 86.44, data load time: 0.14634, step time: 0.03237
epoch: [19], step: [1382/1543], batch loss: 0.15027, batch accuracy: 82.84, data load time: 0.22280, step time: 0.03468
epoch: [19], step: [1482/1543], batch loss: 0.19245, batch accuracy: 79.65, data load time: 0.17598, step time: 0.03688
EVALUATION METRICS:
-------------------------------------------------------------

Validation: AUC Score: 0.8196

-------------------------------------------------------------
validation loss: 0.16548, accuracy: 81.96
epoch: [20], step: [39/1543], batch loss: 0.15307, batch accuracy: 92.00, data load time: 0.09100, step time: 0.03318
epoch: [20], step: [139/1543], batch loss: 0.14772, batch accuracy: 93.35, data load time: 0.18097, step time: 0.03095
epoch: [20], step: [239/1543], batch loss: 0.18583, batch accuracy: 77.21, data load time: 0.11467, step time: 0.03550
epoch: [20], step: [339/1543], batch loss: 0.20000, batch accuracy: 76.95, data load time: 0.21079, step time: 0.03390
epoch: [20], step: [439/1543], batch loss: 0.18539, batch accuracy: 79.87, data load time: 0.12963, step time: 0.03238
epoch: [20], step: [539/1543], batch loss: 0.17790, batch accuracy: 80.06, data load time: 0.12220, step time: 0.03165
epoch: [20], step: [639/1543], batch loss: 0.20673, batch accuracy: 78.39, data load time: 0.14852, step time: 0.03226
epoch: [20], step: [739/1543], batch loss: 0.12142, batch accuracy: 81.08, data load time: 0.17473, step time: 0.02819
epoch: [20], step: [839/1543], batch loss: 0.23861, batch accuracy: 86.49, data load time: 0.10104, step time: 0.03715
epoch: [20], step: [939/1543], batch loss: 0.24045, batch accuracy: 83.30, data load time: 0.15453, step time: 0.03871
epoch: [20], step: [1039/1543], batch loss: 0.24070, batch accuracy: 74.07, data load time: 0.21491, step time: 0.03311
epoch: [20], step: [1139/1543], batch loss: 0.22032, batch accuracy: 78.31, data load time: 0.23028, step time: 0.03745
epoch: [20], step: [1239/1543], batch loss: 0.16157, batch accuracy: 82.84, data load time: 0.21349, step time: 0.03441
epoch: [20], step: [1339/1543], batch loss: 0.16140, batch accuracy: 85.60, data load time: 0.17078, step time: 0.03595
epoch: [20], step: [1439/1543], batch loss: 0.14194, batch accuracy: 93.56, data load time: 0.19082, step time: 0.03531
epoch: [20], step: [1539/1543], batch loss: 0.14333, batch accuracy: 81.37, data load time: 0.23328, step time: 0.03022
epoch: [21], step: [96/1543], batch loss: 0.16352, batch accuracy: 89.96, data load time: 0.09791, step time: 0.03505
epoch: [21], step: [196/1543], batch loss: 0.19776, batch accuracy: 85.89, data load time: 0.20295, step time: 0.03652
epoch: [21], step: [296/1543], batch loss: 0.14479, batch accuracy: 88.20, data load time: 0.17251, step time: 0.03164
epoch: [21], step: [396/1543], batch loss: 0.17383, batch accuracy: 91.66, data load time: 0.21864, step time: 0.03496
epoch: [21], step: [496/1543], batch loss: 0.19413, batch accuracy: 82.30, data load time: 0.08862, step time: 0.03167
epoch: [21], step: [596/1543], batch loss: 0.15408, batch accuracy: 82.25, data load time: 0.22480, step time: 0.03475
epoch: [21], step: [696/1543], batch loss: 0.18097, batch accuracy: 85.29, data load time: 0.13155, step time: 0.03381
epoch: [21], step: [796/1543], batch loss: 0.19088, batch accuracy: 79.43, data load time: 0.13498, step time: 0.03012
epoch: [21], step: [896/1543], batch loss: 0.16851, batch accuracy: 83.28, data load time: 0.18498, step time: 0.03317
epoch: [21], step: [996/1543], batch loss: 0.16095, batch accuracy: 90.00, data load time: 0.17501, step time: 0.03375
epoch: [21], step: [1096/1543], batch loss: 0.15739, batch accuracy: 88.42, data load time: 0.18520, step time: 0.03211
epoch: [21], step: [1196/1543], batch loss: 0.21038, batch accuracy: 82.58, data load time: 0.13776, step time: 0.03666
epoch: [21], step: [1296/1543], batch loss: 0.14233, batch accuracy: 78.27, data load time: 0.20752, step time: 0.02937
epoch: [21], step: [1396/1543], batch loss: 0.18208, batch accuracy: 86.16, data load time: 0.19817, step time: 0.03847
epoch: [21], step: [1496/1543], batch loss: 0.16598, batch accuracy: 82.10, data load time: 0.19911, step time: 0.03099
epoch: [22], step: [53/1543], batch loss: 0.20486, batch accuracy: 87.17, data load time: 0.06719, step time: 0.03580
epoch: [22], step: [153/1543], batch loss: 0.18015, batch accuracy: 79.49, data load time: 0.08426, step time: 0.03166
epoch: [22], step: [253/1543], batch loss: 0.15043, batch accuracy: 77.01, data load time: 0.07664, step time: 0.03014
epoch: [22], step: [353/1543], batch loss: 0.15097, batch accuracy: 80.56, data load time: 0.12915, step time: 0.03185
epoch: [22], step: [453/1543], batch loss: 0.15629, batch accuracy: 89.14, data load time: 0.18922, step time: 0.03497
epoch: [22], step: [553/1543], batch loss: 0.16097, batch accuracy: 81.22, data load time: 0.18532, step time: 0.03425
epoch: [22], step: [653/1543], batch loss: 0.17766, batch accuracy: 85.37, data load time: 0.15246, step time: 0.03579
epoch: [22], step: [753/1543], batch loss: 0.16111, batch accuracy: 82.01, data load time: 0.15379, step time: 0.03016
epoch: [22], step: [853/1543], batch loss: 0.17529, batch accuracy: 79.36, data load time: 0.18708, step time: 0.03507
epoch: [22], step: [953/1543], batch loss: 0.16000, batch accuracy: 87.45, data load time: 0.21527, step time: 0.03232
epoch: [22], step: [1053/1543], batch loss: 0.23429, batch accuracy: 83.73, data load time: 0.20871, step time: 0.03843
epoch: [22], step: [1153/1543], batch loss: 0.19573, batch accuracy: 79.92, data load time: 0.21215, step time: 0.03503
epoch: [22], step: [1253/1543], batch loss: 0.20191, batch accuracy: 82.98, data load time: 0.24093, step time: 0.03151
epoch: [22], step: [1353/1543], batch loss: 0.13035, batch accuracy: 94.57, data load time: 0.16965, step time: 0.03240
epoch: [22], step: [1453/1543], batch loss: 0.22506, batch accuracy: 86.89, data load time: 0.21051, step time: 0.03016
epoch: [23], step: [10/1543], batch loss: 0.20273, batch accuracy: 78.08, data load time: 0.12619, step time: 0.03695
epoch: [23], step: [110/1543], batch loss: 0.15742, batch accuracy: 84.71, data load time: 0.13630, step time: 0.03401
epoch: [23], step: [210/1543], batch loss: 0.16972, batch accuracy: 76.41, data load time: 0.15029, step time: 0.03030
epoch: [23], step: [310/1543], batch loss: 0.19421, batch accuracy: 89.30, data load time: 0.21774, step time: 0.03889
epoch: [23], step: [410/1543], batch loss: 0.12610, batch accuracy: 90.17, data load time: 0.22770, step time: 0.03104
epoch: [23], step: [510/1543], batch loss: 0.15616, batch accuracy: 77.78, data load time: 0.17259, step time: 0.03159
epoch: [23], step: [610/1543], batch loss: 0.20984, batch accuracy: 84.88, data load time: 0.17927, step time: 0.03587
epoch: [23], step: [710/1543], batch loss: 0.17729, batch accuracy: 85.54, data load time: 0.20320, step time: 0.03440
epoch: [23], step: [810/1543], batch loss: 0.15736, batch accuracy: 82.85, data load time: 0.17287, step time: 0.03172
epoch: [23], step: [910/1543], batch loss: 0.15856, batch accuracy: 88.64, data load time: 0.18461, step time: 0.03522
epoch: [23], step: [1010/1543], batch loss: 0.17510, batch accuracy: 82.72, data load time: 0.23317, step time: 0.03443
epoch: [23], step: [1110/1543], batch loss: 0.18377, batch accuracy: 81.21, data load time: 0.26188, step time: 0.03370
epoch: [23], step: [1210/1543], batch loss: 0.18794, batch accuracy: 87.06, data load time: 0.24407, step time: 0.03772
epoch: [23], step: [1310/1543], batch loss: 0.19464, batch accuracy: 80.70, data load time: 0.22523, step time: 0.03239
epoch: [23], step: [1410/1543], batch loss: 0.17533, batch accuracy: 83.40, data load time: 0.29540, step time: 0.03295
epoch: [23], step: [1510/1543], batch loss: 0.20669, batch accuracy: 69.81, data load time: 0.21447, step time: 0.03370
epoch: [24], step: [67/1543], batch loss: 0.17344, batch accuracy: 84.55, data load time: 0.07788, step time: 0.03166
epoch: [24], step: [167/1543], batch loss: 0.18926, batch accuracy: 87.08, data load time: 0.19687, step time: 0.03815
epoch: [24], step: [267/1543], batch loss: 0.14760, batch accuracy: 80.67, data load time: 0.04961, step time: 0.03026
epoch: [24], step: [367/1543], batch loss: 0.16679, batch accuracy: 83.09, data load time: 0.12093, step time: 0.03233
epoch: [24], step: [467/1543], batch loss: 0.20645, batch accuracy: 74.79, data load time: 0.12917, step time: 0.03509
epoch: [24], step: [567/1543], batch loss: 0.19767, batch accuracy: 72.33, data load time: 0.13999, step time: 0.03222
epoch: [24], step: [667/1543], batch loss: 0.12784, batch accuracy: 82.18, data load time: 0.18818, step time: 0.03022
epoch: [24], step: [767/1543], batch loss: 0.21327, batch accuracy: 89.20, data load time: 0.21879, step time: 0.03576
epoch: [24], step: [867/1543], batch loss: 0.16420, batch accuracy: 89.29, data load time: 0.21461, step time: 0.03360
epoch: [24], step: [967/1543], batch loss: 0.17791, batch accuracy: 84.35, data load time: 0.19122, step time: 0.03371
epoch: [24], step: [1067/1543], batch loss: 0.18309, batch accuracy: 85.99, data load time: 0.15468, step time: 0.03357
epoch: [24], step: [1167/1543], batch loss: 0.20619, batch accuracy: 88.38, data load time: 0.18256, step time: 0.03438
epoch: [24], step: [1267/1543], batch loss: 0.19117, batch accuracy: 78.68, data load time: 0.22263, step time: 0.03214
epoch: [24], step: [1367/1543], batch loss: 0.13603, batch accuracy: 88.96, data load time: 0.23914, step time: 0.03086
epoch: [24], step: [1467/1543], batch loss: 0.09786, batch accuracy: 92.68, data load time: 0.23177, step time: 0.02663
EVALUATION METRICS:
-------------------------------------------------------------

Validation: AUC Score: 0.8199

-------------------------------------------------------------
validation loss: 0.16549, accuracy: 81.99
EVALUATION METRICS:
-------------------------------------------------------------

Test: AUC Score: 0.8149

-------------------------------------------------------------
validation loss: 0.49245, accuracy: 81.49
