Loading data from train_dataset
Loading data from val_dataset
Loading data from test_dataset
Writing logs to logs/CNN_sgd_momentum=0.93_learning_rate=0.2_conv_length=512_conv_stride=512_batch_size=10_epochs=20_weight_decay=1e-05_model=BaseCNN_op=sgd_dropout=0.5_spec_mode=1_scheduler=None_run_0
epoch: [0], step: [99/1543], batch loss: 0.21819, batch accuracy: 44.33, data load time: 0.22774, step time: 0.03258
epoch: [0], step: [199/1543], batch loss: 0.23755, batch accuracy: 60.81, data load time: 0.26926, step time: 0.03029
epoch: [0], step: [299/1543], batch loss: 0.21552, batch accuracy: 66.18, data load time: 0.23785, step time: 0.03543
epoch: [0], step: [399/1543], batch loss: 0.23630, batch accuracy: 45.73, data load time: 0.22794, step time: 0.03347
epoch: [0], step: [499/1543], batch loss: 0.21521, batch accuracy: 64.29, data load time: 0.22518, step time: 0.03327
epoch: [0], step: [599/1543], batch loss: 0.20089, batch accuracy: 71.42, data load time: 0.17284, step time: 0.03609
epoch: [0], step: [699/1543], batch loss: 0.21099, batch accuracy: 75.51, data load time: 0.21540, step time: 0.03534
epoch: [0], step: [799/1543], batch loss: 0.19398, batch accuracy: 67.53, data load time: 0.20680, step time: 0.03408
epoch: [0], step: [899/1543], batch loss: 0.23659, batch accuracy: 62.56, data load time: 0.26400, step time: 0.03760
epoch: [0], step: [999/1543], batch loss: 0.22730, batch accuracy: 69.81, data load time: 0.24992, step time: 0.03622
epoch: [0], step: [1099/1543], batch loss: 0.20385, batch accuracy: 64.77, data load time: 0.21819, step time: 0.03603
epoch: [0], step: [1199/1543], batch loss: 0.19412, batch accuracy: 68.84, data load time: 0.28784, step time: 0.03455
epoch: [0], step: [1299/1543], batch loss: 0.18560, batch accuracy: 82.26, data load time: 0.20909, step time: 0.03810
epoch: [0], step: [1399/1543], batch loss: 0.21133, batch accuracy: 77.57, data load time: 0.22175, step time: 0.03614
epoch: [0], step: [1499/1543], batch loss: 0.15978, batch accuracy: 80.52, data load time: 0.19841, step time: 0.03201
EVALUATION METRICS:
-------------------------------------------------------------

Validation AUC Score: 0.7242

-------------------------------------------------------------
validation loss: 0.19498, accuracy: 72.42
epoch: [1], step: [56/1543], batch loss: 0.17824, batch accuracy: 70.00, data load time: 0.09931, step time: 0.03500
epoch: [1], step: [156/1543], batch loss: 0.26896, batch accuracy: 63.48, data load time: 0.19605, step time: 0.04036
epoch: [1], step: [256/1543], batch loss: 0.18997, batch accuracy: 72.52, data load time: 0.25291, step time: 0.03385
epoch: [1], step: [356/1543], batch loss: 0.17757, batch accuracy: 68.66, data load time: 0.08838, step time: 0.03042
epoch: [1], step: [456/1543], batch loss: 0.18196, batch accuracy: 72.17, data load time: 0.17896, step time: 0.03404
epoch: [1], step: [556/1543], batch loss: 0.19523, batch accuracy: 74.15, data load time: 0.18071, step time: 0.03481
epoch: [1], step: [656/1543], batch loss: 0.19854, batch accuracy: 76.57, data load time: 0.20114, step time: 0.03471
epoch: [1], step: [756/1543], batch loss: 0.26700, batch accuracy: 70.86, data load time: 0.25017, step time: 0.04111
epoch: [1], step: [856/1543], batch loss: 0.21941, batch accuracy: 61.77, data load time: 0.19701, step time: 0.03469
epoch: [1], step: [956/1543], batch loss: 0.19725, batch accuracy: 68.54, data load time: 0.22019, step time: 0.03610
epoch: [1], step: [1056/1543], batch loss: 0.22407, batch accuracy: 79.58, data load time: 0.20128, step time: 0.03706
epoch: [1], step: [1156/1543], batch loss: 0.18410, batch accuracy: 73.39, data load time: 0.19379, step time: 0.03873
epoch: [1], step: [1256/1543], batch loss: 0.16318, batch accuracy: 73.92, data load time: 0.18772, step time: 0.03264
epoch: [1], step: [1356/1543], batch loss: 0.19041, batch accuracy: 82.62, data load time: 0.23744, step time: 0.03477
epoch: [1], step: [1456/1543], batch loss: 0.18042, batch accuracy: 75.92, data load time: 0.18274, step time: 0.03455
EVALUATION METRICS:
-------------------------------------------------------------

Validation AUC Score: 0.7491

-------------------------------------------------------------
validation loss: 0.19283, accuracy: 74.91
epoch: [2], step: [13/1543], batch loss: 0.18203, batch accuracy: 81.49, data load time: 0.11368, step time: 0.03771
epoch: [2], step: [113/1543], batch loss: 0.18674, batch accuracy: 62.55, data load time: 0.12575, step time: 0.03552
epoch: [2], step: [213/1543], batch loss: 0.18896, batch accuracy: 78.66, data load time: 0.08941, step time: 0.03682
epoch: [2], step: [313/1543], batch loss: 0.22837, batch accuracy: 84.37, data load time: 0.17262, step time: 0.03900
epoch: [2], step: [413/1543], batch loss: 0.17685, batch accuracy: 66.27, data load time: 0.16578, step time: 0.03394
epoch: [2], step: [513/1543], batch loss: 0.23231, batch accuracy: 69.75, data load time: 0.17499, step time: 0.03755
epoch: [2], step: [613/1543], batch loss: 0.23957, batch accuracy: 72.39, data load time: 0.17923, step time: 0.03775
epoch: [2], step: [713/1543], batch loss: 0.21644, batch accuracy: 84.41, data load time: 0.13938, step time: 0.03747
epoch: [2], step: [813/1543], batch loss: 0.17943, batch accuracy: 77.84, data load time: 0.13802, step time: 0.03343
epoch: [2], step: [913/1543], batch loss: 0.19224, batch accuracy: 69.69, data load time: 0.21826, step time: 0.03613
epoch: [2], step: [1013/1543], batch loss: 0.15192, batch accuracy: 83.99, data load time: 0.22074, step time: 0.03045
epoch: [2], step: [1113/1543], batch loss: 0.21802, batch accuracy: 71.33, data load time: 0.23532, step time: 0.03834
epoch: [2], step: [1213/1543], batch loss: 0.18696, batch accuracy: 75.70, data load time: 0.19331, step time: 0.03323
epoch: [2], step: [1313/1543], batch loss: 0.17980, batch accuracy: 77.36, data load time: 0.18781, step time: 0.03273
epoch: [2], step: [1413/1543], batch loss: 0.19392, batch accuracy: 72.54, data load time: 0.22783, step time: 0.03670
epoch: [2], step: [1513/1543], batch loss: 0.16070, batch accuracy: 78.18, data load time: 0.25140, step time: 0.03334
EVALUATION METRICS:
-------------------------------------------------------------

Validation AUC Score: 0.7730

-------------------------------------------------------------
validation loss: 0.18255, accuracy: 77.30
epoch: [3], step: [70/1543], batch loss: 0.15468, batch accuracy: 88.85, data load time: 0.19516, step time: 0.03680
epoch: [3], step: [170/1543], batch loss: 0.20991, batch accuracy: 74.99, data load time: 0.10240, step time: 0.03714
epoch: [3], step: [270/1543], batch loss: 0.23393, batch accuracy: 79.98, data load time: 0.19320, step time: 0.04161
epoch: [3], step: [370/1543], batch loss: 0.17865, batch accuracy: 74.70, data load time: 0.18430, step time: 0.03477
epoch: [3], step: [470/1543], batch loss: 0.15547, batch accuracy: 77.18, data load time: 0.13132, step time: 0.03348
epoch: [3], step: [570/1543], batch loss: 0.15740, batch accuracy: 90.35, data load time: 0.12058, step time: 0.03464
epoch: [3], step: [670/1543], batch loss: 0.19099, batch accuracy: 81.07, data load time: 0.12137, step time: 0.03609
epoch: [3], step: [770/1543], batch loss: 0.19124, batch accuracy: 80.66, data load time: 0.31954, step time: 0.03681
epoch: [3], step: [870/1543], batch loss: 0.17717, batch accuracy: 81.92, data load time: 0.25984, step time: 0.03496
epoch: [3], step: [970/1543], batch loss: 0.20665, batch accuracy: 77.41, data load time: 0.22039, step time: 0.03757
epoch: [3], step: [1070/1543], batch loss: 0.20709, batch accuracy: 77.57, data load time: 0.20359, step time: 0.03493
epoch: [3], step: [1170/1543], batch loss: 0.16096, batch accuracy: 83.80, data load time: 0.23116, step time: 0.03420
epoch: [3], step: [1270/1543], batch loss: 0.12931, batch accuracy: 90.24, data load time: 0.21661, step time: 0.03378
epoch: [3], step: [1370/1543], batch loss: 0.14251, batch accuracy: 91.49, data load time: 0.18753, step time: 0.03431
epoch: [3], step: [1470/1543], batch loss: 0.21195, batch accuracy: 65.82, data load time: 0.22945, step time: 0.03631
EVALUATION METRICS:
-------------------------------------------------------------

Validation AUC Score: 0.7980

-------------------------------------------------------------
validation loss: 0.17937, accuracy: 79.80
epoch: [4], step: [27/1543], batch loss: 0.19589, batch accuracy: 75.36, data load time: 0.14543, step time: 0.03521
epoch: [4], step: [127/1543], batch loss: 0.21630, batch accuracy: 88.55, data load time: 0.17716, step time: 0.03954
epoch: [4], step: [227/1543], batch loss: 0.17743, batch accuracy: 80.73, data load time: 0.09200, step time: 0.03415
epoch: [4], step: [327/1543], batch loss: 0.18190, batch accuracy: 84.10, data load time: 0.17593, step time: 0.03558
epoch: [4], step: [427/1543], batch loss: 0.19818, batch accuracy: 72.57, data load time: 0.11009, step time: 0.03566
epoch: [4], step: [527/1543], batch loss: 0.19912, batch accuracy: 82.78, data load time: 0.25117, step time: 0.03771
epoch: [4], step: [627/1543], batch loss: 0.21271, batch accuracy: 77.09, data load time: 0.26998, step time: 0.03712
epoch: [4], step: [727/1543], batch loss: 0.24871, batch accuracy: 78.03, data load time: 0.15069, step time: 0.03844
epoch: [4], step: [827/1543], batch loss: 0.18385, batch accuracy: 77.51, data load time: 0.21271, step time: 0.03283
epoch: [4], step: [927/1543], batch loss: 0.17730, batch accuracy: 81.43, data load time: 0.13658, step time: 0.03352
epoch: [4], step: [1027/1543], batch loss: 0.15528, batch accuracy: 86.86, data load time: 0.19429, step time: 0.03408
epoch: [4], step: [1127/1543], batch loss: 0.24725, batch accuracy: 74.03, data load time: 0.20799, step time: 0.04130
epoch: [4], step: [1227/1543], batch loss: 0.14279, batch accuracy: 84.22, data load time: 0.21460, step time: 0.03205
epoch: [4], step: [1327/1543], batch loss: 0.18848, batch accuracy: 69.10, data load time: 0.32651, step time: 0.03413
epoch: [4], step: [1427/1543], batch loss: 0.21601, batch accuracy: 76.82, data load time: 0.27201, step time: 0.03606
epoch: [4], step: [1527/1543], batch loss: 0.25897, batch accuracy: 78.62, data load time: 0.19227, step time: 0.03664
EVALUATION METRICS:
-------------------------------------------------------------

Validation AUC Score: 0.8034

-------------------------------------------------------------
validation loss: 0.17830, accuracy: 80.34
epoch: [5], step: [84/1543], batch loss: 0.18649, batch accuracy: 83.86, data load time: 0.17053, step time: 0.04193
epoch: [5], step: [184/1543], batch loss: 0.13875, batch accuracy: 82.74, data load time: 0.05458, step time: 0.03308
epoch: [5], step: [284/1543], batch loss: 0.18421, batch accuracy: 86.99, data load time: 0.17063, step time: 0.03404
epoch: [5], step: [384/1543], batch loss: 0.18450, batch accuracy: 81.00, data load time: 0.07854, step time: 0.03689
epoch: [5], step: [484/1543], batch loss: 0.15915, batch accuracy: 86.11, data load time: 0.23666, step time: 0.03637
epoch: [5], step: [584/1543], batch loss: 0.15569, batch accuracy: 79.53, data load time: 0.25331, step time: 0.03120
epoch: [5], step: [684/1543], batch loss: 0.23628, batch accuracy: 81.84, data load time: 0.24095, step time: 0.04091
epoch: [5], step: [784/1543], batch loss: 0.15437, batch accuracy: 84.09, data load time: 0.18866, step time: 0.03673
epoch: [5], step: [884/1543], batch loss: 0.16899, batch accuracy: 90.22, data load time: 0.16057, step time: 0.03902
epoch: [5], step: [984/1543], batch loss: 0.18052, batch accuracy: 84.42, data load time: 0.36340, step time: 0.03558
epoch: [5], step: [1084/1543], batch loss: 0.13515, batch accuracy: 90.59, data load time: 0.18626, step time: 0.03549
epoch: [5], step: [1184/1543], batch loss: 0.20951, batch accuracy: 65.37, data load time: 0.22491, step time: 0.03052
epoch: [5], step: [1284/1543], batch loss: 0.16014, batch accuracy: 84.51, data load time: 0.21383, step time: 0.03402
epoch: [5], step: [1384/1543], batch loss: 0.15131, batch accuracy: 80.25, data load time: 0.18529, step time: 0.03343
epoch: [5], step: [1484/1543], batch loss: 0.18573, batch accuracy: 83.66, data load time: 0.20798, step time: 0.03473
EVALUATION METRICS:
-------------------------------------------------------------

Validation AUC Score: 0.8030

-------------------------------------------------------------
validation loss: 0.17819, accuracy: 80.30
epoch: [6], step: [41/1543], batch loss: 0.13657, batch accuracy: 90.95, data load time: 0.05550, step time: 0.03256
epoch: [6], step: [141/1543], batch loss: 0.15362, batch accuracy: 89.00, data load time: 0.12234, step time: 0.04072
epoch: [6], step: [241/1543], batch loss: 0.22804, batch accuracy: 87.89, data load time: 0.10738, step time: 0.03969
epoch: [6], step: [341/1543], batch loss: 0.14391, batch accuracy: 84.91, data load time: 0.10695, step time: 0.03343
epoch: [6], step: [441/1543], batch loss: 0.17919, batch accuracy: 76.47, data load time: 0.14759, step time: 0.03403
epoch: [6], step: [541/1543], batch loss: 0.13664, batch accuracy: 84.47, data load time: 0.16768, step time: 0.02853
epoch: [6], step: [641/1543], batch loss: 0.15723, batch accuracy: 81.30, data load time: 0.22741, step time: 0.03560
epoch: [6], step: [741/1543], batch loss: 0.11836, batch accuracy: 90.23, data load time: 0.27397, step time: 0.03128
epoch: [6], step: [841/1543], batch loss: 0.19076, batch accuracy: 87.55, data load time: 0.19850, step time: 0.03689
epoch: [6], step: [941/1543], batch loss: 0.21353, batch accuracy: 73.38, data load time: 0.24850, step time: 0.03769
epoch: [6], step: [1041/1543], batch loss: 0.18541, batch accuracy: 88.71, data load time: 0.23379, step time: 0.03969
epoch: [6], step: [1141/1543], batch loss: 0.18635, batch accuracy: 74.85, data load time: 0.20155, step time: 0.03570
epoch: [6], step: [1241/1543], batch loss: 0.16275, batch accuracy: 80.59, data load time: 0.23337, step time: 0.03286
epoch: [6], step: [1341/1543], batch loss: 0.13868, batch accuracy: 84.39, data load time: 0.24507, step time: 0.03349
epoch: [6], step: [1441/1543], batch loss: 0.13996, batch accuracy: 82.21, data load time: 0.21504, step time: 0.03344
epoch: [6], step: [1541/1543], batch loss: 0.14476, batch accuracy: 78.78, data load time: 0.22068, step time: 0.03262
EVALUATION METRICS:
-------------------------------------------------------------

Validation AUC Score: 0.8116

-------------------------------------------------------------
validation loss: 0.16885, accuracy: 81.16
epoch: [7], step: [98/1543], batch loss: 0.15728, batch accuracy: 80.91, data load time: 0.10242, step time: 0.03340
epoch: [7], step: [198/1543], batch loss: 0.16766, batch accuracy: 80.80, data load time: 0.13778, step time: 0.03359
epoch: [7], step: [298/1543], batch loss: 0.17705, batch accuracy: 86.75, data load time: 0.13992, step time: 0.04048
epoch: [7], step: [398/1543], batch loss: 0.16254, batch accuracy: 82.86, data load time: 0.09225, step time: 0.03565
epoch: [7], step: [498/1543], batch loss: 0.15685, batch accuracy: 87.43, data load time: 0.14867, step time: 0.04056
epoch: [7], step: [598/1543], batch loss: 0.14974, batch accuracy: 78.90, data load time: 0.27386, step time: 0.03391
epoch: [7], step: [698/1543], batch loss: 0.19804, batch accuracy: 68.57, data load time: 0.14192, step time: 0.03570
epoch: [7], step: [798/1543], batch loss: 0.16280, batch accuracy: 78.32, data load time: 0.20895, step time: 0.03345
epoch: [7], step: [898/1543], batch loss: 0.14558, batch accuracy: 89.98, data load time: 0.14271, step time: 0.03643
epoch: [7], step: [998/1543], batch loss: 0.17037, batch accuracy: 90.48, data load time: 0.17670, step time: 0.04365
epoch: [7], step: [1098/1543], batch loss: 0.22279, batch accuracy: 82.91, data load time: 0.20122, step time: 0.03709
epoch: [7], step: [1198/1543], batch loss: 0.17946, batch accuracy: 85.12, data load time: 0.22555, step time: 0.03436
epoch: [7], step: [1298/1543], batch loss: 0.16615, batch accuracy: 84.42, data load time: 0.21714, step time: 0.03356
epoch: [7], step: [1398/1543], batch loss: 0.18794, batch accuracy: 73.19, data load time: 0.22249, step time: 0.03492
epoch: [7], step: [1498/1543], batch loss: 0.15860, batch accuracy: 86.17, data load time: 0.21863, step time: 0.03637
EVALUATION METRICS:
-------------------------------------------------------------

Validation AUC Score: 0.8131

-------------------------------------------------------------
validation loss: 0.17092, accuracy: 81.31
epoch: [8], step: [55/1543], batch loss: 0.12050, batch accuracy: 89.81, data load time: 0.08679, step time: 0.03128
epoch: [8], step: [155/1543], batch loss: 0.19153, batch accuracy: 82.42, data load time: 0.16303, step time: 0.03898
epoch: [8], step: [255/1543], batch loss: 0.16882, batch accuracy: 86.42, data load time: 0.15387, step time: 0.03691
epoch: [8], step: [355/1543], batch loss: 0.15137, batch accuracy: 82.71, data load time: 0.09143, step time: 0.03417
epoch: [8], step: [455/1543], batch loss: 0.17517, batch accuracy: 85.02, data load time: 0.08116, step time: 0.03686
epoch: [8], step: [555/1543], batch loss: 0.19363, batch accuracy: 87.72, data load time: 0.14248, step time: 0.03769
epoch: [8], step: [655/1543], batch loss: 0.20575, batch accuracy: 87.65, data load time: 0.12165, step time: 0.04331
epoch: [8], step: [755/1543], batch loss: 0.15958, batch accuracy: 86.13, data load time: 0.18630, step time: 0.03475
epoch: [8], step: [855/1543], batch loss: 0.24555, batch accuracy: 76.75, data load time: 0.09201, step time: 0.04347
epoch: [8], step: [955/1543], batch loss: 0.16801, batch accuracy: 76.14, data load time: 0.18669, step time: 0.03494
epoch: [8], step: [1055/1543], batch loss: 0.13958, batch accuracy: 90.75, data load time: 0.19404, step time: 0.03700
epoch: [8], step: [1155/1543], batch loss: 0.17233, batch accuracy: 83.16, data load time: 0.20763, step time: 0.03321
epoch: [8], step: [1255/1543], batch loss: 0.20595, batch accuracy: 87.81, data load time: 0.17559, step time: 0.03691
epoch: [8], step: [1355/1543], batch loss: 0.16202, batch accuracy: 84.29, data load time: 0.08536, step time: 0.03679
epoch: [8], step: [1455/1543], batch loss: 0.12713, batch accuracy: 83.44, data load time: 0.16282, step time: 0.03117
EVALUATION METRICS:
-------------------------------------------------------------

Validation AUC Score: 0.8221

-------------------------------------------------------------
validation loss: 0.16568, accuracy: 82.21
epoch: [9], step: [12/1543], batch loss: 0.18954, batch accuracy: 86.56, data load time: 0.06728, step time: 0.04137
epoch: [9], step: [112/1543], batch loss: 0.20522, batch accuracy: 81.08, data load time: 0.16991, step time: 0.03702
epoch: [9], step: [212/1543], batch loss: 0.12241, batch accuracy: 92.60, data load time: 0.05027, step time: 0.03473
epoch: [9], step: [312/1543], batch loss: 0.19876, batch accuracy: 80.47, data load time: 0.09310, step time: 0.03400
epoch: [9], step: [412/1543], batch loss: 0.23437, batch accuracy: 79.09, data load time: 0.10769, step time: 0.03968
epoch: [9], step: [512/1543], batch loss: 0.14318, batch accuracy: 89.34, data load time: 0.12456, step time: 0.03549
epoch: [9], step: [612/1543], batch loss: 0.15234, batch accuracy: 90.45, data load time: 0.11795, step time: 0.03608
epoch: [9], step: [712/1543], batch loss: 0.19745, batch accuracy: 81.68, data load time: 0.12177, step time: 0.03826
epoch: [9], step: [812/1543], batch loss: 0.14075, batch accuracy: 89.25, data load time: 0.13434, step time: 0.03473
epoch: [9], step: [912/1543], batch loss: 0.15033, batch accuracy: 77.40, data load time: 0.14268, step time: 0.03164
epoch: [9], step: [1012/1543], batch loss: 0.13464, batch accuracy: 89.38, data load time: 0.11535, step time: 0.03270
epoch: [9], step: [1112/1543], batch loss: 0.12662, batch accuracy: 91.64, data load time: 0.22180, step time: 0.03763
epoch: [9], step: [1212/1543], batch loss: 0.19487, batch accuracy: 78.69, data load time: 0.14422, step time: 0.03665
epoch: [9], step: [1312/1543], batch loss: 0.15317, batch accuracy: 88.87, data load time: 0.13485, step time: 0.03408
epoch: [9], step: [1412/1543], batch loss: 0.11671, batch accuracy: 85.01, data load time: 0.11076, step time: 0.03307
epoch: [9], step: [1512/1543], batch loss: 0.20239, batch accuracy: 78.88, data load time: 0.16449, step time: 0.03816
EVALUATION METRICS:
-------------------------------------------------------------

Validation AUC Score: 0.8228

-------------------------------------------------------------
validation loss: 0.16616, accuracy: 82.28
epoch: [10], step: [69/1543], batch loss: 0.16463, batch accuracy: 83.44, data load time: 0.10926, step time: 0.03531
epoch: [10], step: [169/1543], batch loss: 0.19173, batch accuracy: 86.98, data load time: 0.06447, step time: 0.03687
epoch: [10], step: [269/1543], batch loss: 0.12995, batch accuracy: 88.30, data load time: 0.09745, step time: 0.03501
epoch: [10], step: [369/1543], batch loss: 0.17534, batch accuracy: 84.10, data load time: 0.08772, step time: 0.03477
epoch: [10], step: [469/1543], batch loss: 0.17924, batch accuracy: 83.25, data load time: 0.13696, step time: 0.03561
epoch: [10], step: [569/1543], batch loss: 0.18127, batch accuracy: 84.71, data load time: 0.13141, step time: 0.03711
epoch: [10], step: [669/1543], batch loss: 0.16463, batch accuracy: 85.05, data load time: 0.13354, step time: 0.03783
epoch: [10], step: [769/1543], batch loss: 0.17407, batch accuracy: 79.85, data load time: 0.22846, step time: 0.03341
epoch: [10], step: [869/1543], batch loss: 0.19126, batch accuracy: 78.62, data load time: 0.12691, step time: 0.03537
epoch: [10], step: [969/1543], batch loss: 0.14559, batch accuracy: 85.80, data load time: 0.10995, step time: 0.03200
epoch: [10], step: [1069/1543], batch loss: 0.22266, batch accuracy: 76.96, data load time: 0.18778, step time: 0.03840
epoch: [10], step: [1169/1543], batch loss: 0.11837, batch accuracy: 90.93, data load time: 0.57311, step time: 0.03201
epoch: [10], step: [1269/1543], batch loss: 0.20287, batch accuracy: 84.93, data load time: 0.19128, step time: 0.03704
epoch: [10], step: [1369/1543], batch loss: 0.13183, batch accuracy: 83.31, data load time: 0.16201, step time: 0.03165
epoch: [10], step: [1469/1543], batch loss: 0.16017, batch accuracy: 85.75, data load time: 0.20283, step time: 0.03592
EVALUATION METRICS:
-------------------------------------------------------------

Validation AUC Score: 0.8279

-------------------------------------------------------------
validation loss: 0.16724, accuracy: 82.79
epoch: [11], step: [26/1543], batch loss: 0.16460, batch accuracy: 87.38, data load time: 0.17073, step time: 0.03621
epoch: [11], step: [126/1543], batch loss: 0.20270, batch accuracy: 88.07, data load time: 0.08779, step time: 0.03580
epoch: [11], step: [226/1543], batch loss: 0.12011, batch accuracy: 78.17, data load time: 0.15289, step time: 0.03088
epoch: [11], step: [326/1543], batch loss: 0.19214, batch accuracy: 87.18, data load time: 0.11714, step time: 0.03700
epoch: [11], step: [426/1543], batch loss: 0.17106, batch accuracy: 91.40, data load time: 0.10732, step time: 0.03698
epoch: [11], step: [526/1543], batch loss: 0.15899, batch accuracy: 89.91, data load time: 0.13041, step time: 0.03473
epoch: [11], step: [626/1543], batch loss: 0.14669, batch accuracy: 92.61, data load time: 0.07433, step time: 0.03559
epoch: [11], step: [726/1543], batch loss: 0.11527, batch accuracy: 96.93, data load time: 0.09371, step time: 0.03333
epoch: [11], step: [826/1543], batch loss: 0.12507, batch accuracy: 94.01, data load time: 0.10287, step time: 0.03339
epoch: [11], step: [926/1543], batch loss: 0.16694, batch accuracy: 91.68, data load time: 0.11889, step time: 0.03680
epoch: [11], step: [1026/1543], batch loss: 0.16162, batch accuracy: 82.73, data load time: 0.10135, step time: 0.03383
epoch: [11], step: [1126/1543], batch loss: 0.15630, batch accuracy: 85.94, data load time: 0.10016, step time: 0.03414
epoch: [11], step: [1226/1543], batch loss: 0.17493, batch accuracy: 84.94, data load time: 0.12517, step time: 0.03482
epoch: [11], step: [1326/1543], batch loss: 0.14652, batch accuracy: 89.05, data load time: 0.12688, step time: 0.03596
epoch: [11], step: [1426/1543], batch loss: 0.16160, batch accuracy: 85.46, data load time: 0.15888, step time: 0.03630
epoch: [11], step: [1526/1543], batch loss: 0.17115, batch accuracy: 89.38, data load time: 0.12935, step time: 0.03833
EVALUATION METRICS:
-------------------------------------------------------------

Validation AUC Score: 0.8207

-------------------------------------------------------------
validation loss: 0.16976, accuracy: 82.07
epoch: [12], step: [83/1543], batch loss: 0.16026, batch accuracy: 91.87, data load time: 0.04286, step time: 0.03676
epoch: [12], step: [183/1543], batch loss: 0.22871, batch accuracy: 78.39, data load time: 0.09152, step time: 0.03941
epoch: [12], step: [283/1543], batch loss: 0.15003, batch accuracy: 93.18, data load time: 0.05373, step time: 0.03571
epoch: [12], step: [383/1543], batch loss: 0.20087, batch accuracy: 85.78, data load time: 0.13871, step time: 0.03552
epoch: [12], step: [483/1543], batch loss: 0.15778, batch accuracy: 91.14, data load time: 0.12015, step time: 0.03289
epoch: [12], step: [583/1543], batch loss: 0.11769, batch accuracy: 93.02, data load time: 0.10177, step time: 0.03629
epoch: [12], step: [683/1543], batch loss: 0.14699, batch accuracy: 88.10, data load time: 0.10834, step time: 0.03118
epoch: [12], step: [783/1543], batch loss: 0.16936, batch accuracy: 85.03, data load time: 0.10108, step time: 0.03953
epoch: [12], step: [883/1543], batch loss: 0.13217, batch accuracy: 91.43, data load time: 0.08761, step time: 0.03790
epoch: [12], step: [983/1543], batch loss: 0.12912, batch accuracy: 87.73, data load time: 0.06885, step time: 0.03372
epoch: [12], step: [1083/1543], batch loss: 0.18959, batch accuracy: 80.36, data load time: 0.13788, step time: 0.04095
epoch: [12], step: [1183/1543], batch loss: 0.14142, batch accuracy: 91.98, data load time: 0.15922, step time: 0.03594
epoch: [12], step: [1283/1543], batch loss: 0.16489, batch accuracy: 88.39, data load time: 0.15750, step time: 0.03424
epoch: [12], step: [1383/1543], batch loss: 0.20646, batch accuracy: 91.48, data load time: 0.12829, step time: 0.04047
epoch: [12], step: [1483/1543], batch loss: 0.16432, batch accuracy: 77.25, data load time: 0.11102, step time: 0.03393
EVALUATION METRICS:
-------------------------------------------------------------

Validation AUC Score: 0.8259

-------------------------------------------------------------
validation loss: 0.16479, accuracy: 82.59
epoch: [13], step: [40/1543], batch loss: 0.14481, batch accuracy: 82.15, data load time: 0.05411, step time: 0.03402
epoch: [13], step: [140/1543], batch loss: 0.16852, batch accuracy: 85.79, data load time: 0.16805, step time: 0.03834
epoch: [13], step: [240/1543], batch loss: 0.15890, batch accuracy: 90.94, data load time: 0.21004, step time: 0.03615
epoch: [13], step: [340/1543], batch loss: 0.19322, batch accuracy: 85.34, data load time: 0.06783, step time: 0.03894
epoch: [13], step: [440/1543], batch loss: 0.18917, batch accuracy: 80.77, data load time: 0.10477, step time: 0.03803
epoch: [13], step: [540/1543], batch loss: 0.14917, batch accuracy: 87.94, data load time: 0.17713, step time: 0.04041
epoch: [13], step: [640/1543], batch loss: 0.15244, batch accuracy: 82.55, data load time: 0.17965, step time: 0.03261
epoch: [13], step: [740/1543], batch loss: 0.16660, batch accuracy: 89.84, data load time: 0.10414, step time: 0.03754
epoch: [13], step: [840/1543], batch loss: 0.14093, batch accuracy: 93.38, data load time: 0.16408, step time: 0.03322
epoch: [13], step: [940/1543], batch loss: 0.15526, batch accuracy: 85.59, data load time: 0.17410, step time: 0.03250
epoch: [13], step: [1040/1543], batch loss: 0.14729, batch accuracy: 92.07, data load time: 0.17162, step time: 0.03599
epoch: [13], step: [1140/1543], batch loss: 0.14918, batch accuracy: 90.31, data load time: 0.16488, step time: 0.03596
epoch: [13], step: [1240/1543], batch loss: 0.17822, batch accuracy: 80.01, data load time: 0.25945, step time: 0.03678
epoch: [13], step: [1340/1543], batch loss: 0.14647, batch accuracy: 86.63, data load time: 0.17992, step time: 0.03609
epoch: [13], step: [1440/1543], batch loss: 0.14077, batch accuracy: 86.09, data load time: 0.09422, step time: 0.03233
epoch: [13], step: [1540/1543], batch loss: 0.18146, batch accuracy: 90.58, data load time: 0.13809, step time: 0.03948
EVALUATION METRICS:
-------------------------------------------------------------

Validation AUC Score: 0.8249

-------------------------------------------------------------
validation loss: 0.16542, accuracy: 82.49
epoch: [14], step: [97/1543], batch loss: 0.17594, batch accuracy: 85.61, data load time: 0.09634, step time: 0.03947
epoch: [14], step: [197/1543], batch loss: 0.14365, batch accuracy: 86.81, data load time: 0.07647, step time: 0.04297
epoch: [14], step: [297/1543], batch loss: 0.12698, batch accuracy: 92.74, data load time: 0.08334, step time: 0.04131
epoch: [14], step: [397/1543], batch loss: 0.15907, batch accuracy: 88.42, data load time: 0.14359, step time: 0.03356
epoch: [14], step: [497/1543], batch loss: 0.18376, batch accuracy: 83.89, data load time: 0.12181, step time: 0.03941
epoch: [14], step: [597/1543], batch loss: 0.16016, batch accuracy: 81.54, data load time: 0.12673, step time: 0.03524
epoch: [14], step: [697/1543], batch loss: 0.18072, batch accuracy: 74.81, data load time: 0.16663, step time: 0.03606
epoch: [14], step: [797/1543], batch loss: 0.14571, batch accuracy: 90.19, data load time: 0.07349, step time: 0.03481
epoch: [14], step: [897/1543], batch loss: 0.12982, batch accuracy: 84.16, data load time: 0.06475, step time: 0.03686
epoch: [14], step: [997/1543], batch loss: 0.17206, batch accuracy: 90.73, data load time: 0.08239, step time: 0.03481
epoch: [14], step: [1097/1543], batch loss: 0.16893, batch accuracy: 89.95, data load time: 0.09018, step time: 0.03951
epoch: [14], step: [1197/1543], batch loss: 0.17976, batch accuracy: 86.65, data load time: 0.13505, step time: 0.03905
epoch: [14], step: [1297/1543], batch loss: 0.14355, batch accuracy: 88.72, data load time: 0.13740, step time: 0.03253
epoch: [14], step: [1397/1543], batch loss: 0.16257, batch accuracy: 87.04, data load time: 0.06561, step time: 0.04008
epoch: [14], step: [1497/1543], batch loss: 0.19003, batch accuracy: 83.58, data load time: 0.09217, step time: 0.03412
EVALUATION METRICS:
-------------------------------------------------------------

Validation AUC Score: 0.8287

-------------------------------------------------------------
validation loss: 0.16670, accuracy: 82.87
epoch: [15], step: [54/1543], batch loss: 0.19706, batch accuracy: 86.59, data load time: 0.08242, step time: 0.03765
epoch: [15], step: [154/1543], batch loss: 0.16623, batch accuracy: 87.78, data load time: 0.05498, step time: 0.03692
epoch: [15], step: [254/1543], batch loss: 0.16482, batch accuracy: 84.84, data load time: 0.07914, step time: 0.03586
epoch: [15], step: [354/1543], batch loss: 0.14888, batch accuracy: 89.66, data load time: 0.06448, step time: 0.03929
epoch: [15], step: [454/1543], batch loss: 0.13232, batch accuracy: 94.66, data load time: 0.08390, step time: 0.03453
epoch: [15], step: [554/1543], batch loss: 0.12209, batch accuracy: 86.57, data load time: 0.10512, step time: 0.03651
epoch: [15], step: [654/1543], batch loss: 0.12356, batch accuracy: 85.33, data load time: 0.08135, step time: 0.03370
epoch: [15], step: [754/1543], batch loss: 0.14934, batch accuracy: 85.20, data load time: 0.14102, step time: 0.03727
epoch: [15], step: [854/1543], batch loss: 0.18207, batch accuracy: 80.25, data load time: 0.10508, step time: 0.03711
epoch: [15], step: [954/1543], batch loss: 0.13736, batch accuracy: 85.69, data load time: 0.17845, step time: 0.03530
epoch: [15], step: [1054/1543], batch loss: 0.14805, batch accuracy: 87.27, data load time: 0.09682, step time: 0.03594
epoch: [15], step: [1154/1543], batch loss: 0.22075, batch accuracy: 89.37, data load time: 0.10912, step time: 0.04042
epoch: [15], step: [1254/1543], batch loss: 0.16084, batch accuracy: 80.00, data load time: 0.16336, step time: 0.03197
epoch: [15], step: [1354/1543], batch loss: 0.24328, batch accuracy: 89.73, data load time: 0.12666, step time: 0.04230
epoch: [15], step: [1454/1543], batch loss: 0.14710, batch accuracy: 93.48, data load time: 0.12767, step time: 0.03605
EVALUATION METRICS:
-------------------------------------------------------------

Validation AUC Score: 0.8301

-------------------------------------------------------------
validation loss: 0.16539, accuracy: 83.01
epoch: [16], step: [11/1543], batch loss: 0.18192, batch accuracy: 85.35, data load time: 0.07901, step time: 0.03851
epoch: [16], step: [111/1543], batch loss: 0.16602, batch accuracy: 78.73, data load time: 0.07996, step time: 0.03669
epoch: [16], step: [211/1543], batch loss: 0.15802, batch accuracy: 78.54, data load time: 0.06472, step time: 0.03222
epoch: [16], step: [311/1543], batch loss: 0.18863, batch accuracy: 87.27, data load time: 0.17177, step time: 0.03592
epoch: [16], step: [411/1543], batch loss: 0.15243, batch accuracy: 87.28, data load time: 0.15008, step time: 0.03475
epoch: [16], step: [511/1543], batch loss: 0.16428, batch accuracy: 93.98, data load time: 0.11471, step time: 0.03980
epoch: [16], step: [611/1543], batch loss: 0.17746, batch accuracy: 88.79, data load time: 0.11617, step time: 0.04031
epoch: [16], step: [711/1543], batch loss: 0.12350, batch accuracy: 89.92, data load time: 0.16270, step time: 0.03168
epoch: [16], step: [811/1543], batch loss: 0.16795, batch accuracy: 85.16, data load time: 0.15086, step time: 0.03628
epoch: [16], step: [911/1543], batch loss: 0.16114, batch accuracy: 91.78, data load time: 0.21274, step time: 0.03733
epoch: [16], step: [1011/1543], batch loss: 0.17023, batch accuracy: 82.54, data load time: 0.17123, step time: 0.03732
epoch: [16], step: [1111/1543], batch loss: 0.16929, batch accuracy: 88.61, data load time: 0.21430, step time: 0.03625
epoch: [16], step: [1211/1543], batch loss: 0.17688, batch accuracy: 82.05, data load time: 0.16146, step time: 0.03774
epoch: [16], step: [1311/1543], batch loss: 0.18138, batch accuracy: 85.69, data load time: 0.14124, step time: 0.03576
epoch: [16], step: [1411/1543], batch loss: 0.16142, batch accuracy: 91.89, data load time: 0.11548, step time: 0.03629
epoch: [16], step: [1511/1543], batch loss: 0.18652, batch accuracy: 73.44, data load time: 0.10084, step time: 0.03258
EVALUATION METRICS:
-------------------------------------------------------------

Validation AUC Score: 0.8320

-------------------------------------------------------------
validation loss: 0.16296, accuracy: 83.20
epoch: [17], step: [68/1543], batch loss: 0.12870, batch accuracy: 83.51, data load time: 0.05019, step time: 0.04031
epoch: [17], step: [168/1543], batch loss: 0.15790, batch accuracy: 86.58, data load time: 0.07523, step time: 0.03552
epoch: [17], step: [268/1543], batch loss: 0.21133, batch accuracy: 75.45, data load time: 0.12620, step time: 0.03826
epoch: [17], step: [368/1543], batch loss: 0.11071, batch accuracy: 93.48, data load time: 0.06758, step time: 0.03132
epoch: [17], step: [468/1543], batch loss: 0.11768, batch accuracy: 89.63, data load time: 0.13530, step time: 0.03122
epoch: [17], step: [568/1543], batch loss: 0.16753, batch accuracy: 94.50, data load time: 0.11045, step time: 0.03638
epoch: [17], step: [668/1543], batch loss: 0.14382, batch accuracy: 84.76, data load time: 0.09542, step time: 0.03490
epoch: [17], step: [768/1543], batch loss: 0.16991, batch accuracy: 88.89, data load time: 0.06939, step time: 0.03916
epoch: [17], step: [868/1543], batch loss: 0.14057, batch accuracy: 84.04, data load time: 0.08911, step time: 0.03236
epoch: [17], step: [968/1543], batch loss: 0.11746, batch accuracy: 90.94, data load time: 0.06645, step time: 0.03136
epoch: [17], step: [1068/1543], batch loss: 0.13862, batch accuracy: 87.15, data load time: 0.05075, step time: 0.03173
epoch: [17], step: [1168/1543], batch loss: 0.16619, batch accuracy: 74.27, data load time: 0.12270, step time: 0.03108
epoch: [17], step: [1268/1543], batch loss: 0.17641, batch accuracy: 88.08, data load time: 0.07145, step time: 0.03928
epoch: [17], step: [1368/1543], batch loss: 0.12306, batch accuracy: 84.65, data load time: 0.10236, step time: 0.03408
epoch: [17], step: [1468/1543], batch loss: 0.13828, batch accuracy: 91.47, data load time: 0.08219, step time: 0.03414
EVALUATION METRICS:
-------------------------------------------------------------

Validation AUC Score: 0.8348

-------------------------------------------------------------
validation loss: 0.16283, accuracy: 83.48
epoch: [18], step: [25/1543], batch loss: 0.11151, batch accuracy: 92.35, data load time: 0.03971, step time: 0.03883
epoch: [18], step: [125/1543], batch loss: 0.14087, batch accuracy: 89.05, data load time: 0.05406, step time: 0.03732
epoch: [18], step: [225/1543], batch loss: 0.21465, batch accuracy: 83.40, data load time: 0.13912, step time: 0.04065
epoch: [18], step: [325/1543], batch loss: 0.14546, batch accuracy: 88.08, data load time: 0.11904, step time: 0.03831
epoch: [18], step: [425/1543], batch loss: 0.16588, batch accuracy: 82.01, data load time: 0.12141, step time: 0.03475
epoch: [18], step: [525/1543], batch loss: 0.16927, batch accuracy: 92.45, data load time: 0.14052, step time: 0.04148
epoch: [18], step: [625/1543], batch loss: 0.17588, batch accuracy: 80.98, data load time: 0.08449, step time: 0.03618
epoch: [18], step: [725/1543], batch loss: 0.12291, batch accuracy: 94.80, data load time: 0.18349, step time: 0.03405
epoch: [18], step: [825/1543], batch loss: 0.11430, batch accuracy: 91.22, data load time: 0.18548, step time: 0.02977
epoch: [18], step: [925/1543], batch loss: 0.15800, batch accuracy: 87.44, data load time: 0.06720, step time: 0.03721
epoch: [18], step: [1025/1543], batch loss: 0.16302, batch accuracy: 90.12, data load time: 0.13812, step time: 0.03685
epoch: [18], step: [1125/1543], batch loss: 0.16220, batch accuracy: 87.58, data load time: 0.19368, step time: 0.03679
epoch: [18], step: [1225/1543], batch loss: 0.13409, batch accuracy: 95.24, data load time: 0.20086, step time: 0.03894
epoch: [18], step: [1325/1543], batch loss: 0.14485, batch accuracy: 91.57, data load time: 0.17160, step time: 0.03328
epoch: [18], step: [1425/1543], batch loss: 0.17249, batch accuracy: 80.55, data load time: 0.14481, step time: 0.03326
epoch: [18], step: [1525/1543], batch loss: 0.19479, batch accuracy: 84.38, data load time: 0.17165, step time: 0.03819
EVALUATION METRICS:
-------------------------------------------------------------

Validation AUC Score: 0.8365

-------------------------------------------------------------
validation loss: 0.16181, accuracy: 83.65
epoch: [19], step: [82/1543], batch loss: 0.15792, batch accuracy: 89.16, data load time: 0.17289, step time: 0.03341
epoch: [19], step: [182/1543], batch loss: 0.13033, batch accuracy: 94.25, data load time: 0.12650, step time: 0.03554
epoch: [19], step: [282/1543], batch loss: 0.16215, batch accuracy: 80.59, data load time: 0.12615, step time: 0.03634
epoch: [19], step: [382/1543], batch loss: 0.14919, batch accuracy: 84.16, data load time: 0.19542, step time: 0.03504
epoch: [19], step: [482/1543], batch loss: 0.13896, batch accuracy: 89.02, data load time: 0.14606, step time: 0.03654
epoch: [19], step: [582/1543], batch loss: 0.21078, batch accuracy: 84.52, data load time: 0.21301, step time: 0.03724
epoch: [19], step: [682/1543], batch loss: 0.20718, batch accuracy: 80.97, data load time: 0.19870, step time: 0.03936
epoch: [19], step: [782/1543], batch loss: 0.12412, batch accuracy: 89.74, data load time: 0.18769, step time: 0.03700
epoch: [19], step: [882/1543], batch loss: 0.15607, batch accuracy: 83.22, data load time: 0.19417, step time: 0.03481
epoch: [19], step: [982/1543], batch loss: 0.13578, batch accuracy: 89.38, data load time: 0.11251, step time: 0.03444
epoch: [19], step: [1082/1543], batch loss: 0.14185, batch accuracy: 87.79, data load time: 0.13714, step time: 0.03468
epoch: [19], step: [1182/1543], batch loss: 0.16051, batch accuracy: 83.34, data load time: 0.16421, step time: 0.03726
epoch: [19], step: [1282/1543], batch loss: 0.15348, batch accuracy: 87.18, data load time: 0.17419, step time: 0.03796
epoch: [19], step: [1382/1543], batch loss: 0.16345, batch accuracy: 90.74, data load time: 0.16476, step time: 0.03444
epoch: [19], step: [1482/1543], batch loss: 0.16386, batch accuracy: 89.01, data load time: 0.17012, step time: 0.03550
EVALUATION METRICS:
-------------------------------------------------------------

Validation AUC Score: 0.8361

-------------------------------------------------------------
validation loss: 0.16373, accuracy: 83.61
EVALUATION METRICS:
-------------------------------------------------------------

Test AUC Score: 0.8371, Class Labels: ambient: 0.8532, baroque: 0.9151, bass: 0.8113, beat: 0.9133, cello: 0.8311, chant: 0.8851, choir: 0.9509, classical: 0.8664, country: 0.8635, dance: 0.9470, drum: 0.8588, eastern: 0.8167, electro: 0.7966, fast: 0.8219, female: 0.8002, flute: 0.8610, folk: 0.8076, foreign: 0.7633, guitar: 0.8122, hard: 0.9675, harp: 0.8644, harpsichord: 0.9313, heavy: 0.9800, india: 0.7894, jazz: 0.8748, loud: 0.8983, male: 0.7847, modern: 0.8009, new age: 0.7860, no beat: 0.6863, no piano: 0.6387, no singer: 0.6181, opera: 0.9395, orchestra: 0.8704, piano: 0.8764, pop: 0.8719, quiet: 0.8965, rock: 0.9758, singer: 0.7752, sitar: 0.7998, slow: 0.7903, soft: 0.8061, solo: 0.8359, strange: 0.7193, string: 0.7860, synth: 0.7377, techno: 0.9200, trance: 0.8913, violin: 0.7883, vocal: 0.7785

-------------------------------------------------------------
validation loss: 0.47778, accuracy: 83.71
