Loading data from /mnt/storage/scratch/ee20947/MagnaTagATune/annotations/train.pkl...
Loading data from /mnt/storage/scratch/ee20947/MagnaTagATune/annotations/train.pkl...
Loading data from /mnt/storage/scratch/ee20947/MagnaTagATune/annotations/val.pkl...
Loading data from /mnt/storage/scratch/ee20947/MagnaTagATune/annotations/test.pkl...
Writing logs to logs/CNN_sgd_momentum=0.93_learning_rate=0.2_conv_length=256_conv_stride=256_batch_size=10_epochs=30_weight_decay=1e-05_extension=ExtraCNN_run_9
epoch: [0], step: [99/1543], batch loss: 0.21574, batch accuracy: 75.94, data load time: 0.25478, step time: 0.03908
epoch: [0], step: [199/1543], batch loss: 0.27565, batch accuracy: 67.47, data load time: 0.28126, step time: 0.04055
epoch: [0], step: [299/1543], batch loss: 0.16370, batch accuracy: 62.71, data load time: 0.28715, step time: 0.03196
epoch: [0], step: [399/1543], batch loss: 0.18975, batch accuracy: 70.65, data load time: 0.28728, step time: 0.03255
epoch: [0], step: [499/1543], batch loss: 0.23839, batch accuracy: 73.65, data load time: 0.27699, step time: 0.03715
epoch: [0], step: [599/1543], batch loss: 0.17780, batch accuracy: 70.81, data load time: 0.23472, step time: 0.03494
epoch: [0], step: [699/1543], batch loss: 0.18733, batch accuracy: 75.72, data load time: 0.21781, step time: 0.03776
epoch: [0], step: [799/1543], batch loss: 0.20154, batch accuracy: 81.91, data load time: 0.27446, step time: 0.03705
epoch: [0], step: [899/1543], batch loss: 0.18977, batch accuracy: 61.19, data load time: 0.22391, step time: 0.03417
epoch: [0], step: [999/1543], batch loss: 0.19528, batch accuracy: 77.14, data load time: 0.26216, step time: 0.03482
epoch: [0], step: [1099/1543], batch loss: 0.18681, batch accuracy: 53.74, data load time: 0.20552, step time: 0.03190
epoch: [0], step: [1199/1543], batch loss: 0.18349, batch accuracy: 71.00, data load time: 0.28354, step time: 0.03420
epoch: [0], step: [1299/1543], batch loss: 0.18438, batch accuracy: 84.74, data load time: 0.24774, step time: 0.03425
epoch: [0], step: [1399/1543], batch loss: 0.25975, batch accuracy: 71.01, data load time: 0.22884, step time: 0.04201
epoch: [0], step: [1499/1543], batch loss: 0.24348, batch accuracy: 73.25, data load time: 0.25729, step time: 0.03929
epoch: [1], step: [56/1543], batch loss: 0.27610, batch accuracy: 79.27, data load time: 0.08959, step time: 0.04362
epoch: [1], step: [156/1543], batch loss: 0.20361, batch accuracy: 68.35, data load time: 0.19268, step time: 0.03721
epoch: [1], step: [256/1543], batch loss: 0.19983, batch accuracy: 74.95, data load time: 0.11366, step time: 0.03881
epoch: [1], step: [356/1543], batch loss: 0.19260, batch accuracy: 69.44, data load time: 0.17696, step time: 0.03504
epoch: [1], step: [456/1543], batch loss: 0.18883, batch accuracy: 72.15, data load time: 0.17841, step time: 0.03586
epoch: [1], step: [556/1543], batch loss: 0.22134, batch accuracy: 75.41, data load time: 0.21788, step time: 0.03792
epoch: [1], step: [656/1543], batch loss: 0.22516, batch accuracy: 85.36, data load time: 0.16238, step time: 0.03877
epoch: [1], step: [756/1543], batch loss: 0.18789, batch accuracy: 76.21, data load time: 0.17993, step time: 0.03579
epoch: [1], step: [856/1543], batch loss: 0.16721, batch accuracy: 82.06, data load time: 0.19510, step time: 0.03435
epoch: [1], step: [956/1543], batch loss: 0.22791, batch accuracy: 76.77, data load time: 0.25627, step time: 0.03990
epoch: [1], step: [1056/1543], batch loss: 0.13113, batch accuracy: 87.99, data load time: 0.36623, step time: 0.03214
epoch: [1], step: [1156/1543], batch loss: 0.22745, batch accuracy: 72.89, data load time: 0.24912, step time: 0.04091
epoch: [1], step: [1256/1543], batch loss: 0.21644, batch accuracy: 89.82, data load time: 0.23749, step time: 0.04365
epoch: [1], step: [1356/1543], batch loss: 0.16063, batch accuracy: 85.66, data load time: 0.26510, step time: 0.03662
epoch: [1], step: [1456/1543], batch loss: 0.18030, batch accuracy: 71.45, data load time: 0.24703, step time: 0.03722
epoch: [2], step: [13/1543], batch loss: 0.20728, batch accuracy: 72.34, data load time: 0.09715, step time: 0.03909
epoch: [2], step: [113/1543], batch loss: 0.15959, batch accuracy: 74.16, data load time: 0.10212, step time: 0.03351
epoch: [2], step: [213/1543], batch loss: 0.23613, batch accuracy: 74.99, data load time: 0.05556, step time: 0.04253
epoch: [2], step: [313/1543], batch loss: 0.15606, batch accuracy: 83.74, data load time: 0.20387, step time: 0.03618
epoch: [2], step: [413/1543], batch loss: 0.22685, batch accuracy: 74.76, data load time: 0.13973, step time: 0.04225
epoch: [2], step: [513/1543], batch loss: 0.18343, batch accuracy: 81.76, data load time: 0.12225, step time: 0.03733
epoch: [2], step: [613/1543], batch loss: 0.17322, batch accuracy: 81.22, data load time: 0.14800, step time: 0.03875
epoch: [2], step: [713/1543], batch loss: 0.23395, batch accuracy: 82.97, data load time: 0.22600, step time: 0.03885
epoch: [2], step: [813/1543], batch loss: 0.17193, batch accuracy: 78.46, data load time: 0.19935, step time: 0.03509
epoch: [2], step: [913/1543], batch loss: 0.21876, batch accuracy: 76.64, data load time: 0.23150, step time: 0.03876
epoch: [2], step: [1013/1543], batch loss: 0.19267, batch accuracy: 75.22, data load time: 0.18772, step time: 0.03514
epoch: [2], step: [1113/1543], batch loss: 0.21752, batch accuracy: 73.30, data load time: 0.25223, step time: 0.03735
epoch: [2], step: [1213/1543], batch loss: 0.16918, batch accuracy: 81.39, data load time: 0.25049, step time: 0.03512
epoch: [2], step: [1313/1543], batch loss: 0.16754, batch accuracy: 79.29, data load time: 0.27413, step time: 0.03582
epoch: [2], step: [1413/1543], batch loss: 0.16045, batch accuracy: 71.98, data load time: 0.25622, step time: 0.03372
epoch: [2], step: [1513/1543], batch loss: 0.17272, batch accuracy: 82.70, data load time: 0.22673, step time: 0.03346
epoch: [3], step: [70/1543], batch loss: 0.16681, batch accuracy: 71.09, data load time: 0.20905, step time: 0.03205
epoch: [3], step: [170/1543], batch loss: 0.19737, batch accuracy: 90.33, data load time: 0.13276, step time: 0.04080
epoch: [3], step: [270/1543], batch loss: 0.14883, batch accuracy: 74.64, data load time: 0.11335, step time: 0.03346
epoch: [3], step: [370/1543], batch loss: 0.17778, batch accuracy: 90.36, data load time: 0.15762, step time: 0.04140
epoch: [3], step: [470/1543], batch loss: 0.19114, batch accuracy: 82.77, data load time: 0.18997, step time: 0.03655
epoch: [3], step: [570/1543], batch loss: 0.13648, batch accuracy: 88.52, data load time: 0.14140, step time: 0.03440
epoch: [3], step: [670/1543], batch loss: 0.16942, batch accuracy: 81.86, data load time: 0.27775, step time: 0.03491
epoch: [3], step: [770/1543], batch loss: 0.20426, batch accuracy: 76.28, data load time: 0.28043, step time: 0.04295
epoch: [3], step: [870/1543], batch loss: 0.22810, batch accuracy: 72.78, data load time: 0.16914, step time: 0.03851
epoch: [3], step: [970/1543], batch loss: 0.20580, batch accuracy: 69.50, data load time: 0.23006, step time: 0.03805
epoch: [3], step: [1070/1543], batch loss: 0.19835, batch accuracy: 83.38, data load time: 0.21010, step time: 0.03999
epoch: [3], step: [1170/1543], batch loss: 0.14776, batch accuracy: 83.97, data load time: 0.19848, step time: 0.03920
epoch: [3], step: [1270/1543], batch loss: 0.23018, batch accuracy: 76.97, data load time: 0.25205, step time: 0.04167
epoch: [3], step: [1370/1543], batch loss: 0.17661, batch accuracy: 84.10, data load time: 0.23811, step time: 0.03787
epoch: [3], step: [1470/1543], batch loss: 0.18711, batch accuracy: 85.38, data load time: 0.24060, step time: 0.03787
epoch: [4], step: [27/1543], batch loss: 0.16644, batch accuracy: 80.26, data load time: 0.05648, step time: 0.03304
epoch: [4], step: [127/1543], batch loss: 0.21360, batch accuracy: 82.21, data load time: 0.09578, step time: 0.04087
epoch: [4], step: [227/1543], batch loss: 0.19380, batch accuracy: 78.54, data load time: 0.15044, step time: 0.03583
epoch: [4], step: [327/1543], batch loss: 0.15313, batch accuracy: 83.79, data load time: 0.15437, step time: 0.03427
epoch: [4], step: [427/1543], batch loss: 0.17814, batch accuracy: 88.81, data load time: 0.14029, step time: 0.03643
epoch: [4], step: [527/1543], batch loss: 0.16845, batch accuracy: 85.60, data load time: 0.22189, step time: 0.03585
epoch: [4], step: [627/1543], batch loss: 0.18382, batch accuracy: 85.82, data load time: 0.15792, step time: 0.03873
epoch: [4], step: [727/1543], batch loss: 0.15123, batch accuracy: 91.91, data load time: 0.17903, step time: 0.03371
epoch: [4], step: [827/1543], batch loss: 0.18514, batch accuracy: 78.77, data load time: 0.26376, step time: 0.03734
epoch: [4], step: [927/1543], batch loss: 0.21362, batch accuracy: 78.57, data load time: 0.19215, step time: 0.04010
epoch: [4], step: [1027/1543], batch loss: 0.19667, batch accuracy: 77.78, data load time: 0.18582, step time: 0.03936
epoch: [4], step: [1127/1543], batch loss: 0.12182, batch accuracy: 85.26, data load time: 0.28559, step time: 0.03295
epoch: [4], step: [1227/1543], batch loss: 0.16813, batch accuracy: 88.30, data load time: 0.24860, step time: 0.03521
epoch: [4], step: [1327/1543], batch loss: 0.15424, batch accuracy: 83.58, data load time: 0.22951, step time: 0.03444
epoch: [4], step: [1427/1543], batch loss: 0.17554, batch accuracy: 83.08, data load time: 0.29312, step time: 0.03810
epoch: [4], step: [1527/1543], batch loss: 0.18620, batch accuracy: 81.12, data load time: 0.24522, step time: 0.03648
EVALUATION METRICS:
-------------------------------------------------------------

Validation: AUC Score: 0.7944

-------------------------------------------------------------
validation loss: 0.18941, accuracy: 79.44
epoch: [5], step: [84/1543], batch loss: 0.26212, batch accuracy: 71.79, data load time: 0.14279, step time: 0.03873
epoch: [5], step: [184/1543], batch loss: 0.19486, batch accuracy: 83.49, data load time: 0.17108, step time: 0.04009
epoch: [5], step: [284/1543], batch loss: 0.23377, batch accuracy: 70.23, data load time: 0.16326, step time: 0.03656
epoch: [5], step: [384/1543], batch loss: 0.17222, batch accuracy: 71.20, data load time: 0.16541, step time: 0.03491
epoch: [5], step: [484/1543], batch loss: 0.17580, batch accuracy: 83.69, data load time: 0.18681, step time: 0.03638
epoch: [5], step: [584/1543], batch loss: 0.22974, batch accuracy: 74.35, data load time: 0.24445, step time: 0.04202
epoch: [5], step: [684/1543], batch loss: 0.14993, batch accuracy: 78.07, data load time: 0.20827, step time: 0.03191
epoch: [5], step: [784/1543], batch loss: 0.18437, batch accuracy: 78.58, data load time: 0.26007, step time: 0.03856
epoch: [5], step: [884/1543], batch loss: 0.19296, batch accuracy: 85.67, data load time: 0.22343, step time: 0.03574
epoch: [5], step: [984/1543], batch loss: 0.22620, batch accuracy: 83.27, data load time: 0.24908, step time: 0.04010
epoch: [5], step: [1084/1543], batch loss: 0.15648, batch accuracy: 85.15, data load time: 0.25584, step time: 0.03802
epoch: [5], step: [1184/1543], batch loss: 0.19210, batch accuracy: 81.41, data load time: 0.25458, step time: 0.03640
epoch: [5], step: [1284/1543], batch loss: 0.14912, batch accuracy: 76.54, data load time: 0.24361, step time: 0.03116
epoch: [5], step: [1384/1543], batch loss: 0.21780, batch accuracy: 85.41, data load time: 0.33192, step time: 0.04001
epoch: [5], step: [1484/1543], batch loss: 0.17692, batch accuracy: 78.43, data load time: 0.23521, step time: 0.03498
epoch: [6], step: [41/1543], batch loss: 0.17886, batch accuracy: 90.26, data load time: 0.16031, step time: 0.03473
epoch: [6], step: [141/1543], batch loss: 0.15788, batch accuracy: 76.41, data load time: 0.11945, step time: 0.03428
epoch: [6], step: [241/1543], batch loss: 0.13809, batch accuracy: 76.90, data load time: 0.11688, step time: 0.03354
epoch: [6], step: [341/1543], batch loss: 0.19093, batch accuracy: 73.80, data load time: 0.13761, step time: 0.03693
epoch: [6], step: [441/1543], batch loss: 0.19072, batch accuracy: 87.56, data load time: 0.16607, step time: 0.03868
epoch: [6], step: [541/1543], batch loss: 0.15787, batch accuracy: 87.52, data load time: 0.18114, step time: 0.03671
epoch: [6], step: [641/1543], batch loss: 0.18628, batch accuracy: 82.51, data load time: 0.16817, step time: 0.03988
epoch: [6], step: [741/1543], batch loss: 0.16405, batch accuracy: 89.29, data load time: 0.17617, step time: 0.03781
epoch: [6], step: [841/1543], batch loss: 0.23801, batch accuracy: 84.14, data load time: 0.23463, step time: 0.04137
epoch: [6], step: [941/1543], batch loss: 0.17479, batch accuracy: 88.05, data load time: 0.24290, step time: 0.03992
epoch: [6], step: [1041/1543], batch loss: 0.19534, batch accuracy: 78.31, data load time: 0.24152, step time: 0.03648
epoch: [6], step: [1141/1543], batch loss: 0.15035, batch accuracy: 81.98, data load time: 0.23175, step time: 0.03411
epoch: [6], step: [1241/1543], batch loss: 0.18765, batch accuracy: 84.72, data load time: 0.24623, step time: 0.03790
epoch: [6], step: [1341/1543], batch loss: 0.20681, batch accuracy: 75.91, data load time: 0.23603, step time: 0.03718
epoch: [6], step: [1441/1543], batch loss: 0.15951, batch accuracy: 86.69, data load time: 0.19435, step time: 0.03206
epoch: [6], step: [1541/1543], batch loss: 0.16420, batch accuracy: 91.49, data load time: 0.23117, step time: 0.03933
epoch: [7], step: [98/1543], batch loss: 0.16764, batch accuracy: 83.86, data load time: 0.18018, step time: 0.03637
epoch: [7], step: [198/1543], batch loss: 0.14692, batch accuracy: 84.73, data load time: 0.06013, step time: 0.03507
epoch: [7], step: [298/1543], batch loss: 0.18416, batch accuracy: 84.12, data load time: 0.11007, step time: 0.04163
epoch: [7], step: [398/1543], batch loss: 0.16610, batch accuracy: 76.78, data load time: 0.13261, step time: 0.03577
epoch: [7], step: [498/1543], batch loss: 0.21976, batch accuracy: 79.50, data load time: 0.14845, step time: 0.03671
epoch: [7], step: [598/1543], batch loss: 0.12896, batch accuracy: 88.72, data load time: 0.14264, step time: 0.03285
epoch: [7], step: [698/1543], batch loss: 0.18001, batch accuracy: 89.86, data load time: 0.18657, step time: 0.03864
epoch: [7], step: [798/1543], batch loss: 0.15761, batch accuracy: 86.30, data load time: 0.23440, step time: 0.03662
epoch: [7], step: [898/1543], batch loss: 0.13478, batch accuracy: 92.53, data load time: 0.21949, step time: 0.03641
epoch: [7], step: [998/1543], batch loss: 0.14641, batch accuracy: 86.38, data load time: 0.17867, step time: 0.03438
epoch: [7], step: [1098/1543], batch loss: 0.18758, batch accuracy: 85.56, data load time: 0.19891, step time: 0.03374
epoch: [7], step: [1198/1543], batch loss: 0.15708, batch accuracy: 88.77, data load time: 0.24978, step time: 0.03806
epoch: [7], step: [1298/1543], batch loss: 0.14102, batch accuracy: 84.53, data load time: 0.21900, step time: 0.03668
epoch: [7], step: [1398/1543], batch loss: 0.16406, batch accuracy: 90.81, data load time: 0.21669, step time: 0.03800
epoch: [7], step: [1498/1543], batch loss: 0.17808, batch accuracy: 85.35, data load time: 0.19975, step time: 0.03808
epoch: [8], step: [55/1543], batch loss: 0.18405, batch accuracy: 86.36, data load time: 0.09360, step time: 0.04201
epoch: [8], step: [155/1543], batch loss: 0.19733, batch accuracy: 83.24, data load time: 0.13026, step time: 0.04076
epoch: [8], step: [255/1543], batch loss: 0.19090, batch accuracy: 81.34, data load time: 0.11934, step time: 0.03656
epoch: [8], step: [355/1543], batch loss: 0.14970, batch accuracy: 83.50, data load time: 0.17035, step time: 0.03714
epoch: [8], step: [455/1543], batch loss: 0.14317, batch accuracy: 91.52, data load time: 0.17680, step time: 0.03575
epoch: [8], step: [555/1543], batch loss: 0.18485, batch accuracy: 83.75, data load time: 0.14443, step time: 0.03581
epoch: [8], step: [655/1543], batch loss: 0.15861, batch accuracy: 71.56, data load time: 0.20486, step time: 0.03414
epoch: [8], step: [755/1543], batch loss: 0.19859, batch accuracy: 82.65, data load time: 0.18419, step time: 0.04400
epoch: [8], step: [855/1543], batch loss: 0.12939, batch accuracy: 89.44, data load time: 0.23709, step time: 0.03495
epoch: [8], step: [955/1543], batch loss: 0.18602, batch accuracy: 81.11, data load time: 0.22202, step time: 0.03714
epoch: [8], step: [1055/1543], batch loss: 0.13669, batch accuracy: 86.06, data load time: 0.20258, step time: 0.03575
epoch: [8], step: [1155/1543], batch loss: 0.14638, batch accuracy: 78.92, data load time: 0.20803, step time: 0.03507
epoch: [8], step: [1255/1543], batch loss: 0.16604, batch accuracy: 70.70, data load time: 0.24955, step time: 0.03293
epoch: [8], step: [1355/1543], batch loss: 0.16473, batch accuracy: 91.31, data load time: 0.23928, step time: 0.03635
epoch: [8], step: [1455/1543], batch loss: 0.15243, batch accuracy: 82.93, data load time: 0.21741, step time: 0.03499
epoch: [9], step: [12/1543], batch loss: 0.18216, batch accuracy: 78.98, data load time: 0.16046, step time: 0.03549
epoch: [9], step: [112/1543], batch loss: 0.12679, batch accuracy: 81.14, data load time: 0.02967, step time: 0.03423
epoch: [9], step: [212/1543], batch loss: 0.15584, batch accuracy: 87.35, data load time: 0.19330, step time: 0.03926
epoch: [9], step: [312/1543], batch loss: 0.15988, batch accuracy: 81.66, data load time: 0.18574, step time: 0.03512
epoch: [9], step: [412/1543], batch loss: 0.19279, batch accuracy: 82.59, data load time: 0.15122, step time: 0.03718
epoch: [9], step: [512/1543], batch loss: 0.19150, batch accuracy: 85.41, data load time: 0.15570, step time: 0.04076
epoch: [9], step: [612/1543], batch loss: 0.14726, batch accuracy: 85.07, data load time: 0.25040, step time: 0.03602
epoch: [9], step: [712/1543], batch loss: 0.12901, batch accuracy: 88.41, data load time: 0.19697, step time: 0.03210
epoch: [9], step: [812/1543], batch loss: 0.19397, batch accuracy: 77.70, data load time: 0.23389, step time: 0.03631
epoch: [9], step: [912/1543], batch loss: 0.16122, batch accuracy: 78.70, data load time: 0.17353, step time: 0.03652
epoch: [9], step: [1012/1543], batch loss: 0.20851, batch accuracy: 84.52, data load time: 0.24630, step time: 0.04219
epoch: [9], step: [1112/1543], batch loss: 0.20702, batch accuracy: 80.12, data load time: 0.21382, step time: 0.03721
epoch: [9], step: [1212/1543], batch loss: 0.16508, batch accuracy: 76.46, data load time: 0.23051, step time: 0.03447
epoch: [9], step: [1312/1543], batch loss: 0.16079, batch accuracy: 84.31, data load time: 0.15457, step time: 0.03444
epoch: [9], step: [1412/1543], batch loss: 0.20004, batch accuracy: 75.17, data load time: 0.23935, step time: 0.03790
epoch: [9], step: [1512/1543], batch loss: 0.17303, batch accuracy: 89.97, data load time: 0.21133, step time: 0.03855
EVALUATION METRICS:
-------------------------------------------------------------

Validation: AUC Score: 0.8313

-------------------------------------------------------------
validation loss: 0.16394, accuracy: 83.13
epoch: [10], step: [69/1543], batch loss: 0.13418, batch accuracy: 80.57, data load time: 0.18379, step time: 0.03120
epoch: [10], step: [169/1543], batch loss: 0.14758, batch accuracy: 78.02, data load time: 0.16257, step time: 0.03652
epoch: [10], step: [269/1543], batch loss: 0.20665, batch accuracy: 82.19, data load time: 0.08440, step time: 0.03783
epoch: [10], step: [369/1543], batch loss: 0.17218, batch accuracy: 81.48, data load time: 0.22551, step time: 0.03634
epoch: [10], step: [469/1543], batch loss: 0.16812, batch accuracy: 89.86, data load time: 0.18370, step time: 0.03505
epoch: [10], step: [569/1543], batch loss: 0.21839, batch accuracy: 79.02, data load time: 0.20548, step time: 0.03913
epoch: [10], step: [669/1543], batch loss: 0.16128, batch accuracy: 77.83, data load time: 0.18537, step time: 0.03348
epoch: [10], step: [769/1543], batch loss: 0.14494, batch accuracy: 85.35, data load time: 0.20627, step time: 0.03502
epoch: [10], step: [869/1543], batch loss: 0.16165, batch accuracy: 79.62, data load time: 0.23269, step time: 0.03638
epoch: [10], step: [969/1543], batch loss: 0.16286, batch accuracy: 81.43, data load time: 0.17359, step time: 0.03420
epoch: [10], step: [1069/1543], batch loss: 0.17893, batch accuracy: 89.12, data load time: 0.18990, step time: 0.03783
epoch: [10], step: [1169/1543], batch loss: 0.19357, batch accuracy: 73.90, data load time: 0.21733, step time: 0.03715
epoch: [10], step: [1269/1543], batch loss: 0.14002, batch accuracy: 83.30, data load time: 0.19964, step time: 0.03644
epoch: [10], step: [1369/1543], batch loss: 0.16034, batch accuracy: 91.50, data load time: 0.25093, step time: 0.03930
epoch: [10], step: [1469/1543], batch loss: 0.19343, batch accuracy: 84.68, data load time: 0.23970, step time: 0.04125
epoch: [11], step: [26/1543], batch loss: 0.16202, batch accuracy: 87.20, data load time: 0.14277, step time: 0.03601
epoch: [11], step: [126/1543], batch loss: 0.18667, batch accuracy: 75.61, data load time: 0.13248, step time: 0.03579
epoch: [11], step: [226/1543], batch loss: 0.18570, batch accuracy: 69.13, data load time: 0.06391, step time: 0.03756
epoch: [11], step: [326/1543], batch loss: 0.19619, batch accuracy: 80.08, data load time: 0.08772, step time: 0.03814
epoch: [11], step: [426/1543], batch loss: 0.17195, batch accuracy: 80.58, data load time: 0.12180, step time: 0.03578
epoch: [11], step: [526/1543], batch loss: 0.12207, batch accuracy: 85.63, data load time: 0.16603, step time: 0.03295
epoch: [11], step: [626/1543], batch loss: 0.14956, batch accuracy: 85.76, data load time: 0.20446, step time: 0.03558
epoch: [11], step: [726/1543], batch loss: 0.16980, batch accuracy: 76.78, data load time: 0.16994, step time: 0.03591
epoch: [11], step: [826/1543], batch loss: 0.14688, batch accuracy: 77.53, data load time: 0.13933, step time: 0.03137
epoch: [11], step: [926/1543], batch loss: 0.20306, batch accuracy: 81.15, data load time: 0.21028, step time: 0.03648
epoch: [11], step: [1026/1543], batch loss: 0.17671, batch accuracy: 86.20, data load time: 0.21086, step time: 0.04004
epoch: [11], step: [1126/1543], batch loss: 0.13647, batch accuracy: 88.61, data load time: 0.21320, step time: 0.03373
epoch: [11], step: [1226/1543], batch loss: 0.17594, batch accuracy: 77.62, data load time: 0.23550, step time: 0.03731
epoch: [11], step: [1326/1543], batch loss: 0.16271, batch accuracy: 94.35, data load time: 0.21592, step time: 0.04216
epoch: [11], step: [1426/1543], batch loss: 0.18173, batch accuracy: 85.41, data load time: 0.22389, step time: 0.04012
epoch: [11], step: [1526/1543], batch loss: 0.16949, batch accuracy: 89.09, data load time: 0.18335, step time: 0.03865
epoch: [12], step: [83/1543], batch loss: 0.13456, batch accuracy: 80.37, data load time: 0.11495, step time: 0.03206
epoch: [12], step: [183/1543], batch loss: 0.16923, batch accuracy: 89.07, data load time: 0.11447, step time: 0.04665
epoch: [12], step: [283/1543], batch loss: 0.18147, batch accuracy: 88.72, data load time: 0.11339, step time: 0.03643
epoch: [12], step: [383/1543], batch loss: 0.20489, batch accuracy: 85.02, data load time: 0.18097, step time: 0.04216
epoch: [12], step: [483/1543], batch loss: 0.20285, batch accuracy: 80.85, data load time: 0.18625, step time: 0.03803
epoch: [12], step: [583/1543], batch loss: 0.12419, batch accuracy: 90.97, data load time: 0.22866, step time: 0.03653
epoch: [12], step: [683/1543], batch loss: 0.20918, batch accuracy: 76.15, data load time: 0.10115, step time: 0.03961
epoch: [12], step: [783/1543], batch loss: 0.16808, batch accuracy: 88.00, data load time: 0.17022, step time: 0.03642
epoch: [12], step: [883/1543], batch loss: 0.19870, batch accuracy: 68.82, data load time: 0.20613, step time: 0.03571
epoch: [12], step: [983/1543], batch loss: 0.14236, batch accuracy: 87.06, data load time: 0.21359, step time: 0.03501
epoch: [12], step: [1083/1543], batch loss: 0.13786, batch accuracy: 90.77, data load time: 0.20548, step time: 0.03822
epoch: [12], step: [1183/1543], batch loss: 0.13014, batch accuracy: 86.42, data load time: 0.20517, step time: 0.03443
epoch: [12], step: [1283/1543], batch loss: 0.23326, batch accuracy: 80.22, data load time: 0.19082, step time: 0.04225
epoch: [12], step: [1383/1543], batch loss: 0.15087, batch accuracy: 83.46, data load time: 0.22559, step time: 0.03366
epoch: [12], step: [1483/1543], batch loss: 0.20545, batch accuracy: 72.80, data load time: 0.25850, step time: 0.03664
Epoch 00013: reducing learning rate of group 0 to 1.0000e-02.
epoch: [13], step: [40/1543], batch loss: 0.14591, batch accuracy: 90.30, data load time: 0.13904, step time: 0.03591
epoch: [13], step: [140/1543], batch loss: 0.16423, batch accuracy: 90.28, data load time: 0.19277, step time: 0.03702
epoch: [13], step: [240/1543], batch loss: 0.15245, batch accuracy: 89.66, data load time: 0.13214, step time: 0.03739
epoch: [13], step: [340/1543], batch loss: 0.17157, batch accuracy: 85.58, data load time: 0.15571, step time: 0.03445
epoch: [13], step: [440/1543], batch loss: 0.17598, batch accuracy: 85.36, data load time: 0.14542, step time: 0.03514
epoch: [13], step: [540/1543], batch loss: 0.14244, batch accuracy: 86.09, data load time: 0.21397, step time: 0.03760
epoch: [13], step: [640/1543], batch loss: 0.15510, batch accuracy: 88.56, data load time: 0.13235, step time: 0.03805
epoch: [13], step: [740/1543], batch loss: 0.17754, batch accuracy: 82.08, data load time: 0.14775, step time: 0.04095
epoch: [13], step: [840/1543], batch loss: 0.13856, batch accuracy: 92.83, data load time: 0.22950, step time: 0.03729
epoch: [13], step: [940/1543], batch loss: 0.18192, batch accuracy: 86.53, data load time: 0.17995, step time: 0.03966
epoch: [13], step: [1040/1543], batch loss: 0.16240, batch accuracy: 88.87, data load time: 0.23896, step time: 0.04174
epoch: [13], step: [1140/1543], batch loss: 0.20625, batch accuracy: 81.21, data load time: 0.19023, step time: 0.03798
epoch: [13], step: [1240/1543], batch loss: 0.15979, batch accuracy: 90.80, data load time: 0.27138, step time: 0.04022
epoch: [13], step: [1340/1543], batch loss: 0.15988, batch accuracy: 77.05, data load time: 0.22028, step time: 0.03658
epoch: [13], step: [1440/1543], batch loss: 0.18766, batch accuracy: 83.04, data load time: 0.16672, step time: 0.03810
epoch: [13], step: [1540/1543], batch loss: 0.16576, batch accuracy: 89.82, data load time: 0.23259, step time: 0.04060
epoch: [14], step: [97/1543], batch loss: 0.14331, batch accuracy: 90.24, data load time: 0.12023, step time: 0.03499
epoch: [14], step: [197/1543], batch loss: 0.16589, batch accuracy: 87.50, data load time: 0.11042, step time: 0.03941
epoch: [14], step: [297/1543], batch loss: 0.16170, batch accuracy: 93.83, data load time: 0.18662, step time: 0.03938
epoch: [14], step: [397/1543], batch loss: 0.12018, batch accuracy: 87.86, data load time: 0.17840, step time: 0.03501
epoch: [14], step: [497/1543], batch loss: 0.16456, batch accuracy: 85.07, data load time: 0.12514, step time: 0.03500
epoch: [14], step: [597/1543], batch loss: 0.15774, batch accuracy: 93.89, data load time: 0.16017, step time: 0.03807
epoch: [14], step: [697/1543], batch loss: 0.14837, batch accuracy: 89.21, data load time: 0.20812, step time: 0.03611
epoch: [14], step: [797/1543], batch loss: 0.16090, batch accuracy: 91.84, data load time: 0.12933, step time: 0.03947
epoch: [14], step: [897/1543], batch loss: 0.13088, batch accuracy: 91.78, data load time: 0.27808, step time: 0.03880
epoch: [14], step: [997/1543], batch loss: 0.14429, batch accuracy: 89.58, data load time: 0.19646, step time: 0.03510
epoch: [14], step: [1097/1543], batch loss: 0.15234, batch accuracy: 83.75, data load time: 0.24034, step time: 0.03732
epoch: [14], step: [1197/1543], batch loss: 0.17059, batch accuracy: 89.30, data load time: 0.21479, step time: 0.03722
epoch: [14], step: [1297/1543], batch loss: 0.18013, batch accuracy: 88.88, data load time: 0.23084, step time: 0.03788
epoch: [14], step: [1397/1543], batch loss: 0.14266, batch accuracy: 85.05, data load time: 0.23822, step time: 0.03438
epoch: [14], step: [1497/1543], batch loss: 0.14249, batch accuracy: 93.25, data load time: 0.24026, step time: 0.03917
EVALUATION METRICS:
-------------------------------------------------------------

Validation: AUC Score: 0.8387

-------------------------------------------------------------
validation loss: 0.16146, accuracy: 83.87
epoch: [15], step: [54/1543], batch loss: 0.21473, batch accuracy: 76.96, data load time: 0.11829, step time: 0.03859
epoch: [15], step: [154/1543], batch loss: 0.12116, batch accuracy: 92.01, data load time: 0.16998, step time: 0.03576
epoch: [15], step: [254/1543], batch loss: 0.13477, batch accuracy: 89.87, data load time: 0.18591, step time: 0.03792
epoch: [15], step: [354/1543], batch loss: 0.14395, batch accuracy: 79.51, data load time: 0.18247, step time: 0.03133
epoch: [15], step: [454/1543], batch loss: 0.17960, batch accuracy: 81.51, data load time: 0.19064, step time: 0.03729
epoch: [15], step: [554/1543], batch loss: 0.13989, batch accuracy: 91.04, data load time: 0.13200, step time: 0.03793
epoch: [15], step: [654/1543], batch loss: 0.16699, batch accuracy: 88.91, data load time: 0.18761, step time: 0.03876
epoch: [15], step: [754/1543], batch loss: 0.15078, batch accuracy: 90.42, data load time: 0.24849, step time: 0.03581
epoch: [15], step: [854/1543], batch loss: 0.17297, batch accuracy: 91.04, data load time: 0.19974, step time: 0.03944
epoch: [15], step: [954/1543], batch loss: 0.13979, batch accuracy: 92.76, data load time: 0.22144, step time: 0.03718
epoch: [15], step: [1054/1543], batch loss: 0.14056, batch accuracy: 92.82, data load time: 0.24400, step time: 0.03867
epoch: [15], step: [1154/1543], batch loss: 0.11245, batch accuracy: 94.03, data load time: 0.23209, step time: 0.03217
epoch: [15], step: [1254/1543], batch loss: 0.14670, batch accuracy: 94.13, data load time: 0.22394, step time: 0.03866
epoch: [15], step: [1354/1543], batch loss: 0.14709, batch accuracy: 86.12, data load time: 0.24552, step time: 0.03357
epoch: [15], step: [1454/1543], batch loss: 0.15591, batch accuracy: 86.51, data load time: 0.14187, step time: 0.03645
epoch: [16], step: [11/1543], batch loss: 0.17808, batch accuracy: 81.72, data load time: 0.12175, step time: 0.03871
epoch: [16], step: [111/1543], batch loss: 0.21411, batch accuracy: 80.38, data load time: 0.19277, step time: 0.04168
epoch: [16], step: [211/1543], batch loss: 0.11253, batch accuracy: 95.84, data load time: 0.08660, step time: 0.03573
epoch: [16], step: [311/1543], batch loss: 0.13806, batch accuracy: 92.02, data load time: 0.09187, step time: 0.03666
epoch: [16], step: [411/1543], batch loss: 0.16767, batch accuracy: 90.46, data load time: 0.22840, step time: 0.03987
epoch: [16], step: [511/1543], batch loss: 0.15090, batch accuracy: 90.56, data load time: 0.18879, step time: 0.03723
epoch: [16], step: [611/1543], batch loss: 0.17204, batch accuracy: 84.68, data load time: 0.13646, step time: 0.03862
epoch: [16], step: [711/1543], batch loss: 0.15978, batch accuracy: 88.89, data load time: 0.19690, step time: 0.04050
epoch: [16], step: [811/1543], batch loss: 0.10889, batch accuracy: 91.59, data load time: 0.27681, step time: 0.03075
epoch: [16], step: [911/1543], batch loss: 0.16404, batch accuracy: 89.65, data load time: 0.24158, step time: 0.03730
epoch: [16], step: [1011/1543], batch loss: 0.12090, batch accuracy: 90.82, data load time: 0.17434, step time: 0.03293
epoch: [16], step: [1111/1543], batch loss: 0.18374, batch accuracy: 89.35, data load time: 0.29996, step time: 0.04400
epoch: [16], step: [1211/1543], batch loss: 0.17285, batch accuracy: 86.38, data load time: 0.22724, step time: 0.03715
epoch: [16], step: [1311/1543], batch loss: 0.11490, batch accuracy: 94.68, data load time: 0.27456, step time: 0.03515
epoch: [16], step: [1411/1543], batch loss: 0.16767, batch accuracy: 90.08, data load time: 0.23689, step time: 0.03649
epoch: [16], step: [1511/1543], batch loss: 0.19414, batch accuracy: 86.86, data load time: 0.22741, step time: 0.03875
epoch: [17], step: [68/1543], batch loss: 0.13514, batch accuracy: 87.62, data load time: 0.20709, step time: 0.03432
epoch: [17], step: [168/1543], batch loss: 0.18610, batch accuracy: 81.32, data load time: 0.14098, step time: 0.03561
epoch: [17], step: [268/1543], batch loss: 0.16737, batch accuracy: 80.01, data load time: 0.11320, step time: 0.03507
epoch: [17], step: [368/1543], batch loss: 0.23332, batch accuracy: 69.30, data load time: 0.15572, step time: 0.03709
epoch: [17], step: [468/1543], batch loss: 0.17451, batch accuracy: 86.39, data load time: 0.14854, step time: 0.03944
epoch: [17], step: [568/1543], batch loss: 0.20945, batch accuracy: 81.96, data load time: 0.09744, step time: 0.03951
epoch: [17], step: [668/1543], batch loss: 0.17671, batch accuracy: 82.77, data load time: 0.14265, step time: 0.03808
epoch: [17], step: [768/1543], batch loss: 0.15281, batch accuracy: 90.92, data load time: 0.17424, step time: 0.03653
epoch: [17], step: [868/1543], batch loss: 0.14358, batch accuracy: 88.48, data load time: 0.23056, step time: 0.03581
epoch: [17], step: [968/1543], batch loss: 0.14988, batch accuracy: 83.99, data load time: 0.19080, step time: 0.03634
epoch: [17], step: [1068/1543], batch loss: 0.20001, batch accuracy: 84.14, data load time: 0.20434, step time: 0.04158
epoch: [17], step: [1168/1543], batch loss: 0.14795, batch accuracy: 85.09, data load time: 0.19217, step time: 0.03642
epoch: [17], step: [1268/1543], batch loss: 0.15109, batch accuracy: 92.05, data load time: 0.22094, step time: 0.03866
epoch: [17], step: [1368/1543], batch loss: 0.14507, batch accuracy: 83.34, data load time: 0.19861, step time: 0.03497
epoch: [17], step: [1468/1543], batch loss: 0.20585, batch accuracy: 86.95, data load time: 0.20294, step time: 0.04068
epoch: [18], step: [25/1543], batch loss: 0.13214, batch accuracy: 87.17, data load time: 0.02766, step time: 0.03573
epoch: [18], step: [125/1543], batch loss: 0.22936, batch accuracy: 77.26, data load time: 0.09032, step time: 0.04557
epoch: [18], step: [225/1543], batch loss: 0.11848, batch accuracy: 91.06, data load time: 0.14020, step time: 0.03365
epoch: [18], step: [325/1543], batch loss: 0.17669, batch accuracy: 83.17, data load time: 0.14956, step time: 0.03869
epoch: [18], step: [425/1543], batch loss: 0.14741, batch accuracy: 88.34, data load time: 0.12590, step time: 0.03578
epoch: [18], step: [525/1543], batch loss: 0.16957, batch accuracy: 87.55, data load time: 0.17415, step time: 0.04781
epoch: [18], step: [625/1543], batch loss: 0.13451, batch accuracy: 83.05, data load time: 0.18223, step time: 0.03732
epoch: [18], step: [725/1543], batch loss: 0.15582, batch accuracy: 92.11, data load time: 0.15410, step time: 0.03717
epoch: [18], step: [825/1543], batch loss: 0.14944, batch accuracy: 80.46, data load time: 0.19394, step time: 0.03212
epoch: [18], step: [925/1543], batch loss: 0.13865, batch accuracy: 88.78, data load time: 0.20285, step time: 0.03579
epoch: [18], step: [1025/1543], batch loss: 0.11642, batch accuracy: 91.19, data load time: 0.19679, step time: 0.03432
epoch: [18], step: [1125/1543], batch loss: 0.14851, batch accuracy: 93.30, data load time: 0.21574, step time: 0.04070
epoch: [18], step: [1225/1543], batch loss: 0.15413, batch accuracy: 78.55, data load time: 0.24187, step time: 0.03352
epoch: [18], step: [1325/1543], batch loss: 0.16056, batch accuracy: 92.85, data load time: 0.21107, step time: 0.03777
epoch: [18], step: [1425/1543], batch loss: 0.17079, batch accuracy: 86.65, data load time: 0.23220, step time: 0.03717
epoch: [18], step: [1525/1543], batch loss: 0.14128, batch accuracy: 91.21, data load time: 0.23395, step time: 0.03666
Epoch 00019: reducing learning rate of group 0 to 5.0000e-04.
epoch: [19], step: [82/1543], batch loss: 0.16112, batch accuracy: 82.57, data load time: 0.07546, step time: 0.03440
epoch: [19], step: [182/1543], batch loss: 0.15179, batch accuracy: 89.25, data load time: 0.14086, step time: 0.03288
epoch: [19], step: [282/1543], batch loss: 0.17735, batch accuracy: 84.16, data load time: 0.16080, step time: 0.04089
epoch: [19], step: [382/1543], batch loss: 0.15664, batch accuracy: 89.00, data load time: 0.23303, step time: 0.03921
epoch: [19], step: [482/1543], batch loss: 0.10665, batch accuracy: 84.93, data load time: 0.17204, step time: 0.03138
epoch: [19], step: [582/1543], batch loss: 0.15981, batch accuracy: 79.55, data load time: 0.12483, step time: 0.03445
epoch: [19], step: [682/1543], batch loss: 0.19024, batch accuracy: 85.74, data load time: 0.20974, step time: 0.03883
epoch: [19], step: [782/1543], batch loss: 0.23881, batch accuracy: 82.20, data load time: 0.21577, step time: 0.04223
epoch: [19], step: [882/1543], batch loss: 0.13754, batch accuracy: 88.29, data load time: 0.17694, step time: 0.03296
epoch: [19], step: [982/1543], batch loss: 0.13698, batch accuracy: 80.52, data load time: 0.23177, step time: 0.03548
epoch: [19], step: [1082/1543], batch loss: 0.16300, batch accuracy: 78.53, data load time: 0.20705, step time: 0.03427
epoch: [19], step: [1182/1543], batch loss: 0.16487, batch accuracy: 92.23, data load time: 0.24062, step time: 0.03664
epoch: [19], step: [1282/1543], batch loss: 0.12780, batch accuracy: 88.75, data load time: 0.22281, step time: 0.03566
epoch: [19], step: [1382/1543], batch loss: 0.11306, batch accuracy: 85.11, data load time: 0.23557, step time: 0.03216
epoch: [19], step: [1482/1543], batch loss: 0.12826, batch accuracy: 92.75, data load time: 0.21708, step time: 0.03713
EVALUATION METRICS:
-------------------------------------------------------------

Validation: AUC Score: 0.8449

-------------------------------------------------------------
validation loss: 0.15755, accuracy: 84.49
epoch: [20], step: [39/1543], batch loss: 0.19512, batch accuracy: 88.36, data load time: 0.05262, step time: 0.03952
epoch: [20], step: [139/1543], batch loss: 0.14113, batch accuracy: 92.81, data load time: 0.17229, step time: 0.03920
epoch: [20], step: [239/1543], batch loss: 0.18146, batch accuracy: 78.13, data load time: 0.16589, step time: 0.03299
epoch: [20], step: [339/1543], batch loss: 0.12545, batch accuracy: 91.70, data load time: 0.25321, step time: 0.03631
epoch: [20], step: [439/1543], batch loss: 0.15471, batch accuracy: 86.81, data load time: 0.19981, step time: 0.03629
epoch: [20], step: [539/1543], batch loss: 0.19386, batch accuracy: 81.02, data load time: 0.15950, step time: 0.03781
epoch: [20], step: [639/1543], batch loss: 0.24986, batch accuracy: 82.39, data load time: 0.17985, step time: 0.04244
epoch: [20], step: [739/1543], batch loss: 0.15868, batch accuracy: 91.36, data load time: 0.17505, step time: 0.03633
epoch: [20], step: [839/1543], batch loss: 0.19134, batch accuracy: 84.48, data load time: 0.20628, step time: 0.04153
epoch: [20], step: [939/1543], batch loss: 0.14755, batch accuracy: 89.06, data load time: 0.28553, step time: 0.03951
epoch: [20], step: [1039/1543], batch loss: 0.15034, batch accuracy: 90.52, data load time: 0.22166, step time: 0.04111
epoch: [20], step: [1139/1543], batch loss: 0.16780, batch accuracy: 75.58, data load time: 0.19703, step time: 0.03435
epoch: [20], step: [1239/1543], batch loss: 0.14540, batch accuracy: 80.67, data load time: 0.23209, step time: 0.03196
epoch: [20], step: [1339/1543], batch loss: 0.16036, batch accuracy: 86.81, data load time: 0.23699, step time: 0.03649
epoch: [20], step: [1439/1543], batch loss: 0.13290, batch accuracy: 91.49, data load time: 0.21488, step time: 0.03649
epoch: [20], step: [1539/1543], batch loss: 0.12366, batch accuracy: 79.80, data load time: 0.20910, step time: 0.03341
epoch: [21], step: [96/1543], batch loss: 0.22865, batch accuracy: 78.43, data load time: 0.18273, step time: 0.03885
epoch: [21], step: [196/1543], batch loss: 0.16220, batch accuracy: 80.92, data load time: 0.18672, step time: 0.03506
epoch: [21], step: [296/1543], batch loss: 0.12543, batch accuracy: 86.27, data load time: 0.03241, step time: 0.03407
epoch: [21], step: [396/1543], batch loss: 0.23894, batch accuracy: 76.22, data load time: 0.18327, step time: 0.04078
epoch: [21], step: [496/1543], batch loss: 0.17976, batch accuracy: 87.21, data load time: 0.20766, step time: 0.03943
epoch: [21], step: [596/1543], batch loss: 0.16326, batch accuracy: 90.46, data load time: 0.19048, step time: 0.03861
epoch: [21], step: [696/1543], batch loss: 0.13419, batch accuracy: 85.92, data load time: 0.20060, step time: 0.03650
epoch: [21], step: [796/1543], batch loss: 0.15632, batch accuracy: 86.15, data load time: 0.21017, step time: 0.03663
epoch: [21], step: [896/1543], batch loss: 0.21250, batch accuracy: 90.02, data load time: 0.18136, step time: 0.04074
epoch: [21], step: [996/1543], batch loss: 0.15290, batch accuracy: 88.23, data load time: 0.25284, step time: 0.03719
epoch: [21], step: [1096/1543], batch loss: 0.14873, batch accuracy: 81.33, data load time: 0.21845, step time: 0.03561
epoch: [21], step: [1196/1543], batch loss: 0.15305, batch accuracy: 89.76, data load time: 0.18723, step time: 0.03508
epoch: [21], step: [1296/1543], batch loss: 0.12648, batch accuracy: 87.60, data load time: 0.17077, step time: 0.03121
epoch: [21], step: [1396/1543], batch loss: 0.18171, batch accuracy: 86.32, data load time: 0.21806, step time: 0.03734
epoch: [21], step: [1496/1543], batch loss: 0.14831, batch accuracy: 87.75, data load time: 0.22881, step time: 0.03574
epoch: [22], step: [53/1543], batch loss: 0.17903, batch accuracy: 86.58, data load time: 0.15264, step time: 0.03585
epoch: [22], step: [153/1543], batch loss: 0.20447, batch accuracy: 89.78, data load time: 0.21342, step time: 0.04390
epoch: [22], step: [253/1543], batch loss: 0.11754, batch accuracy: 93.61, data load time: 0.19354, step time: 0.03434
epoch: [22], step: [353/1543], batch loss: 0.13462, batch accuracy: 89.86, data load time: 0.10990, step time: 0.03180
epoch: [22], step: [453/1543], batch loss: 0.12350, batch accuracy: 93.25, data load time: 0.09649, step time: 0.03586
epoch: [22], step: [553/1543], batch loss: 0.20302, batch accuracy: 75.75, data load time: 0.14670, step time: 0.03589
epoch: [22], step: [653/1543], batch loss: 0.15912, batch accuracy: 86.68, data load time: 0.20078, step time: 0.03818
epoch: [22], step: [753/1543], batch loss: 0.18416, batch accuracy: 84.42, data load time: 0.17139, step time: 0.04205
epoch: [22], step: [853/1543], batch loss: 0.14126, batch accuracy: 92.58, data load time: 0.20065, step time: 0.04165
epoch: [22], step: [953/1543], batch loss: 0.16525, batch accuracy: 84.92, data load time: 0.20665, step time: 0.03556
epoch: [22], step: [1053/1543], batch loss: 0.14646, batch accuracy: 87.81, data load time: 0.12371, step time: 0.03364
epoch: [22], step: [1153/1543], batch loss: 0.17085, batch accuracy: 91.22, data load time: 0.20627, step time: 0.03938
epoch: [22], step: [1253/1543], batch loss: 0.13856, batch accuracy: 93.17, data load time: 0.22751, step time: 0.03648
epoch: [22], step: [1353/1543], batch loss: 0.17935, batch accuracy: 83.78, data load time: 0.20420, step time: 0.03993
epoch: [22], step: [1453/1543], batch loss: 0.13795, batch accuracy: 90.54, data load time: 0.22763, step time: 0.03650
epoch: [23], step: [10/1543], batch loss: 0.15765, batch accuracy: 89.49, data load time: 0.21580, step time: 0.04658
epoch: [23], step: [110/1543], batch loss: 0.12959, batch accuracy: 82.53, data load time: 0.13504, step time: 0.03361
epoch: [23], step: [210/1543], batch loss: 0.12868, batch accuracy: 85.95, data load time: 0.11212, step time: 0.03356
epoch: [23], step: [310/1543], batch loss: 0.16812, batch accuracy: 90.06, data load time: 0.15364, step time: 0.03869
epoch: [23], step: [410/1543], batch loss: 0.10834, batch accuracy: 94.77, data load time: 0.09278, step time: 0.03215
epoch: [23], step: [510/1543], batch loss: 0.17399, batch accuracy: 91.07, data load time: 0.09560, step time: 0.04142
epoch: [23], step: [610/1543], batch loss: 0.16739, batch accuracy: 83.75, data load time: 0.23382, step time: 0.03511
epoch: [23], step: [710/1543], batch loss: 0.16913, batch accuracy: 83.10, data load time: 0.19211, step time: 0.03287
epoch: [23], step: [810/1543], batch loss: 0.18338, batch accuracy: 85.80, data load time: 0.16638, step time: 0.03938
epoch: [23], step: [910/1543], batch loss: 0.13650, batch accuracy: 92.03, data load time: 0.21863, step time: 0.03648
epoch: [23], step: [1010/1543], batch loss: 0.16856, batch accuracy: 74.55, data load time: 0.26462, step time: 0.03646
epoch: [23], step: [1110/1543], batch loss: 0.14455, batch accuracy: 90.55, data load time: 0.29606, step time: 0.03581
epoch: [23], step: [1210/1543], batch loss: 0.16105, batch accuracy: 82.83, data load time: 0.23719, step time: 0.03437
epoch: [23], step: [1310/1543], batch loss: 0.19364, batch accuracy: 83.14, data load time: 0.30694, step time: 0.03866
epoch: [23], step: [1410/1543], batch loss: 0.15540, batch accuracy: 83.92, data load time: 0.23555, step time: 0.03415
epoch: [23], step: [1510/1543], batch loss: 0.16000, batch accuracy: 85.07, data load time: 0.30125, step time: 0.03565
epoch: [24], step: [67/1543], batch loss: 0.14453, batch accuracy: 89.24, data load time: 0.11797, step time: 0.03147
epoch: [24], step: [167/1543], batch loss: 0.17629, batch accuracy: 86.83, data load time: 0.06342, step time: 0.03893
epoch: [24], step: [267/1543], batch loss: 0.13548, batch accuracy: 83.82, data load time: 0.19083, step time: 0.03372
epoch: [24], step: [367/1543], batch loss: 0.15008, batch accuracy: 90.27, data load time: 0.06744, step time: 0.03385
epoch: [24], step: [467/1543], batch loss: 0.17298, batch accuracy: 88.16, data load time: 0.10001, step time: 0.03636
epoch: [24], step: [567/1543], batch loss: 0.14317, batch accuracy: 92.42, data load time: 0.20200, step time: 0.03788
epoch: [24], step: [667/1543], batch loss: 0.17966, batch accuracy: 85.39, data load time: 0.15750, step time: 0.04044
epoch: [24], step: [767/1543], batch loss: 0.10826, batch accuracy: 96.57, data load time: 0.18720, step time: 0.03432
epoch: [24], step: [867/1543], batch loss: 0.12273, batch accuracy: 84.53, data load time: 0.26628, step time: 0.03432
epoch: [24], step: [967/1543], batch loss: 0.15702, batch accuracy: 84.58, data load time: 0.20605, step time: 0.03497
epoch: [24], step: [1067/1543], batch loss: 0.19994, batch accuracy: 80.35, data load time: 0.27584, step time: 0.03797
epoch: [24], step: [1167/1543], batch loss: 0.14973, batch accuracy: 85.89, data load time: 0.21891, step time: 0.03806
epoch: [24], step: [1267/1543], batch loss: 0.20391, batch accuracy: 90.05, data load time: 0.27927, step time: 0.04146
epoch: [24], step: [1367/1543], batch loss: 0.19775, batch accuracy: 83.28, data load time: 0.28141, step time: 0.04216
epoch: [24], step: [1467/1543], batch loss: 0.13372, batch accuracy: 80.28, data load time: 0.24340, step time: 0.03365
EVALUATION METRICS:
-------------------------------------------------------------

Validation: AUC Score: 0.8471

-------------------------------------------------------------
validation loss: 0.15651, accuracy: 84.71
epoch: [25], step: [24/1543], batch loss: 0.13690, batch accuracy: 86.98, data load time: 0.08774, step time: 0.03642
epoch: [25], step: [124/1543], batch loss: 0.14930, batch accuracy: 86.09, data load time: 0.09959, step time: 0.03557
epoch: [25], step: [224/1543], batch loss: 0.21819, batch accuracy: 75.18, data load time: 0.13114, step time: 0.03985
epoch: [25], step: [324/1543], batch loss: 0.14798, batch accuracy: 82.97, data load time: 0.16483, step time: 0.03355
epoch: [25], step: [424/1543], batch loss: 0.13827, batch accuracy: 90.80, data load time: 0.16500, step time: 0.03726
epoch: [25], step: [524/1543], batch loss: 0.12955, batch accuracy: 94.27, data load time: 0.22622, step time: 0.03569
epoch: [25], step: [624/1543], batch loss: 0.14170, batch accuracy: 90.81, data load time: 0.19337, step time: 0.03636
epoch: [25], step: [724/1543], batch loss: 0.24851, batch accuracy: 81.91, data load time: 0.23121, step time: 0.03710
epoch: [25], step: [824/1543], batch loss: 0.14333, batch accuracy: 86.26, data load time: 0.26776, step time: 0.03564
epoch: [25], step: [924/1543], batch loss: 0.14442, batch accuracy: 87.63, data load time: 0.20804, step time: 0.03492
epoch: [25], step: [1024/1543], batch loss: 0.15342, batch accuracy: 84.49, data load time: 0.21923, step time: 0.03787
epoch: [25], step: [1124/1543], batch loss: 0.15545, batch accuracy: 91.62, data load time: 0.21331, step time: 0.04142
epoch: [25], step: [1224/1543], batch loss: 0.17666, batch accuracy: 83.85, data load time: 0.23227, step time: 0.03794
epoch: [25], step: [1324/1543], batch loss: 0.14306, batch accuracy: 83.68, data load time: 0.27733, step time: 0.03137
epoch: [25], step: [1424/1543], batch loss: 0.14072, batch accuracy: 89.59, data load time: 0.25980, step time: 0.03561
epoch: [25], step: [1524/1543], batch loss: 0.15867, batch accuracy: 86.56, data load time: 0.28297, step time: 0.03699
epoch: [26], step: [81/1543], batch loss: 0.17445, batch accuracy: 87.19, data load time: 0.07698, step time: 0.03766
epoch: [26], step: [181/1543], batch loss: 0.16155, batch accuracy: 89.66, data load time: 0.17143, step time: 0.03832
epoch: [26], step: [281/1543], batch loss: 0.14734, batch accuracy: 85.43, data load time: 0.24525, step time: 0.03497
epoch: [26], step: [381/1543], batch loss: 0.16360, batch accuracy: 85.83, data load time: 0.11318, step time: 0.03909
epoch: [26], step: [481/1543], batch loss: 0.12680, batch accuracy: 83.12, data load time: 0.19921, step time: 0.03463
epoch: [26], step: [581/1543], batch loss: 0.14778, batch accuracy: 89.73, data load time: 0.14947, step time: 0.03755
epoch: [26], step: [681/1543], batch loss: 0.17891, batch accuracy: 90.94, data load time: 0.20365, step time: 0.03919
epoch: [26], step: [781/1543], batch loss: 0.15839, batch accuracy: 93.25, data load time: 0.15686, step time: 0.03849
epoch: [26], step: [881/1543], batch loss: 0.16931, batch accuracy: 86.39, data load time: 0.21788, step time: 0.03853
epoch: [26], step: [981/1543], batch loss: 0.16829, batch accuracy: 87.88, data load time: 0.20915, step time: 0.03565
epoch: [26], step: [1081/1543], batch loss: 0.15492, batch accuracy: 82.89, data load time: 0.25304, step time: 0.03532
epoch: [26], step: [1181/1543], batch loss: 0.17242, batch accuracy: 82.00, data load time: 0.21259, step time: 0.03575
epoch: [26], step: [1281/1543], batch loss: 0.17059, batch accuracy: 87.45, data load time: 0.28333, step time: 0.03995
epoch: [26], step: [1381/1543], batch loss: 0.17561, batch accuracy: 85.36, data load time: 0.23894, step time: 0.03554
epoch: [26], step: [1481/1543], batch loss: 0.13090, batch accuracy: 83.68, data load time: 0.22698, step time: 0.03464
epoch: [27], step: [38/1543], batch loss: 0.21335, batch accuracy: 79.32, data load time: 0.14875, step time: 0.03946
epoch: [27], step: [138/1543], batch loss: 0.14591, batch accuracy: 88.83, data load time: 0.13317, step time: 0.03866
epoch: [27], step: [238/1543], batch loss: 0.14300, batch accuracy: 89.27, data load time: 0.11708, step time: 0.03361
epoch: [27], step: [338/1543], batch loss: 0.14961, batch accuracy: 89.31, data load time: 0.12553, step time: 0.04077
epoch: [27], step: [438/1543], batch loss: 0.12979, batch accuracy: 87.43, data load time: 0.23592, step time: 0.03495
epoch: [27], step: [538/1543], batch loss: 0.11529, batch accuracy: 89.09, data load time: 0.13779, step time: 0.03411
epoch: [27], step: [638/1543], batch loss: 0.15311, batch accuracy: 89.16, data load time: 0.22921, step time: 0.03697
epoch: [27], step: [738/1543], batch loss: 0.12621, batch accuracy: 91.63, data load time: 0.21432, step time: 0.03423
epoch: [27], step: [838/1543], batch loss: 0.13628, batch accuracy: 88.85, data load time: 0.20649, step time: 0.03423
epoch: [27], step: [938/1543], batch loss: 0.15807, batch accuracy: 81.10, data load time: 0.21852, step time: 0.03277
epoch: [27], step: [1038/1543], batch loss: 0.14365, batch accuracy: 91.86, data load time: 0.23036, step time: 0.03660
epoch: [27], step: [1138/1543], batch loss: 0.15815, batch accuracy: 85.47, data load time: 0.25149, step time: 0.03691
epoch: [27], step: [1238/1543], batch loss: 0.16714, batch accuracy: 88.76, data load time: 0.21457, step time: 0.04197
epoch: [27], step: [1338/1543], batch loss: 0.20512, batch accuracy: 86.85, data load time: 0.17614, step time: 0.03780
epoch: [27], step: [1438/1543], batch loss: 0.11638, batch accuracy: 89.21, data load time: 0.22246, step time: 0.03434
epoch: [27], step: [1538/1543], batch loss: 0.15658, batch accuracy: 87.95, data load time: 0.26772, step time: 0.03550
epoch: [28], step: [95/1543], batch loss: 0.17428, batch accuracy: 86.36, data load time: 0.10776, step time: 0.03641
epoch: [28], step: [195/1543], batch loss: 0.13667, batch accuracy: 90.91, data load time: 0.11758, step time: 0.03654
epoch: [28], step: [295/1543], batch loss: 0.16051, batch accuracy: 88.70, data load time: 0.15051, step time: 0.03941
epoch: [28], step: [395/1543], batch loss: 0.15653, batch accuracy: 89.86, data load time: 0.18386, step time: 0.03657
epoch: [28], step: [495/1543], batch loss: 0.17962, batch accuracy: 82.46, data load time: 0.17842, step time: 0.03726
epoch: [28], step: [595/1543], batch loss: 0.13532, batch accuracy: 95.07, data load time: 0.24494, step time: 0.03888
epoch: [28], step: [695/1543], batch loss: 0.14925, batch accuracy: 87.53, data load time: 0.17569, step time: 0.03753
epoch: [28], step: [795/1543], batch loss: 0.15567, batch accuracy: 78.42, data load time: 0.28676, step time: 0.03588
epoch: [28], step: [895/1543], batch loss: 0.14850, batch accuracy: 84.42, data load time: 0.28539, step time: 0.03593
epoch: [28], step: [995/1543], batch loss: 0.18357, batch accuracy: 75.75, data load time: 0.19922, step time: 0.03732
epoch: [28], step: [1095/1543], batch loss: 0.15293, batch accuracy: 80.29, data load time: 0.38271, step time: 0.03505
epoch: [28], step: [1195/1543], batch loss: 0.15541, batch accuracy: 72.29, data load time: 0.26484, step time: 0.03646
epoch: [28], step: [1295/1543], batch loss: 0.14548, batch accuracy: 87.38, data load time: 0.24525, step time: 0.03717
epoch: [28], step: [1395/1543], batch loss: 0.15555, batch accuracy: 91.68, data load time: 0.21130, step time: 0.03940
epoch: [28], step: [1495/1543], batch loss: 0.12154, batch accuracy: 94.18, data load time: 0.25880, step time: 0.03440
Epoch 00029: reducing learning rate of group 0 to 2.5000e-05.
